<?xml version="1.0" encoding="UTF-8"?>
<OmniDataTransform xmlns="http://soap.sforce.com/2006/04/metadata">
    <active>false</active>
    <assignmentRulesUsed>false</assignmentRulesUsed>
    <deletedOnSuccess>false</deletedOnSuccess>
    <errorIgnored>false</errorIgnored>
    <fieldLevelSecurityEnabled>false</fieldLevelSecurityEnabled>
    <inputType>JSON</inputType>
    <name>AmendFrameContractExtractOrder</name>
    <nullInputsIncludedInOutput>false</nullInputsIncludedInOutput>
    <omniDataTransformItem>
        <disabled>false</disabled>
        <filterGroup>0.0</filterGroup>
        <globalKey>AmendFrameContractExtractOrderCustoma0Nf4000004AIprEAGItem6</globalKey>
        <inputFieldName>Contract:vlocity_cmt__OrderId__c</inputFieldName>
        <inputObjectQuerySequence>0.0</inputObjectQuerySequence>
        <linkedObjectSequence>0.0</linkedObjectSequence>
        <name>AmendFrameContractExtractOrder</name>
        <outputCreationSequence>1.0</outputCreationSequence>
        <outputFieldName>Contract:OrderId</outputFieldName>
        <outputObjectName>json</outputObjectName>
        <requiredForUpsert>false</requiredForUpsert>
        <upsertKey>false</upsertKey>
    </omniDataTransformItem>
    <omniDataTransformItem>
        <disabled>false</disabled>
        <filterGroup>0.0</filterGroup>
        <globalKey>AmendFrameContractExtractOrderCustoma0Nf4000004AIprEAGItem4</globalKey>
        <inputFieldName>Contract:AccountId</inputFieldName>
        <inputObjectQuerySequence>0.0</inputObjectQuerySequence>
        <linkedObjectSequence>0.0</linkedObjectSequence>
        <name>AmendFrameContractExtractOrder</name>
        <outputCreationSequence>1.0</outputCreationSequence>
        <outputFieldName>Contract:AccountId</outputFieldName>
        <outputObjectName>json</outputObjectName>
        <requiredForUpsert>false</requiredForUpsert>
        <upsertKey>false</upsertKey>
    </omniDataTransformItem>
    <omniDataTransformItem>
        <disabled>false</disabled>
        <filterGroup>0.0</filterGroup>
        <globalKey>AmendFrameContractExtractOrderCustoma0Nf4000004AIprEAGItem5</globalKey>
        <inputFieldName>Contract:vlocity_cmt__IsFrameContract__c</inputFieldName>
        <inputObjectQuerySequence>0.0</inputObjectQuerySequence>
        <linkedObjectSequence>0.0</linkedObjectSequence>
        <name>AmendFrameContractExtractOrder</name>
        <outputCreationSequence>1.0</outputCreationSequence>
        <outputFieldName>Contract:isFrameContract__c</outputFieldName>
        <outputObjectName>json</outputObjectName>
        <requiredForUpsert>false</requiredForUpsert>
        <upsertKey>false</upsertKey>
    </omniDataTransformItem>
    <omniDataTransformItem>
        <disabled>false</disabled>
        <filterGroup>0.0</filterGroup>
        <filterOperator>=</filterOperator>
        <filterValue>Contract:vlocity_cmt__OrderId__c</filterValue>
        <globalKey>AmendFrameContractExtractOrderCustom4235</globalKey>
        <inputFieldName>Id</inputFieldName>
        <inputObjectName>Order</inputObjectName>
        <inputObjectQuerySequence>2.0</inputObjectQuerySequence>
        <linkedObjectSequence>0.0</linkedObjectSequence>
        <name>AmendFrameContractExtractOrder</name>
        <outputCreationSequence>0.0</outputCreationSequence>
        <outputFieldName>Contract:Order</outputFieldName>
        <outputObjectName>json</outputObjectName>
        <requiredForUpsert>false</requiredForUpsert>
        <upsertKey>false</upsertKey>
    </omniDataTransformItem>
    <omniDataTransformItem>
        <disabled>false</disabled>
        <filterGroup>0.0</filterGroup>
        <globalKey>AmendFrameContractExtractOrderCustoma0Nf4000004AIprEAGItem8</globalKey>
        <inputFieldName>Contract:Name</inputFieldName>
        <inputObjectQuerySequence>0.0</inputObjectQuerySequence>
        <linkedObjectSequence>0.0</linkedObjectSequence>
        <name>AmendFrameContractExtractOrder</name>
        <outputCreationSequence>1.0</outputCreationSequence>
        <outputFieldName>Contract:Name</outputFieldName>
        <outputObjectName>json</outputObjectName>
        <requiredForUpsert>false</requiredForUpsert>
        <upsertKey>false</upsertKey>
    </omniDataTransformItem>
    <omniDataTransformItem>
        <disabled>false</disabled>
        <filterGroup>0.0</filterGroup>
        <globalKey>AmendFrameContractExtractOrderCustom8384</globalKey>
        <inputFieldName>Contract:Order:Name</inputFieldName>
        <inputObjectQuerySequence>0.0</inputObjectQuerySequence>
        <linkedObjectSequence>0.0</linkedObjectSequence>
        <name>AmendFrameContractExtractOrder</name>
        <outputCreationSequence>1.0</outputCreationSequence>
        <outputFieldName>Contract:Order:Name</outputFieldName>
        <outputObjectName>json</outputObjectName>
        <requiredForUpsert>false</requiredForUpsert>
        <upsertKey>false</upsertKey>
    </omniDataTransformItem>
    <omniDataTransformItem>
        <disabled>false</disabled>
        <filterGroup>0.0</filterGroup>
        <filterOperator>=</filterOperator>
        <filterValue>Id</filterValue>
        <globalKey>AmendFrameContractExtractOrderCustoma0Nf4000004AIprEAGItem1</globalKey>
        <inputFieldName>Id</inputFieldName>
        <inputObjectName>Contract</inputObjectName>
        <inputObjectQuerySequence>1.0</inputObjectQuerySequence>
        <linkedObjectSequence>0.0</linkedObjectSequence>
        <name>AmendFrameContractExtractOrder</name>
        <outputCreationSequence>0.0</outputCreationSequence>
        <outputFieldName>Contract</outputFieldName>
        <outputObjectName>json</outputObjectName>
        <requiredForUpsert>false</requiredForUpsert>
        <upsertKey>false</upsertKey>
    </omniDataTransformItem>
    <omniDataTransformItem>
        <disabled>false</disabled>
        <filterGroup>0.0</filterGroup>
        <filterOperator>=</filterOperator>
        <filterValue>&apos;Activated&apos;</filterValue>
        <globalKey>AmendFrameContractExtractOrderCustoma0Nf4000004AIprEAGItem3</globalKey>
        <inputFieldName>Status</inputFieldName>
        <inputObjectName>Contract</inputObjectName>
        <inputObjectQuerySequence>1.0</inputObjectQuerySequence>
        <linkedObjectSequence>0.0</linkedObjectSequence>
        <name>AmendFrameContractExtractOrder</name>
        <outputCreationSequence>0.0</outputCreationSequence>
        <outputFieldName>Contract</outputFieldName>
        <outputObjectName>json</outputObjectName>
        <requiredForUpsert>false</requiredForUpsert>
        <upsertKey>false</upsertKey>
    </omniDataTransformItem>
    <omniDataTransformItem>
        <disabled>false</disabled>
        <filterGroup>0.0</filterGroup>
        <globalKey>AmendFrameContractExtractOrderCustoma0Nf4000004AIprEAGItem7</globalKey>
        <inputFieldName>Contract:Id</inputFieldName>
        <inputObjectQuerySequence>0.0</inputObjectQuerySequence>
        <linkedObjectSequence>0.0</linkedObjectSequence>
        <name>AmendFrameContractExtractOrder</name>
        <outputCreationSequence>1.0</outputCreationSequence>
        <outputFieldName>Contract:FrameContractId</outputFieldName>
        <outputObjectName>json</outputObjectName>
        <requiredForUpsert>false</requiredForUpsert>
        <upsertKey>false</upsertKey>
    </omniDataTransformItem>
    <omniDataTransformItem>
        <disabled>false</disabled>
        <filterGroup>0.0</filterGroup>
        <filterOperator>=</filterOperator>
        <filterValue>&apos;true&apos;</filterValue>
        <globalKey>AmendFrameContractExtractOrderCustoma0Nf4000004AIprEAGItem0</globalKey>
        <inputFieldName>vlocity_cmt__IsFrameContract__c</inputFieldName>
        <inputObjectName>Contract</inputObjectName>
        <inputObjectQuerySequence>1.0</inputObjectQuerySequence>
        <linkedObjectSequence>0.0</linkedObjectSequence>
        <name>AmendFrameContractExtractOrder</name>
        <outputCreationSequence>0.0</outputCreationSequence>
        <outputFieldName>Contract</outputFieldName>
        <outputObjectName>json</outputObjectName>
        <requiredForUpsert>false</requiredForUpsert>
        <upsertKey>false</upsertKey>
    </omniDataTransformItem>
    <outputType>JSON</outputType>
    <previewJsonData>{
  &quot;Id&quot; : &quot;800f4000000wNfrAAE&quot;
}</previewJsonData>
    <processSuperBulk>false</processSuperBulk>
    <responseCacheTtlMinutes>0.0</responseCacheTtlMinutes>
    <rollbackOnError>false</rollbackOnError>
    <sourceObject>json</sourceObject>
    <sourceObjectDefault>false</sourceObjectDefault>
    <synchronousProcessThreshold>-1.0</synchronousProcessThreshold>
    <type>Extract</type>
    <uniqueName>AmendFrameContractExtractOrder_1</uniqueName>
    <versionNumber>1.0</versionNumber>
    <xmlDeclarationRemoved>false</xmlDeclarationRemoved>
</OmniDataTransform>
