<?xml version="1.0" encoding="UTF-8"?>
<OmniDataTransform xmlns="http://soap.sforce.com/2006/04/metadata">
    <active>false</active>
    <assignmentRulesUsed>false</assignmentRulesUsed>
    <deletedOnSuccess>false</deletedOnSuccess>
    <errorIgnored>false</errorIgnored>
    <expectedInputJson>{
  &quot;Contract&quot; : {
    &quot;Quote&quot; : {
      &quot;Name&quot; : &quot;NewQuote3&quot;,
      &quot;OptyId&quot; : &quot;006f400000DGGxcAAH&quot;,
      &quot;Id&quot; : &quot;0Q0f4000000uj16CAA&quot;
    },
    &quot;isFrameContract__c&quot; : true,
    &quot;FrameContractId&quot; : &quot;800f4000000wMQWAA2&quot;,
    &quot;Name&quot; : &quot;NewQuote3&quot;,
    &quot;AccountId&quot; : &quot;001f400000R8I3eAAF&quot;
  }
}</expectedInputJson>
    <fieldLevelSecurityEnabled>false</fieldLevelSecurityEnabled>
    <inputType>JSON</inputType>
    <name>AmendFrameContractCreateQuote</name>
    <nullInputsIncludedInOutput>false</nullInputsIncludedInOutput>
    <omniDataTransformItem>
        <disabled>false</disabled>
        <filterGroup>0.0</filterGroup>
        <globalKey>AmendFrameContractCreateQuoteCustom409</globalKey>
        <inputFieldName>Contract:Quote:Name</inputFieldName>
        <inputObjectQuerySequence>0.0</inputObjectQuerySequence>
        <linkedObjectSequence>0.0</linkedObjectSequence>
        <name>AmendFrameContractCreateQuote</name>
        <outputCreationSequence>1.0</outputCreationSequence>
        <outputFieldName>Name</outputFieldName>
        <outputObjectName>Quote</outputObjectName>
        <requiredForUpsert>false</requiredForUpsert>
        <upsertKey>false</upsertKey>
    </omniDataTransformItem>
    <omniDataTransformItem>
        <disabled>false</disabled>
        <filterGroup>0.0</filterGroup>
        <globalKey>AmendFrameContractCreateQuoteCustom9772</globalKey>
        <inputFieldName>Contract:Quote:OptyId</inputFieldName>
        <inputObjectQuerySequence>0.0</inputObjectQuerySequence>
        <linkedObjectSequence>0.0</linkedObjectSequence>
        <name>AmendFrameContractCreateQuote</name>
        <outputCreationSequence>1.0</outputCreationSequence>
        <outputFieldName>OpportunityId</outputFieldName>
        <outputObjectName>Quote</outputObjectName>
        <requiredForUpsert>false</requiredForUpsert>
        <upsertKey>false</upsertKey>
    </omniDataTransformItem>
    <omniDataTransformItem>
        <disabled>false</disabled>
        <filterGroup>0.0</filterGroup>
        <globalKey>AmendFrameContractCreateQuoteCustom8695</globalKey>
        <inputFieldName>Contract:FrameContractId</inputFieldName>
        <inputObjectQuerySequence>0.0</inputObjectQuerySequence>
        <linkedObjectSequence>0.0</linkedObjectSequence>
        <name>AmendFrameContractCreateQuote</name>
        <outputCreationSequence>1.0</outputCreationSequence>
        <outputFieldName>vlocity_cmt__RenewalSourceContractId__c</outputFieldName>
        <outputObjectName>Quote</outputObjectName>
        <requiredForUpsert>false</requiredForUpsert>
        <upsertKey>false</upsertKey>
    </omniDataTransformItem>
    <omniDataTransformItem>
        <disabled>false</disabled>
        <filterGroup>0.0</filterGroup>
        <globalKey>AmendFrameContractCreateQuoteCustom9262</globalKey>
        <inputFieldName>Contract:AccountId</inputFieldName>
        <inputObjectQuerySequence>0.0</inputObjectQuerySequence>
        <linkedObjectSequence>0.0</linkedObjectSequence>
        <name>AmendFrameContractCreateQuote</name>
        <outputCreationSequence>1.0</outputCreationSequence>
        <outputFieldName>AccountId</outputFieldName>
        <outputObjectName>Quote</outputObjectName>
        <requiredForUpsert>false</requiredForUpsert>
        <upsertKey>false</upsertKey>
    </omniDataTransformItem>
    <omniDataTransformItem>
        <disabled>true</disabled>
        <filterGroup>0.0</filterGroup>
        <filterOperator>=</filterOperator>
        <globalKey>Amend Frame Contract - Create QuoteCustom1582</globalKey>
        <inputObjectQuerySequence>0.0</inputObjectQuerySequence>
        <linkedObjectSequence>0.0</linkedObjectSequence>
        <migrationValue>FAKEMAPPING</migrationValue>
        <name>AmendFrameContractCreateQuote</name>
        <outputCreationSequence>1.0</outputCreationSequence>
        <outputFieldName>Id</outputFieldName>
        <outputObjectName>Quote</outputObjectName>
        <requiredForUpsert>false</requiredForUpsert>
        <upsertKey>false</upsertKey>
    </omniDataTransformItem>
    <outputType>SObject</outputType>
    <previewJsonData>{
  &quot;Contract&quot; : {
    &quot;Quote&quot; : {
      &quot;Name&quot; : &quot;NewQuote3&quot;,
      &quot;OptyId&quot; : &quot;006f400000DGGxcAAH&quot;,
      &quot;Id&quot; : &quot;0Q0f4000000uj16CAA&quot;
    },
    &quot;isFrameContract__c&quot; : true,
    &quot;FrameContractId&quot; : &quot;800f4000000wMQWAA2&quot;,
    &quot;Name&quot; : &quot;NewQuote3&quot;,
    &quot;AccountId&quot; : &quot;001f400000R8I3eAAF&quot;
  }
}</previewJsonData>
    <processSuperBulk>false</processSuperBulk>
    <responseCacheTtlMinutes>0.0</responseCacheTtlMinutes>
    <rollbackOnError>false</rollbackOnError>
    <sourceObject>json</sourceObject>
    <sourceObjectDefault>false</sourceObjectDefault>
    <synchronousProcessThreshold>-1.0</synchronousProcessThreshold>
    <type>Load</type>
    <uniqueName>AmendFrameContractCreateQuote_1</uniqueName>
    <versionNumber>1.0</versionNumber>
    <xmlDeclarationRemoved>false</xmlDeclarationRemoved>
</OmniDataTransform>
