<?xml version="1.0" encoding="UTF-8"?>
<OmniDataTransform xmlns="http://soap.sforce.com/2006/04/metadata">
    <active>false</active>
    <assignmentRulesUsed>false</assignmentRulesUsed>
    <deletedOnSuccess>false</deletedOnSuccess>
    <errorIgnored>false</errorIgnored>
    <expectedInputJson>{
  &quot;GroupDetailsRaw&quot; : [ {
    &quot;vlocity_cmt__AsyncJobId__c&quot; : {
      &quot;actions&quot; : { },
      &quot;alternateValues&quot; : null,
      &quot;dataType&quot; : null,
      &quot;editable&quot; : null,
      &quot;fieldName&quot; : null,
      &quot;hidden&quot; : null,
      &quot;label&quot; : null,
      &quot;messages&quot; : [ ],
      &quot;originalValue&quot; : null,
      &quot;previousValue&quot; : null,
      &quot;value&quot; : null
    },
    &quot;vlocity_cmt__AsyncOperation__c&quot; : {
      &quot;actions&quot; : { },
      &quot;alternateValues&quot; : null,
      &quot;dataType&quot; : null,
      &quot;editable&quot; : null,
      &quot;fieldName&quot; : null,
      &quot;hidden&quot; : null,
      &quot;label&quot; : null,
      &quot;messages&quot; : [ ],
      &quot;originalValue&quot; : null,
      &quot;previousValue&quot; : null,
      &quot;value&quot; : null
    },
    &quot;vlocity_cmt__Description__c&quot; : {
      &quot;actions&quot; : { },
      &quot;alternateValues&quot; : null,
      &quot;dataType&quot; : null,
      &quot;editable&quot; : null,
      &quot;fieldName&quot; : null,
      &quot;hidden&quot; : null,
      &quot;label&quot; : null,
      &quot;messages&quot; : [ ],
      &quot;originalValue&quot; : null,
      &quot;previousValue&quot; : null,
      &quot;value&quot; : &quot;01t4x000000wlJoAAI&quot;
    },
    &quot;vlocity_cmt__GroupCartId__c&quot; : {
      &quot;actions&quot; : { },
      &quot;alternateValues&quot; : null,
      &quot;dataType&quot; : null,
      &quot;editable&quot; : null,
      &quot;fieldName&quot; : null,
      &quot;hidden&quot; : null,
      &quot;label&quot; : null,
      &quot;messages&quot; : [ ],
      &quot;originalValue&quot; : null,
      &quot;previousValue&quot; : null,
      &quot;value&quot; : &quot;8014x000000lQvFAAU&quot;
    },
    &quot;vlocity_cmt__GroupCartId__r&quot; : {
      &quot;vlocity_cmt__DefaultPremisesId__c&quot; : null,
      &quot;vlocity_cmt__DefaultServiceAccountId__c&quot; : &quot;0014x00000EQV7GAAX&quot;,
      &quot;vlocity_cmt__DefaultServicePointId__c&quot; : null,
      &quot;vlocity_cmt__IsPriced__c&quot; : false,
      &quot;vlocity_cmt__IsValidated__c&quot; : false,
      &quot;vlocity_cmt__MultiServiceMessageData__c&quot; : null,
      &quot;vlocity_cmt__TrackingNumber__c&quot; : null
    },
    &quot;vlocity_cmt__HasUnappliedGroupItems__c&quot; : {
      &quot;actions&quot; : { },
      &quot;alternateValues&quot; : null,
      &quot;dataType&quot; : null,
      &quot;editable&quot; : null,
      &quot;fieldName&quot; : null,
      &quot;hidden&quot; : null,
      &quot;label&quot; : null,
      &quot;messages&quot; : [ ],
      &quot;originalValue&quot; : null,
      &quot;previousValue&quot; : null,
      &quot;value&quot; : true
    },
    &quot;vlocity_cmt__HasUnappliedMembers__c&quot; : {
      &quot;actions&quot; : { },
      &quot;alternateValues&quot; : null,
      &quot;dataType&quot; : null,
      &quot;editable&quot; : null,
      &quot;fieldName&quot; : null,
      &quot;hidden&quot; : null,
      &quot;label&quot; : null,
      &quot;messages&quot; : [ ],
      &quot;originalValue&quot; : null,
      &quot;previousValue&quot; : null,
      &quot;value&quot; : false
    },
    &quot;vlocity_cmt__LockedBy__c&quot; : {
      &quot;actions&quot; : { },
      &quot;alternateValues&quot; : null,
      &quot;dataType&quot; : null,
      &quot;editable&quot; : null,
      &quot;fieldName&quot; : null,
      &quot;hidden&quot; : null,
      &quot;label&quot; : null,
      &quot;messages&quot; : [ ],
      &quot;originalValue&quot; : null,
      &quot;previousValue&quot; : null,
      &quot;value&quot; : null
    },
    &quot;vlocity_cmt__LockedFor__c&quot; : {
      &quot;actions&quot; : { },
      &quot;alternateValues&quot; : null,
      &quot;dataType&quot; : null,
      &quot;editable&quot; : null,
      &quot;fieldName&quot; : null,
      &quot;hidden&quot; : null,
      &quot;label&quot; : null,
      &quot;messages&quot; : [ ],
      &quot;originalValue&quot; : null,
      &quot;previousValue&quot; : null,
      &quot;value&quot; : null
    },
    &quot;vlocity_cmt__MemberCount__c&quot; : {
      &quot;actions&quot; : { },
      &quot;alternateValues&quot; : null,
      &quot;dataType&quot; : null,
      &quot;editable&quot; : null,
      &quot;fieldName&quot; : null,
      &quot;hidden&quot; : null,
      &quot;label&quot; : null,
      &quot;messages&quot; : [ ],
      &quot;originalValue&quot; : null,
      &quot;previousValue&quot; : null,
      &quot;value&quot; : 0
    },
    &quot;vlocity_cmt__MemberType__c&quot; : {
      &quot;actions&quot; : { },
      &quot;alternateValues&quot; : null,
      &quot;dataType&quot; : null,
      &quot;editable&quot; : null,
      &quot;fieldName&quot; : null,
      &quot;hidden&quot; : null,
      &quot;label&quot; : null,
      &quot;messages&quot; : [ ],
      &quot;originalValue&quot; : null,
      &quot;previousValue&quot; : null,
      &quot;value&quot; : &quot;ServicePoint&quot;
    },
    &quot;vlocity_cmt__MultiServiceMessageData__c&quot; : {
      &quot;actions&quot; : { },
      &quot;alternateValues&quot; : null,
      &quot;dataType&quot; : null,
      &quot;editable&quot; : null,
      &quot;fieldName&quot; : null,
      &quot;hidden&quot; : null,
      &quot;label&quot; : null,
      &quot;messages&quot; : [ ],
      &quot;originalValue&quot; : null,
      &quot;previousValue&quot; : null,
      &quot;value&quot; : null
    },
    &quot;Id&quot; : {
      &quot;actions&quot; : { },
      &quot;alternateValues&quot; : null,
      &quot;dataType&quot; : null,
      &quot;editable&quot; : null,
      &quot;fieldName&quot; : null,
      &quot;hidden&quot; : null,
      &quot;label&quot; : null,
      &quot;messages&quot; : [ ],
      &quot;originalValue&quot; : null,
      &quot;previousValue&quot; : null,
      &quot;value&quot; : &quot;a324x000000nCyVAAU&quot;
    },
    &quot;Name&quot; : {
      &quot;actions&quot; : { },
      &quot;alternateValues&quot; : null,
      &quot;dataType&quot; : null,
      &quot;editable&quot; : null,
      &quot;fieldName&quot; : null,
      &quot;hidden&quot; : null,
      &quot;label&quot; : null,
      &quot;messages&quot; : [ ],
      &quot;originalValue&quot; : null,
      &quot;previousValue&quot; : null,
      &quot;value&quot; : &quot;Pixel 3&quot;
    },
    &quot;actions&quot; : {
      &quot;getGroupMembers&quot; : {
        &quot;client&quot; : {
          &quot;params&quot; : { }
        },
        &quot;remote&quot; : {
          &quot;params&quot; : {
            &quot;contextId&quot; : &quot;8014x000000lQgKAAU&quot;,
            &quot;groupId&quot; : &quot;a324x000000nCyVAAU&quot;,
            &quot;methodName&quot; : &quot;getGroupMembers&quot;,
            &quot;offset&quot; : 0,
            &quot;pageSize&quot; : null,
            &quot;parentId&quot; : null
          }
        },
        &quot;rest&quot; : {
          &quot;link&quot; : null,
          &quot;method&quot; : null,
          &quot;params&quot; : { }
        }
      },
      &quot;getGroupedServices&quot; : {
        &quot;client&quot; : {
          &quot;params&quot; : { }
        },
        &quot;remote&quot; : {
          &quot;params&quot; : {
            &quot;contextId&quot; : &quot;8014x000000lQgKAAU&quot;,
            &quot;groupCartId&quot; : &quot;8014x000000lQvFAAU&quot;,
            &quot;groupId&quot; : &quot;a324x000000nCyVAAU&quot;,
            &quot;methodName&quot; : &quot;getGroupedServices&quot;,
            &quot;offset&quot; : 0,
            &quot;pageSize&quot; : null,
            &quot;parentId&quot; : null
          }
        },
        &quot;rest&quot; : {
          &quot;link&quot; : null,
          &quot;method&quot; : null,
          &quot;params&quot; : { }
        }
      }
    },
    &quot;displaySequence&quot; : -1,
    &quot;groupCart&quot; : {
      &quot;vlocity_cmt__DefaultServiceAccountId__c&quot; : &quot;0014x00000EQV7GAAX&quot;,
      &quot;vlocity_cmt__IsPriced__c&quot; : false,
      &quot;vlocity_cmt__IsValidated__c&quot; : false,
      &quot;Id&quot; : &quot;8014x000000lQvFAAU&quot;,
      &quot;attributes&quot; : {
        &quot;type&quot; : &quot;Order&quot;,
        &quot;url&quot; : &quot;/services/data/v52.0/sobjects/Order/8014x000000lQvFAAU&quot;
      }
    },
    &quot;groupCartId&quot; : &quot;8014x000000lQvFAAU&quot;,
    &quot;groupCartURL&quot; : &quot;apex/vlocity_cmt__MultiServiceHybridCPQ?id=8014x000000lQvFAAU&amp;parentId=null&amp;groupCart=true&amp;groupId=a324x000000nCyVAAU&amp;contextId=8014x000000lQgKAAU&amp;cartType=Order&quot;,
    &quot;groupDescription&quot; : &quot;01t4x000000wlJoAAI&quot;,
    &quot;groupId&quot; : &quot;a324x000000nCyVAAU&quot;,
    &quot;groupName&quot; : &quot;Pixel 3&quot;,
    &quot;hasUnappliedGroupItems&quot; : true,
    &quot;hasUnappliedMembers&quot; : false,
    &quot;itemsCount&quot; : 0,
    &quot;messages&quot; : [ ]
  }, {
    &quot;vlocity_cmt__AsyncJobId__c&quot; : {
      &quot;actions&quot; : { },
      &quot;alternateValues&quot; : null,
      &quot;dataType&quot; : null,
      &quot;editable&quot; : null,
      &quot;fieldName&quot; : null,
      &quot;hidden&quot; : null,
      &quot;label&quot; : null,
      &quot;messages&quot; : [ ],
      &quot;originalValue&quot; : null,
      &quot;previousValue&quot; : null,
      &quot;value&quot; : null
    },
    &quot;vlocity_cmt__AsyncOperation__c&quot; : {
      &quot;actions&quot; : { },
      &quot;alternateValues&quot; : null,
      &quot;dataType&quot; : null,
      &quot;editable&quot; : null,
      &quot;fieldName&quot; : null,
      &quot;hidden&quot; : null,
      &quot;label&quot; : null,
      &quot;messages&quot; : [ ],
      &quot;originalValue&quot; : null,
      &quot;previousValue&quot; : null,
      &quot;value&quot; : null
    },
    &quot;vlocity_cmt__Description__c&quot; : {
      &quot;actions&quot; : { },
      &quot;alternateValues&quot; : null,
      &quot;dataType&quot; : null,
      &quot;editable&quot; : null,
      &quot;fieldName&quot; : null,
      &quot;hidden&quot; : null,
      &quot;label&quot; : null,
      &quot;messages&quot; : [ ],
      &quot;originalValue&quot; : null,
      &quot;previousValue&quot; : null,
      &quot;value&quot; : &quot;01t4x000000wlLkAAI&quot;
    },
    &quot;vlocity_cmt__GroupCartId__c&quot; : {
      &quot;actions&quot; : { },
      &quot;alternateValues&quot; : null,
      &quot;dataType&quot; : null,
      &quot;editable&quot; : null,
      &quot;fieldName&quot; : null,
      &quot;hidden&quot; : null,
      &quot;label&quot; : null,
      &quot;messages&quot; : [ ],
      &quot;originalValue&quot; : null,
      &quot;previousValue&quot; : null,
      &quot;value&quot; : &quot;8014x000000lQvGAAU&quot;
    },
    &quot;vlocity_cmt__GroupCartId__r&quot; : {
      &quot;vlocity_cmt__DefaultPremisesId__c&quot; : null,
      &quot;vlocity_cmt__DefaultServiceAccountId__c&quot; : &quot;0014x00000EQV7GAAX&quot;,
      &quot;vlocity_cmt__DefaultServicePointId__c&quot; : null,
      &quot;vlocity_cmt__IsPriced__c&quot; : false,
      &quot;vlocity_cmt__IsValidated__c&quot; : false,
      &quot;vlocity_cmt__MultiServiceMessageData__c&quot; : null,
      &quot;vlocity_cmt__TrackingNumber__c&quot; : null
    },
    &quot;vlocity_cmt__HasUnappliedGroupItems__c&quot; : {
      &quot;actions&quot; : { },
      &quot;alternateValues&quot; : null,
      &quot;dataType&quot; : null,
      &quot;editable&quot; : null,
      &quot;fieldName&quot; : null,
      &quot;hidden&quot; : null,
      &quot;label&quot; : null,
      &quot;messages&quot; : [ ],
      &quot;originalValue&quot; : null,
      &quot;previousValue&quot; : null,
      &quot;value&quot; : true
    },
    &quot;vlocity_cmt__HasUnappliedMembers__c&quot; : {
      &quot;actions&quot; : { },
      &quot;alternateValues&quot; : null,
      &quot;dataType&quot; : null,
      &quot;editable&quot; : null,
      &quot;fieldName&quot; : null,
      &quot;hidden&quot; : null,
      &quot;label&quot; : null,
      &quot;messages&quot; : [ ],
      &quot;originalValue&quot; : null,
      &quot;previousValue&quot; : null,
      &quot;value&quot; : false
    },
    &quot;vlocity_cmt__LockedBy__c&quot; : {
      &quot;actions&quot; : { },
      &quot;alternateValues&quot; : null,
      &quot;dataType&quot; : null,
      &quot;editable&quot; : null,
      &quot;fieldName&quot; : null,
      &quot;hidden&quot; : null,
      &quot;label&quot; : null,
      &quot;messages&quot; : [ ],
      &quot;originalValue&quot; : null,
      &quot;previousValue&quot; : null,
      &quot;value&quot; : null
    },
    &quot;vlocity_cmt__LockedFor__c&quot; : {
      &quot;actions&quot; : { },
      &quot;alternateValues&quot; : null,
      &quot;dataType&quot; : null,
      &quot;editable&quot; : null,
      &quot;fieldName&quot; : null,
      &quot;hidden&quot; : null,
      &quot;label&quot; : null,
      &quot;messages&quot; : [ ],
      &quot;originalValue&quot; : null,
      &quot;previousValue&quot; : null,
      &quot;value&quot; : null
    },
    &quot;vlocity_cmt__MemberCount__c&quot; : {
      &quot;actions&quot; : { },
      &quot;alternateValues&quot; : null,
      &quot;dataType&quot; : null,
      &quot;editable&quot; : null,
      &quot;fieldName&quot; : null,
      &quot;hidden&quot; : null,
      &quot;label&quot; : null,
      &quot;messages&quot; : [ ],
      &quot;originalValue&quot; : null,
      &quot;previousValue&quot; : null,
      &quot;value&quot; : 0
    },
    &quot;vlocity_cmt__MemberType__c&quot; : {
      &quot;actions&quot; : { },
      &quot;alternateValues&quot; : null,
      &quot;dataType&quot; : null,
      &quot;editable&quot; : null,
      &quot;fieldName&quot; : null,
      &quot;hidden&quot; : null,
      &quot;label&quot; : null,
      &quot;messages&quot; : [ ],
      &quot;originalValue&quot; : null,
      &quot;previousValue&quot; : null,
      &quot;value&quot; : &quot;ServicePoint&quot;
    },
    &quot;vlocity_cmt__MultiServiceMessageData__c&quot; : {
      &quot;actions&quot; : { },
      &quot;alternateValues&quot; : null,
      &quot;dataType&quot; : null,
      &quot;editable&quot; : null,
      &quot;fieldName&quot; : null,
      &quot;hidden&quot; : null,
      &quot;label&quot; : null,
      &quot;messages&quot; : [ ],
      &quot;originalValue&quot; : null,
      &quot;previousValue&quot; : null,
      &quot;value&quot; : null
    },
    &quot;Id&quot; : {
      &quot;actions&quot; : { },
      &quot;alternateValues&quot; : null,
      &quot;dataType&quot; : null,
      &quot;editable&quot; : null,
      &quot;fieldName&quot; : null,
      &quot;hidden&quot; : null,
      &quot;label&quot; : null,
      &quot;messages&quot; : [ ],
      &quot;originalValue&quot; : null,
      &quot;previousValue&quot; : null,
      &quot;value&quot; : &quot;a324x000000nCyWAAU&quot;
    },
    &quot;Name&quot; : {
      &quot;actions&quot; : { },
      &quot;alternateValues&quot; : null,
      &quot;dataType&quot; : null,
      &quot;editable&quot; : null,
      &quot;fieldName&quot; : null,
      &quot;hidden&quot; : null,
      &quot;label&quot; : null,
      &quot;messages&quot; : [ ],
      &quot;originalValue&quot; : null,
      &quot;previousValue&quot; : null,
      &quot;value&quot; : &quot;Macbook Pro&quot;
    },
    &quot;actions&quot; : {
      &quot;getGroupMembers&quot; : {
        &quot;client&quot; : {
          &quot;params&quot; : { }
        },
        &quot;remote&quot; : {
          &quot;params&quot; : {
            &quot;contextId&quot; : &quot;8014x000000lQgKAAU&quot;,
            &quot;groupId&quot; : &quot;a324x000000nCyWAAU&quot;,
            &quot;methodName&quot; : &quot;getGroupMembers&quot;,
            &quot;offset&quot; : 0,
            &quot;pageSize&quot; : null,
            &quot;parentId&quot; : null
          }
        },
        &quot;rest&quot; : {
          &quot;link&quot; : null,
          &quot;method&quot; : null,
          &quot;params&quot; : { }
        }
      },
      &quot;getGroupedServices&quot; : {
        &quot;client&quot; : {
          &quot;params&quot; : { }
        },
        &quot;remote&quot; : {
          &quot;params&quot; : {
            &quot;contextId&quot; : &quot;8014x000000lQgKAAU&quot;,
            &quot;groupCartId&quot; : &quot;8014x000000lQvGAAU&quot;,
            &quot;groupId&quot; : &quot;a324x000000nCyWAAU&quot;,
            &quot;methodName&quot; : &quot;getGroupedServices&quot;,
            &quot;offset&quot; : 0,
            &quot;pageSize&quot; : null,
            &quot;parentId&quot; : null
          }
        },
        &quot;rest&quot; : {
          &quot;link&quot; : null,
          &quot;method&quot; : null,
          &quot;params&quot; : { }
        }
      }
    },
    &quot;displaySequence&quot; : -1,
    &quot;groupCart&quot; : {
      &quot;vlocity_cmt__DefaultServiceAccountId__c&quot; : &quot;0014x00000EQV7GAAX&quot;,
      &quot;vlocity_cmt__IsPriced__c&quot; : false,
      &quot;vlocity_cmt__IsValidated__c&quot; : false,
      &quot;Id&quot; : &quot;8014x000000lQvGAAU&quot;,
      &quot;attributes&quot; : {
        &quot;type&quot; : &quot;Order&quot;,
        &quot;url&quot; : &quot;/services/data/v52.0/sobjects/Order/8014x000000lQvGAAU&quot;
      }
    },
    &quot;groupCartId&quot; : &quot;8014x000000lQvGAAU&quot;,
    &quot;groupCartURL&quot; : &quot;apex/vlocity_cmt__MultiServiceHybridCPQ?id=8014x000000lQvGAAU&amp;parentId=null&amp;groupCart=true&amp;groupId=a324x000000nCyWAAU&amp;contextId=8014x000000lQgKAAU&amp;cartType=Order&quot;,
    &quot;groupDescription&quot; : &quot;01t4x000000wlLkAAI&quot;,
    &quot;groupId&quot; : &quot;a324x000000nCyWAAU&quot;,
    &quot;groupName&quot; : &quot;Macbook Pro&quot;,
    &quot;hasUnappliedGroupItems&quot; : true,
    &quot;hasUnappliedMembers&quot; : false,
    &quot;itemsCount&quot; : 0,
    &quot;messages&quot; : [ ]
  }, {
    &quot;vlocity_cmt__AsyncJobId__c&quot; : {
      &quot;actions&quot; : { },
      &quot;alternateValues&quot; : null,
      &quot;dataType&quot; : null,
      &quot;editable&quot; : null,
      &quot;fieldName&quot; : null,
      &quot;hidden&quot; : null,
      &quot;label&quot; : null,
      &quot;messages&quot; : [ ],
      &quot;originalValue&quot; : null,
      &quot;previousValue&quot; : null,
      &quot;value&quot; : null
    },
    &quot;vlocity_cmt__AsyncOperation__c&quot; : {
      &quot;actions&quot; : { },
      &quot;alternateValues&quot; : null,
      &quot;dataType&quot; : null,
      &quot;editable&quot; : null,
      &quot;fieldName&quot; : null,
      &quot;hidden&quot; : null,
      &quot;label&quot; : null,
      &quot;messages&quot; : [ ],
      &quot;originalValue&quot; : null,
      &quot;previousValue&quot; : null,
      &quot;value&quot; : null
    },
    &quot;vlocity_cmt__Description__c&quot; : {
      &quot;actions&quot; : { },
      &quot;alternateValues&quot; : null,
      &quot;dataType&quot; : null,
      &quot;editable&quot; : null,
      &quot;fieldName&quot; : null,
      &quot;hidden&quot; : null,
      &quot;label&quot; : null,
      &quot;messages&quot; : [ ],
      &quot;originalValue&quot; : null,
      &quot;previousValue&quot; : null,
      &quot;value&quot; : &quot;01t4x000000wmVCAAY&quot;
    },
    &quot;vlocity_cmt__GroupCartId__c&quot; : {
      &quot;actions&quot; : { },
      &quot;alternateValues&quot; : null,
      &quot;dataType&quot; : null,
      &quot;editable&quot; : null,
      &quot;fieldName&quot; : null,
      &quot;hidden&quot; : null,
      &quot;label&quot; : null,
      &quot;messages&quot; : [ ],
      &quot;originalValue&quot; : null,
      &quot;previousValue&quot; : null,
      &quot;value&quot; : &quot;8014x000000lQvHAAU&quot;
    },
    &quot;vlocity_cmt__GroupCartId__r&quot; : {
      &quot;vlocity_cmt__DefaultPremisesId__c&quot; : null,
      &quot;vlocity_cmt__DefaultServiceAccountId__c&quot; : &quot;0014x00000EQV7GAAX&quot;,
      &quot;vlocity_cmt__DefaultServicePointId__c&quot; : null,
      &quot;vlocity_cmt__IsPriced__c&quot; : false,
      &quot;vlocity_cmt__IsValidated__c&quot; : false,
      &quot;vlocity_cmt__MultiServiceMessageData__c&quot; : null,
      &quot;vlocity_cmt__TrackingNumber__c&quot; : null
    },
    &quot;vlocity_cmt__HasUnappliedGroupItems__c&quot; : {
      &quot;actions&quot; : { },
      &quot;alternateValues&quot; : null,
      &quot;dataType&quot; : null,
      &quot;editable&quot; : null,
      &quot;fieldName&quot; : null,
      &quot;hidden&quot; : null,
      &quot;label&quot; : null,
      &quot;messages&quot; : [ ],
      &quot;originalValue&quot; : null,
      &quot;previousValue&quot; : null,
      &quot;value&quot; : true
    },
    &quot;vlocity_cmt__HasUnappliedMembers__c&quot; : {
      &quot;actions&quot; : { },
      &quot;alternateValues&quot; : null,
      &quot;dataType&quot; : null,
      &quot;editable&quot; : null,
      &quot;fieldName&quot; : null,
      &quot;hidden&quot; : null,
      &quot;label&quot; : null,
      &quot;messages&quot; : [ ],
      &quot;originalValue&quot; : null,
      &quot;previousValue&quot; : null,
      &quot;value&quot; : false
    },
    &quot;vlocity_cmt__LockedBy__c&quot; : {
      &quot;actions&quot; : { },
      &quot;alternateValues&quot; : null,
      &quot;dataType&quot; : null,
      &quot;editable&quot; : null,
      &quot;fieldName&quot; : null,
      &quot;hidden&quot; : null,
      &quot;label&quot; : null,
      &quot;messages&quot; : [ ],
      &quot;originalValue&quot; : null,
      &quot;previousValue&quot; : null,
      &quot;value&quot; : null
    },
    &quot;vlocity_cmt__LockedFor__c&quot; : {
      &quot;actions&quot; : { },
      &quot;alternateValues&quot; : null,
      &quot;dataType&quot; : null,
      &quot;editable&quot; : null,
      &quot;fieldName&quot; : null,
      &quot;hidden&quot; : null,
      &quot;label&quot; : null,
      &quot;messages&quot; : [ ],
      &quot;originalValue&quot; : null,
      &quot;previousValue&quot; : null,
      &quot;value&quot; : null
    },
    &quot;vlocity_cmt__MemberCount__c&quot; : {
      &quot;actions&quot; : { },
      &quot;alternateValues&quot; : null,
      &quot;dataType&quot; : null,
      &quot;editable&quot; : null,
      &quot;fieldName&quot; : null,
      &quot;hidden&quot; : null,
      &quot;label&quot; : null,
      &quot;messages&quot; : [ ],
      &quot;originalValue&quot; : null,
      &quot;previousValue&quot; : null,
      &quot;value&quot; : 0
    },
    &quot;vlocity_cmt__MemberType__c&quot; : {
      &quot;actions&quot; : { },
      &quot;alternateValues&quot; : null,
      &quot;dataType&quot; : null,
      &quot;editable&quot; : null,
      &quot;fieldName&quot; : null,
      &quot;hidden&quot; : null,
      &quot;label&quot; : null,
      &quot;messages&quot; : [ ],
      &quot;originalValue&quot; : null,
      &quot;previousValue&quot; : null,
      &quot;value&quot; : &quot;ServicePoint&quot;
    },
    &quot;vlocity_cmt__MultiServiceMessageData__c&quot; : {
      &quot;actions&quot; : { },
      &quot;alternateValues&quot; : null,
      &quot;dataType&quot; : null,
      &quot;editable&quot; : null,
      &quot;fieldName&quot; : null,
      &quot;hidden&quot; : null,
      &quot;label&quot; : null,
      &quot;messages&quot; : [ ],
      &quot;originalValue&quot; : null,
      &quot;previousValue&quot; : null,
      &quot;value&quot; : null
    },
    &quot;Id&quot; : {
      &quot;actions&quot; : { },
      &quot;alternateValues&quot; : null,
      &quot;dataType&quot; : null,
      &quot;editable&quot; : null,
      &quot;fieldName&quot; : null,
      &quot;hidden&quot; : null,
      &quot;label&quot; : null,
      &quot;messages&quot; : [ ],
      &quot;originalValue&quot; : null,
      &quot;previousValue&quot; : null,
      &quot;value&quot; : &quot;a324x000000nCyXAAU&quot;
    },
    &quot;Name&quot; : {
      &quot;actions&quot; : { },
      &quot;alternateValues&quot; : null,
      &quot;dataType&quot; : null,
      &quot;editable&quot; : null,
      &quot;fieldName&quot; : null,
      &quot;hidden&quot; : null,
      &quot;label&quot; : null,
      &quot;messages&quot; : [ ],
      &quot;originalValue&quot; : null,
      &quot;previousValue&quot; : null,
      &quot;value&quot; : &quot;Iphone 12&quot;
    },
    &quot;actions&quot; : {
      &quot;getGroupMembers&quot; : {
        &quot;client&quot; : {
          &quot;params&quot; : { }
        },
        &quot;remote&quot; : {
          &quot;params&quot; : {
            &quot;contextId&quot; : &quot;8014x000000lQgKAAU&quot;,
            &quot;groupId&quot; : &quot;a324x000000nCyXAAU&quot;,
            &quot;methodName&quot; : &quot;getGroupMembers&quot;,
            &quot;offset&quot; : 0,
            &quot;pageSize&quot; : null,
            &quot;parentId&quot; : null
          }
        },
        &quot;rest&quot; : {
          &quot;link&quot; : null,
          &quot;method&quot; : null,
          &quot;params&quot; : { }
        }
      },
      &quot;getGroupedServices&quot; : {
        &quot;client&quot; : {
          &quot;params&quot; : { }
        },
        &quot;remote&quot; : {
          &quot;params&quot; : {
            &quot;contextId&quot; : &quot;8014x000000lQgKAAU&quot;,
            &quot;groupCartId&quot; : &quot;8014x000000lQvHAAU&quot;,
            &quot;groupId&quot; : &quot;a324x000000nCyXAAU&quot;,
            &quot;methodName&quot; : &quot;getGroupedServices&quot;,
            &quot;offset&quot; : 0,
            &quot;pageSize&quot; : null,
            &quot;parentId&quot; : null
          }
        },
        &quot;rest&quot; : {
          &quot;link&quot; : null,
          &quot;method&quot; : null,
          &quot;params&quot; : { }
        }
      }
    },
    &quot;displaySequence&quot; : -1,
    &quot;groupCart&quot; : {
      &quot;vlocity_cmt__DefaultServiceAccountId__c&quot; : &quot;0014x00000EQV7GAAX&quot;,
      &quot;vlocity_cmt__IsPriced__c&quot; : false,
      &quot;vlocity_cmt__IsValidated__c&quot; : false,
      &quot;Id&quot; : &quot;8014x000000lQvHAAU&quot;,
      &quot;attributes&quot; : {
        &quot;type&quot; : &quot;Order&quot;,
        &quot;url&quot; : &quot;/services/data/v52.0/sobjects/Order/8014x000000lQvHAAU&quot;
      }
    },
    &quot;groupCartId&quot; : &quot;8014x000000lQvHAAU&quot;,
    &quot;groupCartURL&quot; : &quot;apex/vlocity_cmt__MultiServiceHybridCPQ?id=8014x000000lQvHAAU&amp;parentId=null&amp;groupCart=true&amp;groupId=a324x000000nCyXAAU&amp;contextId=8014x000000lQgKAAU&amp;cartType=Order&quot;,
    &quot;groupDescription&quot; : &quot;01t4x000000wmVCAAY&quot;,
    &quot;groupId&quot; : &quot;a324x000000nCyXAAU&quot;,
    &quot;groupName&quot; : &quot;Iphone 12&quot;,
    &quot;hasUnappliedGroupItems&quot; : true,
    &quot;hasUnappliedMembers&quot; : false,
    &quot;itemsCount&quot; : 0,
    &quot;messages&quot; : [ ]
  }, {
    &quot;vlocity_cmt__AsyncJobId__c&quot; : {
      &quot;actions&quot; : { },
      &quot;alternateValues&quot; : null,
      &quot;dataType&quot; : null,
      &quot;editable&quot; : null,
      &quot;fieldName&quot; : null,
      &quot;hidden&quot; : null,
      &quot;label&quot; : null,
      &quot;messages&quot; : [ ],
      &quot;originalValue&quot; : null,
      &quot;previousValue&quot; : null,
      &quot;value&quot; : null
    },
    &quot;vlocity_cmt__AsyncOperation__c&quot; : {
      &quot;actions&quot; : { },
      &quot;alternateValues&quot; : null,
      &quot;dataType&quot; : null,
      &quot;editable&quot; : null,
      &quot;fieldName&quot; : null,
      &quot;hidden&quot; : null,
      &quot;label&quot; : null,
      &quot;messages&quot; : [ ],
      &quot;originalValue&quot; : null,
      &quot;previousValue&quot; : null,
      &quot;value&quot; : null
    },
    &quot;vlocity_cmt__Description__c&quot; : {
      &quot;actions&quot; : { },
      &quot;alternateValues&quot; : null,
      &quot;dataType&quot; : null,
      &quot;editable&quot; : null,
      &quot;fieldName&quot; : null,
      &quot;hidden&quot; : null,
      &quot;label&quot; : null,
      &quot;messages&quot; : [ ],
      &quot;originalValue&quot; : null,
      &quot;previousValue&quot; : null,
      &quot;value&quot; : &quot;01t4x000000wv6kAAA&quot;
    },
    &quot;vlocity_cmt__GroupCartId__c&quot; : {
      &quot;actions&quot; : { },
      &quot;alternateValues&quot; : null,
      &quot;dataType&quot; : null,
      &quot;editable&quot; : null,
      &quot;fieldName&quot; : null,
      &quot;hidden&quot; : null,
      &quot;label&quot; : null,
      &quot;messages&quot; : [ ],
      &quot;originalValue&quot; : null,
      &quot;previousValue&quot; : null,
      &quot;value&quot; : &quot;8014x000000lQvIAAU&quot;
    },
    &quot;vlocity_cmt__GroupCartId__r&quot; : {
      &quot;vlocity_cmt__DefaultPremisesId__c&quot; : null,
      &quot;vlocity_cmt__DefaultServiceAccountId__c&quot; : &quot;0014x00000EQV7GAAX&quot;,
      &quot;vlocity_cmt__DefaultServicePointId__c&quot; : null,
      &quot;vlocity_cmt__IsPriced__c&quot; : false,
      &quot;vlocity_cmt__IsValidated__c&quot; : false,
      &quot;vlocity_cmt__MultiServiceMessageData__c&quot; : null,
      &quot;vlocity_cmt__TrackingNumber__c&quot; : null
    },
    &quot;vlocity_cmt__HasUnappliedGroupItems__c&quot; : {
      &quot;actions&quot; : { },
      &quot;alternateValues&quot; : null,
      &quot;dataType&quot; : null,
      &quot;editable&quot; : null,
      &quot;fieldName&quot; : null,
      &quot;hidden&quot; : null,
      &quot;label&quot; : null,
      &quot;messages&quot; : [ ],
      &quot;originalValue&quot; : null,
      &quot;previousValue&quot; : null,
      &quot;value&quot; : true
    },
    &quot;vlocity_cmt__HasUnappliedMembers__c&quot; : {
      &quot;actions&quot; : { },
      &quot;alternateValues&quot; : null,
      &quot;dataType&quot; : null,
      &quot;editable&quot; : null,
      &quot;fieldName&quot; : null,
      &quot;hidden&quot; : null,
      &quot;label&quot; : null,
      &quot;messages&quot; : [ ],
      &quot;originalValue&quot; : null,
      &quot;previousValue&quot; : null,
      &quot;value&quot; : false
    },
    &quot;vlocity_cmt__LockedBy__c&quot; : {
      &quot;actions&quot; : { },
      &quot;alternateValues&quot; : null,
      &quot;dataType&quot; : null,
      &quot;editable&quot; : null,
      &quot;fieldName&quot; : null,
      &quot;hidden&quot; : null,
      &quot;label&quot; : null,
      &quot;messages&quot; : [ ],
      &quot;originalValue&quot; : null,
      &quot;previousValue&quot; : null,
      &quot;value&quot; : null
    },
    &quot;vlocity_cmt__LockedFor__c&quot; : {
      &quot;actions&quot; : { },
      &quot;alternateValues&quot; : null,
      &quot;dataType&quot; : null,
      &quot;editable&quot; : null,
      &quot;fieldName&quot; : null,
      &quot;hidden&quot; : null,
      &quot;label&quot; : null,
      &quot;messages&quot; : [ ],
      &quot;originalValue&quot; : null,
      &quot;previousValue&quot; : null,
      &quot;value&quot; : null
    },
    &quot;vlocity_cmt__MemberCount__c&quot; : {
      &quot;actions&quot; : { },
      &quot;alternateValues&quot; : null,
      &quot;dataType&quot; : null,
      &quot;editable&quot; : null,
      &quot;fieldName&quot; : null,
      &quot;hidden&quot; : null,
      &quot;label&quot; : null,
      &quot;messages&quot; : [ ],
      &quot;originalValue&quot; : null,
      &quot;previousValue&quot; : null,
      &quot;value&quot; : 0
    },
    &quot;vlocity_cmt__MemberType__c&quot; : {
      &quot;actions&quot; : { },
      &quot;alternateValues&quot; : null,
      &quot;dataType&quot; : null,
      &quot;editable&quot; : null,
      &quot;fieldName&quot; : null,
      &quot;hidden&quot; : null,
      &quot;label&quot; : null,
      &quot;messages&quot; : [ ],
      &quot;originalValue&quot; : null,
      &quot;previousValue&quot; : null,
      &quot;value&quot; : &quot;ServicePoint&quot;
    },
    &quot;vlocity_cmt__MultiServiceMessageData__c&quot; : {
      &quot;actions&quot; : { },
      &quot;alternateValues&quot; : null,
      &quot;dataType&quot; : null,
      &quot;editable&quot; : null,
      &quot;fieldName&quot; : null,
      &quot;hidden&quot; : null,
      &quot;label&quot; : null,
      &quot;messages&quot; : [ ],
      &quot;originalValue&quot; : null,
      &quot;previousValue&quot; : null,
      &quot;value&quot; : null
    },
    &quot;Id&quot; : {
      &quot;actions&quot; : { },
      &quot;alternateValues&quot; : null,
      &quot;dataType&quot; : null,
      &quot;editable&quot; : null,
      &quot;fieldName&quot; : null,
      &quot;hidden&quot; : null,
      &quot;label&quot; : null,
      &quot;messages&quot; : [ ],
      &quot;originalValue&quot; : null,
      &quot;previousValue&quot; : null,
      &quot;value&quot; : &quot;a324x000000nCyYAAU&quot;
    },
    &quot;Name&quot; : {
      &quot;actions&quot; : { },
      &quot;alternateValues&quot; : null,
      &quot;dataType&quot; : null,
      &quot;editable&quot; : null,
      &quot;fieldName&quot; : null,
      &quot;hidden&quot; : null,
      &quot;label&quot; : null,
      &quot;messages&quot; : [ ],
      &quot;originalValue&quot; : null,
      &quot;previousValue&quot; : null,
      &quot;value&quot; : &quot;HDMI Cable&quot;
    },
    &quot;actions&quot; : {
      &quot;getGroupMembers&quot; : {
        &quot;client&quot; : {
          &quot;params&quot; : { }
        },
        &quot;remote&quot; : {
          &quot;params&quot; : {
            &quot;contextId&quot; : &quot;8014x000000lQgKAAU&quot;,
            &quot;groupId&quot; : &quot;a324x000000nCyYAAU&quot;,
            &quot;methodName&quot; : &quot;getGroupMembers&quot;,
            &quot;offset&quot; : 0,
            &quot;pageSize&quot; : null,
            &quot;parentId&quot; : null
          }
        },
        &quot;rest&quot; : {
          &quot;link&quot; : null,
          &quot;method&quot; : null,
          &quot;params&quot; : { }
        }
      },
      &quot;getGroupedServices&quot; : {
        &quot;client&quot; : {
          &quot;params&quot; : { }
        },
        &quot;remote&quot; : {
          &quot;params&quot; : {
            &quot;contextId&quot; : &quot;8014x000000lQgKAAU&quot;,
            &quot;groupCartId&quot; : &quot;8014x000000lQvIAAU&quot;,
            &quot;groupId&quot; : &quot;a324x000000nCyYAAU&quot;,
            &quot;methodName&quot; : &quot;getGroupedServices&quot;,
            &quot;offset&quot; : 0,
            &quot;pageSize&quot; : null,
            &quot;parentId&quot; : null
          }
        },
        &quot;rest&quot; : {
          &quot;link&quot; : null,
          &quot;method&quot; : null,
          &quot;params&quot; : { }
        }
      }
    },
    &quot;displaySequence&quot; : -1,
    &quot;groupCart&quot; : {
      &quot;vlocity_cmt__DefaultServiceAccountId__c&quot; : &quot;0014x00000EQV7GAAX&quot;,
      &quot;vlocity_cmt__IsPriced__c&quot; : false,
      &quot;vlocity_cmt__IsValidated__c&quot; : false,
      &quot;Id&quot; : &quot;8014x000000lQvIAAU&quot;,
      &quot;attributes&quot; : {
        &quot;type&quot; : &quot;Order&quot;,
        &quot;url&quot; : &quot;/services/data/v52.0/sobjects/Order/8014x000000lQvIAAU&quot;
      }
    },
    &quot;groupCartId&quot; : &quot;8014x000000lQvIAAU&quot;,
    &quot;groupCartURL&quot; : &quot;apex/vlocity_cmt__MultiServiceHybridCPQ?id=8014x000000lQvIAAU&amp;parentId=null&amp;groupCart=true&amp;groupId=a324x000000nCyYAAU&amp;contextId=8014x000000lQgKAAU&amp;cartType=Order&quot;,
    &quot;groupDescription&quot; : &quot;01t4x000000wv6kAAA&quot;,
    &quot;groupId&quot; : &quot;a324x000000nCyYAAU&quot;,
    &quot;groupName&quot; : &quot;HDMI Cable&quot;,
    &quot;hasUnappliedGroupItems&quot; : true,
    &quot;hasUnappliedMembers&quot; : false,
    &quot;itemsCount&quot; : 0,
    &quot;messages&quot; : [ ]
  } ]
}</expectedInputJson>
    <expectedOutputJson>{
  &quot;productBundles&quot; : [ {
    &quot;ProductId&quot; : &quot;01t4x000000wlJoAAI&quot;,
    &quot;groupId&quot; : &quot;a324x000000nCy1AAE&quot;,
    &quot;groupName&quot; : &quot;01t4x000000wlJoAAI&quot;
  }, {
    &quot;ProductId&quot; : &quot;01t4x000000wlLkAAI&quot;,
    &quot;groupId&quot; : &quot;a324x000000nCy2AAE&quot;,
    &quot;groupName&quot; : &quot;01t4x000000wlLkAAI&quot;
  }, {
    &quot;ProductId&quot; : &quot;01t4x000000wmVCAAY&quot;,
    &quot;groupId&quot; : &quot;a324x000000nCy3AAE&quot;,
    &quot;groupName&quot; : &quot;01t4x000000wmVCAAY&quot;
  }, {
    &quot;ProductId&quot; : &quot;01t4x000000wv6kAAA&quot;,
    &quot;groupId&quot; : &quot;a324x000000nCy4AAE&quot;,
    &quot;groupName&quot; : &quot;01t4x000000wv6kAAA&quot;
  } ],
  &quot;totalSize&quot; : 4
}</expectedOutputJson>
    <fieldLevelSecurityEnabled>false</fieldLevelSecurityEnabled>
    <inputType>JSON</inputType>
    <name>ConsolidateRawProductData</name>
    <nullInputsIncludedInOutput>false</nullInputsIncludedInOutput>
    <omniDataTransformItem>
        <disabled>false</disabled>
        <filterGroup>0.0</filterGroup>
        <globalKey>ConsolidateRawProductDataCustom3932</globalKey>
        <inputFieldName>GroupDetailsRaw:Name:value</inputFieldName>
        <inputObjectQuerySequence>0.0</inputObjectQuerySequence>
        <linkedObjectSequence>0.0</linkedObjectSequence>
        <name>ConsolidateRawProductData</name>
        <outputCreationSequence>1.0</outputCreationSequence>
        <outputFieldName>productBundles:Name</outputFieldName>
        <outputObjectName>json</outputObjectName>
        <requiredForUpsert>false</requiredForUpsert>
        <upsertKey>false</upsertKey>
    </omniDataTransformItem>
    <omniDataTransformItem>
        <disabled>false</disabled>
        <filterGroup>0.0</filterGroup>
        <formulaConverted>| var:GroupDetailsRaw LISTSIZE</formulaConverted>
        <formulaExpression>LISTSIZE(GroupDetailsRaw)</formulaExpression>
        <formulaResultPath>totalSize</formulaResultPath>
        <formulaSequence>1.0</formulaSequence>
        <globalKey>ConsolidateRawProductDataCustom8984</globalKey>
        <inputObjectQuerySequence>0.0</inputObjectQuerySequence>
        <linkedObjectSequence>0.0</linkedObjectSequence>
        <name>ConsolidateRawProductData</name>
        <outputCreationSequence>0.0</outputCreationSequence>
        <outputFieldName>Formula</outputFieldName>
        <outputObjectName>Formula</outputObjectName>
        <requiredForUpsert>false</requiredForUpsert>
        <upsertKey>false</upsertKey>
    </omniDataTransformItem>
    <omniDataTransformItem>
        <disabled>false</disabled>
        <filterGroup>0.0</filterGroup>
        <globalKey>ConsolidateRawProductDataCustom4323</globalKey>
        <inputFieldName>GroupDetailsRaw:groupId</inputFieldName>
        <inputObjectQuerySequence>0.0</inputObjectQuerySequence>
        <linkedObjectSequence>0.0</linkedObjectSequence>
        <name>ConsolidateRawProductData</name>
        <outputCreationSequence>1.0</outputCreationSequence>
        <outputFieldName>productBundles:groupId</outputFieldName>
        <outputObjectName>json</outputObjectName>
        <requiredForUpsert>false</requiredForUpsert>
        <upsertKey>false</upsertKey>
    </omniDataTransformItem>
    <omniDataTransformItem>
        <disabled>false</disabled>
        <filterGroup>0.0</filterGroup>
        <globalKey>ConsolidateRawProductDataCustom1134</globalKey>
        <inputFieldName>totalSize</inputFieldName>
        <inputObjectQuerySequence>0.0</inputObjectQuerySequence>
        <linkedObjectSequence>0.0</linkedObjectSequence>
        <name>ConsolidateRawProductData</name>
        <outputCreationSequence>1.0</outputCreationSequence>
        <outputFieldName>totalSize</outputFieldName>
        <outputObjectName>json</outputObjectName>
        <requiredForUpsert>false</requiredForUpsert>
        <upsertKey>false</upsertKey>
    </omniDataTransformItem>
    <omniDataTransformItem>
        <disabled>false</disabled>
        <filterGroup>0.0</filterGroup>
        <globalKey>ConsolidateRawProductDataCustom9497</globalKey>
        <inputFieldName>GroupDetailsRaw:vlocity_cmt__SelectedAssetsCommonConfiguration__c</inputFieldName>
        <inputObjectQuerySequence>0.0</inputObjectQuerySequence>
        <linkedObjectSequence>0.0</linkedObjectSequence>
        <name>ConsolidateRawProductData</name>
        <outputCreationSequence>1.0</outputCreationSequence>
        <outputFieldName>productBundles:SelectedAssetsCommonConfiguration__c</outputFieldName>
        <outputObjectName>json</outputObjectName>
        <requiredForUpsert>false</requiredForUpsert>
        <upsertKey>false</upsertKey>
    </omniDataTransformItem>
    <omniDataTransformItem>
        <disabled>false</disabled>
        <filterGroup>0.0</filterGroup>
        <globalKey>ConsolidateRawProductDataCustom6202</globalKey>
        <inputFieldName>GroupDetailsRaw:groupCartId</inputFieldName>
        <inputObjectQuerySequence>0.0</inputObjectQuerySequence>
        <linkedObjectSequence>0.0</linkedObjectSequence>
        <name>ConsolidateRawProductData</name>
        <outputCreationSequence>1.0</outputCreationSequence>
        <outputFieldName>productBundles:groupCartId</outputFieldName>
        <outputObjectName>json</outputObjectName>
        <requiredForUpsert>false</requiredForUpsert>
        <upsertKey>false</upsertKey>
    </omniDataTransformItem>
    <outputType>JSON</outputType>
    <previewJsonData>{
  &quot;GroupDetailsRaw&quot; : [ {
    &quot;vlocity_cmt__AsyncJobId__c&quot; : {
      &quot;actions&quot; : { },
      &quot;alternateValues&quot; : null,
      &quot;dataType&quot; : null,
      &quot;editable&quot; : null,
      &quot;fieldName&quot; : null,
      &quot;hidden&quot; : null,
      &quot;label&quot; : null,
      &quot;messages&quot; : [ ],
      &quot;originalValue&quot; : null,
      &quot;previousValue&quot; : null,
      &quot;value&quot; : null
    },
    &quot;vlocity_cmt__AsyncOperation__c&quot; : {
      &quot;actions&quot; : { },
      &quot;alternateValues&quot; : null,
      &quot;dataType&quot; : null,
      &quot;editable&quot; : null,
      &quot;fieldName&quot; : null,
      &quot;hidden&quot; : null,
      &quot;label&quot; : null,
      &quot;messages&quot; : [ ],
      &quot;originalValue&quot; : null,
      &quot;previousValue&quot; : null,
      &quot;value&quot; : null
    },
    &quot;vlocity_cmt__Description__c&quot; : {
      &quot;actions&quot; : { },
      &quot;alternateValues&quot; : null,
      &quot;dataType&quot; : null,
      &quot;editable&quot; : null,
      &quot;fieldName&quot; : null,
      &quot;hidden&quot; : null,
      &quot;label&quot; : null,
      &quot;messages&quot; : [ ],
      &quot;originalValue&quot; : null,
      &quot;previousValue&quot; : null,
      &quot;value&quot; : &quot;01t4x000000wlJoAAI&quot;
    },
    &quot;vlocity_cmt__GroupCartId__c&quot; : {
      &quot;actions&quot; : { },
      &quot;alternateValues&quot; : null,
      &quot;dataType&quot; : null,
      &quot;editable&quot; : null,
      &quot;fieldName&quot; : null,
      &quot;hidden&quot; : null,
      &quot;label&quot; : null,
      &quot;messages&quot; : [ ],
      &quot;originalValue&quot; : null,
      &quot;previousValue&quot; : null,
      &quot;value&quot; : &quot;8014x000000lQvFAAU&quot;
    },
    &quot;vlocity_cmt__GroupCartId__r&quot; : {
      &quot;vlocity_cmt__DefaultPremisesId__c&quot; : null,
      &quot;vlocity_cmt__DefaultServiceAccountId__c&quot; : &quot;0014x00000EQV7GAAX&quot;,
      &quot;vlocity_cmt__DefaultServicePointId__c&quot; : null,
      &quot;vlocity_cmt__IsPriced__c&quot; : false,
      &quot;vlocity_cmt__IsValidated__c&quot; : false,
      &quot;vlocity_cmt__MultiServiceMessageData__c&quot; : null,
      &quot;vlocity_cmt__TrackingNumber__c&quot; : null
    },
    &quot;vlocity_cmt__HasUnappliedGroupItems__c&quot; : {
      &quot;actions&quot; : { },
      &quot;alternateValues&quot; : null,
      &quot;dataType&quot; : null,
      &quot;editable&quot; : null,
      &quot;fieldName&quot; : null,
      &quot;hidden&quot; : null,
      &quot;label&quot; : null,
      &quot;messages&quot; : [ ],
      &quot;originalValue&quot; : null,
      &quot;previousValue&quot; : null,
      &quot;value&quot; : true
    },
    &quot;vlocity_cmt__HasUnappliedMembers__c&quot; : {
      &quot;actions&quot; : { },
      &quot;alternateValues&quot; : null,
      &quot;dataType&quot; : null,
      &quot;editable&quot; : null,
      &quot;fieldName&quot; : null,
      &quot;hidden&quot; : null,
      &quot;label&quot; : null,
      &quot;messages&quot; : [ ],
      &quot;originalValue&quot; : null,
      &quot;previousValue&quot; : null,
      &quot;value&quot; : false
    },
    &quot;vlocity_cmt__LockedBy__c&quot; : {
      &quot;actions&quot; : { },
      &quot;alternateValues&quot; : null,
      &quot;dataType&quot; : null,
      &quot;editable&quot; : null,
      &quot;fieldName&quot; : null,
      &quot;hidden&quot; : null,
      &quot;label&quot; : null,
      &quot;messages&quot; : [ ],
      &quot;originalValue&quot; : null,
      &quot;previousValue&quot; : null,
      &quot;value&quot; : null
    },
    &quot;vlocity_cmt__LockedFor__c&quot; : {
      &quot;actions&quot; : { },
      &quot;alternateValues&quot; : null,
      &quot;dataType&quot; : null,
      &quot;editable&quot; : null,
      &quot;fieldName&quot; : null,
      &quot;hidden&quot; : null,
      &quot;label&quot; : null,
      &quot;messages&quot; : [ ],
      &quot;originalValue&quot; : null,
      &quot;previousValue&quot; : null,
      &quot;value&quot; : null
    },
    &quot;vlocity_cmt__MemberCount__c&quot; : {
      &quot;actions&quot; : { },
      &quot;alternateValues&quot; : null,
      &quot;dataType&quot; : null,
      &quot;editable&quot; : null,
      &quot;fieldName&quot; : null,
      &quot;hidden&quot; : null,
      &quot;label&quot; : null,
      &quot;messages&quot; : [ ],
      &quot;originalValue&quot; : null,
      &quot;previousValue&quot; : null,
      &quot;value&quot; : 0
    },
    &quot;vlocity_cmt__MemberType__c&quot; : {
      &quot;actions&quot; : { },
      &quot;alternateValues&quot; : null,
      &quot;dataType&quot; : null,
      &quot;editable&quot; : null,
      &quot;fieldName&quot; : null,
      &quot;hidden&quot; : null,
      &quot;label&quot; : null,
      &quot;messages&quot; : [ ],
      &quot;originalValue&quot; : null,
      &quot;previousValue&quot; : null,
      &quot;value&quot; : &quot;ServicePoint&quot;
    },
    &quot;vlocity_cmt__MultiServiceMessageData__c&quot; : {
      &quot;actions&quot; : { },
      &quot;alternateValues&quot; : null,
      &quot;dataType&quot; : null,
      &quot;editable&quot; : null,
      &quot;fieldName&quot; : null,
      &quot;hidden&quot; : null,
      &quot;label&quot; : null,
      &quot;messages&quot; : [ ],
      &quot;originalValue&quot; : null,
      &quot;previousValue&quot; : null,
      &quot;value&quot; : null
    },
    &quot;Id&quot; : {
      &quot;actions&quot; : { },
      &quot;alternateValues&quot; : null,
      &quot;dataType&quot; : null,
      &quot;editable&quot; : null,
      &quot;fieldName&quot; : null,
      &quot;hidden&quot; : null,
      &quot;label&quot; : null,
      &quot;messages&quot; : [ ],
      &quot;originalValue&quot; : null,
      &quot;previousValue&quot; : null,
      &quot;value&quot; : &quot;a324x000000nCyVAAU&quot;
    },
    &quot;Name&quot; : {
      &quot;actions&quot; : { },
      &quot;alternateValues&quot; : null,
      &quot;dataType&quot; : null,
      &quot;editable&quot; : null,
      &quot;fieldName&quot; : null,
      &quot;hidden&quot; : null,
      &quot;label&quot; : null,
      &quot;messages&quot; : [ ],
      &quot;originalValue&quot; : null,
      &quot;previousValue&quot; : null,
      &quot;value&quot; : &quot;Pixel 3&quot;
    },
    &quot;actions&quot; : {
      &quot;getGroupMembers&quot; : {
        &quot;client&quot; : {
          &quot;params&quot; : { }
        },
        &quot;remote&quot; : {
          &quot;params&quot; : {
            &quot;contextId&quot; : &quot;8014x000000lQgKAAU&quot;,
            &quot;groupId&quot; : &quot;a324x000000nCyVAAU&quot;,
            &quot;methodName&quot; : &quot;getGroupMembers&quot;,
            &quot;offset&quot; : 0,
            &quot;pageSize&quot; : null,
            &quot;parentId&quot; : null
          }
        },
        &quot;rest&quot; : {
          &quot;link&quot; : null,
          &quot;method&quot; : null,
          &quot;params&quot; : { }
        }
      },
      &quot;getGroupedServices&quot; : {
        &quot;client&quot; : {
          &quot;params&quot; : { }
        },
        &quot;remote&quot; : {
          &quot;params&quot; : {
            &quot;contextId&quot; : &quot;8014x000000lQgKAAU&quot;,
            &quot;groupCartId&quot; : &quot;8014x000000lQvFAAU&quot;,
            &quot;groupId&quot; : &quot;a324x000000nCyVAAU&quot;,
            &quot;methodName&quot; : &quot;getGroupedServices&quot;,
            &quot;offset&quot; : 0,
            &quot;pageSize&quot; : null,
            &quot;parentId&quot; : null
          }
        },
        &quot;rest&quot; : {
          &quot;link&quot; : null,
          &quot;method&quot; : null,
          &quot;params&quot; : { }
        }
      }
    },
    &quot;displaySequence&quot; : -1,
    &quot;groupCart&quot; : {
      &quot;vlocity_cmt__DefaultServiceAccountId__c&quot; : &quot;0014x00000EQV7GAAX&quot;,
      &quot;vlocity_cmt__IsPriced__c&quot; : false,
      &quot;vlocity_cmt__IsValidated__c&quot; : false,
      &quot;Id&quot; : &quot;8014x000000lQvFAAU&quot;,
      &quot;attributes&quot; : {
        &quot;type&quot; : &quot;Order&quot;,
        &quot;url&quot; : &quot;/services/data/v52.0/sobjects/Order/8014x000000lQvFAAU&quot;
      }
    },
    &quot;groupCartId&quot; : &quot;8014x000000lQvFAAU&quot;,
    &quot;groupCartURL&quot; : &quot;apex/vlocity_cmt__MultiServiceHybridCPQ?id=8014x000000lQvFAAU&amp;parentId=null&amp;groupCart=true&amp;groupId=a324x000000nCyVAAU&amp;contextId=8014x000000lQgKAAU&amp;cartType=Order&quot;,
    &quot;groupDescription&quot; : &quot;01t4x000000wlJoAAI&quot;,
    &quot;groupId&quot; : &quot;a324x000000nCyVAAU&quot;,
    &quot;groupName&quot; : &quot;Pixel 3&quot;,
    &quot;hasUnappliedGroupItems&quot; : true,
    &quot;hasUnappliedMembers&quot; : false,
    &quot;itemsCount&quot; : 0,
    &quot;messages&quot; : [ ]
  }, {
    &quot;vlocity_cmt__AsyncJobId__c&quot; : {
      &quot;actions&quot; : { },
      &quot;alternateValues&quot; : null,
      &quot;dataType&quot; : null,
      &quot;editable&quot; : null,
      &quot;fieldName&quot; : null,
      &quot;hidden&quot; : null,
      &quot;label&quot; : null,
      &quot;messages&quot; : [ ],
      &quot;originalValue&quot; : null,
      &quot;previousValue&quot; : null,
      &quot;value&quot; : null
    },
    &quot;vlocity_cmt__AsyncOperation__c&quot; : {
      &quot;actions&quot; : { },
      &quot;alternateValues&quot; : null,
      &quot;dataType&quot; : null,
      &quot;editable&quot; : null,
      &quot;fieldName&quot; : null,
      &quot;hidden&quot; : null,
      &quot;label&quot; : null,
      &quot;messages&quot; : [ ],
      &quot;originalValue&quot; : null,
      &quot;previousValue&quot; : null,
      &quot;value&quot; : null
    },
    &quot;vlocity_cmt__Description__c&quot; : {
      &quot;actions&quot; : { },
      &quot;alternateValues&quot; : null,
      &quot;dataType&quot; : null,
      &quot;editable&quot; : null,
      &quot;fieldName&quot; : null,
      &quot;hidden&quot; : null,
      &quot;label&quot; : null,
      &quot;messages&quot; : [ ],
      &quot;originalValue&quot; : null,
      &quot;previousValue&quot; : null,
      &quot;value&quot; : &quot;01t4x000000wlLkAAI&quot;
    },
    &quot;vlocity_cmt__GroupCartId__c&quot; : {
      &quot;actions&quot; : { },
      &quot;alternateValues&quot; : null,
      &quot;dataType&quot; : null,
      &quot;editable&quot; : null,
      &quot;fieldName&quot; : null,
      &quot;hidden&quot; : null,
      &quot;label&quot; : null,
      &quot;messages&quot; : [ ],
      &quot;originalValue&quot; : null,
      &quot;previousValue&quot; : null,
      &quot;value&quot; : &quot;8014x000000lQvGAAU&quot;
    },
    &quot;vlocity_cmt__GroupCartId__r&quot; : {
      &quot;vlocity_cmt__DefaultPremisesId__c&quot; : null,
      &quot;vlocity_cmt__DefaultServiceAccountId__c&quot; : &quot;0014x00000EQV7GAAX&quot;,
      &quot;vlocity_cmt__DefaultServicePointId__c&quot; : null,
      &quot;vlocity_cmt__IsPriced__c&quot; : false,
      &quot;vlocity_cmt__IsValidated__c&quot; : false,
      &quot;vlocity_cmt__MultiServiceMessageData__c&quot; : null,
      &quot;vlocity_cmt__TrackingNumber__c&quot; : null
    },
    &quot;vlocity_cmt__HasUnappliedGroupItems__c&quot; : {
      &quot;actions&quot; : { },
      &quot;alternateValues&quot; : null,
      &quot;dataType&quot; : null,
      &quot;editable&quot; : null,
      &quot;fieldName&quot; : null,
      &quot;hidden&quot; : null,
      &quot;label&quot; : null,
      &quot;messages&quot; : [ ],
      &quot;originalValue&quot; : null,
      &quot;previousValue&quot; : null,
      &quot;value&quot; : true
    },
    &quot;vlocity_cmt__HasUnappliedMembers__c&quot; : {
      &quot;actions&quot; : { },
      &quot;alternateValues&quot; : null,
      &quot;dataType&quot; : null,
      &quot;editable&quot; : null,
      &quot;fieldName&quot; : null,
      &quot;hidden&quot; : null,
      &quot;label&quot; : null,
      &quot;messages&quot; : [ ],
      &quot;originalValue&quot; : null,
      &quot;previousValue&quot; : null,
      &quot;value&quot; : false
    },
    &quot;vlocity_cmt__LockedBy__c&quot; : {
      &quot;actions&quot; : { },
      &quot;alternateValues&quot; : null,
      &quot;dataType&quot; : null,
      &quot;editable&quot; : null,
      &quot;fieldName&quot; : null,
      &quot;hidden&quot; : null,
      &quot;label&quot; : null,
      &quot;messages&quot; : [ ],
      &quot;originalValue&quot; : null,
      &quot;previousValue&quot; : null,
      &quot;value&quot; : null
    },
    &quot;vlocity_cmt__LockedFor__c&quot; : {
      &quot;actions&quot; : { },
      &quot;alternateValues&quot; : null,
      &quot;dataType&quot; : null,
      &quot;editable&quot; : null,
      &quot;fieldName&quot; : null,
      &quot;hidden&quot; : null,
      &quot;label&quot; : null,
      &quot;messages&quot; : [ ],
      &quot;originalValue&quot; : null,
      &quot;previousValue&quot; : null,
      &quot;value&quot; : null
    },
    &quot;vlocity_cmt__MemberCount__c&quot; : {
      &quot;actions&quot; : { },
      &quot;alternateValues&quot; : null,
      &quot;dataType&quot; : null,
      &quot;editable&quot; : null,
      &quot;fieldName&quot; : null,
      &quot;hidden&quot; : null,
      &quot;label&quot; : null,
      &quot;messages&quot; : [ ],
      &quot;originalValue&quot; : null,
      &quot;previousValue&quot; : null,
      &quot;value&quot; : 0
    },
    &quot;vlocity_cmt__MemberType__c&quot; : {
      &quot;actions&quot; : { },
      &quot;alternateValues&quot; : null,
      &quot;dataType&quot; : null,
      &quot;editable&quot; : null,
      &quot;fieldName&quot; : null,
      &quot;hidden&quot; : null,
      &quot;label&quot; : null,
      &quot;messages&quot; : [ ],
      &quot;originalValue&quot; : null,
      &quot;previousValue&quot; : null,
      &quot;value&quot; : &quot;ServicePoint&quot;
    },
    &quot;vlocity_cmt__MultiServiceMessageData__c&quot; : {
      &quot;actions&quot; : { },
      &quot;alternateValues&quot; : null,
      &quot;dataType&quot; : null,
      &quot;editable&quot; : null,
      &quot;fieldName&quot; : null,
      &quot;hidden&quot; : null,
      &quot;label&quot; : null,
      &quot;messages&quot; : [ ],
      &quot;originalValue&quot; : null,
      &quot;previousValue&quot; : null,
      &quot;value&quot; : null
    },
    &quot;Id&quot; : {
      &quot;actions&quot; : { },
      &quot;alternateValues&quot; : null,
      &quot;dataType&quot; : null,
      &quot;editable&quot; : null,
      &quot;fieldName&quot; : null,
      &quot;hidden&quot; : null,
      &quot;label&quot; : null,
      &quot;messages&quot; : [ ],
      &quot;originalValue&quot; : null,
      &quot;previousValue&quot; : null,
      &quot;value&quot; : &quot;a324x000000nCyWAAU&quot;
    },
    &quot;Name&quot; : {
      &quot;actions&quot; : { },
      &quot;alternateValues&quot; : null,
      &quot;dataType&quot; : null,
      &quot;editable&quot; : null,
      &quot;fieldName&quot; : null,
      &quot;hidden&quot; : null,
      &quot;label&quot; : null,
      &quot;messages&quot; : [ ],
      &quot;originalValue&quot; : null,
      &quot;previousValue&quot; : null,
      &quot;value&quot; : &quot;Macbook Pro&quot;
    },
    &quot;actions&quot; : {
      &quot;getGroupMembers&quot; : {
        &quot;client&quot; : {
          &quot;params&quot; : { }
        },
        &quot;remote&quot; : {
          &quot;params&quot; : {
            &quot;contextId&quot; : &quot;8014x000000lQgKAAU&quot;,
            &quot;groupId&quot; : &quot;a324x000000nCyWAAU&quot;,
            &quot;methodName&quot; : &quot;getGroupMembers&quot;,
            &quot;offset&quot; : 0,
            &quot;pageSize&quot; : null,
            &quot;parentId&quot; : null
          }
        },
        &quot;rest&quot; : {
          &quot;link&quot; : null,
          &quot;method&quot; : null,
          &quot;params&quot; : { }
        }
      },
      &quot;getGroupedServices&quot; : {
        &quot;client&quot; : {
          &quot;params&quot; : { }
        },
        &quot;remote&quot; : {
          &quot;params&quot; : {
            &quot;contextId&quot; : &quot;8014x000000lQgKAAU&quot;,
            &quot;groupCartId&quot; : &quot;8014x000000lQvGAAU&quot;,
            &quot;groupId&quot; : &quot;a324x000000nCyWAAU&quot;,
            &quot;methodName&quot; : &quot;getGroupedServices&quot;,
            &quot;offset&quot; : 0,
            &quot;pageSize&quot; : null,
            &quot;parentId&quot; : null
          }
        },
        &quot;rest&quot; : {
          &quot;link&quot; : null,
          &quot;method&quot; : null,
          &quot;params&quot; : { }
        }
      }
    },
    &quot;displaySequence&quot; : -1,
    &quot;groupCart&quot; : {
      &quot;vlocity_cmt__DefaultServiceAccountId__c&quot; : &quot;0014x00000EQV7GAAX&quot;,
      &quot;vlocity_cmt__IsPriced__c&quot; : false,
      &quot;vlocity_cmt__IsValidated__c&quot; : false,
      &quot;Id&quot; : &quot;8014x000000lQvGAAU&quot;,
      &quot;attributes&quot; : {
        &quot;type&quot; : &quot;Order&quot;,
        &quot;url&quot; : &quot;/services/data/v52.0/sobjects/Order/8014x000000lQvGAAU&quot;
      }
    },
    &quot;groupCartId&quot; : &quot;8014x000000lQvGAAU&quot;,
    &quot;groupCartURL&quot; : &quot;apex/vlocity_cmt__MultiServiceHybridCPQ?id=8014x000000lQvGAAU&amp;parentId=null&amp;groupCart=true&amp;groupId=a324x000000nCyWAAU&amp;contextId=8014x000000lQgKAAU&amp;cartType=Order&quot;,
    &quot;groupDescription&quot; : &quot;01t4x000000wlLkAAI&quot;,
    &quot;groupId&quot; : &quot;a324x000000nCyWAAU&quot;,
    &quot;groupName&quot; : &quot;Macbook Pro&quot;,
    &quot;hasUnappliedGroupItems&quot; : true,
    &quot;hasUnappliedMembers&quot; : false,
    &quot;itemsCount&quot; : 0,
    &quot;messages&quot; : [ ]
  }, {
    &quot;vlocity_cmt__AsyncJobId__c&quot; : {
      &quot;actions&quot; : { },
      &quot;alternateValues&quot; : null,
      &quot;dataType&quot; : null,
      &quot;editable&quot; : null,
      &quot;fieldName&quot; : null,
      &quot;hidden&quot; : null,
      &quot;label&quot; : null,
      &quot;messages&quot; : [ ],
      &quot;originalValue&quot; : null,
      &quot;previousValue&quot; : null,
      &quot;value&quot; : null
    },
    &quot;vlocity_cmt__AsyncOperation__c&quot; : {
      &quot;actions&quot; : { },
      &quot;alternateValues&quot; : null,
      &quot;dataType&quot; : null,
      &quot;editable&quot; : null,
      &quot;fieldName&quot; : null,
      &quot;hidden&quot; : null,
      &quot;label&quot; : null,
      &quot;messages&quot; : [ ],
      &quot;originalValue&quot; : null,
      &quot;previousValue&quot; : null,
      &quot;value&quot; : null
    },
    &quot;vlocity_cmt__Description__c&quot; : {
      &quot;actions&quot; : { },
      &quot;alternateValues&quot; : null,
      &quot;dataType&quot; : null,
      &quot;editable&quot; : null,
      &quot;fieldName&quot; : null,
      &quot;hidden&quot; : null,
      &quot;label&quot; : null,
      &quot;messages&quot; : [ ],
      &quot;originalValue&quot; : null,
      &quot;previousValue&quot; : null,
      &quot;value&quot; : &quot;01t4x000000wmVCAAY&quot;
    },
    &quot;vlocity_cmt__GroupCartId__c&quot; : {
      &quot;actions&quot; : { },
      &quot;alternateValues&quot; : null,
      &quot;dataType&quot; : null,
      &quot;editable&quot; : null,
      &quot;fieldName&quot; : null,
      &quot;hidden&quot; : null,
      &quot;label&quot; : null,
      &quot;messages&quot; : [ ],
      &quot;originalValue&quot; : null,
      &quot;previousValue&quot; : null,
      &quot;value&quot; : &quot;8014x000000lQvHAAU&quot;
    },
    &quot;vlocity_cmt__GroupCartId__r&quot; : {
      &quot;vlocity_cmt__DefaultPremisesId__c&quot; : null,
      &quot;vlocity_cmt__DefaultServiceAccountId__c&quot; : &quot;0014x00000EQV7GAAX&quot;,
      &quot;vlocity_cmt__DefaultServicePointId__c&quot; : null,
      &quot;vlocity_cmt__IsPriced__c&quot; : false,
      &quot;vlocity_cmt__IsValidated__c&quot; : false,
      &quot;vlocity_cmt__MultiServiceMessageData__c&quot; : null,
      &quot;vlocity_cmt__TrackingNumber__c&quot; : null
    },
    &quot;vlocity_cmt__HasUnappliedGroupItems__c&quot; : {
      &quot;actions&quot; : { },
      &quot;alternateValues&quot; : null,
      &quot;dataType&quot; : null,
      &quot;editable&quot; : null,
      &quot;fieldName&quot; : null,
      &quot;hidden&quot; : null,
      &quot;label&quot; : null,
      &quot;messages&quot; : [ ],
      &quot;originalValue&quot; : null,
      &quot;previousValue&quot; : null,
      &quot;value&quot; : true
    },
    &quot;vlocity_cmt__HasUnappliedMembers__c&quot; : {
      &quot;actions&quot; : { },
      &quot;alternateValues&quot; : null,
      &quot;dataType&quot; : null,
      &quot;editable&quot; : null,
      &quot;fieldName&quot; : null,
      &quot;hidden&quot; : null,
      &quot;label&quot; : null,
      &quot;messages&quot; : [ ],
      &quot;originalValue&quot; : null,
      &quot;previousValue&quot; : null,
      &quot;value&quot; : false
    },
    &quot;vlocity_cmt__LockedBy__c&quot; : {
      &quot;actions&quot; : { },
      &quot;alternateValues&quot; : null,
      &quot;dataType&quot; : null,
      &quot;editable&quot; : null,
      &quot;fieldName&quot; : null,
      &quot;hidden&quot; : null,
      &quot;label&quot; : null,
      &quot;messages&quot; : [ ],
      &quot;originalValue&quot; : null,
      &quot;previousValue&quot; : null,
      &quot;value&quot; : null
    },
    &quot;vlocity_cmt__LockedFor__c&quot; : {
      &quot;actions&quot; : { },
      &quot;alternateValues&quot; : null,
      &quot;dataType&quot; : null,
      &quot;editable&quot; : null,
      &quot;fieldName&quot; : null,
      &quot;hidden&quot; : null,
      &quot;label&quot; : null,
      &quot;messages&quot; : [ ],
      &quot;originalValue&quot; : null,
      &quot;previousValue&quot; : null,
      &quot;value&quot; : null
    },
    &quot;vlocity_cmt__MemberCount__c&quot; : {
      &quot;actions&quot; : { },
      &quot;alternateValues&quot; : null,
      &quot;dataType&quot; : null,
      &quot;editable&quot; : null,
      &quot;fieldName&quot; : null,
      &quot;hidden&quot; : null,
      &quot;label&quot; : null,
      &quot;messages&quot; : [ ],
      &quot;originalValue&quot; : null,
      &quot;previousValue&quot; : null,
      &quot;value&quot; : 0
    },
    &quot;vlocity_cmt__MemberType__c&quot; : {
      &quot;actions&quot; : { },
      &quot;alternateValues&quot; : null,
      &quot;dataType&quot; : null,
      &quot;editable&quot; : null,
      &quot;fieldName&quot; : null,
      &quot;hidden&quot; : null,
      &quot;label&quot; : null,
      &quot;messages&quot; : [ ],
      &quot;originalValue&quot; : null,
      &quot;previousValue&quot; : null,
      &quot;value&quot; : &quot;ServicePoint&quot;
    },
    &quot;vlocity_cmt__MultiServiceMessageData__c&quot; : {
      &quot;actions&quot; : { },
      &quot;alternateValues&quot; : null,
      &quot;dataType&quot; : null,
      &quot;editable&quot; : null,
      &quot;fieldName&quot; : null,
      &quot;hidden&quot; : null,
      &quot;label&quot; : null,
      &quot;messages&quot; : [ ],
      &quot;originalValue&quot; : null,
      &quot;previousValue&quot; : null,
      &quot;value&quot; : null
    },
    &quot;Id&quot; : {
      &quot;actions&quot; : { },
      &quot;alternateValues&quot; : null,
      &quot;dataType&quot; : null,
      &quot;editable&quot; : null,
      &quot;fieldName&quot; : null,
      &quot;hidden&quot; : null,
      &quot;label&quot; : null,
      &quot;messages&quot; : [ ],
      &quot;originalValue&quot; : null,
      &quot;previousValue&quot; : null,
      &quot;value&quot; : &quot;a324x000000nCyXAAU&quot;
    },
    &quot;Name&quot; : {
      &quot;actions&quot; : { },
      &quot;alternateValues&quot; : null,
      &quot;dataType&quot; : null,
      &quot;editable&quot; : null,
      &quot;fieldName&quot; : null,
      &quot;hidden&quot; : null,
      &quot;label&quot; : null,
      &quot;messages&quot; : [ ],
      &quot;originalValue&quot; : null,
      &quot;previousValue&quot; : null,
      &quot;value&quot; : &quot;Iphone 12&quot;
    },
    &quot;actions&quot; : {
      &quot;getGroupMembers&quot; : {
        &quot;client&quot; : {
          &quot;params&quot; : { }
        },
        &quot;remote&quot; : {
          &quot;params&quot; : {
            &quot;contextId&quot; : &quot;8014x000000lQgKAAU&quot;,
            &quot;groupId&quot; : &quot;a324x000000nCyXAAU&quot;,
            &quot;methodName&quot; : &quot;getGroupMembers&quot;,
            &quot;offset&quot; : 0,
            &quot;pageSize&quot; : null,
            &quot;parentId&quot; : null
          }
        },
        &quot;rest&quot; : {
          &quot;link&quot; : null,
          &quot;method&quot; : null,
          &quot;params&quot; : { }
        }
      },
      &quot;getGroupedServices&quot; : {
        &quot;client&quot; : {
          &quot;params&quot; : { }
        },
        &quot;remote&quot; : {
          &quot;params&quot; : {
            &quot;contextId&quot; : &quot;8014x000000lQgKAAU&quot;,
            &quot;groupCartId&quot; : &quot;8014x000000lQvHAAU&quot;,
            &quot;groupId&quot; : &quot;a324x000000nCyXAAU&quot;,
            &quot;methodName&quot; : &quot;getGroupedServices&quot;,
            &quot;offset&quot; : 0,
            &quot;pageSize&quot; : null,
            &quot;parentId&quot; : null
          }
        },
        &quot;rest&quot; : {
          &quot;link&quot; : null,
          &quot;method&quot; : null,
          &quot;params&quot; : { }
        }
      }
    },
    &quot;displaySequence&quot; : -1,
    &quot;groupCart&quot; : {
      &quot;vlocity_cmt__DefaultServiceAccountId__c&quot; : &quot;0014x00000EQV7GAAX&quot;,
      &quot;vlocity_cmt__IsPriced__c&quot; : false,
      &quot;vlocity_cmt__IsValidated__c&quot; : false,
      &quot;Id&quot; : &quot;8014x000000lQvHAAU&quot;,
      &quot;attributes&quot; : {
        &quot;type&quot; : &quot;Order&quot;,
        &quot;url&quot; : &quot;/services/data/v52.0/sobjects/Order/8014x000000lQvHAAU&quot;
      }
    },
    &quot;groupCartId&quot; : &quot;8014x000000lQvHAAU&quot;,
    &quot;groupCartURL&quot; : &quot;apex/vlocity_cmt__MultiServiceHybridCPQ?id=8014x000000lQvHAAU&amp;parentId=null&amp;groupCart=true&amp;groupId=a324x000000nCyXAAU&amp;contextId=8014x000000lQgKAAU&amp;cartType=Order&quot;,
    &quot;groupDescription&quot; : &quot;01t4x000000wmVCAAY&quot;,
    &quot;groupId&quot; : &quot;a324x000000nCyXAAU&quot;,
    &quot;groupName&quot; : &quot;Iphone 12&quot;,
    &quot;hasUnappliedGroupItems&quot; : true,
    &quot;hasUnappliedMembers&quot; : false,
    &quot;itemsCount&quot; : 0,
    &quot;messages&quot; : [ ]
  }, {
    &quot;vlocity_cmt__AsyncJobId__c&quot; : {
      &quot;actions&quot; : { },
      &quot;alternateValues&quot; : null,
      &quot;dataType&quot; : null,
      &quot;editable&quot; : null,
      &quot;fieldName&quot; : null,
      &quot;hidden&quot; : null,
      &quot;label&quot; : null,
      &quot;messages&quot; : [ ],
      &quot;originalValue&quot; : null,
      &quot;previousValue&quot; : null,
      &quot;value&quot; : null
    },
    &quot;vlocity_cmt__AsyncOperation__c&quot; : {
      &quot;actions&quot; : { },
      &quot;alternateValues&quot; : null,
      &quot;dataType&quot; : null,
      &quot;editable&quot; : null,
      &quot;fieldName&quot; : null,
      &quot;hidden&quot; : null,
      &quot;label&quot; : null,
      &quot;messages&quot; : [ ],
      &quot;originalValue&quot; : null,
      &quot;previousValue&quot; : null,
      &quot;value&quot; : null
    },
    &quot;vlocity_cmt__Description__c&quot; : {
      &quot;actions&quot; : { },
      &quot;alternateValues&quot; : null,
      &quot;dataType&quot; : null,
      &quot;editable&quot; : null,
      &quot;fieldName&quot; : null,
      &quot;hidden&quot; : null,
      &quot;label&quot; : null,
      &quot;messages&quot; : [ ],
      &quot;originalValue&quot; : null,
      &quot;previousValue&quot; : null,
      &quot;value&quot; : &quot;01t4x000000wv6kAAA&quot;
    },
    &quot;vlocity_cmt__GroupCartId__c&quot; : {
      &quot;actions&quot; : { },
      &quot;alternateValues&quot; : null,
      &quot;dataType&quot; : null,
      &quot;editable&quot; : null,
      &quot;fieldName&quot; : null,
      &quot;hidden&quot; : null,
      &quot;label&quot; : null,
      &quot;messages&quot; : [ ],
      &quot;originalValue&quot; : null,
      &quot;previousValue&quot; : null,
      &quot;value&quot; : &quot;8014x000000lQvIAAU&quot;
    },
    &quot;vlocity_cmt__GroupCartId__r&quot; : {
      &quot;vlocity_cmt__DefaultPremisesId__c&quot; : null,
      &quot;vlocity_cmt__DefaultServiceAccountId__c&quot; : &quot;0014x00000EQV7GAAX&quot;,
      &quot;vlocity_cmt__DefaultServicePointId__c&quot; : null,
      &quot;vlocity_cmt__IsPriced__c&quot; : false,
      &quot;vlocity_cmt__IsValidated__c&quot; : false,
      &quot;vlocity_cmt__MultiServiceMessageData__c&quot; : null,
      &quot;vlocity_cmt__TrackingNumber__c&quot; : null
    },
    &quot;vlocity_cmt__HasUnappliedGroupItems__c&quot; : {
      &quot;actions&quot; : { },
      &quot;alternateValues&quot; : null,
      &quot;dataType&quot; : null,
      &quot;editable&quot; : null,
      &quot;fieldName&quot; : null,
      &quot;hidden&quot; : null,
      &quot;label&quot; : null,
      &quot;messages&quot; : [ ],
      &quot;originalValue&quot; : null,
      &quot;previousValue&quot; : null,
      &quot;value&quot; : true
    },
    &quot;vlocity_cmt__HasUnappliedMembers__c&quot; : {
      &quot;actions&quot; : { },
      &quot;alternateValues&quot; : null,
      &quot;dataType&quot; : null,
      &quot;editable&quot; : null,
      &quot;fieldName&quot; : null,
      &quot;hidden&quot; : null,
      &quot;label&quot; : null,
      &quot;messages&quot; : [ ],
      &quot;originalValue&quot; : null,
      &quot;previousValue&quot; : null,
      &quot;value&quot; : false
    },
    &quot;vlocity_cmt__LockedBy__c&quot; : {
      &quot;actions&quot; : { },
      &quot;alternateValues&quot; : null,
      &quot;dataType&quot; : null,
      &quot;editable&quot; : null,
      &quot;fieldName&quot; : null,
      &quot;hidden&quot; : null,
      &quot;label&quot; : null,
      &quot;messages&quot; : [ ],
      &quot;originalValue&quot; : null,
      &quot;previousValue&quot; : null,
      &quot;value&quot; : null
    },
    &quot;vlocity_cmt__LockedFor__c&quot; : {
      &quot;actions&quot; : { },
      &quot;alternateValues&quot; : null,
      &quot;dataType&quot; : null,
      &quot;editable&quot; : null,
      &quot;fieldName&quot; : null,
      &quot;hidden&quot; : null,
      &quot;label&quot; : null,
      &quot;messages&quot; : [ ],
      &quot;originalValue&quot; : null,
      &quot;previousValue&quot; : null,
      &quot;value&quot; : null
    },
    &quot;vlocity_cmt__MemberCount__c&quot; : {
      &quot;actions&quot; : { },
      &quot;alternateValues&quot; : null,
      &quot;dataType&quot; : null,
      &quot;editable&quot; : null,
      &quot;fieldName&quot; : null,
      &quot;hidden&quot; : null,
      &quot;label&quot; : null,
      &quot;messages&quot; : [ ],
      &quot;originalValue&quot; : null,
      &quot;previousValue&quot; : null,
      &quot;value&quot; : 0
    },
    &quot;vlocity_cmt__MemberType__c&quot; : {
      &quot;actions&quot; : { },
      &quot;alternateValues&quot; : null,
      &quot;dataType&quot; : null,
      &quot;editable&quot; : null,
      &quot;fieldName&quot; : null,
      &quot;hidden&quot; : null,
      &quot;label&quot; : null,
      &quot;messages&quot; : [ ],
      &quot;originalValue&quot; : null,
      &quot;previousValue&quot; : null,
      &quot;value&quot; : &quot;ServicePoint&quot;
    },
    &quot;vlocity_cmt__MultiServiceMessageData__c&quot; : {
      &quot;actions&quot; : { },
      &quot;alternateValues&quot; : null,
      &quot;dataType&quot; : null,
      &quot;editable&quot; : null,
      &quot;fieldName&quot; : null,
      &quot;hidden&quot; : null,
      &quot;label&quot; : null,
      &quot;messages&quot; : [ ],
      &quot;originalValue&quot; : null,
      &quot;previousValue&quot; : null,
      &quot;value&quot; : null
    },
    &quot;Id&quot; : {
      &quot;actions&quot; : { },
      &quot;alternateValues&quot; : null,
      &quot;dataType&quot; : null,
      &quot;editable&quot; : null,
      &quot;fieldName&quot; : null,
      &quot;hidden&quot; : null,
      &quot;label&quot; : null,
      &quot;messages&quot; : [ ],
      &quot;originalValue&quot; : null,
      &quot;previousValue&quot; : null,
      &quot;value&quot; : &quot;a324x000000nCyYAAU&quot;
    },
    &quot;Name&quot; : {
      &quot;actions&quot; : { },
      &quot;alternateValues&quot; : null,
      &quot;dataType&quot; : null,
      &quot;editable&quot; : null,
      &quot;fieldName&quot; : null,
      &quot;hidden&quot; : null,
      &quot;label&quot; : null,
      &quot;messages&quot; : [ ],
      &quot;originalValue&quot; : null,
      &quot;previousValue&quot; : null,
      &quot;value&quot; : &quot;HDMI Cable&quot;
    },
    &quot;actions&quot; : {
      &quot;getGroupMembers&quot; : {
        &quot;client&quot; : {
          &quot;params&quot; : { }
        },
        &quot;remote&quot; : {
          &quot;params&quot; : {
            &quot;contextId&quot; : &quot;8014x000000lQgKAAU&quot;,
            &quot;groupId&quot; : &quot;a324x000000nCyYAAU&quot;,
            &quot;methodName&quot; : &quot;getGroupMembers&quot;,
            &quot;offset&quot; : 0,
            &quot;pageSize&quot; : null,
            &quot;parentId&quot; : null
          }
        },
        &quot;rest&quot; : {
          &quot;link&quot; : null,
          &quot;method&quot; : null,
          &quot;params&quot; : { }
        }
      },
      &quot;getGroupedServices&quot; : {
        &quot;client&quot; : {
          &quot;params&quot; : { }
        },
        &quot;remote&quot; : {
          &quot;params&quot; : {
            &quot;contextId&quot; : &quot;8014x000000lQgKAAU&quot;,
            &quot;groupCartId&quot; : &quot;8014x000000lQvIAAU&quot;,
            &quot;groupId&quot; : &quot;a324x000000nCyYAAU&quot;,
            &quot;methodName&quot; : &quot;getGroupedServices&quot;,
            &quot;offset&quot; : 0,
            &quot;pageSize&quot; : null,
            &quot;parentId&quot; : null
          }
        },
        &quot;rest&quot; : {
          &quot;link&quot; : null,
          &quot;method&quot; : null,
          &quot;params&quot; : { }
        }
      }
    },
    &quot;displaySequence&quot; : -1,
    &quot;groupCart&quot; : {
      &quot;vlocity_cmt__DefaultServiceAccountId__c&quot; : &quot;0014x00000EQV7GAAX&quot;,
      &quot;vlocity_cmt__IsPriced__c&quot; : false,
      &quot;vlocity_cmt__IsValidated__c&quot; : false,
      &quot;Id&quot; : &quot;8014x000000lQvIAAU&quot;,
      &quot;attributes&quot; : {
        &quot;type&quot; : &quot;Order&quot;,
        &quot;url&quot; : &quot;/services/data/v52.0/sobjects/Order/8014x000000lQvIAAU&quot;
      }
    },
    &quot;groupCartId&quot; : &quot;8014x000000lQvIAAU&quot;,
    &quot;groupCartURL&quot; : &quot;apex/vlocity_cmt__MultiServiceHybridCPQ?id=8014x000000lQvIAAU&amp;parentId=null&amp;groupCart=true&amp;groupId=a324x000000nCyYAAU&amp;contextId=8014x000000lQgKAAU&amp;cartType=Order&quot;,
    &quot;groupDescription&quot; : &quot;01t4x000000wv6kAAA&quot;,
    &quot;groupId&quot; : &quot;a324x000000nCyYAAU&quot;,
    &quot;groupName&quot; : &quot;HDMI Cable&quot;,
    &quot;hasUnappliedGroupItems&quot; : true,
    &quot;hasUnappliedMembers&quot; : false,
    &quot;itemsCount&quot; : 0,
    &quot;messages&quot; : [ ]
  } ]
}</previewJsonData>
    <processSuperBulk>false</processSuperBulk>
    <responseCacheTtlMinutes>0.0</responseCacheTtlMinutes>
    <rollbackOnError>false</rollbackOnError>
    <sourceObject>json</sourceObject>
    <sourceObjectDefault>false</sourceObjectDefault>
    <synchronousProcessThreshold>0.0</synchronousProcessThreshold>
    <type>Transform</type>
    <uniqueName>ConsolidateRawProductData_1</uniqueName>
    <versionNumber>1.0</versionNumber>
    <xmlDeclarationRemoved>false</xmlDeclarationRemoved>
</OmniDataTransform>
