<?xml version="1.0" encoding="UTF-8"?>
<OmniDataTransform xmlns="http://soap.sforce.com/2006/04/metadata">
    <active>false</active>
    <assignmentRulesUsed>false</assignmentRulesUsed>
    <deletedOnSuccess>false</deletedOnSuccess>
    <errorIgnored>false</errorIgnored>
    <expectedInputJson>{
  &quot;response&quot; : {
    &quot;actions&quot; : {
      &quot;nexttranslation&quot; : {
        &quot;client&quot; : {
          &quot;params&quot; : { }
        },
        &quot;remote&quot; : {
          &quot;params&quot; : {
            &quot;currentPage&quot; : 2,
            &quot;filters&quot; : &quot;AccountId%3A0015g000005FnCIAA0&quot;,
            &quot;methodName&quot; : &quot;cpq/assets&quot;,
            &quot;offsetSize&quot; : 3,
            &quot;pagesize&quot; : 1
          }
        },
        &quot;rest&quot; : {
          &quot;link&quot; : null,
          &quot;method&quot; : null,
          &quot;params&quot; : { }
        }
      }
    },
    &quot;records&quot; : [ {
      &quot;vlocity_cmt__AssetReferenceId__c&quot; : {
        &quot;actions&quot; : { },
        &quot;alternateValues&quot; : null,
        &quot;dataType&quot; : &quot;STRING&quot;,
        &quot;editable&quot; : false,
        &quot;fieldName&quot; : &quot;vlocity_cmt__AssetReferenceId__c&quot;,
        &quot;hidden&quot; : true,
        &quot;label&quot; : &quot;Asset Reference Id&quot;,
        &quot;messages&quot; : [ ],
        &quot;originalValue&quot; : null,
        &quot;previousValue&quot; : null,
        &quot;value&quot; : &quot;20f55687-4866-29ee-d1d2-039c8d58f41a&quot;
      },
      &quot;vlocity_cmt__LineNumber__c&quot; : {
        &quot;actions&quot; : { },
        &quot;alternateValues&quot; : null,
        &quot;dataType&quot; : &quot;STRING&quot;,
        &quot;editable&quot; : false,
        &quot;fieldName&quot; : &quot;vlocity_cmt__LineNumber__c&quot;,
        &quot;hidden&quot; : true,
        &quot;label&quot; : &quot;Line Number&quot;,
        &quot;messages&quot; : [ ],
        &quot;originalValue&quot; : null,
        &quot;previousValue&quot; : null,
        &quot;value&quot; : &quot;0001&quot;
      },
      &quot;vlocity_cmt__OneTimeCharge__c&quot; : {
        &quot;actions&quot; : { },
        &quot;alternateValues&quot; : null,
        &quot;dataType&quot; : &quot;CURRENCY&quot;,
        &quot;editable&quot; : false,
        &quot;fieldName&quot; : &quot;vlocity_cmt__OneTimeCharge__c&quot;,
        &quot;hidden&quot; : true,
        &quot;label&quot; : &quot;One Time Charge&quot;,
        &quot;messages&quot; : [ ],
        &quot;originalValue&quot; : null,
        &quot;previousValue&quot; : null,
        &quot;value&quot; : 100
      },
      &quot;vlocity_cmt__OneTimeTotal__c&quot; : {
        &quot;actions&quot; : { },
        &quot;alternateValues&quot; : null,
        &quot;dataType&quot; : &quot;CURRENCY&quot;,
        &quot;editable&quot; : false,
        &quot;fieldName&quot; : &quot;vlocity_cmt__OneTimeTotal__c&quot;,
        &quot;hidden&quot; : true,
        &quot;label&quot; : &quot;One Time Total&quot;,
        &quot;messages&quot; : [ ],
        &quot;originalValue&quot; : null,
        &quot;previousValue&quot; : null,
        &quot;value&quot; : 300
      },
      &quot;vlocity_cmt__RootItemId__c&quot; : {
        &quot;actions&quot; : { },
        &quot;alternateValues&quot; : null,
        &quot;dataType&quot; : &quot;STRING&quot;,
        &quot;editable&quot; : false,
        &quot;fieldName&quot; : &quot;vlocity_cmt__RootItemId__c&quot;,
        &quot;hidden&quot; : true,
        &quot;label&quot; : &quot;RootItemId&quot;,
        &quot;messages&quot; : [ ],
        &quot;originalValue&quot; : null,
        &quot;previousValue&quot; : null,
        &quot;value&quot; : &quot;20f55687-4866-29ee-d1d2-039c8d58f41a&quot;
      },
      &quot;vlocity_cmt__SequenceNumber__c&quot; : {
        &quot;actions&quot; : { },
        &quot;alternateValues&quot; : null,
        &quot;dataType&quot; : &quot;DOUBLE&quot;,
        &quot;editable&quot; : false,
        &quot;fieldName&quot; : &quot;vlocity_cmt__SequenceNumber__c&quot;,
        &quot;hidden&quot; : true,
        &quot;label&quot; : &quot;Sequence Number&quot;,
        &quot;messages&quot; : [ ],
        &quot;originalValue&quot; : null,
        &quot;previousValue&quot; : null,
        &quot;value&quot; : 1
      },
      &quot;AccountId&quot; : {
        &quot;actions&quot; : { },
        &quot;alternateValues&quot; : null,
        &quot;dataType&quot; : &quot;REFERENCE&quot;,
        &quot;editable&quot; : false,
        &quot;fieldName&quot; : &quot;AccountId&quot;,
        &quot;hidden&quot; : false,
        &quot;label&quot; : &quot;Account ID&quot;,
        &quot;messages&quot; : [ ],
        &quot;originalValue&quot; : null,
        &quot;previousValue&quot; : null,
        &quot;value&quot; : &quot;0015g000005FnCIAA0&quot;
      },
      &quot;CreatedById&quot; : {
        &quot;actions&quot; : { },
        &quot;alternateValues&quot; : null,
        &quot;dataType&quot; : &quot;REFERENCE&quot;,
        &quot;editable&quot; : false,
        &quot;fieldName&quot; : &quot;CreatedById&quot;,
        &quot;hidden&quot; : false,
        &quot;label&quot; : &quot;Created By ID&quot;,
        &quot;messages&quot; : [ ],
        &quot;originalValue&quot; : null,
        &quot;previousValue&quot; : null,
        &quot;value&quot; : &quot;0055g0000048hxfAAA&quot;
      },
      &quot;CreatedDate&quot; : {
        &quot;actions&quot; : { },
        &quot;alternateValues&quot; : null,
        &quot;dataType&quot; : &quot;DATETIME&quot;,
        &quot;editable&quot; : false,
        &quot;fieldName&quot; : &quot;CreatedDate&quot;,
        &quot;hidden&quot; : true,
        &quot;label&quot; : &quot;Created Date&quot;,
        &quot;messages&quot; : [ ],
        &quot;originalValue&quot; : null,
        &quot;previousValue&quot; : null,
        &quot;value&quot; : &quot;2021-04-12T06:31:04.000Z&quot;
      },
      &quot;Id&quot; : {
        &quot;actions&quot; : { },
        &quot;alternateValues&quot; : null,
        &quot;dataType&quot; : &quot;ID&quot;,
        &quot;editable&quot; : false,
        &quot;fieldName&quot; : &quot;Id&quot;,
        &quot;hidden&quot; : true,
        &quot;label&quot; : &quot;Asset ID&quot;,
        &quot;messages&quot; : [ ],
        &quot;originalValue&quot; : null,
        &quot;previousValue&quot; : null,
        &quot;value&quot; : &quot;02i5g000000993OAAQ&quot;
      },
      &quot;Name&quot; : &quot;test root&quot;,
      &quot;Quantity&quot; : {
        &quot;actions&quot; : { },
        &quot;alternateValues&quot; : null,
        &quot;dataType&quot; : &quot;DOUBLE&quot;,
        &quot;editable&quot; : false,
        &quot;fieldName&quot; : &quot;Quantity&quot;,
        &quot;hidden&quot; : true,
        &quot;label&quot; : &quot;Quantity&quot;,
        &quot;messages&quot; : [ ],
        &quot;originalValue&quot; : null,
        &quot;previousValue&quot; : null,
        &quot;value&quot; : 1
      },
      &quot;childAssets&quot; : {
        &quot;records&quot; : [ {
          &quot;vlocity_cmt__AssetReferenceId__c&quot; : {
            &quot;actions&quot; : { },
            &quot;alternateValues&quot; : null,
            &quot;dataType&quot; : &quot;STRING&quot;,
            &quot;editable&quot; : false,
            &quot;fieldName&quot; : &quot;vlocity_cmt__AssetReferenceId__c&quot;,
            &quot;hidden&quot; : true,
            &quot;label&quot; : &quot;Asset Reference Id&quot;,
            &quot;messages&quot; : [ ],
            &quot;originalValue&quot; : null,
            &quot;previousValue&quot; : null,
            &quot;value&quot; : &quot;98ebe022-cc1f-5aa1-effc-245ba600d464&quot;
          },
          &quot;vlocity_cmt__LineNumber__c&quot; : {
            &quot;actions&quot; : { },
            &quot;alternateValues&quot; : null,
            &quot;dataType&quot; : &quot;STRING&quot;,
            &quot;editable&quot; : false,
            &quot;fieldName&quot; : &quot;vlocity_cmt__LineNumber__c&quot;,
            &quot;hidden&quot; : true,
            &quot;label&quot; : &quot;Line Number&quot;,
            &quot;messages&quot; : [ ],
            &quot;originalValue&quot; : null,
            &quot;previousValue&quot; : null,
            &quot;value&quot; : &quot;0001.0001&quot;
          },
          &quot;vlocity_cmt__OneTimeCharge__c&quot; : {
            &quot;actions&quot; : { },
            &quot;alternateValues&quot; : null,
            &quot;dataType&quot; : &quot;CURRENCY&quot;,
            &quot;editable&quot; : false,
            &quot;fieldName&quot; : &quot;vlocity_cmt__OneTimeCharge__c&quot;,
            &quot;hidden&quot; : true,
            &quot;label&quot; : &quot;One Time Charge&quot;,
            &quot;messages&quot; : [ ],
            &quot;originalValue&quot; : null,
            &quot;previousValue&quot; : null,
            &quot;value&quot; : 100
          },
          &quot;vlocity_cmt__OneTimeTotal__c&quot; : {
            &quot;actions&quot; : { },
            &quot;alternateValues&quot; : null,
            &quot;dataType&quot; : &quot;CURRENCY&quot;,
            &quot;editable&quot; : false,
            &quot;fieldName&quot; : &quot;vlocity_cmt__OneTimeTotal__c&quot;,
            &quot;hidden&quot; : true,
            &quot;label&quot; : &quot;One Time Total&quot;,
            &quot;messages&quot; : [ ],
            &quot;originalValue&quot; : null,
            &quot;previousValue&quot; : null,
            &quot;value&quot; : 200
          },
          &quot;vlocity_cmt__ParentItemId__c&quot; : {
            &quot;actions&quot; : { },
            &quot;alternateValues&quot; : null,
            &quot;dataType&quot; : &quot;STRING&quot;,
            &quot;editable&quot; : false,
            &quot;fieldName&quot; : &quot;vlocity_cmt__ParentItemId__c&quot;,
            &quot;hidden&quot; : true,
            &quot;label&quot; : &quot;ParentItemId&quot;,
            &quot;messages&quot; : [ ],
            &quot;originalValue&quot; : null,
            &quot;previousValue&quot; : null,
            &quot;value&quot; : &quot;20f55687-4866-29ee-d1d2-039c8d58f41a&quot;
          },
          &quot;vlocity_cmt__RootItemId__c&quot; : {
            &quot;actions&quot; : { },
            &quot;alternateValues&quot; : null,
            &quot;dataType&quot; : &quot;STRING&quot;,
            &quot;editable&quot; : false,
            &quot;fieldName&quot; : &quot;vlocity_cmt__RootItemId__c&quot;,
            &quot;hidden&quot; : true,
            &quot;label&quot; : &quot;RootItemId&quot;,
            &quot;messages&quot; : [ ],
            &quot;originalValue&quot; : null,
            &quot;previousValue&quot; : null,
            &quot;value&quot; : &quot;20f55687-4866-29ee-d1d2-039c8d58f41a&quot;
          },
          &quot;vlocity_cmt__SequenceNumber__c&quot; : {
            &quot;actions&quot; : { },
            &quot;alternateValues&quot; : null,
            &quot;dataType&quot; : &quot;DOUBLE&quot;,
            &quot;editable&quot; : false,
            &quot;fieldName&quot; : &quot;vlocity_cmt__SequenceNumber__c&quot;,
            &quot;hidden&quot; : true,
            &quot;label&quot; : &quot;Sequence Number&quot;,
            &quot;messages&quot; : [ ],
            &quot;originalValue&quot; : null,
            &quot;previousValue&quot; : null,
            &quot;value&quot; : 1
          },
          &quot;AccountId&quot; : {
            &quot;actions&quot; : { },
            &quot;alternateValues&quot; : null,
            &quot;dataType&quot; : &quot;REFERENCE&quot;,
            &quot;editable&quot; : false,
            &quot;fieldName&quot; : &quot;AccountId&quot;,
            &quot;hidden&quot; : false,
            &quot;label&quot; : &quot;Account ID&quot;,
            &quot;messages&quot; : [ ],
            &quot;originalValue&quot; : null,
            &quot;previousValue&quot; : null,
            &quot;value&quot; : &quot;0015g000005FnCIAA0&quot;
          },
          &quot;CreatedById&quot; : {
            &quot;actions&quot; : { },
            &quot;alternateValues&quot; : null,
            &quot;dataType&quot; : &quot;REFERENCE&quot;,
            &quot;editable&quot; : false,
            &quot;fieldName&quot; : &quot;CreatedById&quot;,
            &quot;hidden&quot; : false,
            &quot;label&quot; : &quot;Created By ID&quot;,
            &quot;messages&quot; : [ ],
            &quot;originalValue&quot; : null,
            &quot;previousValue&quot; : null,
            &quot;value&quot; : &quot;0055g0000048hxfAAA&quot;
          },
          &quot;CreatedDate&quot; : {
            &quot;actions&quot; : { },
            &quot;alternateValues&quot; : null,
            &quot;dataType&quot; : &quot;DATETIME&quot;,
            &quot;editable&quot; : false,
            &quot;fieldName&quot; : &quot;CreatedDate&quot;,
            &quot;hidden&quot; : true,
            &quot;label&quot; : &quot;Created Date&quot;,
            &quot;messages&quot; : [ ],
            &quot;originalValue&quot; : null,
            &quot;previousValue&quot; : null,
            &quot;value&quot; : &quot;2021-04-12T06:31:04.000Z&quot;
          },
          &quot;Id&quot; : {
            &quot;actions&quot; : { },
            &quot;alternateValues&quot; : null,
            &quot;dataType&quot; : &quot;ID&quot;,
            &quot;editable&quot; : false,
            &quot;fieldName&quot; : &quot;Id&quot;,
            &quot;hidden&quot; : true,
            &quot;label&quot; : &quot;Asset ID&quot;,
            &quot;messages&quot; : [ ],
            &quot;originalValue&quot; : null,
            &quot;previousValue&quot; : null,
            &quot;value&quot; : &quot;02i5g000000993PAAQ&quot;
          },
          &quot;Name&quot; : &quot;test c 1&quot;,
          &quot;Quantity&quot; : {
            &quot;actions&quot; : { },
            &quot;alternateValues&quot; : null,
            &quot;dataType&quot; : &quot;DOUBLE&quot;,
            &quot;editable&quot; : false,
            &quot;fieldName&quot; : &quot;Quantity&quot;,
            &quot;hidden&quot; : true,
            &quot;label&quot; : &quot;Quantity&quot;,
            &quot;messages&quot; : [ ],
            &quot;originalValue&quot; : null,
            &quot;previousValue&quot; : null,
            &quot;value&quot; : 1
          },
          &quot;displaySequence&quot; : -1
        } ],
        &quot;totalSize&quot; : 0
      },
      &quot;displaySequence&quot; : -1
    } ],
    &quot;totalSize&quot; : 1
  }
}</expectedInputJson>
    <fieldLevelSecurityEnabled>false</fieldLevelSecurityEnabled>
    <inputType>JSON</inputType>
    <name>CPQAssetViewerResponseTransformer</name>
    <nullInputsIncludedInOutput>false</nullInputsIncludedInOutput>
    <omniDataTransformItem>
        <disabled>false</disabled>
        <filterGroup>0.0</filterGroup>
        <globalKey>CPQ-AssetViewer-Response-Transformer520166476935636</globalKey>
        <inputFieldName>response:actions:nexttranslation:remote:params:offsetSize</inputFieldName>
        <inputObjectQuerySequence>0.0</inputObjectQuerySequence>
        <linkedObjectSequence>0.0</linkedObjectSequence>
        <name>CPQAssetViewerResponseTransformer</name>
        <outputCreationSequence>1.0</outputCreationSequence>
        <outputFieldName>nextOffsetSize</outputFieldName>
        <outputObjectName>json</outputObjectName>
        <requiredForUpsert>false</requiredForUpsert>
        <upsertKey>false</upsertKey>
    </omniDataTransformItem>
    <omniDataTransformItem>
        <disabled>false</disabled>
        <filterGroup>0.0</filterGroup>
        <globalKey>CPQ-AssetViewer-Response-Transformer6323290723725066</globalKey>
        <inputFieldName>response:actions:nexttranslation:remote:params:currentPage</inputFieldName>
        <inputObjectQuerySequence>0.0</inputObjectQuerySequence>
        <linkedObjectSequence>0.0</linkedObjectSequence>
        <name>CPQAssetViewerResponseTransformer</name>
        <outputCreationSequence>1.0</outputCreationSequence>
        <outputFieldName>nextPage</outputFieldName>
        <outputObjectName>json</outputObjectName>
        <requiredForUpsert>false</requiredForUpsert>
        <upsertKey>false</upsertKey>
    </omniDataTransformItem>
    <omniDataTransformItem>
        <disabled>false</disabled>
        <filterGroup>0.0</filterGroup>
        <formulaSequence>1.0</formulaSequence>
        <globalKey>CPQ-AssetViewer-Response-Transformer5988701052030794</globalKey>
        <inputObjectQuerySequence>0.0</inputObjectQuerySequence>
        <linkedObjectSequence>0.0</linkedObjectSequence>
        <name>CPQAssetViewerResponseTransformer</name>
        <outputCreationSequence>0.0</outputCreationSequence>
        <outputFieldName>Formula</outputFieldName>
        <outputObjectName>Formula</outputObjectName>
        <requiredForUpsert>false</requiredForUpsert>
        <upsertKey>false</upsertKey>
    </omniDataTransformItem>
    <omniDataTransformItem>
        <disabled>false</disabled>
        <filterGroup>0.0</filterGroup>
        <globalKey>CPQ-AssetViewer-Response-TransformerCustom5102</globalKey>
        <inputFieldName>response:totalSize</inputFieldName>
        <inputObjectQuerySequence>0.0</inputObjectQuerySequence>
        <linkedObjectSequence>0.0</linkedObjectSequence>
        <name>CPQAssetViewerResponseTransformer</name>
        <outputCreationSequence>1.0</outputCreationSequence>
        <outputFieldName>totalSize</outputFieldName>
        <outputObjectName>json</outputObjectName>
        <requiredForUpsert>false</requiredForUpsert>
        <upsertKey>false</upsertKey>
    </omniDataTransformItem>
    <omniDataTransformItem>
        <disabled>false</disabled>
        <filterGroup>0.0</filterGroup>
        <globalKey>CPQ-AssetViewer-Response-Transformer6661334700445094</globalKey>
        <inputFieldName>response:actions:nexttranslation:remote:params:pagesize</inputFieldName>
        <inputObjectQuerySequence>0.0</inputObjectQuerySequence>
        <linkedObjectSequence>0.0</linkedObjectSequence>
        <name>CPQAssetViewerResponseTransformer</name>
        <outputCreationSequence>1.0</outputCreationSequence>
        <outputFieldName>nextPageSize</outputFieldName>
        <outputObjectName>json</outputObjectName>
        <requiredForUpsert>false</requiredForUpsert>
        <upsertKey>false</upsertKey>
    </omniDataTransformItem>
    <omniDataTransformItem>
        <disabled>false</disabled>
        <filterGroup>0.0</filterGroup>
        <globalKey>CPQ-AssetViewer-Response-Transformer5614761213799577</globalKey>
        <inputFieldName>response:records</inputFieldName>
        <inputObjectQuerySequence>0.0</inputObjectQuerySequence>
        <linkedObjectSequence>0.0</linkedObjectSequence>
        <name>CPQAssetViewerResponseTransformer</name>
        <outputCreationSequence>1.0</outputCreationSequence>
        <outputFieldName>records</outputFieldName>
        <outputObjectName>json</outputObjectName>
        <requiredForUpsert>false</requiredForUpsert>
        <upsertKey>false</upsertKey>
    </omniDataTransformItem>
    <outputType>JSON</outputType>
    <previewJsonData>{
  &quot;response&quot; : {
    &quot;actions&quot; : {
      &quot;nexttranslation&quot; : {
        &quot;client&quot; : {
          &quot;params&quot; : { }
        },
        &quot;remote&quot; : {
          &quot;params&quot; : {
            &quot;currentPage&quot; : 2,
            &quot;filters&quot; : &quot;AccountId%3A0015g000005FnCIAA0&quot;,
            &quot;methodName&quot; : &quot;cpq/assets&quot;,
            &quot;offsetSize&quot; : 3,
            &quot;pagesize&quot; : 1
          }
        },
        &quot;rest&quot; : {
          &quot;link&quot; : null,
          &quot;method&quot; : null,
          &quot;params&quot; : { }
        }
      }
    },
    &quot;records&quot; : [ {
      &quot;vlocity_cmt__AssetReferenceId__c&quot; : {
        &quot;actions&quot; : { },
        &quot;alternateValues&quot; : null,
        &quot;dataType&quot; : &quot;STRING&quot;,
        &quot;editable&quot; : false,
        &quot;fieldName&quot; : &quot;vlocity_cmt__AssetReferenceId__c&quot;,
        &quot;hidden&quot; : true,
        &quot;label&quot; : &quot;Asset Reference Id&quot;,
        &quot;messages&quot; : [ ],
        &quot;originalValue&quot; : null,
        &quot;previousValue&quot; : null,
        &quot;value&quot; : &quot;20f55687-4866-29ee-d1d2-039c8d58f41a&quot;
      },
      &quot;vlocity_cmt__LineNumber__c&quot; : {
        &quot;actions&quot; : { },
        &quot;alternateValues&quot; : null,
        &quot;dataType&quot; : &quot;STRING&quot;,
        &quot;editable&quot; : false,
        &quot;fieldName&quot; : &quot;vlocity_cmt__LineNumber__c&quot;,
        &quot;hidden&quot; : true,
        &quot;label&quot; : &quot;Line Number&quot;,
        &quot;messages&quot; : [ ],
        &quot;originalValue&quot; : null,
        &quot;previousValue&quot; : null,
        &quot;value&quot; : &quot;0001&quot;
      },
      &quot;vlocity_cmt__OneTimeCharge__c&quot; : {
        &quot;actions&quot; : { },
        &quot;alternateValues&quot; : null,
        &quot;dataType&quot; : &quot;CURRENCY&quot;,
        &quot;editable&quot; : false,
        &quot;fieldName&quot; : &quot;vlocity_cmt__OneTimeCharge__c&quot;,
        &quot;hidden&quot; : true,
        &quot;label&quot; : &quot;One Time Charge&quot;,
        &quot;messages&quot; : [ ],
        &quot;originalValue&quot; : null,
        &quot;previousValue&quot; : null,
        &quot;value&quot; : 100
      },
      &quot;vlocity_cmt__OneTimeTotal__c&quot; : {
        &quot;actions&quot; : { },
        &quot;alternateValues&quot; : null,
        &quot;dataType&quot; : &quot;CURRENCY&quot;,
        &quot;editable&quot; : false,
        &quot;fieldName&quot; : &quot;vlocity_cmt__OneTimeTotal__c&quot;,
        &quot;hidden&quot; : true,
        &quot;label&quot; : &quot;One Time Total&quot;,
        &quot;messages&quot; : [ ],
        &quot;originalValue&quot; : null,
        &quot;previousValue&quot; : null,
        &quot;value&quot; : 300
      },
      &quot;vlocity_cmt__RootItemId__c&quot; : {
        &quot;actions&quot; : { },
        &quot;alternateValues&quot; : null,
        &quot;dataType&quot; : &quot;STRING&quot;,
        &quot;editable&quot; : false,
        &quot;fieldName&quot; : &quot;vlocity_cmt__RootItemId__c&quot;,
        &quot;hidden&quot; : true,
        &quot;label&quot; : &quot;RootItemId&quot;,
        &quot;messages&quot; : [ ],
        &quot;originalValue&quot; : null,
        &quot;previousValue&quot; : null,
        &quot;value&quot; : &quot;20f55687-4866-29ee-d1d2-039c8d58f41a&quot;
      },
      &quot;vlocity_cmt__SequenceNumber__c&quot; : {
        &quot;actions&quot; : { },
        &quot;alternateValues&quot; : null,
        &quot;dataType&quot; : &quot;DOUBLE&quot;,
        &quot;editable&quot; : false,
        &quot;fieldName&quot; : &quot;vlocity_cmt__SequenceNumber__c&quot;,
        &quot;hidden&quot; : true,
        &quot;label&quot; : &quot;Sequence Number&quot;,
        &quot;messages&quot; : [ ],
        &quot;originalValue&quot; : null,
        &quot;previousValue&quot; : null,
        &quot;value&quot; : 1
      },
      &quot;AccountId&quot; : {
        &quot;actions&quot; : { },
        &quot;alternateValues&quot; : null,
        &quot;dataType&quot; : &quot;REFERENCE&quot;,
        &quot;editable&quot; : false,
        &quot;fieldName&quot; : &quot;AccountId&quot;,
        &quot;hidden&quot; : false,
        &quot;label&quot; : &quot;Account ID&quot;,
        &quot;messages&quot; : [ ],
        &quot;originalValue&quot; : null,
        &quot;previousValue&quot; : null,
        &quot;value&quot; : &quot;0015g000005FnCIAA0&quot;
      },
      &quot;CreatedById&quot; : {
        &quot;actions&quot; : { },
        &quot;alternateValues&quot; : null,
        &quot;dataType&quot; : &quot;REFERENCE&quot;,
        &quot;editable&quot; : false,
        &quot;fieldName&quot; : &quot;CreatedById&quot;,
        &quot;hidden&quot; : false,
        &quot;label&quot; : &quot;Created By ID&quot;,
        &quot;messages&quot; : [ ],
        &quot;originalValue&quot; : null,
        &quot;previousValue&quot; : null,
        &quot;value&quot; : &quot;0055g0000048hxfAAA&quot;
      },
      &quot;CreatedDate&quot; : {
        &quot;actions&quot; : { },
        &quot;alternateValues&quot; : null,
        &quot;dataType&quot; : &quot;DATETIME&quot;,
        &quot;editable&quot; : false,
        &quot;fieldName&quot; : &quot;CreatedDate&quot;,
        &quot;hidden&quot; : true,
        &quot;label&quot; : &quot;Created Date&quot;,
        &quot;messages&quot; : [ ],
        &quot;originalValue&quot; : null,
        &quot;previousValue&quot; : null,
        &quot;value&quot; : &quot;2021-04-12T06:31:04.000Z&quot;
      },
      &quot;Id&quot; : {
        &quot;actions&quot; : { },
        &quot;alternateValues&quot; : null,
        &quot;dataType&quot; : &quot;ID&quot;,
        &quot;editable&quot; : false,
        &quot;fieldName&quot; : &quot;Id&quot;,
        &quot;hidden&quot; : true,
        &quot;label&quot; : &quot;Asset ID&quot;,
        &quot;messages&quot; : [ ],
        &quot;originalValue&quot; : null,
        &quot;previousValue&quot; : null,
        &quot;value&quot; : &quot;02i5g000000993OAAQ&quot;
      },
      &quot;Name&quot; : &quot;test root&quot;,
      &quot;Quantity&quot; : {
        &quot;actions&quot; : { },
        &quot;alternateValues&quot; : null,
        &quot;dataType&quot; : &quot;DOUBLE&quot;,
        &quot;editable&quot; : false,
        &quot;fieldName&quot; : &quot;Quantity&quot;,
        &quot;hidden&quot; : true,
        &quot;label&quot; : &quot;Quantity&quot;,
        &quot;messages&quot; : [ ],
        &quot;originalValue&quot; : null,
        &quot;previousValue&quot; : null,
        &quot;value&quot; : 1
      },
      &quot;childAssets&quot; : {
        &quot;records&quot; : [ {
          &quot;vlocity_cmt__AssetReferenceId__c&quot; : {
            &quot;actions&quot; : { },
            &quot;alternateValues&quot; : null,
            &quot;dataType&quot; : &quot;STRING&quot;,
            &quot;editable&quot; : false,
            &quot;fieldName&quot; : &quot;vlocity_cmt__AssetReferenceId__c&quot;,
            &quot;hidden&quot; : true,
            &quot;label&quot; : &quot;Asset Reference Id&quot;,
            &quot;messages&quot; : [ ],
            &quot;originalValue&quot; : null,
            &quot;previousValue&quot; : null,
            &quot;value&quot; : &quot;98ebe022-cc1f-5aa1-effc-245ba600d464&quot;
          },
          &quot;vlocity_cmt__LineNumber__c&quot; : {
            &quot;actions&quot; : { },
            &quot;alternateValues&quot; : null,
            &quot;dataType&quot; : &quot;STRING&quot;,
            &quot;editable&quot; : false,
            &quot;fieldName&quot; : &quot;vlocity_cmt__LineNumber__c&quot;,
            &quot;hidden&quot; : true,
            &quot;label&quot; : &quot;Line Number&quot;,
            &quot;messages&quot; : [ ],
            &quot;originalValue&quot; : null,
            &quot;previousValue&quot; : null,
            &quot;value&quot; : &quot;0001.0001&quot;
          },
          &quot;vlocity_cmt__OneTimeCharge__c&quot; : {
            &quot;actions&quot; : { },
            &quot;alternateValues&quot; : null,
            &quot;dataType&quot; : &quot;CURRENCY&quot;,
            &quot;editable&quot; : false,
            &quot;fieldName&quot; : &quot;vlocity_cmt__OneTimeCharge__c&quot;,
            &quot;hidden&quot; : true,
            &quot;label&quot; : &quot;One Time Charge&quot;,
            &quot;messages&quot; : [ ],
            &quot;originalValue&quot; : null,
            &quot;previousValue&quot; : null,
            &quot;value&quot; : 100
          },
          &quot;vlocity_cmt__OneTimeTotal__c&quot; : {
            &quot;actions&quot; : { },
            &quot;alternateValues&quot; : null,
            &quot;dataType&quot; : &quot;CURRENCY&quot;,
            &quot;editable&quot; : false,
            &quot;fieldName&quot; : &quot;vlocity_cmt__OneTimeTotal__c&quot;,
            &quot;hidden&quot; : true,
            &quot;label&quot; : &quot;One Time Total&quot;,
            &quot;messages&quot; : [ ],
            &quot;originalValue&quot; : null,
            &quot;previousValue&quot; : null,
            &quot;value&quot; : 200
          },
          &quot;vlocity_cmt__ParentItemId__c&quot; : {
            &quot;actions&quot; : { },
            &quot;alternateValues&quot; : null,
            &quot;dataType&quot; : &quot;STRING&quot;,
            &quot;editable&quot; : false,
            &quot;fieldName&quot; : &quot;vlocity_cmt__ParentItemId__c&quot;,
            &quot;hidden&quot; : true,
            &quot;label&quot; : &quot;ParentItemId&quot;,
            &quot;messages&quot; : [ ],
            &quot;originalValue&quot; : null,
            &quot;previousValue&quot; : null,
            &quot;value&quot; : &quot;20f55687-4866-29ee-d1d2-039c8d58f41a&quot;
          },
          &quot;vlocity_cmt__RootItemId__c&quot; : {
            &quot;actions&quot; : { },
            &quot;alternateValues&quot; : null,
            &quot;dataType&quot; : &quot;STRING&quot;,
            &quot;editable&quot; : false,
            &quot;fieldName&quot; : &quot;vlocity_cmt__RootItemId__c&quot;,
            &quot;hidden&quot; : true,
            &quot;label&quot; : &quot;RootItemId&quot;,
            &quot;messages&quot; : [ ],
            &quot;originalValue&quot; : null,
            &quot;previousValue&quot; : null,
            &quot;value&quot; : &quot;20f55687-4866-29ee-d1d2-039c8d58f41a&quot;
          },
          &quot;vlocity_cmt__SequenceNumber__c&quot; : {
            &quot;actions&quot; : { },
            &quot;alternateValues&quot; : null,
            &quot;dataType&quot; : &quot;DOUBLE&quot;,
            &quot;editable&quot; : false,
            &quot;fieldName&quot; : &quot;vlocity_cmt__SequenceNumber__c&quot;,
            &quot;hidden&quot; : true,
            &quot;label&quot; : &quot;Sequence Number&quot;,
            &quot;messages&quot; : [ ],
            &quot;originalValue&quot; : null,
            &quot;previousValue&quot; : null,
            &quot;value&quot; : 1
          },
          &quot;AccountId&quot; : {
            &quot;actions&quot; : { },
            &quot;alternateValues&quot; : null,
            &quot;dataType&quot; : &quot;REFERENCE&quot;,
            &quot;editable&quot; : false,
            &quot;fieldName&quot; : &quot;AccountId&quot;,
            &quot;hidden&quot; : false,
            &quot;label&quot; : &quot;Account ID&quot;,
            &quot;messages&quot; : [ ],
            &quot;originalValue&quot; : null,
            &quot;previousValue&quot; : null,
            &quot;value&quot; : &quot;0015g000005FnCIAA0&quot;
          },
          &quot;CreatedById&quot; : {
            &quot;actions&quot; : { },
            &quot;alternateValues&quot; : null,
            &quot;dataType&quot; : &quot;REFERENCE&quot;,
            &quot;editable&quot; : false,
            &quot;fieldName&quot; : &quot;CreatedById&quot;,
            &quot;hidden&quot; : false,
            &quot;label&quot; : &quot;Created By ID&quot;,
            &quot;messages&quot; : [ ],
            &quot;originalValue&quot; : null,
            &quot;previousValue&quot; : null,
            &quot;value&quot; : &quot;0055g0000048hxfAAA&quot;
          },
          &quot;CreatedDate&quot; : {
            &quot;actions&quot; : { },
            &quot;alternateValues&quot; : null,
            &quot;dataType&quot; : &quot;DATETIME&quot;,
            &quot;editable&quot; : false,
            &quot;fieldName&quot; : &quot;CreatedDate&quot;,
            &quot;hidden&quot; : true,
            &quot;label&quot; : &quot;Created Date&quot;,
            &quot;messages&quot; : [ ],
            &quot;originalValue&quot; : null,
            &quot;previousValue&quot; : null,
            &quot;value&quot; : &quot;2021-04-12T06:31:04.000Z&quot;
          },
          &quot;Id&quot; : {
            &quot;actions&quot; : { },
            &quot;alternateValues&quot; : null,
            &quot;dataType&quot; : &quot;ID&quot;,
            &quot;editable&quot; : false,
            &quot;fieldName&quot; : &quot;Id&quot;,
            &quot;hidden&quot; : true,
            &quot;label&quot; : &quot;Asset ID&quot;,
            &quot;messages&quot; : [ ],
            &quot;originalValue&quot; : null,
            &quot;previousValue&quot; : null,
            &quot;value&quot; : &quot;02i5g000000993PAAQ&quot;
          },
          &quot;Name&quot; : &quot;test c 1&quot;,
          &quot;Quantity&quot; : {
            &quot;actions&quot; : { },
            &quot;alternateValues&quot; : null,
            &quot;dataType&quot; : &quot;DOUBLE&quot;,
            &quot;editable&quot; : false,
            &quot;fieldName&quot; : &quot;Quantity&quot;,
            &quot;hidden&quot; : true,
            &quot;label&quot; : &quot;Quantity&quot;,
            &quot;messages&quot; : [ ],
            &quot;originalValue&quot; : null,
            &quot;previousValue&quot; : null,
            &quot;value&quot; : 1
          },
          &quot;displaySequence&quot; : -1
        } ],
        &quot;totalSize&quot; : 0
      },
      &quot;displaySequence&quot; : -1
    } ],
    &quot;totalSize&quot; : 1
  }
}</previewJsonData>
    <processSuperBulk>false</processSuperBulk>
    <responseCacheTtlMinutes>0.0</responseCacheTtlMinutes>
    <rollbackOnError>false</rollbackOnError>
    <sourceObject>json</sourceObject>
    <sourceObjectDefault>false</sourceObjectDefault>
    <synchronousProcessThreshold>0.0</synchronousProcessThreshold>
    <type>Transform</type>
    <uniqueName>CPQAssetViewerResponseTransformer_1</uniqueName>
    <versionNumber>1.0</versionNumber>
    <xmlDeclarationRemoved>false</xmlDeclarationRemoved>
</OmniDataTransform>
