<?xml version="1.0" encoding="UTF-8"?>
<OmniDataTransform xmlns="http://soap.sforce.com/2006/04/metadata">
    <active>false</active>
    <assignmentRulesUsed>false</assignmentRulesUsed>
    <deletedOnSuccess>false</deletedOnSuccess>
    <errorIgnored>false</errorIgnored>
    <expectedInputJson>{
  &quot;AccountId&quot; : &quot;123&quot;,
  &quot;AssetIds&quot; : [ &quot;02i5e0000005P7u&quot;, &quot;02i5e0000005P7r&quot;, &quot;02i5e0000005TG6&quot;, &quot;02i5e0000005P7y&quot; ],
  &quot;OpportunityId&quot; : &quot;0065e000005wxpVAAQ&quot;,
  &quot;QuoteId&quot; : &quot;0Q05e000000hxFwCAI&quot;
}</expectedInputJson>
    <fieldLevelSecurityEnabled>false</fieldLevelSecurityEnabled>
    <inputType>JSON</inputType>
    <name>CPQAssetToQuoteRequestPayload</name>
    <nullInputsIncludedInOutput>false</nullInputsIncludedInOutput>
    <omniDataTransformItem>
        <defaultValue>false</defaultValue>
        <disabled>false</disabled>
        <filterGroup>0.0</filterGroup>
        <globalKey>CPQ-AssetToQuoteRequestPayloadCustom3662</globalKey>
        <inputObjectQuerySequence>0.0</inputObjectQuerySequence>
        <linkedObjectSequence>0.0</linkedObjectSequence>
        <name>CPQAssetToQuoteRequestPayload</name>
        <outputCreationSequence>1.0</outputCreationSequence>
        <outputFieldFormat>Boolean</outputFieldFormat>
        <outputFieldName>validate</outputFieldName>
        <outputObjectName>json</outputObjectName>
        <requiredForUpsert>false</requiredForUpsert>
        <upsertKey>false</upsertKey>
    </omniDataTransformItem>
    <omniDataTransformItem>
        <disabled>false</disabled>
        <filterGroup>0.0</filterGroup>
        <globalKey>CPQ-AssetToQuoteRequestPayloadCustom3770</globalKey>
        <inputFieldName>subaction</inputFieldName>
        <inputObjectQuerySequence>0.0</inputObjectQuerySequence>
        <linkedObjectSequence>0.0</linkedObjectSequence>
        <name>CPQAssetToQuoteRequestPayload</name>
        <outputCreationSequence>1.0</outputCreationSequence>
        <outputFieldName>subaction</outputFieldName>
        <outputObjectName>json</outputObjectName>
        <requiredForUpsert>false</requiredForUpsert>
        <upsertKey>false</upsertKey>
    </omniDataTransformItem>
    <omniDataTransformItem>
        <disabled>false</disabled>
        <filterGroup>0.0</filterGroup>
        <globalKey>CPQ-AssetToQuoteRequestPayloadCustom6445</globalKey>
        <inputFieldName>isAssetsFromMultiAccount</inputFieldName>
        <inputObjectQuerySequence>0.0</inputObjectQuerySequence>
        <linkedObjectSequence>0.0</linkedObjectSequence>
        <name>CPQAssetToQuoteRequestPayload</name>
        <outputCreationSequence>1.0</outputCreationSequence>
        <outputFieldName>isAssetsFromMultiAccount</outputFieldName>
        <outputObjectName>json</outputObjectName>
        <requiredForUpsert>false</requiredForUpsert>
        <upsertKey>false</upsertKey>
    </omniDataTransformItem>
    <omniDataTransformItem>
        <disabled>false</disabled>
        <filterGroup>0.0</filterGroup>
        <globalKey>CPQ-AssetToQuoteRequestPayloadCustom1260</globalKey>
        <inputFieldName>methodName</inputFieldName>
        <inputObjectQuerySequence>0.0</inputObjectQuerySequence>
        <linkedObjectSequence>0.0</linkedObjectSequence>
        <name>CPQAssetToQuoteRequestPayload</name>
        <outputCreationSequence>1.0</outputCreationSequence>
        <outputFieldName>methodName</outputFieldName>
        <outputObjectName>json</outputObjectName>
        <requiredForUpsert>false</requiredForUpsert>
        <upsertKey>false</upsertKey>
    </omniDataTransformItem>
    <omniDataTransformItem>
        <disabled>false</disabled>
        <filterGroup>0.0</filterGroup>
        <formulaConverted>| | NOW &quot;YYYY-MM-dd/\/\/HH:mm:ss&quot; FORMATDATETIME</formulaConverted>
        <formulaExpression>FORMATDATETIME(NOW(),&quot;YYYY-MM-dd HH:mm:ss&quot;)</formulaExpression>
        <formulaResultPath>requestDateTime</formulaResultPath>
        <formulaSequence>3.0</formulaSequence>
        <globalKey>CPQ-AssetToQuoteRequestPayloadCustom6246</globalKey>
        <inputObjectQuerySequence>0.0</inputObjectQuerySequence>
        <linkedObjectSequence>0.0</linkedObjectSequence>
        <name>CPQAssetToQuoteRequestPayload</name>
        <outputCreationSequence>0.0</outputCreationSequence>
        <outputFieldName>Formula</outputFieldName>
        <outputObjectName>Formula</outputObjectName>
        <requiredForUpsert>false</requiredForUpsert>
        <upsertKey>false</upsertKey>
    </omniDataTransformItem>
    <omniDataTransformItem>
        <disabled>false</disabled>
        <filterGroup>0.0</filterGroup>
        <globalKey>CPQ-AssetToQuoteRequestPayloadCustom8600</globalKey>
        <inputFieldName>ContextId</inputFieldName>
        <inputObjectQuerySequence>0.0</inputObjectQuerySequence>
        <linkedObjectSequence>0.0</linkedObjectSequence>
        <name>CPQAssetToQuoteRequestPayload</name>
        <outputCreationSequence>1.0</outputCreationSequence>
        <outputFieldName>ContextId</outputFieldName>
        <outputObjectName>json</outputObjectName>
        <requiredForUpsert>false</requiredForUpsert>
        <upsertKey>false</upsertKey>
    </omniDataTransformItem>
    <omniDataTransformItem>
        <disabled>false</disabled>
        <filterGroup>0.0</filterGroup>
        <formulaConverted>&apos;true&apos;</formulaConverted>
        <formulaExpression>&apos;true&apos;</formulaExpression>
        <formulaResultPath>isAssetsFromMultiAccount</formulaResultPath>
        <formulaSequence>4.0</formulaSequence>
        <globalKey>CPQ-AssetToQuoteRequestPayloadCustom281</globalKey>
        <inputObjectQuerySequence>0.0</inputObjectQuerySequence>
        <linkedObjectSequence>0.0</linkedObjectSequence>
        <name>CPQAssetToQuoteRequestPayload</name>
        <outputCreationSequence>0.0</outputCreationSequence>
        <outputFieldName>Formula</outputFieldName>
        <outputObjectName>Formula</outputObjectName>
        <requiredForUpsert>false</requiredForUpsert>
        <upsertKey>false</upsertKey>
    </omniDataTransformItem>
    <omniDataTransformItem>
        <disabled>false</disabled>
        <filterGroup>0.0</filterGroup>
        <formulaConverted>| var:additionalData:accountId &quot;:Asset:&quot; | var:itemsToProcessSubsetList &apos;+&apos; JOIN CONCAT</formulaConverted>
        <formulaExpression>CONCAT(additionalData:accountId,&quot;:Asset:&quot;,JOIN(itemsToProcessSubsetList,&apos;+&apos;))</formulaExpression>
        <formulaResultPath>ContextId</formulaResultPath>
        <formulaSequence>5.0</formulaSequence>
        <globalKey>CPQ-AssetToQuoteRequestPayloadCustom5566</globalKey>
        <inputObjectQuerySequence>0.0</inputObjectQuerySequence>
        <linkedObjectSequence>0.0</linkedObjectSequence>
        <name>CPQAssetToQuoteRequestPayload</name>
        <outputCreationSequence>0.0</outputCreationSequence>
        <outputFieldName>Formula</outputFieldName>
        <outputObjectName>Formula</outputObjectName>
        <requiredForUpsert>false</requiredForUpsert>
        <upsertKey>false</upsertKey>
    </omniDataTransformItem>
    <omniDataTransformItem>
        <disabled>false</disabled>
        <filterGroup>0.0</filterGroup>
        <formulaConverted>&apos;ASSETTOQUOTE&apos;</formulaConverted>
        <formulaExpression>&apos;ASSETTOQUOTE&apos;</formulaExpression>
        <formulaResultPath>subaction</formulaResultPath>
        <formulaSequence>2.0</formulaSequence>
        <globalKey>CPQ-AssetToQuoteRequestPayloadCustom5349</globalKey>
        <inputObjectQuerySequence>0.0</inputObjectQuerySequence>
        <linkedObjectSequence>0.0</linkedObjectSequence>
        <name>CPQAssetToQuoteRequestPayload</name>
        <outputCreationSequence>0.0</outputCreationSequence>
        <outputFieldName>Formula</outputFieldName>
        <outputObjectName>Formula</outputObjectName>
        <requiredForUpsert>false</requiredForUpsert>
        <upsertKey>false</upsertKey>
    </omniDataTransformItem>
    <omniDataTransformItem>
        <disabled>false</disabled>
        <filterGroup>0.0</filterGroup>
        <formulaConverted>&apos;changeToQuote&apos;</formulaConverted>
        <formulaExpression>&apos;changeToQuote&apos;</formulaExpression>
        <formulaResultPath>methodName</formulaResultPath>
        <formulaSequence>1.0</formulaSequence>
        <globalKey>CPQ-AssetToQuoteRequestPayloadCustom988</globalKey>
        <inputObjectQuerySequence>0.0</inputObjectQuerySequence>
        <linkedObjectSequence>0.0</linkedObjectSequence>
        <name>CPQAssetToQuoteRequestPayload</name>
        <outputCreationSequence>0.0</outputCreationSequence>
        <outputFieldName>Formula</outputFieldName>
        <outputObjectName>Formula</outputObjectName>
        <requiredForUpsert>false</requiredForUpsert>
        <upsertKey>false</upsertKey>
    </omniDataTransformItem>
    <omniDataTransformItem>
        <disabled>false</disabled>
        <filterGroup>0.0</filterGroup>
        <globalKey>CPQ-AssetToQuoteRequestPayloadCustom4023</globalKey>
        <inputFieldName>additionalData:quoteId</inputFieldName>
        <inputObjectQuerySequence>0.0</inputObjectQuerySequence>
        <linkedObjectSequence>0.0</linkedObjectSequence>
        <name>CPQAssetToQuoteRequestPayload</name>
        <outputCreationSequence>1.0</outputCreationSequence>
        <outputFieldName>quoteId</outputFieldName>
        <outputObjectName>json</outputObjectName>
        <requiredForUpsert>false</requiredForUpsert>
        <upsertKey>false</upsertKey>
    </omniDataTransformItem>
    <omniDataTransformItem>
        <disabled>false</disabled>
        <filterGroup>0.0</filterGroup>
        <globalKey>CPQ-AssetToQuoteRequestPayloadCustom3260</globalKey>
        <inputFieldName>requestDateTime</inputFieldName>
        <inputObjectQuerySequence>0.0</inputObjectQuerySequence>
        <linkedObjectSequence>0.0</linkedObjectSequence>
        <name>CPQAssetToQuoteRequestPayload</name>
        <outputCreationSequence>1.0</outputCreationSequence>
        <outputFieldName>requestDateTime</outputFieldName>
        <outputObjectName>json</outputObjectName>
        <requiredForUpsert>false</requiredForUpsert>
        <upsertKey>false</upsertKey>
    </omniDataTransformItem>
    <omniDataTransformItem>
        <disabled>false</disabled>
        <filterGroup>0.0</filterGroup>
        <globalKey>CPQ-AssetToQuoteRequestPayloadCustom9222</globalKey>
        <inputFieldName>additionalData:opportunityId</inputFieldName>
        <inputObjectQuerySequence>0.0</inputObjectQuerySequence>
        <linkedObjectSequence>0.0</linkedObjectSequence>
        <name>CPQAssetToQuoteRequestPayload</name>
        <outputCreationSequence>1.0</outputCreationSequence>
        <outputFieldName>opportunityId</outputFieldName>
        <outputObjectName>json</outputObjectName>
        <requiredForUpsert>false</requiredForUpsert>
        <upsertKey>false</upsertKey>
    </omniDataTransformItem>
    <omniDataTransformItem>
        <defaultValue>false</defaultValue>
        <disabled>false</disabled>
        <filterGroup>0.0</filterGroup>
        <globalKey>CPQ-AssetToQuoteRequestPayloadCustom7862</globalKey>
        <inputObjectQuerySequence>0.0</inputObjectQuerySequence>
        <linkedObjectSequence>0.0</linkedObjectSequence>
        <name>CPQAssetToQuoteRequestPayload</name>
        <outputCreationSequence>1.0</outputCreationSequence>
        <outputFieldFormat>Boolean</outputFieldFormat>
        <outputFieldName>price</outputFieldName>
        <outputObjectName>json</outputObjectName>
        <requiredForUpsert>false</requiredForUpsert>
        <upsertKey>false</upsertKey>
    </omniDataTransformItem>
    <outputType>JSON</outputType>
    <previewJsonData>{
  &quot;AccountId&quot; : &quot;0015e000003I9Jb&quot;,
  &quot;AssetIds&quot; : &quot;02i5e0000005P7u+02i5e0000005P7r+02i5e0000005TG6+02i5e0000005P7y+02i5e0000005RZH&quot;,
  &quot;OpportunityId&quot; : &quot;0065e000005x6w1AAA&quot;,
  &quot;QuoteId&quot; : &quot;0Q05e000000i1od&quot;,
  &quot;additionalData&quot; : {
    &quot;AccountId&quot; : &quot;0015e000003I9Jb&quot;,
    &quot;OpportunityId&quot; : &quot;0065e000005x6w1AAA&quot;,
    &quot;QuoteId&quot; : &quot;0Q05e000000i1od&quot;
  },
  &quot;asyncProcessId&quot; : &quot;9876543&quot;,
  &quot;asyncProcessName&quot; : &quot;Bulk CPQ&quot;,
  &quot;itemsToProcessSubsetList&quot; : [ &quot;02i5e0000005P7u&quot;, &quot;02i5e0000005P7r&quot;, &quot;02i5e0000005TG6&quot;, &quot;02i5e0000005P7y&quot;, &quot;02i5e0000005RZH&quot; ],
  &quot;referenceId&quot; : &quot;12324&quot;,
  &quot;stepName&quot; : &quot;Validate&quot;,
  &quot;stepNumber&quot; : 1
}</previewJsonData>
    <processSuperBulk>false</processSuperBulk>
    <responseCacheTtlMinutes>0.0</responseCacheTtlMinutes>
    <rollbackOnError>false</rollbackOnError>
    <sourceObject>json</sourceObject>
    <sourceObjectDefault>false</sourceObjectDefault>
    <synchronousProcessThreshold>0.0</synchronousProcessThreshold>
    <type>Transform</type>
    <uniqueName>CPQAssetToQuoteRequestPayload_1</uniqueName>
    <versionNumber>1.0</versionNumber>
    <xmlDeclarationRemoved>false</xmlDeclarationRemoved>
</OmniDataTransform>
