<?xml version="1.0" encoding="UTF-8"?>
<OmniDataTransform xmlns="http://soap.sforce.com/2006/04/metadata">
    <active>false</active>
    <assignmentRulesUsed>false</assignmentRulesUsed>
    <deletedOnSuccess>false</deletedOnSuccess>
    <errorIgnored>false</errorIgnored>
    <expectedInputJson>{
  &quot;ContextId&quot; : null,
  &quot;timeStamp&quot; : null,
  &quot;userId&quot; : null,
  &quot;userName&quot; : null,
  &quot;userProfile&quot; : null,
  &quot;userTimeZone&quot; : null,
  &quot;vlcPersistentComponent&quot; : { },
  &quot;vlcTimeTracking&quot; : {
    &quot;AllSelectedAssetIds&quot; : null,
    &quot;AssetsFromGroupCartResponse&quot; : null,
    &quot;CreateSelectedAssetIdsList&quot; : null,
    &quot;DataRaptorExtractAction3&quot; : null,
    &quot;ExtractAcco&quot; : null,
    &quot;ExtractAccountIdFromCart&quot; : null,
    &quot;ExtractAssetIdsFromOrderMember&quot; : null,
    &quot;ExtractAssetIdsFromQuoteMember&quot; : null,
    &quot;SetOrderId&quot; : null,
    &quot;SetQuoteId&quot; : null,
    &quot;UniqueAssetIdList&quot; : null
  }
}</expectedInputJson>
    <fieldLevelSecurityEnabled>false</fieldLevelSecurityEnabled>
    <inputType>JSON</inputType>
    <name>CPQExtractAccountIDFromCart</name>
    <nullInputsIncludedInOutput>false</nullInputsIncludedInOutput>
    <omniDataTransformItem>
        <disabled>true</disabled>
        <filterGroup>0.0</filterGroup>
        <globalKey>CPQExtractAccountIDFromCartCustom0jI3G00000000ynUAAItem4</globalKey>
        <inputFieldName>Order:AccountId</inputFieldName>
        <inputObjectQuerySequence>0.0</inputObjectQuerySequence>
        <linkedObjectSequence>0.0</linkedObjectSequence>
        <name>CPQExtractAccountIDFromCart</name>
        <outputCreationSequence>1.0</outputCreationSequence>
        <outputFieldName>accountId</outputFieldName>
        <outputObjectName>json</outputObjectName>
        <requiredForUpsert>false</requiredForUpsert>
        <upsertKey>false</upsertKey>
    </omniDataTransformItem>
    <omniDataTransformItem>
        <disabled>true</disabled>
        <filterGroup>0.0</filterGroup>
        <globalKey>CPQExtractAccountIDFromCartCustom0jI3G00000000ynUAAItem6</globalKey>
        <inputFieldName>Order:AccountId</inputFieldName>
        <inputObjectQuerySequence>0.0</inputObjectQuerySequence>
        <linkedObjectSequence>0.0</linkedObjectSequence>
        <name>CPQExtractAccountIDFromCart</name>
        <outputCreationSequence>1.0</outputCreationSequence>
        <outputFieldName>accountId</outputFieldName>
        <outputObjectName>json</outputObjectName>
        <requiredForUpsert>false</requiredForUpsert>
        <upsertKey>false</upsertKey>
    </omniDataTransformItem>
    <omniDataTransformItem>
        <disabled>false</disabled>
        <filterGroup>0.0</filterGroup>
        <globalKey>CPQExtractAccountIDFromCartCustom0jI3G00000000ynUAAItem2</globalKey>
        <inputFieldName>Order:AccountId</inputFieldName>
        <inputObjectQuerySequence>0.0</inputObjectQuerySequence>
        <linkedObjectSequence>0.0</linkedObjectSequence>
        <name>CPQExtractAccountIDFromCart</name>
        <outputCreationSequence>1.0</outputCreationSequence>
        <outputFieldName>accountId</outputFieldName>
        <outputObjectName>json</outputObjectName>
        <requiredForUpsert>false</requiredForUpsert>
        <upsertKey>false</upsertKey>
    </omniDataTransformItem>
    <omniDataTransformItem>
        <disabled>false</disabled>
        <filterGroup>0.0</filterGroup>
        <filterOperator>=</filterOperator>
        <filterValue>orderId</filterValue>
        <globalKey>CPQExtractAccountIDFromCartCustom0jI3G00000000ynUAAItem0</globalKey>
        <inputFieldName>Id</inputFieldName>
        <inputObjectName>Order</inputObjectName>
        <inputObjectQuerySequence>1.0</inputObjectQuerySequence>
        <linkedObjectSequence>0.0</linkedObjectSequence>
        <name>CPQExtractAccountIDFromCart</name>
        <outputCreationSequence>0.0</outputCreationSequence>
        <outputFieldName>Order</outputFieldName>
        <outputObjectName>json</outputObjectName>
        <requiredForUpsert>false</requiredForUpsert>
        <upsertKey>false</upsertKey>
    </omniDataTransformItem>
    <omniDataTransformItem>
        <disabled>false</disabled>
        <filterGroup>0.0</filterGroup>
        <filterOperator>=</filterOperator>
        <filterValue>quoteId</filterValue>
        <globalKey>CPQExtractAccountIDFromCartCustom0jI3G00000000ynUAAItem1</globalKey>
        <inputFieldName>Id</inputFieldName>
        <inputObjectName>Quote</inputObjectName>
        <inputObjectQuerySequence>2.0</inputObjectQuerySequence>
        <linkedObjectSequence>0.0</linkedObjectSequence>
        <name>CPQExtractAccountIDFromCart</name>
        <outputCreationSequence>0.0</outputCreationSequence>
        <outputFieldName>Quote</outputFieldName>
        <outputObjectName>json</outputObjectName>
        <requiredForUpsert>false</requiredForUpsert>
        <upsertKey>false</upsertKey>
    </omniDataTransformItem>
    <omniDataTransformItem>
        <disabled>true</disabled>
        <filterGroup>0.0</filterGroup>
        <globalKey>CPQExtractAccountIDFromCartCustom0jI3G00000000ynUAAItem5</globalKey>
        <inputFieldName>Quote:AccountId</inputFieldName>
        <inputObjectQuerySequence>0.0</inputObjectQuerySequence>
        <linkedObjectSequence>0.0</linkedObjectSequence>
        <name>CPQExtractAccountIDFromCart</name>
        <outputCreationSequence>1.0</outputCreationSequence>
        <outputFieldName>accountId</outputFieldName>
        <outputObjectName>json</outputObjectName>
        <requiredForUpsert>false</requiredForUpsert>
        <upsertKey>false</upsertKey>
    </omniDataTransformItem>
    <omniDataTransformItem>
        <disabled>true</disabled>
        <filterGroup>0.0</filterGroup>
        <globalKey>CPQExtractAccountIDFromCartCustom0jI3G00000000ynUAAItem7</globalKey>
        <inputFieldName>Quote:AccountId</inputFieldName>
        <inputObjectQuerySequence>0.0</inputObjectQuerySequence>
        <linkedObjectSequence>0.0</linkedObjectSequence>
        <name>CPQExtractAccountIDFromCart</name>
        <outputCreationSequence>1.0</outputCreationSequence>
        <outputFieldName>accountId</outputFieldName>
        <outputObjectName>json</outputObjectName>
        <requiredForUpsert>false</requiredForUpsert>
        <upsertKey>false</upsertKey>
    </omniDataTransformItem>
    <omniDataTransformItem>
        <disabled>true</disabled>
        <filterGroup>0.0</filterGroup>
        <globalKey>CPQExtractAccountIDFromCartCustom0jI3G00000000ynUAAItem3</globalKey>
        <inputFieldName>Quote:AccountId</inputFieldName>
        <inputObjectQuerySequence>0.0</inputObjectQuerySequence>
        <linkedObjectSequence>0.0</linkedObjectSequence>
        <name>CPQExtractAccountIDFromCart</name>
        <outputCreationSequence>1.0</outputCreationSequence>
        <outputFieldName>accountId</outputFieldName>
        <outputObjectName>json</outputObjectName>
        <requiredForUpsert>false</requiredForUpsert>
        <upsertKey>false</upsertKey>
    </omniDataTransformItem>
    <outputType>JSON</outputType>
    <previewJsonData>{
  &quot;orderId&quot; : &quot;8013G000001F1gdQAC&quot;
}</previewJsonData>
    <processSuperBulk>false</processSuperBulk>
    <responseCacheTtlMinutes>0.0</responseCacheTtlMinutes>
    <rollbackOnError>false</rollbackOnError>
    <sourceObject>json</sourceObject>
    <sourceObjectDefault>false</sourceObjectDefault>
    <synchronousProcessThreshold>0.0</synchronousProcessThreshold>
    <type>Extract</type>
    <uniqueName>CPQExtractAccountIDFromCart_1</uniqueName>
    <versionNumber>1.0</versionNumber>
    <xmlDeclarationRemoved>false</xmlDeclarationRemoved>
</OmniDataTransform>
