<?xml version="1.0" encoding="UTF-8"?>
<OmniDataTransform xmlns="http://soap.sforce.com/2006/04/metadata">
    <active>false</active>
    <assignmentRulesUsed>false</assignmentRulesUsed>
    <deletedOnSuccess>false</deletedOnSuccess>
    <description>Flatten list of Asset data objects to a list of Asset IDs.</description>
    <errorIgnored>false</errorIgnored>
    <expectedInputJson>{
  &quot;Assets&quot; : [ {
    &quot;Id&quot; : &quot;02i4x000000pQ7PAAU&quot;,
    &quot;Quantity&quot; : 1
  }, {
    &quot;Id&quot; : &quot;02i4x000000pQ7QAAU&quot;,
    &quot;Quantity&quot; : 1
  } ]
}</expectedInputJson>
    <expectedOutputJson>{
  &quot;assetIds&quot; : [ &quot;a1&quot;, &quot;a2&quot; ]
}</expectedOutputJson>
    <fieldLevelSecurityEnabled>false</fieldLevelSecurityEnabled>
    <inputType>JSON</inputType>
    <name>CPQFlattenAssetIds</name>
    <nullInputsIncludedInOutput>false</nullInputsIncludedInOutput>
    <omniDataTransformItem>
        <disabled>false</disabled>
        <filterGroup>0.0</filterGroup>
        <formulaConverted>var:Assets:Id</formulaConverted>
        <formulaExpression>Assets:Id</formulaExpression>
        <formulaResultPath>FormulaList</formulaResultPath>
        <formulaSequence>1.0</formulaSequence>
        <globalKey>CPQ-Flatten-Asset-Ids4326729120382713</globalKey>
        <inputObjectQuerySequence>0.0</inputObjectQuerySequence>
        <linkedObjectSequence>0.0</linkedObjectSequence>
        <name>CPQFlattenAssetIds</name>
        <outputCreationSequence>0.0</outputCreationSequence>
        <outputFieldName>Formula</outputFieldName>
        <outputObjectName>Formula</outputObjectName>
        <requiredForUpsert>false</requiredForUpsert>
        <upsertKey>false</upsertKey>
    </omniDataTransformItem>
    <omniDataTransformItem>
        <disabled>false</disabled>
        <filterGroup>0.0</filterGroup>
        <globalKey>CPQ-Flatten-Asset-Ids5575406127137865</globalKey>
        <inputFieldName>FormulaList</inputFieldName>
        <inputObjectQuerySequence>0.0</inputObjectQuerySequence>
        <linkedObjectSequence>0.0</linkedObjectSequence>
        <name>CPQFlattenAssetIds</name>
        <outputCreationSequence>1.0</outputCreationSequence>
        <outputFieldFormat>List&lt;String&gt;</outputFieldFormat>
        <outputFieldName>assetIds</outputFieldName>
        <outputObjectName>json</outputObjectName>
        <requiredForUpsert>false</requiredForUpsert>
        <upsertKey>false</upsertKey>
    </omniDataTransformItem>
    <outputType>JSON</outputType>
    <previewJsonData>{
  &quot;Assets&quot; : [ {
    &quot;Id&quot; : &quot;02i4x000000pQ7PAAU&quot;,
    &quot;Quantity&quot; : 1
  }, {
    &quot;Id&quot; : &quot;02i4x000000pQ7QAAU&quot;,
    &quot;Quantity&quot; : 1
  } ]
}</previewJsonData>
    <processSuperBulk>false</processSuperBulk>
    <responseCacheTtlMinutes>0.0</responseCacheTtlMinutes>
    <rollbackOnError>false</rollbackOnError>
    <sourceObject>json</sourceObject>
    <sourceObjectDefault>false</sourceObjectDefault>
    <synchronousProcessThreshold>0.0</synchronousProcessThreshold>
    <type>Transform</type>
    <uniqueName>CPQFlattenAssetIds_1</uniqueName>
    <versionNumber>1.0</versionNumber>
    <xmlDeclarationRemoved>false</xmlDeclarationRemoved>
</OmniDataTransform>
