<?xml version="1.0" encoding="UTF-8"?>
<OmniDataTransform xmlns="http://soap.sforce.com/2006/04/metadata">
    <active>false</active>
    <assignmentRulesUsed>false</assignmentRulesUsed>
    <deletedOnSuccess>false</deletedOnSuccess>
    <description>Turbo DR to fetch list of Products corresponding to a list of Asset IDs.</description>
    <errorIgnored>false</errorIgnored>
    <fieldLevelSecurityEnabled>false</fieldLevelSecurityEnabled>
    <inputType>JSON</inputType>
    <name>CPQGetProductsFromAssets</name>
    <nullInputsIncludedInOutput>false</nullInputsIncludedInOutput>
    <omniDataTransformItem>
        <disabled>false</disabled>
        <filterGroup>0.0</filterGroup>
        <globalKey>CPQ-Get-Products-From-Assets23847544231882933</globalKey>
        <inputFieldName>Product2.Id</inputFieldName>
        <inputObjectName>Asset</inputObjectName>
        <inputObjectQuerySequence>0.0</inputObjectQuerySequence>
        <linkedObjectSequence>0.0</linkedObjectSequence>
        <name>CPQGetProductsFromAssets</name>
        <outputCreationSequence>1.0</outputCreationSequence>
        <outputFieldName>Asset</outputFieldName>
        <outputObjectName>Turbo Extract</outputObjectName>
        <requiredForUpsert>false</requiredForUpsert>
        <upsertKey>false</upsertKey>
    </omniDataTransformItem>
    <omniDataTransformItem>
        <disabled>false</disabled>
        <filterGroup>0.0</filterGroup>
        <globalKey>CPQ-Get-Products-From-Assets6431247921657994</globalKey>
        <inputFieldName>Product2.Name</inputFieldName>
        <inputObjectName>Asset</inputObjectName>
        <inputObjectQuerySequence>0.0</inputObjectQuerySequence>
        <linkedObjectSequence>0.0</linkedObjectSequence>
        <name>CPQGetProductsFromAssets</name>
        <outputCreationSequence>1.0</outputCreationSequence>
        <outputFieldName>Asset</outputFieldName>
        <outputObjectName>Turbo Extract</outputObjectName>
        <requiredForUpsert>false</requiredForUpsert>
        <upsertKey>false</upsertKey>
    </omniDataTransformItem>
    <omniDataTransformItem>
        <disabled>false</disabled>
        <filterDataType>ID</filterDataType>
        <filterGroup>0.0</filterGroup>
        <filterOperator>IN</filterOperator>
        <filterValue>assetIds</filterValue>
        <globalKey>CPQ-Get-Products-From-Assets2982436785147269</globalKey>
        <inputFieldName>Id</inputFieldName>
        <inputObjectName>Asset</inputObjectName>
        <inputObjectQuerySequence>1.0</inputObjectQuerySequence>
        <linkedObjectSequence>0.0</linkedObjectSequence>
        <name>CPQGetProductsFromAssets</name>
        <outputCreationSequence>0.0</outputCreationSequence>
        <outputFieldName>Products</outputFieldName>
        <outputObjectName>Turbo Extract</outputObjectName>
        <requiredForUpsert>false</requiredForUpsert>
        <upsertKey>false</upsertKey>
    </omniDataTransformItem>
    <omniDataTransformItem>
        <disabled>false</disabled>
        <filterGroup>0.0</filterGroup>
        <globalKey>CPQ-Get-Products-From-AssetsCustom6261</globalKey>
        <inputFieldName>ProductFamily</inputFieldName>
        <inputObjectName>Asset</inputObjectName>
        <inputObjectQuerySequence>0.0</inputObjectQuerySequence>
        <linkedObjectSequence>0.0</linkedObjectSequence>
        <name>CPQGetProductsFromAssets</name>
        <outputCreationSequence>1.0</outputCreationSequence>
        <outputFieldName>Products</outputFieldName>
        <outputObjectName>Turbo Extract</outputObjectName>
        <requiredForUpsert>false</requiredForUpsert>
        <upsertKey>false</upsertKey>
    </omniDataTransformItem>
    <omniDataTransformItem>
        <disabled>false</disabled>
        <filterGroup>0.0</filterGroup>
        <globalKey>CPQ-Get-Products-From-AssetsCustom5482</globalKey>
        <inputFieldName>Quantity</inputFieldName>
        <inputObjectName>Asset</inputObjectName>
        <inputObjectQuerySequence>0.0</inputObjectQuerySequence>
        <linkedObjectSequence>0.0</linkedObjectSequence>
        <name>CPQGetProductsFromAssets</name>
        <outputCreationSequence>1.0</outputCreationSequence>
        <outputFieldName>Products</outputFieldName>
        <outputObjectName>Turbo Extract</outputObjectName>
        <requiredForUpsert>false</requiredForUpsert>
        <upsertKey>false</upsertKey>
    </omniDataTransformItem>
    <omniDataTransformItem>
        <disabled>false</disabled>
        <filterGroup>0.0</filterGroup>
        <globalKey>CPQ-Get-Products-From-AssetsCustom896</globalKey>
        <inputFieldName>vlocity_cmt__PriceListId__r.vlocity_cmt__Pricebook2Id__c</inputFieldName>
        <inputObjectName>Asset</inputObjectName>
        <inputObjectQuerySequence>0.0</inputObjectQuerySequence>
        <linkedObjectSequence>0.0</linkedObjectSequence>
        <name>CPQGetProductsFromAssets</name>
        <outputCreationSequence>1.0</outputCreationSequence>
        <outputFieldName>Products</outputFieldName>
        <outputObjectName>Turbo Extract</outputObjectName>
        <requiredForUpsert>false</requiredForUpsert>
        <upsertKey>false</upsertKey>
    </omniDataTransformItem>
    <omniDataTransformItem>
        <disabled>false</disabled>
        <filterGroup>0.0</filterGroup>
        <globalKey>CPQ-Get-Products-From-AssetsCustom343</globalKey>
        <inputFieldName>vlocity_cmt__PricebookEntryId__c</inputFieldName>
        <inputObjectName>Asset</inputObjectName>
        <inputObjectQuerySequence>0.0</inputObjectQuerySequence>
        <linkedObjectSequence>0.0</linkedObjectSequence>
        <name>CPQGetProductsFromAssets</name>
        <outputCreationSequence>1.0</outputCreationSequence>
        <outputFieldName>Products</outputFieldName>
        <outputObjectName>Turbo Extract</outputObjectName>
        <requiredForUpsert>false</requiredForUpsert>
        <upsertKey>false</upsertKey>
    </omniDataTransformItem>
    <outputParsingClass>CpqGetProductsFromAssetsProcessor</outputParsingClass>
    <outputType>Custom</outputType>
    <previewJsonData>{
  &quot;assetIds&quot; : [ &quot;02i5g000003MCxjAAG&quot;, &quot;02i5g0000009g19AAA&quot; ]
}</previewJsonData>
    <processSuperBulk>false</processSuperBulk>
    <responseCacheTtlMinutes>0.0</responseCacheTtlMinutes>
    <rollbackOnError>false</rollbackOnError>
    <sourceObject>json</sourceObject>
    <sourceObjectDefault>false</sourceObjectDefault>
    <synchronousProcessThreshold>0.0</synchronousProcessThreshold>
    <type>Turbo Extract</type>
    <uniqueName>CPQGetProductsFromAssets_1</uniqueName>
    <versionNumber>1.0</versionNumber>
    <xmlDeclarationRemoved>false</xmlDeclarationRemoved>
</OmniDataTransform>
