<?xml version="1.0" encoding="UTF-8"?>
<OmniDataTransform xmlns="http://soap.sforce.com/2006/04/metadata">
    <active>false</active>
    <assignmentRulesUsed>false</assignmentRulesUsed>
    <deletedOnSuccess>false</deletedOnSuccess>
    <errorIgnored>false</errorIgnored>
    <expectedInputJson>{
  &quot;records&quot; : [ {
    &quot;vlocity_cmt__CatalogCode__c&quot; : &quot;Mobile&quot;,
    &quot;vlocity_cmt__DefaultPriceListId__c&quot; : &quot;a3D5g000000oW2bEAE&quot;,
    &quot;vlocity_cmt__GlobalKey__c&quot; : &quot;7a086d3c-ec11-5ca3-0bae-b503c08ac9b8&quot;,
    &quot;vlocity_cmt__IsActive__c&quot; : true,
    &quot;vlocity_cmt__IsCatalogRoot__c&quot; : false,
    &quot;vlocity_cmt__IsDefault__c&quot; : false,
    &quot;CreatedById&quot; : &quot;0055g000007BFFrAAO&quot;,
    &quot;CreatedDate&quot; : &quot;2021-06-10T13:37:55.000+0000&quot;,
    &quot;Id&quot; : &quot;a0e5g000000hIhxAAE&quot;,
    &quot;IsDeleted&quot; : false,
    &quot;LastModifiedById&quot; : &quot;0055g000007BFFrAAO&quot;,
    &quot;LastModifiedDate&quot; : &quot;2021-06-10T13:37:55.000+0000&quot;,
    &quot;LastReferencedDate&quot; : &quot;2021-06-10T13:37:57.000+0000&quot;,
    &quot;LastViewedDate&quot; : &quot;2021-06-10T13:37:57.000+0000&quot;,
    &quot;Name&quot; : &quot;Mobile&quot;,
    &quot;OwnerId&quot; : &quot;0055g000007BFFrAAO&quot;,
    &quot;SystemModstamp&quot; : &quot;2021-06-10T13:37:55.000+0000&quot;,
    &quot;attributes&quot; : {
      &quot;type&quot; : &quot;vlocity_cmt__Catalog__c&quot;,
      &quot;url&quot; : &quot;/services/data/v51.0/sobjects/vlocity_cmt__Catalog__c/a0e5g000000hIhxAAE&quot;
    },
    &quot;catalogId&quot; : &quot;a0e5g000000hIhxAAE&quot;,
    &quot;catalogName&quot; : &quot;Mobile&quot;,
    &quot;displaySequence&quot; : -1
  }, {
    &quot;vlocity_cmt__CatalogCode__c&quot; : &quot;NewCatalog&quot;,
    &quot;vlocity_cmt__DefaultPriceListId__c&quot; : &quot;a3D5g000000oW2bEAE&quot;,
    &quot;vlocity_cmt__GlobalKey__c&quot; : &quot;c8ec76ac-e30c-7274-8018-955f8d83bcfd&quot;,
    &quot;vlocity_cmt__IsActive__c&quot; : true,
    &quot;vlocity_cmt__IsCatalogRoot__c&quot; : false,
    &quot;vlocity_cmt__IsDefault__c&quot; : false,
    &quot;CreatedById&quot; : &quot;0055g000007BFFrAAO&quot;,
    &quot;CreatedDate&quot; : &quot;2021-06-06T09:25:17.000+0000&quot;,
    &quot;Id&quot; : &quot;a0e5g000000hIGdAAM&quot;,
    &quot;IsDeleted&quot; : false,
    &quot;LastModifiedById&quot; : &quot;0055g000007BFFrAAO&quot;,
    &quot;LastModifiedDate&quot; : &quot;2021-06-10T13:25:21.000+0000&quot;,
    &quot;LastReferencedDate&quot; : &quot;2021-06-10T13:29:04.000+0000&quot;,
    &quot;LastViewedDate&quot; : &quot;2021-06-10T13:29:04.000+0000&quot;,
    &quot;Name&quot; : &quot;New Catalog&quot;,
    &quot;OwnerId&quot; : &quot;0055g000007BFFrAAO&quot;,
    &quot;SystemModstamp&quot; : &quot;2021-06-10T13:25:21.000+0000&quot;,
    &quot;attributes&quot; : {
      &quot;type&quot; : &quot;vlocity_cmt__Catalog__c&quot;,
      &quot;url&quot; : &quot;/services/data/v51.0/sobjects/vlocity_cmt__Catalog__c/a0e5g000000hIGdAAM&quot;
    },
    &quot;catalogId&quot; : &quot;a0e5g000000hIGdAAM&quot;,
    &quot;catalogName&quot; : &quot;New Catalog&quot;,
    &quot;displaySequence&quot; : -1
  }, {
    &quot;vlocity_cmt__CatalogCode__c&quot; : &quot;MobileAccessories&quot;,
    &quot;vlocity_cmt__DefaultPriceListId__c&quot; : &quot;a3D5g000000oW2bEAE&quot;,
    &quot;vlocity_cmt__GlobalKey__c&quot; : &quot;0063bbe9-8e58-4815-c995-b6d140240933&quot;,
    &quot;vlocity_cmt__IsActive__c&quot; : true,
    &quot;vlocity_cmt__IsCatalogRoot__c&quot; : false,
    &quot;vlocity_cmt__IsDefault__c&quot; : false,
    &quot;CreatedById&quot; : &quot;0055g000007BFFrAAO&quot;,
    &quot;CreatedDate&quot; : &quot;2021-06-10T13:38:54.000+0000&quot;,
    &quot;Id&quot; : &quot;a0e5g000000hIi3AAE&quot;,
    &quot;IsDeleted&quot; : false,
    &quot;LastModifiedById&quot; : &quot;0055g000007BFFrAAO&quot;,
    &quot;LastModifiedDate&quot; : &quot;2021-06-10T13:38:55.000+0000&quot;,
    &quot;LastReferencedDate&quot; : &quot;2021-06-11T05:40:54.000+0000&quot;,
    &quot;LastViewedDate&quot; : &quot;2021-06-11T05:40:54.000+0000&quot;,
    &quot;Name&quot; : &quot;Mobile Accessories&quot;,
    &quot;OwnerId&quot; : &quot;0055g000007BFFrAAO&quot;,
    &quot;SystemModstamp&quot; : &quot;2021-06-10T13:38:55.000+0000&quot;,
    &quot;attributes&quot; : {
      &quot;type&quot; : &quot;vlocity_cmt__Catalog__c&quot;,
      &quot;url&quot; : &quot;/services/data/v51.0/sobjects/vlocity_cmt__Catalog__c/a0e5g000000hIi3AAE&quot;
    },
    &quot;catalogId&quot; : &quot;a0e5g000000hIi3AAE&quot;,
    &quot;catalogName&quot; : &quot;Mobile Accessories&quot;,
    &quot;displaySequence&quot; : -1
  }, {
    &quot;vlocity_cmt__CatalogCode__c&quot; : &quot;InternetPlans&quot;,
    &quot;vlocity_cmt__DefaultPriceListId__c&quot; : &quot;a3D5g000000oW2bEAE&quot;,
    &quot;vlocity_cmt__GlobalKey__c&quot; : &quot;6576a860-8a9e-d12d-82bb-f3ee2a8be988&quot;,
    &quot;vlocity_cmt__IsActive__c&quot; : true,
    &quot;vlocity_cmt__IsCatalogRoot__c&quot; : false,
    &quot;vlocity_cmt__IsDefault__c&quot; : false,
    &quot;CreatedById&quot; : &quot;0055g000007BFFrAAO&quot;,
    &quot;CreatedDate&quot; : &quot;2021-06-10T13:38:20.000+0000&quot;,
    &quot;Id&quot; : &quot;a0e5g000000hIi2AAE&quot;,
    &quot;IsDeleted&quot; : false,
    &quot;LastModifiedById&quot; : &quot;0055g000007BFFrAAO&quot;,
    &quot;LastModifiedDate&quot; : &quot;2021-06-10T13:38:21.000+0000&quot;,
    &quot;LastReferencedDate&quot; : &quot;2021-06-10T13:38:22.000+0000&quot;,
    &quot;LastViewedDate&quot; : &quot;2021-06-10T13:38:22.000+0000&quot;,
    &quot;Name&quot; : &quot;Internet Plans&quot;,
    &quot;OwnerId&quot; : &quot;0055g000007BFFrAAO&quot;,
    &quot;SystemModstamp&quot; : &quot;2021-06-10T13:38:21.000+0000&quot;,
    &quot;attributes&quot; : {
      &quot;type&quot; : &quot;vlocity_cmt__Catalog__c&quot;,
      &quot;url&quot; : &quot;/services/data/v51.0/sobjects/vlocity_cmt__Catalog__c/a0e5g000000hIi2AAE&quot;
    },
    &quot;catalogId&quot; : &quot;a0e5g000000hIi2AAE&quot;,
    &quot;catalogName&quot; : &quot;Internet Plans&quot;,
    &quot;displaySequence&quot; : -1
  }, {
    &quot;vlocity_cmt__CatalogCode__c&quot; : &quot;TabletsAccessories&quot;,
    &quot;vlocity_cmt__DefaultPriceListId__c&quot; : &quot;a3D5g000000oW2bEAE&quot;,
    &quot;vlocity_cmt__GlobalKey__c&quot; : &quot;983786a9-4727-dd5a-eddf-4326f45350bb&quot;,
    &quot;vlocity_cmt__IsActive__c&quot; : true,
    &quot;vlocity_cmt__IsCatalogRoot__c&quot; : false,
    &quot;vlocity_cmt__IsDefault__c&quot; : false,
    &quot;CreatedById&quot; : &quot;0055g000007BFFrAAO&quot;,
    &quot;CreatedDate&quot; : &quot;2021-06-10T13:40:12.000+0000&quot;,
    &quot;Id&quot; : &quot;a0e5g000000hIiCAAU&quot;,
    &quot;IsDeleted&quot; : false,
    &quot;LastModifiedById&quot; : &quot;0055g000007BFFrAAO&quot;,
    &quot;LastModifiedDate&quot; : &quot;2021-06-10T13:40:12.000+0000&quot;,
    &quot;LastReferencedDate&quot; : &quot;2021-06-10T13:40:18.000+0000&quot;,
    &quot;LastViewedDate&quot; : &quot;2021-06-10T13:40:18.000+0000&quot;,
    &quot;Name&quot; : &quot;Tablets Accessories&quot;,
    &quot;OwnerId&quot; : &quot;0055g000007BFFrAAO&quot;,
    &quot;SystemModstamp&quot; : &quot;2021-06-10T13:40:12.000+0000&quot;,
    &quot;attributes&quot; : {
      &quot;type&quot; : &quot;vlocity_cmt__Catalog__c&quot;,
      &quot;url&quot; : &quot;/services/data/v51.0/sobjects/vlocity_cmt__Catalog__c/a0e5g000000hIiCAAU&quot;
    },
    &quot;catalogId&quot; : &quot;a0e5g000000hIiCAAU&quot;,
    &quot;catalogName&quot; : &quot;Tablets Accessories&quot;,
    &quot;displaySequence&quot; : -1
  }, {
    &quot;vlocity_cmt__CatalogCode__c&quot; : &quot;Tablets&quot;,
    &quot;vlocity_cmt__DefaultPriceListId__c&quot; : &quot;a3D5g000000oW2bEAE&quot;,
    &quot;vlocity_cmt__GlobalKey__c&quot; : &quot;37816d4c-d4fb-8d10-fc23-51aef9e2f8fb&quot;,
    &quot;vlocity_cmt__IsActive__c&quot; : true,
    &quot;vlocity_cmt__IsCatalogRoot__c&quot; : false,
    &quot;vlocity_cmt__IsDefault__c&quot; : false,
    &quot;CreatedById&quot; : &quot;0055g000007BFFrAAO&quot;,
    &quot;CreatedDate&quot; : &quot;2021-06-10T13:39:52.000+0000&quot;,
    &quot;Id&quot; : &quot;a0e5g000000hIi7AAE&quot;,
    &quot;IsDeleted&quot; : false,
    &quot;LastModifiedById&quot; : &quot;0055g000007BFFrAAO&quot;,
    &quot;LastModifiedDate&quot; : &quot;2021-06-10T13:39:53.000+0000&quot;,
    &quot;LastReferencedDate&quot; : &quot;2021-06-10T13:39:54.000+0000&quot;,
    &quot;LastViewedDate&quot; : &quot;2021-06-10T13:39:54.000+0000&quot;,
    &quot;Name&quot; : &quot;Tablets&quot;,
    &quot;OwnerId&quot; : &quot;0055g000007BFFrAAO&quot;,
    &quot;SystemModstamp&quot; : &quot;2021-06-10T13:39:53.000+0000&quot;,
    &quot;attributes&quot; : {
      &quot;type&quot; : &quot;vlocity_cmt__Catalog__c&quot;,
      &quot;url&quot; : &quot;/services/data/v51.0/sobjects/vlocity_cmt__Catalog__c/a0e5g000000hIi7AAE&quot;
    },
    &quot;catalogId&quot; : &quot;a0e5g000000hIi7AAE&quot;,
    &quot;catalogName&quot; : &quot;Tablets&quot;,
    &quot;displaySequence&quot; : -1
  } ],
  &quot;totalSize&quot; : 6
}</expectedInputJson>
    <expectedOutputJson>{
  &quot;records&quot; : [ {
    &quot;vlocity_cmt__CatalogCode__c&quot; : &quot;Mobile&quot;,
    &quot;vlocity_cmt__DefaultPriceListId__c&quot; : &quot;a3D5g000000oW2bEAE&quot;,
    &quot;vlocity_cmt__GlobalKey__c&quot; : &quot;7a086d3c-ec11-5ca3-0bae-b503c08ac9b8&quot;,
    &quot;vlocity_cmt__IsActive__c&quot; : true,
    &quot;vlocity_cmt__IsCatalogRoot__c&quot; : false,
    &quot;vlocity_cmt__IsDefault__c&quot; : false,
    &quot;CreatedById&quot; : &quot;0055g000007BFFrAAO&quot;,
    &quot;CreatedDate&quot; : &quot;2021-06-10T13:37:55.000+0000&quot;,
    &quot;Id&quot; : &quot;a0e5g000000hIhxAAE&quot;,
    &quot;IsDeleted&quot; : false,
    &quot;LastModifiedById&quot; : &quot;0055g000007BFFrAAO&quot;,
    &quot;LastModifiedDate&quot; : &quot;2021-06-10T13:37:55.000+0000&quot;,
    &quot;LastReferencedDate&quot; : &quot;2021-06-10T13:37:57.000+0000&quot;,
    &quot;LastViewedDate&quot; : &quot;2021-06-10T13:37:57.000+0000&quot;,
    &quot;Name&quot; : &quot;Mobile&quot;,
    &quot;OwnerId&quot; : &quot;0055g000007BFFrAAO&quot;,
    &quot;SystemModstamp&quot; : &quot;2021-06-10T13:37:55.000+0000&quot;,
    &quot;attributes&quot; : {
      &quot;type&quot; : &quot;vlocity_cmt__Catalog__c&quot;,
      &quot;url&quot; : &quot;/services/data/v51.0/sobjects/vlocity_cmt__Catalog__c/a0e5g000000hIhxAAE&quot;
    },
    &quot;catalogId&quot; : &quot;a0e5g000000hIhxAAE&quot;,
    &quot;catalogName&quot; : &quot;Mobile&quot;,
    &quot;displaySequence&quot; : -1,
    &quot;name&quot; : &quot;Mobile&quot;
  }, {
    &quot;vlocity_cmt__CatalogCode__c&quot; : &quot;Mobile&quot;,
    &quot;vlocity_cmt__DefaultPriceListId__c&quot; : &quot;a3D5g000000oW2bEAE&quot;,
    &quot;vlocity_cmt__GlobalKey__c&quot; : &quot;7a086d3c-ec11-5ca3-0bae-b503c08ac9b8&quot;,
    &quot;vlocity_cmt__IsActive__c&quot; : true,
    &quot;vlocity_cmt__IsCatalogRoot__c&quot; : false,
    &quot;vlocity_cmt__IsDefault__c&quot; : false,
    &quot;CreatedById&quot; : &quot;0055g000007BFFrAAO&quot;,
    &quot;CreatedDate&quot; : &quot;2021-06-10T13:37:55.000+0000&quot;,
    &quot;Id&quot; : &quot;a0e5g000000hIhxAAE&quot;,
    &quot;IsDeleted&quot; : false,
    &quot;LastModifiedById&quot; : &quot;0055g000007BFFrAAO&quot;,
    &quot;LastModifiedDate&quot; : &quot;2021-06-10T13:37:55.000+0000&quot;,
    &quot;LastReferencedDate&quot; : &quot;2021-06-10T13:37:57.000+0000&quot;,
    &quot;LastViewedDate&quot; : &quot;2021-06-10T13:37:57.000+0000&quot;,
    &quot;Name&quot; : &quot;Mobile&quot;,
    &quot;OwnerId&quot; : &quot;0055g000007BFFrAAO&quot;,
    &quot;SystemModstamp&quot; : &quot;2021-06-10T13:37:55.000+0000&quot;,
    &quot;attributes&quot; : {
      &quot;type&quot; : &quot;vlocity_cmt__Catalog__c&quot;,
      &quot;url&quot; : &quot;/services/data/v51.0/sobjects/vlocity_cmt__Catalog__c/a0e5g000000hIhxAAE&quot;
    },
    &quot;catalogId&quot; : &quot;a0e5g000000hIhxAAE&quot;,
    &quot;catalogName&quot; : &quot;Mobile&quot;,
    &quot;displaySequence&quot; : -1,
    &quot;name&quot; : &quot;New Catalog&quot;
  } ]
}</expectedOutputJson>
    <fieldLevelSecurityEnabled>false</fieldLevelSecurityEnabled>
    <inputType>JSON</inputType>
    <name>CPQSupportCatalogsForTypeaheadDR</name>
    <nullInputsIncludedInOutput>false</nullInputsIncludedInOutput>
    <omniDataTransformItem>
        <disabled>false</disabled>
        <filterGroup>0.0</filterGroup>
        <globalKey>CPQSupportCatalogsForTypeaheadDRCustom8823</globalKey>
        <inputFieldName>products</inputFieldName>
        <inputObjectQuerySequence>0.0</inputObjectQuerySequence>
        <linkedObjectSequence>0.0</linkedObjectSequence>
        <name>CPQSupportCatalogsForTypeaheadDR</name>
        <outputCreationSequence>1.0</outputCreationSequence>
        <outputFieldName>products</outputFieldName>
        <outputObjectName>json</outputObjectName>
        <requiredForUpsert>false</requiredForUpsert>
        <upsertKey>false</upsertKey>
    </omniDataTransformItem>
    <omniDataTransformItem>
        <disabled>false</disabled>
        <filterGroup>0.0</filterGroup>
        <globalKey>CPQSupportCatalogsForTypeaheadDRCustom6921</globalKey>
        <inputFieldName>products:Name</inputFieldName>
        <inputObjectQuerySequence>0.0</inputObjectQuerySequence>
        <linkedObjectSequence>0.0</linkedObjectSequence>
        <name>CPQSupportCatalogsForTypeaheadDR</name>
        <outputCreationSequence>1.0</outputCreationSequence>
        <outputFieldName>products:name</outputFieldName>
        <outputObjectName>json</outputObjectName>
        <requiredForUpsert>false</requiredForUpsert>
        <upsertKey>false</upsertKey>
    </omniDataTransformItem>
    <outputType>JSON</outputType>
    <previewJsonData>{
  &quot;records&quot; : [ {
    &quot;vlocity_cmt__CatalogCode__c&quot; : &quot;Mobile&quot;,
    &quot;vlocity_cmt__DefaultPriceListId__c&quot; : &quot;a3D5g000000oW2bEAE&quot;,
    &quot;vlocity_cmt__GlobalKey__c&quot; : &quot;7a086d3c-ec11-5ca3-0bae-b503c08ac9b8&quot;,
    &quot;vlocity_cmt__IsActive__c&quot; : true,
    &quot;vlocity_cmt__IsCatalogRoot__c&quot; : false,
    &quot;vlocity_cmt__IsDefault__c&quot; : false,
    &quot;CreatedById&quot; : &quot;0055g000007BFFrAAO&quot;,
    &quot;CreatedDate&quot; : &quot;2021-06-10T13:37:55.000+0000&quot;,
    &quot;Id&quot; : &quot;a0e5g000000hIhxAAE&quot;,
    &quot;IsDeleted&quot; : false,
    &quot;LastModifiedById&quot; : &quot;0055g000007BFFrAAO&quot;,
    &quot;LastModifiedDate&quot; : &quot;2021-06-10T13:37:55.000+0000&quot;,
    &quot;LastReferencedDate&quot; : &quot;2021-06-10T13:37:57.000+0000&quot;,
    &quot;LastViewedDate&quot; : &quot;2021-06-10T13:37:57.000+0000&quot;,
    &quot;Name&quot; : &quot;Mobile&quot;,
    &quot;OwnerId&quot; : &quot;0055g000007BFFrAAO&quot;,
    &quot;SystemModstamp&quot; : &quot;2021-06-10T13:37:55.000+0000&quot;,
    &quot;attributes&quot; : {
      &quot;type&quot; : &quot;vlocity_cmt__Catalog__c&quot;,
      &quot;url&quot; : &quot;/services/data/v51.0/sobjects/vlocity_cmt__Catalog__c/a0e5g000000hIhxAAE&quot;
    },
    &quot;catalogId&quot; : &quot;a0e5g000000hIhxAAE&quot;,
    &quot;catalogName&quot; : &quot;Mobile&quot;,
    &quot;displaySequence&quot; : -1
  }, {
    &quot;vlocity_cmt__CatalogCode__c&quot; : &quot;NewCatalog&quot;,
    &quot;vlocity_cmt__DefaultPriceListId__c&quot; : &quot;a3D5g000000oW2bEAE&quot;,
    &quot;vlocity_cmt__GlobalKey__c&quot; : &quot;c8ec76ac-e30c-7274-8018-955f8d83bcfd&quot;,
    &quot;vlocity_cmt__IsActive__c&quot; : true,
    &quot;vlocity_cmt__IsCatalogRoot__c&quot; : false,
    &quot;vlocity_cmt__IsDefault__c&quot; : false,
    &quot;CreatedById&quot; : &quot;0055g000007BFFrAAO&quot;,
    &quot;CreatedDate&quot; : &quot;2021-06-06T09:25:17.000+0000&quot;,
    &quot;Id&quot; : &quot;a0e5g000000hIGdAAM&quot;,
    &quot;IsDeleted&quot; : false,
    &quot;LastModifiedById&quot; : &quot;0055g000007BFFrAAO&quot;,
    &quot;LastModifiedDate&quot; : &quot;2021-06-10T13:25:21.000+0000&quot;,
    &quot;LastReferencedDate&quot; : &quot;2021-06-10T13:29:04.000+0000&quot;,
    &quot;LastViewedDate&quot; : &quot;2021-06-10T13:29:04.000+0000&quot;,
    &quot;Name&quot; : &quot;New Catalog&quot;,
    &quot;OwnerId&quot; : &quot;0055g000007BFFrAAO&quot;,
    &quot;SystemModstamp&quot; : &quot;2021-06-10T13:25:21.000+0000&quot;,
    &quot;attributes&quot; : {
      &quot;type&quot; : &quot;vlocity_cmt__Catalog__c&quot;,
      &quot;url&quot; : &quot;/services/data/v51.0/sobjects/vlocity_cmt__Catalog__c/a0e5g000000hIGdAAM&quot;
    },
    &quot;catalogId&quot; : &quot;a0e5g000000hIGdAAM&quot;,
    &quot;catalogName&quot; : &quot;New Catalog&quot;,
    &quot;displaySequence&quot; : -1
  } ],
  &quot;totalSize&quot; : 6
}</previewJsonData>
    <processSuperBulk>false</processSuperBulk>
    <responseCacheTtlMinutes>0.0</responseCacheTtlMinutes>
    <rollbackOnError>false</rollbackOnError>
    <sourceObject>json</sourceObject>
    <sourceObjectDefault>false</sourceObjectDefault>
    <synchronousProcessThreshold>0.0</synchronousProcessThreshold>
    <type>Transform</type>
    <uniqueName>CPQSupportCatalogsForTypeaheadDR_1</uniqueName>
    <versionNumber>1.0</versionNumber>
    <xmlDeclarationRemoved>false</xmlDeclarationRemoved>
</OmniDataTransform>
