<?xml version="1.0" encoding="UTF-8"?>
<OmniDataTransform xmlns="http://soap.sforce.com/2006/04/metadata">
    <active>false</active>
    <assignmentRulesUsed>false</assignmentRulesUsed>
    <deletedOnSuccess>false</deletedOnSuccess>
    <errorIgnored>false</errorIgnored>
    <expectedInputJson>{
  &quot;ContextId&quot; : &quot;80015000000Dl1A&quot;,
  &quot;timeStamp&quot; : &quot;2016-03-17T04:05:27.801Z&quot;,
  &quot;userName&quot; : &quot;qlu_contract_test@vlocity.com&quot;,
  &quot;userProfile&quot; : &quot;System Administrator&quot;,
  &quot;VersionNumber&quot; : 1,
  &quot;ContractType&quot; : &quot;Amendment&quot;,
  &quot;TrackingAgreement&quot; : true,
  &quot;vlcPersistentComponent&quot; : { },
  &quot;vlcTimeTracking&quot; : {
    &quot;Lines&quot; : 7075,
    &quot;SelectProduct&quot; : 7954
  },
  &quot;Lines&quot; : {
    &quot;CreateNewLine&quot; : &quot;CreateNewLine&quot;
  },
  &quot;Contract&quot; : {
    &quot;AccountId&quot; : &quot;0011500001FNz53AAD&quot;,
    &quot;Name&quot; : &quot;Test1&quot;,
    &quot;Id&quot; : &quot;80015000000Dl1AAAS&quot;
  },
  &quot;SelectProduct&quot; : {
    &quot;Product&quot; : [ {
      &quot;Name&quot; : &quot;GenWatt Propane 1500kW&quot;,
      &quot;ProductId&quot; : &quot;01t15000005EMCTAA4&quot;,
      &quot;vlcSelected&quot; : true,
      &quot;Status&quot; : &quot;Inactive&quot;
    }, {
      &quot;Name&quot; : &quot;GenWatt Diesel 1000kW&quot;,
      &quot;Family&quot; : &quot;Landline&quot;,
      &quot;ProductId&quot; : &quot;01t15000005EMCUAA4&quot;,
      &quot;vlcSelected&quot; : true,
      &quot;Status&quot; : &quot;Inactive&quot;
    } ]
  },
  &quot;EnterPrice&quot; : {
    &quot;SpecifyPrice&quot; : [ {
      &quot;Name&quot; : &quot;GenWatt Propane 1500kW&quot;,
      &quot;ProductId&quot; : &quot;01t15000005EMCTAA4&quot;,
      &quot;Quantity&quot; : 1,
      &quot;OneTimeCharge&quot; : 2.22,
      &quot;MonthlyCharge&quot; : 33.33,
      &quot;OneTimeTotal&quot; : 2.22,
      &quot;RecurringTotal&quot; : 33.33
    }, {
      &quot;Name&quot; : &quot;GenWatt Diesel 1000kW&quot;,
      &quot;ProductId&quot; : &quot;01t15000005EMCUAA4&quot;,
      &quot;Quantity&quot; : 3,
      &quot;OneTimeCharge&quot; : 333.33,
      &quot;MonthlyCharge&quot; : 333.33,
      &quot;OneTimeTotal&quot; : 999.99,
      &quot;RecurringTotal&quot; : 999.99
    } ]
  }
}</expectedInputJson>
    <fieldLevelSecurityEnabled>false</fieldLevelSecurityEnabled>
    <name>CreateLineItems</name>
    <nullInputsIncludedInOutput>false</nullInputsIncludedInOutput>
    <omniDataTransformItem>
        <disabled>false</disabled>
        <filterGroup>0.0</filterGroup>
        <globalKey>CreateLineItemsCustom6639</globalKey>
        <inputFieldName>ContextId</inputFieldName>
        <inputObjectName>json</inputObjectName>
        <inputObjectQuerySequence>0.0</inputObjectQuerySequence>
        <linkedObjectSequence>0.0</linkedObjectSequence>
        <name>CreateLineItems</name>
        <outputCreationSequence>1.0</outputCreationSequence>
        <outputFieldName>vlocity_cmt__ContractId__c</outputFieldName>
        <outputObjectName>vlocity_cmt__ContractLineItem__c</outputObjectName>
        <requiredForUpsert>false</requiredForUpsert>
        <upsertKey>false</upsertKey>
    </omniDataTransformItem>
    <omniDataTransformItem>
        <disabled>true</disabled>
        <filterGroup>0.0</filterGroup>
        <globalKey>CreateLineItemsCustom7942</globalKey>
        <inputFieldName>SelectProduct:Product:Id</inputFieldName>
        <inputObjectName>json</inputObjectName>
        <inputObjectQuerySequence>0.0</inputObjectQuerySequence>
        <linkedObjectSequence>0.0</linkedObjectSequence>
        <name>CreateLineItems</name>
        <outputCreationSequence>1.0</outputCreationSequence>
        <outputFieldName>vlocity_cmt__Product2Id__c</outputFieldName>
        <outputObjectName>vlocity_cmt__ContractLineItem__c</outputObjectName>
        <requiredForUpsert>false</requiredForUpsert>
        <upsertKey>false</upsertKey>
    </omniDataTransformItem>
    <omniDataTransformItem>
        <disabled>true</disabled>
        <filterGroup>0.0</filterGroup>
        <globalKey>CreateLineItemsCustom4954</globalKey>
        <inputFieldName>SelectProduct:Product:Name</inputFieldName>
        <inputObjectName>json</inputObjectName>
        <inputObjectQuerySequence>0.0</inputObjectQuerySequence>
        <linkedObjectSequence>0.0</linkedObjectSequence>
        <name>CreateLineItems</name>
        <outputCreationSequence>1.0</outputCreationSequence>
        <outputFieldName>Name</outputFieldName>
        <outputObjectName>vlocity_cmt__ContractLineItem__c</outputObjectName>
        <requiredForUpsert>false</requiredForUpsert>
        <upsertKey>false</upsertKey>
    </omniDataTransformItem>
    <omniDataTransformItem>
        <disabled>false</disabled>
        <filterGroup>0.0</filterGroup>
        <globalKey>CreateLineItemsCustom3949</globalKey>
        <inputFieldName>EnterPrice:SpecifyPrice:ProductId</inputFieldName>
        <inputObjectName>json</inputObjectName>
        <inputObjectQuerySequence>0.0</inputObjectQuerySequence>
        <linkedObjectSequence>0.0</linkedObjectSequence>
        <name>CreateLineItems</name>
        <outputCreationSequence>1.0</outputCreationSequence>
        <outputFieldName>vlocity_cmt__Product2Id__c</outputFieldName>
        <outputObjectName>vlocity_cmt__ContractLineItem__c</outputObjectName>
        <requiredForUpsert>false</requiredForUpsert>
        <upsertKey>false</upsertKey>
    </omniDataTransformItem>
    <omniDataTransformItem>
        <disabled>false</disabled>
        <filterGroup>0.0</filterGroup>
        <globalKey>CreateLineItemsCustom7220</globalKey>
        <inputFieldName>EnterPrice:SpecifyPrice:RecurringTotal</inputFieldName>
        <inputObjectName>json</inputObjectName>
        <inputObjectQuerySequence>0.0</inputObjectQuerySequence>
        <linkedObjectSequence>0.0</linkedObjectSequence>
        <name>CreateLineItems</name>
        <outputCreationSequence>1.0</outputCreationSequence>
        <outputFieldName>vlocity_cmt__RecurringTotal__c</outputFieldName>
        <outputObjectName>vlocity_cmt__ContractLineItem__c</outputObjectName>
        <requiredForUpsert>false</requiredForUpsert>
        <upsertKey>false</upsertKey>
    </omniDataTransformItem>
    <omniDataTransformItem>
        <disabled>false</disabled>
        <filterGroup>0.0</filterGroup>
        <globalKey>CreateLineItemsCustom1306</globalKey>
        <inputFieldName>EnterPrice:SpecifyPrice:Name</inputFieldName>
        <inputObjectName>json</inputObjectName>
        <inputObjectQuerySequence>0.0</inputObjectQuerySequence>
        <linkedObjectSequence>0.0</linkedObjectSequence>
        <name>CreateLineItems</name>
        <outputCreationSequence>1.0</outputCreationSequence>
        <outputFieldName>Name</outputFieldName>
        <outputObjectName>vlocity_cmt__ContractLineItem__c</outputObjectName>
        <requiredForUpsert>false</requiredForUpsert>
        <upsertKey>false</upsertKey>
    </omniDataTransformItem>
    <omniDataTransformItem>
        <disabled>false</disabled>
        <filterGroup>0.0</filterGroup>
        <globalKey>CreateLineItemsCustom9051</globalKey>
        <inputFieldName>EnterPrice:SpecifyPrice:Quantity</inputFieldName>
        <inputObjectName>json</inputObjectName>
        <inputObjectQuerySequence>0.0</inputObjectQuerySequence>
        <linkedObjectSequence>0.0</linkedObjectSequence>
        <name>CreateLineItems</name>
        <outputCreationSequence>1.0</outputCreationSequence>
        <outputFieldName>vlocity_cmt__Quantity__c</outputFieldName>
        <outputObjectName>vlocity_cmt__ContractLineItem__c</outputObjectName>
        <requiredForUpsert>false</requiredForUpsert>
        <upsertKey>false</upsertKey>
    </omniDataTransformItem>
    <omniDataTransformItem>
        <disabled>false</disabled>
        <filterGroup>0.0</filterGroup>
        <globalKey>CreateLineItemsCustom4522</globalKey>
        <inputFieldName>EnterPrice:SpecifyPrice:OneTimeTotal</inputFieldName>
        <inputObjectName>json</inputObjectName>
        <inputObjectQuerySequence>0.0</inputObjectQuerySequence>
        <linkedObjectSequence>0.0</linkedObjectSequence>
        <name>CreateLineItems</name>
        <outputCreationSequence>1.0</outputCreationSequence>
        <outputFieldName>vlocity_cmt__OneTimeTotal__c</outputFieldName>
        <outputObjectName>vlocity_cmt__ContractLineItem__c</outputObjectName>
        <requiredForUpsert>false</requiredForUpsert>
        <upsertKey>false</upsertKey>
    </omniDataTransformItem>
    <omniDataTransformItem>
        <disabled>false</disabled>
        <filterGroup>0.0</filterGroup>
        <globalKey>CreateLineItemsCustom476</globalKey>
        <inputFieldName>EnterPrice:SpecifyPrice:OneTimeCharge</inputFieldName>
        <inputObjectName>json</inputObjectName>
        <inputObjectQuerySequence>0.0</inputObjectQuerySequence>
        <linkedObjectSequence>0.0</linkedObjectSequence>
        <name>CreateLineItems</name>
        <outputCreationSequence>1.0</outputCreationSequence>
        <outputFieldName>vlocity_cmt__OneTimeCharge__c</outputFieldName>
        <outputObjectName>vlocity_cmt__ContractLineItem__c</outputObjectName>
        <requiredForUpsert>false</requiredForUpsert>
        <upsertKey>false</upsertKey>
    </omniDataTransformItem>
    <omniDataTransformItem>
        <disabled>false</disabled>
        <filterGroup>0.0</filterGroup>
        <globalKey>CreateLineItemsCustom4977</globalKey>
        <inputFieldName>EnterPrice:SpecifyPrice:MonthlyCharge</inputFieldName>
        <inputObjectName>json</inputObjectName>
        <inputObjectQuerySequence>0.0</inputObjectQuerySequence>
        <linkedObjectSequence>0.0</linkedObjectSequence>
        <name>CreateLineItems</name>
        <outputCreationSequence>1.0</outputCreationSequence>
        <outputFieldName>vlocity_cmt__RecurringCharge__c</outputFieldName>
        <outputObjectName>vlocity_cmt__ContractLineItem__c</outputObjectName>
        <requiredForUpsert>false</requiredForUpsert>
        <upsertKey>false</upsertKey>
    </omniDataTransformItem>
    <processSuperBulk>false</processSuperBulk>
    <responseCacheTtlMinutes>0.0</responseCacheTtlMinutes>
    <rollbackOnError>false</rollbackOnError>
    <sourceObject>json</sourceObject>
    <sourceObjectDefault>false</sourceObjectDefault>
    <synchronousProcessThreshold>0.0</synchronousProcessThreshold>
    <type>Load</type>
    <uniqueName>CreateLineItems_1</uniqueName>
    <versionNumber>1.0</versionNumber>
    <xmlDeclarationRemoved>false</xmlDeclarationRemoved>
</OmniDataTransform>
