<?xml version="1.0" encoding="UTF-8"?>
<OmniDataTransform xmlns="http://soap.sforce.com/2006/04/metadata">
    <active>false</active>
    <assignmentRulesUsed>false</assignmentRulesUsed>
    <deletedOnSuccess>false</deletedOnSuccess>
    <errorIgnored>false</errorIgnored>
    <expectedInputJson>{
  &quot;ContextId&quot; : null,
  &quot;timeStamp&quot; : null,
  &quot;userId&quot; : null,
  &quot;userName&quot; : null,
  &quot;userProfile&quot; : null,
  &quot;userTimeZone&quot; : null,
  &quot;vlcPersistentComponent&quot; : { },
  &quot;vlcTimeTracking&quot; : {
    &quot;CreateMasterContractLineItems&quot; : null
  }
}</expectedInputJson>
    <fieldLevelSecurityEnabled>false</fieldLevelSecurityEnabled>
    <inputType>JSON</inputType>
    <name>CreateParentContractLineItems</name>
    <nullInputsIncludedInOutput>false</nullInputsIncludedInOutput>
    <omniDataTransformItem>
        <disabled>false</disabled>
        <filterGroup>0.0</filterGroup>
        <globalKey>CreateParentContractLineItems1971366478830161</globalKey>
        <inputFieldName>QuotLineItems:quoteLineItemSO:vlocity_cmt__RecurringCalculatedPrice__c</inputFieldName>
        <inputObjectQuerySequence>0.0</inputObjectQuerySequence>
        <linkedObjectSequence>0.0</linkedObjectSequence>
        <name>CreateParentContractLineItems</name>
        <outputCreationSequence>1.0</outputCreationSequence>
        <outputFieldName>vlocity_cmt__RecurringCalculatedPrice__c</outputFieldName>
        <outputObjectName>vlocity_cmt__ContractLineItem__c</outputObjectName>
        <requiredForUpsert>false</requiredForUpsert>
        <upsertKey>false</upsertKey>
    </omniDataTransformItem>
    <omniDataTransformItem>
        <disabled>false</disabled>
        <filterGroup>0.0</filterGroup>
        <globalKey>CreateParentContractLineItems5429454629474195</globalKey>
        <inputFieldName>QuotLineItems:quoteLineItemSO:vlocity_cmt__RecurringCharge__c</inputFieldName>
        <inputObjectQuerySequence>0.0</inputObjectQuerySequence>
        <linkedObjectSequence>0.0</linkedObjectSequence>
        <name>CreateParentContractLineItems</name>
        <outputCreationSequence>1.0</outputCreationSequence>
        <outputFieldName>vlocity_cmt__RecurringCharge__c</outputFieldName>
        <outputObjectName>vlocity_cmt__ContractLineItem__c</outputObjectName>
        <requiredForUpsert>false</requiredForUpsert>
        <upsertKey>false</upsertKey>
    </omniDataTransformItem>
    <omniDataTransformItem>
        <disabled>false</disabled>
        <filterGroup>0.0</filterGroup>
        <globalKey>CreateParentContractLineItems31646576855263575</globalKey>
        <inputFieldName>QuotLineItems:quoteLineItemSO:Quantity</inputFieldName>
        <inputObjectQuerySequence>0.0</inputObjectQuerySequence>
        <linkedObjectSequence>0.0</linkedObjectSequence>
        <name>CreateParentContractLineItems</name>
        <outputCreationSequence>1.0</outputCreationSequence>
        <outputFieldName>vlocity_cmt__Quantity__c</outputFieldName>
        <outputObjectName>vlocity_cmt__ContractLineItem__c</outputObjectName>
        <requiredForUpsert>false</requiredForUpsert>
        <upsertKey>false</upsertKey>
    </omniDataTransformItem>
    <omniDataTransformItem>
        <disabled>false</disabled>
        <filterGroup>0.0</filterGroup>
        <globalKey>CreateParentContractLineItems42751765566518385</globalKey>
        <inputFieldName>QuotLineItems:quoteLineItemSO:Id</inputFieldName>
        <inputObjectQuerySequence>0.0</inputObjectQuerySequence>
        <linkedObjectSequence>0.0</linkedObjectSequence>
        <name>CreateParentContractLineItems</name>
        <outputCreationSequence>1.0</outputCreationSequence>
        <outputFieldName>vlocity_cmt__QuoteLineItem__c</outputFieldName>
        <outputObjectName>vlocity_cmt__ContractLineItem__c</outputObjectName>
        <requiredForUpsert>false</requiredForUpsert>
        <upsertKey>false</upsertKey>
    </omniDataTransformItem>
    <omniDataTransformItem>
        <disabled>false</disabled>
        <filterGroup>0.0</filterGroup>
        <globalKey>CreateParentContractLineItems2200033282943934</globalKey>
        <inputFieldName>QuotLineItems:quoteLineItemSO:vlocity_cmt__SerialNumber__c</inputFieldName>
        <inputObjectQuerySequence>0.0</inputObjectQuerySequence>
        <linkedObjectSequence>0.0</linkedObjectSequence>
        <name>CreateParentContractLineItems</name>
        <outputCreationSequence>1.0</outputCreationSequence>
        <outputFieldName>vlocity_cmt__SerialNumber__c</outputFieldName>
        <outputObjectName>vlocity_cmt__ContractLineItem__c</outputObjectName>
        <requiredForUpsert>false</requiredForUpsert>
        <upsertKey>false</upsertKey>
    </omniDataTransformItem>
    <omniDataTransformItem>
        <disabled>false</disabled>
        <filterGroup>0.0</filterGroup>
        <globalKey>CreateParentContractLineItems3277345542770569</globalKey>
        <inputFieldName>QuotLineItems:quoteLineItemSO:vlocity_cmt__ServiceAccountId__c</inputFieldName>
        <inputObjectQuerySequence>0.0</inputObjectQuerySequence>
        <linkedObjectSequence>0.0</linkedObjectSequence>
        <name>CreateParentContractLineItems</name>
        <outputCreationSequence>1.0</outputCreationSequence>
        <outputFieldName>vlocity_cmt__ServiceAccountId__c</outputFieldName>
        <outputObjectName>vlocity_cmt__ContractLineItem__c</outputObjectName>
        <requiredForUpsert>false</requiredForUpsert>
        <upsertKey>false</upsertKey>
    </omniDataTransformItem>
    <omniDataTransformItem>
        <disabled>false</disabled>
        <filterGroup>0.0</filterGroup>
        <globalKey>CreateParentContractLineItems2883769199263948</globalKey>
        <inputFieldName>QuotLineItems:quoteLineItemSO:vlocity_cmt__RecurringTotal__c</inputFieldName>
        <inputObjectQuerySequence>0.0</inputObjectQuerySequence>
        <linkedObjectSequence>0.0</linkedObjectSequence>
        <name>CreateParentContractLineItems</name>
        <outputCreationSequence>1.0</outputCreationSequence>
        <outputFieldName>vlocity_cmt__RecurringTotal__c</outputFieldName>
        <outputObjectName>vlocity_cmt__ContractLineItem__c</outputObjectName>
        <requiredForUpsert>false</requiredForUpsert>
        <upsertKey>false</upsertKey>
    </omniDataTransformItem>
    <omniDataTransformItem>
        <disabled>false</disabled>
        <filterGroup>0.0</filterGroup>
        <globalKey>CreateParentContractLineItems8731377273100343</globalKey>
        <inputFieldName>QuotLineItems:quoteLineItemSO:vlocity_cmt__RecurringUOM__c</inputFieldName>
        <inputObjectQuerySequence>0.0</inputObjectQuerySequence>
        <linkedObjectSequence>0.0</linkedObjectSequence>
        <name>CreateParentContractLineItems</name>
        <outputCreationSequence>1.0</outputCreationSequence>
        <outputFieldName>vlocity_cmt__RecurringUOM__c</outputFieldName>
        <outputObjectName>vlocity_cmt__ContractLineItem__c</outputObjectName>
        <requiredForUpsert>false</requiredForUpsert>
        <upsertKey>false</upsertKey>
    </omniDataTransformItem>
    <omniDataTransformItem>
        <disabled>false</disabled>
        <filterGroup>0.0</filterGroup>
        <globalKey>CreateParentContractLineItems18891591245007167</globalKey>
        <inputFieldName>QuotLineItems:quoteLineItemSO:vlocity_cmt__RecurringDiscountPrice__c</inputFieldName>
        <inputObjectQuerySequence>0.0</inputObjectQuerySequence>
        <linkedObjectSequence>0.0</linkedObjectSequence>
        <name>CreateParentContractLineItems</name>
        <outputCreationSequence>1.0</outputCreationSequence>
        <outputFieldName>vlocity_cmt__RecurringDiscountPrice__c</outputFieldName>
        <outputObjectName>vlocity_cmt__ContractLineItem__c</outputObjectName>
        <requiredForUpsert>false</requiredForUpsert>
        <upsertKey>false</upsertKey>
    </omniDataTransformItem>
    <omniDataTransformItem>
        <disabled>false</disabled>
        <filterGroup>0.0</filterGroup>
        <globalKey>CreateParentContractLineItems537340188016624</globalKey>
        <inputFieldName>QuotLineItems:quoteLineItemSO:vlocity_cmt__RecurringManualDiscount__c</inputFieldName>
        <inputObjectQuerySequence>0.0</inputObjectQuerySequence>
        <linkedObjectSequence>0.0</linkedObjectSequence>
        <name>CreateParentContractLineItems</name>
        <outputCreationSequence>1.0</outputCreationSequence>
        <outputFieldName>vlocity_cmt__RecurringManualDiscount__c</outputFieldName>
        <outputObjectName>vlocity_cmt__ContractLineItem__c</outputObjectName>
        <requiredForUpsert>false</requiredForUpsert>
        <upsertKey>false</upsertKey>
    </omniDataTransformItem>
    <omniDataTransformItem>
        <disabled>false</disabled>
        <filterGroup>0.0</filterGroup>
        <globalKey>CreateParentContractLineItems16310206200021526</globalKey>
        <inputFieldName>QuotLineItems:quoteLineItemSO:vlocity_cmt__OneTimeManualDiscount__c</inputFieldName>
        <inputObjectQuerySequence>0.0</inputObjectQuerySequence>
        <linkedObjectSequence>0.0</linkedObjectSequence>
        <name>CreateParentContractLineItems</name>
        <outputCreationSequence>1.0</outputCreationSequence>
        <outputFieldName>vlocity_cmt__OneTimeManualDiscount__c</outputFieldName>
        <outputObjectName>vlocity_cmt__ContractLineItem__c</outputObjectName>
        <requiredForUpsert>false</requiredForUpsert>
        <upsertKey>false</upsertKey>
    </omniDataTransformItem>
    <omniDataTransformItem>
        <disabled>false</disabled>
        <filterGroup>0.0</filterGroup>
        <globalKey>CreateParentContractLineItems795083020188859</globalKey>
        <inputFieldName>QuotLineItems:quoteLineItemSO:vlocity_cmt__OneTimeTotal__c</inputFieldName>
        <inputObjectQuerySequence>0.0</inputObjectQuerySequence>
        <linkedObjectSequence>0.0</linkedObjectSequence>
        <name>CreateParentContractLineItems</name>
        <outputCreationSequence>1.0</outputCreationSequence>
        <outputFieldName>vlocity_cmt__OneTimeTotal__c</outputFieldName>
        <outputObjectName>vlocity_cmt__ContractLineItem__c</outputObjectName>
        <requiredForUpsert>false</requiredForUpsert>
        <upsertKey>false</upsertKey>
    </omniDataTransformItem>
    <omniDataTransformItem>
        <disabled>false</disabled>
        <filterGroup>0.0</filterGroup>
        <globalKey>CreateParentContractLineItems2509071047890743</globalKey>
        <inputFieldName>QuotLineItems:quoteLineItemSO:vlocity_cmt__OneTimeCharge__c</inputFieldName>
        <inputObjectQuerySequence>0.0</inputObjectQuerySequence>
        <linkedObjectSequence>0.0</linkedObjectSequence>
        <name>CreateParentContractLineItems</name>
        <outputCreationSequence>1.0</outputCreationSequence>
        <outputFieldName>vlocity_cmt__OneTimeCharge__c</outputFieldName>
        <outputObjectName>vlocity_cmt__ContractLineItem__c</outputObjectName>
        <requiredForUpsert>false</requiredForUpsert>
        <upsertKey>false</upsertKey>
    </omniDataTransformItem>
    <omniDataTransformItem>
        <disabled>false</disabled>
        <filterGroup>0.0</filterGroup>
        <globalKey>CreateParentContractLineItems1675407957716919</globalKey>
        <inputFieldName>QuotLineItems:quoteLineItemSO:vlocity_cmt__OneTimeDiscountPrice__c</inputFieldName>
        <inputObjectQuerySequence>0.0</inputObjectQuerySequence>
        <linkedObjectSequence>0.0</linkedObjectSequence>
        <name>CreateParentContractLineItems</name>
        <outputCreationSequence>1.0</outputCreationSequence>
        <outputFieldName>vlocity_cmt__OneTimeDiscountPrice__c</outputFieldName>
        <outputObjectName>vlocity_cmt__ContractLineItem__c</outputObjectName>
        <requiredForUpsert>false</requiredForUpsert>
        <upsertKey>false</upsertKey>
    </omniDataTransformItem>
    <omniDataTransformItem>
        <disabled>false</disabled>
        <filterGroup>0.0</filterGroup>
        <globalKey>CreateParentContractLineItems48868722073576154</globalKey>
        <inputFieldName>QuotLineItems:quoteLineItemSO:vlocity_cmt__LineNumber__c</inputFieldName>
        <inputObjectQuerySequence>0.0</inputObjectQuerySequence>
        <linkedObjectSequence>0.0</linkedObjectSequence>
        <name>CreateParentContractLineItems</name>
        <outputCreationSequence>1.0</outputCreationSequence>
        <outputFieldName>vlocity_cmt__LineNumber__c</outputFieldName>
        <outputObjectName>vlocity_cmt__ContractLineItem__c</outputObjectName>
        <requiredForUpsert>false</requiredForUpsert>
        <upsertKey>false</upsertKey>
    </omniDataTransformItem>
    <omniDataTransformItem>
        <disabled>false</disabled>
        <filterGroup>0.0</filterGroup>
        <globalKey>CreateParentContractLineItems39676645694022405</globalKey>
        <inputFieldName>QuotLineItems:quoteLineItemSO:vlocity_cmt__OneTimeCalculatedPrice__c</inputFieldName>
        <inputObjectQuerySequence>0.0</inputObjectQuerySequence>
        <linkedObjectSequence>0.0</linkedObjectSequence>
        <name>CreateParentContractLineItems</name>
        <outputCreationSequence>1.0</outputCreationSequence>
        <outputFieldName>vlocity_cmt__OneTimeCalculatedPrice__c</outputFieldName>
        <outputObjectName>vlocity_cmt__ContractLineItem__c</outputObjectName>
        <requiredForUpsert>false</requiredForUpsert>
        <upsertKey>false</upsertKey>
    </omniDataTransformItem>
    <omniDataTransformItem>
        <disabled>false</disabled>
        <filterGroup>0.0</filterGroup>
        <globalKey>CreateParentContractLineItems014130053275405174</globalKey>
        <inputFieldName>QuotLineItems:quoteLineItemSO:vlocity_cmt__ConnectDate__c</inputFieldName>
        <inputObjectQuerySequence>0.0</inputObjectQuerySequence>
        <linkedObjectSequence>0.0</linkedObjectSequence>
        <name>CreateParentContractLineItems</name>
        <outputCreationSequence>1.0</outputCreationSequence>
        <outputFieldName>vlocity_cmt__EffectiveStartDate__c</outputFieldName>
        <outputObjectName>vlocity_cmt__ContractLineItem__c</outputObjectName>
        <requiredForUpsert>false</requiredForUpsert>
        <upsertKey>false</upsertKey>
    </omniDataTransformItem>
    <omniDataTransformItem>
        <disabled>false</disabled>
        <filterGroup>0.0</filterGroup>
        <globalKey>CreateParentContractLineItems37039708765396795</globalKey>
        <inputFieldName>QuotLineItems:quoteLineItemSO:vlocity_cmt__JSONAttribute__c</inputFieldName>
        <inputObjectQuerySequence>0.0</inputObjectQuerySequence>
        <linkedObjectSequence>0.0</linkedObjectSequence>
        <name>CreateParentContractLineItems</name>
        <outputCreationSequence>1.0</outputCreationSequence>
        <outputFieldName>vlocity_cmt__JSONAttribute__c</outputFieldName>
        <outputObjectName>vlocity_cmt__ContractLineItem__c</outputObjectName>
        <requiredForUpsert>false</requiredForUpsert>
        <upsertKey>false</upsertKey>
    </omniDataTransformItem>
    <omniDataTransformItem>
        <disabled>false</disabled>
        <filterGroup>0.0</filterGroup>
        <globalKey>CreateParentContractLineItems8936582565695614</globalKey>
        <inputFieldName>QuotLineItems:quoteLineItemSO:PricebookEntryId</inputFieldName>
        <inputObjectQuerySequence>0.0</inputObjectQuerySequence>
        <linkedObjectSequence>0.0</linkedObjectSequence>
        <name>CreateParentContractLineItems</name>
        <outputCreationSequence>1.0</outputCreationSequence>
        <outputFieldName>vlocity_cmt__PricebookEntryId__c</outputFieldName>
        <outputObjectName>vlocity_cmt__ContractLineItem__c</outputObjectName>
        <requiredForUpsert>false</requiredForUpsert>
        <upsertKey>false</upsertKey>
    </omniDataTransformItem>
    <omniDataTransformItem>
        <disabled>false</disabled>
        <filterGroup>0.0</filterGroup>
        <globalKey>CreateParentContractLineItems9486616045630087</globalKey>
        <inputFieldName>QuotLineItems:quoteLineItemSO:Product2Id</inputFieldName>
        <inputObjectQuerySequence>0.0</inputObjectQuerySequence>
        <linkedObjectSequence>0.0</linkedObjectSequence>
        <name>CreateParentContractLineItems</name>
        <outputCreationSequence>1.0</outputCreationSequence>
        <outputFieldName>vlocity_cmt__Product2Id__c</outputFieldName>
        <outputObjectName>vlocity_cmt__ContractLineItem__c</outputObjectName>
        <requiredForUpsert>false</requiredForUpsert>
        <upsertKey>false</upsertKey>
    </omniDataTransformItem>
    <omniDataTransformItem>
        <disabled>false</disabled>
        <filterGroup>0.0</filterGroup>
        <globalKey>CreateParentContractLineItems1340495098319472</globalKey>
        <inputFieldName>QuotLineItems:quoteLineItemSO:vlocity_cmt__OverageTotal__c</inputFieldName>
        <inputObjectQuerySequence>0.0</inputObjectQuerySequence>
        <linkedObjectSequence>0.0</linkedObjectSequence>
        <name>CreateParentContractLineItems</name>
        <outputCreationSequence>1.0</outputCreationSequence>
        <outputFieldName>vlocity_cmt__OverageTotal__c</outputFieldName>
        <outputObjectName>vlocity_cmt__ContractLineItem__c</outputObjectName>
        <requiredForUpsert>false</requiredForUpsert>
        <upsertKey>false</upsertKey>
    </omniDataTransformItem>
    <omniDataTransformItem>
        <disabled>false</disabled>
        <filterGroup>0.0</filterGroup>
        <globalKey>CreateParentContractLineItems12461228308469785</globalKey>
        <inputFieldName>QuotLineItems:quoteLineItemSO:vlocity_cmt__OverageUOM__c</inputFieldName>
        <inputObjectQuerySequence>0.0</inputObjectQuerySequence>
        <linkedObjectSequence>0.0</linkedObjectSequence>
        <name>CreateParentContractLineItems</name>
        <outputCreationSequence>1.0</outputCreationSequence>
        <outputFieldName>vlocity_cmt__OverageUOM__c</outputFieldName>
        <outputObjectName>vlocity_cmt__ContractLineItem__c</outputObjectName>
        <requiredForUpsert>false</requiredForUpsert>
        <upsertKey>false</upsertKey>
    </omniDataTransformItem>
    <omniDataTransformItem>
        <disabled>false</disabled>
        <filterGroup>0.0</filterGroup>
        <globalKey>CreateParentContractLineItems30383254731403353</globalKey>
        <inputFieldName>QuotLineItems:quoteLineItemSO:vlocity_cmt__OverageDiscountPrice__c</inputFieldName>
        <inputObjectQuerySequence>0.0</inputObjectQuerySequence>
        <linkedObjectSequence>0.0</linkedObjectSequence>
        <name>CreateParentContractLineItems</name>
        <outputCreationSequence>1.0</outputCreationSequence>
        <outputFieldName>vlocity_cmt__OverageDiscountPrice__c</outputFieldName>
        <outputObjectName>vlocity_cmt__ContractLineItem__c</outputObjectName>
        <requiredForUpsert>false</requiredForUpsert>
        <upsertKey>false</upsertKey>
    </omniDataTransformItem>
    <omniDataTransformItem>
        <disabled>false</disabled>
        <filterGroup>0.0</filterGroup>
        <globalKey>CreateParentContractLineItems6482610089216736</globalKey>
        <inputFieldName>QuotLineItems:quoteLineItemSO:vlocity_cmt__OverageManualDiscount__c</inputFieldName>
        <inputObjectQuerySequence>0.0</inputObjectQuerySequence>
        <linkedObjectSequence>0.0</linkedObjectSequence>
        <name>CreateParentContractLineItems</name>
        <outputCreationSequence>1.0</outputCreationSequence>
        <outputFieldName>vlocity_cmt__OverageManualDiscount__c</outputFieldName>
        <outputObjectName>vlocity_cmt__ContractLineItem__c</outputObjectName>
        <requiredForUpsert>false</requiredForUpsert>
        <upsertKey>false</upsertKey>
    </omniDataTransformItem>
    <omniDataTransformItem>
        <disabled>false</disabled>
        <filterGroup>0.0</filterGroup>
        <globalKey>CreateParentContractLineItems9791550752162848</globalKey>
        <inputFieldName>QuotLineItems:quoteLineItemSO:vlocity_cmt__OverageCalculatedPrice__c</inputFieldName>
        <inputObjectQuerySequence>0.0</inputObjectQuerySequence>
        <linkedObjectSequence>0.0</linkedObjectSequence>
        <name>CreateParentContractLineItems</name>
        <outputCreationSequence>1.0</outputCreationSequence>
        <outputFieldName>vlocity_cmt__OverageCalculatedPrice__c</outputFieldName>
        <outputObjectName>vlocity_cmt__ContractLineItem__c</outputObjectName>
        <requiredForUpsert>false</requiredForUpsert>
        <upsertKey>false</upsertKey>
    </omniDataTransformItem>
    <omniDataTransformItem>
        <disabled>false</disabled>
        <filterGroup>0.0</filterGroup>
        <globalKey>CreateParentContractLineItems5799625689889059</globalKey>
        <inputFieldName>QuotLineItems:quoteLineItemSO:vlocity_cmt__OverageCharge__c</inputFieldName>
        <inputObjectQuerySequence>0.0</inputObjectQuerySequence>
        <linkedObjectSequence>0.0</linkedObjectSequence>
        <name>CreateParentContractLineItems</name>
        <outputCreationSequence>1.0</outputCreationSequence>
        <outputFieldName>vlocity_cmt__OverageCharge__c</outputFieldName>
        <outputObjectName>vlocity_cmt__ContractLineItem__c</outputObjectName>
        <requiredForUpsert>false</requiredForUpsert>
        <upsertKey>false</upsertKey>
    </omniDataTransformItem>
    <omniDataTransformItem>
        <disabled>false</disabled>
        <filterGroup>0.0</filterGroup>
        <globalKey>CreateParentContractLineItems3869132452780444</globalKey>
        <inputFieldName>QuotLineItems:parentContractId</inputFieldName>
        <inputObjectQuerySequence>0.0</inputObjectQuerySequence>
        <linkedObjectSequence>0.0</linkedObjectSequence>
        <name>CreateParentContractLineItems</name>
        <outputCreationSequence>1.0</outputCreationSequence>
        <outputFieldName>vlocity_cmt__ContractId__c</outputFieldName>
        <outputObjectName>vlocity_cmt__ContractLineItem__c</outputObjectName>
        <requiredForUpsert>false</requiredForUpsert>
        <upsertKey>false</upsertKey>
    </omniDataTransformItem>
    <omniDataTransformItem>
        <disabled>false</disabled>
        <filterGroup>0.0</filterGroup>
        <globalKey>CreateParentContractLineItems6417990611422342</globalKey>
        <inputFieldName>QuotLineItems:quoteLineItemSO:vlocity_cmt__DisconnectDate__c</inputFieldName>
        <inputObjectQuerySequence>0.0</inputObjectQuerySequence>
        <linkedObjectSequence>0.0</linkedObjectSequence>
        <name>CreateParentContractLineItems</name>
        <outputCreationSequence>1.0</outputCreationSequence>
        <outputFieldName>vlocity_cmt__EffectiveEndDate__c</outputFieldName>
        <outputObjectName>vlocity_cmt__ContractLineItem__c</outputObjectName>
        <requiredForUpsert>false</requiredForUpsert>
        <upsertKey>false</upsertKey>
    </omniDataTransformItem>
    <omniDataTransformItem>
        <disabled>false</disabled>
        <filterGroup>0.0</filterGroup>
        <globalKey>CreateParentContractLineItems10461750704833128</globalKey>
        <inputFieldName>QuotLineItems:quoteLineItemSO:vlocity_cmt__BillingAccountId__c</inputFieldName>
        <inputObjectQuerySequence>0.0</inputObjectQuerySequence>
        <linkedObjectSequence>0.0</linkedObjectSequence>
        <name>CreateParentContractLineItems</name>
        <outputCreationSequence>1.0</outputCreationSequence>
        <outputFieldName>vlocity_cmt__BillingAccountId__c</outputFieldName>
        <outputObjectName>vlocity_cmt__ContractLineItem__c</outputObjectName>
        <requiredForUpsert>false</requiredForUpsert>
        <upsertKey>false</upsertKey>
    </omniDataTransformItem>
    <omniDataTransformItem>
        <disabled>false</disabled>
        <filterGroup>0.0</filterGroup>
        <globalKey>CreateParentContractLineItems2708311657234699</globalKey>
        <inputFieldName>QuotLineItems:quoteLineItemSO:Name</inputFieldName>
        <inputObjectQuerySequence>0.0</inputObjectQuerySequence>
        <linkedObjectSequence>0.0</linkedObjectSequence>
        <name>CreateParentContractLineItems</name>
        <outputCreationSequence>1.0</outputCreationSequence>
        <outputFieldName>Name</outputFieldName>
        <outputObjectName>vlocity_cmt__ContractLineItem__c</outputObjectName>
        <requiredForUpsert>false</requiredForUpsert>
        <upsertKey>false</upsertKey>
    </omniDataTransformItem>
    <omniDataTransformItem>
        <disabled>false</disabled>
        <filterGroup>0.0</filterGroup>
        <globalKey>CreateParentContractLineItems9370850679625085</globalKey>
        <inputFieldName>QuotLineItems:quoteLineItemSO:UnitPrice</inputFieldName>
        <inputObjectQuerySequence>0.0</inputObjectQuerySequence>
        <linkedObjectSequence>0.0</linkedObjectSequence>
        <name>CreateParentContractLineItems</name>
        <outputCreationSequence>1.0</outputCreationSequence>
        <outputFieldName>vlocity_cmt__UnitPrice__c</outputFieldName>
        <outputObjectName>vlocity_cmt__ContractLineItem__c</outputObjectName>
        <requiredForUpsert>false</requiredForUpsert>
        <upsertKey>false</upsertKey>
    </omniDataTransformItem>
    <omniDataTransformItem>
        <disabled>true</disabled>
        <filterGroup>0.0</filterGroup>
        <filterOperator>=</filterOperator>
        <globalKey>CreateParentContractLineItems22038160429360953</globalKey>
        <inputObjectQuerySequence>0.0</inputObjectQuerySequence>
        <linkedObjectSequence>0.0</linkedObjectSequence>
        <migrationValue>FAKEMAPPING</migrationValue>
        <name>CreateParentContractLineItems</name>
        <outputCreationSequence>1.0</outputCreationSequence>
        <outputFieldName>Id</outputFieldName>
        <outputObjectName>vlocity_cmt__ContractLineItem__c</outputObjectName>
        <requiredForUpsert>false</requiredForUpsert>
        <upsertKey>false</upsertKey>
    </omniDataTransformItem>
    <outputType>SObject</outputType>
    <previewJsonData>{
  &quot;ContextId&quot; : null,
  &quot;timeStamp&quot; : null,
  &quot;userId&quot; : null,
  &quot;userName&quot; : null,
  &quot;userProfile&quot; : null,
  &quot;userTimeZone&quot; : null,
  &quot;vlcPersistentComponent&quot; : { },
  &quot;vlcTimeTracking&quot; : {
    &quot;CreateMasterContractLineItems&quot; : null
  }
}</previewJsonData>
    <processSuperBulk>false</processSuperBulk>
    <responseCacheTtlMinutes>0.0</responseCacheTtlMinutes>
    <rollbackOnError>false</rollbackOnError>
    <sourceObject>json</sourceObject>
    <sourceObjectDefault>false</sourceObjectDefault>
    <synchronousProcessThreshold>-1.0</synchronousProcessThreshold>
    <type>Load</type>
    <uniqueName>CreateParentContractLineItems_1</uniqueName>
    <versionNumber>1.0</versionNumber>
    <xmlDeclarationRemoved>false</xmlDeclarationRemoved>
</OmniDataTransform>
