<?xml version="1.0" encoding="UTF-8"?>
<OmniDataTransform xmlns="http://soap.sforce.com/2006/04/metadata">
    <active>false</active>
    <assignmentRulesUsed>false</assignmentRulesUsed>
    <deletedOnSuccess>false</deletedOnSuccess>
    <errorIgnored>false</errorIgnored>
    <expectedInputJson>{
  &quot;result&quot; : [ {
    &quot;groupId&quot; : &quot;a324x000000nCy1AAE&quot;,
    &quot;groupInfo&quot; : {
      &quot;contextId&quot; : &quot;8014x000000lQgKAAU&quot;,
      &quot;groupCart&quot; : {
        &quot;vlocity_cmt__DefaultBillingAccountId__c&quot; : &quot;0014x00000EQV7GAAX&quot;,
        &quot;vlocity_cmt__DefaultServiceAccountId__c&quot; : &quot;0014x00000EQV7GAAX&quot;,
        &quot;vlocity_cmt__NumberOfContractedMonths__c&quot; : null,
        &quot;vlocity_cmt__OrderGroupId__c&quot; : &quot;a324x000000nCy1AAE&quot;,
        &quot;vlocity_cmt__OrderStatus__c&quot; : &quot;Ready To Submit&quot;,
        &quot;vlocity_cmt__ParentOrderId__c&quot; : &quot;8014x000000lQgKAAU&quot;,
        &quot;vlocity_cmt__PriceListId__c&quot; : &quot;a3D4x000000lFS4EAM&quot;,
        &quot;vlocity_cmt__RequestedStartDate__c&quot; : null,
        &quot;AccountId&quot; : &quot;0014x00000EQV7GAAX&quot;,
        &quot;EffectiveDate&quot; : &quot;2021-07-07&quot;,
        &quot;Id&quot; : &quot;8014x000000lQrrAAE&quot;,
        &quot;Name&quot; : &quot;01t4x000000wlJoAAI&quot;,
        &quot;OpportunityId&quot; : &quot;0064x000008rhloAAA&quot;,
        &quot;Pricebook2Id&quot; : &quot;01s4x000007Et7CAAS&quot;,
        &quot;RecordTypeId&quot; : &quot;0124x000000pr5NAAQ&quot;,
        &quot;Status&quot; : &quot;Draft&quot;,
        &quot;attributes&quot; : {
          &quot;type&quot; : &quot;Order&quot;,
          &quot;url&quot; : &quot;/services/data/v52.0/sobjects/Order/8014x000000lQrrAAE&quot;
        }
      },
      &quot;groupCartId&quot; : &quot;8014x000000lQrrAAE&quot;,
      &quot;groupCartURL&quot; : &quot;apex/vlocity_cmt__MultiServiceHybridCPQ?id=8014x000000lQrrAAE&amp;parentId=0064x000008rhloAAA&amp;groupCart=true&amp;groupId=a324x000000nCy1AAE&amp;contextId=8014x000000lQgKAAU&amp;cartType=Order&quot;,
      &quot;groupId&quot; : &quot;a324x000000nCy1AAE&quot;,
      &quot;groupName&quot; : &quot;01t4x000000wlJoAAI&quot;,
      &quot;parentId&quot; : &quot;0064x000008rhloAAA&quot;
    },
    &quot;groupName&quot; : &quot;01t4x000000wlJoAAI&quot;
  }, {
    &quot;groupId&quot; : &quot;a324x000000nCy2AAE&quot;,
    &quot;groupInfo&quot; : {
      &quot;contextId&quot; : &quot;8014x000000lQgKAAU&quot;,
      &quot;groupCart&quot; : {
        &quot;vlocity_cmt__DefaultBillingAccountId__c&quot; : &quot;0014x00000EQV7GAAX&quot;,
        &quot;vlocity_cmt__DefaultServiceAccountId__c&quot; : &quot;0014x00000EQV7GAAX&quot;,
        &quot;vlocity_cmt__NumberOfContractedMonths__c&quot; : null,
        &quot;vlocity_cmt__OrderGroupId__c&quot; : &quot;a324x000000nCy2AAE&quot;,
        &quot;vlocity_cmt__OrderStatus__c&quot; : &quot;Ready To Submit&quot;,
        &quot;vlocity_cmt__ParentOrderId__c&quot; : &quot;8014x000000lQgKAAU&quot;,
        &quot;vlocity_cmt__PriceListId__c&quot; : &quot;a3D4x000000lFS4EAM&quot;,
        &quot;vlocity_cmt__RequestedStartDate__c&quot; : null,
        &quot;AccountId&quot; : &quot;0014x00000EQV7GAAX&quot;,
        &quot;EffectiveDate&quot; : &quot;2021-07-07&quot;,
        &quot;Id&quot; : &quot;8014x000000lQrsAAE&quot;,
        &quot;Name&quot; : &quot;01t4x000000wlLkAAI&quot;,
        &quot;OpportunityId&quot; : &quot;0064x000008rhloAAA&quot;,
        &quot;Pricebook2Id&quot; : &quot;01s4x000007Et7CAAS&quot;,
        &quot;RecordTypeId&quot; : &quot;0124x000000pr5NAAQ&quot;,
        &quot;Status&quot; : &quot;Draft&quot;,
        &quot;attributes&quot; : {
          &quot;type&quot; : &quot;Order&quot;,
          &quot;url&quot; : &quot;/services/data/v52.0/sobjects/Order/8014x000000lQrsAAE&quot;
        }
      },
      &quot;groupCartId&quot; : &quot;8014x000000lQrsAAE&quot;,
      &quot;groupCartURL&quot; : &quot;apex/vlocity_cmt__MultiServiceHybridCPQ?id=8014x000000lQrsAAE&amp;parentId=0064x000008rhloAAA&amp;groupCart=true&amp;groupId=a324x000000nCy2AAE&amp;contextId=8014x000000lQgKAAU&amp;cartType=Order&quot;,
      &quot;groupId&quot; : &quot;a324x000000nCy2AAE&quot;,
      &quot;groupName&quot; : &quot;01t4x000000wlLkAAI&quot;,
      &quot;parentId&quot; : &quot;0064x000008rhloAAA&quot;
    },
    &quot;groupName&quot; : &quot;01t4x000000wlLkAAI&quot;
  }, {
    &quot;groupId&quot; : &quot;a324x000000nCy3AAE&quot;,
    &quot;groupInfo&quot; : {
      &quot;contextId&quot; : &quot;8014x000000lQgKAAU&quot;,
      &quot;groupCart&quot; : {
        &quot;vlocity_cmt__DefaultBillingAccountId__c&quot; : &quot;0014x00000EQV7GAAX&quot;,
        &quot;vlocity_cmt__DefaultServiceAccountId__c&quot; : &quot;0014x00000EQV7GAAX&quot;,
        &quot;vlocity_cmt__NumberOfContractedMonths__c&quot; : null,
        &quot;vlocity_cmt__OrderGroupId__c&quot; : &quot;a324x000000nCy3AAE&quot;,
        &quot;vlocity_cmt__OrderStatus__c&quot; : &quot;Ready To Submit&quot;,
        &quot;vlocity_cmt__ParentOrderId__c&quot; : &quot;8014x000000lQgKAAU&quot;,
        &quot;vlocity_cmt__PriceListId__c&quot; : &quot;a3D4x000000lFS4EAM&quot;,
        &quot;vlocity_cmt__RequestedStartDate__c&quot; : null,
        &quot;AccountId&quot; : &quot;0014x00000EQV7GAAX&quot;,
        &quot;EffectiveDate&quot; : &quot;2021-07-07&quot;,
        &quot;Id&quot; : &quot;8014x000000lQrtAAE&quot;,
        &quot;Name&quot; : &quot;01t4x000000wmVCAAY&quot;,
        &quot;OpportunityId&quot; : &quot;0064x000008rhloAAA&quot;,
        &quot;Pricebook2Id&quot; : &quot;01s4x000007Et7CAAS&quot;,
        &quot;RecordTypeId&quot; : &quot;0124x000000pr5NAAQ&quot;,
        &quot;Status&quot; : &quot;Draft&quot;,
        &quot;attributes&quot; : {
          &quot;type&quot; : &quot;Order&quot;,
          &quot;url&quot; : &quot;/services/data/v52.0/sobjects/Order/8014x000000lQrtAAE&quot;
        }
      },
      &quot;groupCartId&quot; : &quot;8014x000000lQrtAAE&quot;,
      &quot;groupCartURL&quot; : &quot;apex/vlocity_cmt__MultiServiceHybridCPQ?id=8014x000000lQrtAAE&amp;parentId=0064x000008rhloAAA&amp;groupCart=true&amp;groupId=a324x000000nCy3AAE&amp;contextId=8014x000000lQgKAAU&amp;cartType=Order&quot;,
      &quot;groupId&quot; : &quot;a324x000000nCy3AAE&quot;,
      &quot;groupName&quot; : &quot;01t4x000000wmVCAAY&quot;,
      &quot;parentId&quot; : &quot;0064x000008rhloAAA&quot;
    },
    &quot;groupName&quot; : &quot;01t4x000000wmVCAAY&quot;
  }, {
    &quot;groupId&quot; : &quot;a324x000000nCy4AAE&quot;,
    &quot;groupInfo&quot; : {
      &quot;contextId&quot; : &quot;8014x000000lQgKAAU&quot;,
      &quot;groupCart&quot; : {
        &quot;vlocity_cmt__DefaultBillingAccountId__c&quot; : &quot;0014x00000EQV7GAAX&quot;,
        &quot;vlocity_cmt__DefaultServiceAccountId__c&quot; : &quot;0014x00000EQV7GAAX&quot;,
        &quot;vlocity_cmt__NumberOfContractedMonths__c&quot; : null,
        &quot;vlocity_cmt__OrderGroupId__c&quot; : &quot;a324x000000nCy4AAE&quot;,
        &quot;vlocity_cmt__OrderStatus__c&quot; : &quot;Ready To Submit&quot;,
        &quot;vlocity_cmt__ParentOrderId__c&quot; : &quot;8014x000000lQgKAAU&quot;,
        &quot;vlocity_cmt__PriceListId__c&quot; : &quot;a3D4x000000lFS4EAM&quot;,
        &quot;vlocity_cmt__RequestedStartDate__c&quot; : null,
        &quot;AccountId&quot; : &quot;0014x00000EQV7GAAX&quot;,
        &quot;EffectiveDate&quot; : &quot;2021-07-07&quot;,
        &quot;Id&quot; : &quot;8014x000000lQruAAE&quot;,
        &quot;Name&quot; : &quot;01t4x000000wv6kAAA&quot;,
        &quot;OpportunityId&quot; : &quot;0064x000008rhloAAA&quot;,
        &quot;Pricebook2Id&quot; : &quot;01s4x000007Et7CAAS&quot;,
        &quot;RecordTypeId&quot; : &quot;0124x000000pr5NAAQ&quot;,
        &quot;Status&quot; : &quot;Draft&quot;,
        &quot;attributes&quot; : {
          &quot;type&quot; : &quot;Order&quot;,
          &quot;url&quot; : &quot;/services/data/v52.0/sobjects/Order/8014x000000lQruAAE&quot;
        }
      },
      &quot;groupCartId&quot; : &quot;8014x000000lQruAAE&quot;,
      &quot;groupCartURL&quot; : &quot;apex/vlocity_cmt__MultiServiceHybridCPQ?id=8014x000000lQruAAE&amp;parentId=0064x000008rhloAAA&amp;groupCart=true&amp;groupId=a324x000000nCy4AAE&amp;contextId=8014x000000lQgKAAU&amp;cartType=Order&quot;,
      &quot;groupId&quot; : &quot;a324x000000nCy4AAE&quot;,
      &quot;groupName&quot; : &quot;01t4x000000wv6kAAA&quot;,
      &quot;parentId&quot; : &quot;0064x000008rhloAAA&quot;
    },
    &quot;groupName&quot; : &quot;01t4x000000wv6kAAA&quot;
  } ]
}</expectedInputJson>
    <expectedOutputJson>{
  &quot;result&quot; : [ {
    &quot;ProductId&quot; : &quot;01t4x000000wlJoAAI&quot;,
    &quot;groupId&quot; : &quot;a324x000000nCy1AAE&quot;,
    &quot;groupName&quot; : &quot;01t4x000000wlJoAAI&quot;
  }, {
    &quot;ProductId&quot; : &quot;01t4x000000wlLkAAI&quot;,
    &quot;groupId&quot; : &quot;a324x000000nCy2AAE&quot;,
    &quot;groupName&quot; : &quot;01t4x000000wlLkAAI&quot;
  }, {
    &quot;ProductId&quot; : &quot;01t4x000000wmVCAAY&quot;,
    &quot;groupId&quot; : &quot;a324x000000nCy3AAE&quot;,
    &quot;groupName&quot; : &quot;01t4x000000wmVCAAY&quot;
  }, {
    &quot;ProductId&quot; : &quot;01t4x000000wv6kAAA&quot;,
    &quot;groupId&quot; : &quot;a324x000000nCy4AAE&quot;,
    &quot;groupName&quot; : &quot;01t4x000000wv6kAAA&quot;
  } ]
}</expectedOutputJson>
    <fieldLevelSecurityEnabled>false</fieldLevelSecurityEnabled>
    <inputType>JSON</inputType>
    <name>CustomizeGroupDetails</name>
    <nullInputsIncludedInOutput>false</nullInputsIncludedInOutput>
    <omniDataTransformItem>
        <disabled>false</disabled>
        <filterGroup>0.0</filterGroup>
        <globalKey>CustomizeGroupDetailsCustom1750</globalKey>
        <inputFieldName>result:groupId</inputFieldName>
        <inputObjectQuerySequence>0.0</inputObjectQuerySequence>
        <linkedObjectSequence>0.0</linkedObjectSequence>
        <name>CustomizeGroupDetails</name>
        <outputCreationSequence>1.0</outputCreationSequence>
        <outputFieldName>result:groupId</outputFieldName>
        <outputObjectName>json</outputObjectName>
        <requiredForUpsert>false</requiredForUpsert>
        <upsertKey>false</upsertKey>
    </omniDataTransformItem>
    <omniDataTransformItem>
        <disabled>false</disabled>
        <filterGroup>0.0</filterGroup>
        <globalKey>CustomizeGroupDetailsCustom8408</globalKey>
        <inputFieldName>result:groupName</inputFieldName>
        <inputObjectQuerySequence>0.0</inputObjectQuerySequence>
        <linkedObjectSequence>0.0</linkedObjectSequence>
        <name>CustomizeGroupDetails</name>
        <outputCreationSequence>1.0</outputCreationSequence>
        <outputFieldName>result:Name</outputFieldName>
        <outputObjectName>json</outputObjectName>
        <requiredForUpsert>false</requiredForUpsert>
        <upsertKey>false</upsertKey>
    </omniDataTransformItem>
    <omniDataTransformItem>
        <disabled>false</disabled>
        <filterGroup>0.0</filterGroup>
        <globalKey>CustomizeGroupDetailsCustom1847</globalKey>
        <inputFieldName>result:groupInfo:groupCart:Id</inputFieldName>
        <inputObjectQuerySequence>0.0</inputObjectQuerySequence>
        <linkedObjectSequence>0.0</linkedObjectSequence>
        <name>CustomizeGroupDetails</name>
        <outputCreationSequence>1.0</outputCreationSequence>
        <outputFieldName>result:groupCartId</outputFieldName>
        <outputObjectName>json</outputObjectName>
        <requiredForUpsert>false</requiredForUpsert>
        <upsertKey>false</upsertKey>
    </omniDataTransformItem>
    <outputType>JSON</outputType>
    <previewJsonData>{
  &quot;result&quot; : [ {
    &quot;groupId&quot; : &quot;a324x000000nCyLAAU&quot;,
    &quot;groupInfo&quot; : {
      &quot;contextId&quot; : &quot;8014x000000lQgKAAU&quot;,
      &quot;groupCart&quot; : {
        &quot;vlocity_cmt__DefaultBillingAccountId__c&quot; : &quot;0014x00000EQV7GAAX&quot;,
        &quot;vlocity_cmt__DefaultServiceAccountId__c&quot; : &quot;0014x00000EQV7GAAX&quot;,
        &quot;vlocity_cmt__NumberOfContractedMonths__c&quot; : null,
        &quot;vlocity_cmt__OrderGroupId__c&quot; : &quot;a324x000000nCyLAAU&quot;,
        &quot;vlocity_cmt__OrderStatus__c&quot; : &quot;Ready To Submit&quot;,
        &quot;vlocity_cmt__ParentOrderId__c&quot; : &quot;8014x000000lQgKAAU&quot;,
        &quot;vlocity_cmt__PriceListId__c&quot; : &quot;a3D4x000000lFS4EAM&quot;,
        &quot;vlocity_cmt__RequestedStartDate__c&quot; : null,
        &quot;AccountId&quot; : &quot;0014x00000EQV7GAAX&quot;,
        &quot;EffectiveDate&quot; : &quot;2021-07-07&quot;,
        &quot;Id&quot; : &quot;8014x000000lQuMAAU&quot;,
        &quot;Name&quot; : &quot;Pixel 3&quot;,
        &quot;OpportunityId&quot; : &quot;0064x000008rhloAAA&quot;,
        &quot;Pricebook2Id&quot; : &quot;01s4x000007Et7CAAS&quot;,
        &quot;RecordTypeId&quot; : &quot;0124x000000pr5NAAQ&quot;,
        &quot;Status&quot; : &quot;Draft&quot;,
        &quot;attributes&quot; : {
          &quot;type&quot; : &quot;Order&quot;,
          &quot;url&quot; : &quot;/services/data/v52.0/sobjects/Order/8014x000000lQuMAAU&quot;
        }
      },
      &quot;groupCartId&quot; : &quot;8014x000000lQuMAAU&quot;,
      &quot;groupCartURL&quot; : &quot;apex/vlocity_cmt__MultiServiceHybridCPQ?id=8014x000000lQuMAAU&amp;parentId=0064x000008rhloAAA&amp;groupCart=true&amp;groupId=a324x000000nCyLAAU&amp;contextId=8014x000000lQgKAAU&amp;cartType=Order&quot;,
      &quot;groupId&quot; : &quot;a324x000000nCyLAAU&quot;,
      &quot;groupName&quot; : &quot;Pixel 3&quot;,
      &quot;parentId&quot; : &quot;0064x000008rhloAAA&quot;
    },
    &quot;groupName&quot; : &quot;Pixel 3&quot;
  }, {
    &quot;groupId&quot; : &quot;a324x000000nCyMAAU&quot;,
    &quot;groupInfo&quot; : {
      &quot;contextId&quot; : &quot;8014x000000lQgKAAU&quot;,
      &quot;groupCart&quot; : {
        &quot;vlocity_cmt__DefaultBillingAccountId__c&quot; : &quot;0014x00000EQV7GAAX&quot;,
        &quot;vlocity_cmt__DefaultServiceAccountId__c&quot; : &quot;0014x00000EQV7GAAX&quot;,
        &quot;vlocity_cmt__NumberOfContractedMonths__c&quot; : null,
        &quot;vlocity_cmt__OrderGroupId__c&quot; : &quot;a324x000000nCyMAAU&quot;,
        &quot;vlocity_cmt__OrderStatus__c&quot; : &quot;Ready To Submit&quot;,
        &quot;vlocity_cmt__ParentOrderId__c&quot; : &quot;8014x000000lQgKAAU&quot;,
        &quot;vlocity_cmt__PriceListId__c&quot; : &quot;a3D4x000000lFS4EAM&quot;,
        &quot;vlocity_cmt__RequestedStartDate__c&quot; : null,
        &quot;AccountId&quot; : &quot;0014x00000EQV7GAAX&quot;,
        &quot;EffectiveDate&quot; : &quot;2021-07-07&quot;,
        &quot;Id&quot; : &quot;8014x000000lQuNAAU&quot;,
        &quot;Name&quot; : &quot;Macbook Pro&quot;,
        &quot;OpportunityId&quot; : &quot;0064x000008rhloAAA&quot;,
        &quot;Pricebook2Id&quot; : &quot;01s4x000007Et7CAAS&quot;,
        &quot;RecordTypeId&quot; : &quot;0124x000000pr5NAAQ&quot;,
        &quot;Status&quot; : &quot;Draft&quot;,
        &quot;attributes&quot; : {
          &quot;type&quot; : &quot;Order&quot;,
          &quot;url&quot; : &quot;/services/data/v52.0/sobjects/Order/8014x000000lQuNAAU&quot;
        }
      },
      &quot;groupCartId&quot; : &quot;8014x000000lQuNAAU&quot;,
      &quot;groupCartURL&quot; : &quot;apex/vlocity_cmt__MultiServiceHybridCPQ?id=8014x000000lQuNAAU&amp;parentId=0064x000008rhloAAA&amp;groupCart=true&amp;groupId=a324x000000nCyMAAU&amp;contextId=8014x000000lQgKAAU&amp;cartType=Order&quot;,
      &quot;groupId&quot; : &quot;a324x000000nCyMAAU&quot;,
      &quot;groupName&quot; : &quot;Macbook Pro&quot;,
      &quot;parentId&quot; : &quot;0064x000008rhloAAA&quot;
    },
    &quot;groupName&quot; : &quot;Macbook Pro&quot;
  }, {
    &quot;groupId&quot; : &quot;a324x000000nCyNAAU&quot;,
    &quot;groupInfo&quot; : {
      &quot;contextId&quot; : &quot;8014x000000lQgKAAU&quot;,
      &quot;groupCart&quot; : {
        &quot;vlocity_cmt__DefaultBillingAccountId__c&quot; : &quot;0014x00000EQV7GAAX&quot;,
        &quot;vlocity_cmt__DefaultServiceAccountId__c&quot; : &quot;0014x00000EQV7GAAX&quot;,
        &quot;vlocity_cmt__NumberOfContractedMonths__c&quot; : null,
        &quot;vlocity_cmt__OrderGroupId__c&quot; : &quot;a324x000000nCyNAAU&quot;,
        &quot;vlocity_cmt__OrderStatus__c&quot; : &quot;Ready To Submit&quot;,
        &quot;vlocity_cmt__ParentOrderId__c&quot; : &quot;8014x000000lQgKAAU&quot;,
        &quot;vlocity_cmt__PriceListId__c&quot; : &quot;a3D4x000000lFS4EAM&quot;,
        &quot;vlocity_cmt__RequestedStartDate__c&quot; : null,
        &quot;AccountId&quot; : &quot;0014x00000EQV7GAAX&quot;,
        &quot;EffectiveDate&quot; : &quot;2021-07-07&quot;,
        &quot;Id&quot; : &quot;8014x000000lQuOAAU&quot;,
        &quot;Name&quot; : &quot;Iphone 12&quot;,
        &quot;OpportunityId&quot; : &quot;0064x000008rhloAAA&quot;,
        &quot;Pricebook2Id&quot; : &quot;01s4x000007Et7CAAS&quot;,
        &quot;RecordTypeId&quot; : &quot;0124x000000pr5NAAQ&quot;,
        &quot;Status&quot; : &quot;Draft&quot;,
        &quot;attributes&quot; : {
          &quot;type&quot; : &quot;Order&quot;,
          &quot;url&quot; : &quot;/services/data/v52.0/sobjects/Order/8014x000000lQuOAAU&quot;
        }
      },
      &quot;groupCartId&quot; : &quot;8014x000000lQuOAAU&quot;,
      &quot;groupCartURL&quot; : &quot;apex/vlocity_cmt__MultiServiceHybridCPQ?id=8014x000000lQuOAAU&amp;parentId=0064x000008rhloAAA&amp;groupCart=true&amp;groupId=a324x000000nCyNAAU&amp;contextId=8014x000000lQgKAAU&amp;cartType=Order&quot;,
      &quot;groupId&quot; : &quot;a324x000000nCyNAAU&quot;,
      &quot;groupName&quot; : &quot;Iphone 12&quot;,
      &quot;parentId&quot; : &quot;0064x000008rhloAAA&quot;
    },
    &quot;groupName&quot; : &quot;Iphone 12&quot;
  }, {
    &quot;groupId&quot; : &quot;a324x000000nCyOAAU&quot;,
    &quot;groupInfo&quot; : {
      &quot;contextId&quot; : &quot;8014x000000lQgKAAU&quot;,
      &quot;groupCart&quot; : {
        &quot;vlocity_cmt__DefaultBillingAccountId__c&quot; : &quot;0014x00000EQV7GAAX&quot;,
        &quot;vlocity_cmt__DefaultServiceAccountId__c&quot; : &quot;0014x00000EQV7GAAX&quot;,
        &quot;vlocity_cmt__NumberOfContractedMonths__c&quot; : null,
        &quot;vlocity_cmt__OrderGroupId__c&quot; : &quot;a324x000000nCyOAAU&quot;,
        &quot;vlocity_cmt__OrderStatus__c&quot; : &quot;Ready To Submit&quot;,
        &quot;vlocity_cmt__ParentOrderId__c&quot; : &quot;8014x000000lQgKAAU&quot;,
        &quot;vlocity_cmt__PriceListId__c&quot; : &quot;a3D4x000000lFS4EAM&quot;,
        &quot;vlocity_cmt__RequestedStartDate__c&quot; : null,
        &quot;AccountId&quot; : &quot;0014x00000EQV7GAAX&quot;,
        &quot;EffectiveDate&quot; : &quot;2021-07-07&quot;,
        &quot;Id&quot; : &quot;8014x000000lQuPAAU&quot;,
        &quot;Name&quot; : &quot;HDMI Cable&quot;,
        &quot;OpportunityId&quot; : &quot;0064x000008rhloAAA&quot;,
        &quot;Pricebook2Id&quot; : &quot;01s4x000007Et7CAAS&quot;,
        &quot;RecordTypeId&quot; : &quot;0124x000000pr5NAAQ&quot;,
        &quot;Status&quot; : &quot;Draft&quot;,
        &quot;attributes&quot; : {
          &quot;type&quot; : &quot;Order&quot;,
          &quot;url&quot; : &quot;/services/data/v52.0/sobjects/Order/8014x000000lQuPAAU&quot;
        }
      },
      &quot;groupCartId&quot; : &quot;8014x000000lQuPAAU&quot;,
      &quot;groupCartURL&quot; : &quot;apex/vlocity_cmt__MultiServiceHybridCPQ?id=8014x000000lQuPAAU&amp;parentId=0064x000008rhloAAA&amp;groupCart=true&amp;groupId=a324x000000nCyOAAU&amp;contextId=8014x000000lQgKAAU&amp;cartType=Order&quot;,
      &quot;groupId&quot; : &quot;a324x000000nCyOAAU&quot;,
      &quot;groupName&quot; : &quot;HDMI Cable&quot;,
      &quot;parentId&quot; : &quot;0064x000008rhloAAA&quot;
    },
    &quot;groupName&quot; : &quot;HDMI Cable&quot;
  } ]
}</previewJsonData>
    <processSuperBulk>false</processSuperBulk>
    <responseCacheTtlMinutes>0.0</responseCacheTtlMinutes>
    <rollbackOnError>false</rollbackOnError>
    <sourceObject>json</sourceObject>
    <sourceObjectDefault>false</sourceObjectDefault>
    <synchronousProcessThreshold>0.0</synchronousProcessThreshold>
    <type>Transform</type>
    <uniqueName>CustomizeGroupDetails_1</uniqueName>
    <versionNumber>1.0</versionNumber>
    <xmlDeclarationRemoved>false</xmlDeclarationRemoved>
</OmniDataTransform>
