<?xml version="1.0" encoding="UTF-8"?>
<OmniDataTransform xmlns="http://soap.sforce.com/2006/04/metadata">
    <active>false</active>
    <assignmentRulesUsed>false</assignmentRulesUsed>
    <deletedOnSuccess>false</deletedOnSuccess>
    <errorIgnored>false</errorIgnored>
    <fieldLevelSecurityEnabled>false</fieldLevelSecurityEnabled>
    <inputType>JSON</inputType>
    <name>DocGenSampleExtractDocumentTemplateByIdLWC</name>
    <nullInputsIncludedInOutput>false</nullInputsIncludedInOutput>
    <omniDataTransformItem>
        <disabled>false</disabled>
        <filterGroup>0.0</filterGroup>
        <filterOperator>=</filterOperator>
        <filterValue>templateId</filterValue>
        <globalKey>DocGenSampleExtractDocumentTemplateByIdLWC15714855606124933</globalKey>
        <inputFieldName>Id</inputFieldName>
        <inputObjectName>vlocity_cmt__DocumentTemplate__c</inputObjectName>
        <inputObjectQuerySequence>1.0</inputObjectQuerySequence>
        <linkedObjectSequence>0.0</linkedObjectSequence>
        <name>DocGenSampleExtractDocumentTemplateByIdLWC</name>
        <outputCreationSequence>0.0</outputCreationSequence>
        <outputFieldName>DocumentTemplate</outputFieldName>
        <outputObjectName>json</outputObjectName>
        <requiredForUpsert>false</requiredForUpsert>
        <upsertKey>false</upsertKey>
    </omniDataTransformItem>
    <omniDataTransformItem>
        <disabled>false</disabled>
        <filterGroup>0.0</filterGroup>
        <globalKey>DocGenSampleExtractDocumentTemplateByIdLWC7277769921160433</globalKey>
        <inputFieldName>DocumentTemplate:vlocity_cmt__TemplateContentFormat__c</inputFieldName>
        <inputObjectQuerySequence>0.0</inputObjectQuerySequence>
        <linkedObjectSequence>0.0</linkedObjectSequence>
        <name>DocGenSampleExtractDocumentTemplateByIdLWC</name>
        <outputCreationSequence>1.0</outputCreationSequence>
        <outputFieldName>selectedTemplate:TemplateType</outputFieldName>
        <outputObjectName>json</outputObjectName>
        <requiredForUpsert>false</requiredForUpsert>
        <upsertKey>false</upsertKey>
    </omniDataTransformItem>
    <omniDataTransformItem>
        <disabled>false</disabled>
        <filterGroup>0.0</filterGroup>
        <globalKey>DocGenSampleExtractDocumentTemplateByIdLWC2491427358661169</globalKey>
        <inputFieldName>DocumentTemplate:vlocity_cmt__VersionNumber__c</inputFieldName>
        <inputObjectQuerySequence>0.0</inputObjectQuerySequence>
        <linkedObjectSequence>0.0</linkedObjectSequence>
        <name>DocGenSampleExtractDocumentTemplateByIdLWC</name>
        <outputCreationSequence>1.0</outputCreationSequence>
        <outputFieldName>selectedTemplate:VersionNumber</outputFieldName>
        <outputObjectName>json</outputObjectName>
        <requiredForUpsert>false</requiredForUpsert>
        <upsertKey>false</upsertKey>
    </omniDataTransformItem>
    <omniDataTransformItem>
        <disabled>false</disabled>
        <filterGroup>0.0</filterGroup>
        <globalKey>DocGenSampleExtractDocumentTemplateByIdLWC39636741431530687</globalKey>
        <inputFieldName>DocumentTemplate:Id</inputFieldName>
        <inputObjectQuerySequence>0.0</inputObjectQuerySequence>
        <linkedObjectSequence>0.0</linkedObjectSequence>
        <name>DocGenSampleExtractDocumentTemplateByIdLWC</name>
        <outputCreationSequence>1.0</outputCreationSequence>
        <outputFieldName>selectedTemplate:Id</outputFieldName>
        <outputObjectName>json</outputObjectName>
        <requiredForUpsert>false</requiredForUpsert>
        <upsertKey>false</upsertKey>
    </omniDataTransformItem>
    <omniDataTransformItem>
        <disabled>false</disabled>
        <filterGroup>0.0</filterGroup>
        <globalKey>DocGenSampleExtractDocumentTemplateByIdLWC22952812514411858</globalKey>
        <inputFieldName>DocumentTemplate:Name</inputFieldName>
        <inputObjectQuerySequence>0.0</inputObjectQuerySequence>
        <linkedObjectSequence>0.0</linkedObjectSequence>
        <name>DocGenSampleExtractDocumentTemplateByIdLWC</name>
        <outputCreationSequence>1.0</outputCreationSequence>
        <outputFieldName>selectedTemplate:Name</outputFieldName>
        <outputObjectName>json</outputObjectName>
        <requiredForUpsert>false</requiredForUpsert>
        <upsertKey>false</upsertKey>
    </omniDataTransformItem>
    <outputType>JSON</outputType>
    <previewJsonData>{ }</previewJsonData>
    <processSuperBulk>false</processSuperBulk>
    <responseCacheTtlMinutes>0.0</responseCacheTtlMinutes>
    <rollbackOnError>false</rollbackOnError>
    <sourceObject>json</sourceObject>
    <sourceObjectDefault>false</sourceObjectDefault>
    <synchronousProcessThreshold>0.0</synchronousProcessThreshold>
    <type>Extract</type>
    <uniqueName>DocGenSampleExtractDocumentTemplateByIdLWC_1</uniqueName>
    <versionNumber>1.0</versionNumber>
    <xmlDeclarationRemoved>false</xmlDeclarationRemoved>
</OmniDataTransform>
