<?xml version="1.0" encoding="UTF-8"?>
<OmniDataTransform xmlns="http://soap.sforce.com/2006/04/metadata">
    <active>false</active>
    <assignmentRulesUsed>false</assignmentRulesUsed>
    <deletedOnSuccess>false</deletedOnSuccess>
    <description>Fetches the Community Site URL</description>
    <errorIgnored>false</errorIgnored>
    <fieldLevelSecurityEnabled>false</fieldLevelSecurityEnabled>
    <inputType>JSON</inputType>
    <name>EnergyUtilitiesProgramsFetchSiteURL</name>
    <nullInputsIncludedInOutput>false</nullInputsIncludedInOutput>
    <omniDataTransformItem>
        <disabled>false</disabled>
        <filterGroup>0.0</filterGroup>
        <globalKey>EnergyUtilitiesProgramsFetchSiteURLCustom1460</globalKey>
        <inputFieldName>SiteURL</inputFieldName>
        <inputObjectQuerySequence>0.0</inputObjectQuerySequence>
        <linkedObjectSequence>0.0</linkedObjectSequence>
        <name>EnergyUtilitiesProgramsFetchSiteURL</name>
        <outputCreationSequence>1.0</outputCreationSequence>
        <outputFieldFormat>String</outputFieldFormat>
        <outputFieldName>SiteURL</outputFieldName>
        <outputObjectName>json</outputObjectName>
        <requiredForUpsert>false</requiredForUpsert>
        <upsertKey>false</upsertKey>
    </omniDataTransformItem>
    <omniDataTransformItem>
        <disabled>false</disabled>
        <filterGroup>0.0</filterGroup>
        <formulaConverted>| &quot;SELECT/\/\/Id/\/\/FROM/\/\/Site/\/\/WHERE/\/\/(Name/\/\/=/\/\/&apos;&quot; var:SiteName + &quot;&apos;)&quot; + QUERY</formulaConverted>
        <formulaExpression>QUERY(&quot;SELECT Id FROM Site WHERE (Name = &apos;&quot;+ SiteName +&quot;&apos;)&quot;)</formulaExpression>
        <formulaResultPath>SiteId</formulaResultPath>
        <formulaSequence>1.0</formulaSequence>
        <globalKey>EnergyUtilitiesProgramsFetchSiteURLCustom6281</globalKey>
        <inputObjectQuerySequence>0.0</inputObjectQuerySequence>
        <linkedObjectSequence>0.0</linkedObjectSequence>
        <name>EnergyUtilitiesProgramsFetchSiteURL</name>
        <outputCreationSequence>0.0</outputCreationSequence>
        <outputFieldName>Formula</outputFieldName>
        <outputObjectName>Formula</outputObjectName>
        <requiredForUpsert>false</requiredForUpsert>
        <upsertKey>false</upsertKey>
    </omniDataTransformItem>
    <omniDataTransformItem>
        <disabled>false</disabled>
        <filterGroup>0.0</filterGroup>
        <formulaConverted>| &quot;SELECT/\/\/SecureUrl/\/\/FROM/\/\/SiteDetail/\/\/WHERE/\/\/(DurableId/\/\/=/\/\/&apos;&quot; var:SiteId + &quot;&apos;)&quot; + QUERY</formulaConverted>
        <formulaExpression>QUERY(&quot;SELECT SecureUrl FROM SiteDetail WHERE (DurableId = &apos;&quot;+ SiteId +&quot;&apos;)&quot;)</formulaExpression>
        <formulaResultPath>SiteURL</formulaResultPath>
        <formulaSequence>2.0</formulaSequence>
        <globalKey>EnergyUtilitiesProgramsFetchSiteURLCustom3995</globalKey>
        <inputObjectQuerySequence>0.0</inputObjectQuerySequence>
        <linkedObjectSequence>0.0</linkedObjectSequence>
        <name>EnergyUtilitiesProgramsFetchSiteURL</name>
        <outputCreationSequence>0.0</outputCreationSequence>
        <outputFieldName>Formula</outputFieldName>
        <outputObjectName>Formula</outputObjectName>
        <requiredForUpsert>false</requiredForUpsert>
        <upsertKey>false</upsertKey>
    </omniDataTransformItem>
    <outputType>JSON</outputType>
    <previewJsonData>{
  &quot;SiteName&quot; : &quot;Self_Service_Portal&quot;
}</previewJsonData>
    <processSuperBulk>false</processSuperBulk>
    <responseCacheTtlMinutes>1440.0</responseCacheTtlMinutes>
    <responseCacheType>Org Cache</responseCacheType>
    <rollbackOnError>false</rollbackOnError>
    <sourceObject>json</sourceObject>
    <sourceObjectDefault>false</sourceObjectDefault>
    <synchronousProcessThreshold>0.0</synchronousProcessThreshold>
    <type>Extract</type>
    <uniqueName>EnergyUtilitiesProgramsFetchSiteURL_1</uniqueName>
    <versionNumber>1.0</versionNumber>
    <xmlDeclarationRemoved>false</xmlDeclarationRemoved>
</OmniDataTransform>
