<?xml version="1.0" encoding="UTF-8"?>
<OmniDataTransform xmlns="http://soap.sforce.com/2006/04/metadata">
    <active>false</active>
    <assignmentRulesUsed>false</assignmentRulesUsed>
    <deletedOnSuccess>false</deletedOnSuccess>
    <description>This DR is used to fetch the programs and the associated benefits</description>
    <errorIgnored>false</errorIgnored>
    <fieldLevelSecurityEnabled>true</fieldLevelSecurityEnabled>
    <inputType>JSON</inputType>
    <name>EnergyUtilitiesProgramsGetOrdersList</name>
    <nullInputsIncludedInOutput>false</nullInputsIncludedInOutput>
    <omniDataTransformItem>
        <disabled>false</disabled>
        <filterGroup>0.0</filterGroup>
        <globalKey>EnergyUtilitiesProgramsGetOrdersListCustom0jIRO0000000g572AAItem7</globalKey>
        <inputFieldName>IndividualApplicationItem:AppliedDate</inputFieldName>
        <inputObjectQuerySequence>0.0</inputObjectQuerySequence>
        <linkedObjectSequence>0.0</linkedObjectSequence>
        <name>EnergyUtilitiesProgramsGetOrdersList</name>
        <outputCreationSequence>1.0</outputCreationSequence>
        <outputFieldFormat>Date(MM/dd/yyyy)</outputFieldFormat>
        <outputFieldName>IndividualApplication:AppliedDate</outputFieldName>
        <outputObjectName>json</outputObjectName>
        <requiredForUpsert>false</requiredForUpsert>
        <upsertKey>false</upsertKey>
    </omniDataTransformItem>
    <omniDataTransformItem>
        <disabled>false</disabled>
        <filterGroup>0.0</filterGroup>
        <globalKey>EnergyUtilitiesProgramsGetOrdersListCustom0jIRO0000000g572AAItem13</globalKey>
        <inputFieldName>IndividualApplicationItem:ApprovedDate</inputFieldName>
        <inputObjectQuerySequence>0.0</inputObjectQuerySequence>
        <linkedObjectSequence>0.0</linkedObjectSequence>
        <name>EnergyUtilitiesProgramsGetOrdersList</name>
        <outputCreationSequence>1.0</outputCreationSequence>
        <outputFieldFormat>Date(MM/dd/yyyy)</outputFieldFormat>
        <outputFieldName>IndividualApplication:ApprovedBy</outputFieldName>
        <outputObjectName>json</outputObjectName>
        <requiredForUpsert>false</requiredForUpsert>
        <upsertKey>false</upsertKey>
    </omniDataTransformItem>
    <omniDataTransformItem>
        <disabled>false</disabled>
        <filterGroup>0.0</filterGroup>
        <filterOperator>=</filterOperator>
        <filterValue>IndividualApplicationItem:ProgramProduct:ProgramId</filterValue>
        <globalKey>EnergyUtilitiesProgramsGetOrdersListCustom0jIRO0000000g572AAItem1</globalKey>
        <inputFieldName>LinkedEntityId</inputFieldName>
        <inputObjectName>ContentDocumentLink</inputObjectName>
        <inputObjectQuerySequence>2.0</inputObjectQuerySequence>
        <linkedObjectSequence>0.0</linkedObjectSequence>
        <name>EnergyUtilitiesProgramsGetOrdersList</name>
        <outputCreationSequence>0.0</outputCreationSequence>
        <outputFieldName>IndividualApplicationItem:ProgramProduct:ContentDocumentLink</outputFieldName>
        <outputObjectName>json</outputObjectName>
        <requiredForUpsert>false</requiredForUpsert>
        <upsertKey>false</upsertKey>
    </omniDataTransformItem>
    <omniDataTransformItem>
        <disabled>false</disabled>
        <filterGroup>0.0</filterGroup>
        <formulaConverted>| | var:IndividualApplicationItem:ProgramProduct:ContentDocumentLink LIST &apos;ContentDocument.FileType/\/\/==/\/\/&quot;PNG&quot;/\/\/OR/\/\/ContentDocument.FileType/\/\/==/\/\/&quot;JPG&quot;/\/\/OR/\/\/ContentDocument.FileType/\/\/==/\/\/&quot;JPEG&quot;&apos; FILTER</formulaConverted>
        <formulaExpression>FILTER(LIST(IndividualApplicationItem:ProgramProduct:ContentDocumentLink), &apos;ContentDocument.FileType == &quot;PNG&quot; OR ContentDocument.FileType == &quot;JPG&quot; OR ContentDocument.FileType == &quot;JPEG&quot;&apos;)</formulaExpression>
        <formulaResultPath>IndividualApplicationItem:ProgramProduct:Program:ValidContentDocumentLink</formulaResultPath>
        <formulaSequence>3.0</formulaSequence>
        <globalKey>EnergyUtilitiesProgramsGetOrdersListCustom4730</globalKey>
        <inputObjectQuerySequence>0.0</inputObjectQuerySequence>
        <linkedObjectSequence>0.0</linkedObjectSequence>
        <name>EnergyUtilitiesProgramsGetOrdersList</name>
        <outputCreationSequence>0.0</outputCreationSequence>
        <outputFieldName>Formula</outputFieldName>
        <outputObjectName>Formula</outputObjectName>
        <requiredForUpsert>false</requiredForUpsert>
        <upsertKey>false</upsertKey>
    </omniDataTransformItem>
    <omniDataTransformItem>
        <disabled>false</disabled>
        <filterGroup>0.0</filterGroup>
        <formulaConverted>| | var:IndividualApplicationItem ISNOTBLANK | LIST var:NULL IF</formulaConverted>
        <formulaExpression>IF(ISNOTBLANK(IndividualApplicationItem), LIST(), NULL)</formulaExpression>
        <formulaResultPath>IndividualApplicationItem:Program:Images</formulaResultPath>
        <formulaSequence>1.0</formulaSequence>
        <globalKey>EnergyUtilitiesProgramsGetOrdersListCustom0jIRO0000000g572AAItem4</globalKey>
        <inputObjectQuerySequence>0.0</inputObjectQuerySequence>
        <linkedObjectSequence>0.0</linkedObjectSequence>
        <name>EnergyUtilitiesProgramsGetOrdersList</name>
        <outputCreationSequence>0.0</outputCreationSequence>
        <outputFieldName>Formula</outputFieldName>
        <outputObjectName>Formula</outputObjectName>
        <requiredForUpsert>false</requiredForUpsert>
        <upsertKey>false</upsertKey>
    </omniDataTransformItem>
    <omniDataTransformItem>
        <disabled>false</disabled>
        <filterGroup>0.0</filterGroup>
        <filterOperator>=</filterOperator>
        <filterValue>IndividualApplicationItem:RelatedItemId</filterValue>
        <globalKey>EnergyUtilitiesProgramsGetOrdersListCustom0jIRO0000000g572AAItem2</globalKey>
        <inputFieldName>Id</inputFieldName>
        <inputObjectName>ProgramProduct</inputObjectName>
        <inputObjectQuerySequence>1.0</inputObjectQuerySequence>
        <linkedObjectSequence>0.0</linkedObjectSequence>
        <name>EnergyUtilitiesProgramsGetOrdersList</name>
        <outputCreationSequence>0.0</outputCreationSequence>
        <outputFieldName>IndividualApplicationItem:ProgramProduct</outputFieldName>
        <outputObjectName>json</outputObjectName>
        <requiredForUpsert>false</requiredForUpsert>
        <upsertKey>false</upsertKey>
    </omniDataTransformItem>
    <omniDataTransformItem>
        <disabled>false</disabled>
        <filterGroup>0.0</filterGroup>
        <formulaConverted>| | var:IndividualApplicationItem ISNOTBLANK | var:DRGetSiteURL:SiteURL &quot;/sfc/servlet.shepherd/version/download/&quot; + var:IndividualApplicationItem:ProgramProduct:ContentDocumentLink:ContentDocument.LatestPublishedVersionId CONCAT var:NULL IF</formulaConverted>
        <formulaExpression>IF(ISNOTBLANK(IndividualApplicationItem), CONCAT(DRGetSiteURL:SiteURL + &quot;/sfc/servlet.shepherd/version/download/&quot;, %IndividualApplicationItem:ProgramProduct:ContentDocumentLink:ContentDocument.LatestPublishedVersionId%), NULL)</formulaExpression>
        <formulaResultPath>IndividualApplicationItem:ProgramProduct:ContentDocumentLink:DocumetURL</formulaResultPath>
        <formulaSequence>2.0</formulaSequence>
        <globalKey>EnergyUtilitiesProgramsGetOrdersListCustom0jIRO0000000g572AAItem0</globalKey>
        <inputObjectQuerySequence>0.0</inputObjectQuerySequence>
        <linkedObjectSequence>0.0</linkedObjectSequence>
        <name>EnergyUtilitiesProgramsGetOrdersList</name>
        <outputCreationSequence>0.0</outputCreationSequence>
        <outputFieldName>Formula</outputFieldName>
        <outputObjectName>Formula</outputObjectName>
        <requiredForUpsert>false</requiredForUpsert>
        <upsertKey>false</upsertKey>
    </omniDataTransformItem>
    <omniDataTransformItem>
        <disabled>false</disabled>
        <filterGroup>0.0</filterGroup>
        <globalKey>EnergyUtilitiesProgramsGetOrdersListCustom6980</globalKey>
        <inputFieldName>IndividualApplicationItem:ProgramProduct:Program:ValidContentDocumentLink:ContentDocument.FileType</inputFieldName>
        <inputObjectQuerySequence>0.0</inputObjectQuerySequence>
        <linkedObjectSequence>0.0</linkedObjectSequence>
        <name>EnergyUtilitiesProgramsGetOrdersList</name>
        <outputCreationSequence>1.0</outputCreationSequence>
        <outputFieldFormat>String</outputFieldFormat>
        <outputFieldName>IndividualApplication:Program:Images:FileType</outputFieldName>
        <outputObjectName>json</outputObjectName>
        <requiredForUpsert>false</requiredForUpsert>
        <upsertKey>false</upsertKey>
    </omniDataTransformItem>
    <omniDataTransformItem>
        <disabled>false</disabled>
        <filterGroup>0.0</filterGroup>
        <globalKey>EnergyUtilitiesProgramsGetOrdersListCustom0jIRO0000000g572AAItem8</globalKey>
        <inputFieldName>IndividualApplicationItem:ProgramProduct:Program:ValidContentDocumentLink:ContentDocument.LatestPublishedVersionId</inputFieldName>
        <inputObjectQuerySequence>0.0</inputObjectQuerySequence>
        <linkedObjectSequence>0.0</linkedObjectSequence>
        <name>EnergyUtilitiesProgramsGetOrdersList</name>
        <outputCreationSequence>1.0</outputCreationSequence>
        <outputFieldFormat>String</outputFieldFormat>
        <outputFieldName>IndividualApplication:Program:Images:DocumentId</outputFieldName>
        <outputObjectName>json</outputObjectName>
        <requiredForUpsert>false</requiredForUpsert>
        <upsertKey>false</upsertKey>
    </omniDataTransformItem>
    <omniDataTransformItem>
        <disabled>false</disabled>
        <filterGroup>0.0</filterGroup>
        <globalKey>EnergyUtilitiesProgramsGetOrdersListCustom0jIRO0000000g572AAItem11</globalKey>
        <inputFieldName>IndividualApplicationItem:ProgramProduct:Program:ValidContentDocumentLink:DocumetURL</inputFieldName>
        <inputObjectQuerySequence>0.0</inputObjectQuerySequence>
        <linkedObjectSequence>0.0</linkedObjectSequence>
        <name>EnergyUtilitiesProgramsGetOrdersList</name>
        <outputCreationSequence>1.0</outputCreationSequence>
        <outputFieldFormat>String</outputFieldFormat>
        <outputFieldName>IndividualApplication:Program:Images:DocumentURL</outputFieldName>
        <outputObjectName>json</outputObjectName>
        <requiredForUpsert>false</requiredForUpsert>
        <upsertKey>false</upsertKey>
    </omniDataTransformItem>
    <omniDataTransformItem>
        <disabled>false</disabled>
        <filterGroup>0.0</filterGroup>
        <globalKey>EnergyUtilitiesProgramsGetOrdersListCustom0jIRO0000000g572AAItem10</globalKey>
        <inputFieldName>IndividualApplicationItem:OrderId</inputFieldName>
        <inputObjectQuerySequence>0.0</inputObjectQuerySequence>
        <linkedObjectSequence>0.0</linkedObjectSequence>
        <name>EnergyUtilitiesProgramsGetOrdersList</name>
        <outputCreationSequence>1.0</outputCreationSequence>
        <outputFieldFormat>String</outputFieldFormat>
        <outputFieldName>IndividualApplication:OrderId</outputFieldName>
        <outputObjectName>json</outputObjectName>
        <requiredForUpsert>false</requiredForUpsert>
        <upsertKey>false</upsertKey>
    </omniDataTransformItem>
    <omniDataTransformItem>
        <disabled>false</disabled>
        <filterGroup>0.0</filterGroup>
        <globalKey>EnergyUtilitiesProgramsGetOrdersListCustom0jIRO0000000g572AAItem12</globalKey>
        <inputFieldName>IndividualApplication:Program:Images</inputFieldName>
        <inputObjectQuerySequence>0.0</inputObjectQuerySequence>
        <linkedObjectSequence>0.0</linkedObjectSequence>
        <name>EnergyUtilitiesProgramsGetOrdersList</name>
        <outputCreationSequence>1.0</outputCreationSequence>
        <outputFieldFormat>List&lt;Map&gt;</outputFieldFormat>
        <outputFieldName>IndividualApplication:Program:Images</outputFieldName>
        <outputObjectName>json</outputObjectName>
        <requiredForUpsert>false</requiredForUpsert>
        <upsertKey>false</upsertKey>
    </omniDataTransformItem>
    <omniDataTransformItem>
        <disabled>false</disabled>
        <filterGroup>0.0</filterGroup>
        <globalKey>EnergyUtilitiesProgramsGetOrdersListCustom0jIRO0000000g572AAItem6</globalKey>
        <inputFieldName>IndividualApplicationItem:ProgramProduct:Program.Id</inputFieldName>
        <inputObjectQuerySequence>0.0</inputObjectQuerySequence>
        <linkedObjectSequence>0.0</linkedObjectSequence>
        <name>EnergyUtilitiesProgramsGetOrdersList</name>
        <outputCreationSequence>1.0</outputCreationSequence>
        <outputFieldFormat>String</outputFieldFormat>
        <outputFieldName>IndividualApplication:Program:ProgramId</outputFieldName>
        <outputObjectName>json</outputObjectName>
        <requiredForUpsert>false</requiredForUpsert>
        <upsertKey>false</upsertKey>
    </omniDataTransformItem>
    <omniDataTransformItem>
        <disabled>false</disabled>
        <filterGroup>0.0</filterGroup>
        <globalKey>EnergyUtilitiesProgramsGetOrdersListCustom0jIRO0000000g572AAItem5</globalKey>
        <inputFieldName>IndividualApplicationItem:Status</inputFieldName>
        <inputObjectQuerySequence>0.0</inputObjectQuerySequence>
        <linkedObjectSequence>0.0</linkedObjectSequence>
        <name>EnergyUtilitiesProgramsGetOrdersList</name>
        <outputCreationSequence>1.0</outputCreationSequence>
        <outputFieldFormat>String</outputFieldFormat>
        <outputFieldName>IndividualApplication:Status</outputFieldName>
        <outputObjectName>json</outputObjectName>
        <requiredForUpsert>false</requiredForUpsert>
        <transformValuesMappings>{
  &quot;&quot; : &quot;&quot;
}</transformValuesMappings>
        <upsertKey>false</upsertKey>
    </omniDataTransformItem>
    <omniDataTransformItem>
        <disabled>false</disabled>
        <filterGroup>0.0</filterGroup>
        <globalKey>EnergyUtilitiesProgramsGetOrdersListCustom0jIRO0000000g572AAItem9</globalKey>
        <inputFieldName>IndividualApplicationItem:ProgramProduct:Program.Name</inputFieldName>
        <inputObjectQuerySequence>0.0</inputObjectQuerySequence>
        <linkedObjectSequence>0.0</linkedObjectSequence>
        <name>EnergyUtilitiesProgramsGetOrdersList</name>
        <outputCreationSequence>1.0</outputCreationSequence>
        <outputFieldFormat>String</outputFieldFormat>
        <outputFieldName>IndividualApplication:Program:Name</outputFieldName>
        <outputObjectName>json</outputObjectName>
        <requiredForUpsert>false</requiredForUpsert>
        <upsertKey>false</upsertKey>
    </omniDataTransformItem>
    <outputType>JSON</outputType>
    <previewJsonData>{
  &quot;IndividualApplicationItem&quot; : {
    &quot;ApplicationId&quot; : &quot;0iTRO00000001iY2AQ&quot;,
    &quot;AppliedDate&quot; : &quot;03/13/2023&quot;,
    &quot;OrderId&quot; : &quot;IA-0000000001&quot;,
    &quot;RelatedItemId&quot; : &quot;11mRO000000001dYAA&quot;,
    &quot;Status&quot; : &quot;Approved&quot;
  }
}</previewJsonData>
    <processSuperBulk>false</processSuperBulk>
    <responseCacheTtlMinutes>0.0</responseCacheTtlMinutes>
    <rollbackOnError>false</rollbackOnError>
    <sourceObject>json</sourceObject>
    <sourceObjectDefault>false</sourceObjectDefault>
    <synchronousProcessThreshold>0.0</synchronousProcessThreshold>
    <type>Extract</type>
    <uniqueName>EnergyUtilitiesProgramsGetOrdersList_1</uniqueName>
    <versionNumber>1.0</versionNumber>
    <xmlDeclarationRemoved>false</xmlDeclarationRemoved>
</OmniDataTransform>
