<?xml version="1.0" encoding="UTF-8"?>
<OmniDataTransform xmlns="http://soap.sforce.com/2006/04/metadata">
    <active>false</active>
    <assignmentRulesUsed>false</assignmentRulesUsed>
    <deletedOnSuccess>false</deletedOnSuccess>
    <errorIgnored>false</errorIgnored>
    <fieldLevelSecurityEnabled>false</fieldLevelSecurityEnabled>
    <inputType>JSON</inputType>
    <name>EnergyUtilitiesProgramsUpdateApplication</name>
    <nullInputsIncludedInOutput>false</nullInputsIncludedInOutput>
    <omniDataTransformItem>
        <disabled>false</disabled>
        <filterGroup>0.0</filterGroup>
        <globalKey>EnergyUtilitiesProgramsUpdateApplication9465913997061608</globalKey>
        <inputFieldName>ApplicationId</inputFieldName>
        <inputObjectQuerySequence>0.0</inputObjectQuerySequence>
        <linkedObjectSequence>0.0</linkedObjectSequence>
        <name>EnergyUtilitiesProgramsUpdateApplication</name>
        <outputCreationSequence>1.0</outputCreationSequence>
        <outputFieldName>Name</outputFieldName>
        <outputObjectName>IndividualApplication</outputObjectName>
        <requiredForUpsert>true</requiredForUpsert>
        <upsertKey>true</upsertKey>
    </omniDataTransformItem>
    <omniDataTransformItem>
        <disabled>false</disabled>
        <filterGroup>0.0</filterGroup>
        <globalKey>EnergyUtilitiesProgramsUpdateApplication4682328823123514</globalKey>
        <inputFieldName>Status</inputFieldName>
        <inputObjectQuerySequence>0.0</inputObjectQuerySequence>
        <linkedObjectSequence>0.0</linkedObjectSequence>
        <name>EnergyUtilitiesProgramsUpdateApplication</name>
        <outputCreationSequence>1.0</outputCreationSequence>
        <outputFieldName>Status</outputFieldName>
        <outputObjectName>IndividualApplication</outputObjectName>
        <requiredForUpsert>false</requiredForUpsert>
        <upsertKey>false</upsertKey>
    </omniDataTransformItem>
    <omniDataTransformItem>
        <disabled>true</disabled>
        <filterGroup>0.0</filterGroup>
        <filterOperator>=</filterOperator>
        <globalKey>EnergyUtilitiesProgramsUpdateApplication7098614117835333</globalKey>
        <inputObjectQuerySequence>0.0</inputObjectQuerySequence>
        <linkedObjectSequence>0.0</linkedObjectSequence>
        <migrationValue>FAKEMAPPING</migrationValue>
        <name>EnergyUtilitiesProgramsUpdateApplication</name>
        <outputCreationSequence>1.0</outputCreationSequence>
        <outputFieldName>Id</outputFieldName>
        <outputObjectName>IndividualApplication</outputObjectName>
        <requiredForUpsert>false</requiredForUpsert>
        <upsertKey>false</upsertKey>
    </omniDataTransformItem>
    <outputType>SObject</outputType>
    <previewJsonData>{
  &quot;ApplicationId&quot; : &quot;IA-0000000004&quot;,
  &quot;Status&quot; : &quot;Cancelled&quot;
}</previewJsonData>
    <processSuperBulk>false</processSuperBulk>
    <responseCacheTtlMinutes>0.0</responseCacheTtlMinutes>
    <rollbackOnError>true</rollbackOnError>
    <sourceObject>json</sourceObject>
    <sourceObjectDefault>false</sourceObjectDefault>
    <synchronousProcessThreshold>0.0</synchronousProcessThreshold>
    <type>Load</type>
    <uniqueName>EnergyUtilitiesProgramsUpdateApplication_1</uniqueName>
    <versionNumber>1.0</versionNumber>
    <xmlDeclarationRemoved>false</xmlDeclarationRemoved>
</OmniDataTransform>
