<?xml version="1.0" encoding="UTF-8"?>
<OmniDataTransform xmlns="http://soap.sforce.com/2006/04/metadata">
    <active>false</active>
    <assignmentRulesUsed>false</assignmentRulesUsed>
    <deletedOnSuccess>false</deletedOnSuccess>
    <errorIgnored>false</errorIgnored>
    <expectedInputJson>{
  &quot;AccountId&quot; : &quot;001RO000004KaoQYAS&quot;,
  &quot;Files&quot; : [ {
    &quot;data&quot; : &quot;069RO0000004y0XYAQ&quot;,
    &quot;deleteLabel&quot; : &quot;Delete Getting Started&quot;,
    &quot;filename&quot; : &quot;Getting Started&quot;,
    &quot;size&quot; : 80512,
    &quot;vId&quot; : &quot;068RO0000005HxRYAU&quot;
  } ],
  &quot;ProgramId&quot; : &quot;11WRO000000004X2AQ&quot;,
  &quot;SelectedEVCharger&quot; : {
    &quot;Description&quot; : &quot;Good For Plug-in hybrid, such as the Brand XXXX, Miles/charge time 5 miles per hour of charge, Voltage 110VrnGood For Plug-in hybrid, such as the Brand XXXX, Miles/charge time 5 miles per hour of charge, Voltage 110VrnGood For Plug-in hybrid, such as the Brand XXXX, Miles/charge time 5 miles per hour of charge, Voltage 110VrnGood For Plug-in hybrid, such as the Brand XXXX, Miles/charge time 5 miles per hour of charge, Voltage 110V&quot;,
    &quot;Name&quot; : &quot;Industrial - Low&quot;,
    &quot;ProductFamily&quot; : &quot;EV Charger&quot;,
    &quot;ProductName&quot; : &quot;EV Charger Installation: Industrial - Low&quot;,
    &quot;ProgramProductId&quot; : &quot;11mRO000000001OYAQ&quot;,
    &quot;Url&quot; : &quot;{selectedoffersevcharger.0.Url}&quot;,
    &quot;attributesSelected&quot; : [ {
      &quot;id&quot; : &quot;0tjRM0000004PL2YAM&quot;,
      &quot;value&quot; : &quot;1500&quot;
    }, {
      &quot;id&quot; : &quot;0tjRM0000004QJ5YAM&quot;,
      &quot;value&quot; : &quot;Red&quot;
    }, {
      &quot;id&quot; : &quot;0tjRM0000004Q9rYAE&quot;,
      &quot;value&quot; : &quot;Value&quot;
    }, {
      &quot;id&quot; : &quot;0tjRM0000004QAGYA2&quot;,
      &quot;value&quot; : &quot;40&quot;
    }, {
      &quot;id&quot; : &quot;0tjRM0000004QALYA2&quot;,
      &quot;value&quot; : &quot;12345&quot;
    } ]
  }
}</expectedInputJson>
    <expectedOutputJson>{
  &quot;applicationItems&quot; : [ {
    &quot;ProgramProductId&quot; : &quot;11mRO000000001OYAQ&quot;
  }, {
    &quot;ProgramProductId&quot; : &quot;11mRO000000001JYAQ&quot;
  }, {
    &quot;ProgramProductId&quot; : &quot;11mRO000000001EYAQ&quot;
  } ]
}</expectedOutputJson>
    <fieldLevelSecurityEnabled>false</fieldLevelSecurityEnabled>
    <inputType>JSON</inputType>
    <name>EnergyUtilitiesProgramsTransformSelectedProducts</name>
    <nullInputsIncludedInOutput>false</nullInputsIncludedInOutput>
    <omniDataTransformItem>
        <disabled>false</disabled>
        <filterGroup>0.0</filterGroup>
        <globalKey>EnergyUtilitiesProgramsTransformSelectedProductsCustom4374</globalKey>
        <inputFieldName>applicationItems:records</inputFieldName>
        <inputObjectQuerySequence>0.0</inputObjectQuerySequence>
        <linkedObjectSequence>0.0</linkedObjectSequence>
        <name>EnergyUtilitiesProgramsTransformSelectedProducts</name>
        <outputCreationSequence>1.0</outputCreationSequence>
        <outputFieldFormat>List&lt;Map&gt;</outputFieldFormat>
        <outputFieldName>applicationItems:records</outputFieldName>
        <outputObjectName>json</outputObjectName>
        <requiredForUpsert>false</requiredForUpsert>
        <upsertKey>false</upsertKey>
    </omniDataTransformItem>
    <omniDataTransformItem>
        <disabled>false</disabled>
        <filterGroup>0.0</filterGroup>
        <globalKey>EnergyUtilitiesProgramsTransformSelectedProductsCustom3851</globalKey>
        <inputFieldName>applicationItems:records:productAttributes:records</inputFieldName>
        <inputObjectQuerySequence>0.0</inputObjectQuerySequence>
        <linkedObjectSequence>0.0</linkedObjectSequence>
        <name>EnergyUtilitiesProgramsTransformSelectedProducts</name>
        <outputCreationSequence>1.0</outputCreationSequence>
        <outputFieldFormat>List&lt;Map&gt;</outputFieldFormat>
        <outputFieldName>applicationItems:records:productAttributes:records</outputFieldName>
        <outputObjectName>json</outputObjectName>
        <requiredForUpsert>false</requiredForUpsert>
        <upsertKey>false</upsertKey>
    </omniDataTransformItem>
    <omniDataTransformItem>
        <disabled>false</disabled>
        <filterGroup>0.0</filterGroup>
        <formulaConverted>| var:SelectedEVCharger var:UpdatedSelectedFinancialAssistance var:SelectedEVRates LIST</formulaConverted>
        <formulaExpression>LIST(SelectedEVCharger,UpdatedSelectedFinancialAssistance, SelectedEVRates)</formulaExpression>
        <formulaResultPath>applicationItems</formulaResultPath>
        <formulaSequence>2.0</formulaSequence>
        <globalKey>EnergyUtilitiesProgramsTransformSelectedProductsCustom9294</globalKey>
        <inputObjectQuerySequence>0.0</inputObjectQuerySequence>
        <linkedObjectSequence>0.0</linkedObjectSequence>
        <name>EnergyUtilitiesProgramsTransformSelectedProducts</name>
        <outputCreationSequence>0.0</outputCreationSequence>
        <outputFieldName>Formula</outputFieldName>
        <outputObjectName>Formula</outputObjectName>
        <requiredForUpsert>false</requiredForUpsert>
        <upsertKey>false</upsertKey>
    </omniDataTransformItem>
    <omniDataTransformItem>
        <disabled>false</disabled>
        <filterGroup>0.0</filterGroup>
        <globalKey>EnergyUtilitiesProgramsTransformSelectedProductsCustom9928</globalKey>
        <inputFieldName>AccountId</inputFieldName>
        <inputObjectQuerySequence>0.0</inputObjectQuerySequence>
        <linkedObjectSequence>0.0</linkedObjectSequence>
        <name>EnergyUtilitiesProgramsTransformSelectedProducts</name>
        <outputCreationSequence>1.0</outputCreationSequence>
        <outputFieldName>accountId</outputFieldName>
        <outputObjectName>json</outputObjectName>
        <requiredForUpsert>false</requiredForUpsert>
        <upsertKey>false</upsertKey>
    </omniDataTransformItem>
    <omniDataTransformItem>
        <disabled>false</disabled>
        <filterGroup>0.0</filterGroup>
        <formulaConverted>| var:SelectedFinancialAssistance:ProgramProductId &apos;None&apos; == &apos;&apos; var:SelectedFinancialAssistance IF</formulaConverted>
        <formulaExpression>IF(SelectedFinancialAssistance:ProgramProductId == &apos;None&apos;, &apos;&apos;, SelectedFinancialAssistance)</formulaExpression>
        <formulaResultPath>UpdatedSelectedFinancialAssistance</formulaResultPath>
        <formulaSequence>1.0</formulaSequence>
        <globalKey>EnergyUtilitiesProgramsTransformSelectedProductsCustom9073</globalKey>
        <inputObjectQuerySequence>0.0</inputObjectQuerySequence>
        <linkedObjectSequence>0.0</linkedObjectSequence>
        <name>EnergyUtilitiesProgramsTransformSelectedProducts</name>
        <outputCreationSequence>0.0</outputCreationSequence>
        <outputFieldName>Formula</outputFieldName>
        <outputObjectName>Formula</outputObjectName>
        <requiredForUpsert>false</requiredForUpsert>
        <upsertKey>false</upsertKey>
    </omniDataTransformItem>
    <omniDataTransformItem>
        <disabled>false</disabled>
        <filterGroup>0.0</filterGroup>
        <formulaConverted>| var:Files LIST</formulaConverted>
        <formulaExpression>LIST(Files)</formulaExpression>
        <formulaResultPath>UploadFiles:data</formulaResultPath>
        <formulaSequence>3.0</formulaSequence>
        <globalKey>EnergyUtilitiesProgramsTransformSelectedProductsCustom1706</globalKey>
        <inputObjectQuerySequence>0.0</inputObjectQuerySequence>
        <linkedObjectSequence>0.0</linkedObjectSequence>
        <name>EnergyUtilitiesProgramsTransformSelectedProducts</name>
        <outputCreationSequence>0.0</outputCreationSequence>
        <outputFieldName>Formula</outputFieldName>
        <outputObjectName>Formula</outputObjectName>
        <requiredForUpsert>false</requiredForUpsert>
        <upsertKey>false</upsertKey>
    </omniDataTransformItem>
    <omniDataTransformItem>
        <defaultValue>All</defaultValue>
        <disabled>false</disabled>
        <filterGroup>0.0</filterGroup>
        <globalKey>EnergyUtilitiesProgramsTransformSelectedProductsCustom6610</globalKey>
        <inputObjectQuerySequence>0.0</inputObjectQuerySequence>
        <linkedObjectSequence>0.0</linkedObjectSequence>
        <name>EnergyUtilitiesProgramsTransformSelectedProducts</name>
        <outputCreationSequence>1.0</outputCreationSequence>
        <outputFieldFormat>String</outputFieldFormat>
        <outputFieldName>attributeCreationStrategy</outputFieldName>
        <outputObjectName>json</outputObjectName>
        <requiredForUpsert>false</requiredForUpsert>
        <upsertKey>false</upsertKey>
    </omniDataTransformItem>
    <omniDataTransformItem>
        <disabled>false</disabled>
        <filterGroup>0.0</filterGroup>
        <globalKey>EnergyUtilitiesProgramsTransformSelectedProductsCustom2356</globalKey>
        <inputFieldName>files:records</inputFieldName>
        <inputObjectQuerySequence>0.0</inputObjectQuerySequence>
        <linkedObjectSequence>0.0</linkedObjectSequence>
        <name>EnergyUtilitiesProgramsTransformSelectedProducts</name>
        <outputCreationSequence>1.0</outputCreationSequence>
        <outputFieldFormat>List&lt;Map&gt;</outputFieldFormat>
        <outputFieldName>files:records</outputFieldName>
        <outputObjectName>json</outputObjectName>
        <requiredForUpsert>false</requiredForUpsert>
        <upsertKey>false</upsertKey>
    </omniDataTransformItem>
    <omniDataTransformItem>
        <disabled>false</disabled>
        <filterGroup>0.0</filterGroup>
        <globalKey>EnergyUtilitiesProgramsTransformSelectedProductsCustom2975</globalKey>
        <inputFieldName>applicationItems:attributesSelected:value</inputFieldName>
        <inputObjectQuerySequence>0.0</inputObjectQuerySequence>
        <linkedObjectSequence>0.0</linkedObjectSequence>
        <name>EnergyUtilitiesProgramsTransformSelectedProducts</name>
        <outputCreationSequence>1.0</outputCreationSequence>
        <outputFieldName>applicationItems:records:productAttributes:records:attributeValue</outputFieldName>
        <outputObjectName>json</outputObjectName>
        <requiredForUpsert>false</requiredForUpsert>
        <upsertKey>false</upsertKey>
    </omniDataTransformItem>
    <omniDataTransformItem>
        <disabled>false</disabled>
        <filterGroup>0.0</filterGroup>
        <globalKey>EnergyUtilitiesProgramsTransformSelectedProductsCustom1815</globalKey>
        <inputFieldName>applicationItems:ProgramProductId</inputFieldName>
        <inputObjectQuerySequence>0.0</inputObjectQuerySequence>
        <linkedObjectSequence>0.0</linkedObjectSequence>
        <name>EnergyUtilitiesProgramsTransformSelectedProducts</name>
        <outputCreationSequence>1.0</outputCreationSequence>
        <outputFieldFormat>List&lt;Map&gt;</outputFieldFormat>
        <outputFieldName>applicationItems:records:programProductId</outputFieldName>
        <outputObjectName>json</outputObjectName>
        <requiredForUpsert>false</requiredForUpsert>
        <upsertKey>false</upsertKey>
    </omniDataTransformItem>
    <omniDataTransformItem>
        <disabled>false</disabled>
        <filterGroup>0.0</filterGroup>
        <globalKey>EnergyUtilitiesProgramsTransformSelectedProductsCustom7723</globalKey>
        <inputFieldName>applicationItems:attributesSelected:id</inputFieldName>
        <inputObjectQuerySequence>0.0</inputObjectQuerySequence>
        <linkedObjectSequence>0.0</linkedObjectSequence>
        <name>EnergyUtilitiesProgramsTransformSelectedProducts</name>
        <outputCreationSequence>1.0</outputCreationSequence>
        <outputFieldName>applicationItems:records:productAttributes:records:attributeDefinitionId</outputFieldName>
        <outputObjectName>json</outputObjectName>
        <requiredForUpsert>false</requiredForUpsert>
        <upsertKey>false</upsertKey>
    </omniDataTransformItem>
    <omniDataTransformItem>
        <disabled>false</disabled>
        <filterGroup>0.0</filterGroup>
        <globalKey>EnergyUtilitiesProgramsTransformSelectedProductsCustom6276</globalKey>
        <inputFieldName>applicationItems:attributesSelected:attributePickListValueId</inputFieldName>
        <inputObjectQuerySequence>0.0</inputObjectQuerySequence>
        <linkedObjectSequence>0.0</linkedObjectSequence>
        <name>EnergyUtilitiesProgramsTransformSelectedProducts</name>
        <outputCreationSequence>1.0</outputCreationSequence>
        <outputFieldName>applicationItems:records:productAttributes:records:attributePicklistValueId</outputFieldName>
        <outputObjectName>json</outputObjectName>
        <requiredForUpsert>false</requiredForUpsert>
        <upsertKey>false</upsertKey>
    </omniDataTransformItem>
    <omniDataTransformItem>
        <disabled>false</disabled>
        <filterGroup>0.0</filterGroup>
        <globalKey>EnergyUtilitiesProgramsTransformSelectedProductsCustom882</globalKey>
        <inputFieldName>ProgramId</inputFieldName>
        <inputObjectQuerySequence>0.0</inputObjectQuerySequence>
        <linkedObjectSequence>0.0</linkedObjectSequence>
        <name>EnergyUtilitiesProgramsTransformSelectedProducts</name>
        <outputCreationSequence>1.0</outputCreationSequence>
        <outputFieldName>programId</outputFieldName>
        <outputObjectName>json</outputObjectName>
        <requiredForUpsert>false</requiredForUpsert>
        <upsertKey>false</upsertKey>
    </omniDataTransformItem>
    <omniDataTransformItem>
        <disabled>false</disabled>
        <filterGroup>0.0</filterGroup>
        <globalKey>EnergyUtilitiesProgramsTransformSelectedProductsCustom9769</globalKey>
        <inputFieldName>UploadFiles:data:data</inputFieldName>
        <inputObjectQuerySequence>0.0</inputObjectQuerySequence>
        <linkedObjectSequence>0.0</linkedObjectSequence>
        <name>EnergyUtilitiesProgramsTransformSelectedProducts</name>
        <outputCreationSequence>1.0</outputCreationSequence>
        <outputFieldFormat>String</outputFieldFormat>
        <outputFieldName>files:records:contentDocumentId</outputFieldName>
        <outputObjectName>json</outputObjectName>
        <requiredForUpsert>false</requiredForUpsert>
        <upsertKey>false</upsertKey>
    </omniDataTransformItem>
    <outputType>JSON</outputType>
    <previewJsonData>{
  &quot;AccountId&quot; : &quot;001RO000004KaoQYAS&quot;,
  &quot;Files&quot; : [ {
    &quot;data&quot; : &quot;069RO0000004y0XYAQ&quot;,
    &quot;deleteLabel&quot; : &quot;Delete Getting Started&quot;,
    &quot;filename&quot; : &quot;Getting Started&quot;,
    &quot;size&quot; : 80512,
    &quot;vId&quot; : &quot;068RO0000005HxRYAU&quot;
  } ],
  &quot;ProgramId&quot; : &quot;11WRO000000004X2AQ&quot;,
  &quot;SelectedEVCharger&quot; : {
    &quot;Description&quot; : &quot;Good For Plug-in hybrid, such as the Brand XXXX, Miles/charge time 5 miles per hour of charge, Voltage 110VrnGood For Plug-in hybrid, such as the Brand XXXX, Miles/charge time 5 miles per hour of charge, Voltage 110VrnGood For Plug-in hybrid, such as the Brand XXXX, Miles/charge time 5 miles per hour of charge, Voltage 110VrnGood For Plug-in hybrid, such as the Brand XXXX, Miles/charge time 5 miles per hour of charge, Voltage 110V&quot;,
    &quot;Name&quot; : &quot;Industrial - Low&quot;,
    &quot;ProductFamily&quot; : &quot;EV Charger&quot;,
    &quot;ProductName&quot; : &quot;EV Charger Installation: Industrial - Low&quot;,
    &quot;ProgramProductId&quot; : &quot;11mRO000000001OYAQ&quot;,
    &quot;Url&quot; : &quot;{selectedoffersevcharger.0.Url}&quot;,
    &quot;attributesSelected&quot; : [ {
      &quot;id&quot; : &quot;0tjRM0000004PL2YAM&quot;,
      &quot;value&quot; : &quot;1500&quot;
    }, {
      &quot;id&quot; : &quot;0tjRM0000004QJ5YAM&quot;,
      &quot;value&quot; : &quot;Red&quot;
    }, {
      &quot;id&quot; : &quot;0tjRM0000004Q9rYAE&quot;,
      &quot;value&quot; : &quot;Value&quot;
    }, {
      &quot;id&quot; : &quot;0tjRM0000004QAGYA2&quot;,
      &quot;value&quot; : &quot;40&quot;
    }, {
      &quot;id&quot; : &quot;0tjRM0000004QALYA2&quot;,
      &quot;value&quot; : &quot;12345&quot;
    }, {
      &quot;attributePickListValueId&quot; : &quot;0v6RM00000000CWYAY&quot;,
      &quot;id&quot; : &quot;0tjRM0000004PwaYAE&quot;,
      &quot;value&quot; : &quot;A&quot;
    } ]
  }
}</previewJsonData>
    <processSuperBulk>false</processSuperBulk>
    <responseCacheTtlMinutes>0.0</responseCacheTtlMinutes>
    <rollbackOnError>false</rollbackOnError>
    <sourceObject>json</sourceObject>
    <sourceObjectDefault>false</sourceObjectDefault>
    <synchronousProcessThreshold>0.0</synchronousProcessThreshold>
    <type>Transform</type>
    <uniqueName>EnergyUtilitiesProgramsTransformSelectedProducts_1</uniqueName>
    <versionNumber>1.0</versionNumber>
    <xmlDeclarationRemoved>false</xmlDeclarationRemoved>
</OmniDataTransform>
