<?xml version="1.0" encoding="UTF-8"?>
<OmniDataTransform xmlns="http://soap.sforce.com/2006/04/metadata">
    <active>false</active>
    <assignmentRulesUsed>false</assignmentRulesUsed>
    <deletedOnSuccess>false</deletedOnSuccess>
    <errorIgnored>false</errorIgnored>
    <fieldLevelSecurityEnabled>true</fieldLevelSecurityEnabled>
    <inputType>JSON</inputType>
    <name>EnergyUtilitiesProgramsFetchProductFamilies</name>
    <nullInputsIncludedInOutput>false</nullInputsIncludedInOutput>
    <omniDataTransformItem>
        <disabled>false</disabled>
        <filterGroup>0.0</filterGroup>
        <globalKey>EnergyUtilitiesProgramsFetchProductFamiliesCustom8230</globalKey>
        <inputFieldName>Product:FamilyDescription</inputFieldName>
        <inputObjectQuerySequence>0.0</inputObjectQuerySequence>
        <linkedObjectSequence>0.0</linkedObjectSequence>
        <name>EnergyUtilitiesProgramsFetchProductFamilies</name>
        <outputCreationSequence>1.0</outputCreationSequence>
        <outputFieldFormat>String</outputFieldFormat>
        <outputFieldName>data:ProductFamilyDesc</outputFieldName>
        <outputObjectName>json</outputObjectName>
        <requiredForUpsert>false</requiredForUpsert>
        <upsertKey>false</upsertKey>
    </omniDataTransformItem>
    <omniDataTransformItem>
        <disabled>false</disabled>
        <filterGroup>0.0</filterGroup>
        <globalKey>EnergyUtilitiesProgramsFetchProductFamiliesCustom8208</globalKey>
        <inputFieldName>Product:FamilyName</inputFieldName>
        <inputObjectQuerySequence>0.0</inputObjectQuerySequence>
        <linkedObjectSequence>0.0</linkedObjectSequence>
        <name>EnergyUtilitiesProgramsFetchProductFamilies</name>
        <outputCreationSequence>1.0</outputCreationSequence>
        <outputFieldFormat>String</outputFieldFormat>
        <outputFieldName>data:ProductFamilyName</outputFieldName>
        <outputObjectName>json</outputObjectName>
        <requiredForUpsert>false</requiredForUpsert>
        <upsertKey>false</upsertKey>
    </omniDataTransformItem>
    <omniDataTransformItem>
        <disabled>false</disabled>
        <filterGroup>0.0</filterGroup>
        <formulaConverted>| var:Product:Family &quot;EV/\/\/Charger&quot; == &quot;EV/\/\/Charger&quot; | var:Product:Family &quot;Financial/\/\/Assistance&quot; == &quot;Financial/\/\/Assistance&quot; | var:Product:Family &quot;EV/\/\/Charger/\/\/Rate&quot; == &quot;EV/\/\/Rates&quot; var:NULL IF IF IF</formulaConverted>
        <formulaExpression>IF(Product:Family == &quot;EV Charger&quot;, &quot;EV Charger&quot;, IF(Product:Family == &quot;Financial Assistance&quot;, &quot;Financial Assistance&quot;, IF(Product:Family == &quot;EV Charger Rate&quot;, &quot;EV Rates&quot;, NULL)))</formulaExpression>
        <formulaResultPath>Product:FamilyName</formulaResultPath>
        <formulaSequence>2.0</formulaSequence>
        <globalKey>EnergyUtilitiesProgramsFetchProductFamiliesCustom6595</globalKey>
        <inputObjectQuerySequence>0.0</inputObjectQuerySequence>
        <linkedObjectSequence>0.0</linkedObjectSequence>
        <name>EnergyUtilitiesProgramsFetchProductFamilies</name>
        <outputCreationSequence>0.0</outputCreationSequence>
        <outputFieldName>Formula</outputFieldName>
        <outputObjectName>Formula</outputObjectName>
        <requiredForUpsert>false</requiredForUpsert>
        <upsertKey>false</upsertKey>
    </omniDataTransformItem>
    <omniDataTransformItem>
        <disabled>false</disabled>
        <filterGroup>0.0</filterGroup>
        <formulaConverted>| var:Product:Family &quot;EV/\/\/Charger&quot; == &quot;The/\/\/facility/\/\/must/\/\/have/\/\/space/\/\/to/\/\/place/\/\/the/\/\/EV/\/\/charger/\/\/and/\/\/240v/\/\/power/\/\/with/\/\/a/\/\/new/\/\/panel.&quot; | var:Product:Family &quot;Financial/\/\/Assistance&quot; == &quot;Qualifies/\/\/applicants/\/\/will/\/\/have/\/\/a/\/\/combined/\/\/offers/\/\/for/\/\/lesss/\/\/than/\/\/60k/\/\/$/\/\///\/\/year&quot; | var:Product:Family &quot;EV/\/\/Charger/\/\/Rate&quot; == &quot;Should,/\/\/have/\/\/EV/\/\/charger/\/\/and/\/\/meter&quot; var:NULL IF IF IF</formulaConverted>
        <formulaExpression>IF(Product:Family == &quot;EV Charger&quot;, &quot;The facility must have space to place the EV charger and 240v power with a new panel.&quot;, IF(Product:Family == &quot;Financial Assistance&quot;, &quot;Qualifies applicants will have a combined offers for lesss than 60k $ / year&quot;, IF(Product:Family == &quot;EV Charger Rate&quot;, &quot;Should, have EV charger and meter&quot;, NULL)))</formulaExpression>
        <formulaResultPath>Product:FamilyDescription</formulaResultPath>
        <formulaSequence>1.0</formulaSequence>
        <globalKey>EnergyUtilitiesProgramsFetchProductFamiliesCustom2010</globalKey>
        <inputObjectQuerySequence>0.0</inputObjectQuerySequence>
        <linkedObjectSequence>0.0</linkedObjectSequence>
        <name>EnergyUtilitiesProgramsFetchProductFamilies</name>
        <outputCreationSequence>0.0</outputCreationSequence>
        <outputFieldName>Formula</outputFieldName>
        <outputObjectName>Formula</outputObjectName>
        <requiredForUpsert>false</requiredForUpsert>
        <upsertKey>false</upsertKey>
    </omniDataTransformItem>
    <omniDataTransformItem>
        <disabled>false</disabled>
        <filterGroup>0.0</filterGroup>
        <filterOperator>=</filterOperator>
        <filterValue>&quot;Active&quot;</filterValue>
        <globalKey>EnergyUtilitiesProgramsFetchProductFamiliesCustom7254</globalKey>
        <inputFieldName>Status</inputFieldName>
        <inputObjectName>ProgramProduct</inputObjectName>
        <inputObjectQuerySequence>1.0</inputObjectQuerySequence>
        <linkedObjectSequence>0.0</linkedObjectSequence>
        <name>EnergyUtilitiesProgramsFetchProductFamilies</name>
        <outputCreationSequence>0.0</outputCreationSequence>
        <outputFieldName>ProgramProduct</outputFieldName>
        <outputObjectName>json</outputObjectName>
        <requiredForUpsert>false</requiredForUpsert>
        <upsertKey>false</upsertKey>
    </omniDataTransformItem>
    <omniDataTransformItem>
        <disabled>false</disabled>
        <filterGroup>0.0</filterGroup>
        <filterOperator>=</filterOperator>
        <filterValue>ProgramProduct:ProductId</filterValue>
        <globalKey>EnergyUtilitiesProgramsFetchProductFamiliesCustom3532</globalKey>
        <inputFieldName>Id</inputFieldName>
        <inputObjectName>Product2</inputObjectName>
        <inputObjectQuerySequence>2.0</inputObjectQuerySequence>
        <linkedObjectSequence>0.0</linkedObjectSequence>
        <name>EnergyUtilitiesProgramsFetchProductFamilies</name>
        <outputCreationSequence>0.0</outputCreationSequence>
        <outputFieldName>Product</outputFieldName>
        <outputObjectName>json</outputObjectName>
        <requiredForUpsert>false</requiredForUpsert>
        <upsertKey>false</upsertKey>
    </omniDataTransformItem>
    <omniDataTransformItem>
        <disabled>false</disabled>
        <filterGroup>0.0</filterGroup>
        <filterOperator>=</filterOperator>
        <filterValue>ProgramId</filterValue>
        <globalKey>EnergyUtilitiesProgramsFetchProductFamiliesCustom1624</globalKey>
        <inputFieldName>ProgramId</inputFieldName>
        <inputObjectName>ProgramProduct</inputObjectName>
        <inputObjectQuerySequence>1.0</inputObjectQuerySequence>
        <linkedObjectSequence>0.0</linkedObjectSequence>
        <name>EnergyUtilitiesProgramsFetchProductFamilies</name>
        <outputCreationSequence>0.0</outputCreationSequence>
        <outputFieldName>ProgramProduct</outputFieldName>
        <outputObjectName>json</outputObjectName>
        <requiredForUpsert>false</requiredForUpsert>
        <upsertKey>false</upsertKey>
    </omniDataTransformItem>
    <outputType>JSON</outputType>
    <previewJsonData>{
  &quot;ProgramId&quot; : &quot;11WRO000000002R2AQ&quot;
}</previewJsonData>
    <processSuperBulk>false</processSuperBulk>
    <responseCacheTtlMinutes>0.0</responseCacheTtlMinutes>
    <rollbackOnError>false</rollbackOnError>
    <sourceObject>json</sourceObject>
    <sourceObjectDefault>false</sourceObjectDefault>
    <synchronousProcessThreshold>0.0</synchronousProcessThreshold>
    <type>Extract</type>
    <uniqueName>EnergyUtilitiesProgramsFetchProductFamilies_1</uniqueName>
    <versionNumber>1.0</versionNumber>
    <xmlDeclarationRemoved>false</xmlDeclarationRemoved>
</OmniDataTransform>
