<?xml version="1.0" encoding="UTF-8"?>
<OmniDataTransform xmlns="http://soap.sforce.com/2006/04/metadata">
    <active>false</active>
    <assignmentRulesUsed>false</assignmentRulesUsed>
    <deletedOnSuccess>false</deletedOnSuccess>
    <description>It gives the list of product family names.</description>
    <errorIgnored>false</errorIgnored>
    <fieldLevelSecurityEnabled>false</fieldLevelSecurityEnabled>
    <inputType>JSON</inputType>
    <name>EnergyUtilitiesProgramsProductFamilyMap</name>
    <nullInputsIncludedInOutput>false</nullInputsIncludedInOutput>
    <omniDataTransformItem>
        <disabled>false</disabled>
        <filterGroup>0.0</filterGroup>
        <globalKey>EnergyUtilitiesProgramsProductFamilyMap17345312089560494</globalKey>
        <inputFieldName>ProductFamilies</inputFieldName>
        <inputObjectQuerySequence>0.0</inputObjectQuerySequence>
        <linkedObjectSequence>0.0</linkedObjectSequence>
        <name>EnergyUtilitiesProgramsProductFamilyMap</name>
        <outputCreationSequence>1.0</outputCreationSequence>
        <outputFieldFormat>List&lt;Map&gt;</outputFieldFormat>
        <outputFieldName>ProductFamilies</outputFieldName>
        <outputObjectName>json</outputObjectName>
        <requiredForUpsert>false</requiredForUpsert>
        <upsertKey>false</upsertKey>
    </omniDataTransformItem>
    <omniDataTransformItem>
        <disabled>false</disabled>
        <filterGroup>0.0</filterGroup>
        <globalKey>EnergyUtilitiesProgramsProductFamilyMap6384761384472915</globalKey>
        <inputFieldName>data:ProductFamilyName</inputFieldName>
        <inputObjectQuerySequence>0.0</inputObjectQuerySequence>
        <linkedObjectSequence>0.0</linkedObjectSequence>
        <name>EnergyUtilitiesProgramsProductFamilyMap</name>
        <outputCreationSequence>1.0</outputCreationSequence>
        <outputFieldName>ProductFamilies:ProductFamilyName</outputFieldName>
        <outputObjectName>json</outputObjectName>
        <requiredForUpsert>false</requiredForUpsert>
        <upsertKey>false</upsertKey>
    </omniDataTransformItem>
    <omniDataTransformItem>
        <disabled>false</disabled>
        <filterGroup>0.0</filterGroup>
        <formulaConverted>| LIST</formulaConverted>
        <formulaExpression>LIST()</formulaExpression>
        <formulaResultPath>ProductFamilies</formulaResultPath>
        <formulaSequence>1.0</formulaSequence>
        <globalKey>EnergyUtilitiesProgramsProductFamilyMap7022271510665161</globalKey>
        <inputObjectQuerySequence>0.0</inputObjectQuerySequence>
        <linkedObjectSequence>0.0</linkedObjectSequence>
        <name>EnergyUtilitiesProgramsProductFamilyMap</name>
        <outputCreationSequence>0.0</outputCreationSequence>
        <outputFieldName>Formula</outputFieldName>
        <outputObjectName>Formula</outputObjectName>
        <requiredForUpsert>false</requiredForUpsert>
        <upsertKey>false</upsertKey>
    </omniDataTransformItem>
    <outputType>JSON</outputType>
    <previewJsonData>{
  &quot;data&quot; : [ {
    &quot;ProductFamilyDesc&quot; : &quot;The facility must have space to place the EV charger and 240v power with a new panel.&quot;,
    &quot;ProductFamilyName&quot; : &quot;EV Charger&quot;
  }, {
    &quot;ProductFamilyDesc&quot; : &quot;Qualifies applicants will have a combined offers for lesss than 60k $ / year&quot;,
    &quot;ProductFamilyName&quot; : &quot;Financial Assistance&quot;
  } ]
}</previewJsonData>
    <processSuperBulk>false</processSuperBulk>
    <responseCacheTtlMinutes>0.0</responseCacheTtlMinutes>
    <rollbackOnError>false</rollbackOnError>
    <sourceObject>json</sourceObject>
    <sourceObjectDefault>false</sourceObjectDefault>
    <synchronousProcessThreshold>0.0</synchronousProcessThreshold>
    <type>Transform</type>
    <uniqueName>EnergyUtilitiesProgramsProductFamilyMap_1</uniqueName>
    <versionNumber>1.0</versionNumber>
    <xmlDeclarationRemoved>false</xmlDeclarationRemoved>
</OmniDataTransform>
