<?xml version="1.0" encoding="UTF-8"?>
<OmniDataTransform xmlns="http://soap.sforce.com/2006/04/metadata">
    <active>false</active>
    <assignmentRulesUsed>false</assignmentRulesUsed>
    <deletedOnSuccess>false</deletedOnSuccess>
    <description>Get document template records using template type filter.</description>
    <errorIgnored>false</errorIgnored>
    <fieldLevelSecurityEnabled>false</fieldLevelSecurityEnabled>
    <inputType>JSON</inputType>
    <name>ExtractDocumentTemplateByTemplateType</name>
    <nullInputsIncludedInOutput>false</nullInputsIncludedInOutput>
    <omniDataTransformItem>
        <disabled>false</disabled>
        <filterGroup>0.0</filterGroup>
        <globalKey>ExtractDocumentTemplateByTemplateTypeCustom7432</globalKey>
        <inputFieldName>DocumentTemplate:Name</inputFieldName>
        <inputObjectQuerySequence>0.0</inputObjectQuerySequence>
        <linkedObjectSequence>0.0</linkedObjectSequence>
        <name>ExtractDocumentTemplateByTemplateType</name>
        <outputCreationSequence>1.0</outputCreationSequence>
        <outputFieldName>DocumentTemplate:Name</outputFieldName>
        <outputObjectName>json</outputObjectName>
        <requiredForUpsert>false</requiredForUpsert>
        <upsertKey>false</upsertKey>
    </omniDataTransformItem>
    <omniDataTransformItem>
        <disabled>false</disabled>
        <filterGroup>0.0</filterGroup>
        <globalKey>ExtractDocumentTemplateByTemplateTypeCustom5984</globalKey>
        <inputFieldName>DocumentTemplate:vlocity_cmt__TemplateContentFormat__c</inputFieldName>
        <inputObjectQuerySequence>0.0</inputObjectQuerySequence>
        <linkedObjectSequence>0.0</linkedObjectSequence>
        <name>ExtractDocumentTemplateByTemplateType</name>
        <outputCreationSequence>1.0</outputCreationSequence>
        <outputFieldName>DocumentTemplate:TemplateType</outputFieldName>
        <outputObjectName>json</outputObjectName>
        <requiredForUpsert>false</requiredForUpsert>
        <upsertKey>false</upsertKey>
    </omniDataTransformItem>
    <omniDataTransformItem>
        <disabled>false</disabled>
        <filterGroup>0.0</filterGroup>
        <filterOperator>=</filterOperator>
        <filterValue>templateType</filterValue>
        <globalKey>ExtractDocumentTemplateByTemplateTypeCustom4609</globalKey>
        <inputFieldName>vlocity_cmt__TemplateContentFormat__c</inputFieldName>
        <inputObjectName>vlocity_cmt__DocumentTemplate__c</inputObjectName>
        <inputObjectQuerySequence>1.0</inputObjectQuerySequence>
        <linkedObjectSequence>0.0</linkedObjectSequence>
        <name>ExtractDocumentTemplateByTemplateType</name>
        <outputCreationSequence>0.0</outputCreationSequence>
        <outputFieldName>DocumentTemplate</outputFieldName>
        <outputObjectName>json</outputObjectName>
        <requiredForUpsert>false</requiredForUpsert>
        <upsertKey>false</upsertKey>
    </omniDataTransformItem>
    <omniDataTransformItem>
        <disabled>false</disabled>
        <filterGroup>0.0</filterGroup>
        <globalKey>ExtractDocumentTemplateByTemplateTypeCustom3737</globalKey>
        <inputFieldName>DocumentTemplate:Id</inputFieldName>
        <inputObjectQuerySequence>0.0</inputObjectQuerySequence>
        <linkedObjectSequence>0.0</linkedObjectSequence>
        <name>ExtractDocumentTemplateByTemplateType</name>
        <outputCreationSequence>1.0</outputCreationSequence>
        <outputFieldName>DocumentTemplate:Id</outputFieldName>
        <outputObjectName>json</outputObjectName>
        <requiredForUpsert>false</requiredForUpsert>
        <upsertKey>false</upsertKey>
    </omniDataTransformItem>
    <omniDataTransformItem>
        <disabled>false</disabled>
        <filterGroup>0.0</filterGroup>
        <filterOperator>=</filterOperator>
        <filterValue>&apos;true&apos;</filterValue>
        <globalKey>ExtractDocumentTemplateByTemplateTypeCustom596</globalKey>
        <inputFieldName>vlocity_cmt__IsActive__c</inputFieldName>
        <inputObjectName>vlocity_cmt__DocumentTemplate__c</inputObjectName>
        <inputObjectQuerySequence>1.0</inputObjectQuerySequence>
        <linkedObjectSequence>0.0</linkedObjectSequence>
        <name>ExtractDocumentTemplateByTemplateType</name>
        <outputCreationSequence>0.0</outputCreationSequence>
        <outputFieldName>DocumentTemplate</outputFieldName>
        <outputObjectName>json</outputObjectName>
        <requiredForUpsert>false</requiredForUpsert>
        <upsertKey>false</upsertKey>
    </omniDataTransformItem>
    <omniDataTransformItem>
        <disabled>false</disabled>
        <filterGroup>0.0</filterGroup>
        <filterOperator>=</filterOperator>
        <filterValue>&apos;JSON Based&apos;</filterValue>
        <globalKey>ExtractDocumentTemplateByTemplateTypeCustom2931</globalKey>
        <inputFieldName>vlocity_cmt__MappingType__c</inputFieldName>
        <inputObjectName>vlocity_cmt__DocumentTemplate__c</inputObjectName>
        <inputObjectQuerySequence>1.0</inputObjectQuerySequence>
        <linkedObjectSequence>0.0</linkedObjectSequence>
        <name>ExtractDocumentTemplateByTemplateType</name>
        <outputCreationSequence>0.0</outputCreationSequence>
        <outputFieldName>DocumentTemplate</outputFieldName>
        <outputObjectName>json</outputObjectName>
        <requiredForUpsert>false</requiredForUpsert>
        <upsertKey>false</upsertKey>
    </omniDataTransformItem>
    <omniDataTransformItem>
        <disabled>false</disabled>
        <filterGroup>0.0</filterGroup>
        <globalKey>ExtractDocumentTemplateByTemplateTypeCustom7651</globalKey>
        <inputFieldName>DocumentTemplate:vlocity_cmt__VersionNumber__c</inputFieldName>
        <inputObjectQuerySequence>0.0</inputObjectQuerySequence>
        <linkedObjectSequence>0.0</linkedObjectSequence>
        <name>ExtractDocumentTemplateByTemplateType</name>
        <outputCreationSequence>1.0</outputCreationSequence>
        <outputFieldName>DocumentTemplate:VersionNumber</outputFieldName>
        <outputObjectName>json</outputObjectName>
        <requiredForUpsert>false</requiredForUpsert>
        <upsertKey>false</upsertKey>
    </omniDataTransformItem>
    <outputType>JSON</outputType>
    <previewJsonData>{
  &quot;templateType&quot; : &quot;Microsoft Word .DOCX Template&quot;
}</previewJsonData>
    <processSuperBulk>false</processSuperBulk>
    <responseCacheTtlMinutes>0.0</responseCacheTtlMinutes>
    <rollbackOnError>false</rollbackOnError>
    <sourceObject>json</sourceObject>
    <sourceObjectDefault>false</sourceObjectDefault>
    <synchronousProcessThreshold>-1.0</synchronousProcessThreshold>
    <type>Extract</type>
    <uniqueName>ExtractDocumentTemplateByTemplateType_1</uniqueName>
    <versionNumber>1.0</versionNumber>
    <xmlDeclarationRemoved>false</xmlDeclarationRemoved>
</OmniDataTransform>
