<?xml version="1.0" encoding="UTF-8"?>
<OmniDataTransform xmlns="http://soap.sforce.com/2006/04/metadata">
    <active>false</active>
    <assignmentRulesUsed>false</assignmentRulesUsed>
    <deletedOnSuccess>false</deletedOnSuccess>
    <errorIgnored>false</errorIgnored>
    <fieldLevelSecurityEnabled>false</fieldLevelSecurityEnabled>
    <inputType>JSON</inputType>
    <name>GenericDocuSignGetDocuments</name>
    <nullInputsIncludedInOutput>false</nullInputsIncludedInOutput>
    <omniDataTransformItem>
        <disabled>false</disabled>
        <filterGroup>0.0</filterGroup>
        <globalKey>GenericDocuSignGetDocumentsCustom7579</globalKey>
        <inputFieldName>Documents:Id</inputFieldName>
        <inputObjectQuerySequence>0.0</inputObjectQuerySequence>
        <linkedObjectSequence>0.0</linkedObjectSequence>
        <name>GenericDocuSignGetDocuments</name>
        <outputCreationSequence>1.0</outputCreationSequence>
        <outputFieldName>documents:sourceId</outputFieldName>
        <outputObjectName>json</outputObjectName>
        <requiredForUpsert>false</requiredForUpsert>
        <upsertKey>false</upsertKey>
    </omniDataTransformItem>
    <omniDataTransformItem>
        <disabled>false</disabled>
        <filterGroup>0.0</filterGroup>
        <globalKey>GenericDocuSignGetDocumentsCustom7672</globalKey>
        <inputFieldName>Documents:SourceType</inputFieldName>
        <inputObjectQuerySequence>0.0</inputObjectQuerySequence>
        <linkedObjectSequence>0.0</linkedObjectSequence>
        <name>GenericDocuSignGetDocuments</name>
        <outputCreationSequence>1.0</outputCreationSequence>
        <outputFieldName>documents:sourceType</outputFieldName>
        <outputObjectName>json</outputObjectName>
        <requiredForUpsert>false</requiredForUpsert>
        <upsertKey>false</upsertKey>
    </omniDataTransformItem>
    <omniDataTransformItem>
        <disabled>false</disabled>
        <filterGroup>0.0</filterGroup>
        <globalKey>GenericDocuSignGetDocumentsCustom8552</globalKey>
        <inputFieldName>Documents:Name</inputFieldName>
        <inputObjectQuerySequence>0.0</inputObjectQuerySequence>
        <linkedObjectSequence>0.0</linkedObjectSequence>
        <name>GenericDocuSignGetDocuments</name>
        <outputCreationSequence>1.0</outputCreationSequence>
        <outputFieldName>documents:name</outputFieldName>
        <outputObjectName>json</outputObjectName>
        <requiredForUpsert>false</requiredForUpsert>
        <upsertKey>false</upsertKey>
    </omniDataTransformItem>
    <omniDataTransformItem>
        <disabled>false</disabled>
        <filterGroup>0.0</filterGroup>
        <globalKey>GenericDocuSignGetDocumentsCustom7115</globalKey>
        <inputFieldName>Documents:Title</inputFieldName>
        <inputObjectQuerySequence>0.0</inputObjectQuerySequence>
        <linkedObjectSequence>0.0</linkedObjectSequence>
        <name>GenericDocuSignGetDocuments</name>
        <outputCreationSequence>1.0</outputCreationSequence>
        <outputFieldName>documents:name</outputFieldName>
        <outputObjectName>json</outputObjectName>
        <requiredForUpsert>false</requiredForUpsert>
        <upsertKey>false</upsertKey>
    </omniDataTransformItem>
    <omniDataTransformItem>
        <disabled>false</disabled>
        <filterGroup>1.0</filterGroup>
        <filterOperator>=</filterOperator>
        <filterValue>ContentDocumentLinks:ContentDocumentId</filterValue>
        <globalKey>GenericDocuSignGetDocumentsCustom6133</globalKey>
        <inputFieldName>ContentDocumentId</inputFieldName>
        <inputObjectName>ContentVersion</inputObjectName>
        <inputObjectQuerySequence>3.0</inputObjectQuerySequence>
        <linkedObjectSequence>0.0</linkedObjectSequence>
        <name>GenericDocuSignGetDocuments</name>
        <outputCreationSequence>0.0</outputCreationSequence>
        <outputFieldName>ContentVersions</outputFieldName>
        <outputObjectName>json</outputObjectName>
        <requiredForUpsert>false</requiredForUpsert>
        <upsertKey>false</upsertKey>
    </omniDataTransformItem>
    <omniDataTransformItem>
        <disabled>false</disabled>
        <filterGroup>1.0</filterGroup>
        <filterOperator>NOT LIKE</filterOperator>
        <filterValue>&quot;signed_%&quot;</filterValue>
        <globalKey>GenericDocuSignGetDocumentsCustom1284</globalKey>
        <inputFieldName>Title</inputFieldName>
        <inputObjectName>ContentVersion</inputObjectName>
        <inputObjectQuerySequence>3.0</inputObjectQuerySequence>
        <linkedObjectSequence>0.0</linkedObjectSequence>
        <name>GenericDocuSignGetDocuments</name>
        <outputCreationSequence>0.0</outputCreationSequence>
        <outputFieldName>ContentVersions</outputFieldName>
        <outputObjectName>json</outputObjectName>
        <requiredForUpsert>false</requiredForUpsert>
        <upsertKey>false</upsertKey>
    </omniDataTransformItem>
    <omniDataTransformItem>
        <disabled>false</disabled>
        <filterGroup>0.0</filterGroup>
        <filterOperator>=</filterOperator>
        <filterValue>objectId</filterValue>
        <globalKey>GenericDocuSignGetDocumentsCustom7291</globalKey>
        <inputFieldName>vlocity_cmt__ObjectId__c</inputFieldName>
        <inputObjectName>vlocity_cmt__Document__c</inputObjectName>
        <inputObjectQuerySequence>1.0</inputObjectQuerySequence>
        <linkedObjectSequence>0.0</linkedObjectSequence>
        <name>GenericDocuSignGetDocuments</name>
        <outputCreationSequence>0.0</outputCreationSequence>
        <outputFieldName>DocumentLink</outputFieldName>
        <outputObjectName>json</outputObjectName>
        <requiredForUpsert>false</requiredForUpsert>
        <upsertKey>false</upsertKey>
    </omniDataTransformItem>
    <omniDataTransformItem>
        <disabled>false</disabled>
        <filterGroup>0.0</filterGroup>
        <filterOperator>=</filterOperator>
        <filterValue>objectId</filterValue>
        <globalKey>GenericDocuSignGetDocumentsCustom1349</globalKey>
        <inputFieldName>LinkedEntityId</inputFieldName>
        <inputObjectName>ContentDocumentLink</inputObjectName>
        <inputObjectQuerySequence>2.0</inputObjectQuerySequence>
        <linkedObjectSequence>0.0</linkedObjectSequence>
        <name>GenericDocuSignGetDocuments</name>
        <outputCreationSequence>0.0</outputCreationSequence>
        <outputFieldName>ContentDocumentLinks</outputFieldName>
        <outputObjectName>json</outputObjectName>
        <requiredForUpsert>false</requiredForUpsert>
        <upsertKey>false</upsertKey>
    </omniDataTransformItem>
    <omniDataTransformItem>
        <disabled>false</disabled>
        <filterGroup>0.0</filterGroup>
        <globalKey>GenericDocuSignGetDocumentsCustom736</globalKey>
        <inputFieldName>Documents:FileExtension</inputFieldName>
        <inputObjectQuerySequence>0.0</inputObjectQuerySequence>
        <linkedObjectSequence>0.0</linkedObjectSequence>
        <name>GenericDocuSignGetDocuments</name>
        <outputCreationSequence>1.0</outputCreationSequence>
        <outputFieldName>documents:fileExtension</outputFieldName>
        <outputObjectName>json</outputObjectName>
        <requiredForUpsert>false</requiredForUpsert>
        <upsertKey>false</upsertKey>
    </omniDataTransformItem>
    <omniDataTransformItem>
        <disabled>false</disabled>
        <filterGroup>0.0</filterGroup>
        <globalKey>GenericDocuSignGetDocumentsCustom2263</globalKey>
        <inputFieldName>Documents:Id</inputFieldName>
        <inputObjectQuerySequence>0.0</inputObjectQuerySequence>
        <linkedObjectSequence>0.0</linkedObjectSequence>
        <name>GenericDocuSignGetDocuments</name>
        <outputCreationSequence>1.0</outputCreationSequence>
        <outputFieldName>documents:id</outputFieldName>
        <outputObjectName>json</outputObjectName>
        <requiredForUpsert>false</requiredForUpsert>
        <upsertKey>false</upsertKey>
    </omniDataTransformItem>
    <omniDataTransformItem>
        <disabled>false</disabled>
        <filterGroup>0.0</filterGroup>
        <formulaConverted>| var:ContentVersions:Id &quot;Content&quot; var:null IF</formulaConverted>
        <formulaExpression>IF(ContentVersions:Id, &quot;Content&quot;, null)</formulaExpression>
        <formulaResultPath>ContentVersions:SourceType</formulaResultPath>
        <formulaSequence>4.0</formulaSequence>
        <globalKey>GenericDocuSignGetDocumentsCustom8945</globalKey>
        <inputObjectQuerySequence>0.0</inputObjectQuerySequence>
        <linkedObjectSequence>0.0</linkedObjectSequence>
        <name>GenericDocuSignGetDocuments</name>
        <outputCreationSequence>0.0</outputCreationSequence>
        <outputFieldName>Formula</outputFieldName>
        <outputObjectName>Formula</outputObjectName>
        <requiredForUpsert>false</requiredForUpsert>
        <upsertKey>false</upsertKey>
    </omniDataTransformItem>
    <omniDataTransformItem>
        <disabled>false</disabled>
        <filterGroup>0.0</filterGroup>
        <formulaConverted>| | var:Attachments var:ContentVersions LIST &apos;CreatedDate:DSC&apos; SORTBY</formulaConverted>
        <formulaExpression>SORTBY(LIST(Attachments, ContentVersions), &apos;CreatedDate:DSC&apos;)</formulaExpression>
        <formulaResultPath>Documents</formulaResultPath>
        <formulaSequence>5.0</formulaSequence>
        <globalKey>GenericDocuSignGetDocumentsCustom9733</globalKey>
        <inputObjectQuerySequence>0.0</inputObjectQuerySequence>
        <linkedObjectSequence>0.0</linkedObjectSequence>
        <name>GenericDocuSignGetDocuments</name>
        <outputCreationSequence>0.0</outputCreationSequence>
        <outputFieldName>Formula</outputFieldName>
        <outputObjectName>Formula</outputObjectName>
        <requiredForUpsert>false</requiredForUpsert>
        <upsertKey>false</upsertKey>
    </omniDataTransformItem>
    <omniDataTransformItem>
        <disabled>false</disabled>
        <filterGroup>0.0</filterGroup>
        <formulaConverted>| var:Attachments:ContentType &quot;application/pdf&quot; == &quot;pdf&quot; | var:Attachments:ContentType &quot;application/vnd.openxmlformats-officedocument.wordprocessingml.document&quot; == &quot;docx&quot; var:null IF IF</formulaConverted>
        <formulaExpression>IF (Attachments:ContentType == &quot;application/pdf&quot;, &quot;pdf&quot;, IF (Attachments:ContentType == &quot;application/vnd.openxmlformats-officedocument.wordprocessingml.document&quot;, &quot;docx&quot;, null))</formulaExpression>
        <formulaResultPath>Attachments:FileExtension</formulaResultPath>
        <formulaSequence>2.0</formulaSequence>
        <globalKey>GenericDocuSignGetDocumentsCustom9522</globalKey>
        <inputObjectQuerySequence>0.0</inputObjectQuerySequence>
        <linkedObjectSequence>0.0</linkedObjectSequence>
        <name>GenericDocuSignGetDocuments</name>
        <outputCreationSequence>0.0</outputCreationSequence>
        <outputFieldName>Formula</outputFieldName>
        <outputObjectName>Formula</outputObjectName>
        <requiredForUpsert>false</requiredForUpsert>
        <upsertKey>false</upsertKey>
    </omniDataTransformItem>
    <omniDataTransformItem>
        <disabled>false</disabled>
        <filterGroup>0.0</filterGroup>
        <formulaConverted>| var:Attachments:Id &quot;Attachment&quot; var:null IF</formulaConverted>
        <formulaExpression>IF(Attachments:Id,&quot;Attachment&quot;, null)</formulaExpression>
        <formulaResultPath>Attachments:SourceType</formulaResultPath>
        <formulaSequence>3.0</formulaSequence>
        <globalKey>GenericDocuSignGetDocumentsCustom9830</globalKey>
        <inputObjectQuerySequence>0.0</inputObjectQuerySequence>
        <linkedObjectSequence>0.0</linkedObjectSequence>
        <name>GenericDocuSignGetDocuments</name>
        <outputCreationSequence>0.0</outputCreationSequence>
        <outputFieldName>Formula</outputFieldName>
        <outputObjectName>Formula</outputObjectName>
        <requiredForUpsert>false</requiredForUpsert>
        <upsertKey>false</upsertKey>
    </omniDataTransformItem>
    <omniDataTransformItem>
        <disabled>false</disabled>
        <filterGroup>0.0</filterGroup>
        <filterOperator>=</filterOperator>
        <filterValue>DocumentLink:vlocity_cmt__DocumentSourceId__c</filterValue>
        <globalKey>GenericDocuSignGetDocumentsCustom9016</globalKey>
        <inputFieldName>Id</inputFieldName>
        <inputObjectName>Attachment</inputObjectName>
        <inputObjectQuerySequence>4.0</inputObjectQuerySequence>
        <linkedObjectSequence>0.0</linkedObjectSequence>
        <name>GenericDocuSignGetDocuments</name>
        <outputCreationSequence>0.0</outputCreationSequence>
        <outputFieldName>Attachments</outputFieldName>
        <outputObjectName>json</outputObjectName>
        <requiredForUpsert>false</requiredForUpsert>
        <upsertKey>false</upsertKey>
    </omniDataTransformItem>
    <omniDataTransformItem>
        <disabled>true</disabled>
        <filterGroup>0.0</filterGroup>
        <formulaConverted>| var:ContentVersions:FileExtension &quot;pdf&quot; == &quot;pdf&quot; | var:ContentVersions:FileExtension &quot;docx&quot; == &quot;docx&quot; var:null IF IF</formulaConverted>
        <formulaExpression>IF (ContentVersions:FileExtension == &quot;pdf&quot;, &quot;pdf&quot;, IF (ContentVersions:FileExtension == &quot;docx&quot;, &quot;docx&quot;, null))</formulaExpression>
        <formulaResultPath>ContentVersions:FileExtension</formulaResultPath>
        <formulaSequence>1.0</formulaSequence>
        <globalKey>GenericDocuSignGetDocuments4186190854798093</globalKey>
        <inputObjectQuerySequence>0.0</inputObjectQuerySequence>
        <linkedObjectSequence>0.0</linkedObjectSequence>
        <name>GenericDocuSignGetDocuments</name>
        <outputCreationSequence>0.0</outputCreationSequence>
        <outputFieldName>Formula</outputFieldName>
        <outputObjectName>Formula</outputObjectName>
        <requiredForUpsert>false</requiredForUpsert>
        <upsertKey>false</upsertKey>
    </omniDataTransformItem>
    <outputType>JSON</outputType>
    <previewJsonData>{
  &quot;objectId&quot; : &quot;&quot;
}</previewJsonData>
    <processSuperBulk>false</processSuperBulk>
    <responseCacheTtlMinutes>0.0</responseCacheTtlMinutes>
    <rollbackOnError>false</rollbackOnError>
    <sourceObject>json</sourceObject>
    <sourceObjectDefault>false</sourceObjectDefault>
    <synchronousProcessThreshold>-1.0</synchronousProcessThreshold>
    <type>Extract</type>
    <uniqueName>GenericDocuSignGetDocuments_1</uniqueName>
    <versionNumber>1.0</versionNumber>
    <xmlDeclarationRemoved>false</xmlDeclarationRemoved>
</OmniDataTransform>
