<?xml version="1.0" encoding="UTF-8"?>
<OmniDataTransform xmlns="http://soap.sforce.com/2006/04/metadata">
    <active>false</active>
    <assignmentRulesUsed>false</assignmentRulesUsed>
    <deletedOnSuccess>false</deletedOnSuccess>
    <errorIgnored>false</errorIgnored>
    <fieldLevelSecurityEnabled>false</fieldLevelSecurityEnabled>
    <name>GetDocumentTemplates</name>
    <nullInputsIncludedInOutput>false</nullInputsIncludedInOutput>
    <omniDataTransformItem>
        <disabled>false</disabled>
        <filterGroup>0.0</filterGroup>
        <globalKey>GetDocumentTemplatesCustom9957</globalKey>
        <inputFieldName>DocumentTemplate:Id</inputFieldName>
        <inputObjectQuerySequence>0.0</inputObjectQuerySequence>
        <linkedObjectSequence>0.0</linkedObjectSequence>
        <name>GetDocumentTemplates</name>
        <outputCreationSequence>1.0</outputCreationSequence>
        <outputFieldName>DocumentTemplate:Id</outputFieldName>
        <outputObjectName>json</outputObjectName>
        <requiredForUpsert>false</requiredForUpsert>
        <upsertKey>false</upsertKey>
    </omniDataTransformItem>
    <omniDataTransformItem>
        <disabled>false</disabled>
        <filterGroup>0.0</filterGroup>
        <filterOperator>=</filterOperator>
        <filterValue>&apos;Active&apos;</filterValue>
        <globalKey>GetDocumentTemplatesCustom3385</globalKey>
        <inputFieldName>vlocity_cmt__Status__c</inputFieldName>
        <inputObjectName>vlocity_cmt__DocumentTemplate__c</inputObjectName>
        <inputObjectQuerySequence>1.0</inputObjectQuerySequence>
        <linkedObjectSequence>0.0</linkedObjectSequence>
        <name>GetDocumentTemplates</name>
        <outputCreationSequence>0.0</outputCreationSequence>
        <outputFieldName>DocumentTemplate</outputFieldName>
        <outputObjectName>json</outputObjectName>
        <requiredForUpsert>false</requiredForUpsert>
        <upsertKey>false</upsertKey>
    </omniDataTransformItem>
    <omniDataTransformItem>
        <disabled>false</disabled>
        <filterGroup>0.0</filterGroup>
        <globalKey>GetDocumentTemplatesCustom7457</globalKey>
        <inputFieldName>DocumentTemplate:Name</inputFieldName>
        <inputObjectQuerySequence>0.0</inputObjectQuerySequence>
        <linkedObjectSequence>0.0</linkedObjectSequence>
        <name>GetDocumentTemplates</name>
        <outputCreationSequence>1.0</outputCreationSequence>
        <outputFieldName>DocumentTemplate:Name</outputFieldName>
        <outputObjectName>json</outputObjectName>
        <requiredForUpsert>false</requiredForUpsert>
        <upsertKey>false</upsertKey>
    </omniDataTransformItem>
    <omniDataTransformItem>
        <disabled>false</disabled>
        <filterGroup>0.0</filterGroup>
        <globalKey>GetDocumentTemplatesCustom3921</globalKey>
        <inputFieldName>DocumentTemplate:vlocity_cmt__VersionNumber__c</inputFieldName>
        <inputObjectQuerySequence>0.0</inputObjectQuerySequence>
        <linkedObjectSequence>0.0</linkedObjectSequence>
        <name>GetDocumentTemplates</name>
        <outputCreationSequence>1.0</outputCreationSequence>
        <outputFieldName>DocumentTemplate:VersionNumber</outputFieldName>
        <outputObjectName>json</outputObjectName>
        <requiredForUpsert>false</requiredForUpsert>
        <upsertKey>false</upsertKey>
    </omniDataTransformItem>
    <omniDataTransformItem>
        <disabled>false</disabled>
        <filterGroup>0.0</filterGroup>
        <filterOperator>=</filterOperator>
        <filterValue>active</filterValue>
        <globalKey>GetDocumentTemplatesCustom7913</globalKey>
        <inputFieldName>vlocity_cmt__IsActive__c</inputFieldName>
        <inputObjectName>vlocity_cmt__DocumentTemplate__c</inputObjectName>
        <inputObjectQuerySequence>1.0</inputObjectQuerySequence>
        <linkedObjectSequence>0.0</linkedObjectSequence>
        <name>GetDocumentTemplates</name>
        <outputCreationSequence>0.0</outputCreationSequence>
        <outputFieldName>DocumentTemplate</outputFieldName>
        <outputObjectName>json</outputObjectName>
        <requiredForUpsert>false</requiredForUpsert>
        <upsertKey>false</upsertKey>
    </omniDataTransformItem>
    <omniDataTransformItem>
        <disabled>false</disabled>
        <filterGroup>0.0</filterGroup>
        <filterOperator>=</filterOperator>
        <filterValue>&apos;Amendment&apos;</filterValue>
        <globalKey>GetDocumentTemplatesCustom6196</globalKey>
        <inputFieldName>vlocity_cmt__Type__c</inputFieldName>
        <inputObjectName>vlocity_cmt__DocumentTemplate__c</inputObjectName>
        <inputObjectQuerySequence>1.0</inputObjectQuerySequence>
        <linkedObjectSequence>0.0</linkedObjectSequence>
        <name>GetDocumentTemplates</name>
        <outputCreationSequence>0.0</outputCreationSequence>
        <outputFieldName>DocumentTemplate</outputFieldName>
        <outputObjectName>json</outputObjectName>
        <requiredForUpsert>false</requiredForUpsert>
        <upsertKey>false</upsertKey>
    </omniDataTransformItem>
    <processSuperBulk>false</processSuperBulk>
    <responseCacheTtlMinutes>0.0</responseCacheTtlMinutes>
    <rollbackOnError>false</rollbackOnError>
    <sourceObject>json</sourceObject>
    <sourceObjectDefault>false</sourceObjectDefault>
    <synchronousProcessThreshold>0.0</synchronousProcessThreshold>
    <type>Extract</type>
    <uniqueName>GetDocumentTemplates_1</uniqueName>
    <versionNumber>1.0</versionNumber>
    <xmlDeclarationRemoved>false</xmlDeclarationRemoved>
</OmniDataTransform>
