<?xml version="1.0" encoding="UTF-8"?>
<OmniDataTransform xmlns="http://soap.sforce.com/2006/04/metadata">
    <active>false</active>
    <assignmentRulesUsed>false</assignmentRulesUsed>
    <deletedOnSuccess>false</deletedOnSuccess>
    <errorIgnored>false</errorIgnored>
    <fieldLevelSecurityEnabled>false</fieldLevelSecurityEnabled>
    <name>GetDocumentTemplatesForType</name>
    <nullInputsIncludedInOutput>false</nullInputsIncludedInOutput>
    <omniDataTransformItem>
        <disabled>false</disabled>
        <filterGroup>0.0</filterGroup>
        <filterOperator>=</filterOperator>
        <filterValue>&apos;JSON Based&apos;</filterValue>
        <globalKey>GetDocumentTemplatesForTypeCustoma0L6A000004CjvRUASItem1</globalKey>
        <inputFieldName>vlocity_cmt__MappingType__c</inputFieldName>
        <inputObjectName>vlocity_cmt__DocumentTemplate__c</inputObjectName>
        <inputObjectQuerySequence>1.0</inputObjectQuerySequence>
        <linkedObjectSequence>0.0</linkedObjectSequence>
        <name>GetDocumentTemplatesForType</name>
        <outputCreationSequence>0.0</outputCreationSequence>
        <outputFieldName>DocumentTemplate</outputFieldName>
        <outputObjectName>json</outputObjectName>
        <requiredForUpsert>false</requiredForUpsert>
        <upsertKey>false</upsertKey>
    </omniDataTransformItem>
    <omniDataTransformItem>
        <disabled>false</disabled>
        <filterGroup>0.0</filterGroup>
        <filterOperator>=</filterOperator>
        <filterValue>templateType</filterValue>
        <globalKey>GetDocumentTemplatesForTypeCustoma0L6A000004CjvRUASItem2</globalKey>
        <inputFieldName>vlocity_cmt__TemplateContentFormat__c</inputFieldName>
        <inputObjectName>vlocity_cmt__DocumentTemplate__c</inputObjectName>
        <inputObjectQuerySequence>1.0</inputObjectQuerySequence>
        <linkedObjectSequence>0.0</linkedObjectSequence>
        <name>GetDocumentTemplatesForType</name>
        <outputCreationSequence>0.0</outputCreationSequence>
        <outputFieldName>DocumentTemplate</outputFieldName>
        <outputObjectName>json</outputObjectName>
        <requiredForUpsert>false</requiredForUpsert>
        <upsertKey>false</upsertKey>
    </omniDataTransformItem>
    <omniDataTransformItem>
        <disabled>false</disabled>
        <filterGroup>0.0</filterGroup>
        <filterOperator>=</filterOperator>
        <filterValue>&apos;true&apos;</filterValue>
        <globalKey>GetDocumentTemplatesForTypeCustoma0L6A000004CjvRUASItem0</globalKey>
        <inputFieldName>vlocity_cmt__IsActive__c</inputFieldName>
        <inputObjectName>vlocity_cmt__DocumentTemplate__c</inputObjectName>
        <inputObjectQuerySequence>1.0</inputObjectQuerySequence>
        <linkedObjectSequence>0.0</linkedObjectSequence>
        <name>GetDocumentTemplatesForType</name>
        <outputCreationSequence>0.0</outputCreationSequence>
        <outputFieldName>DocumentTemplate</outputFieldName>
        <outputObjectName>json</outputObjectName>
        <requiredForUpsert>false</requiredForUpsert>
        <upsertKey>false</upsertKey>
    </omniDataTransformItem>
    <omniDataTransformItem>
        <disabled>false</disabled>
        <filterGroup>0.0</filterGroup>
        <globalKey>GetDocumentTemplatesForTypeCustoma0L6A000004CjvRUASItem5</globalKey>
        <inputFieldName>DocumentTemplate:Id</inputFieldName>
        <inputObjectQuerySequence>0.0</inputObjectQuerySequence>
        <linkedObjectSequence>0.0</linkedObjectSequence>
        <name>GetDocumentTemplatesForType</name>
        <outputCreationSequence>1.0</outputCreationSequence>
        <outputFieldName>DocumentTemplate:Id</outputFieldName>
        <outputObjectName>json</outputObjectName>
        <requiredForUpsert>false</requiredForUpsert>
        <upsertKey>false</upsertKey>
    </omniDataTransformItem>
    <omniDataTransformItem>
        <disabled>false</disabled>
        <filterGroup>0.0</filterGroup>
        <globalKey>GetDocumentTemplatesForTypeCustoma0L6A000004CjvRUASItem6</globalKey>
        <inputFieldName>DocumentTemplate:Name</inputFieldName>
        <inputObjectQuerySequence>0.0</inputObjectQuerySequence>
        <linkedObjectSequence>0.0</linkedObjectSequence>
        <name>GetDocumentTemplatesForType</name>
        <outputCreationSequence>1.0</outputCreationSequence>
        <outputFieldName>DocumentTemplate:Name</outputFieldName>
        <outputObjectName>json</outputObjectName>
        <requiredForUpsert>false</requiredForUpsert>
        <upsertKey>false</upsertKey>
    </omniDataTransformItem>
    <omniDataTransformItem>
        <disabled>false</disabled>
        <filterGroup>0.0</filterGroup>
        <globalKey>GetDocumentTemplatesForTypeCustoma0L6A000004CjvRUASItem3</globalKey>
        <inputFieldName>DocumentTemplate:vlocity_cmt__TemplateContentFormat__c</inputFieldName>
        <inputObjectQuerySequence>0.0</inputObjectQuerySequence>
        <linkedObjectSequence>0.0</linkedObjectSequence>
        <name>GetDocumentTemplatesForType</name>
        <outputCreationSequence>1.0</outputCreationSequence>
        <outputFieldName>DocumentTemplate:TemplateType</outputFieldName>
        <outputObjectName>json</outputObjectName>
        <requiredForUpsert>false</requiredForUpsert>
        <upsertKey>false</upsertKey>
    </omniDataTransformItem>
    <omniDataTransformItem>
        <disabled>false</disabled>
        <filterGroup>0.0</filterGroup>
        <globalKey>GetDocumentTemplatesForTypeCustoma0L6A000004CjvRUASItem4</globalKey>
        <inputFieldName>DocumentTemplate:vlocity_cmt__VersionNumber__c</inputFieldName>
        <inputObjectQuerySequence>0.0</inputObjectQuerySequence>
        <linkedObjectSequence>0.0</linkedObjectSequence>
        <name>GetDocumentTemplatesForType</name>
        <outputCreationSequence>1.0</outputCreationSequence>
        <outputFieldName>DocumentTemplate:VersionNumber</outputFieldName>
        <outputObjectName>json</outputObjectName>
        <requiredForUpsert>false</requiredForUpsert>
        <upsertKey>false</upsertKey>
    </omniDataTransformItem>
    <outputType>JSON</outputType>
    <previewJsonData>{ }</previewJsonData>
    <processSuperBulk>false</processSuperBulk>
    <responseCacheTtlMinutes>0.0</responseCacheTtlMinutes>
    <rollbackOnError>false</rollbackOnError>
    <sourceObject>json</sourceObject>
    <sourceObjectDefault>false</sourceObjectDefault>
    <synchronousProcessThreshold>0.0</synchronousProcessThreshold>
    <type>Extract</type>
    <uniqueName>GetDocumentTemplatesForType_1</uniqueName>
    <versionNumber>1.0</versionNumber>
    <xmlDeclarationRemoved>false</xmlDeclarationRemoved>
</OmniDataTransform>
