<?xml version="1.0" encoding="UTF-8"?>
<OmniDataTransform xmlns="http://soap.sforce.com/2006/04/metadata">
    <active>false</active>
    <assignmentRulesUsed>false</assignmentRulesUsed>
    <deletedOnSuccess>false</deletedOnSuccess>
    <description>Used in B2B Enterprise Sales App for summary section pagination.</description>
    <errorIgnored>false</errorIgnored>
    <fieldLevelSecurityEnabled>false</fieldLevelSecurityEnabled>
    <inputType>JSON</inputType>
    <name>getGroupsRootsOrderItems</name>
    <nullInputsIncludedInOutput>false</nullInputsIncludedInOutput>
    <omniDataTransformItem>
        <disabled>false</disabled>
        <filterGroup>0.0</filterGroup>
        <filterOperator>ORDER BY</filterOperator>
        <filterValue>vlocity_cmt__LineNumber__c DESC</filterValue>
        <globalKey>getGroupsRootsOrderItems6620506565563278</globalKey>
        <inputObjectName>OrderItem</inputObjectName>
        <inputObjectQuerySequence>1.0</inputObjectQuerySequence>
        <linkedObjectSequence>0.0</linkedObjectSequence>
        <name>getGroupsRootsOrderItems</name>
        <outputCreationSequence>0.0</outputCreationSequence>
        <outputFieldName>OI</outputFieldName>
        <outputObjectName>Turbo Extract</outputObjectName>
        <requiredForUpsert>false</requiredForUpsert>
        <upsertKey>false</upsertKey>
    </omniDataTransformItem>
    <omniDataTransformItem>
        <disabled>false</disabled>
        <filterGroup>0.0</filterGroup>
        <globalKey>getGroupsRootsOrderItemsCustom5820</globalKey>
        <inputFieldName>vlocity_cmt__OrderGroupId__c</inputFieldName>
        <inputObjectName>OrderItem</inputObjectName>
        <inputObjectQuerySequence>0.0</inputObjectQuerySequence>
        <linkedObjectSequence>0.0</linkedObjectSequence>
        <name>getGroupsRootsOrderItems</name>
        <outputCreationSequence>1.0</outputCreationSequence>
        <outputFieldName>OI</outputFieldName>
        <outputObjectName>Turbo Extract</outputObjectName>
        <requiredForUpsert>false</requiredForUpsert>
        <upsertKey>false</upsertKey>
    </omniDataTransformItem>
    <omniDataTransformItem>
        <disabled>false</disabled>
        <filterDataType>STRING</filterDataType>
        <filterGroup>0.0</filterGroup>
        <filterOperator>=</filterOperator>
        <filterValue>&apos;$Vlocity.NULL&apos;</filterValue>
        <globalKey>getGroupsRootsOrderItems4785461490468992</globalKey>
        <inputFieldName>vlocity_cmt__ParentItemId__c</inputFieldName>
        <inputObjectName>OrderItem</inputObjectName>
        <inputObjectQuerySequence>1.0</inputObjectQuerySequence>
        <linkedObjectSequence>0.0</linkedObjectSequence>
        <name>getGroupsRootsOrderItems</name>
        <outputCreationSequence>0.0</outputCreationSequence>
        <outputFieldName>OI</outputFieldName>
        <outputObjectName>Turbo Extract</outputObjectName>
        <requiredForUpsert>false</requiredForUpsert>
        <upsertKey>false</upsertKey>
    </omniDataTransformItem>
    <omniDataTransformItem>
        <disabled>false</disabled>
        <filterDataType>REFERENCE</filterDataType>
        <filterGroup>0.0</filterGroup>
        <filterOperator>=</filterOperator>
        <filterValue>OrderId</filterValue>
        <globalKey>getGroupsRootsOrderItems7378607194431148</globalKey>
        <inputFieldName>OrderId</inputFieldName>
        <inputObjectName>OrderItem</inputObjectName>
        <inputObjectQuerySequence>1.0</inputObjectQuerySequence>
        <linkedObjectSequence>0.0</linkedObjectSequence>
        <name>getGroupsRootsOrderItems</name>
        <outputCreationSequence>0.0</outputCreationSequence>
        <outputFieldName>OI</outputFieldName>
        <outputObjectName>Turbo Extract</outputObjectName>
        <requiredForUpsert>false</requiredForUpsert>
        <upsertKey>false</upsertKey>
    </omniDataTransformItem>
    <omniDataTransformItem>
        <disabled>false</disabled>
        <filterDataType>REFERENCE</filterDataType>
        <filterGroup>0.0</filterGroup>
        <filterOperator>&lt;&gt;</filterOperator>
        <filterValue>&apos;$Vlocity.NULL&apos;</filterValue>
        <globalKey>getGroupsRootsOrderItemsCustom7487</globalKey>
        <inputFieldName>vlocity_cmt__OrderGroupId__c</inputFieldName>
        <inputObjectName>OrderItem</inputObjectName>
        <inputObjectQuerySequence>1.0</inputObjectQuerySequence>
        <linkedObjectSequence>0.0</linkedObjectSequence>
        <name>getGroupsRootsOrderItems</name>
        <outputCreationSequence>0.0</outputCreationSequence>
        <outputFieldName>OI</outputFieldName>
        <outputObjectName>Turbo Extract</outputObjectName>
        <requiredForUpsert>false</requiredForUpsert>
        <upsertKey>false</upsertKey>
    </omniDataTransformItem>
    <omniDataTransformItem>
        <disabled>false</disabled>
        <filterGroup>0.0</filterGroup>
        <globalKey>getGroupsRootsOrderItems5777499247614033</globalKey>
        <inputFieldName>Quantity</inputFieldName>
        <inputObjectName>OrderItem</inputObjectName>
        <inputObjectQuerySequence>0.0</inputObjectQuerySequence>
        <linkedObjectSequence>0.0</linkedObjectSequence>
        <name>getGroupsRootsOrderItems</name>
        <outputCreationSequence>1.0</outputCreationSequence>
        <outputFieldName>OI</outputFieldName>
        <outputObjectName>Turbo Extract</outputObjectName>
        <requiredForUpsert>false</requiredForUpsert>
        <upsertKey>false</upsertKey>
    </omniDataTransformItem>
    <outputType>JSON</outputType>
    <previewJsonData>{
  &quot;OrderId&quot; : &quot;8015Y000002LoFyQAK&quot;
}</previewJsonData>
    <processSuperBulk>false</processSuperBulk>
    <responseCacheTtlMinutes>0.0</responseCacheTtlMinutes>
    <rollbackOnError>false</rollbackOnError>
    <sourceObject>json</sourceObject>
    <sourceObjectDefault>false</sourceObjectDefault>
    <synchronousProcessThreshold>0.0</synchronousProcessThreshold>
    <type>Turbo Extract</type>
    <uniqueName>getGroupsRootsOrderItems_1</uniqueName>
    <versionNumber>1.0</versionNumber>
    <xmlDeclarationRemoved>false</xmlDeclarationRemoved>
</OmniDataTransform>
