<?xml version="1.0" encoding="UTF-8"?>
<OmniDataTransform xmlns="http://soap.sforce.com/2006/04/metadata">
    <active>false</active>
    <assignmentRulesUsed>false</assignmentRulesUsed>
    <deletedOnSuccess>false</deletedOnSuccess>
    <errorIgnored>false</errorIgnored>
    <fieldLevelSecurityEnabled>false</fieldLevelSecurityEnabled>
    <inputType>JSON</inputType>
    <name>GetOrderLineItemSFIdsUsingAssetIds</name>
    <nullInputsIncludedInOutput>false</nullInputsIncludedInOutput>
    <omniDataTransformItem>
        <disabled>false</disabled>
        <filterGroup>1.0</filterGroup>
        <filterOperator>=</filterOperator>
        <filterValue>assetIds:Id</filterValue>
        <globalKey>GetOrderLineItemSFIdsUsingAssetIdsCustoma005f000003VS4QAAWItem2</globalKey>
        <inputFieldName>vlocity_cmt__AssetReferenceId__c</inputFieldName>
        <inputObjectName>OrderItem</inputObjectName>
        <inputObjectQuerySequence>1.0</inputObjectQuerySequence>
        <linkedObjectSequence>0.0</linkedObjectSequence>
        <name>GetOrderLineItemSFIdsUsingAssetIds</name>
        <outputCreationSequence>0.0</outputCreationSequence>
        <outputFieldName>item</outputFieldName>
        <outputObjectName>json</outputObjectName>
        <requiredForUpsert>false</requiredForUpsert>
        <upsertKey>false</upsertKey>
    </omniDataTransformItem>
    <omniDataTransformItem>
        <disabled>false</disabled>
        <filterGroup>0.0</filterGroup>
        <globalKey>GetOrderLineItemSFIdsUsingAssetIdsCustoma005f000003VS4QAAWItem3</globalKey>
        <inputFieldName>item:Id</inputFieldName>
        <inputObjectQuerySequence>0.0</inputObjectQuerySequence>
        <linkedObjectSequence>0.0</linkedObjectSequence>
        <name>GetOrderLineItemSFIdsUsingAssetIds</name>
        <outputCreationSequence>1.0</outputCreationSequence>
        <outputFieldFormat>String</outputFieldFormat>
        <outputFieldName>allRoots:RootId</outputFieldName>
        <outputObjectName>json</outputObjectName>
        <requiredForUpsert>false</requiredForUpsert>
        <upsertKey>false</upsertKey>
    </omniDataTransformItem>
    <omniDataTransformItem>
        <disabled>false</disabled>
        <filterGroup>0.0</filterGroup>
        <filterOperator>=</filterOperator>
        <filterValue>assetIds:Id</filterValue>
        <globalKey>GetOrderLineItemSFIdsUsingAssetIdsCustoma005f000003VS4QAAWItem0</globalKey>
        <inputFieldName>vlocity_cmt__AssetId__c</inputFieldName>
        <inputObjectName>OrderItem</inputObjectName>
        <inputObjectQuerySequence>1.0</inputObjectQuerySequence>
        <linkedObjectSequence>0.0</linkedObjectSequence>
        <name>GetOrderLineItemSFIdsUsingAssetIds</name>
        <outputCreationSequence>0.0</outputCreationSequence>
        <outputFieldName>item</outputFieldName>
        <outputObjectName>json</outputObjectName>
        <requiredForUpsert>false</requiredForUpsert>
        <upsertKey>false</upsertKey>
    </omniDataTransformItem>
    <omniDataTransformItem>
        <disabled>false</disabled>
        <filterGroup>0.0</filterGroup>
        <filterOperator>=</filterOperator>
        <filterValue>cartId</filterValue>
        <globalKey>GetOrderLineItemSFIdsUsingAssetIdsCustoma005f000003VS4QAAWItem1</globalKey>
        <inputFieldName>OrderId</inputFieldName>
        <inputObjectName>OrderItem</inputObjectName>
        <inputObjectQuerySequence>1.0</inputObjectQuerySequence>
        <linkedObjectSequence>0.0</linkedObjectSequence>
        <name>GetOrderLineItemSFIdsUsingAssetIds</name>
        <outputCreationSequence>0.0</outputCreationSequence>
        <outputFieldName>item</outputFieldName>
        <outputObjectName>json</outputObjectName>
        <requiredForUpsert>false</requiredForUpsert>
        <upsertKey>false</upsertKey>
    </omniDataTransformItem>
    <outputType>JSON</outputType>
    <previewJsonData>{
  &quot;assetIds&quot; : [ {
    &quot;Id&quot; : &quot;02i5f000000thNEAAY&quot;
  } ],
  &quot;cartId&quot; : &quot;8015f000000cEh5AAE&quot;
}</previewJsonData>
    <processSuperBulk>false</processSuperBulk>
    <responseCacheTtlMinutes>0.0</responseCacheTtlMinutes>
    <rollbackOnError>false</rollbackOnError>
    <sourceObject>json</sourceObject>
    <sourceObjectDefault>false</sourceObjectDefault>
    <synchronousProcessThreshold>0.0</synchronousProcessThreshold>
    <type>Extract</type>
    <uniqueName>GetOrderLineItemSFIdsUsingAssetIds_1</uniqueName>
    <versionNumber>1.0</versionNumber>
    <xmlDeclarationRemoved>false</xmlDeclarationRemoved>
</OmniDataTransform>
