<?xml version="1.0" encoding="UTF-8"?>
<OmniDataTransform xmlns="http://soap.sforce.com/2006/04/metadata">
    <active>false</active>
    <assignmentRulesUsed>false</assignmentRulesUsed>
    <deletedOnSuccess>false</deletedOnSuccess>
    <description>B2B Express: Get Quote group Id from Quote member. Using in AddMemberToSalesQLIs VIP.</description>
    <errorIgnored>false</errorIgnored>
    <expectedInputJson>{
  &quot;ContextId&quot; : null,
  &quot;timeStamp&quot; : null,
  &quot;userId&quot; : null,
  &quot;userName&quot; : null,
  &quot;userProfile&quot; : null,
  &quot;userTimeZone&quot; : null,
  &quot;vlcPersistentComponent&quot; : { },
  &quot;vlcTimeTracking&quot; : {
    &quot;CloneSalesQToWCart&quot; : null,
    &quot;CloneWCQLIsToSalesQLIs&quot; : null,
    &quot;DeleteQuoteGroup&quot; : null,
    &quot;GetQuoteGroupId&quot; : null,
    &quot;ResponseAction1&quot; : null
  }
}</expectedInputJson>
    <fieldLevelSecurityEnabled>false</fieldLevelSecurityEnabled>
    <inputType>JSON</inputType>
    <name>GetQuoteMemberGroupId</name>
    <nullInputsIncludedInOutput>false</nullInputsIncludedInOutput>
    <omniDataTransformItem>
        <disabled>false</disabled>
        <filterDataType>ID</filterDataType>
        <filterGroup>0.0</filterGroup>
        <filterOperator>=</filterOperator>
        <filterValue>MemberId</filterValue>
        <globalKey>GetQuoteMemberGroupIdCustom25</globalKey>
        <inputFieldName>Id</inputFieldName>
        <inputObjectName>vlocity_cmt__QuoteMember__c</inputObjectName>
        <inputObjectQuerySequence>1.0</inputObjectQuerySequence>
        <linkedObjectSequence>0.0</linkedObjectSequence>
        <name>GetQuoteMemberGroupId</name>
        <outputCreationSequence>0.0</outputCreationSequence>
        <outputFieldName>QuoteMember</outputFieldName>
        <outputObjectName>Turbo Extract</outputObjectName>
        <requiredForUpsert>false</requiredForUpsert>
        <upsertKey>false</upsertKey>
    </omniDataTransformItem>
    <omniDataTransformItem>
        <disabled>false</disabled>
        <filterGroup>0.0</filterGroup>
        <globalKey>GetQuoteMemberGroupIdCustom9768</globalKey>
        <inputFieldName>vlocity_cmt__QuoteGroupId__c</inputFieldName>
        <inputObjectName>vlocity_cmt__QuoteMember__c</inputObjectName>
        <inputObjectQuerySequence>0.0</inputObjectQuerySequence>
        <linkedObjectSequence>0.0</linkedObjectSequence>
        <name>GetQuoteMemberGroupId</name>
        <outputCreationSequence>1.0</outputCreationSequence>
        <outputFieldName>QuoteMember</outputFieldName>
        <outputObjectName>Turbo Extract</outputObjectName>
        <requiredForUpsert>false</requiredForUpsert>
        <upsertKey>false</upsertKey>
    </omniDataTransformItem>
    <outputType>JSON</outputType>
    <previewJsonData>{ }</previewJsonData>
    <processSuperBulk>false</processSuperBulk>
    <responseCacheTtlMinutes>0.0</responseCacheTtlMinutes>
    <rollbackOnError>false</rollbackOnError>
    <sourceObject>json</sourceObject>
    <sourceObjectDefault>false</sourceObjectDefault>
    <synchronousProcessThreshold>-1.0</synchronousProcessThreshold>
    <type>Turbo Extract</type>
    <uniqueName>GetQuoteMemberGroupId_1</uniqueName>
    <versionNumber>1.0</versionNumber>
    <xmlDeclarationRemoved>false</xmlDeclarationRemoved>
</OmniDataTransform>
