<?xml version="1.0" encoding="UTF-8"?>
<OmniDataTransform xmlns="http://soap.sforce.com/2006/04/metadata">
    <active>false</active>
    <assignmentRulesUsed>false</assignmentRulesUsed>
    <deletedOnSuccess>false</deletedOnSuccess>
    <errorIgnored>false</errorIgnored>
    <fieldLevelSecurityEnabled>false</fieldLevelSecurityEnabled>
    <inputType>JSON</inputType>
    <name>GetQuoteMemberAddresses</name>
    <nullInputsIncludedInOutput>false</nullInputsIncludedInOutput>
    <omniDataTransformItem>
        <disabled>false</disabled>
        <filterGroup>0.0</filterGroup>
        <globalKey>GetQuoteMemberAddressesCustom9852</globalKey>
        <inputFieldName>vlocity_cmt__StreetAddress__c</inputFieldName>
        <inputObjectName>vlocity_cmt__QuoteMember__c</inputObjectName>
        <inputObjectQuerySequence>0.0</inputObjectQuerySequence>
        <linkedObjectSequence>0.0</linkedObjectSequence>
        <name>GetQuoteMemberAddresses</name>
        <outputCreationSequence>1.0</outputCreationSequence>
        <outputFieldName>QuoteMembers</outputFieldName>
        <outputObjectName>Turbo Extract</outputObjectName>
        <requiredForUpsert>false</requiredForUpsert>
        <upsertKey>false</upsertKey>
    </omniDataTransformItem>
    <omniDataTransformItem>
        <disabled>false</disabled>
        <filterGroup>0.0</filterGroup>
        <globalKey>GetQuoteMemberAddressesCustom7395</globalKey>
        <inputFieldName>Name</inputFieldName>
        <inputObjectName>vlocity_cmt__QuoteMember__c</inputObjectName>
        <inputObjectQuerySequence>0.0</inputObjectQuerySequence>
        <linkedObjectSequence>0.0</linkedObjectSequence>
        <name>GetQuoteMemberAddresses</name>
        <outputCreationSequence>1.0</outputCreationSequence>
        <outputFieldName>QuoteMembers</outputFieldName>
        <outputObjectName>Turbo Extract</outputObjectName>
        <requiredForUpsert>false</requiredForUpsert>
        <upsertKey>false</upsertKey>
    </omniDataTransformItem>
    <omniDataTransformItem>
        <disabled>false</disabled>
        <filterGroup>0.0</filterGroup>
        <globalKey>GetQuoteMemberAddressesCustom2653</globalKey>
        <inputFieldName>vlocity_cmt__PostalCode__c</inputFieldName>
        <inputObjectName>vlocity_cmt__QuoteMember__c</inputObjectName>
        <inputObjectQuerySequence>0.0</inputObjectQuerySequence>
        <linkedObjectSequence>0.0</linkedObjectSequence>
        <name>GetQuoteMemberAddresses</name>
        <outputCreationSequence>1.0</outputCreationSequence>
        <outputFieldName>QuoteMembers</outputFieldName>
        <outputObjectName>Turbo Extract</outputObjectName>
        <requiredForUpsert>false</requiredForUpsert>
        <upsertKey>false</upsertKey>
    </omniDataTransformItem>
    <omniDataTransformItem>
        <disabled>false</disabled>
        <filterGroup>0.0</filterGroup>
        <globalKey>GetQuoteMemberAddressesCustom6629</globalKey>
        <inputFieldName>vlocity_cmt__State__c</inputFieldName>
        <inputObjectName>vlocity_cmt__QuoteMember__c</inputObjectName>
        <inputObjectQuerySequence>0.0</inputObjectQuerySequence>
        <linkedObjectSequence>0.0</linkedObjectSequence>
        <name>GetQuoteMemberAddresses</name>
        <outputCreationSequence>1.0</outputCreationSequence>
        <outputFieldName>QuoteMembers</outputFieldName>
        <outputObjectName>Turbo Extract</outputObjectName>
        <requiredForUpsert>false</requiredForUpsert>
        <upsertKey>false</upsertKey>
    </omniDataTransformItem>
    <omniDataTransformItem>
        <disabled>false</disabled>
        <filterGroup>0.0</filterGroup>
        <globalKey>GetQuoteMemberAddressesCustom5716</globalKey>
        <inputFieldName>vlocity_cmt__City__c</inputFieldName>
        <inputObjectName>vlocity_cmt__QuoteMember__c</inputObjectName>
        <inputObjectQuerySequence>0.0</inputObjectQuerySequence>
        <linkedObjectSequence>0.0</linkedObjectSequence>
        <name>GetQuoteMemberAddresses</name>
        <outputCreationSequence>1.0</outputCreationSequence>
        <outputFieldName>QuoteMembers</outputFieldName>
        <outputObjectName>Turbo Extract</outputObjectName>
        <requiredForUpsert>false</requiredForUpsert>
        <upsertKey>false</upsertKey>
    </omniDataTransformItem>
    <omniDataTransformItem>
        <disabled>false</disabled>
        <filterGroup>0.0</filterGroup>
        <globalKey>GetQuoteMemberAddressesCustom5517</globalKey>
        <inputFieldName>vlocity_cmt__Country__c</inputFieldName>
        <inputObjectName>vlocity_cmt__QuoteMember__c</inputObjectName>
        <inputObjectQuerySequence>0.0</inputObjectQuerySequence>
        <linkedObjectSequence>0.0</linkedObjectSequence>
        <name>GetQuoteMemberAddresses</name>
        <outputCreationSequence>1.0</outputCreationSequence>
        <outputFieldName>QuoteMembers</outputFieldName>
        <outputObjectName>Turbo Extract</outputObjectName>
        <requiredForUpsert>false</requiredForUpsert>
        <upsertKey>false</upsertKey>
    </omniDataTransformItem>
    <omniDataTransformItem>
        <disabled>false</disabled>
        <filterDataType>ID</filterDataType>
        <filterGroup>0.0</filterGroup>
        <filterOperator>IN</filterOperator>
        <filterValue>QuoteMemberIds</filterValue>
        <globalKey>GetQuoteMemberAddressesCustom9755</globalKey>
        <inputFieldName>Id</inputFieldName>
        <inputObjectName>vlocity_cmt__QuoteMember__c</inputObjectName>
        <inputObjectQuerySequence>1.0</inputObjectQuerySequence>
        <linkedObjectSequence>0.0</linkedObjectSequence>
        <name>GetQuoteMemberAddresses</name>
        <outputCreationSequence>0.0</outputCreationSequence>
        <outputFieldName>QuoteMembers</outputFieldName>
        <outputObjectName>Turbo Extract</outputObjectName>
        <requiredForUpsert>false</requiredForUpsert>
        <upsertKey>false</upsertKey>
    </omniDataTransformItem>
    <outputType>JSON</outputType>
    <previewJsonData>{
  &quot;QuoteMemberID&quot; : [ &quot;a4t4x000000zlOzAAI&quot;, &quot;a4t4x0000010axoAAA&quot; ]
}</previewJsonData>
    <processSuperBulk>false</processSuperBulk>
    <responseCacheTtlMinutes>0.0</responseCacheTtlMinutes>
    <rollbackOnError>false</rollbackOnError>
    <sourceObject>json</sourceObject>
    <sourceObjectDefault>false</sourceObjectDefault>
    <synchronousProcessThreshold>0.0</synchronousProcessThreshold>
    <type>Turbo Extract</type>
    <uniqueName>GetQuoteMemberAddresses_1</uniqueName>
    <versionNumber>1.0</versionNumber>
    <xmlDeclarationRemoved>false</xmlDeclarationRemoved>
</OmniDataTransform>
