<?xml version="1.0" encoding="UTF-8"?>
<OmniDataTransform xmlns="http://soap.sforce.com/2006/04/metadata">
    <active>false</active>
    <assignmentRulesUsed>false</assignmentRulesUsed>
    <deletedOnSuccess>false</deletedOnSuccess>
    <description>The DR is created to get Group Id and Member Count from a given Quote Line Item.</description>
    <errorIgnored>false</errorIgnored>
    <fieldLevelSecurityEnabled>false</fieldLevelSecurityEnabled>
    <inputType>JSON</inputType>
    <name>GetQuoteGroupSizeFromCartItem</name>
    <nullInputsIncludedInOutput>false</nullInputsIncludedInOutput>
    <omniDataTransformItem>
        <disabled>false</disabled>
        <filterGroup>0.0</filterGroup>
        <filterOperator>=</filterOperator>
        <filterValue>CartItemId</filterValue>
        <globalKey>GetQuoteGroupSizeFromCartItem30105618019337443</globalKey>
        <inputFieldName>Id</inputFieldName>
        <inputObjectName>QuoteLineItem</inputObjectName>
        <inputObjectQuerySequence>1.0</inputObjectQuerySequence>
        <linkedObjectSequence>0.0</linkedObjectSequence>
        <name>GetQuoteGroupSizeFromCartItem</name>
        <outputCreationSequence>0.0</outputCreationSequence>
        <outputFieldName>QuoteLineItem</outputFieldName>
        <outputObjectName>json</outputObjectName>
        <requiredForUpsert>false</requiredForUpsert>
        <upsertKey>false</upsertKey>
    </omniDataTransformItem>
    <omniDataTransformItem>
        <disabled>false</disabled>
        <filterGroup>0.0</filterGroup>
        <globalKey>GetQuoteGroupSizeFromCartItem6149893819371359</globalKey>
        <inputFieldName>QuoteLineItem:vlocity_cmt__QuoteGroupId__c</inputFieldName>
        <inputObjectQuerySequence>0.0</inputObjectQuerySequence>
        <linkedObjectSequence>0.0</linkedObjectSequence>
        <name>GetQuoteGroupSizeFromCartItem</name>
        <outputCreationSequence>1.0</outputCreationSequence>
        <outputFieldName>QuoteGroupId</outputFieldName>
        <outputObjectName>json</outputObjectName>
        <requiredForUpsert>false</requiredForUpsert>
        <upsertKey>false</upsertKey>
    </omniDataTransformItem>
    <omniDataTransformItem>
        <disabled>false</disabled>
        <filterGroup>0.0</filterGroup>
        <globalKey>GetQuoteGroupSizeFromCartItem5721073178585281</globalKey>
        <inputFieldName>memberCount</inputFieldName>
        <inputObjectQuerySequence>0.0</inputObjectQuerySequence>
        <linkedObjectSequence>0.0</linkedObjectSequence>
        <name>GetQuoteGroupSizeFromCartItem</name>
        <outputCreationSequence>1.0</outputCreationSequence>
        <outputFieldName>GroupSize</outputFieldName>
        <outputObjectName>json</outputObjectName>
        <requiredForUpsert>false</requiredForUpsert>
        <upsertKey>false</upsertKey>
    </omniDataTransformItem>
    <omniDataTransformItem>
        <disabled>false</disabled>
        <filterGroup>0.0</filterGroup>
        <filterOperator>=</filterOperator>
        <filterValue>QuoteLineItem:vlocity_cmt__QuoteGroupId__c</filterValue>
        <globalKey>GetQuoteGroupSizeFromCartItem035560797517653064</globalKey>
        <inputFieldName>Id</inputFieldName>
        <inputObjectName>vlocity_cmt__QuoteGroup__c</inputObjectName>
        <inputObjectQuerySequence>2.0</inputObjectQuerySequence>
        <linkedObjectSequence>0.0</linkedObjectSequence>
        <name>GetQuoteGroupSizeFromCartItem</name>
        <outputCreationSequence>0.0</outputCreationSequence>
        <outputFieldName>QuoteGroup</outputFieldName>
        <outputObjectName>json</outputObjectName>
        <requiredForUpsert>false</requiredForUpsert>
        <upsertKey>false</upsertKey>
    </omniDataTransformItem>
    <omniDataTransformItem>
        <disabled>false</disabled>
        <filterGroup>0.0</filterGroup>
        <formulaConverted>| var:QuoteGroup:vlocity_cmt__ExpectedMemberCount__c 0 = | var:QuoteGroup:vlocity_cmt__ExpectedMemberCount__c ISBLANK || var:QuoteGroup:vlocity_cmt__MemberCount__c var:QuoteGroup:vlocity_cmt__ExpectedMemberCount__c IF</formulaConverted>
        <formulaExpression>IF(QuoteGroup:vlocity_cmt__ExpectedMemberCount__c = 0 || ISBLANK(QuoteGroup:vlocity_cmt__ExpectedMemberCount__c), QuoteGroup:vlocity_cmt__MemberCount__c, QuoteGroup:vlocity_cmt__ExpectedMemberCount__c)</formulaExpression>
        <formulaResultPath>memberCount</formulaResultPath>
        <formulaSequence>1.0</formulaSequence>
        <globalKey>GetQuoteGroupSizeFromCartItemCustom178</globalKey>
        <inputObjectQuerySequence>0.0</inputObjectQuerySequence>
        <linkedObjectSequence>0.0</linkedObjectSequence>
        <name>GetQuoteGroupSizeFromCartItem</name>
        <outputCreationSequence>0.0</outputCreationSequence>
        <outputFieldName>Formula</outputFieldName>
        <outputObjectName>Formula</outputObjectName>
        <requiredForUpsert>false</requiredForUpsert>
        <upsertKey>false</upsertKey>
    </omniDataTransformItem>
    <outputType>JSON</outputType>
    <previewJsonData>{
  &quot;CartItemId&quot; : &quot;0QLRO0000007yMu4AI&quot;
}</previewJsonData>
    <processSuperBulk>false</processSuperBulk>
    <responseCacheTtlMinutes>0.0</responseCacheTtlMinutes>
    <rollbackOnError>false</rollbackOnError>
    <sourceObject>json</sourceObject>
    <sourceObjectDefault>false</sourceObjectDefault>
    <synchronousProcessThreshold>-1.0</synchronousProcessThreshold>
    <type>Extract</type>
    <uniqueName>GetQuoteGroupSizeFromCartItem_1</uniqueName>
    <versionNumber>1.0</versionNumber>
    <xmlDeclarationRemoved>false</xmlDeclarationRemoved>
</OmniDataTransform>
