<?xml version="1.0" encoding="UTF-8"?>
<OmniDataTransform xmlns="http://soap.sforce.com/2006/04/metadata">
    <active>false</active>
    <assignmentRulesUsed>false</assignmentRulesUsed>
    <deletedOnSuccess>false</deletedOnSuccess>
    <errorIgnored>false</errorIgnored>
    <fieldLevelSecurityEnabled>false</fieldLevelSecurityEnabled>
    <inputType>JSON</inputType>
    <name>GetReplacedQuoteLineItemIds</name>
    <nullInputsIncludedInOutput>false</nullInputsIncludedInOutput>
    <omniDataTransformItem>
        <disabled>false</disabled>
        <filterGroup>0.0</filterGroup>
        <globalKey>GetReplacedQuoteLineItemIdsCustoma005g000031FIgIAAWItem2</globalKey>
        <inputFieldName>items:vlocity_cmt__QuoteLineItemId__c</inputFieldName>
        <inputObjectQuerySequence>0.0</inputObjectQuerySequence>
        <linkedObjectSequence>0.0</linkedObjectSequence>
        <name>GetReplacedQuoteLineItemIds</name>
        <outputCreationSequence>1.0</outputCreationSequence>
        <outputFieldName>allRoots:RootId</outputFieldName>
        <outputObjectName>json</outputObjectName>
        <requiredForUpsert>false</requiredForUpsert>
        <upsertKey>false</upsertKey>
    </omniDataTransformItem>
    <omniDataTransformItem>
        <disabled>false</disabled>
        <filterGroup>0.0</filterGroup>
        <filterOperator>=</filterOperator>
        <filterValue>cartId</filterValue>
        <globalKey>GetReplacedQuoteLineItemIdsCustom194</globalKey>
        <inputFieldName>vlocity_cmt__QuoteId__c</inputFieldName>
        <inputObjectName>vlocity_cmt__QuoteLineItemRelationship__c</inputObjectName>
        <inputObjectQuerySequence>1.0</inputObjectQuerySequence>
        <linkedObjectSequence>0.0</linkedObjectSequence>
        <name>GetReplacedQuoteLineItemIds</name>
        <outputCreationSequence>0.0</outputCreationSequence>
        <outputFieldName>items</outputFieldName>
        <outputObjectName>json</outputObjectName>
        <requiredForUpsert>false</requiredForUpsert>
        <upsertKey>false</upsertKey>
    </omniDataTransformItem>
    <omniDataTransformItem>
        <disabled>false</disabled>
        <filterGroup>0.0</filterGroup>
        <filterOperator>=</filterOperator>
        <filterValue>itemIds:Id</filterValue>
        <globalKey>GetReplacedQuoteLineItemIdsCustom1662</globalKey>
        <inputFieldName>vlocity_cmt__RelatedQuoteLineItemId__c</inputFieldName>
        <inputObjectName>vlocity_cmt__QuoteLineItemRelationship__c</inputObjectName>
        <inputObjectQuerySequence>1.0</inputObjectQuerySequence>
        <linkedObjectSequence>0.0</linkedObjectSequence>
        <name>GetReplacedQuoteLineItemIds</name>
        <outputCreationSequence>0.0</outputCreationSequence>
        <outputFieldName>items</outputFieldName>
        <outputObjectName>json</outputObjectName>
        <requiredForUpsert>false</requiredForUpsert>
        <upsertKey>false</upsertKey>
    </omniDataTransformItem>
    <outputType>JSON</outputType>
    <previewJsonData>{
  &quot;cartId&quot; : &quot;0Q05g000000pCaqCAE&quot;,
  &quot;itemIds&quot; : [ {
    &quot;Id&quot; : &quot;0QL5g000000qk3zGAA&quot;
  }, {
    &quot;Id&quot; : &quot;0QL5g000000qjxEGAQ&quot;
  } ]
}</previewJsonData>
    <processSuperBulk>false</processSuperBulk>
    <responseCacheTtlMinutes>0.0</responseCacheTtlMinutes>
    <rollbackOnError>false</rollbackOnError>
    <sourceObject>json</sourceObject>
    <sourceObjectDefault>false</sourceObjectDefault>
    <synchronousProcessThreshold>0.0</synchronousProcessThreshold>
    <type>Extract</type>
    <uniqueName>GetReplacedQuoteLineItemIds_1</uniqueName>
    <versionNumber>1.0</versionNumber>
    <xmlDeclarationRemoved>false</xmlDeclarationRemoved>
</OmniDataTransform>
