<?xml version="1.0" encoding="UTF-8"?>
<OmniDataTransform xmlns="http://soap.sforce.com/2006/04/metadata">
    <active>false</active>
    <assignmentRulesUsed>false</assignmentRulesUsed>
    <deletedOnSuccess>false</deletedOnSuccess>
    <description>B2B Express - The DR is used to get all record type Ids needed to create Orders</description>
    <errorIgnored>false</errorIgnored>
    <fieldLevelSecurityEnabled>false</fieldLevelSecurityEnabled>
    <inputType>JSON</inputType>
    <name>GetRecordTypesForOrders</name>
    <nullInputsIncludedInOutput>false</nullInputsIncludedInOutput>
    <omniDataTransformItem>
        <disabled>false</disabled>
        <filterGroup>0.0</filterGroup>
        <filterOperator>=</filterOperator>
        <filterValue>&quot;Order&quot;</filterValue>
        <globalKey>GetRecordTypesForOrders40316037242288716</globalKey>
        <inputFieldName>SobjectType</inputFieldName>
        <inputObjectName>RecordType</inputObjectName>
        <inputObjectQuerySequence>2.0</inputObjectQuerySequence>
        <linkedObjectSequence>0.0</linkedObjectSequence>
        <name>GetRecordTypesForOrders</name>
        <outputCreationSequence>0.0</outputCreationSequence>
        <outputFieldName>SubOrder</outputFieldName>
        <outputObjectName>json</outputObjectName>
        <requiredForUpsert>false</requiredForUpsert>
        <upsertKey>false</upsertKey>
    </omniDataTransformItem>
    <omniDataTransformItem>
        <disabled>false</disabled>
        <filterGroup>0.0</filterGroup>
        <filterOperator>=</filterOperator>
        <filterValue>&quot;Service&quot;</filterValue>
        <globalKey>GetRecordTypesForOrders55080926714689</globalKey>
        <inputFieldName>Name</inputFieldName>
        <inputObjectName>RecordType</inputObjectName>
        <inputObjectQuerySequence>3.0</inputObjectQuerySequence>
        <linkedObjectSequence>0.0</linkedObjectSequence>
        <name>GetRecordTypesForOrders</name>
        <outputCreationSequence>0.0</outputCreationSequence>
        <outputFieldName>ServiceAccount</outputFieldName>
        <outputObjectName>json</outputObjectName>
        <requiredForUpsert>false</requiredForUpsert>
        <upsertKey>false</upsertKey>
    </omniDataTransformItem>
    <omniDataTransformItem>
        <disabled>false</disabled>
        <filterGroup>0.0</filterGroup>
        <filterOperator>=</filterOperator>
        <filterValue>&quot;Order&quot;</filterValue>
        <globalKey>GetRecordTypesForOrders708582088033872</globalKey>
        <inputFieldName>SobjectType</inputFieldName>
        <inputObjectName>RecordType</inputObjectName>
        <inputObjectQuerySequence>1.0</inputObjectQuerySequence>
        <linkedObjectSequence>0.0</linkedObjectSequence>
        <name>GetRecordTypesForOrders</name>
        <outputCreationSequence>0.0</outputCreationSequence>
        <outputFieldName>MasterOrder</outputFieldName>
        <outputObjectName>json</outputObjectName>
        <requiredForUpsert>false</requiredForUpsert>
        <upsertKey>false</upsertKey>
    </omniDataTransformItem>
    <omniDataTransformItem>
        <disabled>false</disabled>
        <filterGroup>0.0</filterGroup>
        <filterOperator>=</filterOperator>
        <filterValue>&quot;Sub Order&quot;</filterValue>
        <globalKey>GetRecordTypesForOrders6965219230024633</globalKey>
        <inputFieldName>Name</inputFieldName>
        <inputObjectName>RecordType</inputObjectName>
        <inputObjectQuerySequence>2.0</inputObjectQuerySequence>
        <linkedObjectSequence>0.0</linkedObjectSequence>
        <name>GetRecordTypesForOrders</name>
        <outputCreationSequence>0.0</outputCreationSequence>
        <outputFieldName>SubOrder</outputFieldName>
        <outputObjectName>json</outputObjectName>
        <requiredForUpsert>false</requiredForUpsert>
        <upsertKey>false</upsertKey>
    </omniDataTransformItem>
    <omniDataTransformItem>
        <disabled>false</disabled>
        <filterGroup>0.0</filterGroup>
        <filterOperator>=</filterOperator>
        <filterValue>&quot;Master Order&quot;</filterValue>
        <globalKey>GetRecordTypesForOrders1958621008216912</globalKey>
        <inputFieldName>Name</inputFieldName>
        <inputObjectName>RecordType</inputObjectName>
        <inputObjectQuerySequence>1.0</inputObjectQuerySequence>
        <linkedObjectSequence>0.0</linkedObjectSequence>
        <name>GetRecordTypesForOrders</name>
        <outputCreationSequence>0.0</outputCreationSequence>
        <outputFieldName>MasterOrder</outputFieldName>
        <outputObjectName>json</outputObjectName>
        <requiredForUpsert>false</requiredForUpsert>
        <upsertKey>false</upsertKey>
    </omniDataTransformItem>
    <omniDataTransformItem>
        <disabled>false</disabled>
        <filterGroup>0.0</filterGroup>
        <globalKey>GetRecordTypesForOrders17151515251985194</globalKey>
        <inputFieldName>ServiceAccount:Id</inputFieldName>
        <inputObjectQuerySequence>0.0</inputObjectQuerySequence>
        <linkedObjectSequence>0.0</linkedObjectSequence>
        <name>GetRecordTypesForOrders</name>
        <outputCreationSequence>1.0</outputCreationSequence>
        <outputFieldName>ServiceAccountRecordTypeId</outputFieldName>
        <outputObjectName>json</outputObjectName>
        <requiredForUpsert>false</requiredForUpsert>
        <upsertKey>false</upsertKey>
    </omniDataTransformItem>
    <omniDataTransformItem>
        <disabled>false</disabled>
        <filterGroup>0.0</filterGroup>
        <globalKey>GetRecordTypesForOrders2592879856425816</globalKey>
        <inputFieldName>SubOrder:Id</inputFieldName>
        <inputObjectQuerySequence>0.0</inputObjectQuerySequence>
        <linkedObjectSequence>0.0</linkedObjectSequence>
        <name>GetRecordTypesForOrders</name>
        <outputCreationSequence>1.0</outputCreationSequence>
        <outputFieldName>SubOrderRecordTypeId</outputFieldName>
        <outputObjectName>json</outputObjectName>
        <requiredForUpsert>false</requiredForUpsert>
        <upsertKey>false</upsertKey>
    </omniDataTransformItem>
    <omniDataTransformItem>
        <disabled>false</disabled>
        <filterGroup>0.0</filterGroup>
        <filterOperator>=</filterOperator>
        <filterValue>&quot;Account&quot;</filterValue>
        <globalKey>GetRecordTypesForOrders7245018168273394</globalKey>
        <inputFieldName>SobjectType</inputFieldName>
        <inputObjectName>RecordType</inputObjectName>
        <inputObjectQuerySequence>3.0</inputObjectQuerySequence>
        <linkedObjectSequence>0.0</linkedObjectSequence>
        <name>GetRecordTypesForOrders</name>
        <outputCreationSequence>0.0</outputCreationSequence>
        <outputFieldName>ServiceAccount</outputFieldName>
        <outputObjectName>json</outputObjectName>
        <requiredForUpsert>false</requiredForUpsert>
        <upsertKey>false</upsertKey>
    </omniDataTransformItem>
    <omniDataTransformItem>
        <disabled>false</disabled>
        <filterGroup>0.0</filterGroup>
        <globalKey>GetRecordTypesForOrders03471862934538961</globalKey>
        <inputFieldName>MasterOrder:Id</inputFieldName>
        <inputObjectQuerySequence>0.0</inputObjectQuerySequence>
        <linkedObjectSequence>0.0</linkedObjectSequence>
        <name>GetRecordTypesForOrders</name>
        <outputCreationSequence>1.0</outputCreationSequence>
        <outputFieldName>MasterOrderRecordTypeId</outputFieldName>
        <outputObjectName>json</outputObjectName>
        <requiredForUpsert>false</requiredForUpsert>
        <upsertKey>false</upsertKey>
    </omniDataTransformItem>
    <outputType>JSON</outputType>
    <previewJsonData>{ }</previewJsonData>
    <processSuperBulk>false</processSuperBulk>
    <responseCacheTtlMinutes>0.0</responseCacheTtlMinutes>
    <rollbackOnError>false</rollbackOnError>
    <sourceObject>json</sourceObject>
    <sourceObjectDefault>false</sourceObjectDefault>
    <synchronousProcessThreshold>0.0</synchronousProcessThreshold>
    <type>Extract</type>
    <uniqueName>GetRecordTypesForOrders_1</uniqueName>
    <versionNumber>1.0</versionNumber>
    <xmlDeclarationRemoved>false</xmlDeclarationRemoved>
</OmniDataTransform>
