<?xml version="1.0" encoding="UTF-8"?>
<OmniDataTransform xmlns="http://soap.sforce.com/2006/04/metadata">
    <active>false</active>
    <assignmentRulesUsed>false</assignmentRulesUsed>
    <deletedOnSuccess>false</deletedOnSuccess>
    <errorIgnored>false</errorIgnored>
    <expectedInputJson>{
  &quot;ContextId&quot; : null,
  &quot;timeStamp&quot; : null,
  &quot;userId&quot; : null,
  &quot;userName&quot; : null,
  &quot;userProfile&quot; : null,
  &quot;userTimeZone&quot; : null,
  &quot;vlcPersistentComponent&quot; : { },
  &quot;vlcTimeTracking&quot; : {
    &quot;getRootAssets&quot; : null
  }
}</expectedInputJson>
    <fieldLevelSecurityEnabled>false</fieldLevelSecurityEnabled>
    <inputType>JSON</inputType>
    <name>GetRootAssetsByAccount</name>
    <nullInputsIncludedInOutput>false</nullInputsIncludedInOutput>
    <omniDataTransformItem>
        <disabled>false</disabled>
        <filterGroup>0.0</filterGroup>
        <globalKey>GetRootAssetsByAccountCustom9126</globalKey>
        <inputFieldName>Asset:vlocity_cmt__OneTimeTotal__c</inputFieldName>
        <inputObjectQuerySequence>0.0</inputObjectQuerySequence>
        <linkedObjectSequence>0.0</linkedObjectSequence>
        <name>GetRootAssetsByAccount</name>
        <outputCreationSequence>1.0</outputCreationSequence>
        <outputFieldName>records:vlocity_cmt__OneTimeTotal__c:value</outputFieldName>
        <outputObjectName>json</outputObjectName>
        <requiredForUpsert>false</requiredForUpsert>
        <upsertKey>false</upsertKey>
    </omniDataTransformItem>
    <omniDataTransformItem>
        <disabled>false</disabled>
        <filterGroup>0.0</filterGroup>
        <globalKey>GetRootAssetsByAccountCustom1065</globalKey>
        <inputFieldName>Asset:vlocity_cmt__ProvisioningStatus__c</inputFieldName>
        <inputObjectQuerySequence>0.0</inputObjectQuerySequence>
        <linkedObjectSequence>0.0</linkedObjectSequence>
        <name>GetRootAssetsByAccount</name>
        <outputCreationSequence>1.0</outputCreationSequence>
        <outputFieldName>records:vlocity_cmt__ProvisioningStatus__c:value</outputFieldName>
        <outputObjectName>json</outputObjectName>
        <requiredForUpsert>false</requiredForUpsert>
        <upsertKey>false</upsertKey>
    </omniDataTransformItem>
    <omniDataTransformItem>
        <disabled>false</disabled>
        <filterGroup>0.0</filterGroup>
        <globalKey>GetRootAssetsByAccountCustom7950</globalKey>
        <inputFieldName>Asset:vlocity_cmt__LineNumber__c</inputFieldName>
        <inputObjectQuerySequence>0.0</inputObjectQuerySequence>
        <linkedObjectSequence>0.0</linkedObjectSequence>
        <name>GetRootAssetsByAccount</name>
        <outputCreationSequence>1.0</outputCreationSequence>
        <outputFieldName>records:vlocity_cmt__LineNumber__c:value</outputFieldName>
        <outputObjectName>json</outputObjectName>
        <requiredForUpsert>false</requiredForUpsert>
        <upsertKey>false</upsertKey>
    </omniDataTransformItem>
    <omniDataTransformItem>
        <disabled>false</disabled>
        <filterGroup>0.0</filterGroup>
        <globalKey>GetRootAssetsByAccountCustom3492</globalKey>
        <inputFieldName>Asset:Name</inputFieldName>
        <inputObjectQuerySequence>0.0</inputObjectQuerySequence>
        <linkedObjectSequence>0.0</linkedObjectSequence>
        <name>GetRootAssetsByAccount</name>
        <outputCreationSequence>1.0</outputCreationSequence>
        <outputFieldName>records:Name</outputFieldName>
        <outputObjectName>json</outputObjectName>
        <requiredForUpsert>false</requiredForUpsert>
        <upsertKey>false</upsertKey>
    </omniDataTransformItem>
    <omniDataTransformItem>
        <disabled>false</disabled>
        <filterGroup>0.0</filterGroup>
        <globalKey>GetRootAssetsByAccountCustom9057</globalKey>
        <inputFieldName>Asset:vlocity_cmt__ServiceIdentifier__c</inputFieldName>
        <inputObjectQuerySequence>0.0</inputObjectQuerySequence>
        <linkedObjectSequence>0.0</linkedObjectSequence>
        <name>GetRootAssetsByAccount</name>
        <outputCreationSequence>1.0</outputCreationSequence>
        <outputFieldName>records:vlocity_cmt__ServiceIdentifier__c:value</outputFieldName>
        <outputObjectName>json</outputObjectName>
        <requiredForUpsert>false</requiredForUpsert>
        <upsertKey>false</upsertKey>
    </omniDataTransformItem>
    <omniDataTransformItem>
        <disabled>false</disabled>
        <filterGroup>0.0</filterGroup>
        <globalKey>GetRootAssetsByAccountCustom2416</globalKey>
        <inputFieldName>Asset:Id</inputFieldName>
        <inputObjectQuerySequence>0.0</inputObjectQuerySequence>
        <linkedObjectSequence>0.0</linkedObjectSequence>
        <name>GetRootAssetsByAccount</name>
        <outputCreationSequence>1.0</outputCreationSequence>
        <outputFieldName>records:Id:value</outputFieldName>
        <outputObjectName>json</outputObjectName>
        <requiredForUpsert>false</requiredForUpsert>
        <upsertKey>false</upsertKey>
    </omniDataTransformItem>
    <omniDataTransformItem>
        <disabled>false</disabled>
        <filterGroup>0.0</filterGroup>
        <globalKey>GetRootAssetsByAccountCustom1108</globalKey>
        <inputFieldName>Asset:vlocity_cmt__RecurringTotal__c</inputFieldName>
        <inputObjectQuerySequence>0.0</inputObjectQuerySequence>
        <linkedObjectSequence>0.0</linkedObjectSequence>
        <name>GetRootAssetsByAccount</name>
        <outputCreationSequence>1.0</outputCreationSequence>
        <outputFieldName>records:vlocity_cmt__RecurringTotal__c:value</outputFieldName>
        <outputObjectName>json</outputObjectName>
        <requiredForUpsert>false</requiredForUpsert>
        <upsertKey>false</upsertKey>
    </omniDataTransformItem>
    <omniDataTransformItem>
        <disabled>false</disabled>
        <filterGroup>0.0</filterGroup>
        <globalKey>GetRootAssetsByAccountCustom6047</globalKey>
        <inputFieldName>Asset:vlocity_cmt__ServiceAccountId__r.Name</inputFieldName>
        <inputObjectQuerySequence>0.0</inputObjectQuerySequence>
        <linkedObjectSequence>0.0</linkedObjectSequence>
        <name>GetRootAssetsByAccount</name>
        <outputCreationSequence>1.0</outputCreationSequence>
        <outputFieldName>records:vlocity_cmt__ServiceAccountId__r:Name</outputFieldName>
        <outputObjectName>json</outputObjectName>
        <requiredForUpsert>false</requiredForUpsert>
        <upsertKey>false</upsertKey>
    </omniDataTransformItem>
    <omniDataTransformItem>
        <disabled>false</disabled>
        <filterGroup>0.0</filterGroup>
        <filterOperator>ORDER BY</filterOperator>
        <filterValue>Id , vlocity_cmt__OrderId__c, vlocity_cmt__LineNumber__c</filterValue>
        <globalKey>GetRootAssetsByAccountCustom3879</globalKey>
        <inputObjectName>Asset</inputObjectName>
        <inputObjectQuerySequence>1.0</inputObjectQuerySequence>
        <linkedObjectSequence>0.0</linkedObjectSequence>
        <name>GetRootAssetsByAccount</name>
        <outputCreationSequence>0.0</outputCreationSequence>
        <outputFieldName>Asset</outputFieldName>
        <outputObjectName>Turbo Extract</outputObjectName>
        <requiredForUpsert>false</requiredForUpsert>
        <upsertKey>false</upsertKey>
    </omniDataTransformItem>
    <omniDataTransformItem>
        <disabled>false</disabled>
        <filterDataType>STRING</filterDataType>
        <filterGroup>1.0</filterGroup>
        <filterOperator>=</filterOperator>
        <filterValue>&apos;$Vlocity.Null&apos;</filterValue>
        <globalKey>GetRootAssetsByAccountCustom8938</globalKey>
        <inputFieldName>vlocity_cmt__ParentItemId__c</inputFieldName>
        <inputObjectName>Asset</inputObjectName>
        <inputObjectQuerySequence>1.0</inputObjectQuerySequence>
        <linkedObjectSequence>0.0</linkedObjectSequence>
        <name>GetRootAssetsByAccount</name>
        <outputCreationSequence>0.0</outputCreationSequence>
        <outputFieldName>Asset</outputFieldName>
        <outputObjectName>Turbo Extract</outputObjectName>
        <requiredForUpsert>false</requiredForUpsert>
        <upsertKey>false</upsertKey>
    </omniDataTransformItem>
    <omniDataTransformItem>
        <disabled>false</disabled>
        <filterDataType>STRING</filterDataType>
        <filterGroup>0.0</filterGroup>
        <filterOperator>=</filterOperator>
        <filterValue>&apos;$Vlocity.Null&apos;</filterValue>
        <globalKey>GetRootAssetsByAccountCustom629</globalKey>
        <inputFieldName>vlocity_cmt__ParentItemId__c</inputFieldName>
        <inputObjectName>Asset</inputObjectName>
        <inputObjectQuerySequence>1.0</inputObjectQuerySequence>
        <linkedObjectSequence>0.0</linkedObjectSequence>
        <name>GetRootAssetsByAccount</name>
        <outputCreationSequence>0.0</outputCreationSequence>
        <outputFieldName>Asset</outputFieldName>
        <outputObjectName>Turbo Extract</outputObjectName>
        <requiredForUpsert>false</requiredForUpsert>
        <upsertKey>false</upsertKey>
    </omniDataTransformItem>
    <omniDataTransformItem>
        <disabled>false</disabled>
        <filterDataType>REFERENCE</filterDataType>
        <filterGroup>0.0</filterGroup>
        <filterOperator>=</filterOperator>
        <filterValue>accountId</filterValue>
        <globalKey>GetRootAssetsByAccountCustom5579</globalKey>
        <inputFieldName>AccountId</inputFieldName>
        <inputObjectName>Asset</inputObjectName>
        <inputObjectQuerySequence>1.0</inputObjectQuerySequence>
        <linkedObjectSequence>0.0</linkedObjectSequence>
        <name>GetRootAssetsByAccount</name>
        <outputCreationSequence>0.0</outputCreationSequence>
        <outputFieldName>Asset</outputFieldName>
        <outputObjectName>Turbo Extract</outputObjectName>
        <requiredForUpsert>false</requiredForUpsert>
        <upsertKey>false</upsertKey>
    </omniDataTransformItem>
    <omniDataTransformItem>
        <disabled>false</disabled>
        <filterGroup>0.0</filterGroup>
        <globalKey>GetRootAssetsByAccountCustom3765</globalKey>
        <inputFieldName>Asset:vlocity_cmt__BillingAccountId__r.Name</inputFieldName>
        <inputObjectQuerySequence>0.0</inputObjectQuerySequence>
        <linkedObjectSequence>0.0</linkedObjectSequence>
        <name>GetRootAssetsByAccount</name>
        <outputCreationSequence>1.0</outputCreationSequence>
        <outputFieldName>records:vlocity_cmt__BillingAccountId__r:Name</outputFieldName>
        <outputObjectName>json</outputObjectName>
        <requiredForUpsert>false</requiredForUpsert>
        <upsertKey>false</upsertKey>
    </omniDataTransformItem>
    <omniDataTransformItem>
        <disabled>false</disabled>
        <filterGroup>0.0</filterGroup>
        <globalKey>GetRootAssetsByAccountCustom1605</globalKey>
        <inputFieldName>Asset:vlocity_cmt__ContractId__r.ContractNumber</inputFieldName>
        <inputObjectQuerySequence>0.0</inputObjectQuerySequence>
        <linkedObjectSequence>0.0</linkedObjectSequence>
        <name>GetRootAssetsByAccount</name>
        <outputCreationSequence>1.0</outputCreationSequence>
        <outputFieldName>records:vlocity_cmt__ContractId__r:ContractNumber</outputFieldName>
        <outputObjectName>json</outputObjectName>
        <requiredForUpsert>false</requiredForUpsert>
        <upsertKey>false</upsertKey>
    </omniDataTransformItem>
    <omniDataTransformItem>
        <disabled>false</disabled>
        <filterDataType>STRING</filterDataType>
        <filterGroup>2.0</filterGroup>
        <filterOperator>=</filterOperator>
        <filterValue>&apos;$Vlocity.NULL&apos;</filterValue>
        <globalKey>GetRootAssetsByAccountCustom3840</globalKey>
        <inputFieldName>vlocity_cmt__ParentItemId__c</inputFieldName>
        <inputObjectName>Asset</inputObjectName>
        <inputObjectQuerySequence>1.0</inputObjectQuerySequence>
        <linkedObjectSequence>0.0</linkedObjectSequence>
        <name>GetRootAssetsByAccount</name>
        <outputCreationSequence>0.0</outputCreationSequence>
        <outputFieldName>Asset</outputFieldName>
        <outputObjectName>Turbo Extract</outputObjectName>
        <requiredForUpsert>false</requiredForUpsert>
        <upsertKey>false</upsertKey>
    </omniDataTransformItem>
    <omniDataTransformItem>
        <disabled>false</disabled>
        <filterGroup>0.0</filterGroup>
        <globalKey>GetRootAssetsByAccountCustom4889</globalKey>
        <inputObjectQuerySequence>0.0</inputObjectQuerySequence>
        <linkedObjectSequence>0.0</linkedObjectSequence>
        <name>GetRootAssetsByAccount</name>
        <outputCreationSequence>1.0</outputCreationSequence>
        <outputFieldFormat>List&lt;Map&gt;</outputFieldFormat>
        <outputFieldName>records</outputFieldName>
        <outputObjectName>json</outputObjectName>
        <requiredForUpsert>false</requiredForUpsert>
        <upsertKey>false</upsertKey>
    </omniDataTransformItem>
    <omniDataTransformItem>
        <disabled>false</disabled>
        <filterDataType>REFERENCE</filterDataType>
        <filterGroup>1.0</filterGroup>
        <filterOperator>=</filterOperator>
        <filterValue>accountId</filterValue>
        <globalKey>GetRootAssetsByAccountCustom7649</globalKey>
        <inputFieldName>vlocity_cmt__ServiceAccountId__c</inputFieldName>
        <inputObjectName>Asset</inputObjectName>
        <inputObjectQuerySequence>1.0</inputObjectQuerySequence>
        <linkedObjectSequence>0.0</linkedObjectSequence>
        <name>GetRootAssetsByAccount</name>
        <outputCreationSequence>0.0</outputCreationSequence>
        <outputFieldName>Asset</outputFieldName>
        <outputObjectName>Turbo Extract</outputObjectName>
        <requiredForUpsert>false</requiredForUpsert>
        <upsertKey>false</upsertKey>
    </omniDataTransformItem>
    <omniDataTransformItem>
        <disabled>false</disabled>
        <filterDataType>REFERENCE</filterDataType>
        <filterGroup>2.0</filterGroup>
        <filterOperator>=</filterOperator>
        <filterValue>accountId</filterValue>
        <globalKey>GetRootAssetsByAccountCustom2288</globalKey>
        <inputFieldName>vlocity_cmt__BillingAccountId__c</inputFieldName>
        <inputObjectName>Asset</inputObjectName>
        <inputObjectQuerySequence>1.0</inputObjectQuerySequence>
        <linkedObjectSequence>0.0</linkedObjectSequence>
        <name>GetRootAssetsByAccount</name>
        <outputCreationSequence>0.0</outputCreationSequence>
        <outputFieldName>Asset</outputFieldName>
        <outputObjectName>Turbo Extract</outputObjectName>
        <requiredForUpsert>false</requiredForUpsert>
        <upsertKey>false</upsertKey>
    </omniDataTransformItem>
    <outputType>JSON</outputType>
    <previewJsonData>{
  &quot;accountId&quot; : &quot;001RO000002yy1KYAQ&quot;
}</previewJsonData>
    <processSuperBulk>false</processSuperBulk>
    <responseCacheTtlMinutes>0.0</responseCacheTtlMinutes>
    <rollbackOnError>false</rollbackOnError>
    <sourceObject>json</sourceObject>
    <sourceObjectDefault>false</sourceObjectDefault>
    <synchronousProcessThreshold>0.0</synchronousProcessThreshold>
    <type>Extract</type>
    <uniqueName>GetRootAssetsByAccount_1</uniqueName>
    <versionNumber>1.0</versionNumber>
    <xmlDeclarationRemoved>false</xmlDeclarationRemoved>
</OmniDataTransform>
