<?xml version="1.0" encoding="UTF-8"?>
<OmniDataTransform xmlns="http://soap.sforce.com/2006/04/metadata">
    <active>false</active>
    <assignmentRulesUsed>false</assignmentRulesUsed>
    <deletedOnSuccess>false</deletedOnSuccess>
    <description>Used in B2B enterprise to transform the response of Google Maps API to a desired structure for typeahead component</description>
    <errorIgnored>false</errorIgnored>
    <fieldLevelSecurityEnabled>false</fieldLevelSecurityEnabled>
    <inputType>JSON</inputType>
    <name>GoogleMapsApiTransform</name>
    <nullInputsIncludedInOutput>false</nullInputsIncludedInOutput>
    <omniDataTransformItem>
        <disabled>false</disabled>
        <filterGroup>0.0</filterGroup>
        <globalKey>GoogleMapsApiTransformCustom4509</globalKey>
        <inputFieldName>MapsResponse:place_id</inputFieldName>
        <inputObjectQuerySequence>0.0</inputObjectQuerySequence>
        <linkedObjectSequence>0.0</linkedObjectSequence>
        <name>GoogleMapsApiTransform</name>
        <outputCreationSequence>1.0</outputCreationSequence>
        <outputFieldName>place_id</outputFieldName>
        <outputObjectName>json</outputObjectName>
        <requiredForUpsert>false</requiredForUpsert>
        <upsertKey>false</upsertKey>
    </omniDataTransformItem>
    <omniDataTransformItem>
        <disabled>false</disabled>
        <filterGroup>0.0</filterGroup>
        <globalKey>GoogleMapsApiTransformCustom41</globalKey>
        <inputFieldName>MapsResponse:isMapsLocation</inputFieldName>
        <inputObjectQuerySequence>0.0</inputObjectQuerySequence>
        <linkedObjectSequence>0.0</linkedObjectSequence>
        <name>GoogleMapsApiTransform</name>
        <outputCreationSequence>1.0</outputCreationSequence>
        <outputFieldName>isMapsLocation</outputFieldName>
        <outputObjectName>json</outputObjectName>
        <requiredForUpsert>false</requiredForUpsert>
        <upsertKey>false</upsertKey>
    </omniDataTransformItem>
    <omniDataTransformItem>
        <disabled>false</disabled>
        <filterGroup>0.0</filterGroup>
        <globalKey>GoogleMapsApiTransformCustom9401</globalKey>
        <inputFieldName>MapsResponse:leftIcon</inputFieldName>
        <inputObjectQuerySequence>0.0</inputObjectQuerySequence>
        <linkedObjectSequence>0.0</linkedObjectSequence>
        <name>GoogleMapsApiTransform</name>
        <outputCreationSequence>1.0</outputCreationSequence>
        <outputFieldName>leftIcon</outputFieldName>
        <outputObjectName>json</outputObjectName>
        <requiredForUpsert>false</requiredForUpsert>
        <upsertKey>false</upsertKey>
    </omniDataTransformItem>
    <omniDataTransformItem>
        <disabled>false</disabled>
        <filterGroup>0.0</filterGroup>
        <globalKey>GoogleMapsApiTransformCustom5207</globalKey>
        <inputFieldName>MapsResponse:description</inputFieldName>
        <inputObjectQuerySequence>0.0</inputObjectQuerySequence>
        <linkedObjectSequence>0.0</linkedObjectSequence>
        <name>GoogleMapsApiTransform</name>
        <outputCreationSequence>1.0</outputCreationSequence>
        <outputFieldName>Name</outputFieldName>
        <outputObjectName>json</outputObjectName>
        <requiredForUpsert>false</requiredForUpsert>
        <upsertKey>false</upsertKey>
    </omniDataTransformItem>
    <omniDataTransformItem>
        <disabled>false</disabled>
        <filterGroup>0.0</filterGroup>
        <globalKey>GoogleMapsApiTransformCustom3155</globalKey>
        <inputFieldName>MapsResponse:extraClasses</inputFieldName>
        <inputObjectQuerySequence>0.0</inputObjectQuerySequence>
        <linkedObjectSequence>0.0</linkedObjectSequence>
        <name>GoogleMapsApiTransform</name>
        <outputCreationSequence>1.0</outputCreationSequence>
        <outputFieldName>extraClasses</outputFieldName>
        <outputObjectName>json</outputObjectName>
        <requiredForUpsert>false</requiredForUpsert>
        <upsertKey>false</upsertKey>
    </omniDataTransformItem>
    <omniDataTransformItem>
        <disabled>false</disabled>
        <filterGroup>0.0</filterGroup>
        <formulaConverted>| | var:MapsResponse:description ISNOTBLANK true &quot;&quot; IF</formulaConverted>
        <formulaExpression>IF(ISNOTBLANK(MapsResponse:description),true,&quot;&quot;)</formulaExpression>
        <formulaResultPath>MapsResponse:isMapsLocation</formulaResultPath>
        <formulaSequence>2.0</formulaSequence>
        <globalKey>GoogleMapsApiTransformCustom1423</globalKey>
        <inputObjectQuerySequence>0.0</inputObjectQuerySequence>
        <linkedObjectSequence>0.0</linkedObjectSequence>
        <name>GoogleMapsApiTransform</name>
        <outputCreationSequence>0.0</outputCreationSequence>
        <outputFieldName>Formula</outputFieldName>
        <outputObjectName>Formula</outputObjectName>
        <requiredForUpsert>false</requiredForUpsert>
        <upsertKey>false</upsertKey>
    </omniDataTransformItem>
    <omniDataTransformItem>
        <disabled>false</disabled>
        <filterGroup>0.0</filterGroup>
        <globalKey>GoogleMapsApiTransformCustom6552</globalKey>
        <inputFieldName>MapsResponse:place_id</inputFieldName>
        <inputObjectQuerySequence>0.0</inputObjectQuerySequence>
        <linkedObjectSequence>0.0</linkedObjectSequence>
        <name>GoogleMapsApiTransform</name>
        <outputCreationSequence>1.0</outputCreationSequence>
        <outputFieldName>Id</outputFieldName>
        <outputObjectName>json</outputObjectName>
        <requiredForUpsert>false</requiredForUpsert>
        <upsertKey>false</upsertKey>
    </omniDataTransformItem>
    <omniDataTransformItem>
        <disabled>false</disabled>
        <filterGroup>0.0</filterGroup>
        <formulaConverted>| | var:MapsResponse:description ISNOTBLANK &quot;custom:custom68&quot; &quot;&quot; IF</formulaConverted>
        <formulaExpression>IF(ISNOTBLANK(MapsResponse:description),&quot;custom:custom68&quot;,&quot;&quot;)</formulaExpression>
        <formulaResultPath>MapsResponse:leftIcon</formulaResultPath>
        <formulaSequence>3.0</formulaSequence>
        <globalKey>GoogleMapsApiTransformCustom4969</globalKey>
        <inputObjectQuerySequence>0.0</inputObjectQuerySequence>
        <linkedObjectSequence>0.0</linkedObjectSequence>
        <name>GoogleMapsApiTransform</name>
        <outputCreationSequence>0.0</outputCreationSequence>
        <outputFieldName>Formula</outputFieldName>
        <outputObjectName>Formula</outputObjectName>
        <requiredForUpsert>false</requiredForUpsert>
        <upsertKey>false</upsertKey>
    </omniDataTransformItem>
    <omniDataTransformItem>
        <disabled>false</disabled>
        <filterGroup>0.0</filterGroup>
        <formulaConverted>| | var:MapsResponse:description ISNOTBLANK &quot;nds-b2b-locations-options&quot; &quot;&quot; IF</formulaConverted>
        <formulaExpression>IF(ISNOTBLANK(MapsResponse:description),&quot;nds-b2b-locations-options&quot;,&quot;&quot;)</formulaExpression>
        <formulaResultPath>MapsResponse:extraClasses</formulaResultPath>
        <formulaSequence>1.0</formulaSequence>
        <globalKey>GoogleMapsApiTransformCustom6236</globalKey>
        <inputObjectQuerySequence>0.0</inputObjectQuerySequence>
        <linkedObjectSequence>0.0</linkedObjectSequence>
        <name>GoogleMapsApiTransform</name>
        <outputCreationSequence>0.0</outputCreationSequence>
        <outputFieldName>Formula</outputFieldName>
        <outputObjectName>Formula</outputObjectName>
        <requiredForUpsert>false</requiredForUpsert>
        <upsertKey>false</upsertKey>
    </omniDataTransformItem>
    <outputType>JSON</outputType>
    <previewJsonData>[ ]</previewJsonData>
    <processSuperBulk>false</processSuperBulk>
    <responseCacheTtlMinutes>0.0</responseCacheTtlMinutes>
    <rollbackOnError>false</rollbackOnError>
    <sourceObject>json</sourceObject>
    <sourceObjectDefault>false</sourceObjectDefault>
    <synchronousProcessThreshold>0.0</synchronousProcessThreshold>
    <type>Transform</type>
    <uniqueName>GoogleMapsApiTransform_1</uniqueName>
    <versionNumber>1.0</versionNumber>
    <xmlDeclarationRemoved>false</xmlDeclarationRemoved>
</OmniDataTransform>
