<?xml version="1.0" encoding="UTF-8"?>
<OmniDataTransform xmlns="http://soap.sforce.com/2006/04/metadata">
    <active>false</active>
    <assignmentRulesUsed>false</assignmentRulesUsed>
    <deletedOnSuccess>false</deletedOnSuccess>
    <errorIgnored>false</errorIgnored>
    <fieldLevelSecurityEnabled>false</fieldLevelSecurityEnabled>
    <inputType>JSON</inputType>
    <name>GuestUserDocGenSampleExtractDocumentTemplatesLWC</name>
    <nullInputsIncludedInOutput>false</nullInputsIncludedInOutput>
    <omniDataTransformItem>
        <disabled>false</disabled>
        <filterGroup>0.0</filterGroup>
        <globalKey>GuestUserDocGenSampleExtractDocumentTemplatesLWC09970935304756101</globalKey>
        <inputFieldName>DocumentTemplate:vlocity_cmt__TemplateContentFormat__c</inputFieldName>
        <inputObjectQuerySequence>0.0</inputObjectQuerySequence>
        <linkedObjectSequence>0.0</linkedObjectSequence>
        <name>GuestUserDocGenSampleExtractDocumentTemplatesLWC</name>
        <outputCreationSequence>1.0</outputCreationSequence>
        <outputFieldName>DocumentTemplate:TemplateType</outputFieldName>
        <outputObjectName>json</outputObjectName>
        <requiredForUpsert>false</requiredForUpsert>
        <upsertKey>false</upsertKey>
    </omniDataTransformItem>
    <omniDataTransformItem>
        <disabled>false</disabled>
        <filterGroup>0.0</filterGroup>
        <globalKey>GuestUserDocGenSampleExtractDocumentTemplatesLWC7948375890701311</globalKey>
        <inputFieldName>DocumentTemplate:vlocity_cmt__VersionNumber__c</inputFieldName>
        <inputObjectQuerySequence>0.0</inputObjectQuerySequence>
        <linkedObjectSequence>0.0</linkedObjectSequence>
        <name>GuestUserDocGenSampleExtractDocumentTemplatesLWC</name>
        <outputCreationSequence>1.0</outputCreationSequence>
        <outputFieldName>DocumentTemplate:VersionNumber</outputFieldName>
        <outputObjectName>json</outputObjectName>
        <requiredForUpsert>false</requiredForUpsert>
        <upsertKey>false</upsertKey>
    </omniDataTransformItem>
    <omniDataTransformItem>
        <disabled>false</disabled>
        <filterGroup>0.0</filterGroup>
        <globalKey>GuestUserDocGenSampleExtractDocumentTemplatesLWC5746280150039564</globalKey>
        <inputFieldName>DocumentTemplate:Id</inputFieldName>
        <inputObjectQuerySequence>0.0</inputObjectQuerySequence>
        <linkedObjectSequence>0.0</linkedObjectSequence>
        <name>GuestUserDocGenSampleExtractDocumentTemplatesLWC</name>
        <outputCreationSequence>1.0</outputCreationSequence>
        <outputFieldName>DocumentTemplate:Id</outputFieldName>
        <outputObjectName>json</outputObjectName>
        <requiredForUpsert>false</requiredForUpsert>
        <upsertKey>false</upsertKey>
    </omniDataTransformItem>
    <omniDataTransformItem>
        <disabled>false</disabled>
        <filterGroup>0.0</filterGroup>
        <globalKey>GuestUserDocGenSampleExtractDocumentTemplatesLWC15486032991953635</globalKey>
        <inputFieldName>DocumentTemplate:Name</inputFieldName>
        <inputObjectQuerySequence>0.0</inputObjectQuerySequence>
        <linkedObjectSequence>0.0</linkedObjectSequence>
        <name>GuestUserDocGenSampleExtractDocumentTemplatesLWC</name>
        <outputCreationSequence>1.0</outputCreationSequence>
        <outputFieldName>DocumentTemplate:Name</outputFieldName>
        <outputObjectName>json</outputObjectName>
        <requiredForUpsert>false</requiredForUpsert>
        <upsertKey>false</upsertKey>
    </omniDataTransformItem>
    <omniDataTransformItem>
        <disabled>false</disabled>
        <filterGroup>0.0</filterGroup>
        <filterOperator>=</filterOperator>
        <filterValue>templateType</filterValue>
        <globalKey>GuestUserDocGenSampleExtractDocumentTemplatesLWC9935310737310712</globalKey>
        <inputFieldName>vlocity_cmt__TemplateContentFormat__c</inputFieldName>
        <inputObjectName>vlocity_cmt__DocumentTemplate__c</inputObjectName>
        <inputObjectQuerySequence>1.0</inputObjectQuerySequence>
        <linkedObjectSequence>0.0</linkedObjectSequence>
        <name>GuestUserDocGenSampleExtractDocumentTemplatesLWC</name>
        <outputCreationSequence>0.0</outputCreationSequence>
        <outputFieldName>DocumentTemplate</outputFieldName>
        <outputObjectName>json</outputObjectName>
        <requiredForUpsert>false</requiredForUpsert>
        <upsertKey>false</upsertKey>
    </omniDataTransformItem>
    <omniDataTransformItem>
        <disabled>false</disabled>
        <filterGroup>0.0</filterGroup>
        <filterOperator>LIMIT</filterOperator>
        <filterValue>90</filterValue>
        <globalKey>GuestUserDocGenSampleExtractDocumentTemplatesLWC959459794156573</globalKey>
        <inputObjectName>vlocity_cmt__DocumentTemplate__c</inputObjectName>
        <inputObjectQuerySequence>1.0</inputObjectQuerySequence>
        <linkedObjectSequence>0.0</linkedObjectSequence>
        <name>GuestUserDocGenSampleExtractDocumentTemplatesLWC</name>
        <outputCreationSequence>0.0</outputCreationSequence>
        <outputFieldName>DocumentTemplate</outputFieldName>
        <outputObjectName>json</outputObjectName>
        <requiredForUpsert>false</requiredForUpsert>
        <upsertKey>false</upsertKey>
    </omniDataTransformItem>
    <omniDataTransformItem>
        <disabled>false</disabled>
        <filterGroup>0.0</filterGroup>
        <filterOperator>=</filterOperator>
        <filterValue>&apos;true&apos;</filterValue>
        <globalKey>GuestUserDocGenSampleExtractDocumentTemplatesLWC18175509788477417</globalKey>
        <inputFieldName>vlocity_cmt__IsActive__c</inputFieldName>
        <inputObjectName>vlocity_cmt__DocumentTemplate__c</inputObjectName>
        <inputObjectQuerySequence>1.0</inputObjectQuerySequence>
        <linkedObjectSequence>0.0</linkedObjectSequence>
        <name>GuestUserDocGenSampleExtractDocumentTemplatesLWC</name>
        <outputCreationSequence>0.0</outputCreationSequence>
        <outputFieldName>DocumentTemplate</outputFieldName>
        <outputObjectName>json</outputObjectName>
        <requiredForUpsert>false</requiredForUpsert>
        <upsertKey>false</upsertKey>
    </omniDataTransformItem>
    <omniDataTransformItem>
        <disabled>false</disabled>
        <filterGroup>0.0</filterGroup>
        <filterOperator>=</filterOperator>
        <filterValue>&apos;JSON Based&apos;</filterValue>
        <globalKey>GuestUserDocGenSampleExtractDocumentTemplatesLWC57999177264986</globalKey>
        <inputFieldName>vlocity_cmt__MappingType__c</inputFieldName>
        <inputObjectName>vlocity_cmt__DocumentTemplate__c</inputObjectName>
        <inputObjectQuerySequence>1.0</inputObjectQuerySequence>
        <linkedObjectSequence>0.0</linkedObjectSequence>
        <name>GuestUserDocGenSampleExtractDocumentTemplatesLWC</name>
        <outputCreationSequence>0.0</outputCreationSequence>
        <outputFieldName>DocumentTemplate</outputFieldName>
        <outputObjectName>json</outputObjectName>
        <requiredForUpsert>false</requiredForUpsert>
        <upsertKey>false</upsertKey>
    </omniDataTransformItem>
    <outputType>JSON</outputType>
    <previewJsonData>{
  &quot;templateType&quot; : &quot;Microsoft Powerpoint .PPTX Template&quot;
}</previewJsonData>
    <processSuperBulk>false</processSuperBulk>
    <responseCacheTtlMinutes>0.0</responseCacheTtlMinutes>
    <rollbackOnError>false</rollbackOnError>
    <sourceObject>json</sourceObject>
    <sourceObjectDefault>false</sourceObjectDefault>
    <synchronousProcessThreshold>0.0</synchronousProcessThreshold>
    <type>Extract</type>
    <uniqueName>GuestUserDocGenSampleExtractDocumentTemplatesLWC_1</uniqueName>
    <versionNumber>1.0</versionNumber>
    <xmlDeclarationRemoved>false</xmlDeclarationRemoved>
</OmniDataTransform>
