<?xml version="1.0" encoding="UTF-8"?>
<OmniDataTransform xmlns="http://soap.sforce.com/2006/04/metadata">
    <active>false</active>
    <assignmentRulesUsed>false</assignmentRulesUsed>
    <deletedOnSuccess>false</deletedOnSuccess>
    <errorIgnored>false</errorIgnored>
    <expectedInputJson>{
  &quot;records&quot; : [ {
    &quot;Id&quot; : &quot;0Q05g0000011DS7CAM&quot;,
    &quot;Name&quot; : &quot;Test-M1&quot;,
    &quot;displaySequence&quot; : -1
  } ],
  &quot;totalSize&quot; : 1
}</expectedInputJson>
    <expectedOutputJson>{
  &quot;MasterQuoteOrderId&quot; : &quot;0Q05g0000011DS7CAM&quot;
}</expectedOutputJson>
    <fieldLevelSecurityEnabled>false</fieldLevelSecurityEnabled>
    <inputType>JSON</inputType>
    <name>MultiSiteTransformMasterQuoteOrderId</name>
    <nullInputsIncludedInOutput>false</nullInputsIncludedInOutput>
    <omniDataTransformItem>
        <disabled>false</disabled>
        <filterGroup>0.0</filterGroup>
        <globalKey>MultiSite - TransformMasterQuoteOrderIdCustom9856</globalKey>
        <inputFieldName>records:Id</inputFieldName>
        <inputObjectQuerySequence>0.0</inputObjectQuerySequence>
        <linkedObjectSequence>0.0</linkedObjectSequence>
        <name>MultiSiteTransformMasterQuoteOrderId</name>
        <outputCreationSequence>1.0</outputCreationSequence>
        <outputFieldName>MasterQuoteOrderId</outputFieldName>
        <outputObjectName>json</outputObjectName>
        <requiredForUpsert>false</requiredForUpsert>
        <upsertKey>false</upsertKey>
    </omniDataTransformItem>
    <outputType>JSON</outputType>
    <previewJsonData>{
  &quot;records&quot; : [ {
    &quot;Id&quot; : &quot;0Q05g0000011DS7CAM&quot;,
    &quot;Name&quot; : &quot;Test-M1&quot;,
    &quot;displaySequence&quot; : -1
  } ],
  &quot;totalSize&quot; : 1
}</previewJsonData>
    <processSuperBulk>false</processSuperBulk>
    <responseCacheTtlMinutes>0.0</responseCacheTtlMinutes>
    <rollbackOnError>false</rollbackOnError>
    <sourceObject>json</sourceObject>
    <sourceObjectDefault>false</sourceObjectDefault>
    <synchronousProcessThreshold>0.0</synchronousProcessThreshold>
    <type>Transform</type>
    <uniqueName>MultiSiteTransformMasterQuoteOrderId_1</uniqueName>
    <versionNumber>1.0</versionNumber>
    <xmlDeclarationRemoved>false</xmlDeclarationRemoved>
</OmniDataTransform>
