<?xml version="1.0" encoding="UTF-8"?>
<OmniDataTransform xmlns="http://soap.sforce.com/2006/04/metadata">
    <active>false</active>
    <assignmentRulesUsed>false</assignmentRulesUsed>
    <deletedOnSuccess>false</deletedOnSuccess>
    <description>Get Quote-Member record and Order-Member record</description>
    <errorIgnored>false</errorIgnored>
    <fieldLevelSecurityEnabled>false</fieldLevelSecurityEnabled>
    <inputType>JSON</inputType>
    <name>MultiServiceGetQuoteandOrdersMembers</name>
    <nullInputsIncludedInOutput>false</nullInputsIncludedInOutput>
    <omniDataTransformItem>
        <disabled>false</disabled>
        <filterGroup>0.0</filterGroup>
        <globalKey>4bf98c9b-2297-4322-96d4-43ed066fb79a</globalKey>
        <inputFieldName>member:vlocity_cmt__StreetAddress__c</inputFieldName>
        <inputObjectQuerySequence>0.0</inputObjectQuerySequence>
        <linkedObjectSequence>0.0</linkedObjectSequence>
        <name>MultiServiceGetQuoteandOrdersMembers</name>
        <outputCreationSequence>1.0</outputCreationSequence>
        <outputFieldName>member:vlocity_cmt__StreetAddress__c</outputFieldName>
        <outputObjectName>json</outputObjectName>
        <requiredForUpsert>false</requiredForUpsert>
        <upsertKey>false</upsertKey>
    </omniDataTransformItem>
    <omniDataTransformItem>
        <disabled>false</disabled>
        <filterGroup>0.0</filterGroup>
        <globalKey>ca59f90b-bf08-4ede-82c3-3b0bd2619e1d</globalKey>
        <inputFieldName>member:vlocity_cmt__Title__c</inputFieldName>
        <inputObjectQuerySequence>0.0</inputObjectQuerySequence>
        <linkedObjectSequence>0.0</linkedObjectSequence>
        <name>MultiServiceGetQuoteandOrdersMembers</name>
        <outputCreationSequence>1.0</outputCreationSequence>
        <outputFieldName>member:vlocity_cmt__Title__c</outputFieldName>
        <outputObjectName>json</outputObjectName>
        <requiredForUpsert>false</requiredForUpsert>
        <upsertKey>false</upsertKey>
    </omniDataTransformItem>
    <omniDataTransformItem>
        <disabled>false</disabled>
        <filterGroup>0.0</filterGroup>
        <globalKey>7cf514ec-d379-4788-a57e-9fc67c9a9041</globalKey>
        <inputFieldName>member:vlocity_cmt__ServiceAccountId__c</inputFieldName>
        <inputObjectQuerySequence>0.0</inputObjectQuerySequence>
        <linkedObjectSequence>0.0</linkedObjectSequence>
        <name>MultiServiceGetQuoteandOrdersMembers</name>
        <outputCreationSequence>1.0</outputCreationSequence>
        <outputFieldName>member:vlocity_cmt__ServiceAccountId__c</outputFieldName>
        <outputObjectName>json</outputObjectName>
        <requiredForUpsert>false</requiredForUpsert>
        <upsertKey>false</upsertKey>
    </omniDataTransformItem>
    <omniDataTransformItem>
        <disabled>false</disabled>
        <filterGroup>0.0</filterGroup>
        <globalKey>6193d92f-0ef8-4e03-9fe3-81586635bdd7</globalKey>
        <inputFieldName>member:vlocity_cmt__ServicePointId__c</inputFieldName>
        <inputObjectQuerySequence>0.0</inputObjectQuerySequence>
        <linkedObjectSequence>0.0</linkedObjectSequence>
        <name>MultiServiceGetQuoteandOrdersMembers</name>
        <outputCreationSequence>1.0</outputCreationSequence>
        <outputFieldName>member:vlocity_cmt__ServicePointId__c</outputFieldName>
        <outputObjectName>json</outputObjectName>
        <requiredForUpsert>false</requiredForUpsert>
        <upsertKey>false</upsertKey>
    </omniDataTransformItem>
    <omniDataTransformItem>
        <disabled>false</disabled>
        <filterGroup>0.0</filterGroup>
        <globalKey>a14d33e2-6540-4e45-bc94-218ee5b217d0</globalKey>
        <inputFieldName>member:vlocity_cmt__PostalCode__c</inputFieldName>
        <inputObjectQuerySequence>0.0</inputObjectQuerySequence>
        <linkedObjectSequence>0.0</linkedObjectSequence>
        <name>MultiServiceGetQuoteandOrdersMembers</name>
        <outputCreationSequence>1.0</outputCreationSequence>
        <outputFieldName>member:vlocity_cmt__PostalCode__c</outputFieldName>
        <outputObjectName>json</outputObjectName>
        <requiredForUpsert>false</requiredForUpsert>
        <upsertKey>false</upsertKey>
    </omniDataTransformItem>
    <omniDataTransformItem>
        <disabled>false</disabled>
        <filterGroup>0.0</filterGroup>
        <globalKey>e8509661-ea55-42b1-b5f1-2f64b9a96f80</globalKey>
        <inputFieldName>member:vlocity_cmt__PremisesId__c</inputFieldName>
        <inputObjectQuerySequence>0.0</inputObjectQuerySequence>
        <linkedObjectSequence>0.0</linkedObjectSequence>
        <name>MultiServiceGetQuoteandOrdersMembers</name>
        <outputCreationSequence>1.0</outputCreationSequence>
        <outputFieldName>member:vlocity_cmt__PremisesId__c</outputFieldName>
        <outputObjectName>json</outputObjectName>
        <requiredForUpsert>false</requiredForUpsert>
        <upsertKey>false</upsertKey>
    </omniDataTransformItem>
    <omniDataTransformItem>
        <disabled>false</disabled>
        <filterGroup>0.0</filterGroup>
        <globalKey>15050f61-409f-42a4-87ae-95d9371e1549</globalKey>
        <inputFieldName>member:vlocity_cmt__MemberData__c</inputFieldName>
        <inputObjectQuerySequence>0.0</inputObjectQuerySequence>
        <linkedObjectSequence>0.0</linkedObjectSequence>
        <name>MultiServiceGetQuoteandOrdersMembers</name>
        <outputCreationSequence>1.0</outputCreationSequence>
        <outputFieldName>member:vlocity_cmt__MemberData__c</outputFieldName>
        <outputObjectName>json</outputObjectName>
        <requiredForUpsert>false</requiredForUpsert>
        <upsertKey>false</upsertKey>
    </omniDataTransformItem>
    <omniDataTransformItem>
        <disabled>false</disabled>
        <filterGroup>0.0</filterGroup>
        <globalKey>bcce2ce9-7355-413e-bc5c-c92aed64b998</globalKey>
        <inputFieldName>member:vlocity_cmt__MemberType__c</inputFieldName>
        <inputObjectQuerySequence>0.0</inputObjectQuerySequence>
        <linkedObjectSequence>0.0</linkedObjectSequence>
        <name>MultiServiceGetQuoteandOrdersMembers</name>
        <outputCreationSequence>1.0</outputCreationSequence>
        <outputFieldName>member:vlocity_cmt__MemberType__c</outputFieldName>
        <outputObjectName>json</outputObjectName>
        <requiredForUpsert>false</requiredForUpsert>
        <upsertKey>false</upsertKey>
    </omniDataTransformItem>
    <omniDataTransformItem>
        <disabled>false</disabled>
        <filterGroup>0.0</filterGroup>
        <globalKey>d36eed5d-488f-477a-b7e0-00e3446c4ce6</globalKey>
        <inputFieldName>member:vlocity_cmt__LastName__c</inputFieldName>
        <inputObjectQuerySequence>0.0</inputObjectQuerySequence>
        <linkedObjectSequence>0.0</linkedObjectSequence>
        <name>MultiServiceGetQuoteandOrdersMembers</name>
        <outputCreationSequence>1.0</outputCreationSequence>
        <outputFieldName>member:vlocity_cmt__LastName__c</outputFieldName>
        <outputObjectName>json</outputObjectName>
        <requiredForUpsert>false</requiredForUpsert>
        <upsertKey>false</upsertKey>
    </omniDataTransformItem>
    <omniDataTransformItem>
        <disabled>false</disabled>
        <filterGroup>0.0</filterGroup>
        <globalKey>e04c2d7c-2b50-4a25-b848-28a39ee54559</globalKey>
        <inputFieldName>member:vlocity_cmt__MSISDN__c</inputFieldName>
        <inputObjectQuerySequence>0.0</inputObjectQuerySequence>
        <linkedObjectSequence>0.0</linkedObjectSequence>
        <name>MultiServiceGetQuoteandOrdersMembers</name>
        <outputCreationSequence>1.0</outputCreationSequence>
        <outputFieldName>member:vlocity_cmt__MSISDN__c</outputFieldName>
        <outputObjectName>json</outputObjectName>
        <requiredForUpsert>false</requiredForUpsert>
        <upsertKey>false</upsertKey>
    </omniDataTransformItem>
    <omniDataTransformItem>
        <disabled>false</disabled>
        <filterGroup>0.0</filterGroup>
        <globalKey>a826ad04-b735-45eb-9775-cabbd43c7350</globalKey>
        <inputFieldName>member:vlocity_cmt__ServiceabilityData__c</inputFieldName>
        <inputObjectQuerySequence>0.0</inputObjectQuerySequence>
        <linkedObjectSequence>0.0</linkedObjectSequence>
        <name>MultiServiceGetQuoteandOrdersMembers</name>
        <outputCreationSequence>1.0</outputCreationSequence>
        <outputFieldName>member:vlocity_cmt__ServiceabilityData__c</outputFieldName>
        <outputObjectName>json</outputObjectName>
        <requiredForUpsert>false</requiredForUpsert>
        <upsertKey>false</upsertKey>
    </omniDataTransformItem>
    <omniDataTransformItem>
        <disabled>false</disabled>
        <filterGroup>0.0</filterGroup>
        <globalKey>a1f98a28-0dc2-4cf0-a21c-68e271f329af</globalKey>
        <inputFieldName>member:vlocity_cmt__State__c</inputFieldName>
        <inputObjectQuerySequence>0.0</inputObjectQuerySequence>
        <linkedObjectSequence>0.0</linkedObjectSequence>
        <name>MultiServiceGetQuoteandOrdersMembers</name>
        <outputCreationSequence>1.0</outputCreationSequence>
        <outputFieldName>member:vlocity_cmt__State__c</outputFieldName>
        <outputObjectName>json</outputObjectName>
        <requiredForUpsert>false</requiredForUpsert>
        <upsertKey>false</upsertKey>
    </omniDataTransformItem>
    <omniDataTransformItem>
        <disabled>false</disabled>
        <filterGroup>0.0</filterGroup>
        <filterOperator>=</filterOperator>
        <filterValue>masterQuoteId</filterValue>
        <globalKey>231efd07-41af-4252-9331-f79045dee380</globalKey>
        <inputFieldName>vlocity_cmt__QuoteId__c</inputFieldName>
        <inputObjectName>vlocity_cmt__QuoteMember__c</inputObjectName>
        <inputObjectQuerySequence>1.0</inputObjectQuerySequence>
        <linkedObjectSequence>0.0</linkedObjectSequence>
        <name>MultiServiceGetQuoteandOrdersMembers</name>
        <outputCreationSequence>0.0</outputCreationSequence>
        <outputFieldName>member</outputFieldName>
        <outputObjectName>json</outputObjectName>
        <requiredForUpsert>false</requiredForUpsert>
        <upsertKey>false</upsertKey>
    </omniDataTransformItem>
    <omniDataTransformItem>
        <disabled>false</disabled>
        <filterGroup>0.0</filterGroup>
        <filterOperator>=</filterOperator>
        <filterValue>memberId</filterValue>
        <globalKey>a13564b0-ff8e-4d57-841f-ebe90ee9acce</globalKey>
        <inputFieldName>Id</inputFieldName>
        <inputObjectName>vlocity_cmt__QuoteMember__c</inputObjectName>
        <inputObjectQuerySequence>1.0</inputObjectQuerySequence>
        <linkedObjectSequence>0.0</linkedObjectSequence>
        <name>MultiServiceGetQuoteandOrdersMembers</name>
        <outputCreationSequence>0.0</outputCreationSequence>
        <outputFieldName>member</outputFieldName>
        <outputObjectName>json</outputObjectName>
        <requiredForUpsert>false</requiredForUpsert>
        <upsertKey>false</upsertKey>
    </omniDataTransformItem>
    <omniDataTransformItem>
        <disabled>false</disabled>
        <filterGroup>0.0</filterGroup>
        <filterOperator>=</filterOperator>
        <filterValue>groupId</filterValue>
        <globalKey>173e35d6-77ee-42d1-b1a7-72dbd1cd6ee0</globalKey>
        <inputFieldName>vlocity_cmt__QuoteGroupId__c</inputFieldName>
        <inputObjectName>vlocity_cmt__QuoteMember__c</inputObjectName>
        <inputObjectQuerySequence>1.0</inputObjectQuerySequence>
        <linkedObjectSequence>0.0</linkedObjectSequence>
        <name>MultiServiceGetQuoteandOrdersMembers</name>
        <outputCreationSequence>0.0</outputCreationSequence>
        <outputFieldName>member</outputFieldName>
        <outputObjectName>json</outputObjectName>
        <requiredForUpsert>false</requiredForUpsert>
        <upsertKey>false</upsertKey>
    </omniDataTransformItem>
    <omniDataTransformItem>
        <disabled>false</disabled>
        <filterGroup>0.0</filterGroup>
        <globalKey>487e019e-b5bd-451a-9478-6ab8297b5e70</globalKey>
        <inputFieldName>member:vlocity_cmt__Email__c</inputFieldName>
        <inputObjectQuerySequence>0.0</inputObjectQuerySequence>
        <linkedObjectSequence>0.0</linkedObjectSequence>
        <name>MultiServiceGetQuoteandOrdersMembers</name>
        <outputCreationSequence>1.0</outputCreationSequence>
        <outputFieldName>member:vlocity_cmt__Email__c</outputFieldName>
        <outputObjectName>json</outputObjectName>
        <requiredForUpsert>false</requiredForUpsert>
        <upsertKey>false</upsertKey>
    </omniDataTransformItem>
    <omniDataTransformItem>
        <disabled>false</disabled>
        <filterGroup>0.0</filterGroup>
        <globalKey>e2b4d0ad-81f9-44f5-99b5-c295a248b17f</globalKey>
        <inputFieldName>member:vlocity_cmt__FirstName__c</inputFieldName>
        <inputObjectQuerySequence>0.0</inputObjectQuerySequence>
        <linkedObjectSequence>0.0</linkedObjectSequence>
        <name>MultiServiceGetQuoteandOrdersMembers</name>
        <outputCreationSequence>1.0</outputCreationSequence>
        <outputFieldName>member:vlocity_cmt__FirstName__c</outputFieldName>
        <outputObjectName>json</outputObjectName>
        <requiredForUpsert>false</requiredForUpsert>
        <upsertKey>false</upsertKey>
    </omniDataTransformItem>
    <omniDataTransformItem>
        <disabled>false</disabled>
        <filterGroup>0.0</filterGroup>
        <globalKey>ea80881d-46d6-49c4-a1d2-069159192c24</globalKey>
        <inputFieldName>member:vlocity_cmt__City__c</inputFieldName>
        <inputObjectQuerySequence>0.0</inputObjectQuerySequence>
        <linkedObjectSequence>0.0</linkedObjectSequence>
        <name>MultiServiceGetQuoteandOrdersMembers</name>
        <outputCreationSequence>1.0</outputCreationSequence>
        <outputFieldName>member:vlocity_cmt__City__c</outputFieldName>
        <outputObjectName>json</outputObjectName>
        <requiredForUpsert>false</requiredForUpsert>
        <upsertKey>false</upsertKey>
    </omniDataTransformItem>
    <omniDataTransformItem>
        <disabled>false</disabled>
        <filterGroup>0.0</filterGroup>
        <globalKey>caf01820-e872-4c97-8d67-76c7fb545690</globalKey>
        <inputFieldName>member:vlocity_cmt__Country__c</inputFieldName>
        <inputObjectQuerySequence>0.0</inputObjectQuerySequence>
        <linkedObjectSequence>0.0</linkedObjectSequence>
        <name>MultiServiceGetQuoteandOrdersMembers</name>
        <outputCreationSequence>1.0</outputCreationSequence>
        <outputFieldName>member:vlocity_cmt__Country__c</outputFieldName>
        <outputObjectName>json</outputObjectName>
        <requiredForUpsert>false</requiredForUpsert>
        <upsertKey>false</upsertKey>
    </omniDataTransformItem>
    <omniDataTransformItem>
        <disabled>false</disabled>
        <filterGroup>0.0</filterGroup>
        <filterOperator>=</filterOperator>
        <filterValue>memberId</filterValue>
        <globalKey>55164405-5f30-4e33-b8f1-0551e351e460</globalKey>
        <inputFieldName>vlocity_cmt__QuoteMemberId__c</inputFieldName>
        <inputObjectName>vlocity_cmt__OrderMember__c</inputObjectName>
        <inputObjectQuerySequence>2.0</inputObjectQuerySequence>
        <linkedObjectSequence>0.0</linkedObjectSequence>
        <name>MultiServiceGetQuoteandOrdersMembers</name>
        <outputCreationSequence>0.0</outputCreationSequence>
        <outputFieldName>orderMember</outputFieldName>
        <outputObjectName>json</outputObjectName>
        <requiredForUpsert>false</requiredForUpsert>
        <upsertKey>false</upsertKey>
    </omniDataTransformItem>
    <omniDataTransformItem>
        <disabled>false</disabled>
        <filterGroup>0.0</filterGroup>
        <globalKey>866bdb1f-ed11-4c9f-9fc4-b4fb2a3651af</globalKey>
        <inputFieldName>member:vlocity_cmt__Address1__c</inputFieldName>
        <inputObjectQuerySequence>0.0</inputObjectQuerySequence>
        <linkedObjectSequence>0.0</linkedObjectSequence>
        <name>MultiServiceGetQuoteandOrdersMembers</name>
        <outputCreationSequence>1.0</outputCreationSequence>
        <outputFieldName>member:vlocity_cmt__Address1__c</outputFieldName>
        <outputObjectName>json</outputObjectName>
        <requiredForUpsert>false</requiredForUpsert>
        <upsertKey>false</upsertKey>
    </omniDataTransformItem>
    <omniDataTransformItem>
        <disabled>false</disabled>
        <filterGroup>0.0</filterGroup>
        <filterOperator>=</filterOperator>
        <filterValue>orderGroupId</filterValue>
        <globalKey>3c77c3cc-6bd1-41e6-8c2f-682d52237a9a</globalKey>
        <inputFieldName>vlocity_cmt__OrderGroupId__c</inputFieldName>
        <inputObjectName>vlocity_cmt__OrderMember__c</inputObjectName>
        <inputObjectQuerySequence>2.0</inputObjectQuerySequence>
        <linkedObjectSequence>0.0</linkedObjectSequence>
        <name>MultiServiceGetQuoteandOrdersMembers</name>
        <outputCreationSequence>0.0</outputCreationSequence>
        <outputFieldName>orderMember</outputFieldName>
        <outputObjectName>json</outputObjectName>
        <requiredForUpsert>false</requiredForUpsert>
        <upsertKey>false</upsertKey>
    </omniDataTransformItem>
    <omniDataTransformItem>
        <disabled>false</disabled>
        <filterGroup>0.0</filterGroup>
        <filterOperator>=</filterOperator>
        <filterValue>masterOrderId</filterValue>
        <globalKey>dcefc96c-36d1-4c4a-8305-f73f192e2b29</globalKey>
        <inputFieldName>vlocity_cmt__OrderId__c</inputFieldName>
        <inputObjectName>vlocity_cmt__OrderMember__c</inputObjectName>
        <inputObjectQuerySequence>2.0</inputObjectQuerySequence>
        <linkedObjectSequence>0.0</linkedObjectSequence>
        <name>MultiServiceGetQuoteandOrdersMembers</name>
        <outputCreationSequence>0.0</outputCreationSequence>
        <outputFieldName>orderMember</outputFieldName>
        <outputObjectName>json</outputObjectName>
        <requiredForUpsert>false</requiredForUpsert>
        <upsertKey>false</upsertKey>
    </omniDataTransformItem>
    <omniDataTransformItem>
        <disabled>false</disabled>
        <filterGroup>0.0</filterGroup>
        <globalKey>38d5eec7-ea91-4de3-a50e-00bb020d2239</globalKey>
        <inputFieldName>orderMember:Id</inputFieldName>
        <inputObjectQuerySequence>0.0</inputObjectQuerySequence>
        <linkedObjectSequence>0.0</linkedObjectSequence>
        <name>MultiServiceGetQuoteandOrdersMembers</name>
        <outputCreationSequence>1.0</outputCreationSequence>
        <outputFieldName>orderMemberId</outputFieldName>
        <outputObjectName>json</outputObjectName>
        <requiredForUpsert>false</requiredForUpsert>
        <upsertKey>false</upsertKey>
    </omniDataTransformItem>
    <omniDataTransformItem>
        <disabled>false</disabled>
        <filterGroup>0.0</filterGroup>
        <globalKey>62a11c7d-dea7-490c-83de-2bfc99588a83</globalKey>
        <inputFieldName>member:Id</inputFieldName>
        <inputObjectQuerySequence>0.0</inputObjectQuerySequence>
        <linkedObjectSequence>0.0</linkedObjectSequence>
        <name>MultiServiceGetQuoteandOrdersMembers</name>
        <outputCreationSequence>1.0</outputCreationSequence>
        <outputFieldName>member:Id</outputFieldName>
        <outputObjectName>json</outputObjectName>
        <requiredForUpsert>false</requiredForUpsert>
        <transformValuesMappings>{ }</transformValuesMappings>
        <upsertKey>false</upsertKey>
    </omniDataTransformItem>
    <omniDataTransformItem>
        <disabled>false</disabled>
        <filterGroup>0.0</filterGroup>
        <globalKey>692e623d-9634-4850-9975-dc132e311ef1</globalKey>
        <inputFieldName>member:Name</inputFieldName>
        <inputObjectQuerySequence>0.0</inputObjectQuerySequence>
        <linkedObjectSequence>0.0</linkedObjectSequence>
        <name>MultiServiceGetQuoteandOrdersMembers</name>
        <outputCreationSequence>1.0</outputCreationSequence>
        <outputFieldName>member:Name</outputFieldName>
        <outputObjectName>json</outputObjectName>
        <requiredForUpsert>false</requiredForUpsert>
        <upsertKey>false</upsertKey>
    </omniDataTransformItem>
    <outputType>JSON</outputType>
    <previewJsonData>{ }</previewJsonData>
    <processSuperBulk>false</processSuperBulk>
    <responseCacheTtlMinutes>0.0</responseCacheTtlMinutes>
    <rollbackOnError>false</rollbackOnError>
    <sourceObject>json</sourceObject>
    <sourceObjectDefault>false</sourceObjectDefault>
    <synchronousProcessThreshold>-1.0</synchronousProcessThreshold>
    <type>Extract</type>
    <uniqueName>MultiServiceGetQuoteandOrdersMembers_1</uniqueName>
    <versionNumber>1.0</versionNumber>
    <xmlDeclarationRemoved>false</xmlDeclarationRemoved>
</OmniDataTransform>
