<?xml version="1.0" encoding="UTF-8"?>
<OmniDataTransform xmlns="http://soap.sforce.com/2006/04/metadata">
    <active>false</active>
    <assignmentRulesUsed>false</assignmentRulesUsed>
    <deletedOnSuccess>false</deletedOnSuccess>
    <errorIgnored>false</errorIgnored>
    <fieldLevelSecurityEnabled>false</fieldLevelSecurityEnabled>
    <inputType>JSON</inputType>
    <name>OpptyDiscountExtractCreate</name>
    <nullInputsIncludedInOutput>false</nullInputsIncludedInOutput>
    <omniDataTransformItem>
        <disabled>false</disabled>
        <filterGroup>0.0</filterGroup>
        <globalKey>Opty Discount Extract - CreateCustoma0Nf4000004AIsIEAWItem8</globalKey>
        <inputFieldName>Oppty:Discount:vlocity_cmt__DiscountTemplateId__c</inputFieldName>
        <inputObjectQuerySequence>0.0</inputObjectQuerySequence>
        <linkedObjectSequence>0.0</linkedObjectSequence>
        <name>OpptyDiscountExtractCreate</name>
        <outputCreationSequence>1.0</outputCreationSequence>
        <outputFieldName>Oppty:Discount:TemplateId</outputFieldName>
        <outputObjectName>json</outputObjectName>
        <requiredForUpsert>false</requiredForUpsert>
        <upsertKey>false</upsertKey>
    </omniDataTransformItem>
    <omniDataTransformItem>
        <disabled>false</disabled>
        <filterGroup>0.0</filterGroup>
        <globalKey>Opty Discount Extract - CreateCustoma0Nf4000004AIsIEAWItem9</globalKey>
        <inputFieldName>Oppty:Discount:vlocity_cmt__EffectiveEndDate__c</inputFieldName>
        <inputObjectQuerySequence>0.0</inputObjectQuerySequence>
        <linkedObjectSequence>0.0</linkedObjectSequence>
        <name>OpptyDiscountExtractCreate</name>
        <outputCreationSequence>1.0</outputCreationSequence>
        <outputFieldName>Oppty:Discount:EffectiveEndDate</outputFieldName>
        <outputObjectName>json</outputObjectName>
        <requiredForUpsert>false</requiredForUpsert>
        <upsertKey>false</upsertKey>
    </omniDataTransformItem>
    <omniDataTransformItem>
        <disabled>false</disabled>
        <filterGroup>0.0</filterGroup>
        <globalKey>OpptyDiscountExtractCreateCustom797</globalKey>
        <inputFieldName>Oppty:DeactivatedDiscounts:Id</inputFieldName>
        <inputObjectQuerySequence>0.0</inputObjectQuerySequence>
        <linkedObjectSequence>0.0</linkedObjectSequence>
        <name>OpptyDiscountExtractCreate</name>
        <outputCreationSequence>1.0</outputCreationSequence>
        <outputFieldName>Oppty:DeactivatedDiscounts:Id</outputFieldName>
        <outputObjectName>json</outputObjectName>
        <requiredForUpsert>false</requiredForUpsert>
        <upsertKey>false</upsertKey>
    </omniDataTransformItem>
    <omniDataTransformItem>
        <disabled>false</disabled>
        <filterGroup>0.0</filterGroup>
        <filterOperator>=</filterOperator>
        <filterValue>Id</filterValue>
        <globalKey>OpptyDiscountExtractCreateCustom2079</globalKey>
        <inputFieldName>vlocity_cmt__OpportunityId__c</inputFieldName>
        <inputObjectName>vlocity_cmt__OpportunityDiscount__c</inputObjectName>
        <inputObjectQuerySequence>5.0</inputObjectQuerySequence>
        <linkedObjectSequence>0.0</linkedObjectSequence>
        <name>OpptyDiscountExtractCreate</name>
        <outputCreationSequence>0.0</outputCreationSequence>
        <outputFieldName>Oppty:DeactivatedDiscounts</outputFieldName>
        <outputObjectName>json</outputObjectName>
        <requiredForUpsert>false</requiredForUpsert>
        <upsertKey>false</upsertKey>
    </omniDataTransformItem>
    <omniDataTransformItem>
        <disabled>false</disabled>
        <filterGroup>0.0</filterGroup>
        <globalKey>Opty Discount Extract - CreateCustoma0Nf4000004AIsIEAWItem20</globalKey>
        <inputFieldName>Oppty:Discount:DiscountPricing:vlocity_cmt__TimePolicyId__c</inputFieldName>
        <inputObjectQuerySequence>0.0</inputObjectQuerySequence>
        <linkedObjectSequence>0.0</linkedObjectSequence>
        <name>OpptyDiscountExtractCreate</name>
        <outputCreationSequence>1.0</outputCreationSequence>
        <outputFieldName>Oppty:Discount:DiscountPricing:TimePolicyId</outputFieldName>
        <outputObjectName>json</outputObjectName>
        <requiredForUpsert>false</requiredForUpsert>
        <upsertKey>false</upsertKey>
    </omniDataTransformItem>
    <omniDataTransformItem>
        <disabled>false</disabled>
        <filterGroup>0.0</filterGroup>
        <filterOperator>=</filterOperator>
        <filterValue>&apos;&apos;</filterValue>
        <globalKey>OpptyDiscountExtractCreateCustom5514</globalKey>
        <inputFieldName>vlocity_cmt__EffectiveEndDate__c</inputFieldName>
        <inputObjectName>vlocity_cmt__OpportunityDiscount__c</inputObjectName>
        <inputObjectQuerySequence>5.0</inputObjectQuerySequence>
        <linkedObjectSequence>0.0</linkedObjectSequence>
        <name>OpptyDiscountExtractCreate</name>
        <outputCreationSequence>0.0</outputCreationSequence>
        <outputFieldName>Oppty:DeactivatedDiscounts</outputFieldName>
        <outputObjectName>json</outputObjectName>
        <requiredForUpsert>false</requiredForUpsert>
        <upsertKey>false</upsertKey>
    </omniDataTransformItem>
    <omniDataTransformItem>
        <disabled>false</disabled>
        <filterGroup>0.0</filterGroup>
        <globalKey>OpptyDiscountExtractCreateCustom2140</globalKey>
        <inputFieldName>Oppty:Discount:vlocity_cmt__AppliesToAllItems__c</inputFieldName>
        <inputObjectQuerySequence>0.0</inputObjectQuerySequence>
        <linkedObjectSequence>0.0</linkedObjectSequence>
        <name>OpptyDiscountExtractCreate</name>
        <outputCreationSequence>1.0</outputCreationSequence>
        <outputFieldName>Oppty:Discount:AppliesToAllItems</outputFieldName>
        <outputObjectName>json</outputObjectName>
        <requiredForUpsert>false</requiredForUpsert>
        <upsertKey>false</upsertKey>
    </omniDataTransformItem>
    <omniDataTransformItem>
        <disabled>false</disabled>
        <filterGroup>0.0</filterGroup>
        <globalKey>Opty Discount Extract - CreateCustoma0Nf4000004AIsIEAWItem12</globalKey>
        <inputFieldName>Oppty:Discount:DiscountItem:vlocity_cmt__CatalogCategoryId__c</inputFieldName>
        <inputObjectQuerySequence>0.0</inputObjectQuerySequence>
        <linkedObjectSequence>0.0</linkedObjectSequence>
        <name>OpptyDiscountExtractCreate</name>
        <outputCreationSequence>1.0</outputCreationSequence>
        <outputFieldName>Oppty:Discount:DiscountItem:CatalogCategoryId</outputFieldName>
        <outputObjectName>json</outputObjectName>
        <requiredForUpsert>false</requiredForUpsert>
        <upsertKey>false</upsertKey>
    </omniDataTransformItem>
    <omniDataTransformItem>
        <disabled>false</disabled>
        <filterGroup>0.0</filterGroup>
        <globalKey>Opty Discount Extract - CreateCustoma0Nf4000004AIsIEAWItem10</globalKey>
        <inputFieldName>Oppty:Discount:vlocity_cmt__EffectiveStartDate__c</inputFieldName>
        <inputObjectQuerySequence>0.0</inputObjectQuerySequence>
        <linkedObjectSequence>0.0</linkedObjectSequence>
        <name>OpptyDiscountExtractCreate</name>
        <outputCreationSequence>1.0</outputCreationSequence>
        <outputFieldName>Oppty:Discount:EffectiveStartDate</outputFieldName>
        <outputObjectName>json</outputObjectName>
        <requiredForUpsert>false</requiredForUpsert>
        <upsertKey>false</upsertKey>
    </omniDataTransformItem>
    <omniDataTransformItem>
        <disabled>false</disabled>
        <filterGroup>0.0</filterGroup>
        <globalKey>Opty Discount Extract - CreateCustoma0Nf4000004AIsIEAWItem11</globalKey>
        <inputFieldName>Oppty:Discount:vlocity_cmt__ReferenceNumber__c</inputFieldName>
        <inputObjectQuerySequence>0.0</inputObjectQuerySequence>
        <linkedObjectSequence>0.0</linkedObjectSequence>
        <name>OpptyDiscountExtractCreate</name>
        <outputCreationSequence>1.0</outputCreationSequence>
        <outputFieldName>Oppty:Discount:ReferenceNumber</outputFieldName>
        <outputObjectName>json</outputObjectName>
        <requiredForUpsert>false</requiredForUpsert>
        <upsertKey>false</upsertKey>
    </omniDataTransformItem>
    <omniDataTransformItem>
        <disabled>false</disabled>
        <filterGroup>0.0</filterGroup>
        <globalKey>Opty Discount Extract - CreateCustoma0Nf4000004AIsIEAWItem16</globalKey>
        <inputFieldName>Oppty:Discount:DiscountPricing:vlocity_cmt__AdjustmentValue__c</inputFieldName>
        <inputObjectQuerySequence>0.0</inputObjectQuerySequence>
        <linkedObjectSequence>0.0</linkedObjectSequence>
        <name>OpptyDiscountExtractCreate</name>
        <outputCreationSequence>1.0</outputCreationSequence>
        <outputFieldName>Oppty:Discount:DiscountPricing:AdjustmentValue</outputFieldName>
        <outputObjectName>json</outputObjectName>
        <requiredForUpsert>false</requiredForUpsert>
        <upsertKey>false</upsertKey>
    </omniDataTransformItem>
    <omniDataTransformItem>
        <disabled>false</disabled>
        <filterGroup>0.0</filterGroup>
        <globalKey>Opty Discount Extract - CreateCustoma0Nf4000004AIsIEAWItem17</globalKey>
        <inputFieldName>Oppty:Discount:DiscountPricing:vlocity_cmt__Amount__c</inputFieldName>
        <inputObjectQuerySequence>0.0</inputObjectQuerySequence>
        <linkedObjectSequence>0.0</linkedObjectSequence>
        <name>OpptyDiscountExtractCreate</name>
        <outputCreationSequence>1.0</outputCreationSequence>
        <outputFieldName>Oppty:Discount:DiscountPricing:Amount</outputFieldName>
        <outputObjectName>json</outputObjectName>
        <requiredForUpsert>false</requiredForUpsert>
        <upsertKey>false</upsertKey>
    </omniDataTransformItem>
    <omniDataTransformItem>
        <disabled>false</disabled>
        <filterGroup>0.0</filterGroup>
        <globalKey>Opty Discount Extract - CreateCustoma0Nf4000004AIsIEAWItem14</globalKey>
        <inputFieldName>Oppty:Discount:DiscountItem:vlocity_cmt__ProductId__c</inputFieldName>
        <inputObjectQuerySequence>0.0</inputObjectQuerySequence>
        <linkedObjectSequence>0.0</linkedObjectSequence>
        <name>OpptyDiscountExtractCreate</name>
        <outputCreationSequence>1.0</outputCreationSequence>
        <outputFieldName>Oppty:Discount:DiscountItem:ProductId</outputFieldName>
        <outputObjectName>json</outputObjectName>
        <requiredForUpsert>false</requiredForUpsert>
        <upsertKey>false</upsertKey>
    </omniDataTransformItem>
    <omniDataTransformItem>
        <disabled>false</disabled>
        <filterGroup>0.0</filterGroup>
        <globalKey>Opty Discount Extract - CreateCustoma0Nf4000004AIsIEAWItem15</globalKey>
        <inputFieldName>Oppty:Discount:DiscountItem:Name</inputFieldName>
        <inputObjectQuerySequence>0.0</inputObjectQuerySequence>
        <linkedObjectSequence>0.0</linkedObjectSequence>
        <name>OpptyDiscountExtractCreate</name>
        <outputCreationSequence>1.0</outputCreationSequence>
        <outputFieldName>Oppty:Discount:DiscountItem:Name</outputFieldName>
        <outputObjectName>json</outputObjectName>
        <requiredForUpsert>false</requiredForUpsert>
        <upsertKey>false</upsertKey>
    </omniDataTransformItem>
    <omniDataTransformItem>
        <disabled>false</disabled>
        <filterGroup>0.0</filterGroup>
        <filterOperator>=</filterOperator>
        <filterValue>Oppty:Discount:Id</filterValue>
        <globalKey>Opty Discount Extract - CreateCustom1726</globalKey>
        <inputFieldName>vlocity_cmt__OpportunityDiscountId__c</inputFieldName>
        <inputObjectName>vlocity_cmt__OpportunityDiscountPricing__c</inputObjectName>
        <inputObjectQuerySequence>4.0</inputObjectQuerySequence>
        <linkedObjectSequence>0.0</linkedObjectSequence>
        <name>OpptyDiscountExtractCreate</name>
        <outputCreationSequence>0.0</outputCreationSequence>
        <outputFieldName>Oppty:Discount:DiscountPricing</outputFieldName>
        <outputObjectName>json</outputObjectName>
        <requiredForUpsert>false</requiredForUpsert>
        <upsertKey>false</upsertKey>
    </omniDataTransformItem>
    <omniDataTransformItem>
        <disabled>false</disabled>
        <filterGroup>0.0</filterGroup>
        <globalKey>Opty Discount Extract - CreateCustoma0Nf4000004AIsIEAWItem13</globalKey>
        <inputFieldName>Oppty:Discount:DiscountItem:vlocity_cmt__Description__c</inputFieldName>
        <inputObjectQuerySequence>0.0</inputObjectQuerySequence>
        <linkedObjectSequence>0.0</linkedObjectSequence>
        <name>OpptyDiscountExtractCreate</name>
        <outputCreationSequence>1.0</outputCreationSequence>
        <outputFieldName>Oppty:Discount:DiscountItem:Description</outputFieldName>
        <outputObjectName>json</outputObjectName>
        <requiredForUpsert>false</requiredForUpsert>
        <upsertKey>false</upsertKey>
    </omniDataTransformItem>
    <omniDataTransformItem>
        <disabled>false</disabled>
        <filterGroup>0.0</filterGroup>
        <filterOperator>=</filterOperator>
        <filterValue>&apos;Contract&apos;</filterValue>
        <globalKey>OpptyDiscountExtractCreateCustom880</globalKey>
        <inputFieldName>vlocity_cmt__DiscountType__c</inputFieldName>
        <inputObjectName>vlocity_cmt__OpportunityDiscount__c</inputObjectName>
        <inputObjectQuerySequence>2.0</inputObjectQuerySequence>
        <linkedObjectSequence>0.0</linkedObjectSequence>
        <name>OpptyDiscountExtractCreate</name>
        <outputCreationSequence>0.0</outputCreationSequence>
        <outputFieldName>Oppty:Discount</outputFieldName>
        <outputObjectName>json</outputObjectName>
        <requiredForUpsert>false</requiredForUpsert>
        <upsertKey>false</upsertKey>
    </omniDataTransformItem>
    <omniDataTransformItem>
        <disabled>false</disabled>
        <filterGroup>0.0</filterGroup>
        <filterOperator>=</filterOperator>
        <filterValue>Oppty:Discount:Id</filterValue>
        <globalKey>Opty Discount Extract - CreateCustom8901</globalKey>
        <inputFieldName>vlocity_cmt__OpportunityDiscountId__c</inputFieldName>
        <inputObjectName>vlocity_cmt__OpportunityDiscountItem__c</inputObjectName>
        <inputObjectQuerySequence>3.0</inputObjectQuerySequence>
        <linkedObjectSequence>0.0</linkedObjectSequence>
        <name>OpptyDiscountExtractCreate</name>
        <outputCreationSequence>0.0</outputCreationSequence>
        <outputFieldName>Oppty:Discount:DiscountItem</outputFieldName>
        <outputObjectName>json</outputObjectName>
        <requiredForUpsert>false</requiredForUpsert>
        <upsertKey>false</upsertKey>
    </omniDataTransformItem>
    <omniDataTransformItem>
        <disabled>false</disabled>
        <filterGroup>0.0</filterGroup>
        <globalKey>Opty Discount Extract - CreateCustoma0Nf4000004AIsIEAWItem18</globalKey>
        <inputFieldName>Oppty:Discount:DiscountPricing:vlocity_cmt__PricingVariableId__c</inputFieldName>
        <inputObjectQuerySequence>0.0</inputObjectQuerySequence>
        <linkedObjectSequence>0.0</linkedObjectSequence>
        <name>OpptyDiscountExtractCreate</name>
        <outputCreationSequence>1.0</outputCreationSequence>
        <outputFieldName>Oppty:Discount:DiscountPricing:PricingVariableId</outputFieldName>
        <outputObjectName>json</outputObjectName>
        <requiredForUpsert>false</requiredForUpsert>
        <upsertKey>false</upsertKey>
    </omniDataTransformItem>
    <omniDataTransformItem>
        <disabled>false</disabled>
        <filterGroup>0.0</filterGroup>
        <globalKey>Opty Discount Extract - CreateCustoma0Nf4000004AIsIEAWItem5</globalKey>
        <inputFieldName>Oppty:AccountId</inputFieldName>
        <inputObjectQuerySequence>0.0</inputObjectQuerySequence>
        <linkedObjectSequence>0.0</linkedObjectSequence>
        <name>OpptyDiscountExtractCreate</name>
        <outputCreationSequence>1.0</outputCreationSequence>
        <outputFieldName>Oppty:AccountId</outputFieldName>
        <outputObjectName>json</outputObjectName>
        <requiredForUpsert>false</requiredForUpsert>
        <upsertKey>false</upsertKey>
    </omniDataTransformItem>
    <omniDataTransformItem>
        <disabled>false</disabled>
        <filterGroup>0.0</filterGroup>
        <globalKey>Opty Discount Extract - CreateCustoma0Nf4000004AIsIEAWItem23</globalKey>
        <inputFieldName>Oppty:Name</inputFieldName>
        <inputObjectQuerySequence>0.0</inputObjectQuerySequence>
        <linkedObjectSequence>0.0</linkedObjectSequence>
        <name>OpptyDiscountExtractCreate</name>
        <outputCreationSequence>1.0</outputCreationSequence>
        <outputFieldName>Oppty:Name</outputFieldName>
        <outputObjectName>json</outputObjectName>
        <requiredForUpsert>false</requiredForUpsert>
        <upsertKey>false</upsertKey>
    </omniDataTransformItem>
    <omniDataTransformItem>
        <disabled>false</disabled>
        <filterGroup>0.0</filterGroup>
        <globalKey>Opty Discount Extract - CreateCustoma0Nf4000004AIsIEAWItem6</globalKey>
        <inputFieldName>Oppty:vlocity_cmt__OriginatingContractId__c</inputFieldName>
        <inputObjectQuerySequence>0.0</inputObjectQuerySequence>
        <linkedObjectSequence>0.0</linkedObjectSequence>
        <name>OpptyDiscountExtractCreate</name>
        <outputCreationSequence>1.0</outputCreationSequence>
        <outputFieldName>Oppty:originalContractId</outputFieldName>
        <outputObjectName>json</outputObjectName>
        <requiredForUpsert>false</requiredForUpsert>
        <upsertKey>false</upsertKey>
    </omniDataTransformItem>
    <omniDataTransformItem>
        <disabled>false</disabled>
        <filterGroup>0.0</filterGroup>
        <globalKey>Opty Discount Extract - CreateCustoma0Nf4000004AIsIEAWItem22</globalKey>
        <inputFieldName>Oppty:Discount:Name</inputFieldName>
        <inputObjectQuerySequence>0.0</inputObjectQuerySequence>
        <linkedObjectSequence>0.0</linkedObjectSequence>
        <name>OpptyDiscountExtractCreate</name>
        <outputCreationSequence>1.0</outputCreationSequence>
        <outputFieldName>Oppty:Discount:Name</outputFieldName>
        <outputObjectName>json</outputObjectName>
        <requiredForUpsert>false</requiredForUpsert>
        <upsertKey>false</upsertKey>
    </omniDataTransformItem>
    <omniDataTransformItem>
        <disabled>false</disabled>
        <filterGroup>0.0</filterGroup>
        <globalKey>Opty Discount Extract - CreateCustoma0Nf4000004AIsIEAWItem19</globalKey>
        <inputFieldName>Oppty:Discount:DiscountPricing:vlocity_cmt__TimePlanId__c</inputFieldName>
        <inputObjectQuerySequence>0.0</inputObjectQuerySequence>
        <linkedObjectSequence>0.0</linkedObjectSequence>
        <name>OpptyDiscountExtractCreate</name>
        <outputCreationSequence>1.0</outputCreationSequence>
        <outputFieldName>Oppty:Discount:DiscountPricing:TimePlanId</outputFieldName>
        <outputObjectName>json</outputObjectName>
        <requiredForUpsert>false</requiredForUpsert>
        <upsertKey>false</upsertKey>
    </omniDataTransformItem>
    <omniDataTransformItem>
        <disabled>false</disabled>
        <filterGroup>0.0</filterGroup>
        <globalKey>Opty Discount Extract - CreateCustoma0Nf4000004AIsIEAWItem7</globalKey>
        <inputFieldName>Oppty:Discount:vlocity_cmt__Description__c</inputFieldName>
        <inputObjectQuerySequence>0.0</inputObjectQuerySequence>
        <linkedObjectSequence>0.0</linkedObjectSequence>
        <name>OpptyDiscountExtractCreate</name>
        <outputCreationSequence>1.0</outputCreationSequence>
        <outputFieldName>Oppty:Discount:Description</outputFieldName>
        <outputObjectName>json</outputObjectName>
        <requiredForUpsert>false</requiredForUpsert>
        <upsertKey>false</upsertKey>
    </omniDataTransformItem>
    <omniDataTransformItem>
        <disabled>false</disabled>
        <filterGroup>0.0</filterGroup>
        <globalKey>Opty Discount Extract - CreateCustoma0Nf4000004AIsIEAWItem21</globalKey>
        <inputFieldName>Oppty:Discount:DiscountPricing:Name</inputFieldName>
        <inputObjectQuerySequence>0.0</inputObjectQuerySequence>
        <linkedObjectSequence>0.0</linkedObjectSequence>
        <name>OpptyDiscountExtractCreate</name>
        <outputCreationSequence>1.0</outputCreationSequence>
        <outputFieldName>Oppty:Discount:DiscountPricing:Name</outputFieldName>
        <outputObjectName>json</outputObjectName>
        <requiredForUpsert>false</requiredForUpsert>
        <upsertKey>false</upsertKey>
    </omniDataTransformItem>
    <omniDataTransformItem>
        <disabled>false</disabled>
        <filterGroup>0.0</filterGroup>
        <filterOperator>=</filterOperator>
        <filterValue>Id</filterValue>
        <globalKey>Opty Discount Extract - CreateCustom2138</globalKey>
        <inputFieldName>vlocity_cmt__OpportunityId__c</inputFieldName>
        <inputObjectName>vlocity_cmt__OpportunityDiscount__c</inputObjectName>
        <inputObjectQuerySequence>2.0</inputObjectQuerySequence>
        <linkedObjectSequence>0.0</linkedObjectSequence>
        <name>OpptyDiscountExtractCreate</name>
        <outputCreationSequence>0.0</outputCreationSequence>
        <outputFieldName>Oppty:Discount</outputFieldName>
        <outputObjectName>json</outputObjectName>
        <requiredForUpsert>false</requiredForUpsert>
        <upsertKey>false</upsertKey>
    </omniDataTransformItem>
    <omniDataTransformItem>
        <disabled>false</disabled>
        <filterGroup>0.0</filterGroup>
        <filterOperator>&lt;&gt;</filterOperator>
        <filterValue>&apos;Deactivate&apos;</filterValue>
        <globalKey>OpptyDiscountExtractCreateCustom1474</globalKey>
        <inputFieldName>vlocity_cmt__Action__c</inputFieldName>
        <inputObjectName>vlocity_cmt__OpportunityDiscount__c</inputObjectName>
        <inputObjectQuerySequence>2.0</inputObjectQuerySequence>
        <linkedObjectSequence>0.0</linkedObjectSequence>
        <name>OpptyDiscountExtractCreate</name>
        <outputCreationSequence>0.0</outputCreationSequence>
        <outputFieldName>Oppty:Discount</outputFieldName>
        <outputObjectName>json</outputObjectName>
        <requiredForUpsert>false</requiredForUpsert>
        <upsertKey>false</upsertKey>
    </omniDataTransformItem>
    <omniDataTransformItem>
        <disabled>false</disabled>
        <filterGroup>0.0</filterGroup>
        <filterOperator>=</filterOperator>
        <filterValue>Id</filterValue>
        <globalKey>Opty Discount Extract - CreateCustom5594</globalKey>
        <inputFieldName>Id</inputFieldName>
        <inputObjectName>Opportunity</inputObjectName>
        <inputObjectQuerySequence>1.0</inputObjectQuerySequence>
        <linkedObjectSequence>0.0</linkedObjectSequence>
        <name>OpptyDiscountExtractCreate</name>
        <outputCreationSequence>0.0</outputCreationSequence>
        <outputFieldName>Oppty</outputFieldName>
        <outputObjectName>json</outputObjectName>
        <requiredForUpsert>false</requiredForUpsert>
        <upsertKey>false</upsertKey>
    </omniDataTransformItem>
    <omniDataTransformItem>
        <disabled>false</disabled>
        <filterGroup>0.0</filterGroup>
        <filterOperator>=</filterOperator>
        <filterValue>&apos;Approved&apos;</filterValue>
        <globalKey>OpptyDiscountExtractCreateCustom253</globalKey>
        <inputFieldName>vlocity_cmt__ApprovalStatus__c</inputFieldName>
        <inputObjectName>vlocity_cmt__OpportunityDiscount__c</inputObjectName>
        <inputObjectQuerySequence>2.0</inputObjectQuerySequence>
        <linkedObjectSequence>0.0</linkedObjectSequence>
        <name>OpptyDiscountExtractCreate</name>
        <outputCreationSequence>0.0</outputCreationSequence>
        <outputFieldName>Oppty:Discount</outputFieldName>
        <outputObjectName>json</outputObjectName>
        <requiredForUpsert>false</requiredForUpsert>
        <upsertKey>false</upsertKey>
    </omniDataTransformItem>
    <omniDataTransformItem>
        <disabled>false</disabled>
        <filterGroup>0.0</filterGroup>
        <filterOperator>=</filterOperator>
        <filterValue>&apos;Contract&apos;</filterValue>
        <globalKey>OpptyDiscountExtractCreateCustom1496</globalKey>
        <inputFieldName>vlocity_cmt__DiscountType__c</inputFieldName>
        <inputObjectName>vlocity_cmt__OpportunityDiscount__c</inputObjectName>
        <inputObjectQuerySequence>5.0</inputObjectQuerySequence>
        <linkedObjectSequence>0.0</linkedObjectSequence>
        <name>OpptyDiscountExtractCreate</name>
        <outputCreationSequence>0.0</outputCreationSequence>
        <outputFieldName>Oppty:DeactivatedDiscounts</outputFieldName>
        <outputObjectName>json</outputObjectName>
        <requiredForUpsert>false</requiredForUpsert>
        <upsertKey>false</upsertKey>
    </omniDataTransformItem>
    <omniDataTransformItem>
        <disabled>false</disabled>
        <filterGroup>0.0</filterGroup>
        <globalKey>OpptyDiscountExtractCreateCustom2909</globalKey>
        <inputFieldName>Oppty:DeactivatedDiscounts:vlocity_cmt__EffectiveEndDate__c</inputFieldName>
        <inputObjectQuerySequence>0.0</inputObjectQuerySequence>
        <linkedObjectSequence>0.0</linkedObjectSequence>
        <name>OpptyDiscountExtractCreate</name>
        <outputCreationSequence>1.0</outputCreationSequence>
        <outputFieldName>Oppty:DeactivatedDiscounts:EffectiveEndDate</outputFieldName>
        <outputObjectName>json</outputObjectName>
        <requiredForUpsert>false</requiredForUpsert>
        <upsertKey>false</upsertKey>
    </omniDataTransformItem>
    <omniDataTransformItem>
        <disabled>false</disabled>
        <filterGroup>0.0</filterGroup>
        <filterOperator>=</filterOperator>
        <filterValue>&apos;Deactivate&apos;</filterValue>
        <globalKey>OpptyDiscountExtractCreateCustom630</globalKey>
        <inputFieldName>vlocity_cmt__Action__c</inputFieldName>
        <inputObjectName>vlocity_cmt__OpportunityDiscount__c</inputObjectName>
        <inputObjectQuerySequence>5.0</inputObjectQuerySequence>
        <linkedObjectSequence>0.0</linkedObjectSequence>
        <name>OpptyDiscountExtractCreate</name>
        <outputCreationSequence>0.0</outputCreationSequence>
        <outputFieldName>Oppty:DeactivatedDiscounts</outputFieldName>
        <outputObjectName>json</outputObjectName>
        <requiredForUpsert>false</requiredForUpsert>
        <upsertKey>false</upsertKey>
    </omniDataTransformItem>
    <omniDataTransformItem>
        <disabled>false</disabled>
        <filterGroup>0.0</filterGroup>
        <filterOperator>=</filterOperator>
        <filterValue>&apos;Approved&apos;</filterValue>
        <globalKey>OpptyDiscountExtractCreateCustom5339</globalKey>
        <inputFieldName>vlocity_cmt__ApprovalStatus__c</inputFieldName>
        <inputObjectName>vlocity_cmt__OpportunityDiscount__c</inputObjectName>
        <inputObjectQuerySequence>5.0</inputObjectQuerySequence>
        <linkedObjectSequence>0.0</linkedObjectSequence>
        <name>OpptyDiscountExtractCreate</name>
        <outputCreationSequence>0.0</outputCreationSequence>
        <outputFieldName>Oppty:DeactivatedDiscounts</outputFieldName>
        <outputObjectName>json</outputObjectName>
        <requiredForUpsert>false</requiredForUpsert>
        <upsertKey>false</upsertKey>
    </omniDataTransformItem>
    <outputType>JSON</outputType>
    <previewJsonData>{
  &quot;Id&quot; : &quot;006f400000DGGxc&quot;
}</previewJsonData>
    <processSuperBulk>false</processSuperBulk>
    <responseCacheTtlMinutes>0.0</responseCacheTtlMinutes>
    <rollbackOnError>false</rollbackOnError>
    <sourceObject>json</sourceObject>
    <sourceObjectDefault>false</sourceObjectDefault>
    <synchronousProcessThreshold>-1.0</synchronousProcessThreshold>
    <type>Extract</type>
    <uniqueName>OpptyDiscountExtractCreate_1</uniqueName>
    <versionNumber>1.0</versionNumber>
    <xmlDeclarationRemoved>false</xmlDeclarationRemoved>
</OmniDataTransform>
