<?xml version="1.0" encoding="UTF-8"?>
<OmniDataTransform xmlns="http://soap.sforce.com/2006/04/metadata">
    <active>false</active>
    <assignmentRulesUsed>false</assignmentRulesUsed>
    <deletedOnSuccess>false</deletedOnSuccess>
    <errorIgnored>false</errorIgnored>
    <fieldLevelSecurityEnabled>false</fieldLevelSecurityEnabled>
    <inputType>JSON</inputType>
    <name>OrderDiscountExtractCreate</name>
    <nullInputsIncludedInOutput>false</nullInputsIncludedInOutput>
    <omniDataTransformItem>
        <disabled>false</disabled>
        <filterGroup>0.0</filterGroup>
        <filterOperator>=</filterOperator>
        <filterValue>Id</filterValue>
        <globalKey>OrderDiscountExtractCreateCustom3539</globalKey>
        <inputFieldName>Id</inputFieldName>
        <inputObjectName>Order</inputObjectName>
        <inputObjectQuerySequence>1.0</inputObjectQuerySequence>
        <linkedObjectSequence>0.0</linkedObjectSequence>
        <name>OrderDiscountExtractCreate</name>
        <outputCreationSequence>0.0</outputCreationSequence>
        <outputFieldName>Order</outputFieldName>
        <outputObjectName>json</outputObjectName>
        <requiredForUpsert>false</requiredForUpsert>
        <upsertKey>false</upsertKey>
    </omniDataTransformItem>
    <omniDataTransformItem>
        <disabled>false</disabled>
        <filterGroup>0.0</filterGroup>
        <filterOperator>=</filterOperator>
        <filterValue>&apos;Approved&apos;</filterValue>
        <globalKey>OrderDiscountExtractCreateCustom3702</globalKey>
        <inputFieldName>vlocity_cmt__ApprovalStatus__c</inputFieldName>
        <inputObjectName>vlocity_cmt__OrderDiscount__c</inputObjectName>
        <inputObjectQuerySequence>2.0</inputObjectQuerySequence>
        <linkedObjectSequence>0.0</linkedObjectSequence>
        <name>OrderDiscountExtractCreate</name>
        <outputCreationSequence>0.0</outputCreationSequence>
        <outputFieldName>Order:Discount</outputFieldName>
        <outputObjectName>json</outputObjectName>
        <requiredForUpsert>false</requiredForUpsert>
        <upsertKey>false</upsertKey>
    </omniDataTransformItem>
    <omniDataTransformItem>
        <disabled>false</disabled>
        <filterGroup>0.0</filterGroup>
        <globalKey>OrderDiscountExtractCreateCustoma0Nf4000004AIhUEAWItem23</globalKey>
        <inputFieldName>Order:Name</inputFieldName>
        <inputObjectQuerySequence>0.0</inputObjectQuerySequence>
        <linkedObjectSequence>0.0</linkedObjectSequence>
        <name>OrderDiscountExtractCreate</name>
        <outputCreationSequence>1.0</outputCreationSequence>
        <outputFieldName>Order:Name</outputFieldName>
        <outputObjectName>json</outputObjectName>
        <requiredForUpsert>false</requiredForUpsert>
        <upsertKey>false</upsertKey>
    </omniDataTransformItem>
    <omniDataTransformItem>
        <disabled>false</disabled>
        <filterGroup>0.0</filterGroup>
        <globalKey>OrderDiscountExtractCreateCustoma0Nf4000004AIhUEAWItem5</globalKey>
        <inputFieldName>Order:AccountId</inputFieldName>
        <inputObjectQuerySequence>0.0</inputObjectQuerySequence>
        <linkedObjectSequence>0.0</linkedObjectSequence>
        <name>OrderDiscountExtractCreate</name>
        <outputCreationSequence>1.0</outputCreationSequence>
        <outputFieldName>Order:AccountId</outputFieldName>
        <outputObjectName>json</outputObjectName>
        <requiredForUpsert>false</requiredForUpsert>
        <upsertKey>false</upsertKey>
    </omniDataTransformItem>
    <omniDataTransformItem>
        <disabled>false</disabled>
        <filterGroup>0.0</filterGroup>
        <globalKey>OrderDiscountExtractCreateCustoma0Nf4000004AIhUEAWItem21</globalKey>
        <inputFieldName>Order:Discount:DiscountPricing:Name</inputFieldName>
        <inputObjectQuerySequence>0.0</inputObjectQuerySequence>
        <linkedObjectSequence>0.0</linkedObjectSequence>
        <name>OrderDiscountExtractCreate</name>
        <outputCreationSequence>1.0</outputCreationSequence>
        <outputFieldName>Order:Discount:DiscountPricing:Name</outputFieldName>
        <outputObjectName>json</outputObjectName>
        <requiredForUpsert>false</requiredForUpsert>
        <upsertKey>false</upsertKey>
    </omniDataTransformItem>
    <omniDataTransformItem>
        <disabled>false</disabled>
        <filterGroup>0.0</filterGroup>
        <globalKey>OrderDiscountExtractCreateCustoma0Nf4000004AIhUEAWItem22</globalKey>
        <inputFieldName>Order:Discount:Name</inputFieldName>
        <inputObjectQuerySequence>0.0</inputObjectQuerySequence>
        <linkedObjectSequence>0.0</linkedObjectSequence>
        <name>OrderDiscountExtractCreate</name>
        <outputCreationSequence>1.0</outputCreationSequence>
        <outputFieldName>Order:Discount:Name</outputFieldName>
        <outputObjectName>json</outputObjectName>
        <requiredForUpsert>false</requiredForUpsert>
        <upsertKey>false</upsertKey>
    </omniDataTransformItem>
    <omniDataTransformItem>
        <disabled>false</disabled>
        <filterGroup>0.0</filterGroup>
        <globalKey>OrderDiscountExtractCreateCustoma0Nf4000004AIhUEAWItem6</globalKey>
        <inputFieldName>Order:vlocity_cmt__OriginatingContractId__c</inputFieldName>
        <inputObjectQuerySequence>0.0</inputObjectQuerySequence>
        <linkedObjectSequence>0.0</linkedObjectSequence>
        <name>OrderDiscountExtractCreate</name>
        <outputCreationSequence>1.0</outputCreationSequence>
        <outputFieldName>Order:originalContractId</outputFieldName>
        <outputObjectName>json</outputObjectName>
        <requiredForUpsert>false</requiredForUpsert>
        <upsertKey>false</upsertKey>
    </omniDataTransformItem>
    <omniDataTransformItem>
        <disabled>false</disabled>
        <filterGroup>0.0</filterGroup>
        <globalKey>OrderDiscountExtractCreateCustoma0Nf4000004AIhUEAWItem20</globalKey>
        <inputFieldName>Order:Discount:DiscountPricing:vlocity_cmt__TimePolicyId__c</inputFieldName>
        <inputObjectQuerySequence>0.0</inputObjectQuerySequence>
        <linkedObjectSequence>0.0</linkedObjectSequence>
        <name>OrderDiscountExtractCreate</name>
        <outputCreationSequence>1.0</outputCreationSequence>
        <outputFieldName>Order:Discount:DiscountPricing:TimePolicyId</outputFieldName>
        <outputObjectName>json</outputObjectName>
        <requiredForUpsert>false</requiredForUpsert>
        <upsertKey>false</upsertKey>
    </omniDataTransformItem>
    <omniDataTransformItem>
        <disabled>false</disabled>
        <filterGroup>0.0</filterGroup>
        <globalKey>OrderDiscountExtractCreateCustoma0Nf4000004AIhUEAWItem13</globalKey>
        <inputFieldName>Order:Discount:DiscountItem:vlocity_cmt__Description__c</inputFieldName>
        <inputObjectQuerySequence>0.0</inputObjectQuerySequence>
        <linkedObjectSequence>0.0</linkedObjectSequence>
        <name>OrderDiscountExtractCreate</name>
        <outputCreationSequence>1.0</outputCreationSequence>
        <outputFieldName>Order:Discount:DiscountItem:Description</outputFieldName>
        <outputObjectName>json</outputObjectName>
        <requiredForUpsert>false</requiredForUpsert>
        <upsertKey>false</upsertKey>
    </omniDataTransformItem>
    <omniDataTransformItem>
        <disabled>false</disabled>
        <filterGroup>0.0</filterGroup>
        <filterOperator>=</filterOperator>
        <filterValue>Order:Discount:Id</filterValue>
        <globalKey>OrderDiscountExtractCreateCustom1564</globalKey>
        <inputFieldName>vlocity_cmt__OrderDiscountId__c</inputFieldName>
        <inputObjectName>vlocity_cmt__OrderDiscountPricing__c</inputObjectName>
        <inputObjectQuerySequence>4.0</inputObjectQuerySequence>
        <linkedObjectSequence>0.0</linkedObjectSequence>
        <name>OrderDiscountExtractCreate</name>
        <outputCreationSequence>0.0</outputCreationSequence>
        <outputFieldName>Order:Discount:DiscountPricing</outputFieldName>
        <outputObjectName>json</outputObjectName>
        <requiredForUpsert>false</requiredForUpsert>
        <upsertKey>false</upsertKey>
    </omniDataTransformItem>
    <omniDataTransformItem>
        <disabled>false</disabled>
        <filterGroup>0.0</filterGroup>
        <globalKey>OrderDiscountExtractCreateCustoma0Nf4000004AIhUEAWItem12</globalKey>
        <inputFieldName>Order:Discount:DiscountItem:vlocity_cmt__CatalogCategoryId__c</inputFieldName>
        <inputObjectQuerySequence>0.0</inputObjectQuerySequence>
        <linkedObjectSequence>0.0</linkedObjectSequence>
        <name>OrderDiscountExtractCreate</name>
        <outputCreationSequence>1.0</outputCreationSequence>
        <outputFieldName>Order:Discount:DiscountItem:CatalogCategoryId</outputFieldName>
        <outputObjectName>json</outputObjectName>
        <requiredForUpsert>false</requiredForUpsert>
        <upsertKey>false</upsertKey>
    </omniDataTransformItem>
    <omniDataTransformItem>
        <disabled>false</disabled>
        <filterGroup>0.0</filterGroup>
        <filterOperator>=</filterOperator>
        <filterValue>&apos;Contract&apos;</filterValue>
        <globalKey>OrderDiscountExtractCreateCustom5885</globalKey>
        <inputFieldName>vlocity_cmt__DiscountType__c</inputFieldName>
        <inputObjectName>vlocity_cmt__OrderDiscount__c</inputObjectName>
        <inputObjectQuerySequence>2.0</inputObjectQuerySequence>
        <linkedObjectSequence>0.0</linkedObjectSequence>
        <name>OrderDiscountExtractCreate</name>
        <outputCreationSequence>0.0</outputCreationSequence>
        <outputFieldName>Order:Discount</outputFieldName>
        <outputObjectName>json</outputObjectName>
        <requiredForUpsert>false</requiredForUpsert>
        <upsertKey>false</upsertKey>
    </omniDataTransformItem>
    <omniDataTransformItem>
        <disabled>false</disabled>
        <filterGroup>0.0</filterGroup>
        <filterOperator>=</filterOperator>
        <filterValue>Order:Discount:Id</filterValue>
        <globalKey>OrderDiscountExtractCreateCustom6972</globalKey>
        <inputFieldName>vlocity_cmt__OrderDiscountId__c</inputFieldName>
        <inputObjectName>vlocity_cmt__OrderDiscountItem__c</inputObjectName>
        <inputObjectQuerySequence>3.0</inputObjectQuerySequence>
        <linkedObjectSequence>0.0</linkedObjectSequence>
        <name>OrderDiscountExtractCreate</name>
        <outputCreationSequence>0.0</outputCreationSequence>
        <outputFieldName>Order:Discount:DiscountItem</outputFieldName>
        <outputObjectName>json</outputObjectName>
        <requiredForUpsert>false</requiredForUpsert>
        <upsertKey>false</upsertKey>
    </omniDataTransformItem>
    <omniDataTransformItem>
        <disabled>false</disabled>
        <filterGroup>0.0</filterGroup>
        <filterOperator>=</filterOperator>
        <filterValue>Id</filterValue>
        <globalKey>OrderDiscountExtractCreateCustom1321</globalKey>
        <inputFieldName>vlocity_cmt__OrderId__c</inputFieldName>
        <inputObjectName>vlocity_cmt__OrderDiscount__c</inputObjectName>
        <inputObjectQuerySequence>2.0</inputObjectQuerySequence>
        <linkedObjectSequence>0.0</linkedObjectSequence>
        <name>OrderDiscountExtractCreate</name>
        <outputCreationSequence>0.0</outputCreationSequence>
        <outputFieldName>Order:Discount</outputFieldName>
        <outputObjectName>json</outputObjectName>
        <requiredForUpsert>false</requiredForUpsert>
        <upsertKey>false</upsertKey>
    </omniDataTransformItem>
    <omniDataTransformItem>
        <disabled>false</disabled>
        <filterGroup>0.0</filterGroup>
        <filterOperator>&lt;&gt;</filterOperator>
        <filterValue>&apos;Deactivate&apos;</filterValue>
        <globalKey>OrderDiscountExtractCreateCustom5966</globalKey>
        <inputFieldName>vlocity_cmt__Action__c</inputFieldName>
        <inputObjectName>vlocity_cmt__OrderDiscount__c</inputObjectName>
        <inputObjectQuerySequence>2.0</inputObjectQuerySequence>
        <linkedObjectSequence>0.0</linkedObjectSequence>
        <name>OrderDiscountExtractCreate</name>
        <outputCreationSequence>0.0</outputCreationSequence>
        <outputFieldName>Order:Discount</outputFieldName>
        <outputObjectName>json</outputObjectName>
        <requiredForUpsert>false</requiredForUpsert>
        <upsertKey>false</upsertKey>
    </omniDataTransformItem>
    <omniDataTransformItem>
        <disabled>false</disabled>
        <filterGroup>0.0</filterGroup>
        <globalKey>OrderDiscountExtractCreateCustoma0Nf4000004AIhUEAWItem11</globalKey>
        <inputFieldName>Order:Discount:vlocity_cmt__ReferenceNumber__c</inputFieldName>
        <inputObjectQuerySequence>0.0</inputObjectQuerySequence>
        <linkedObjectSequence>0.0</linkedObjectSequence>
        <name>OrderDiscountExtractCreate</name>
        <outputCreationSequence>1.0</outputCreationSequence>
        <outputFieldName>Order:Discount:ReferenceNumber</outputFieldName>
        <outputObjectName>json</outputObjectName>
        <requiredForUpsert>false</requiredForUpsert>
        <upsertKey>false</upsertKey>
    </omniDataTransformItem>
    <omniDataTransformItem>
        <disabled>false</disabled>
        <filterGroup>0.0</filterGroup>
        <globalKey>OrderDiscountExtractCreateCustoma0Nf4000004AIhUEAWItem7</globalKey>
        <inputFieldName>Order:Discount:vlocity_cmt__Description__c</inputFieldName>
        <inputObjectQuerySequence>0.0</inputObjectQuerySequence>
        <linkedObjectSequence>0.0</linkedObjectSequence>
        <name>OrderDiscountExtractCreate</name>
        <outputCreationSequence>1.0</outputCreationSequence>
        <outputFieldName>Order:Discount:Description</outputFieldName>
        <outputObjectName>json</outputObjectName>
        <requiredForUpsert>false</requiredForUpsert>
        <upsertKey>false</upsertKey>
    </omniDataTransformItem>
    <omniDataTransformItem>
        <disabled>false</disabled>
        <filterGroup>0.0</filterGroup>
        <globalKey>OrderDiscountExtractCreateCustoma0Nf4000004AIhUEAWItem10</globalKey>
        <inputFieldName>Order:Discount:vlocity_cmt__EffectiveStartDate__c</inputFieldName>
        <inputObjectQuerySequence>0.0</inputObjectQuerySequence>
        <linkedObjectSequence>0.0</linkedObjectSequence>
        <name>OrderDiscountExtractCreate</name>
        <outputCreationSequence>1.0</outputCreationSequence>
        <outputFieldName>Order:Discount:EffectiveStartDate</outputFieldName>
        <outputObjectName>json</outputObjectName>
        <requiredForUpsert>false</requiredForUpsert>
        <upsertKey>false</upsertKey>
    </omniDataTransformItem>
    <omniDataTransformItem>
        <disabled>false</disabled>
        <filterGroup>0.0</filterGroup>
        <globalKey>OrderDiscountExtractCreateCustoma0Nf4000004AIhUEAWItem17</globalKey>
        <inputFieldName>Order:Discount:DiscountPricing:vlocity_cmt__Amount__c</inputFieldName>
        <inputObjectQuerySequence>0.0</inputObjectQuerySequence>
        <linkedObjectSequence>0.0</linkedObjectSequence>
        <name>OrderDiscountExtractCreate</name>
        <outputCreationSequence>1.0</outputCreationSequence>
        <outputFieldName>Order:Discount:DiscountPricing:Amount</outputFieldName>
        <outputObjectName>json</outputObjectName>
        <requiredForUpsert>false</requiredForUpsert>
        <upsertKey>false</upsertKey>
    </omniDataTransformItem>
    <omniDataTransformItem>
        <disabled>false</disabled>
        <filterGroup>0.0</filterGroup>
        <globalKey>OrderDiscountExtractCreateCustoma0Nf4000004AIhUEAWItem18</globalKey>
        <inputFieldName>Order:Discount:DiscountPricing:vlocity_cmt__PricingVariableId__c</inputFieldName>
        <inputObjectQuerySequence>0.0</inputObjectQuerySequence>
        <linkedObjectSequence>0.0</linkedObjectSequence>
        <name>OrderDiscountExtractCreate</name>
        <outputCreationSequence>1.0</outputCreationSequence>
        <outputFieldName>Order:Discount:DiscountPricing:PricingVariableId</outputFieldName>
        <outputObjectName>json</outputObjectName>
        <requiredForUpsert>false</requiredForUpsert>
        <upsertKey>false</upsertKey>
    </omniDataTransformItem>
    <omniDataTransformItem>
        <disabled>false</disabled>
        <filterGroup>0.0</filterGroup>
        <globalKey>OrderDiscountExtractCreateCustoma0Nf4000004AIhUEAWItem15</globalKey>
        <inputFieldName>Order:Discount:DiscountItem:Name</inputFieldName>
        <inputObjectQuerySequence>0.0</inputObjectQuerySequence>
        <linkedObjectSequence>0.0</linkedObjectSequence>
        <name>OrderDiscountExtractCreate</name>
        <outputCreationSequence>1.0</outputCreationSequence>
        <outputFieldName>Order:Discount:DiscountItem:Name</outputFieldName>
        <outputObjectName>json</outputObjectName>
        <requiredForUpsert>false</requiredForUpsert>
        <upsertKey>false</upsertKey>
    </omniDataTransformItem>
    <omniDataTransformItem>
        <disabled>false</disabled>
        <filterGroup>0.0</filterGroup>
        <globalKey>OrderDiscountExtractCreateCustoma0Nf4000004AIhUEAWItem16</globalKey>
        <inputFieldName>Order:Discount:DiscountPricing:vlocity_cmt__AdjustmentValue__c</inputFieldName>
        <inputObjectQuerySequence>0.0</inputObjectQuerySequence>
        <linkedObjectSequence>0.0</linkedObjectSequence>
        <name>OrderDiscountExtractCreate</name>
        <outputCreationSequence>1.0</outputCreationSequence>
        <outputFieldName>Order:Discount:DiscountPricing:AdjustmentValue</outputFieldName>
        <outputObjectName>json</outputObjectName>
        <requiredForUpsert>false</requiredForUpsert>
        <upsertKey>false</upsertKey>
    </omniDataTransformItem>
    <omniDataTransformItem>
        <disabled>false</disabled>
        <filterGroup>0.0</filterGroup>
        <globalKey>OrderDiscountExtractCreateCustoma0Nf4000004AIhUEAWItem19</globalKey>
        <inputFieldName>Order:Discount:DiscountPricing:vlocity_cmt__TimePlanId__c</inputFieldName>
        <inputObjectQuerySequence>0.0</inputObjectQuerySequence>
        <linkedObjectSequence>0.0</linkedObjectSequence>
        <name>OrderDiscountExtractCreate</name>
        <outputCreationSequence>1.0</outputCreationSequence>
        <outputFieldName>Order:Discount:DiscountPricing:TimePlanId</outputFieldName>
        <outputObjectName>json</outputObjectName>
        <requiredForUpsert>false</requiredForUpsert>
        <upsertKey>false</upsertKey>
    </omniDataTransformItem>
    <omniDataTransformItem>
        <disabled>false</disabled>
        <filterGroup>0.0</filterGroup>
        <globalKey>OrderDiscountExtractCreateCustoma0Nf4000004AIhUEAWItem14</globalKey>
        <inputFieldName>Order:Discount:DiscountItem:vlocity_cmt__ProductId__c</inputFieldName>
        <inputObjectQuerySequence>0.0</inputObjectQuerySequence>
        <linkedObjectSequence>0.0</linkedObjectSequence>
        <name>OrderDiscountExtractCreate</name>
        <outputCreationSequence>1.0</outputCreationSequence>
        <outputFieldName>Order:Discount:DiscountItem:ProductId</outputFieldName>
        <outputObjectName>json</outputObjectName>
        <requiredForUpsert>false</requiredForUpsert>
        <upsertKey>false</upsertKey>
    </omniDataTransformItem>
    <omniDataTransformItem>
        <disabled>false</disabled>
        <filterGroup>0.0</filterGroup>
        <globalKey>OrderDiscountExtractCreateCustoma0Nf4000004AIhUEAWItem8</globalKey>
        <inputFieldName>Order:Discount:vlocity_cmt__DiscountTemplateId__c</inputFieldName>
        <inputObjectQuerySequence>0.0</inputObjectQuerySequence>
        <linkedObjectSequence>0.0</linkedObjectSequence>
        <name>OrderDiscountExtractCreate</name>
        <outputCreationSequence>1.0</outputCreationSequence>
        <outputFieldName>Order:Discount:TemplateId</outputFieldName>
        <outputObjectName>json</outputObjectName>
        <requiredForUpsert>false</requiredForUpsert>
        <upsertKey>false</upsertKey>
    </omniDataTransformItem>
    <omniDataTransformItem>
        <disabled>false</disabled>
        <filterGroup>0.0</filterGroup>
        <globalKey>OrderDiscountExtractCreateCustoma0Nf4000004AIhUEAWItem9</globalKey>
        <inputFieldName>Order:Discount:vlocity_cmt__EffectiveEndDate__c</inputFieldName>
        <inputObjectQuerySequence>0.0</inputObjectQuerySequence>
        <linkedObjectSequence>0.0</linkedObjectSequence>
        <name>OrderDiscountExtractCreate</name>
        <outputCreationSequence>1.0</outputCreationSequence>
        <outputFieldName>Order:Discount:EffectiveEndDate</outputFieldName>
        <outputObjectName>json</outputObjectName>
        <requiredForUpsert>false</requiredForUpsert>
        <upsertKey>false</upsertKey>
    </omniDataTransformItem>
    <omniDataTransformItem>
        <disabled>false</disabled>
        <filterGroup>0.0</filterGroup>
        <filterOperator>=</filterOperator>
        <filterValue>&apos;&apos;</filterValue>
        <globalKey>OrderDiscountExtractCreateCustom5322</globalKey>
        <inputFieldName>vlocity_cmt__EffectiveEndDate__c</inputFieldName>
        <inputObjectName>vlocity_cmt__OrderDiscount__c</inputObjectName>
        <inputObjectQuerySequence>5.0</inputObjectQuerySequence>
        <linkedObjectSequence>0.0</linkedObjectSequence>
        <name>OrderDiscountExtractCreate</name>
        <outputCreationSequence>0.0</outputCreationSequence>
        <outputFieldName>Order:DeactivatedDiscounts</outputFieldName>
        <outputObjectName>json</outputObjectName>
        <requiredForUpsert>false</requiredForUpsert>
        <upsertKey>false</upsertKey>
    </omniDataTransformItem>
    <omniDataTransformItem>
        <disabled>false</disabled>
        <filterGroup>0.0</filterGroup>
        <filterOperator>=</filterOperator>
        <filterValue>&apos;Deactivate&apos;</filterValue>
        <globalKey>OrderDiscountExtractCreateCustom212</globalKey>
        <inputFieldName>vlocity_cmt__Action__c</inputFieldName>
        <inputObjectName>vlocity_cmt__OrderDiscount__c</inputObjectName>
        <inputObjectQuerySequence>5.0</inputObjectQuerySequence>
        <linkedObjectSequence>0.0</linkedObjectSequence>
        <name>OrderDiscountExtractCreate</name>
        <outputCreationSequence>0.0</outputCreationSequence>
        <outputFieldName>Order:DeactivatedDiscounts</outputFieldName>
        <outputObjectName>json</outputObjectName>
        <requiredForUpsert>false</requiredForUpsert>
        <upsertKey>false</upsertKey>
    </omniDataTransformItem>
    <omniDataTransformItem>
        <disabled>false</disabled>
        <filterGroup>0.0</filterGroup>
        <filterOperator>=</filterOperator>
        <filterValue>Id</filterValue>
        <globalKey>OrderDiscountExtractCreateCustom1007</globalKey>
        <inputFieldName>vlocity_cmt__OrderId__c</inputFieldName>
        <inputObjectName>vlocity_cmt__OrderDiscount__c</inputObjectName>
        <inputObjectQuerySequence>5.0</inputObjectQuerySequence>
        <linkedObjectSequence>0.0</linkedObjectSequence>
        <name>OrderDiscountExtractCreate</name>
        <outputCreationSequence>0.0</outputCreationSequence>
        <outputFieldName>Order:DeactivatedDiscounts</outputFieldName>
        <outputObjectName>json</outputObjectName>
        <requiredForUpsert>false</requiredForUpsert>
        <upsertKey>false</upsertKey>
    </omniDataTransformItem>
    <omniDataTransformItem>
        <disabled>false</disabled>
        <filterGroup>0.0</filterGroup>
        <filterOperator>=</filterOperator>
        <filterValue>&apos;Contract&apos;</filterValue>
        <globalKey>OrderDiscountExtractCreateCustom3179</globalKey>
        <inputFieldName>vlocity_cmt__DiscountType__c</inputFieldName>
        <inputObjectName>vlocity_cmt__OrderDiscount__c</inputObjectName>
        <inputObjectQuerySequence>5.0</inputObjectQuerySequence>
        <linkedObjectSequence>0.0</linkedObjectSequence>
        <name>OrderDiscountExtractCreate</name>
        <outputCreationSequence>0.0</outputCreationSequence>
        <outputFieldName>Order:DeactivatedDiscounts</outputFieldName>
        <outputObjectName>json</outputObjectName>
        <requiredForUpsert>false</requiredForUpsert>
        <upsertKey>false</upsertKey>
    </omniDataTransformItem>
    <omniDataTransformItem>
        <disabled>false</disabled>
        <filterGroup>0.0</filterGroup>
        <filterOperator>=</filterOperator>
        <filterValue>&apos;Approved&apos;</filterValue>
        <globalKey>OrderDiscountExtractCreateCustom3330</globalKey>
        <inputFieldName>vlocity_cmt__ApprovalStatus__c</inputFieldName>
        <inputObjectName>vlocity_cmt__OrderDiscount__c</inputObjectName>
        <inputObjectQuerySequence>5.0</inputObjectQuerySequence>
        <linkedObjectSequence>0.0</linkedObjectSequence>
        <name>OrderDiscountExtractCreate</name>
        <outputCreationSequence>0.0</outputCreationSequence>
        <outputFieldName>Order:DeactivatedDiscounts</outputFieldName>
        <outputObjectName>json</outputObjectName>
        <requiredForUpsert>false</requiredForUpsert>
        <upsertKey>false</upsertKey>
    </omniDataTransformItem>
    <omniDataTransformItem>
        <disabled>false</disabled>
        <filterGroup>0.0</filterGroup>
        <globalKey>OrderDiscountExtractCreateCustom9180</globalKey>
        <inputObjectQuerySequence>0.0</inputObjectQuerySequence>
        <linkedObjectSequence>0.0</linkedObjectSequence>
        <name>OrderDiscountExtractCreate</name>
        <outputCreationSequence>1.0</outputCreationSequence>
        <outputFieldName>Order:Discount:</outputFieldName>
        <outputObjectName>json</outputObjectName>
        <requiredForUpsert>false</requiredForUpsert>
        <upsertKey>false</upsertKey>
    </omniDataTransformItem>
    <omniDataTransformItem>
        <disabled>false</disabled>
        <filterGroup>0.0</filterGroup>
        <globalKey>OrderDiscountExtractCreateCustom173</globalKey>
        <inputFieldName>Order:Discount:vlocity_cmt__AppliesToAllItems__c</inputFieldName>
        <inputObjectQuerySequence>0.0</inputObjectQuerySequence>
        <linkedObjectSequence>0.0</linkedObjectSequence>
        <name>OrderDiscountExtractCreate</name>
        <outputCreationSequence>1.0</outputCreationSequence>
        <outputFieldName>Order:Discount:AppliesToAllItems</outputFieldName>
        <outputObjectName>json</outputObjectName>
        <requiredForUpsert>false</requiredForUpsert>
        <upsertKey>false</upsertKey>
    </omniDataTransformItem>
    <omniDataTransformItem>
        <disabled>false</disabled>
        <filterGroup>0.0</filterGroup>
        <globalKey>OrderDiscountExtractCreateCustom5375</globalKey>
        <inputFieldName>Order:DeactivatedDiscounts:vlocity_cmt__EffectiveEndDate__c</inputFieldName>
        <inputObjectQuerySequence>0.0</inputObjectQuerySequence>
        <linkedObjectSequence>0.0</linkedObjectSequence>
        <name>OrderDiscountExtractCreate</name>
        <outputCreationSequence>1.0</outputCreationSequence>
        <outputFieldName>Order:DeactivatedDiscounts:EffectiveEndDate</outputFieldName>
        <outputObjectName>json</outputObjectName>
        <requiredForUpsert>false</requiredForUpsert>
        <upsertKey>false</upsertKey>
    </omniDataTransformItem>
    <omniDataTransformItem>
        <disabled>false</disabled>
        <filterGroup>0.0</filterGroup>
        <globalKey>OrderDiscountExtractCreateCustom9561</globalKey>
        <inputFieldName>Order:DeactivatedDiscounts:Id</inputFieldName>
        <inputObjectQuerySequence>0.0</inputObjectQuerySequence>
        <linkedObjectSequence>0.0</linkedObjectSequence>
        <name>OrderDiscountExtractCreate</name>
        <outputCreationSequence>1.0</outputCreationSequence>
        <outputFieldName>Order:DeactivatedDiscounts:Id</outputFieldName>
        <outputObjectName>json</outputObjectName>
        <requiredForUpsert>false</requiredForUpsert>
        <upsertKey>false</upsertKey>
    </omniDataTransformItem>
    <outputType>JSON</outputType>
    <previewJsonData>{
  &quot;Id&quot; : &quot;801f4000001V6RU&quot;
}</previewJsonData>
    <processSuperBulk>false</processSuperBulk>
    <responseCacheTtlMinutes>0.0</responseCacheTtlMinutes>
    <rollbackOnError>false</rollbackOnError>
    <sourceObject>json</sourceObject>
    <sourceObjectDefault>false</sourceObjectDefault>
    <synchronousProcessThreshold>-1.0</synchronousProcessThreshold>
    <type>Extract</type>
    <uniqueName>OrderDiscountExtractCreate_1</uniqueName>
    <versionNumber>1.0</versionNumber>
    <xmlDeclarationRemoved>false</xmlDeclarationRemoved>
</OmniDataTransform>
