<?xml version="1.0" encoding="UTF-8"?>
<OmniDataTransform xmlns="http://soap.sforce.com/2006/04/metadata">
    <active>false</active>
    <assignmentRulesUsed>false</assignmentRulesUsed>
    <deletedOnSuccess>false</deletedOnSuccess>
    <errorIgnored>false</errorIgnored>
    <fieldLevelSecurityEnabled>false</fieldLevelSecurityEnabled>
    <inputType>JSON</inputType>
    <name>OrderDiscountExtractUpdate</name>
    <nullInputsIncludedInOutput>false</nullInputsIncludedInOutput>
    <omniDataTransformItem>
        <disabled>false</disabled>
        <filterGroup>0.0</filterGroup>
        <globalKey>OrderDiscountExtractUpdateCustoma0Nf4000004AIjuEAGItem12</globalKey>
        <inputFieldName>Order:vlocity_cmt__OriginatingContractId__c</inputFieldName>
        <inputObjectQuerySequence>0.0</inputObjectQuerySequence>
        <linkedObjectSequence>0.0</linkedObjectSequence>
        <name>OrderDiscountExtractUpdate</name>
        <outputCreationSequence>1.0</outputCreationSequence>
        <outputFieldName>Order:originalFrameContractId</outputFieldName>
        <outputObjectName>json</outputObjectName>
        <requiredForUpsert>false</requiredForUpsert>
        <upsertKey>false</upsertKey>
    </omniDataTransformItem>
    <omniDataTransformItem>
        <disabled>false</disabled>
        <filterGroup>0.0</filterGroup>
        <filterOperator>=</filterOperator>
        <filterValue>Order:FrameContract:Version:Discount:Id</filterValue>
        <globalKey>OrderDiscountExtractUpdateCustoma0Nf4000004AIjuEAGItem1</globalKey>
        <inputFieldName>vlocity_cmt__OrderDiscountId__c</inputFieldName>
        <inputObjectName>vlocity_cmt__OrderDiscountItem__c</inputObjectName>
        <inputObjectQuerySequence>5.0</inputObjectQuerySequence>
        <linkedObjectSequence>0.0</linkedObjectSequence>
        <name>OrderDiscountExtractUpdate</name>
        <outputCreationSequence>0.0</outputCreationSequence>
        <outputFieldName>Order:FrameContract:Version:Discount:DiscountItem</outputFieldName>
        <outputObjectName>json</outputObjectName>
        <requiredForUpsert>false</requiredForUpsert>
        <upsertKey>false</upsertKey>
    </omniDataTransformItem>
    <omniDataTransformItem>
        <disabled>false</disabled>
        <filterGroup>0.0</filterGroup>
        <filterOperator>=</filterOperator>
        <filterValue>Order:FrameContract:Version:Discount:Id</filterValue>
        <globalKey>OrderDiscountExtractUpdateCustoma0Nf4000004AIjuEAGItem2</globalKey>
        <inputFieldName>vlocity_cmt__OrderDiscountId__c</inputFieldName>
        <inputObjectName>vlocity_cmt__OrderDiscountPricing__c</inputObjectName>
        <inputObjectQuerySequence>6.0</inputObjectQuerySequence>
        <linkedObjectSequence>0.0</linkedObjectSequence>
        <name>OrderDiscountExtractUpdate</name>
        <outputCreationSequence>0.0</outputCreationSequence>
        <outputFieldName>Order:FrameContract:Version:Discount:DiscountPricing</outputFieldName>
        <outputObjectName>json</outputObjectName>
        <requiredForUpsert>false</requiredForUpsert>
        <upsertKey>false</upsertKey>
    </omniDataTransformItem>
    <omniDataTransformItem>
        <disabled>false</disabled>
        <filterGroup>0.0</filterGroup>
        <filterOperator>&lt;&gt;</filterOperator>
        <filterValue>&apos;Deactivate&apos;</filterValue>
        <globalKey>OrderDiscountExtractUpdateCustom789</globalKey>
        <inputFieldName>vlocity_cmt__Action__c</inputFieldName>
        <inputObjectName>vlocity_cmt__OrderDiscount__c</inputObjectName>
        <inputObjectQuerySequence>4.0</inputObjectQuerySequence>
        <linkedObjectSequence>0.0</linkedObjectSequence>
        <name>OrderDiscountExtractUpdate</name>
        <outputCreationSequence>0.0</outputCreationSequence>
        <outputFieldName>Order:FrameContract:Version:Discount</outputFieldName>
        <outputObjectName>json</outputObjectName>
        <requiredForUpsert>false</requiredForUpsert>
        <upsertKey>false</upsertKey>
    </omniDataTransformItem>
    <omniDataTransformItem>
        <disabled>false</disabled>
        <filterGroup>0.0</filterGroup>
        <filterOperator>=</filterOperator>
        <filterValue>&apos;Contract&apos;</filterValue>
        <globalKey>OrderDiscountExtractUpdateCustom4372</globalKey>
        <inputFieldName>vlocity_cmt__DiscountType__c</inputFieldName>
        <inputObjectName>vlocity_cmt__OrderDiscount__c</inputObjectName>
        <inputObjectQuerySequence>4.0</inputObjectQuerySequence>
        <linkedObjectSequence>0.0</linkedObjectSequence>
        <name>OrderDiscountExtractUpdate</name>
        <outputCreationSequence>0.0</outputCreationSequence>
        <outputFieldName>Order:FrameContract:Version:Discount</outputFieldName>
        <outputObjectName>json</outputObjectName>
        <requiredForUpsert>false</requiredForUpsert>
        <upsertKey>false</upsertKey>
    </omniDataTransformItem>
    <omniDataTransformItem>
        <disabled>false</disabled>
        <filterGroup>0.0</filterGroup>
        <filterOperator>=</filterOperator>
        <filterValue>&apos;Approved&apos;</filterValue>
        <globalKey>OrderDiscountExtractUpdateCustom3942</globalKey>
        <inputFieldName>vlocity_cmt__ApprovalStatus__c</inputFieldName>
        <inputObjectName>vlocity_cmt__OrderDiscount__c</inputObjectName>
        <inputObjectQuerySequence>4.0</inputObjectQuerySequence>
        <linkedObjectSequence>0.0</linkedObjectSequence>
        <name>OrderDiscountExtractUpdate</name>
        <outputCreationSequence>0.0</outputCreationSequence>
        <outputFieldName>Order:FrameContract:Version:Discount</outputFieldName>
        <outputObjectName>json</outputObjectName>
        <requiredForUpsert>false</requiredForUpsert>
        <upsertKey>false</upsertKey>
    </omniDataTransformItem>
    <omniDataTransformItem>
        <disabled>false</disabled>
        <filterGroup>0.0</filterGroup>
        <filterOperator>=</filterOperator>
        <filterValue>Id</filterValue>
        <globalKey>OrderDiscountExtractUpdateCustom7693</globalKey>
        <inputFieldName>vlocity_cmt__OrderId__c</inputFieldName>
        <inputObjectName>vlocity_cmt__OrderDiscount__c</inputObjectName>
        <inputObjectQuerySequence>4.0</inputObjectQuerySequence>
        <linkedObjectSequence>0.0</linkedObjectSequence>
        <name>OrderDiscountExtractUpdate</name>
        <outputCreationSequence>0.0</outputCreationSequence>
        <outputFieldName>Order:FrameContract:Version:Discount</outputFieldName>
        <outputObjectName>json</outputObjectName>
        <requiredForUpsert>false</requiredForUpsert>
        <upsertKey>false</upsertKey>
    </omniDataTransformItem>
    <omniDataTransformItem>
        <disabled>false</disabled>
        <filterGroup>0.0</filterGroup>
        <filterOperator>=</filterOperator>
        <filterValue>Id</filterValue>
        <globalKey>OrderDiscountExtractUpdateCustoma0Nf4000004AIjuEAGItem6</globalKey>
        <inputFieldName>vlocity_cmt__OrderId__c</inputFieldName>
        <inputObjectName>Contract</inputObjectName>
        <inputObjectQuerySequence>2.0</inputObjectQuerySequence>
        <linkedObjectSequence>0.0</linkedObjectSequence>
        <name>OrderDiscountExtractUpdate</name>
        <outputCreationSequence>0.0</outputCreationSequence>
        <outputFieldName>Order:FrameContract</outputFieldName>
        <outputObjectName>json</outputObjectName>
        <requiredForUpsert>false</requiredForUpsert>
        <upsertKey>false</upsertKey>
    </omniDataTransformItem>
    <omniDataTransformItem>
        <disabled>false</disabled>
        <filterGroup>0.0</filterGroup>
        <filterOperator>=</filterOperator>
        <filterValue>&apos;Draft&apos;</filterValue>
        <globalKey>OrderDiscountExtractUpdateCustoma0Nf4000004AIjuEAGItem9</globalKey>
        <inputFieldName>Status</inputFieldName>
        <inputObjectName>Contract</inputObjectName>
        <inputObjectQuerySequence>2.0</inputObjectQuerySequence>
        <linkedObjectSequence>0.0</linkedObjectSequence>
        <name>OrderDiscountExtractUpdate</name>
        <outputCreationSequence>0.0</outputCreationSequence>
        <outputFieldName>Order:FrameContract</outputFieldName>
        <outputObjectName>json</outputObjectName>
        <requiredForUpsert>false</requiredForUpsert>
        <upsertKey>false</upsertKey>
    </omniDataTransformItem>
    <omniDataTransformItem>
        <disabled>false</disabled>
        <filterGroup>0.0</filterGroup>
        <globalKey>OrderDiscountExtractUpdateCustoma0Nf4000004AIjuEAGItem23</globalKey>
        <inputFieldName>Order:FrameContract:Version:Discount:DiscountPricing:vlocity_cmt__AdjustmentValue__c</inputFieldName>
        <inputObjectQuerySequence>0.0</inputObjectQuerySequence>
        <linkedObjectSequence>0.0</linkedObjectSequence>
        <name>OrderDiscountExtractUpdate</name>
        <outputCreationSequence>1.0</outputCreationSequence>
        <outputFieldName>Order:FrameContract:Version:Discount:DiscountPricing:AdjustmentValue</outputFieldName>
        <outputObjectName>json</outputObjectName>
        <requiredForUpsert>false</requiredForUpsert>
        <upsertKey>false</upsertKey>
    </omniDataTransformItem>
    <omniDataTransformItem>
        <disabled>false</disabled>
        <filterGroup>0.0</filterGroup>
        <globalKey>OrderDiscountExtractUpdateCustoma0Nf4000004AIjuEAGItem20</globalKey>
        <inputFieldName>Order:FrameContract:Version:Discount:DiscountItem:vlocity_cmt__ProductId__c</inputFieldName>
        <inputObjectQuerySequence>0.0</inputObjectQuerySequence>
        <linkedObjectSequence>0.0</linkedObjectSequence>
        <name>OrderDiscountExtractUpdate</name>
        <outputCreationSequence>1.0</outputCreationSequence>
        <outputFieldName>Order:FrameContract:Version:Discount:DiscountItem:ProductId</outputFieldName>
        <outputObjectName>json</outputObjectName>
        <requiredForUpsert>false</requiredForUpsert>
        <upsertKey>false</upsertKey>
    </omniDataTransformItem>
    <omniDataTransformItem>
        <disabled>false</disabled>
        <filterGroup>0.0</filterGroup>
        <globalKey>OrderDiscountExtractUpdateCustoma0Nf4000004AIjuEAGItem24</globalKey>
        <inputFieldName>Order:FrameContract:Version:Discount:DiscountPricing:vlocity_cmt__Amount__c</inputFieldName>
        <inputObjectQuerySequence>0.0</inputObjectQuerySequence>
        <linkedObjectSequence>0.0</linkedObjectSequence>
        <name>OrderDiscountExtractUpdate</name>
        <outputCreationSequence>1.0</outputCreationSequence>
        <outputFieldName>Order:FrameContract:Version:Discount:DiscountPricing:Amount</outputFieldName>
        <outputObjectName>json</outputObjectName>
        <requiredForUpsert>false</requiredForUpsert>
        <upsertKey>false</upsertKey>
    </omniDataTransformItem>
    <omniDataTransformItem>
        <disabled>false</disabled>
        <filterGroup>0.0</filterGroup>
        <filterOperator>=</filterOperator>
        <filterValue>&apos;Approved&apos;</filterValue>
        <globalKey>OrderDiscountExtractUpdateCustom5140</globalKey>
        <inputFieldName>vlocity_cmt__ApprovalStatus__c</inputFieldName>
        <inputObjectName>vlocity_cmt__OrderDiscount__c</inputObjectName>
        <inputObjectQuerySequence>7.0</inputObjectQuerySequence>
        <linkedObjectSequence>0.0</linkedObjectSequence>
        <name>OrderDiscountExtractUpdate</name>
        <outputCreationSequence>0.0</outputCreationSequence>
        <outputFieldName>Order:DeactivatedDiscounts</outputFieldName>
        <outputObjectName>json</outputObjectName>
        <requiredForUpsert>false</requiredForUpsert>
        <upsertKey>false</upsertKey>
    </omniDataTransformItem>
    <omniDataTransformItem>
        <disabled>false</disabled>
        <filterGroup>0.0</filterGroup>
        <globalKey>OrderDiscountExtractUpdateCustoma0Nf4000004AIjuEAGItem11</globalKey>
        <inputFieldName>Order:AccountId</inputFieldName>
        <inputObjectQuerySequence>0.0</inputObjectQuerySequence>
        <linkedObjectSequence>0.0</linkedObjectSequence>
        <name>OrderDiscountExtractUpdate</name>
        <outputCreationSequence>1.0</outputCreationSequence>
        <outputFieldName>Order:AccountId</outputFieldName>
        <outputObjectName>json</outputObjectName>
        <requiredForUpsert>false</requiredForUpsert>
        <upsertKey>false</upsertKey>
    </omniDataTransformItem>
    <omniDataTransformItem>
        <disabled>false</disabled>
        <filterGroup>0.0</filterGroup>
        <globalKey>OrderDiscountExtractUpdateCustoma0Nf4000004AIjuEAGItem18</globalKey>
        <inputFieldName>Order:FrameContract:Version:Discount:DiscountItem:vlocity_cmt__CatalogCategoryId__c</inputFieldName>
        <inputObjectQuerySequence>0.0</inputObjectQuerySequence>
        <linkedObjectSequence>0.0</linkedObjectSequence>
        <name>OrderDiscountExtractUpdate</name>
        <outputCreationSequence>1.0</outputCreationSequence>
        <outputFieldName>Order:FrameContract:Version:Discount:DiscountItem:CatalogCategoryId</outputFieldName>
        <outputObjectName>json</outputObjectName>
        <requiredForUpsert>false</requiredForUpsert>
        <upsertKey>false</upsertKey>
    </omniDataTransformItem>
    <omniDataTransformItem>
        <disabled>false</disabled>
        <filterGroup>0.0</filterGroup>
        <globalKey>OrderDiscountExtractUpdateCustoma0Nf4000004AIjuEAGItem22</globalKey>
        <inputFieldName>Order:FrameContract:Version:Discount:DiscountItem:Name</inputFieldName>
        <inputObjectQuerySequence>0.0</inputObjectQuerySequence>
        <linkedObjectSequence>0.0</linkedObjectSequence>
        <name>OrderDiscountExtractUpdate</name>
        <outputCreationSequence>1.0</outputCreationSequence>
        <outputFieldName>Order:FrameContract:Version:Discount:DiscountItem:Name</outputFieldName>
        <outputObjectName>json</outputObjectName>
        <requiredForUpsert>false</requiredForUpsert>
        <upsertKey>false</upsertKey>
    </omniDataTransformItem>
    <omniDataTransformItem>
        <disabled>false</disabled>
        <filterGroup>0.0</filterGroup>
        <globalKey>OrderDiscountExtractUpdateCustoma0Nf4000004AIjuEAGItem19</globalKey>
        <inputFieldName>Order:FrameContract:Version:Discount:DiscountItem:vlocity_cmt__Description__c</inputFieldName>
        <inputObjectQuerySequence>0.0</inputObjectQuerySequence>
        <linkedObjectSequence>0.0</linkedObjectSequence>
        <name>OrderDiscountExtractUpdate</name>
        <outputCreationSequence>1.0</outputCreationSequence>
        <outputFieldName>Order:FrameContract:Version:Discount:DiscountItem:Description</outputFieldName>
        <outputObjectName>json</outputObjectName>
        <requiredForUpsert>false</requiredForUpsert>
        <upsertKey>false</upsertKey>
    </omniDataTransformItem>
    <omniDataTransformItem>
        <disabled>false</disabled>
        <filterGroup>0.0</filterGroup>
        <globalKey>OrderDiscountExtractUpdateCustoma0Nf4000004AIjuEAGItem16</globalKey>
        <inputFieldName>Order:FrameContract:Version:Discount:vlocity_cmt__EffectiveStartDate__c</inputFieldName>
        <inputObjectQuerySequence>0.0</inputObjectQuerySequence>
        <linkedObjectSequence>0.0</linkedObjectSequence>
        <name>OrderDiscountExtractUpdate</name>
        <outputCreationSequence>1.0</outputCreationSequence>
        <outputFieldName>Order:FrameContract:Version:Discount:EffectiveStartDate</outputFieldName>
        <outputObjectName>json</outputObjectName>
        <requiredForUpsert>false</requiredForUpsert>
        <upsertKey>false</upsertKey>
    </omniDataTransformItem>
    <omniDataTransformItem>
        <disabled>false</disabled>
        <filterGroup>0.0</filterGroup>
        <globalKey>OrderDiscountExtractUpdateCustoma0Nf4000004AIjuEAGItem17</globalKey>
        <inputFieldName>Order:FrameContract:Version:Discount:vlocity_cmt__ReferenceNumber__c</inputFieldName>
        <inputObjectQuerySequence>0.0</inputObjectQuerySequence>
        <linkedObjectSequence>0.0</linkedObjectSequence>
        <name>OrderDiscountExtractUpdate</name>
        <outputCreationSequence>1.0</outputCreationSequence>
        <outputFieldName>Order:FrameContract:Version:Discount:ReferenceNumber</outputFieldName>
        <outputObjectName>json</outputObjectName>
        <requiredForUpsert>false</requiredForUpsert>
        <upsertKey>false</upsertKey>
    </omniDataTransformItem>
    <omniDataTransformItem>
        <disabled>false</disabled>
        <filterGroup>0.0</filterGroup>
        <globalKey>OrderDiscountExtractUpdateCustoma0Nf4000004AIjuEAGItem14</globalKey>
        <inputFieldName>Order:FrameContract:Version:Discount:vlocity_cmt__DiscountTemplateId__c</inputFieldName>
        <inputObjectQuerySequence>0.0</inputObjectQuerySequence>
        <linkedObjectSequence>0.0</linkedObjectSequence>
        <name>OrderDiscountExtractUpdate</name>
        <outputCreationSequence>1.0</outputCreationSequence>
        <outputFieldName>Order:FrameContract:Version:Discount:TemplateId</outputFieldName>
        <outputObjectName>json</outputObjectName>
        <requiredForUpsert>false</requiredForUpsert>
        <upsertKey>false</upsertKey>
    </omniDataTransformItem>
    <omniDataTransformItem>
        <disabled>false</disabled>
        <filterGroup>0.0</filterGroup>
        <globalKey>OrderDiscountExtractUpdateCustoma0Nf4000004AIjuEAGItem15</globalKey>
        <inputFieldName>Order:FrameContract:Version:Discount:vlocity_cmt__EffectiveEndDate__c</inputFieldName>
        <inputObjectQuerySequence>0.0</inputObjectQuerySequence>
        <linkedObjectSequence>0.0</linkedObjectSequence>
        <name>OrderDiscountExtractUpdate</name>
        <outputCreationSequence>1.0</outputCreationSequence>
        <outputFieldName>Order:FrameContract:Version:Discount:EffectiveEndDate</outputFieldName>
        <outputObjectName>json</outputObjectName>
        <requiredForUpsert>false</requiredForUpsert>
        <upsertKey>false</upsertKey>
    </omniDataTransformItem>
    <omniDataTransformItem>
        <disabled>false</disabled>
        <filterGroup>0.0</filterGroup>
        <globalKey>OrderDiscountExtractUpdateCustom7691</globalKey>
        <inputFieldName>Order:FrameContract:Version:vlocity_cmt__DocumentTemplateId__c</inputFieldName>
        <inputObjectQuerySequence>0.0</inputObjectQuerySequence>
        <linkedObjectSequence>0.0</linkedObjectSequence>
        <name>OrderDiscountExtractUpdate</name>
        <outputCreationSequence>1.0</outputCreationSequence>
        <outputFieldName>Order:FrameContract:Version:DocumentTemplateId</outputFieldName>
        <outputObjectName>json</outputObjectName>
        <requiredForUpsert>false</requiredForUpsert>
        <upsertKey>false</upsertKey>
    </omniDataTransformItem>
    <omniDataTransformItem>
        <disabled>false</disabled>
        <filterGroup>0.0</filterGroup>
        <globalKey>OrderDiscountExtractUpdateCustom9118</globalKey>
        <inputFieldName>Order:FrameContract:Version:vlocity_cmt__DocumentCreationSource__c</inputFieldName>
        <inputObjectQuerySequence>0.0</inputObjectQuerySequence>
        <linkedObjectSequence>0.0</linkedObjectSequence>
        <name>OrderDiscountExtractUpdate</name>
        <outputCreationSequence>1.0</outputCreationSequence>
        <outputFieldName>Order:FrameContract:Version:DocumentCeationSource</outputFieldName>
        <outputObjectName>json</outputObjectName>
        <requiredForUpsert>false</requiredForUpsert>
        <upsertKey>false</upsertKey>
    </omniDataTransformItem>
    <omniDataTransformItem>
        <disabled>false</disabled>
        <filterGroup>0.0</filterGroup>
        <globalKey>OrderDiscountExtractUpdateCustom9837</globalKey>
        <inputFieldName>Order:FrameContract:StartDate</inputFieldName>
        <inputObjectQuerySequence>0.0</inputObjectQuerySequence>
        <linkedObjectSequence>0.0</linkedObjectSequence>
        <name>OrderDiscountExtractUpdate</name>
        <outputCreationSequence>1.0</outputCreationSequence>
        <outputFieldName>Order:FrameContract:StartDate</outputFieldName>
        <outputObjectName>json</outputObjectName>
        <requiredForUpsert>false</requiredForUpsert>
        <upsertKey>false</upsertKey>
    </omniDataTransformItem>
    <omniDataTransformItem>
        <disabled>false</disabled>
        <filterGroup>0.0</filterGroup>
        <filterOperator>=</filterOperator>
        <filterValue>&apos;Active&apos;</filterValue>
        <globalKey>OrderDiscountExtractUpdateCustom1932</globalKey>
        <inputFieldName>vlocity_cmt__Status__c</inputFieldName>
        <inputObjectName>vlocity_cmt__ContractVersion__c</inputObjectName>
        <inputObjectQuerySequence>3.0</inputObjectQuerySequence>
        <linkedObjectSequence>0.0</linkedObjectSequence>
        <name>OrderDiscountExtractUpdate</name>
        <outputCreationSequence>0.0</outputCreationSequence>
        <outputFieldName>Order:FrameContract:Version</outputFieldName>
        <outputObjectName>json</outputObjectName>
        <requiredForUpsert>false</requiredForUpsert>
        <upsertKey>false</upsertKey>
    </omniDataTransformItem>
    <omniDataTransformItem>
        <disabled>false</disabled>
        <filterGroup>0.0</filterGroup>
        <globalKey>OrderDiscountExtractUpdateCustoma0Nf4000004AIjuEAGItem27</globalKey>
        <inputFieldName>Order:FrameContract:Version:Discount:DiscountPricing:vlocity_cmt__TimePlanId__c</inputFieldName>
        <inputObjectQuerySequence>0.0</inputObjectQuerySequence>
        <linkedObjectSequence>0.0</linkedObjectSequence>
        <name>OrderDiscountExtractUpdate</name>
        <outputCreationSequence>1.0</outputCreationSequence>
        <outputFieldName>Order:FrameContract:Version:Discount:DiscountPricing:TimePlanId</outputFieldName>
        <outputObjectName>json</outputObjectName>
        <requiredForUpsert>false</requiredForUpsert>
        <upsertKey>false</upsertKey>
    </omniDataTransformItem>
    <omniDataTransformItem>
        <disabled>false</disabled>
        <filterGroup>0.0</filterGroup>
        <filterOperator>=</filterOperator>
        <filterValue>Order:FrameContract:Id</filterValue>
        <globalKey>OrderDiscountExtractUpdateCustom6906</globalKey>
        <inputFieldName>vlocity_cmt__ContractId__c</inputFieldName>
        <inputObjectName>vlocity_cmt__ContractVersion__c</inputObjectName>
        <inputObjectQuerySequence>3.0</inputObjectQuerySequence>
        <linkedObjectSequence>0.0</linkedObjectSequence>
        <name>OrderDiscountExtractUpdate</name>
        <outputCreationSequence>0.0</outputCreationSequence>
        <outputFieldName>Order:FrameContract:Version</outputFieldName>
        <outputObjectName>json</outputObjectName>
        <requiredForUpsert>false</requiredForUpsert>
        <upsertKey>false</upsertKey>
    </omniDataTransformItem>
    <omniDataTransformItem>
        <disabled>false</disabled>
        <filterGroup>0.0</filterGroup>
        <globalKey>OrderDiscountExtractUpdateCustoma0Nf4000004AIjuEAGItem13</globalKey>
        <inputFieldName>Order:FrameContract:Version:Discount:vlocity_cmt__Description__c</inputFieldName>
        <inputObjectQuerySequence>0.0</inputObjectQuerySequence>
        <linkedObjectSequence>0.0</linkedObjectSequence>
        <name>OrderDiscountExtractUpdate</name>
        <outputCreationSequence>1.0</outputCreationSequence>
        <outputFieldName>Order:FrameContract:Version:Discount:Description</outputFieldName>
        <outputObjectName>json</outputObjectName>
        <requiredForUpsert>false</requiredForUpsert>
        <upsertKey>false</upsertKey>
    </omniDataTransformItem>
    <omniDataTransformItem>
        <disabled>false</disabled>
        <filterGroup>0.0</filterGroup>
        <globalKey>OrderDiscountExtractUpdateCustoma0Nf4000004AIjuEAGItem21</globalKey>
        <inputFieldName>Order:FrameContract:Version:Discount:DiscountItem:vlocity_cmt__QuoteDiscountId__c</inputFieldName>
        <inputObjectQuerySequence>0.0</inputObjectQuerySequence>
        <linkedObjectSequence>0.0</linkedObjectSequence>
        <name>OrderDiscountExtractUpdate</name>
        <outputCreationSequence>1.0</outputCreationSequence>
        <outputFieldName>Order:FrameContract:Version:Discount:DiscountItem:QuoteDiscountId</outputFieldName>
        <outputObjectName>json</outputObjectName>
        <requiredForUpsert>false</requiredForUpsert>
        <upsertKey>false</upsertKey>
    </omniDataTransformItem>
    <omniDataTransformItem>
        <disabled>false</disabled>
        <filterGroup>0.0</filterGroup>
        <globalKey>OrderDiscountExtractUpdateCustom8224</globalKey>
        <inputFieldName>Order:FrameContract:EndDate</inputFieldName>
        <inputObjectQuerySequence>0.0</inputObjectQuerySequence>
        <linkedObjectSequence>0.0</linkedObjectSequence>
        <name>OrderDiscountExtractUpdate</name>
        <outputCreationSequence>1.0</outputCreationSequence>
        <outputFieldName>Order:FrameContract:EndDate</outputFieldName>
        <outputObjectName>json</outputObjectName>
        <requiredForUpsert>false</requiredForUpsert>
        <upsertKey>false</upsertKey>
    </omniDataTransformItem>
    <omniDataTransformItem>
        <disabled>false</disabled>
        <filterGroup>0.0</filterGroup>
        <globalKey>OrderDiscountExtractUpdateCustoma0Nf4000004AIjuEAGItem31</globalKey>
        <inputFieldName>Order:FrameContract:Id</inputFieldName>
        <inputObjectQuerySequence>0.0</inputObjectQuerySequence>
        <linkedObjectSequence>0.0</linkedObjectSequence>
        <name>OrderDiscountExtractUpdate</name>
        <outputCreationSequence>1.0</outputCreationSequence>
        <outputFieldName>Order:FrameContract:Id</outputFieldName>
        <outputObjectName>json</outputObjectName>
        <requiredForUpsert>false</requiredForUpsert>
        <upsertKey>false</upsertKey>
    </omniDataTransformItem>
    <omniDataTransformItem>
        <disabled>false</disabled>
        <filterGroup>0.0</filterGroup>
        <filterOperator>=</filterOperator>
        <filterValue>Id</filterValue>
        <globalKey>OrderDiscountExtractUpdateCustom8650</globalKey>
        <inputFieldName>vlocity_cmt__OrderId__c</inputFieldName>
        <inputObjectName>vlocity_cmt__OrderDiscount__c</inputObjectName>
        <inputObjectQuerySequence>7.0</inputObjectQuerySequence>
        <linkedObjectSequence>0.0</linkedObjectSequence>
        <name>OrderDiscountExtractUpdate</name>
        <outputCreationSequence>0.0</outputCreationSequence>
        <outputFieldName>Order:DeactivatedDiscounts</outputFieldName>
        <outputObjectName>json</outputObjectName>
        <requiredForUpsert>false</requiredForUpsert>
        <upsertKey>false</upsertKey>
    </omniDataTransformItem>
    <omniDataTransformItem>
        <disabled>false</disabled>
        <filterGroup>0.0</filterGroup>
        <globalKey>OrderDiscountExtractUpdateCustoma0Nf4000004AIjuEAGItem32</globalKey>
        <inputFieldName>Order:FrameContract:Status</inputFieldName>
        <inputObjectQuerySequence>0.0</inputObjectQuerySequence>
        <linkedObjectSequence>0.0</linkedObjectSequence>
        <name>OrderDiscountExtractUpdate</name>
        <outputCreationSequence>1.0</outputCreationSequence>
        <outputFieldName>Order:FrameContract:Status</outputFieldName>
        <outputObjectName>json</outputObjectName>
        <requiredForUpsert>false</requiredForUpsert>
        <upsertKey>false</upsertKey>
    </omniDataTransformItem>
    <omniDataTransformItem>
        <disabled>false</disabled>
        <filterGroup>0.0</filterGroup>
        <filterOperator>=</filterOperator>
        <filterValue>Id</filterValue>
        <globalKey>OrderDiscountExtractUpdateCustoma0Nf4000004AIjuEAGItem7</globalKey>
        <inputFieldName>Id</inputFieldName>
        <inputObjectName>Order</inputObjectName>
        <inputObjectQuerySequence>1.0</inputObjectQuerySequence>
        <linkedObjectSequence>0.0</linkedObjectSequence>
        <name>OrderDiscountExtractUpdate</name>
        <outputCreationSequence>0.0</outputCreationSequence>
        <outputFieldName>Order</outputFieldName>
        <outputObjectName>json</outputObjectName>
        <requiredForUpsert>false</requiredForUpsert>
        <upsertKey>false</upsertKey>
    </omniDataTransformItem>
    <omniDataTransformItem>
        <disabled>false</disabled>
        <filterGroup>0.0</filterGroup>
        <filterOperator>=</filterOperator>
        <filterValue>&apos;Contract&apos;</filterValue>
        <globalKey>OrderDiscountExtractUpdateCustom8517</globalKey>
        <inputFieldName>vlocity_cmt__DiscountType__c</inputFieldName>
        <inputObjectName>vlocity_cmt__OrderDiscount__c</inputObjectName>
        <inputObjectQuerySequence>7.0</inputObjectQuerySequence>
        <linkedObjectSequence>0.0</linkedObjectSequence>
        <name>OrderDiscountExtractUpdate</name>
        <outputCreationSequence>0.0</outputCreationSequence>
        <outputFieldName>Order:DeactivatedDiscounts</outputFieldName>
        <outputObjectName>json</outputObjectName>
        <requiredForUpsert>false</requiredForUpsert>
        <upsertKey>false</upsertKey>
    </omniDataTransformItem>
    <omniDataTransformItem>
        <disabled>false</disabled>
        <filterGroup>0.0</filterGroup>
        <globalKey>OrderDiscountExtractUpdateCustoma0Nf4000004AIjuEAGItem30</globalKey>
        <inputFieldName>Order:FrameContract:Version:Discount:Name</inputFieldName>
        <inputObjectQuerySequence>0.0</inputObjectQuerySequence>
        <linkedObjectSequence>0.0</linkedObjectSequence>
        <name>OrderDiscountExtractUpdate</name>
        <outputCreationSequence>1.0</outputCreationSequence>
        <outputFieldName>Order:FrameContract:Version:Discount:Name</outputFieldName>
        <outputObjectName>json</outputObjectName>
        <requiredForUpsert>false</requiredForUpsert>
        <upsertKey>false</upsertKey>
    </omniDataTransformItem>
    <omniDataTransformItem>
        <disabled>false</disabled>
        <filterGroup>0.0</filterGroup>
        <formulaConverted>| &quot;SELECT/\/\/count()/\/\/FROM/\/\/Contract/\/\/WHERE/\/\/OrderId__c/\/\/=/\/\/&apos;{0}&apos;/\/\/AND/\/\/Status/\/\/=/\/\/&apos;Draft&apos;&quot; var:Order:Id COUNTQUERY</formulaConverted>
        <formulaExpression>COUNTQUERY(&quot;SELECT count() FROM Contract WHERE OrderId__c = &apos;{0}&apos; AND Status = &apos;Draft&apos;&quot;,  Order:Id)</formulaExpression>
        <formulaResultPath>FrameContractCount</formulaResultPath>
        <formulaSequence>1.0</formulaSequence>
        <globalKey>OrderDiscountExtractUpdateCustoma0Nf4000004AIjuEAGItem0</globalKey>
        <inputObjectQuerySequence>0.0</inputObjectQuerySequence>
        <linkedObjectSequence>0.0</linkedObjectSequence>
        <name>OrderDiscountExtractUpdate</name>
        <outputCreationSequence>0.0</outputCreationSequence>
        <outputFieldName>Formula</outputFieldName>
        <outputObjectName>Formula</outputObjectName>
        <requiredForUpsert>false</requiredForUpsert>
        <upsertKey>false</upsertKey>
    </omniDataTransformItem>
    <omniDataTransformItem>
        <disabled>false</disabled>
        <filterGroup>0.0</filterGroup>
        <globalKey>OrderDiscountExtractUpdateCustoma0Nf4000004AIjuEAGItem28</globalKey>
        <inputFieldName>Order:FrameContract:Version:Discount:DiscountPricing:vlocity_cmt__TimePolicyId__c</inputFieldName>
        <inputObjectQuerySequence>0.0</inputObjectQuerySequence>
        <linkedObjectSequence>0.0</linkedObjectSequence>
        <name>OrderDiscountExtractUpdate</name>
        <outputCreationSequence>1.0</outputCreationSequence>
        <outputFieldName>Order:FrameContract:Version:Discount:DiscountPricing:TimePolicyId</outputFieldName>
        <outputObjectName>json</outputObjectName>
        <requiredForUpsert>false</requiredForUpsert>
        <upsertKey>false</upsertKey>
    </omniDataTransformItem>
    <omniDataTransformItem>
        <disabled>false</disabled>
        <filterGroup>0.0</filterGroup>
        <filterOperator>=</filterOperator>
        <filterValue>&apos;Deactivate&apos;</filterValue>
        <globalKey>OrderDiscountExtractUpdateCustom2629</globalKey>
        <inputFieldName>vlocity_cmt__Action__c</inputFieldName>
        <inputObjectName>vlocity_cmt__OrderDiscount__c</inputObjectName>
        <inputObjectQuerySequence>7.0</inputObjectQuerySequence>
        <linkedObjectSequence>0.0</linkedObjectSequence>
        <name>OrderDiscountExtractUpdate</name>
        <outputCreationSequence>0.0</outputCreationSequence>
        <outputFieldName>Order:DeactivatedDiscounts</outputFieldName>
        <outputObjectName>json</outputObjectName>
        <requiredForUpsert>false</requiredForUpsert>
        <upsertKey>false</upsertKey>
    </omniDataTransformItem>
    <omniDataTransformItem>
        <disabled>false</disabled>
        <filterGroup>0.0</filterGroup>
        <globalKey>OrderDiscountExtractUpdateCustoma0Nf4000004AIjuEAGItem29</globalKey>
        <inputFieldName>Order:FrameContract:Version:Discount:DiscountPricing:Name</inputFieldName>
        <inputObjectQuerySequence>0.0</inputObjectQuerySequence>
        <linkedObjectSequence>0.0</linkedObjectSequence>
        <name>OrderDiscountExtractUpdate</name>
        <outputCreationSequence>1.0</outputCreationSequence>
        <outputFieldName>Order:FrameContract:Version:Discount:DiscountPricing:Name</outputFieldName>
        <outputObjectName>json</outputObjectName>
        <requiredForUpsert>false</requiredForUpsert>
        <upsertKey>false</upsertKey>
    </omniDataTransformItem>
    <omniDataTransformItem>
        <disabled>false</disabled>
        <filterGroup>0.0</filterGroup>
        <globalKey>OrderDiscountExtractUpdateCustom4051</globalKey>
        <inputFieldName>Order:DeactivatedDiscounts:vlocity_cmt__EffectiveEndDate__c</inputFieldName>
        <inputObjectQuerySequence>0.0</inputObjectQuerySequence>
        <linkedObjectSequence>0.0</linkedObjectSequence>
        <name>OrderDiscountExtractUpdate</name>
        <outputCreationSequence>1.0</outputCreationSequence>
        <outputFieldName>Order:DeactivatedDiscounts:EffectiveEndDate</outputFieldName>
        <outputObjectName>json</outputObjectName>
        <requiredForUpsert>false</requiredForUpsert>
        <upsertKey>false</upsertKey>
    </omniDataTransformItem>
    <omniDataTransformItem>
        <disabled>false</disabled>
        <filterGroup>0.0</filterGroup>
        <globalKey>OrderDiscountExtractUpdateCustoma0Nf4000004AIjuEAGItem25</globalKey>
        <inputFieldName>Order:FrameContract:Version:Discount:DiscountPricing:vlocity_cmt__PricingVariableId__c</inputFieldName>
        <inputObjectQuerySequence>0.0</inputObjectQuerySequence>
        <linkedObjectSequence>0.0</linkedObjectSequence>
        <name>OrderDiscountExtractUpdate</name>
        <outputCreationSequence>1.0</outputCreationSequence>
        <outputFieldName>Order:FrameContract:Version:Discount:DiscountPricing:PricingVariableId</outputFieldName>
        <outputObjectName>json</outputObjectName>
        <requiredForUpsert>false</requiredForUpsert>
        <upsertKey>false</upsertKey>
    </omniDataTransformItem>
    <omniDataTransformItem>
        <disabled>false</disabled>
        <filterGroup>0.0</filterGroup>
        <filterOperator>=</filterOperator>
        <filterValue>&apos;&apos;</filterValue>
        <globalKey>OrderDiscountExtractUpdateCustom6009</globalKey>
        <inputFieldName>vlocity_cmt__EffectiveEndDate__c</inputFieldName>
        <inputObjectName>vlocity_cmt__OrderDiscount__c</inputObjectName>
        <inputObjectQuerySequence>7.0</inputObjectQuerySequence>
        <linkedObjectSequence>0.0</linkedObjectSequence>
        <name>OrderDiscountExtractUpdate</name>
        <outputCreationSequence>0.0</outputCreationSequence>
        <outputFieldName>Order:DeactivatedDiscounts</outputFieldName>
        <outputObjectName>json</outputObjectName>
        <requiredForUpsert>false</requiredForUpsert>
        <upsertKey>false</upsertKey>
    </omniDataTransformItem>
    <omniDataTransformItem>
        <disabled>false</disabled>
        <filterGroup>0.0</filterGroup>
        <globalKey>OrderDiscountExtractUpdateCustoma0Nf4000004AIjuEAGItem26</globalKey>
        <inputFieldName>Order:FrameContract:Version:Discount:DiscountPricing:vlocity_cmt__QuoteDiscountId__c</inputFieldName>
        <inputObjectQuerySequence>0.0</inputObjectQuerySequence>
        <linkedObjectSequence>0.0</linkedObjectSequence>
        <name>OrderDiscountExtractUpdate</name>
        <outputCreationSequence>1.0</outputCreationSequence>
        <outputFieldName>Order:FrameContract:Version:Discount:DiscountPricing:QuoteDiscountId</outputFieldName>
        <outputObjectName>json</outputObjectName>
        <requiredForUpsert>false</requiredForUpsert>
        <upsertKey>false</upsertKey>
    </omniDataTransformItem>
    <omniDataTransformItem>
        <disabled>false</disabled>
        <filterGroup>0.0</filterGroup>
        <globalKey>OrderDiscountExtractUpdateCustom6432</globalKey>
        <inputFieldName>Order:DeactivatedDiscounts:Id</inputFieldName>
        <inputObjectQuerySequence>0.0</inputObjectQuerySequence>
        <linkedObjectSequence>0.0</linkedObjectSequence>
        <name>OrderDiscountExtractUpdate</name>
        <outputCreationSequence>1.0</outputCreationSequence>
        <outputFieldName>Order:DeactivatedDiscounts:Id</outputFieldName>
        <outputObjectName>json</outputObjectName>
        <requiredForUpsert>false</requiredForUpsert>
        <upsertKey>false</upsertKey>
    </omniDataTransformItem>
    <omniDataTransformItem>
        <disabled>false</disabled>
        <filterGroup>0.0</filterGroup>
        <globalKey>OrderDiscountExtractUpdateCustom8585</globalKey>
        <inputFieldName>Order:FrameContract:Version:Discount:vlocity_cmt__AppliesToAllItems__c</inputFieldName>
        <inputObjectQuerySequence>0.0</inputObjectQuerySequence>
        <linkedObjectSequence>0.0</linkedObjectSequence>
        <name>OrderDiscountExtractUpdate</name>
        <outputCreationSequence>1.0</outputCreationSequence>
        <outputFieldName>Order:FrameContract:Version:Discount:AppliesToAllItems</outputFieldName>
        <outputObjectName>json</outputObjectName>
        <requiredForUpsert>false</requiredForUpsert>
        <upsertKey>false</upsertKey>
    </omniDataTransformItem>
    <omniDataTransformItem>
        <disabled>false</disabled>
        <filterGroup>0.0</filterGroup>
        <globalKey>OrderDiscountExtractUpdateCustoma0Nf4000004AIjuEAGItem33</globalKey>
        <inputFieldName>Order:Name</inputFieldName>
        <inputObjectQuerySequence>0.0</inputObjectQuerySequence>
        <linkedObjectSequence>0.0</linkedObjectSequence>
        <name>OrderDiscountExtractUpdate</name>
        <outputCreationSequence>1.0</outputCreationSequence>
        <outputFieldName>Order:Name</outputFieldName>
        <outputObjectName>json</outputObjectName>
        <requiredForUpsert>false</requiredForUpsert>
        <upsertKey>false</upsertKey>
    </omniDataTransformItem>
    <omniDataTransformItem>
        <disabled>false</disabled>
        <filterGroup>0.0</filterGroup>
        <globalKey>OrderDiscountExtractUpdateCustoma0Nf4000004AIjuEAGItem10</globalKey>
        <inputFieldName>FrameContractCount</inputFieldName>
        <inputObjectQuerySequence>0.0</inputObjectQuerySequence>
        <linkedObjectSequence>0.0</linkedObjectSequence>
        <name>OrderDiscountExtractUpdate</name>
        <outputCreationSequence>1.0</outputCreationSequence>
        <outputFieldName>Order:FrameContractCount</outputFieldName>
        <outputObjectName>json</outputObjectName>
        <requiredForUpsert>false</requiredForUpsert>
        <upsertKey>false</upsertKey>
    </omniDataTransformItem>
    <outputType>JSON</outputType>
    <previewJsonData>{
  &quot;Id&quot; : &quot;801f4000001V6RU&quot;
}</previewJsonData>
    <processSuperBulk>false</processSuperBulk>
    <responseCacheTtlMinutes>0.0</responseCacheTtlMinutes>
    <rollbackOnError>false</rollbackOnError>
    <sourceObject>json</sourceObject>
    <sourceObjectDefault>false</sourceObjectDefault>
    <synchronousProcessThreshold>-1.0</synchronousProcessThreshold>
    <type>Extract</type>
    <uniqueName>OrderDiscountExtractUpdate_1</uniqueName>
    <versionNumber>1.0</versionNumber>
    <xmlDeclarationRemoved>false</xmlDeclarationRemoved>
</OmniDataTransform>
