<?xml version="1.0" encoding="UTF-8"?>
<OmniDataTransform xmlns="http://soap.sforce.com/2006/04/metadata">
    <active>false</active>
    <assignmentRulesUsed>false</assignmentRulesUsed>
    <deletedOnSuccess>false</deletedOnSuccess>
    <errorIgnored>false</errorIgnored>
    <fieldLevelSecurityEnabled>false</fieldLevelSecurityEnabled>
    <inputType>JSON</inputType>
    <name>ProductQualifiedFilterTransformer</name>
    <nullInputsIncludedInOutput>false</nullInputsIncludedInOutput>
    <omniDataTransformItem>
        <disabled>false</disabled>
        <filterGroup>0.0</filterGroup>
        <formulaConverted>| | var:response2:result:records LIST &apos;category/\/\/==/\/\/&quot;&apos; var:qualifiedFilter + &apos;&quot;&apos; + FILTER</formulaConverted>
        <formulaExpression>FILTER(LIST(response2:result:records), &apos;category == &quot;&apos; + qualifiedFilter + &apos;&quot;&apos;)</formulaExpression>
        <formulaResultPath>filteredRecords</formulaResultPath>
        <formulaSequence>1.0</formulaSequence>
        <globalKey>ProductQualifiedFilterTransformerCustom3338</globalKey>
        <inputObjectQuerySequence>0.0</inputObjectQuerySequence>
        <linkedObjectSequence>0.0</linkedObjectSequence>
        <name>ProductQualifiedFilterTransformer</name>
        <outputCreationSequence>0.0</outputCreationSequence>
        <outputFieldName>Formula</outputFieldName>
        <outputObjectName>Formula</outputObjectName>
        <requiredForUpsert>false</requiredForUpsert>
        <upsertKey>false</upsertKey>
    </omniDataTransformItem>
    <omniDataTransformItem>
        <disabled>false</disabled>
        <filterGroup>0.0</filterGroup>
        <globalKey>ProductQualifiedFilterTransformerCustom6148</globalKey>
        <inputFieldName>response2:result:totalSize</inputFieldName>
        <inputObjectQuerySequence>0.0</inputObjectQuerySequence>
        <linkedObjectSequence>0.0</linkedObjectSequence>
        <name>ProductQualifiedFilterTransformer</name>
        <outputCreationSequence>1.0</outputCreationSequence>
        <outputFieldName>response2:result:totalSize</outputFieldName>
        <outputObjectName>json</outputObjectName>
        <requiredForUpsert>false</requiredForUpsert>
        <upsertKey>false</upsertKey>
    </omniDataTransformItem>
    <omniDataTransformItem>
        <disabled>false</disabled>
        <filterGroup>0.0</filterGroup>
        <globalKey>ProductQualifiedFilterTransformerCustom8968</globalKey>
        <inputFieldName>response2:result:actions</inputFieldName>
        <inputObjectQuerySequence>0.0</inputObjectQuerySequence>
        <linkedObjectSequence>0.0</linkedObjectSequence>
        <name>ProductQualifiedFilterTransformer</name>
        <outputCreationSequence>1.0</outputCreationSequence>
        <outputFieldName>response2:result:actions</outputFieldName>
        <outputObjectName>json</outputObjectName>
        <requiredForUpsert>false</requiredForUpsert>
        <upsertKey>false</upsertKey>
    </omniDataTransformItem>
    <omniDataTransformItem>
        <defaultValue>[]</defaultValue>
        <disabled>false</disabled>
        <filterGroup>0.0</filterGroup>
        <globalKey>ProductQualifiedFilterTransformerCustom3659</globalKey>
        <inputFieldName>filteredRecords</inputFieldName>
        <inputObjectQuerySequence>0.0</inputObjectQuerySequence>
        <linkedObjectSequence>0.0</linkedObjectSequence>
        <name>ProductQualifiedFilterTransformer</name>
        <outputCreationSequence>1.0</outputCreationSequence>
        <outputFieldFormat>List&lt;Map&gt;</outputFieldFormat>
        <outputFieldName>response2:result:records</outputFieldName>
        <outputObjectName>json</outputObjectName>
        <requiredForUpsert>false</requiredForUpsert>
        <upsertKey>false</upsertKey>
    </omniDataTransformItem>
    <outputType>JSON</outputType>
    <previewJsonData>{
  &quot;qualifiedFilter&quot; : &quot;Qualified&quot;,
  &quot;response&quot; : {
    &quot;result&quot; : {
      &quot;records&quot; : [ {
        &quot;category&quot; : &quot;Qualified&quot;
      } ]
    }
  }
}</previewJsonData>
    <processSuperBulk>false</processSuperBulk>
    <responseCacheTtlMinutes>0.0</responseCacheTtlMinutes>
    <rollbackOnError>false</rollbackOnError>
    <sourceObject>json</sourceObject>
    <sourceObjectDefault>false</sourceObjectDefault>
    <synchronousProcessThreshold>0.0</synchronousProcessThreshold>
    <type>Transform</type>
    <uniqueName>ProductQualifiedFilterTransformer_1</uniqueName>
    <versionNumber>1.0</versionNumber>
    <xmlDeclarationRemoved>false</xmlDeclarationRemoved>
</OmniDataTransform>
