<?xml version="1.0" encoding="UTF-8"?>
<OmniDataTransform xmlns="http://soap.sforce.com/2006/04/metadata">
    <active>false</active>
    <assignmentRulesUsed>false</assignmentRulesUsed>
    <deletedOnSuccess>false</deletedOnSuccess>
    <errorIgnored>false</errorIgnored>
    <expectedInputJson>{
  &quot;ContextId&quot; : null,
  &quot;timeStamp&quot; : null,
  &quot;userId&quot; : null,
  &quot;userName&quot; : null,
  &quot;userProfile&quot; : null,
  &quot;userTimeZone&quot; : null,
  &quot;vlcPersistentComponent&quot; : { },
  &quot;vlcTimeTracking&quot; : {
    &quot;CreateParentContract&quot; : null,
    &quot;CreateParentContractLines&quot; : null,
    &quot;QueryParentQuote&quot; : null,
    &quot;QuerySubQuotesDR&quot; : null
  }
}</expectedInputJson>
    <fieldLevelSecurityEnabled>false</fieldLevelSecurityEnabled>
    <inputType>JSON</inputType>
    <name>QueryParentQuote</name>
    <nullInputsIncludedInOutput>false</nullInputsIncludedInOutput>
    <omniDataTransformItem>
        <disabled>false</disabled>
        <filterGroup>0.0</filterGroup>
        <globalKey>QueryParentQuote795872198468146</globalKey>
        <inputFieldName>Quote:AccountId</inputFieldName>
        <inputObjectQuerySequence>0.0</inputObjectQuerySequence>
        <linkedObjectSequence>0.0</linkedObjectSequence>
        <name>QueryParentQuote</name>
        <outputCreationSequence>1.0</outputCreationSequence>
        <outputFieldName>Quote:AccountId</outputFieldName>
        <outputObjectName>json</outputObjectName>
        <requiredForUpsert>false</requiredForUpsert>
        <upsertKey>false</upsertKey>
    </omniDataTransformItem>
    <omniDataTransformItem>
        <disabled>false</disabled>
        <filterGroup>0.0</filterGroup>
        <globalKey>QueryParentQuote4339476984183859</globalKey>
        <inputFieldName>Quote:vlocity_cmt__PriceListId__c</inputFieldName>
        <inputObjectQuerySequence>0.0</inputObjectQuerySequence>
        <linkedObjectSequence>0.0</linkedObjectSequence>
        <name>QueryParentQuote</name>
        <outputCreationSequence>1.0</outputCreationSequence>
        <outputFieldName>Quote:PriceListId</outputFieldName>
        <outputObjectName>json</outputObjectName>
        <requiredForUpsert>false</requiredForUpsert>
        <upsertKey>false</upsertKey>
    </omniDataTransformItem>
    <omniDataTransformItem>
        <disabled>false</disabled>
        <filterGroup>0.0</filterGroup>
        <filterOperator>=</filterOperator>
        <filterValue>objectId</filterValue>
        <globalKey>QueryParentQuote9959632855048894</globalKey>
        <inputFieldName>Id</inputFieldName>
        <inputObjectName>Quote</inputObjectName>
        <inputObjectQuerySequence>1.0</inputObjectQuerySequence>
        <linkedObjectSequence>0.0</linkedObjectSequence>
        <name>QueryParentQuote</name>
        <outputCreationSequence>0.0</outputCreationSequence>
        <outputFieldName>Quote</outputFieldName>
        <outputObjectName>json</outputObjectName>
        <requiredForUpsert>false</requiredForUpsert>
        <upsertKey>false</upsertKey>
    </omniDataTransformItem>
    <omniDataTransformItem>
        <disabled>false</disabled>
        <filterGroup>0.0</filterGroup>
        <globalKey>QueryParentQuote4100671043033717</globalKey>
        <inputFieldName>Quote:vlocity_cmt__QuoteGroupId__c</inputFieldName>
        <inputObjectQuerySequence>0.0</inputObjectQuerySequence>
        <linkedObjectSequence>0.0</linkedObjectSequence>
        <name>QueryParentQuote</name>
        <outputCreationSequence>1.0</outputCreationSequence>
        <outputFieldName>Quote:GroupId</outputFieldName>
        <outputObjectName>json</outputObjectName>
        <requiredForUpsert>false</requiredForUpsert>
        <upsertKey>false</upsertKey>
    </omniDataTransformItem>
    <omniDataTransformItem>
        <disabled>false</disabled>
        <filterGroup>0.0</filterGroup>
        <globalKey>QueryParentQuote2148404164634321</globalKey>
        <inputFieldName>Quote:Id</inputFieldName>
        <inputObjectQuerySequence>0.0</inputObjectQuerySequence>
        <linkedObjectSequence>0.0</linkedObjectSequence>
        <name>QueryParentQuote</name>
        <outputCreationSequence>1.0</outputCreationSequence>
        <outputFieldName>Quote:Id</outputFieldName>
        <outputObjectName>json</outputObjectName>
        <requiredForUpsert>false</requiredForUpsert>
        <upsertKey>false</upsertKey>
    </omniDataTransformItem>
    <omniDataTransformItem>
        <disabled>false</disabled>
        <filterGroup>0.0</filterGroup>
        <globalKey>QueryParentQuote26634584996468336</globalKey>
        <inputFieldName>Quote:BillingState</inputFieldName>
        <inputObjectQuerySequence>0.0</inputObjectQuerySequence>
        <linkedObjectSequence>0.0</linkedObjectSequence>
        <name>QueryParentQuote</name>
        <outputCreationSequence>1.0</outputCreationSequence>
        <outputFieldName>Quote:BillingState</outputFieldName>
        <outputObjectName>json</outputObjectName>
        <requiredForUpsert>false</requiredForUpsert>
        <upsertKey>false</upsertKey>
    </omniDataTransformItem>
    <omniDataTransformItem>
        <disabled>false</disabled>
        <filterGroup>0.0</filterGroup>
        <globalKey>QueryParentQuote48278892488247105</globalKey>
        <inputFieldName>Quote:BillingStreet</inputFieldName>
        <inputObjectQuerySequence>0.0</inputObjectQuerySequence>
        <linkedObjectSequence>0.0</linkedObjectSequence>
        <name>QueryParentQuote</name>
        <outputCreationSequence>1.0</outputCreationSequence>
        <outputFieldName>Quote:BillingStreet</outputFieldName>
        <outputObjectName>json</outputObjectName>
        <requiredForUpsert>false</requiredForUpsert>
        <upsertKey>false</upsertKey>
    </omniDataTransformItem>
    <omniDataTransformItem>
        <disabled>false</disabled>
        <filterGroup>0.0</filterGroup>
        <globalKey>QueryParentQuote6231311162931314</globalKey>
        <inputFieldName>Quote:BillingCity</inputFieldName>
        <inputObjectQuerySequence>0.0</inputObjectQuerySequence>
        <linkedObjectSequence>0.0</linkedObjectSequence>
        <name>QueryParentQuote</name>
        <outputCreationSequence>1.0</outputCreationSequence>
        <outputFieldName>Quote:BillingCity</outputFieldName>
        <outputObjectName>json</outputObjectName>
        <requiredForUpsert>false</requiredForUpsert>
        <upsertKey>false</upsertKey>
    </omniDataTransformItem>
    <omniDataTransformItem>
        <disabled>false</disabled>
        <filterGroup>0.0</filterGroup>
        <globalKey>QueryParentQuote21157710350600478</globalKey>
        <inputFieldName>Quote:BillingPostalCode</inputFieldName>
        <inputObjectQuerySequence>0.0</inputObjectQuerySequence>
        <linkedObjectSequence>0.0</linkedObjectSequence>
        <name>QueryParentQuote</name>
        <outputCreationSequence>1.0</outputCreationSequence>
        <outputFieldName>Quote:BillingPostalCode</outputFieldName>
        <outputObjectName>json</outputObjectName>
        <requiredForUpsert>false</requiredForUpsert>
        <upsertKey>false</upsertKey>
    </omniDataTransformItem>
    <outputType>JSON</outputType>
    <previewJsonData>{
  &quot;objectId&quot; : &quot;0Q06g000000XxchCAC&quot;
}</previewJsonData>
    <processSuperBulk>false</processSuperBulk>
    <responseCacheTtlMinutes>0.0</responseCacheTtlMinutes>
    <rollbackOnError>false</rollbackOnError>
    <sourceObject>json</sourceObject>
    <sourceObjectDefault>false</sourceObjectDefault>
    <synchronousProcessThreshold>-1.0</synchronousProcessThreshold>
    <type>Extract</type>
    <uniqueName>QueryParentQuote_1</uniqueName>
    <versionNumber>1.0</versionNumber>
    <xmlDeclarationRemoved>false</xmlDeclarationRemoved>
</OmniDataTransform>
