<?xml version="1.0" encoding="UTF-8"?>
<OmniDataTransform xmlns="http://soap.sforce.com/2006/04/metadata">
    <active>false</active>
    <assignmentRulesUsed>false</assignmentRulesUsed>
    <deletedOnSuccess>false</deletedOnSuccess>
    <description>The DR is used to update address validation details to quote members.</description>
    <errorIgnored>false</errorIgnored>
    <expectedInputJson>{
  &quot;EachQuotemember&quot; : [ {
    &quot;LoopBlockIterationIndex&quot; : 1,
    &quot;LoopBlockIterationStatus&quot; : true,
    &quot;PayLoadForAddressValidation&quot; : {
      &quot;Id&quot; : &quot;a4t4x0000010b8JAAQ&quot;,
      &quot;city&quot; : &quot;Gloucester&quot;,
      &quot;postcode&quot; : &quot;K1V 1S1&quot;,
      &quot;streetName&quot; : &quot;2400 Alert Rd&quot;
    },
    &quot;PayLoadForAddressValidationStatus&quot; : true,
    &quot;TMFAPICall&quot; : {
      &quot;alternateAddress&quot; : [ {
        &quot;@type&quot; : &quot;UrbanPropertyAddress &quot;,
        &quot;city&quot; : &quot;Lyon&quot;,
        &quot;country&quot; : &quot;France&quot;,
        &quot;geographicLocationReforValue&quot; : {
          &quot;href&quot; : &quot;https://host:port/location/geographicLocation/7200&quot;,
          &quot;id&quot; : &quot;7200&quot;
        },
        &quot;href&quot; : &quot;https://host:port/location/geographicAddress/1960&quot;,
        &quot;id&quot; : &quot;1960&quot;,
        &quot;locality&quot; : &quot;Lyon&quot;,
        &quot;postcode&quot; : &quot;69004&quot;,
        &quot;stateOrProvince&quot; : &quot;Rhone&quot;,
        &quot;streetName&quot; : &quot;Denfert-Rocheraut&quot;,
        &quot;streetNr&quot; : &quot;2&quot;,
        &quot;streetType&quot; : &quot;rue&quot;
      }, {
        &quot;@type&quot; : &quot;UrbanPropertyAddress &quot;,
        &quot;city&quot; : &quot;Lyon&quot;,
        &quot;country&quot; : &quot;France&quot;,
        &quot;geographicLocationRefOrValue&quot; : {
          &quot;href&quot; : &quot;https://host:port/location/geographicLocation/7204&quot;,
          &quot;id&quot; : &quot;7204&quot;
        },
        &quot;href&quot; : &quot;https://host:port/location/geographicAddress/8965&quot;,
        &quot;id&quot; : &quot;8965&quot;,
        &quot;locality&quot; : &quot;Lyon&quot;,
        &quot;postcode&quot; : &quot;69004&quot;,
        &quot;stateOrProvince&quot; : &quot;Rhone&quot;,
        &quot;streetName&quot; : &quot;Denfert-Rocheraut&quot;,
        &quot;streetNr&quot; : &quot;4&quot;,
        &quot;streetType&quot; : &quot;rue&quot;
      }, {
        &quot;@type&quot; : &quot;UrbanPropertyAddress&quot;,
        &quot;city&quot; : &quot;Lyon&quot;,
        &quot;country&quot; : &quot;France&quot;,
        &quot;geographicLocationRefOrValue&quot; : {
          &quot;href&quot; : &quot;https://host:port/location/geographicLocation/7263&quot;,
          &quot;id&quot; : &quot;7263&quot;
        },
        &quot;href&quot; : &quot;https://host:port/location/geographicAddress/7854&quot;,
        &quot;id&quot; : &quot;7854&quot;,
        &quot;locality&quot; : &quot;Lyon&quot;,
        &quot;postcode&quot; : &quot;69004&quot;,
        &quot;stateOrProvince&quot; : &quot;Rhone&quot;,
        &quot;streetName&quot; : &quot;Denfert-Rocheraut&quot;,
        &quot;streetNr&quot; : &quot;6&quot;,
        &quot;streetType&quot; : &quot;rue&quot;
      }, {
        &quot;@type&quot; : &quot;UrbanPropertyAddress&quot;,
        &quot;city&quot; : &quot;Lyon&quot;,
        &quot;country&quot; : &quot;France&quot;,
        &quot;geographicLocationRefOrValue&quot; : {
          &quot;href&quot; : &quot;https://host:port/location/geographicLocation/8523&quot;,
          &quot;id&quot; : &quot;8523&quot;
        },
        &quot;href&quot; : &quot;https://host:port/location/geographicAddress/1236&quot;,
        &quot;id&quot; : &quot;1236&quot;,
        &quot;locality&quot; : &quot;Lyon&quot;,
        &quot;postcode&quot; : &quot;69004&quot;,
        &quot;stateOrProvince&quot; : &quot;Rhone&quot;,
        &quot;streetName&quot; : &quot;Denfert-Rocheraut&quot;,
        &quot;streetNr&quot; : &quot;8&quot;,
        &quot;streetType&quot; : &quot;rue&quot;
      } ],
      &quot;href&quot; : &quot;https://host:port/location/geographicAddressValidation/8318&quot;,
      &quot;id&quot; : &quot;8318&quot;,
      &quot;provideAlternative&quot; : true,
      &quot;status&quot; : &quot;done&quot;,
      &quot;validationDate&quot; : &quot;2017-05-03T00:00&quot;,
      &quot;validationResult&quot; : &quot;partial&quot;
    },
    &quot;TMFAPICallStatus&quot; : true
  }, {
    &quot;LoopBlockIterationIndex&quot; : 2,
    &quot;LoopBlockIterationStatus&quot; : true,
    &quot;PayLoadForAddressValidation&quot; : {
      &quot;Id&quot; : &quot;a4t4x0000010b8KAAQ&quot;,
      &quot;city&quot; : &quot;Ottawa&quot;,
      &quot;postcode&quot; : &quot;K1R 0C7&quot;,
      &quot;streetName&quot; : &quot;361 Queen St&quot;
    },
    &quot;PayLoadForAddressValidationStatus&quot; : true,
    &quot;TMFAPICall&quot; : {
      &quot;alternateAddress&quot; : [ {
        &quot;@type&quot; : &quot;UrbanPropertyAddress &quot;,
        &quot;city&quot; : &quot;Lyon&quot;,
        &quot;country&quot; : &quot;France&quot;,
        &quot;geographicLocationReforValue&quot; : {
          &quot;href&quot; : &quot;https://host:port/location/geographicLocation/7200&quot;,
          &quot;id&quot; : &quot;7200&quot;
        },
        &quot;href&quot; : &quot;https://host:port/location/geographicAddress/1960&quot;,
        &quot;id&quot; : &quot;1960&quot;,
        &quot;locality&quot; : &quot;Lyon&quot;,
        &quot;postcode&quot; : &quot;69004&quot;,
        &quot;stateOrProvince&quot; : &quot;Rhone&quot;,
        &quot;streetName&quot; : &quot;Denfert-Rocheraut&quot;,
        &quot;streetNr&quot; : &quot;2&quot;,
        &quot;streetType&quot; : &quot;rue&quot;
      }, {
        &quot;@type&quot; : &quot;UrbanPropertyAddress &quot;,
        &quot;city&quot; : &quot;Lyon&quot;,
        &quot;country&quot; : &quot;France&quot;,
        &quot;geographicLocationRefOrValue&quot; : {
          &quot;href&quot; : &quot;https://host:port/location/geographicLocation/7204&quot;,
          &quot;id&quot; : &quot;7204&quot;
        },
        &quot;href&quot; : &quot;https://host:port/location/geographicAddress/8965&quot;,
        &quot;id&quot; : &quot;8965&quot;,
        &quot;locality&quot; : &quot;Lyon&quot;,
        &quot;postcode&quot; : &quot;69004&quot;,
        &quot;stateOrProvince&quot; : &quot;Rhone&quot;,
        &quot;streetName&quot; : &quot;Denfert-Rocheraut&quot;,
        &quot;streetNr&quot; : &quot;4&quot;,
        &quot;streetType&quot; : &quot;rue&quot;
      }, {
        &quot;@type&quot; : &quot;UrbanPropertyAddress&quot;,
        &quot;city&quot; : &quot;Lyon&quot;,
        &quot;country&quot; : &quot;France&quot;,
        &quot;geographicLocationRefOrValue&quot; : {
          &quot;href&quot; : &quot;https://host:port/location/geographicLocation/7263&quot;,
          &quot;id&quot; : &quot;7263&quot;
        },
        &quot;href&quot; : &quot;https://host:port/location/geographicAddress/7854&quot;,
        &quot;id&quot; : &quot;7854&quot;,
        &quot;locality&quot; : &quot;Lyon&quot;,
        &quot;postcode&quot; : &quot;69004&quot;,
        &quot;stateOrProvince&quot; : &quot;Rhone&quot;,
        &quot;streetName&quot; : &quot;Denfert-Rocheraut&quot;,
        &quot;streetNr&quot; : &quot;6&quot;,
        &quot;streetType&quot; : &quot;rue&quot;
      }, {
        &quot;@type&quot; : &quot;UrbanPropertyAddress&quot;,
        &quot;city&quot; : &quot;Lyon&quot;,
        &quot;country&quot; : &quot;France&quot;,
        &quot;geographicLocationRefOrValue&quot; : {
          &quot;href&quot; : &quot;https://host:port/location/geographicLocation/8523&quot;,
          &quot;id&quot; : &quot;8523&quot;
        },
        &quot;href&quot; : &quot;https://host:port/location/geographicAddress/1236&quot;,
        &quot;id&quot; : &quot;1236&quot;,
        &quot;locality&quot; : &quot;Lyon&quot;,
        &quot;postcode&quot; : &quot;69004&quot;,
        &quot;stateOrProvince&quot; : &quot;Rhone&quot;,
        &quot;streetName&quot; : &quot;Denfert-Rocheraut&quot;,
        &quot;streetNr&quot; : &quot;8&quot;,
        &quot;streetType&quot; : &quot;rue&quot;
      } ],
      &quot;href&quot; : &quot;https://host:port/location/geographicAddressValidation/8318&quot;,
      &quot;id&quot; : &quot;8318&quot;,
      &quot;provideAlternative&quot; : true,
      &quot;status&quot; : &quot;done&quot;,
      &quot;validationDate&quot; : &quot;2017-05-03T00:00&quot;,
      &quot;validationResult&quot; : &quot;partial&quot;
    },
    &quot;TMFAPICallStatus&quot; : true
  } ]
}</expectedInputJson>
    <fieldLevelSecurityEnabled>false</fieldLevelSecurityEnabled>
    <inputType>JSON</inputType>
    <name>QuoteMembersAddressUpdate</name>
    <nullInputsIncludedInOutput>false</nullInputsIncludedInOutput>
    <omniDataTransformItem>
        <disabled>true</disabled>
        <filterGroup>0.0</filterGroup>
        <filterOperator>=</filterOperator>
        <globalKey>QuoteMembersAddressUpdateCustom9676</globalKey>
        <inputObjectQuerySequence>0.0</inputObjectQuerySequence>
        <linkedObjectSequence>0.0</linkedObjectSequence>
        <migrationValue>FAKEMAPPING</migrationValue>
        <name>QuoteMembersAddressUpdate</name>
        <outputCreationSequence>1.0</outputCreationSequence>
        <outputFieldName>Id</outputFieldName>
        <outputObjectName>vlocity_cmt__QuoteMember__c</outputObjectName>
        <requiredForUpsert>false</requiredForUpsert>
        <upsertKey>false</upsertKey>
    </omniDataTransformItem>
    <omniDataTransformItem>
        <disabled>false</disabled>
        <filterGroup>0.0</filterGroup>
        <globalKey>QuoteMembersAddressUpdateCustom8884</globalKey>
        <inputFieldName>EachQuotemember:ValidationResult</inputFieldName>
        <inputObjectQuerySequence>0.0</inputObjectQuerySequence>
        <linkedObjectSequence>0.0</linkedObjectSequence>
        <name>QuoteMembersAddressUpdate</name>
        <outputCreationSequence>1.0</outputCreationSequence>
        <outputFieldName>vlocity_cmt__AddressValidationResult__c</outputFieldName>
        <outputObjectName>vlocity_cmt__QuoteMember__c</outputObjectName>
        <requiredForUpsert>false</requiredForUpsert>
        <upsertKey>false</upsertKey>
    </omniDataTransformItem>
    <omniDataTransformItem>
        <disabled>false</disabled>
        <filterGroup>0.0</filterGroup>
        <globalKey>QuoteMembersAddressUpdateCustom522</globalKey>
        <inputFieldName>EachQuotemember:QuoteMemberId</inputFieldName>
        <inputObjectQuerySequence>0.0</inputObjectQuerySequence>
        <linkedObjectSequence>0.0</linkedObjectSequence>
        <name>QuoteMembersAddressUpdate</name>
        <outputCreationSequence>1.0</outputCreationSequence>
        <outputFieldName>Id</outputFieldName>
        <outputObjectName>vlocity_cmt__QuoteMember__c</outputObjectName>
        <requiredForUpsert>false</requiredForUpsert>
        <upsertKey>false</upsertKey>
    </omniDataTransformItem>
    <omniDataTransformItem>
        <disabled>false</disabled>
        <filterGroup>0.0</filterGroup>
        <globalKey>QuoteMembersAddressUpdateCustom4105</globalKey>
        <inputFieldName>EachQuotemember:ValidationDate</inputFieldName>
        <inputObjectQuerySequence>0.0</inputObjectQuerySequence>
        <linkedObjectSequence>0.0</linkedObjectSequence>
        <name>QuoteMembersAddressUpdate</name>
        <outputCreationSequence>1.0</outputCreationSequence>
        <outputFieldName>vlocity_cmt__AddressValidationDate__c</outputFieldName>
        <outputObjectName>vlocity_cmt__QuoteMember__c</outputObjectName>
        <requiredForUpsert>false</requiredForUpsert>
        <upsertKey>false</upsertKey>
    </omniDataTransformItem>
    <outputType>SObject</outputType>
    <previewJsonData>{
  &quot;EachQuotemember&quot; : [ {
    &quot;LoopBlockIterationIndex&quot; : 1,
    &quot;LoopBlockIterationStatus&quot; : true,
    &quot;PayLoadForAddressValidationStatus&quot; : true,
    &quot;QuoteMemberId&quot; : &quot;a4t4x0000010b8JAAQ&quot;,
    &quot;TMFAPICallStatus&quot; : true,
    &quot;ValidationDate&quot; : &quot;2017-05-03T00:00:00.000Z&quot;,
    &quot;ValidationResult&quot; : &quot;partial&quot;
  }, {
    &quot;LoopBlockIterationIndex&quot; : 2,
    &quot;LoopBlockIterationStatus&quot; : true,
    &quot;PayLoadForAddressValidationStatus&quot; : true,
    &quot;QuoteMemberId&quot; : &quot;a4t4x0000010b8KAAQ&quot;,
    &quot;TMFAPICallStatus&quot; : true,
    &quot;ValidationDate&quot; : &quot;2017-05-03T00:00:00.000Z&quot;,
    &quot;ValidationResult&quot; : &quot;partial&quot;
  } ]
}</previewJsonData>
    <processSuperBulk>false</processSuperBulk>
    <responseCacheTtlMinutes>0.0</responseCacheTtlMinutes>
    <rollbackOnError>false</rollbackOnError>
    <sourceObject>json</sourceObject>
    <sourceObjectDefault>false</sourceObjectDefault>
    <synchronousProcessThreshold>0.0</synchronousProcessThreshold>
    <type>Load</type>
    <uniqueName>QuoteMembersAddressUpdate_1</uniqueName>
    <versionNumber>1.0</versionNumber>
    <xmlDeclarationRemoved>false</xmlDeclarationRemoved>
</OmniDataTransform>
