<?xml version="1.0" encoding="UTF-8"?>
<OmniDataTransform xmlns="http://soap.sforce.com/2006/04/metadata">
    <active>false</active>
    <assignmentRulesUsed>false</assignmentRulesUsed>
    <deletedOnSuccess>false</deletedOnSuccess>
    <errorIgnored>false</errorIgnored>
    <fieldLevelSecurityEnabled>false</fieldLevelSecurityEnabled>
    <inputType>JSON</inputType>
    <name>QuoteDiscountExtractCreate</name>
    <nullInputsIncludedInOutput>false</nullInputsIncludedInOutput>
    <omniDataTransformItem>
        <disabled>false</disabled>
        <filterGroup>0.0</filterGroup>
        <globalKey>Quote ExtractCustom393</globalKey>
        <inputFieldName>Quote:Discount:DiscountPricing:vlocity_cmt__Amount__c</inputFieldName>
        <inputObjectQuerySequence>0.0</inputObjectQuerySequence>
        <linkedObjectSequence>0.0</linkedObjectSequence>
        <name>QuoteDiscountExtractCreate</name>
        <outputCreationSequence>1.0</outputCreationSequence>
        <outputFieldName>Quote:Discount:DiscountPricing:Amount</outputFieldName>
        <outputObjectName>json</outputObjectName>
        <requiredForUpsert>false</requiredForUpsert>
        <upsertKey>false</upsertKey>
    </omniDataTransformItem>
    <omniDataTransformItem>
        <disabled>false</disabled>
        <filterGroup>0.0</filterGroup>
        <globalKey>QuoteDiscountExtractCreateCustom8226</globalKey>
        <inputFieldName>Quote:Discount:vlocity_cmt__AppliesToAllItems__c</inputFieldName>
        <inputObjectQuerySequence>0.0</inputObjectQuerySequence>
        <linkedObjectSequence>0.0</linkedObjectSequence>
        <name>QuoteDiscountExtractCreate</name>
        <outputCreationSequence>1.0</outputCreationSequence>
        <outputFieldName>Quote:Discount:AppliesToAllItems</outputFieldName>
        <outputObjectName>json</outputObjectName>
        <requiredForUpsert>false</requiredForUpsert>
        <upsertKey>false</upsertKey>
    </omniDataTransformItem>
    <omniDataTransformItem>
        <disabled>false</disabled>
        <filterGroup>0.0</filterGroup>
        <globalKey>Quote ExtractCustom9912</globalKey>
        <inputFieldName>Quote:Name</inputFieldName>
        <inputObjectQuerySequence>0.0</inputObjectQuerySequence>
        <linkedObjectSequence>0.0</linkedObjectSequence>
        <name>QuoteDiscountExtractCreate</name>
        <outputCreationSequence>1.0</outputCreationSequence>
        <outputFieldName>Quote:Name</outputFieldName>
        <outputObjectName>json</outputObjectName>
        <requiredForUpsert>false</requiredForUpsert>
        <upsertKey>false</upsertKey>
    </omniDataTransformItem>
    <omniDataTransformItem>
        <disabled>false</disabled>
        <filterGroup>0.0</filterGroup>
        <globalKey>Quote ExtractCustom8937</globalKey>
        <inputFieldName>Quote:Discount:vlocity_cmt__ReferenceNumber__c</inputFieldName>
        <inputObjectQuerySequence>0.0</inputObjectQuerySequence>
        <linkedObjectSequence>0.0</linkedObjectSequence>
        <name>QuoteDiscountExtractCreate</name>
        <outputCreationSequence>1.0</outputCreationSequence>
        <outputFieldName>Quote:Discount:ReferenceNumber</outputFieldName>
        <outputObjectName>json</outputObjectName>
        <requiredForUpsert>false</requiredForUpsert>
        <upsertKey>false</upsertKey>
    </omniDataTransformItem>
    <omniDataTransformItem>
        <disabled>false</disabled>
        <filterGroup>0.0</filterGroup>
        <globalKey>Quote ExtractCustom4321</globalKey>
        <inputFieldName>Quote:AccountId</inputFieldName>
        <inputObjectQuerySequence>0.0</inputObjectQuerySequence>
        <linkedObjectSequence>0.0</linkedObjectSequence>
        <name>QuoteDiscountExtractCreate</name>
        <outputCreationSequence>1.0</outputCreationSequence>
        <outputFieldName>Quote:AccountId</outputFieldName>
        <outputObjectName>json</outputObjectName>
        <requiredForUpsert>false</requiredForUpsert>
        <upsertKey>false</upsertKey>
    </omniDataTransformItem>
    <omniDataTransformItem>
        <disabled>false</disabled>
        <filterGroup>0.0</filterGroup>
        <globalKey>Quote ExtractCustom1828</globalKey>
        <inputFieldName>Quote:Discount:DiscountPricing:vlocity_cmt__TimePolicyId__c</inputFieldName>
        <inputObjectQuerySequence>0.0</inputObjectQuerySequence>
        <linkedObjectSequence>0.0</linkedObjectSequence>
        <name>QuoteDiscountExtractCreate</name>
        <outputCreationSequence>1.0</outputCreationSequence>
        <outputFieldName>Quote:Discount:DiscountPricing:TimePolicyId</outputFieldName>
        <outputObjectName>json</outputObjectName>
        <requiredForUpsert>false</requiredForUpsert>
        <upsertKey>false</upsertKey>
    </omniDataTransformItem>
    <omniDataTransformItem>
        <disabled>false</disabled>
        <filterGroup>0.0</filterGroup>
        <globalKey>Quote ExtractCustom2231</globalKey>
        <inputFieldName>Quote:Discount:vlocity_cmt__DiscountTemplateId__c</inputFieldName>
        <inputObjectQuerySequence>0.0</inputObjectQuerySequence>
        <linkedObjectSequence>0.0</linkedObjectSequence>
        <name>QuoteDiscountExtractCreate</name>
        <outputCreationSequence>1.0</outputCreationSequence>
        <outputFieldName>Quote:Discount:TemplateId</outputFieldName>
        <outputObjectName>json</outputObjectName>
        <requiredForUpsert>false</requiredForUpsert>
        <upsertKey>false</upsertKey>
    </omniDataTransformItem>
    <omniDataTransformItem>
        <disabled>false</disabled>
        <filterGroup>0.0</filterGroup>
        <globalKey>Quote ExtractCustom2269</globalKey>
        <inputFieldName>Quote:Discount:DiscountPricing:vlocity_cmt__PricingVariableId__c</inputFieldName>
        <inputObjectQuerySequence>0.0</inputObjectQuerySequence>
        <linkedObjectSequence>0.0</linkedObjectSequence>
        <name>QuoteDiscountExtractCreate</name>
        <outputCreationSequence>1.0</outputCreationSequence>
        <outputFieldName>Quote:Discount:DiscountPricing:PricingVariableId</outputFieldName>
        <outputObjectName>json</outputObjectName>
        <requiredForUpsert>false</requiredForUpsert>
        <upsertKey>false</upsertKey>
    </omniDataTransformItem>
    <omniDataTransformItem>
        <disabled>false</disabled>
        <filterGroup>0.0</filterGroup>
        <globalKey>Quote ExtractCustom6637</globalKey>
        <inputFieldName>Quote:Discount:DiscountPricing:vlocity_cmt__TimePlanId__c</inputFieldName>
        <inputObjectQuerySequence>0.0</inputObjectQuerySequence>
        <linkedObjectSequence>0.0</linkedObjectSequence>
        <name>QuoteDiscountExtractCreate</name>
        <outputCreationSequence>1.0</outputCreationSequence>
        <outputFieldName>Quote:Discount:DiscountPricing:TimePlanId</outputFieldName>
        <outputObjectName>json</outputObjectName>
        <requiredForUpsert>false</requiredForUpsert>
        <upsertKey>false</upsertKey>
    </omniDataTransformItem>
    <omniDataTransformItem>
        <disabled>false</disabled>
        <filterGroup>0.0</filterGroup>
        <filterOperator>=</filterOperator>
        <filterValue>Quote:Discount:Id</filterValue>
        <globalKey>Quote ExtractCustom5344</globalKey>
        <inputFieldName>vlocity_cmt__QuoteDiscountId__c</inputFieldName>
        <inputObjectName>vlocity_cmt__QuoteDiscountPricing__c</inputObjectName>
        <inputObjectQuerySequence>4.0</inputObjectQuerySequence>
        <linkedObjectSequence>0.0</linkedObjectSequence>
        <name>QuoteDiscountExtractCreate</name>
        <outputCreationSequence>0.0</outputCreationSequence>
        <outputFieldName>Quote:Discount:DiscountPricing</outputFieldName>
        <outputObjectName>json</outputObjectName>
        <requiredForUpsert>false</requiredForUpsert>
        <upsertKey>false</upsertKey>
    </omniDataTransformItem>
    <omniDataTransformItem>
        <disabled>false</disabled>
        <filterGroup>0.0</filterGroup>
        <globalKey>Quote ExtractCustom4040</globalKey>
        <inputFieldName>Quote:Discount:Name</inputFieldName>
        <inputObjectQuerySequence>0.0</inputObjectQuerySequence>
        <linkedObjectSequence>0.0</linkedObjectSequence>
        <name>QuoteDiscountExtractCreate</name>
        <outputCreationSequence>1.0</outputCreationSequence>
        <outputFieldName>Quote:Discount:Name</outputFieldName>
        <outputObjectName>json</outputObjectName>
        <requiredForUpsert>false</requiredForUpsert>
        <upsertKey>false</upsertKey>
    </omniDataTransformItem>
    <omniDataTransformItem>
        <disabled>false</disabled>
        <filterGroup>0.0</filterGroup>
        <globalKey>Quote ExtractCustom6135</globalKey>
        <inputFieldName>Quote:Discount:DiscountItem:vlocity_cmt__CatalogCategoryId__c</inputFieldName>
        <inputObjectQuerySequence>0.0</inputObjectQuerySequence>
        <linkedObjectSequence>0.0</linkedObjectSequence>
        <name>QuoteDiscountExtractCreate</name>
        <outputCreationSequence>1.0</outputCreationSequence>
        <outputFieldName>Quote:Discount:DiscountItem:CatalogCategoryId</outputFieldName>
        <outputObjectName>json</outputObjectName>
        <requiredForUpsert>false</requiredForUpsert>
        <upsertKey>false</upsertKey>
    </omniDataTransformItem>
    <omniDataTransformItem>
        <disabled>false</disabled>
        <filterGroup>0.0</filterGroup>
        <globalKey>Quote ExtractCustom5538</globalKey>
        <inputFieldName>Quote:Discount:DiscountItem:vlocity_cmt__ProductId__c</inputFieldName>
        <inputObjectQuerySequence>0.0</inputObjectQuerySequence>
        <linkedObjectSequence>0.0</linkedObjectSequence>
        <name>QuoteDiscountExtractCreate</name>
        <outputCreationSequence>1.0</outputCreationSequence>
        <outputFieldName>Quote:Discount:DiscountItem:ProductId</outputFieldName>
        <outputObjectName>json</outputObjectName>
        <requiredForUpsert>false</requiredForUpsert>
        <upsertKey>false</upsertKey>
    </omniDataTransformItem>
    <omniDataTransformItem>
        <disabled>false</disabled>
        <filterGroup>0.0</filterGroup>
        <globalKey>QuoteDiscountExtractCreateCustom8531</globalKey>
        <inputFieldName>Quote:vlocity_cmt__RenewalSourceContractId__c</inputFieldName>
        <inputObjectQuerySequence>0.0</inputObjectQuerySequence>
        <linkedObjectSequence>0.0</linkedObjectSequence>
        <name>QuoteDiscountExtractCreate</name>
        <outputCreationSequence>1.0</outputCreationSequence>
        <outputFieldName>Quote:originalContractId</outputFieldName>
        <outputObjectName>json</outputObjectName>
        <requiredForUpsert>false</requiredForUpsert>
        <upsertKey>false</upsertKey>
    </omniDataTransformItem>
    <omniDataTransformItem>
        <disabled>false</disabled>
        <filterGroup>0.0</filterGroup>
        <globalKey>Quote ExtractCustom658</globalKey>
        <inputFieldName>Quote:Discount:vlocity_cmt__EffectiveStartDate__c</inputFieldName>
        <inputObjectQuerySequence>0.0</inputObjectQuerySequence>
        <linkedObjectSequence>0.0</linkedObjectSequence>
        <name>QuoteDiscountExtractCreate</name>
        <outputCreationSequence>1.0</outputCreationSequence>
        <outputFieldName>Quote:Discount:EffectiveStartDate</outputFieldName>
        <outputObjectName>json</outputObjectName>
        <requiredForUpsert>false</requiredForUpsert>
        <upsertKey>false</upsertKey>
    </omniDataTransformItem>
    <omniDataTransformItem>
        <disabled>false</disabled>
        <filterGroup>0.0</filterGroup>
        <globalKey>Quote ExtractCustom9555</globalKey>
        <inputFieldName>Quote:Discount:DiscountItem:Name</inputFieldName>
        <inputObjectQuerySequence>0.0</inputObjectQuerySequence>
        <linkedObjectSequence>0.0</linkedObjectSequence>
        <name>QuoteDiscountExtractCreate</name>
        <outputCreationSequence>1.0</outputCreationSequence>
        <outputFieldName>Quote:Discount:DiscountItem:Name</outputFieldName>
        <outputObjectName>json</outputObjectName>
        <requiredForUpsert>false</requiredForUpsert>
        <upsertKey>false</upsertKey>
    </omniDataTransformItem>
    <omniDataTransformItem>
        <disabled>false</disabled>
        <filterGroup>0.0</filterGroup>
        <globalKey>Quote ExtractCustom7114</globalKey>
        <inputFieldName>Quote:Discount:vlocity_cmt__Description__c</inputFieldName>
        <inputObjectQuerySequence>0.0</inputObjectQuerySequence>
        <linkedObjectSequence>0.0</linkedObjectSequence>
        <name>QuoteDiscountExtractCreate</name>
        <outputCreationSequence>1.0</outputCreationSequence>
        <outputFieldName>Quote:Discount:Description</outputFieldName>
        <outputObjectName>json</outputObjectName>
        <requiredForUpsert>false</requiredForUpsert>
        <upsertKey>false</upsertKey>
    </omniDataTransformItem>
    <omniDataTransformItem>
        <disabled>false</disabled>
        <filterGroup>0.0</filterGroup>
        <globalKey>Quote ExtractCustom9031</globalKey>
        <inputFieldName>Quote:Discount:DiscountPricing:vlocity_cmt__AdjustmentValue__c</inputFieldName>
        <inputObjectQuerySequence>0.0</inputObjectQuerySequence>
        <linkedObjectSequence>0.0</linkedObjectSequence>
        <name>QuoteDiscountExtractCreate</name>
        <outputCreationSequence>1.0</outputCreationSequence>
        <outputFieldName>Quote:Discount:DiscountPricing:AdjustmentValue</outputFieldName>
        <outputObjectName>json</outputObjectName>
        <requiredForUpsert>false</requiredForUpsert>
        <upsertKey>false</upsertKey>
    </omniDataTransformItem>
    <omniDataTransformItem>
        <disabled>false</disabled>
        <filterGroup>0.0</filterGroup>
        <globalKey>Quote ExtractCustom4097</globalKey>
        <inputFieldName>Quote:Discount:DiscountPricing:Name</inputFieldName>
        <inputObjectQuerySequence>0.0</inputObjectQuerySequence>
        <linkedObjectSequence>0.0</linkedObjectSequence>
        <name>QuoteDiscountExtractCreate</name>
        <outputCreationSequence>1.0</outputCreationSequence>
        <outputFieldName>Quote:Discount:DiscountPricing:Name</outputFieldName>
        <outputObjectName>json</outputObjectName>
        <requiredForUpsert>false</requiredForUpsert>
        <upsertKey>false</upsertKey>
    </omniDataTransformItem>
    <omniDataTransformItem>
        <disabled>false</disabled>
        <filterGroup>0.0</filterGroup>
        <filterOperator>=</filterOperator>
        <filterValue>&apos;Contract&apos;</filterValue>
        <globalKey>QuoteDiscountExtractCreateCustom8439</globalKey>
        <inputFieldName>vlocity_cmt__DiscountType__c</inputFieldName>
        <inputObjectName>vlocity_cmt__QuoteDiscount__c</inputObjectName>
        <inputObjectQuerySequence>2.0</inputObjectQuerySequence>
        <linkedObjectSequence>0.0</linkedObjectSequence>
        <name>QuoteDiscountExtractCreate</name>
        <outputCreationSequence>0.0</outputCreationSequence>
        <outputFieldName>Quote:Discount</outputFieldName>
        <outputObjectName>json</outputObjectName>
        <requiredForUpsert>false</requiredForUpsert>
        <upsertKey>false</upsertKey>
    </omniDataTransformItem>
    <omniDataTransformItem>
        <disabled>false</disabled>
        <filterGroup>0.0</filterGroup>
        <filterOperator>=</filterOperator>
        <filterValue>Quote:Discount:Id</filterValue>
        <globalKey>Quote ExtractCustom1444</globalKey>
        <inputFieldName>vlocity_cmt__QuoteDiscountId__c</inputFieldName>
        <inputObjectName>vlocity_cmt__QuoteDiscountItem__c</inputObjectName>
        <inputObjectQuerySequence>3.0</inputObjectQuerySequence>
        <linkedObjectSequence>0.0</linkedObjectSequence>
        <name>QuoteDiscountExtractCreate</name>
        <outputCreationSequence>0.0</outputCreationSequence>
        <outputFieldName>Quote:Discount:DiscountItem</outputFieldName>
        <outputObjectName>json</outputObjectName>
        <requiredForUpsert>false</requiredForUpsert>
        <upsertKey>false</upsertKey>
    </omniDataTransformItem>
    <omniDataTransformItem>
        <disabled>false</disabled>
        <filterGroup>0.0</filterGroup>
        <filterOperator>=</filterOperator>
        <filterValue>&apos;Contract&apos;</filterValue>
        <globalKey>QuoteDiscountExtractCreateCustom399</globalKey>
        <inputFieldName>vlocity_cmt__DiscountType__c</inputFieldName>
        <inputObjectName>vlocity_cmt__QuoteDiscount__c</inputObjectName>
        <inputObjectQuerySequence>5.0</inputObjectQuerySequence>
        <linkedObjectSequence>0.0</linkedObjectSequence>
        <name>QuoteDiscountExtractCreate</name>
        <outputCreationSequence>0.0</outputCreationSequence>
        <outputFieldName>Quote:DeactivatedDiscounts</outputFieldName>
        <outputObjectName>json</outputObjectName>
        <requiredForUpsert>false</requiredForUpsert>
        <upsertKey>false</upsertKey>
    </omniDataTransformItem>
    <omniDataTransformItem>
        <disabled>false</disabled>
        <filterGroup>0.0</filterGroup>
        <filterOperator>=</filterOperator>
        <filterValue>&apos;Deactivate&apos;</filterValue>
        <globalKey>QuoteDiscountExtractCreateCustom9644</globalKey>
        <inputFieldName>vlocity_cmt__Action__c</inputFieldName>
        <inputObjectName>vlocity_cmt__QuoteDiscount__c</inputObjectName>
        <inputObjectQuerySequence>5.0</inputObjectQuerySequence>
        <linkedObjectSequence>0.0</linkedObjectSequence>
        <name>QuoteDiscountExtractCreate</name>
        <outputCreationSequence>0.0</outputCreationSequence>
        <outputFieldName>Quote:DeactivatedDiscounts</outputFieldName>
        <outputObjectName>json</outputObjectName>
        <requiredForUpsert>false</requiredForUpsert>
        <upsertKey>false</upsertKey>
    </omniDataTransformItem>
    <omniDataTransformItem>
        <disabled>false</disabled>
        <filterGroup>0.0</filterGroup>
        <filterOperator>=</filterOperator>
        <filterValue>Id</filterValue>
        <globalKey>Quote ExtractCustom5019</globalKey>
        <inputFieldName>vlocity_cmt__QuoteId__c</inputFieldName>
        <inputObjectName>vlocity_cmt__QuoteDiscount__c</inputObjectName>
        <inputObjectQuerySequence>2.0</inputObjectQuerySequence>
        <linkedObjectSequence>0.0</linkedObjectSequence>
        <name>QuoteDiscountExtractCreate</name>
        <outputCreationSequence>0.0</outputCreationSequence>
        <outputFieldName>Quote:Discount</outputFieldName>
        <outputObjectName>json</outputObjectName>
        <requiredForUpsert>false</requiredForUpsert>
        <upsertKey>false</upsertKey>
    </omniDataTransformItem>
    <omniDataTransformItem>
        <disabled>false</disabled>
        <filterGroup>0.0</filterGroup>
        <filterOperator>=</filterOperator>
        <filterValue>&apos;&apos;</filterValue>
        <globalKey>QuoteDiscountExtractCreateCustom3638</globalKey>
        <inputFieldName>vlocity_cmt__EffectiveEndDate__c</inputFieldName>
        <inputObjectName>vlocity_cmt__QuoteDiscount__c</inputObjectName>
        <inputObjectQuerySequence>5.0</inputObjectQuerySequence>
        <linkedObjectSequence>0.0</linkedObjectSequence>
        <name>QuoteDiscountExtractCreate</name>
        <outputCreationSequence>0.0</outputCreationSequence>
        <outputFieldName>Quote:DeactivatedDiscounts</outputFieldName>
        <outputObjectName>json</outputObjectName>
        <requiredForUpsert>false</requiredForUpsert>
        <upsertKey>false</upsertKey>
    </omniDataTransformItem>
    <omniDataTransformItem>
        <disabled>false</disabled>
        <filterGroup>0.0</filterGroup>
        <filterOperator>=</filterOperator>
        <filterValue>Id</filterValue>
        <globalKey>Quote ExtractCustom3777</globalKey>
        <inputFieldName>Id</inputFieldName>
        <inputObjectName>Quote</inputObjectName>
        <inputObjectQuerySequence>1.0</inputObjectQuerySequence>
        <linkedObjectSequence>0.0</linkedObjectSequence>
        <name>QuoteDiscountExtractCreate</name>
        <outputCreationSequence>0.0</outputCreationSequence>
        <outputFieldName>Quote</outputFieldName>
        <outputObjectName>json</outputObjectName>
        <requiredForUpsert>false</requiredForUpsert>
        <upsertKey>false</upsertKey>
    </omniDataTransformItem>
    <omniDataTransformItem>
        <disabled>false</disabled>
        <filterGroup>0.0</filterGroup>
        <filterOperator>=</filterOperator>
        <filterValue>&apos;Approved&apos;</filterValue>
        <globalKey>QuoteDiscountExtractCreateCustom4637</globalKey>
        <inputFieldName>vlocity_cmt__ApprovalStatus__c</inputFieldName>
        <inputObjectName>vlocity_cmt__QuoteDiscount__c</inputObjectName>
        <inputObjectQuerySequence>2.0</inputObjectQuerySequence>
        <linkedObjectSequence>0.0</linkedObjectSequence>
        <name>QuoteDiscountExtractCreate</name>
        <outputCreationSequence>0.0</outputCreationSequence>
        <outputFieldName>Quote:Discount</outputFieldName>
        <outputObjectName>json</outputObjectName>
        <requiredForUpsert>false</requiredForUpsert>
        <upsertKey>false</upsertKey>
    </omniDataTransformItem>
    <omniDataTransformItem>
        <disabled>false</disabled>
        <filterGroup>0.0</filterGroup>
        <globalKey>Quote ExtractCustom2132</globalKey>
        <inputFieldName>Quote:Discount:vlocity_cmt__EffectiveEndDate__c</inputFieldName>
        <inputObjectQuerySequence>0.0</inputObjectQuerySequence>
        <linkedObjectSequence>0.0</linkedObjectSequence>
        <name>QuoteDiscountExtractCreate</name>
        <outputCreationSequence>1.0</outputCreationSequence>
        <outputFieldName>Quote:Discount:EffectiveEndDate</outputFieldName>
        <outputObjectName>json</outputObjectName>
        <requiredForUpsert>false</requiredForUpsert>
        <upsertKey>false</upsertKey>
    </omniDataTransformItem>
    <omniDataTransformItem>
        <disabled>false</disabled>
        <filterGroup>0.0</filterGroup>
        <globalKey>Quote ExtractCustom2404</globalKey>
        <inputFieldName>Quote:Discount:DiscountItem:vlocity_cmt__Description__c</inputFieldName>
        <inputObjectQuerySequence>0.0</inputObjectQuerySequence>
        <linkedObjectSequence>0.0</linkedObjectSequence>
        <name>QuoteDiscountExtractCreate</name>
        <outputCreationSequence>1.0</outputCreationSequence>
        <outputFieldName>Quote:Discount:DiscountItem:Description</outputFieldName>
        <outputObjectName>json</outputObjectName>
        <requiredForUpsert>false</requiredForUpsert>
        <upsertKey>false</upsertKey>
    </omniDataTransformItem>
    <omniDataTransformItem>
        <disabled>false</disabled>
        <filterGroup>0.0</filterGroup>
        <filterOperator>&lt;&gt;</filterOperator>
        <filterValue>&apos;Deactivate&apos;</filterValue>
        <globalKey>QuoteDiscountExtractCreateCustom1795</globalKey>
        <inputFieldName>vlocity_cmt__Action__c</inputFieldName>
        <inputObjectName>vlocity_cmt__QuoteDiscount__c</inputObjectName>
        <inputObjectQuerySequence>2.0</inputObjectQuerySequence>
        <linkedObjectSequence>0.0</linkedObjectSequence>
        <name>QuoteDiscountExtractCreate</name>
        <outputCreationSequence>0.0</outputCreationSequence>
        <outputFieldName>Quote:Discount</outputFieldName>
        <outputObjectName>json</outputObjectName>
        <requiredForUpsert>false</requiredForUpsert>
        <upsertKey>false</upsertKey>
    </omniDataTransformItem>
    <omniDataTransformItem>
        <disabled>false</disabled>
        <filterGroup>0.0</filterGroup>
        <filterOperator>=</filterOperator>
        <filterValue>Id</filterValue>
        <globalKey>QuoteDiscountExtractCreateCustom2646</globalKey>
        <inputFieldName>vlocity_cmt__QuoteId__c</inputFieldName>
        <inputObjectName>vlocity_cmt__QuoteDiscount__c</inputObjectName>
        <inputObjectQuerySequence>5.0</inputObjectQuerySequence>
        <linkedObjectSequence>0.0</linkedObjectSequence>
        <name>QuoteDiscountExtractCreate</name>
        <outputCreationSequence>0.0</outputCreationSequence>
        <outputFieldName>Quote:DeactivatedDiscounts</outputFieldName>
        <outputObjectName>json</outputObjectName>
        <requiredForUpsert>false</requiredForUpsert>
        <upsertKey>false</upsertKey>
    </omniDataTransformItem>
    <omniDataTransformItem>
        <disabled>false</disabled>
        <filterGroup>0.0</filterGroup>
        <globalKey>QuoteDiscountExtractCreateCustom7861</globalKey>
        <inputFieldName>Quote:DeactivatedDiscounts:vlocity_cmt__EffectiveEndDate__c</inputFieldName>
        <inputObjectQuerySequence>0.0</inputObjectQuerySequence>
        <linkedObjectSequence>0.0</linkedObjectSequence>
        <name>QuoteDiscountExtractCreate</name>
        <outputCreationSequence>1.0</outputCreationSequence>
        <outputFieldName>Quote:DeactivatedDiscounts:EffectiveEndDate</outputFieldName>
        <outputObjectName>json</outputObjectName>
        <requiredForUpsert>false</requiredForUpsert>
        <upsertKey>false</upsertKey>
    </omniDataTransformItem>
    <omniDataTransformItem>
        <disabled>false</disabled>
        <filterGroup>0.0</filterGroup>
        <filterOperator>=</filterOperator>
        <filterValue>&apos;Approved&apos;</filterValue>
        <globalKey>QuoteDiscountExtractCreateCustom4808</globalKey>
        <inputFieldName>vlocity_cmt__ApprovalStatus__c</inputFieldName>
        <inputObjectName>vlocity_cmt__QuoteDiscount__c</inputObjectName>
        <inputObjectQuerySequence>5.0</inputObjectQuerySequence>
        <linkedObjectSequence>0.0</linkedObjectSequence>
        <name>QuoteDiscountExtractCreate</name>
        <outputCreationSequence>0.0</outputCreationSequence>
        <outputFieldName>Quote:DeactivatedDiscounts</outputFieldName>
        <outputObjectName>json</outputObjectName>
        <requiredForUpsert>false</requiredForUpsert>
        <upsertKey>false</upsertKey>
    </omniDataTransformItem>
    <omniDataTransformItem>
        <disabled>false</disabled>
        <filterGroup>0.0</filterGroup>
        <globalKey>QuoteDiscountExtractCreateCustom6135</globalKey>
        <inputFieldName>Quote:DeactivatedDiscounts:Id</inputFieldName>
        <inputObjectQuerySequence>0.0</inputObjectQuerySequence>
        <linkedObjectSequence>0.0</linkedObjectSequence>
        <name>QuoteDiscountExtractCreate</name>
        <outputCreationSequence>1.0</outputCreationSequence>
        <outputFieldName>Quote:DeactivatedDiscounts:Id</outputFieldName>
        <outputObjectName>json</outputObjectName>
        <requiredForUpsert>false</requiredForUpsert>
        <upsertKey>false</upsertKey>
    </omniDataTransformItem>
    <outputType>JSON</outputType>
    <previewJsonData>{
  &quot;Id&quot; : &quot;0Q0f4000000ujY0&quot;
}</previewJsonData>
    <processSuperBulk>false</processSuperBulk>
    <responseCacheTtlMinutes>0.0</responseCacheTtlMinutes>
    <rollbackOnError>false</rollbackOnError>
    <sourceObject>json</sourceObject>
    <sourceObjectDefault>false</sourceObjectDefault>
    <synchronousProcessThreshold>-1.0</synchronousProcessThreshold>
    <type>Extract</type>
    <uniqueName>QuoteDiscountExtractCreate_1</uniqueName>
    <versionNumber>1.0</versionNumber>
    <xmlDeclarationRemoved>false</xmlDeclarationRemoved>
</OmniDataTransform>
