<?xml version="1.0" encoding="UTF-8"?>
<OmniDataTransform xmlns="http://soap.sforce.com/2006/04/metadata">
    <active>false</active>
    <assignmentRulesUsed>false</assignmentRulesUsed>
    <deletedOnSuccess>false</deletedOnSuccess>
    <errorIgnored>false</errorIgnored>
    <fieldLevelSecurityEnabled>false</fieldLevelSecurityEnabled>
    <inputType>JSON</inputType>
    <name>QuoteDiscountExtractUpdate</name>
    <nullInputsIncludedInOutput>false</nullInputsIncludedInOutput>
    <omniDataTransformItem>
        <disabled>false</disabled>
        <filterGroup>0.0</filterGroup>
        <globalKey>QuoteDiscountExtractUpdateCustoma0Nf4000004AAuOEAWItem8</globalKey>
        <inputFieldName>Quote:FrameContract:Version:Discount:vlocity_cmt__Description__c</inputFieldName>
        <inputObjectQuerySequence>0.0</inputObjectQuerySequence>
        <linkedObjectSequence>0.0</linkedObjectSequence>
        <name>QuoteDiscountExtractUpdate</name>
        <outputCreationSequence>1.0</outputCreationSequence>
        <outputFieldName>Quote:FrameContract:Version:Discount:Description</outputFieldName>
        <outputObjectName>json</outputObjectName>
        <requiredForUpsert>false</requiredForUpsert>
        <upsertKey>false</upsertKey>
    </omniDataTransformItem>
    <omniDataTransformItem>
        <disabled>false</disabled>
        <filterGroup>0.0</filterGroup>
        <globalKey>QuoteDiscountExtractUpdateCustoma0Nf4000004AAuOEAWItem11</globalKey>
        <inputFieldName>Quote:FrameContract:Version:Discount:vlocity_cmt__EffectiveStartDate__c</inputFieldName>
        <inputObjectQuerySequence>0.0</inputObjectQuerySequence>
        <linkedObjectSequence>0.0</linkedObjectSequence>
        <name>QuoteDiscountExtractUpdate</name>
        <outputCreationSequence>1.0</outputCreationSequence>
        <outputFieldName>Quote:FrameContract:Version:Discount:EffectiveStartDate</outputFieldName>
        <outputObjectName>json</outputObjectName>
        <requiredForUpsert>false</requiredForUpsert>
        <upsertKey>false</upsertKey>
    </omniDataTransformItem>
    <omniDataTransformItem>
        <disabled>false</disabled>
        <filterGroup>0.0</filterGroup>
        <filterOperator>=</filterOperator>
        <filterValue>&apos;Approved&apos;</filterValue>
        <globalKey>QuoteDiscountExtractUpdateCustom9175</globalKey>
        <inputFieldName>vlocity_cmt__ApprovalStatus__c</inputFieldName>
        <inputObjectName>vlocity_cmt__QuoteDiscount__c</inputObjectName>
        <inputObjectQuerySequence>4.0</inputObjectQuerySequence>
        <linkedObjectSequence>0.0</linkedObjectSequence>
        <name>QuoteDiscountExtractUpdate</name>
        <outputCreationSequence>0.0</outputCreationSequence>
        <outputFieldName>Quote:FrameContract:Version:Discount</outputFieldName>
        <outputObjectName>json</outputObjectName>
        <requiredForUpsert>false</requiredForUpsert>
        <upsertKey>false</upsertKey>
    </omniDataTransformItem>
    <omniDataTransformItem>
        <disabled>false</disabled>
        <filterGroup>0.0</filterGroup>
        <globalKey>QuoteDiscountExtractUpdateCustom7309</globalKey>
        <inputFieldName>Quote:FrameContract:Version:Discount:vlocity_cmt__AppliesToAllItems__c</inputFieldName>
        <inputObjectQuerySequence>0.0</inputObjectQuerySequence>
        <linkedObjectSequence>0.0</linkedObjectSequence>
        <name>QuoteDiscountExtractUpdate</name>
        <outputCreationSequence>1.0</outputCreationSequence>
        <outputFieldName>Quote:FrameContract:Version:Discount:AppliesToAllItems</outputFieldName>
        <outputObjectName>json</outputObjectName>
        <requiredForUpsert>false</requiredForUpsert>
        <upsertKey>false</upsertKey>
    </omniDataTransformItem>
    <omniDataTransformItem>
        <disabled>false</disabled>
        <filterGroup>0.0</filterGroup>
        <globalKey>QuoteDiscountExtractUpdateCustoma0Nf4000004AAuOEAWItem24</globalKey>
        <inputFieldName>Quote:FrameContract:Id</inputFieldName>
        <inputObjectQuerySequence>0.0</inputObjectQuerySequence>
        <linkedObjectSequence>0.0</linkedObjectSequence>
        <name>QuoteDiscountExtractUpdate</name>
        <outputCreationSequence>1.0</outputCreationSequence>
        <outputFieldName>Quote:FrameContract:Id</outputFieldName>
        <outputObjectName>json</outputObjectName>
        <requiredForUpsert>false</requiredForUpsert>
        <upsertKey>false</upsertKey>
    </omniDataTransformItem>
    <omniDataTransformItem>
        <disabled>false</disabled>
        <filterGroup>0.0</filterGroup>
        <globalKey>QuoteDiscountExtractUpdateCustom4713</globalKey>
        <inputFieldName>Quote:vlocity_cmt__RenewalSourceContractId__c</inputFieldName>
        <inputObjectQuerySequence>0.0</inputObjectQuerySequence>
        <linkedObjectSequence>0.0</linkedObjectSequence>
        <name>QuoteDiscountExtractUpdate</name>
        <outputCreationSequence>1.0</outputCreationSequence>
        <outputFieldName>Quote:originalFrameContractId</outputFieldName>
        <outputObjectName>json</outputObjectName>
        <requiredForUpsert>false</requiredForUpsert>
        <upsertKey>false</upsertKey>
    </omniDataTransformItem>
    <omniDataTransformItem>
        <disabled>false</disabled>
        <filterGroup>0.0</filterGroup>
        <globalKey>QuoteDiscountExtractUpdateCustoma0Nf4000004AAuOEAWItem16</globalKey>
        <inputFieldName>Quote:FrameContract:Version:Discount:DiscountItem:Name</inputFieldName>
        <inputObjectQuerySequence>0.0</inputObjectQuerySequence>
        <linkedObjectSequence>0.0</linkedObjectSequence>
        <name>QuoteDiscountExtractUpdate</name>
        <outputCreationSequence>1.0</outputCreationSequence>
        <outputFieldName>Quote:FrameContract:Version:Discount:DiscountItem:Name</outputFieldName>
        <outputObjectName>json</outputObjectName>
        <requiredForUpsert>false</requiredForUpsert>
        <upsertKey>false</upsertKey>
    </omniDataTransformItem>
    <omniDataTransformItem>
        <disabled>false</disabled>
        <filterGroup>0.0</filterGroup>
        <globalKey>QuoteDiscountExtractUpdateCustoma0Nf4000004AAuOEAWItem26</globalKey>
        <inputFieldName>Quote:Name</inputFieldName>
        <inputObjectQuerySequence>0.0</inputObjectQuerySequence>
        <linkedObjectSequence>0.0</linkedObjectSequence>
        <name>QuoteDiscountExtractUpdate</name>
        <outputCreationSequence>1.0</outputCreationSequence>
        <outputFieldName>Quote:Name</outputFieldName>
        <outputObjectName>json</outputObjectName>
        <requiredForUpsert>false</requiredForUpsert>
        <upsertKey>false</upsertKey>
    </omniDataTransformItem>
    <omniDataTransformItem>
        <disabled>false</disabled>
        <filterGroup>0.0</filterGroup>
        <globalKey>QuoteDiscountExtractUpdateCustoma0Nf4000004AAuOEAWItem17</globalKey>
        <inputFieldName>Quote:FrameContract:Version:Discount:DiscountPricing:vlocity_cmt__AdjustmentValue__c</inputFieldName>
        <inputObjectQuerySequence>0.0</inputObjectQuerySequence>
        <linkedObjectSequence>0.0</linkedObjectSequence>
        <name>QuoteDiscountExtractUpdate</name>
        <outputCreationSequence>1.0</outputCreationSequence>
        <outputFieldName>Quote:FrameContract:Version:Discount:DiscountPricing:AdjustmentValue</outputFieldName>
        <outputObjectName>json</outputObjectName>
        <requiredForUpsert>false</requiredForUpsert>
        <upsertKey>false</upsertKey>
    </omniDataTransformItem>
    <omniDataTransformItem>
        <disabled>false</disabled>
        <filterGroup>0.0</filterGroup>
        <globalKey>QuoteDiscountExtractUpdateCustom3189</globalKey>
        <inputFieldName>FrameContractCount</inputFieldName>
        <inputObjectQuerySequence>0.0</inputObjectQuerySequence>
        <linkedObjectSequence>0.0</linkedObjectSequence>
        <name>QuoteDiscountExtractUpdate</name>
        <outputCreationSequence>1.0</outputCreationSequence>
        <outputFieldName>Quote:FrameContractCount</outputFieldName>
        <outputObjectName>json</outputObjectName>
        <requiredForUpsert>false</requiredForUpsert>
        <upsertKey>false</upsertKey>
    </omniDataTransformItem>
    <omniDataTransformItem>
        <disabled>false</disabled>
        <filterGroup>0.0</filterGroup>
        <globalKey>QuoteDiscountExtractUpdateCustoma0Nf4000004AAuOEAWItem14</globalKey>
        <inputFieldName>Quote:FrameContract:Version:Discount:DiscountItem:vlocity_cmt__Description__c</inputFieldName>
        <inputObjectQuerySequence>0.0</inputObjectQuerySequence>
        <linkedObjectSequence>0.0</linkedObjectSequence>
        <name>QuoteDiscountExtractUpdate</name>
        <outputCreationSequence>1.0</outputCreationSequence>
        <outputFieldName>Quote:FrameContract:Version:Discount:DiscountItem:Description</outputFieldName>
        <outputObjectName>json</outputObjectName>
        <requiredForUpsert>false</requiredForUpsert>
        <upsertKey>false</upsertKey>
    </omniDataTransformItem>
    <omniDataTransformItem>
        <disabled>false</disabled>
        <filterGroup>0.0</filterGroup>
        <filterOperator>=</filterOperator>
        <filterValue>Quote:FrameContract:Version:Discount:Id</filterValue>
        <globalKey>QuoteDiscountExtractUpdateCustoma0Nf4000004AAuOEAWItem1</globalKey>
        <inputFieldName>vlocity_cmt__QuoteDiscountId__c</inputFieldName>
        <inputObjectName>vlocity_cmt__QuoteDiscountPricing__c</inputObjectName>
        <inputObjectQuerySequence>6.0</inputObjectQuerySequence>
        <linkedObjectSequence>0.0</linkedObjectSequence>
        <name>QuoteDiscountExtractUpdate</name>
        <outputCreationSequence>0.0</outputCreationSequence>
        <outputFieldName>Quote:FrameContract:Version:Discount:DiscountPricing</outputFieldName>
        <outputObjectName>json</outputObjectName>
        <requiredForUpsert>false</requiredForUpsert>
        <upsertKey>false</upsertKey>
    </omniDataTransformItem>
    <omniDataTransformItem>
        <disabled>false</disabled>
        <filterGroup>0.0</filterGroup>
        <globalKey>QuoteDiscountExtractUpdateCustoma0Nf4000004AAuOEAWItem15</globalKey>
        <inputFieldName>Quote:FrameContract:Version:Discount:DiscountItem:vlocity_cmt__ProductId__c</inputFieldName>
        <inputObjectQuerySequence>0.0</inputObjectQuerySequence>
        <linkedObjectSequence>0.0</linkedObjectSequence>
        <name>QuoteDiscountExtractUpdate</name>
        <outputCreationSequence>1.0</outputCreationSequence>
        <outputFieldName>Quote:FrameContract:Version:Discount:DiscountItem:ProductId</outputFieldName>
        <outputObjectName>json</outputObjectName>
        <requiredForUpsert>false</requiredForUpsert>
        <upsertKey>false</upsertKey>
    </omniDataTransformItem>
    <omniDataTransformItem>
        <disabled>false</disabled>
        <filterGroup>0.0</filterGroup>
        <globalKey>QuoteDiscountExtractUpdateCustoma0Nf4000004AAuOEAWItem10</globalKey>
        <inputFieldName>Quote:FrameContract:Version:Discount:vlocity_cmt__EffectiveEndDate__c</inputFieldName>
        <inputObjectQuerySequence>0.0</inputObjectQuerySequence>
        <linkedObjectSequence>0.0</linkedObjectSequence>
        <name>QuoteDiscountExtractUpdate</name>
        <outputCreationSequence>1.0</outputCreationSequence>
        <outputFieldName>Quote:FrameContract:Version:Discount:EffectiveEndDate</outputFieldName>
        <outputObjectName>json</outputObjectName>
        <requiredForUpsert>false</requiredForUpsert>
        <upsertKey>false</upsertKey>
    </omniDataTransformItem>
    <omniDataTransformItem>
        <disabled>false</disabled>
        <filterGroup>0.0</filterGroup>
        <globalKey>QuoteDiscountExtractUpdateCustoma0Nf4000004AAuOEAWItem12</globalKey>
        <inputFieldName>Quote:FrameContract:Version:Discount:vlocity_cmt__ReferenceNumber__c</inputFieldName>
        <inputObjectQuerySequence>0.0</inputObjectQuerySequence>
        <linkedObjectSequence>0.0</linkedObjectSequence>
        <name>QuoteDiscountExtractUpdate</name>
        <outputCreationSequence>1.0</outputCreationSequence>
        <outputFieldName>Quote:FrameContract:Version:Discount:ReferenceNumber</outputFieldName>
        <outputObjectName>json</outputObjectName>
        <requiredForUpsert>false</requiredForUpsert>
        <upsertKey>false</upsertKey>
    </omniDataTransformItem>
    <omniDataTransformItem>
        <disabled>false</disabled>
        <filterGroup>0.0</filterGroup>
        <filterOperator>=</filterOperator>
        <filterValue>&apos;Contract&apos;</filterValue>
        <globalKey>QuoteDiscountExtractUpdateCustom2202</globalKey>
        <inputFieldName>vlocity_cmt__DiscountType__c</inputFieldName>
        <inputObjectName>vlocity_cmt__QuoteDiscount__c</inputObjectName>
        <inputObjectQuerySequence>4.0</inputObjectQuerySequence>
        <linkedObjectSequence>0.0</linkedObjectSequence>
        <name>QuoteDiscountExtractUpdate</name>
        <outputCreationSequence>0.0</outputCreationSequence>
        <outputFieldName>Quote:FrameContract:Version:Discount</outputFieldName>
        <outputObjectName>json</outputObjectName>
        <requiredForUpsert>false</requiredForUpsert>
        <upsertKey>false</upsertKey>
    </omniDataTransformItem>
    <omniDataTransformItem>
        <disabled>false</disabled>
        <filterGroup>0.0</filterGroup>
        <globalKey>QuoteDiscountExtractUpdateCustoma0Nf4000004AAuOEAWItem13</globalKey>
        <inputFieldName>Quote:FrameContract:Version:Discount:DiscountItem:vlocity_cmt__CatalogCategoryId__c</inputFieldName>
        <inputObjectQuerySequence>0.0</inputObjectQuerySequence>
        <linkedObjectSequence>0.0</linkedObjectSequence>
        <name>QuoteDiscountExtractUpdate</name>
        <outputCreationSequence>1.0</outputCreationSequence>
        <outputFieldName>Quote:FrameContract:Version:Discount:DiscountItem:CatalogCategoryId</outputFieldName>
        <outputObjectName>json</outputObjectName>
        <requiredForUpsert>false</requiredForUpsert>
        <upsertKey>false</upsertKey>
    </omniDataTransformItem>
    <omniDataTransformItem>
        <disabled>false</disabled>
        <filterGroup>0.0</filterGroup>
        <filterOperator>=</filterOperator>
        <filterValue>Quote:FrameContract:Version:Discount:Id</filterValue>
        <globalKey>QuoteDiscountExtractUpdateCustoma0Nf4000004AAuOEAWItem0</globalKey>
        <inputFieldName>vlocity_cmt__QuoteDiscountId__c</inputFieldName>
        <inputObjectName>vlocity_cmt__QuoteDiscountItem__c</inputObjectName>
        <inputObjectQuerySequence>5.0</inputObjectQuerySequence>
        <linkedObjectSequence>0.0</linkedObjectSequence>
        <name>QuoteDiscountExtractUpdate</name>
        <outputCreationSequence>0.0</outputCreationSequence>
        <outputFieldName>Quote:FrameContract:Version:Discount:DiscountItem</outputFieldName>
        <outputObjectName>json</outputObjectName>
        <requiredForUpsert>false</requiredForUpsert>
        <upsertKey>false</upsertKey>
    </omniDataTransformItem>
    <omniDataTransformItem>
        <disabled>false</disabled>
        <filterGroup>0.0</filterGroup>
        <globalKey>QuoteDiscountExtractUpdateCustoma0Nf4000004AAuOEAWItem6</globalKey>
        <inputFieldName>Quote:AccountId</inputFieldName>
        <inputObjectQuerySequence>0.0</inputObjectQuerySequence>
        <linkedObjectSequence>0.0</linkedObjectSequence>
        <name>QuoteDiscountExtractUpdate</name>
        <outputCreationSequence>1.0</outputCreationSequence>
        <outputFieldName>Quote:AccountId</outputFieldName>
        <outputObjectName>json</outputObjectName>
        <requiredForUpsert>false</requiredForUpsert>
        <upsertKey>false</upsertKey>
    </omniDataTransformItem>
    <omniDataTransformItem>
        <disabled>false</disabled>
        <filterGroup>0.0</filterGroup>
        <filterOperator>=</filterOperator>
        <filterValue>Id</filterValue>
        <globalKey>QuoteDiscountExtractUpdateCustoma0Nf4000004AAuOEAWItem2</globalKey>
        <inputFieldName>vlocity_cmt__QuoteId__c</inputFieldName>
        <inputObjectName>vlocity_cmt__QuoteDiscount__c</inputObjectName>
        <inputObjectQuerySequence>4.0</inputObjectQuerySequence>
        <linkedObjectSequence>0.0</linkedObjectSequence>
        <name>QuoteDiscountExtractUpdate</name>
        <outputCreationSequence>0.0</outputCreationSequence>
        <outputFieldName>Quote:FrameContract:Version:Discount</outputFieldName>
        <outputObjectName>json</outputObjectName>
        <requiredForUpsert>false</requiredForUpsert>
        <upsertKey>false</upsertKey>
    </omniDataTransformItem>
    <omniDataTransformItem>
        <disabled>false</disabled>
        <filterGroup>0.0</filterGroup>
        <globalKey>QuoteDiscountExtractUpdateCustoma0Nf4000004AAuOEAWItem9</globalKey>
        <inputFieldName>Quote:FrameContract:Version:Discount:vlocity_cmt__DiscountTemplateId__c</inputFieldName>
        <inputObjectQuerySequence>0.0</inputObjectQuerySequence>
        <linkedObjectSequence>0.0</linkedObjectSequence>
        <name>QuoteDiscountExtractUpdate</name>
        <outputCreationSequence>1.0</outputCreationSequence>
        <outputFieldName>Quote:FrameContract:Version:Discount:TemplateId</outputFieldName>
        <outputObjectName>json</outputObjectName>
        <requiredForUpsert>false</requiredForUpsert>
        <upsertKey>false</upsertKey>
    </omniDataTransformItem>
    <omniDataTransformItem>
        <disabled>false</disabled>
        <filterGroup>0.0</filterGroup>
        <filterOperator>&lt;&gt;</filterOperator>
        <filterValue>&apos;Deactivate&apos;</filterValue>
        <globalKey>QuoteDiscountExtractUpdateCustom2321</globalKey>
        <inputFieldName>vlocity_cmt__Action__c</inputFieldName>
        <inputObjectName>vlocity_cmt__QuoteDiscount__c</inputObjectName>
        <inputObjectQuerySequence>4.0</inputObjectQuerySequence>
        <linkedObjectSequence>0.0</linkedObjectSequence>
        <name>QuoteDiscountExtractUpdate</name>
        <outputCreationSequence>0.0</outputCreationSequence>
        <outputFieldName>Quote:FrameContract:Version:Discount</outputFieldName>
        <outputObjectName>json</outputObjectName>
        <requiredForUpsert>false</requiredForUpsert>
        <upsertKey>false</upsertKey>
    </omniDataTransformItem>
    <omniDataTransformItem>
        <disabled>false</disabled>
        <filterGroup>0.0</filterGroup>
        <filterOperator>=</filterOperator>
        <filterValue>&apos;Approved&apos;</filterValue>
        <globalKey>QuoteDiscountExtractUpdateCustom7318</globalKey>
        <inputFieldName>vlocity_cmt__ApprovalStatus__c</inputFieldName>
        <inputObjectName>vlocity_cmt__QuoteDiscount__c</inputObjectName>
        <inputObjectQuerySequence>7.0</inputObjectQuerySequence>
        <linkedObjectSequence>0.0</linkedObjectSequence>
        <name>QuoteDiscountExtractUpdate</name>
        <outputCreationSequence>0.0</outputCreationSequence>
        <outputFieldName>Quote:DeactivatedDiscounts</outputFieldName>
        <outputObjectName>json</outputObjectName>
        <requiredForUpsert>false</requiredForUpsert>
        <upsertKey>false</upsertKey>
    </omniDataTransformItem>
    <omniDataTransformItem>
        <disabled>false</disabled>
        <filterGroup>0.0</filterGroup>
        <filterOperator>=</filterOperator>
        <filterValue>Id</filterValue>
        <globalKey>QuoteDiscountExtractUpdateCustom5647</globalKey>
        <inputFieldName>vlocity_cmt__QuoteId__c</inputFieldName>
        <inputObjectName>vlocity_cmt__QuoteDiscount__c</inputObjectName>
        <inputObjectQuerySequence>7.0</inputObjectQuerySequence>
        <linkedObjectSequence>0.0</linkedObjectSequence>
        <name>QuoteDiscountExtractUpdate</name>
        <outputCreationSequence>0.0</outputCreationSequence>
        <outputFieldName>Quote:DeactivatedDiscounts</outputFieldName>
        <outputObjectName>json</outputObjectName>
        <requiredForUpsert>false</requiredForUpsert>
        <upsertKey>false</upsertKey>
    </omniDataTransformItem>
    <omniDataTransformItem>
        <disabled>false</disabled>
        <filterGroup>0.0</filterGroup>
        <filterOperator>=</filterOperator>
        <filterValue>&apos;Contract&apos;</filterValue>
        <globalKey>QuoteDiscountExtractUpdateCustom5436</globalKey>
        <inputFieldName>vlocity_cmt__DiscountType__c</inputFieldName>
        <inputObjectName>vlocity_cmt__QuoteDiscount__c</inputObjectName>
        <inputObjectQuerySequence>7.0</inputObjectQuerySequence>
        <linkedObjectSequence>0.0</linkedObjectSequence>
        <name>QuoteDiscountExtractUpdate</name>
        <outputCreationSequence>0.0</outputCreationSequence>
        <outputFieldName>Quote:DeactivatedDiscounts</outputFieldName>
        <outputObjectName>json</outputObjectName>
        <requiredForUpsert>false</requiredForUpsert>
        <upsertKey>false</upsertKey>
    </omniDataTransformItem>
    <omniDataTransformItem>
        <disabled>false</disabled>
        <filterGroup>0.0</filterGroup>
        <filterOperator>=</filterOperator>
        <filterValue>&apos;Deactivate&apos;</filterValue>
        <globalKey>QuoteDiscountExtractUpdateCustom836</globalKey>
        <inputFieldName>vlocity_cmt__Action__c</inputFieldName>
        <inputObjectName>vlocity_cmt__QuoteDiscount__c</inputObjectName>
        <inputObjectQuerySequence>7.0</inputObjectQuerySequence>
        <linkedObjectSequence>0.0</linkedObjectSequence>
        <name>QuoteDiscountExtractUpdate</name>
        <outputCreationSequence>0.0</outputCreationSequence>
        <outputFieldName>Quote:DeactivatedDiscounts</outputFieldName>
        <outputObjectName>json</outputObjectName>
        <requiredForUpsert>false</requiredForUpsert>
        <upsertKey>false</upsertKey>
    </omniDataTransformItem>
    <omniDataTransformItem>
        <disabled>false</disabled>
        <filterGroup>0.0</filterGroup>
        <globalKey>QuoteDiscountExtractUpdateCustom9320</globalKey>
        <inputFieldName>Quote:DeactivatedDiscounts:vlocity_cmt__EffectiveEndDate__c</inputFieldName>
        <inputObjectQuerySequence>0.0</inputObjectQuerySequence>
        <linkedObjectSequence>0.0</linkedObjectSequence>
        <name>QuoteDiscountExtractUpdate</name>
        <outputCreationSequence>1.0</outputCreationSequence>
        <outputFieldName>Quote:DeactivatedDiscounts:EffectiveEndDate</outputFieldName>
        <outputObjectName>json</outputObjectName>
        <requiredForUpsert>false</requiredForUpsert>
        <upsertKey>false</upsertKey>
    </omniDataTransformItem>
    <omniDataTransformItem>
        <disabled>false</disabled>
        <filterGroup>0.0</filterGroup>
        <globalKey>QuoteDiscountExtractUpdateCustom4121</globalKey>
        <inputFieldName>Quote:DeactivatedDiscounts:Id</inputFieldName>
        <inputObjectQuerySequence>0.0</inputObjectQuerySequence>
        <linkedObjectSequence>0.0</linkedObjectSequence>
        <name>QuoteDiscountExtractUpdate</name>
        <outputCreationSequence>1.0</outputCreationSequence>
        <outputFieldName>Quote:DeactivatedDiscounts:Id</outputFieldName>
        <outputObjectName>json</outputObjectName>
        <requiredForUpsert>false</requiredForUpsert>
        <upsertKey>false</upsertKey>
    </omniDataTransformItem>
    <omniDataTransformItem>
        <disabled>false</disabled>
        <filterGroup>0.0</filterGroup>
        <globalKey>QuoteDiscountExtractUpdateCustoma0Nf4000004AAuOEAWItem22</globalKey>
        <inputFieldName>Quote:FrameContract:Version:Discount:DiscountPricing:Name</inputFieldName>
        <inputObjectQuerySequence>0.0</inputObjectQuerySequence>
        <linkedObjectSequence>0.0</linkedObjectSequence>
        <name>QuoteDiscountExtractUpdate</name>
        <outputCreationSequence>1.0</outputCreationSequence>
        <outputFieldName>Quote:FrameContract:Version:Discount:DiscountPricing:Name</outputFieldName>
        <outputObjectName>json</outputObjectName>
        <requiredForUpsert>false</requiredForUpsert>
        <upsertKey>false</upsertKey>
    </omniDataTransformItem>
    <omniDataTransformItem>
        <disabled>false</disabled>
        <filterGroup>0.0</filterGroup>
        <globalKey>QuoteDiscountExtractUpdateCustoma0Nf4000004AAuOEAWItem23</globalKey>
        <inputFieldName>Quote:FrameContract:Version:Discount:Name</inputFieldName>
        <inputObjectQuerySequence>0.0</inputObjectQuerySequence>
        <linkedObjectSequence>0.0</linkedObjectSequence>
        <name>QuoteDiscountExtractUpdate</name>
        <outputCreationSequence>1.0</outputCreationSequence>
        <outputFieldName>Quote:FrameContract:Version:Discount:Name</outputFieldName>
        <outputObjectName>json</outputObjectName>
        <requiredForUpsert>false</requiredForUpsert>
        <upsertKey>false</upsertKey>
    </omniDataTransformItem>
    <omniDataTransformItem>
        <disabled>false</disabled>
        <filterGroup>0.0</filterGroup>
        <globalKey>QuoteDiscountExtractUpdateCustoma0Nf4000004AAuOEAWItem20</globalKey>
        <inputFieldName>Quote:FrameContract:Version:Discount:DiscountPricing:vlocity_cmt__TimePlanId__c</inputFieldName>
        <inputObjectQuerySequence>0.0</inputObjectQuerySequence>
        <linkedObjectSequence>0.0</linkedObjectSequence>
        <name>QuoteDiscountExtractUpdate</name>
        <outputCreationSequence>1.0</outputCreationSequence>
        <outputFieldName>Quote:FrameContract:Version:Discount:DiscountPricing:TimePlanId</outputFieldName>
        <outputObjectName>json</outputObjectName>
        <requiredForUpsert>false</requiredForUpsert>
        <upsertKey>false</upsertKey>
    </omniDataTransformItem>
    <omniDataTransformItem>
        <disabled>false</disabled>
        <filterGroup>0.0</filterGroup>
        <globalKey>QuoteDiscountExtractUpdateCustoma0Nf4000004AAuOEAWItem21</globalKey>
        <inputFieldName>Quote:FrameContract:Version:Discount:DiscountPricing:vlocity_cmt__TimePolicyId__c</inputFieldName>
        <inputObjectQuerySequence>0.0</inputObjectQuerySequence>
        <linkedObjectSequence>0.0</linkedObjectSequence>
        <name>QuoteDiscountExtractUpdate</name>
        <outputCreationSequence>1.0</outputCreationSequence>
        <outputFieldName>Quote:FrameContract:Version:Discount:DiscountPricing:TimePolicyId</outputFieldName>
        <outputObjectName>json</outputObjectName>
        <requiredForUpsert>false</requiredForUpsert>
        <upsertKey>false</upsertKey>
    </omniDataTransformItem>
    <omniDataTransformItem>
        <disabled>false</disabled>
        <filterGroup>0.0</filterGroup>
        <globalKey>QuoteDiscountExtractUpdateCustoma0Nf4000004AAuOEAWItem25</globalKey>
        <inputFieldName>Quote:FrameContract:Status</inputFieldName>
        <inputObjectQuerySequence>0.0</inputObjectQuerySequence>
        <linkedObjectSequence>0.0</linkedObjectSequence>
        <name>QuoteDiscountExtractUpdate</name>
        <outputCreationSequence>1.0</outputCreationSequence>
        <outputFieldName>Quote:FrameContract:Status</outputFieldName>
        <outputObjectName>json</outputObjectName>
        <requiredForUpsert>false</requiredForUpsert>
        <upsertKey>false</upsertKey>
    </omniDataTransformItem>
    <omniDataTransformItem>
        <disabled>false</disabled>
        <filterGroup>0.0</filterGroup>
        <filterOperator>=</filterOperator>
        <filterValue>Quote:FrameContract:Id</filterValue>
        <globalKey>QuoteDiscountExtractUpdateCustom1901</globalKey>
        <inputFieldName>vlocity_cmt__ContractId__c</inputFieldName>
        <inputObjectName>vlocity_cmt__ContractVersion__c</inputObjectName>
        <inputObjectQuerySequence>3.0</inputObjectQuerySequence>
        <linkedObjectSequence>0.0</linkedObjectSequence>
        <name>QuoteDiscountExtractUpdate</name>
        <outputCreationSequence>0.0</outputCreationSequence>
        <outputFieldName>Quote:FrameContract:Version</outputFieldName>
        <outputObjectName>json</outputObjectName>
        <requiredForUpsert>false</requiredForUpsert>
        <upsertKey>false</upsertKey>
    </omniDataTransformItem>
    <omniDataTransformItem>
        <disabled>false</disabled>
        <filterGroup>0.0</filterGroup>
        <globalKey>QuoteDiscountExtractUpdateCustoma0Nf4000004AAuOEAWItem18</globalKey>
        <inputFieldName>Quote:FrameContract:Version:Discount:DiscountPricing:vlocity_cmt__Amount__c</inputFieldName>
        <inputObjectQuerySequence>0.0</inputObjectQuerySequence>
        <linkedObjectSequence>0.0</linkedObjectSequence>
        <name>QuoteDiscountExtractUpdate</name>
        <outputCreationSequence>1.0</outputCreationSequence>
        <outputFieldName>Quote:FrameContract:Version:Discount:DiscountPricing:Amount</outputFieldName>
        <outputObjectName>json</outputObjectName>
        <requiredForUpsert>false</requiredForUpsert>
        <upsertKey>false</upsertKey>
    </omniDataTransformItem>
    <omniDataTransformItem>
        <disabled>false</disabled>
        <filterGroup>0.0</filterGroup>
        <globalKey>QuoteDiscountExtractUpdateCustoma0Nf4000004AAuOEAWItem19</globalKey>
        <inputFieldName>Quote:FrameContract:Version:Discount:DiscountPricing:vlocity_cmt__PricingVariableId__c</inputFieldName>
        <inputObjectQuerySequence>0.0</inputObjectQuerySequence>
        <linkedObjectSequence>0.0</linkedObjectSequence>
        <name>QuoteDiscountExtractUpdate</name>
        <outputCreationSequence>1.0</outputCreationSequence>
        <outputFieldName>Quote:FrameContract:Version:Discount:DiscountPricing:PricingVariableId</outputFieldName>
        <outputObjectName>json</outputObjectName>
        <requiredForUpsert>false</requiredForUpsert>
        <upsertKey>false</upsertKey>
    </omniDataTransformItem>
    <omniDataTransformItem>
        <disabled>false</disabled>
        <filterGroup>0.0</filterGroup>
        <filterOperator>=</filterOperator>
        <filterValue>Quote:Id</filterValue>
        <globalKey>QuoteDiscountExtractUpdateCustom7360</globalKey>
        <inputFieldName>vlocity_cmt__QuoteId__c</inputFieldName>
        <inputObjectName>Contract</inputObjectName>
        <inputObjectQuerySequence>2.0</inputObjectQuerySequence>
        <linkedObjectSequence>0.0</linkedObjectSequence>
        <name>QuoteDiscountExtractUpdate</name>
        <outputCreationSequence>0.0</outputCreationSequence>
        <outputFieldName>Quote:FrameContract</outputFieldName>
        <outputObjectName>json</outputObjectName>
        <requiredForUpsert>false</requiredForUpsert>
        <upsertKey>false</upsertKey>
    </omniDataTransformItem>
    <omniDataTransformItem>
        <disabled>false</disabled>
        <filterGroup>0.0</filterGroup>
        <filterOperator>=</filterOperator>
        <filterValue>&apos;Draft&apos;</filterValue>
        <globalKey>QuoteDiscountExtractUpdateCustoma0Nf4000004AAuOEAWItem5</globalKey>
        <inputFieldName>Status</inputFieldName>
        <inputObjectName>Contract</inputObjectName>
        <inputObjectQuerySequence>2.0</inputObjectQuerySequence>
        <linkedObjectSequence>0.0</linkedObjectSequence>
        <name>QuoteDiscountExtractUpdate</name>
        <outputCreationSequence>0.0</outputCreationSequence>
        <outputFieldName>Quote:FrameContract</outputFieldName>
        <outputObjectName>json</outputObjectName>
        <requiredForUpsert>false</requiredForUpsert>
        <upsertKey>false</upsertKey>
    </omniDataTransformItem>
    <omniDataTransformItem>
        <disabled>false</disabled>
        <filterGroup>0.0</filterGroup>
        <formulaConverted>| &quot;SELECT/\/\/count()/\/\/FROM/\/\/Contract/\/\/WHERE/\/\/QuoteId__c/\/\/=/\/\/&apos;{0}&apos;/\/\/AND/\/\/Status/\/\/=/\/\/&apos;Draft&apos;&quot; var:Quote:Id COUNTQUERY</formulaConverted>
        <formulaExpression>COUNTQUERY(&quot;SELECT count() FROM Contract WHERE QuoteId__c = &apos;{0}&apos; AND Status = &apos;Draft&apos;&quot;,  Quote:Id)</formulaExpression>
        <formulaResultPath>FrameContractCount</formulaResultPath>
        <formulaSequence>1.0</formulaSequence>
        <globalKey>QuoteDiscountExtractUpdateCustom7650</globalKey>
        <inputObjectQuerySequence>0.0</inputObjectQuerySequence>
        <linkedObjectSequence>0.0</linkedObjectSequence>
        <name>QuoteDiscountExtractUpdate</name>
        <outputCreationSequence>0.0</outputCreationSequence>
        <outputFieldName>Formula</outputFieldName>
        <outputObjectName>Formula</outputObjectName>
        <requiredForUpsert>false</requiredForUpsert>
        <upsertKey>false</upsertKey>
    </omniDataTransformItem>
    <omniDataTransformItem>
        <disabled>false</disabled>
        <filterGroup>0.0</filterGroup>
        <globalKey>QuoteDiscountExtractUpdateCustom6927</globalKey>
        <inputFieldName>Quote:FrameContract:Version:Discount:DiscountItem:vlocity_cmt__QuoteDiscountId__c</inputFieldName>
        <inputObjectQuerySequence>0.0</inputObjectQuerySequence>
        <linkedObjectSequence>0.0</linkedObjectSequence>
        <name>QuoteDiscountExtractUpdate</name>
        <outputCreationSequence>1.0</outputCreationSequence>
        <outputFieldName>Quote:FrameContract:Version:Discount:DiscountItem:QuoteDiscountId</outputFieldName>
        <outputObjectName>json</outputObjectName>
        <requiredForUpsert>false</requiredForUpsert>
        <upsertKey>false</upsertKey>
    </omniDataTransformItem>
    <omniDataTransformItem>
        <disabled>false</disabled>
        <filterGroup>0.0</filterGroup>
        <filterOperator>=</filterOperator>
        <filterValue>Id</filterValue>
        <globalKey>QuoteDiscountExtractUpdateCustoma0Nf4000004AAuOEAWItem3</globalKey>
        <inputFieldName>Id</inputFieldName>
        <inputObjectName>Quote</inputObjectName>
        <inputObjectQuerySequence>1.0</inputObjectQuerySequence>
        <linkedObjectSequence>0.0</linkedObjectSequence>
        <name>QuoteDiscountExtractUpdate</name>
        <outputCreationSequence>0.0</outputCreationSequence>
        <outputFieldName>Quote</outputFieldName>
        <outputObjectName>json</outputObjectName>
        <requiredForUpsert>false</requiredForUpsert>
        <upsertKey>false</upsertKey>
    </omniDataTransformItem>
    <omniDataTransformItem>
        <disabled>false</disabled>
        <filterGroup>0.0</filterGroup>
        <globalKey>QuoteDiscountExtractUpdateCustom1169</globalKey>
        <inputFieldName>Quote:FrameContract:Version:Discount:DiscountPricing:vlocity_cmt__QuoteDiscountId__c</inputFieldName>
        <inputObjectQuerySequence>0.0</inputObjectQuerySequence>
        <linkedObjectSequence>0.0</linkedObjectSequence>
        <name>QuoteDiscountExtractUpdate</name>
        <outputCreationSequence>1.0</outputCreationSequence>
        <outputFieldName>Quote:FrameContract:Version:Discount:DiscountPricing:QuoteDiscountId</outputFieldName>
        <outputObjectName>json</outputObjectName>
        <requiredForUpsert>false</requiredForUpsert>
        <upsertKey>false</upsertKey>
    </omniDataTransformItem>
    <omniDataTransformItem>
        <disabled>false</disabled>
        <filterGroup>0.0</filterGroup>
        <globalKey>QuoteDiscountExtractUpdateCustom3853</globalKey>
        <inputFieldName>Quote:FrameContract:StartDate</inputFieldName>
        <inputObjectQuerySequence>0.0</inputObjectQuerySequence>
        <linkedObjectSequence>0.0</linkedObjectSequence>
        <name>QuoteDiscountExtractUpdate</name>
        <outputCreationSequence>1.0</outputCreationSequence>
        <outputFieldName>Quote:FrameContract:StartDate</outputFieldName>
        <outputObjectName>json</outputObjectName>
        <requiredForUpsert>false</requiredForUpsert>
        <upsertKey>false</upsertKey>
    </omniDataTransformItem>
    <omniDataTransformItem>
        <disabled>false</disabled>
        <filterGroup>0.0</filterGroup>
        <filterOperator>=</filterOperator>
        <filterValue>&apos;&apos;</filterValue>
        <globalKey>QuoteDiscountExtractUpdateCustom8783</globalKey>
        <inputFieldName>vlocity_cmt__EffectiveEndDate__c</inputFieldName>
        <inputObjectName>vlocity_cmt__QuoteDiscount__c</inputObjectName>
        <inputObjectQuerySequence>7.0</inputObjectQuerySequence>
        <linkedObjectSequence>0.0</linkedObjectSequence>
        <name>QuoteDiscountExtractUpdate</name>
        <outputCreationSequence>0.0</outputCreationSequence>
        <outputFieldName>Quote:DeactivatedDiscounts</outputFieldName>
        <outputObjectName>json</outputObjectName>
        <requiredForUpsert>false</requiredForUpsert>
        <upsertKey>false</upsertKey>
    </omniDataTransformItem>
    <omniDataTransformItem>
        <disabled>false</disabled>
        <filterGroup>0.0</filterGroup>
        <globalKey>QuoteDiscountExtractUpdateCustom6838</globalKey>
        <inputFieldName>Quote:FrameContract:Version:vlocity_cmt__DocumentCreationSource__c</inputFieldName>
        <inputObjectQuerySequence>0.0</inputObjectQuerySequence>
        <linkedObjectSequence>0.0</linkedObjectSequence>
        <name>QuoteDiscountExtractUpdate</name>
        <outputCreationSequence>1.0</outputCreationSequence>
        <outputFieldName>Quote:FrameContract:Version:CreationSource</outputFieldName>
        <outputObjectName>json</outputObjectName>
        <requiredForUpsert>false</requiredForUpsert>
        <upsertKey>false</upsertKey>
    </omniDataTransformItem>
    <omniDataTransformItem>
        <disabled>false</disabled>
        <filterGroup>0.0</filterGroup>
        <filterOperator>=</filterOperator>
        <filterValue>&apos;Active&apos;</filterValue>
        <globalKey>QuoteDiscountExtractUpdateCustom7670</globalKey>
        <inputFieldName>vlocity_cmt__Status__c</inputFieldName>
        <inputObjectName>vlocity_cmt__ContractVersion__c</inputObjectName>
        <inputObjectQuerySequence>3.0</inputObjectQuerySequence>
        <linkedObjectSequence>0.0</linkedObjectSequence>
        <name>QuoteDiscountExtractUpdate</name>
        <outputCreationSequence>0.0</outputCreationSequence>
        <outputFieldName>Quote:FrameContract:Version</outputFieldName>
        <outputObjectName>json</outputObjectName>
        <requiredForUpsert>false</requiredForUpsert>
        <upsertKey>false</upsertKey>
    </omniDataTransformItem>
    <omniDataTransformItem>
        <disabled>false</disabled>
        <filterGroup>0.0</filterGroup>
        <globalKey>QuoteDiscountExtractUpdateCustom2218</globalKey>
        <inputFieldName>Quote:FrameContract:EndDate</inputFieldName>
        <inputObjectQuerySequence>0.0</inputObjectQuerySequence>
        <linkedObjectSequence>0.0</linkedObjectSequence>
        <name>QuoteDiscountExtractUpdate</name>
        <outputCreationSequence>1.0</outputCreationSequence>
        <outputFieldName>Quote:FrameContract:EndDate</outputFieldName>
        <outputObjectName>json</outputObjectName>
        <requiredForUpsert>false</requiredForUpsert>
        <upsertKey>false</upsertKey>
    </omniDataTransformItem>
    <omniDataTransformItem>
        <disabled>false</disabled>
        <filterGroup>0.0</filterGroup>
        <globalKey>QuoteDiscountExtractUpdateCustom4255</globalKey>
        <inputFieldName>Quote:FrameContract:Version:vlocity_cmt__DocumentTemplateId__c</inputFieldName>
        <inputObjectQuerySequence>0.0</inputObjectQuerySequence>
        <linkedObjectSequence>0.0</linkedObjectSequence>
        <name>QuoteDiscountExtractUpdate</name>
        <outputCreationSequence>1.0</outputCreationSequence>
        <outputFieldName>Quote:FrameContract:Version:TemplateId</outputFieldName>
        <outputObjectName>json</outputObjectName>
        <requiredForUpsert>false</requiredForUpsert>
        <upsertKey>false</upsertKey>
    </omniDataTransformItem>
    <outputType>JSON</outputType>
    <previewJsonData>{
  &quot;Id&quot; : &quot;0Q0f4000000ujY0&quot;
}</previewJsonData>
    <processSuperBulk>false</processSuperBulk>
    <responseCacheTtlMinutes>0.0</responseCacheTtlMinutes>
    <rollbackOnError>false</rollbackOnError>
    <sourceObject>json</sourceObject>
    <sourceObjectDefault>false</sourceObjectDefault>
    <synchronousProcessThreshold>-1.0</synchronousProcessThreshold>
    <type>Extract</type>
    <uniqueName>QuoteDiscountExtractUpdate_1</uniqueName>
    <versionNumber>1.0</versionNumber>
    <xmlDeclarationRemoved>false</xmlDeclarationRemoved>
</OmniDataTransform>
