<?xml version="1.0" encoding="UTF-8"?>
<OmniDataTransform xmlns="http://soap.sforce.com/2006/04/metadata">
    <active>false</active>
    <assignmentRulesUsed>false</assignmentRulesUsed>
    <deletedOnSuccess>false</deletedOnSuccess>
    <description>This DataRaptor extracts the account &amp; latest statement related information.</description>
    <errorIgnored>false</errorIgnored>
    <fieldLevelSecurityEnabled>false</fieldLevelSecurityEnabled>
    <inputType>JSON</inputType>
    <name>sfiEnergySelfServiceGetLatestStatement</name>
    <nullInputsIncludedInOutput>false</nullInputsIncludedInOutput>
    <omniDataTransformItem>
        <disabled>false</disabled>
        <filterGroup>0.0</filterGroup>
        <formulaConverted>| var:Statement:vlocity_cmt__DueDate__c &quot;dd/MM/yyyy&quot; FORMATDATETIME</formulaConverted>
        <formulaExpression>FORMATDATETIME(Statement:vlocity_cmt__DueDate__c,&quot;dd/MM/yyyy&quot;)</formulaExpression>
        <formulaResultPath>DueDate</formulaResultPath>
        <formulaSequence>1.0</formulaSequence>
        <globalKey>sfiEnergySelfServiceGetLatestStatementCustom4228</globalKey>
        <inputObjectQuerySequence>0.0</inputObjectQuerySequence>
        <linkedObjectSequence>0.0</linkedObjectSequence>
        <name>sfiEnergySelfServiceGetLatestStatement</name>
        <outputCreationSequence>0.0</outputCreationSequence>
        <outputFieldName>Formula</outputFieldName>
        <outputObjectName>Formula</outputObjectName>
        <requiredForUpsert>false</requiredForUpsert>
        <upsertKey>false</upsertKey>
    </omniDataTransformItem>
    <omniDataTransformItem>
        <disabled>false</disabled>
        <filterGroup>0.0</filterGroup>
        <formulaConverted>| var:Statement:vlocity_cmt__PreviousBalance__c var:NULL != | var:Statement:vlocity_cmt__BalanceDue__c var:Statement:vlocity_cmt__PreviousBalance__c - 100 * var:Statement:vlocity_cmt__PreviousBalance__c / ABS 0 IF</formulaConverted>
        <formulaExpression>IF(%Statement:vlocity_cmt__PreviousBalance__c% != NULL, ABS((%Statement:vlocity_cmt__BalanceDue__c% - %Statement:vlocity_cmt__PreviousBalance__c%) * 100 / %Statement:vlocity_cmt__PreviousBalance__c%), 0)</formulaExpression>
        <formulaResultPath>PercentChange</formulaResultPath>
        <formulaSequence>3.0</formulaSequence>
        <globalKey>sfiEnergySelfServiceGetLatestStatementCustom6439</globalKey>
        <inputObjectQuerySequence>0.0</inputObjectQuerySequence>
        <linkedObjectSequence>0.0</linkedObjectSequence>
        <name>sfiEnergySelfServiceGetLatestStatement</name>
        <outputCreationSequence>0.0</outputCreationSequence>
        <outputFieldName>Formula</outputFieldName>
        <outputObjectName>Formula</outputObjectName>
        <requiredForUpsert>false</requiredForUpsert>
        <upsertKey>false</upsertKey>
    </omniDataTransformItem>
    <omniDataTransformItem>
        <disabled>false</disabled>
        <filterGroup>0.0</filterGroup>
        <filterOperator>LIMIT</filterOperator>
        <filterValue>1</filterValue>
        <globalKey>sfiEnergySelfServiceGetLatestStatementCustom4422</globalKey>
        <inputObjectName>vlocity_cmt__Statement__c</inputObjectName>
        <inputObjectQuerySequence>1.0</inputObjectQuerySequence>
        <linkedObjectSequence>0.0</linkedObjectSequence>
        <name>sfiEnergySelfServiceGetLatestStatement</name>
        <outputCreationSequence>0.0</outputCreationSequence>
        <outputFieldName>Statement</outputFieldName>
        <outputObjectName>json</outputObjectName>
        <requiredForUpsert>false</requiredForUpsert>
        <upsertKey>false</upsertKey>
    </omniDataTransformItem>
    <omniDataTransformItem>
        <disabled>false</disabled>
        <filterGroup>0.0</filterGroup>
        <filterOperator>ORDER BY</filterOperator>
        <filterValue>CreatedDate</filterValue>
        <globalKey>sfiEnergySelfServiceGetLatestStatementCustom6652</globalKey>
        <inputObjectName>vlocity_cmt__Statement__c</inputObjectName>
        <inputObjectQuerySequence>1.0</inputObjectQuerySequence>
        <linkedObjectSequence>0.0</linkedObjectSequence>
        <name>sfiEnergySelfServiceGetLatestStatement</name>
        <outputCreationSequence>0.0</outputCreationSequence>
        <outputFieldName>Statement</outputFieldName>
        <outputObjectName>json</outputObjectName>
        <requiredForUpsert>false</requiredForUpsert>
        <upsertKey>false</upsertKey>
    </omniDataTransformItem>
    <omniDataTransformItem>
        <disabled>false</disabled>
        <filterGroup>0.0</filterGroup>
        <filterOperator>=</filterOperator>
        <filterValue>AccountId</filterValue>
        <globalKey>sfiEnergySelfServiceGetLatestStatementCustom1847</globalKey>
        <inputFieldName>vlocity_cmt__AccountId__c</inputFieldName>
        <inputObjectName>vlocity_cmt__Statement__c</inputObjectName>
        <inputObjectQuerySequence>1.0</inputObjectQuerySequence>
        <linkedObjectSequence>0.0</linkedObjectSequence>
        <name>sfiEnergySelfServiceGetLatestStatement</name>
        <outputCreationSequence>0.0</outputCreationSequence>
        <outputFieldName>Statement</outputFieldName>
        <outputObjectName>json</outputObjectName>
        <requiredForUpsert>false</requiredForUpsert>
        <upsertKey>false</upsertKey>
    </omniDataTransformItem>
    <omniDataTransformItem>
        <disabled>false</disabled>
        <filterGroup>0.0</filterGroup>
        <globalKey>sfiEnergySelfServiceGetLatestStatementCustom8431</globalKey>
        <inputFieldName>Statement:vlocity_cmt__StatementPeriodEndDate__c</inputFieldName>
        <inputObjectQuerySequence>0.0</inputObjectQuerySequence>
        <linkedObjectSequence>0.0</linkedObjectSequence>
        <name>sfiEnergySelfServiceGetLatestStatement</name>
        <outputCreationSequence>1.0</outputCreationSequence>
        <outputFieldFormat>Date(dd MMM yyyy)</outputFieldFormat>
        <outputFieldName>Statement:PeriodEndDate</outputFieldName>
        <outputObjectName>json</outputObjectName>
        <requiredForUpsert>false</requiredForUpsert>
        <upsertKey>false</upsertKey>
    </omniDataTransformItem>
    <omniDataTransformItem>
        <disabled>false</disabled>
        <filterGroup>0.0</filterGroup>
        <globalKey>sfiEnergySelfServiceGetLatestStatementCustom5702</globalKey>
        <inputFieldName>Statement:vlocity_cmt__StatementPeriodStartDate__c</inputFieldName>
        <inputObjectQuerySequence>0.0</inputObjectQuerySequence>
        <linkedObjectSequence>0.0</linkedObjectSequence>
        <name>sfiEnergySelfServiceGetLatestStatement</name>
        <outputCreationSequence>1.0</outputCreationSequence>
        <outputFieldFormat>Date(dd MMM)</outputFieldFormat>
        <outputFieldName>Statement:PeriodStartDate</outputFieldName>
        <outputObjectName>json</outputObjectName>
        <requiredForUpsert>false</requiredForUpsert>
        <upsertKey>false</upsertKey>
    </omniDataTransformItem>
    <omniDataTransformItem>
        <disabled>false</disabled>
        <filterGroup>0.0</filterGroup>
        <globalKey>sfiEnergySelfServiceGetLatestStatementCustom9113</globalKey>
        <inputFieldName>Statement:vlocity_cmt__StatementImageURL__c</inputFieldName>
        <inputObjectQuerySequence>0.0</inputObjectQuerySequence>
        <linkedObjectSequence>0.0</linkedObjectSequence>
        <name>sfiEnergySelfServiceGetLatestStatement</name>
        <outputCreationSequence>1.0</outputCreationSequence>
        <outputFieldName>Statement:ImageURL</outputFieldName>
        <outputObjectName>json</outputObjectName>
        <requiredForUpsert>false</requiredForUpsert>
        <upsertKey>false</upsertKey>
    </omniDataTransformItem>
    <omniDataTransformItem>
        <disabled>false</disabled>
        <filterGroup>0.0</filterGroup>
        <globalKey>sfiEnergySelfServiceGetLatestStatementCustom7452</globalKey>
        <inputFieldName>PercentChange</inputFieldName>
        <inputObjectQuerySequence>0.0</inputObjectQuerySequence>
        <linkedObjectSequence>0.0</linkedObjectSequence>
        <name>sfiEnergySelfServiceGetLatestStatement</name>
        <outputCreationSequence>1.0</outputCreationSequence>
        <outputFieldFormat>Integer</outputFieldFormat>
        <outputFieldName>Statement:PercentChange</outputFieldName>
        <outputObjectName>json</outputObjectName>
        <requiredForUpsert>false</requiredForUpsert>
        <upsertKey>false</upsertKey>
    </omniDataTransformItem>
    <omniDataTransformItem>
        <disabled>false</disabled>
        <filterGroup>0.0</filterGroup>
        <globalKey>sfiEnergySelfServiceGetLatestStatementCustom3015</globalKey>
        <inputFieldName>BalanceIncrease</inputFieldName>
        <inputObjectQuerySequence>0.0</inputObjectQuerySequence>
        <linkedObjectSequence>0.0</linkedObjectSequence>
        <name>sfiEnergySelfServiceGetLatestStatement</name>
        <outputCreationSequence>1.0</outputCreationSequence>
        <outputFieldFormat>Boolean</outputFieldFormat>
        <outputFieldName>Statement:BalanceIncrease</outputFieldName>
        <outputObjectName>json</outputObjectName>
        <requiredForUpsert>false</requiredForUpsert>
        <upsertKey>false</upsertKey>
    </omniDataTransformItem>
    <omniDataTransformItem>
        <disabled>false</disabled>
        <filterGroup>0.0</filterGroup>
        <globalKey>sfiEnergySelfServiceGetLatestStatementCustom8038</globalKey>
        <inputFieldName>Statement:vlocity_cmt__DueDate__c</inputFieldName>
        <inputObjectQuerySequence>0.0</inputObjectQuerySequence>
        <linkedObjectSequence>0.0</linkedObjectSequence>
        <name>sfiEnergySelfServiceGetLatestStatement</name>
        <outputCreationSequence>1.0</outputCreationSequence>
        <outputFieldFormat>Date(dd/MM/yyyy)</outputFieldFormat>
        <outputFieldName>Statement:DueDate</outputFieldName>
        <outputObjectName>json</outputObjectName>
        <requiredForUpsert>false</requiredForUpsert>
        <upsertKey>false</upsertKey>
    </omniDataTransformItem>
    <omniDataTransformItem>
        <disabled>false</disabled>
        <filterGroup>0.0</filterGroup>
        <formulaConverted>| var:Statement:vlocity_cmt__PreviousBalance__c var:NULL != var:Statement:vlocity_cmt__BalanceDue__c var:Statement:vlocity_cmt__PreviousBalance__c - 0 &gt; AND true false IF</formulaConverted>
        <formulaExpression>IF(AND(%Statement:vlocity_cmt__PreviousBalance__c% != NULL, %Statement:vlocity_cmt__BalanceDue__c% - %Statement:vlocity_cmt__PreviousBalance__c% &gt; 0), true, false)</formulaExpression>
        <formulaResultPath>BalanceIncrease</formulaResultPath>
        <formulaSequence>2.0</formulaSequence>
        <globalKey>sfiEnergySelfServiceGetLatestStatementCustom242</globalKey>
        <inputObjectQuerySequence>0.0</inputObjectQuerySequence>
        <linkedObjectSequence>0.0</linkedObjectSequence>
        <name>sfiEnergySelfServiceGetLatestStatement</name>
        <outputCreationSequence>0.0</outputCreationSequence>
        <outputFieldName>Formula</outputFieldName>
        <outputObjectName>Formula</outputObjectName>
        <requiredForUpsert>false</requiredForUpsert>
        <upsertKey>false</upsertKey>
    </omniDataTransformItem>
    <omniDataTransformItem>
        <disabled>false</disabled>
        <filterGroup>0.0</filterGroup>
        <globalKey>sfiEnergySelfServiceGetLatestStatementCustom9190</globalKey>
        <inputFieldName>Statement:vlocity_cmt__BalanceDue__c</inputFieldName>
        <inputObjectQuerySequence>0.0</inputObjectQuerySequence>
        <linkedObjectSequence>0.0</linkedObjectSequence>
        <name>sfiEnergySelfServiceGetLatestStatement</name>
        <outputCreationSequence>1.0</outputCreationSequence>
        <outputFieldFormat>CurrencyRounded</outputFieldFormat>
        <outputFieldName>Statement:BalanceDue</outputFieldName>
        <outputObjectName>json</outputObjectName>
        <requiredForUpsert>false</requiredForUpsert>
        <upsertKey>false</upsertKey>
    </omniDataTransformItem>
    <omniDataTransformItem>
        <disabled>false</disabled>
        <filterGroup>0.0</filterGroup>
        <globalKey>sfiEnergySelfServiceGetLatestStatementCustom3542</globalKey>
        <inputFieldName>Statement:vlocity_cmt__PreviousBalance__c</inputFieldName>
        <inputObjectQuerySequence>0.0</inputObjectQuerySequence>
        <linkedObjectSequence>0.0</linkedObjectSequence>
        <name>sfiEnergySelfServiceGetLatestStatement</name>
        <outputCreationSequence>1.0</outputCreationSequence>
        <outputFieldFormat>CurrencyRounded</outputFieldFormat>
        <outputFieldName>Statement:PreviousBalance</outputFieldName>
        <outputObjectName>json</outputObjectName>
        <requiredForUpsert>false</requiredForUpsert>
        <upsertKey>false</upsertKey>
    </omniDataTransformItem>
    <omniDataTransformItem>
        <disabled>false</disabled>
        <filterGroup>0.0</filterGroup>
        <globalKey>sfiEnergySelfServiceGetLatestStatementCustom6038</globalKey>
        <inputFieldName>fomattedStart</inputFieldName>
        <inputObjectQuerySequence>0.0</inputObjectQuerySequence>
        <linkedObjectSequence>0.0</linkedObjectSequence>
        <name>sfiEnergySelfServiceGetLatestStatement</name>
        <outputCreationSequence>1.0</outputCreationSequence>
        <outputFieldName>fomattedStart</outputFieldName>
        <outputObjectName>json</outputObjectName>
        <requiredForUpsert>false</requiredForUpsert>
        <upsertKey>false</upsertKey>
    </omniDataTransformItem>
    <outputType>JSON</outputType>
    <previewJsonData>{
  &quot;AccountId&quot; : &quot;0014x000010stzEAAQ&quot;
}</previewJsonData>
    <processSuperBulk>false</processSuperBulk>
    <responseCacheTtlMinutes>0.0</responseCacheTtlMinutes>
    <rollbackOnError>false</rollbackOnError>
    <sourceObject>json</sourceObject>
    <sourceObjectDefault>false</sourceObjectDefault>
    <synchronousProcessThreshold>0.0</synchronousProcessThreshold>
    <type>Extract</type>
    <uniqueName>sfiEnergySelfServiceGetLatestStatement_1</uniqueName>
    <versionNumber>1.0</versionNumber>
    <xmlDeclarationRemoved>false</xmlDeclarationRemoved>
</OmniDataTransform>
