<?xml version="1.0" encoding="UTF-8"?>
<OmniDataTransform xmlns="http://soap.sforce.com/2006/04/metadata">
    <active>false</active>
    <assignmentRulesUsed>false</assignmentRulesUsed>
    <deletedOnSuccess>false</deletedOnSuccess>
    <description>Self Service - DataRaptor used to save Profile Info.</description>
    <errorIgnored>false</errorIgnored>
    <expectedInputJson>{
  &quot;ContactId&quot; : &quot;0034x00000zE1v2AAC&quot;,
  &quot;Email&quot; : &quot;e@e.com&quot;,
  &quot;FirstName&quot; : &quot;Test&quot;,
  &quot;LastName&quot; : &quot;Contact1&quot;,
  &quot;MailingCity&quot; : &quot;Chittoor&quot;,
  &quot;MailingCountry&quot; : &quot;India&quot;,
  &quot;MailingPostalCode&quot; : &quot;517586&quot;,
  &quot;MailingState&quot; : &quot;Andhra Pradesh&quot;,
  &quot;MailingStreet&quot; : &quot;2/19, Illathur, Vijayapuram&quot;,
  &quot;MobilePhone&quot; : &quot;8892314907&quot;,
  &quot;Username&quot; : &quot;testcontact1@salesforcekenton.com&quot;
}</expectedInputJson>
    <fieldLevelSecurityEnabled>false</fieldLevelSecurityEnabled>
    <inputType>JSON</inputType>
    <name>sfiEnergySelfServiceUpdateProfile</name>
    <nullInputsIncludedInOutput>false</nullInputsIncludedInOutput>
    <omniDataTransformItem>
        <disabled>false</disabled>
        <filterGroup>0.0</filterGroup>
        <globalKey>sfiEnergySelfServiceUpdateProfileCustom6007</globalKey>
        <inputFieldName>MailingStreet</inputFieldName>
        <inputObjectQuerySequence>0.0</inputObjectQuerySequence>
        <linkedObjectSequence>0.0</linkedObjectSequence>
        <name>sfiEnergySelfServiceUpdateProfile</name>
        <outputCreationSequence>1.0</outputCreationSequence>
        <outputFieldName>MailingStreet</outputFieldName>
        <outputObjectName>Contact</outputObjectName>
        <requiredForUpsert>false</requiredForUpsert>
        <upsertKey>false</upsertKey>
    </omniDataTransformItem>
    <omniDataTransformItem>
        <disabled>false</disabled>
        <filterGroup>0.0</filterGroup>
        <globalKey>sfiEnergySelfServiceUpdateProfileCustom2812</globalKey>
        <inputFieldName>MobilePhone</inputFieldName>
        <inputObjectQuerySequence>0.0</inputObjectQuerySequence>
        <linkedObjectSequence>0.0</linkedObjectSequence>
        <name>sfiEnergySelfServiceUpdateProfile</name>
        <outputCreationSequence>1.0</outputCreationSequence>
        <outputFieldName>MobilePhone</outputFieldName>
        <outputObjectName>Contact</outputObjectName>
        <requiredForUpsert>false</requiredForUpsert>
        <upsertKey>false</upsertKey>
    </omniDataTransformItem>
    <omniDataTransformItem>
        <disabled>false</disabled>
        <filterGroup>0.0</filterGroup>
        <globalKey>sfiEnergySelfServiceUpdateProfileCustom9018</globalKey>
        <inputFieldName>MailingPostalCode</inputFieldName>
        <inputObjectQuerySequence>0.0</inputObjectQuerySequence>
        <linkedObjectSequence>0.0</linkedObjectSequence>
        <name>sfiEnergySelfServiceUpdateProfile</name>
        <outputCreationSequence>1.0</outputCreationSequence>
        <outputFieldName>MailingPostalCode</outputFieldName>
        <outputObjectName>Contact</outputObjectName>
        <requiredForUpsert>false</requiredForUpsert>
        <upsertKey>false</upsertKey>
    </omniDataTransformItem>
    <omniDataTransformItem>
        <disabled>false</disabled>
        <filterGroup>0.0</filterGroup>
        <globalKey>sfiEnergySelfServiceUpdateProfileCustom2994</globalKey>
        <inputFieldName>MailingState</inputFieldName>
        <inputObjectQuerySequence>0.0</inputObjectQuerySequence>
        <linkedObjectSequence>0.0</linkedObjectSequence>
        <name>sfiEnergySelfServiceUpdateProfile</name>
        <outputCreationSequence>1.0</outputCreationSequence>
        <outputFieldName>MailingState</outputFieldName>
        <outputObjectName>Contact</outputObjectName>
        <requiredForUpsert>false</requiredForUpsert>
        <upsertKey>false</upsertKey>
    </omniDataTransformItem>
    <omniDataTransformItem>
        <disabled>false</disabled>
        <filterGroup>0.0</filterGroup>
        <globalKey>sfiEnergySelfServiceUpdateProfileCustom2902</globalKey>
        <inputFieldName>MailingCity</inputFieldName>
        <inputObjectQuerySequence>0.0</inputObjectQuerySequence>
        <linkedObjectSequence>0.0</linkedObjectSequence>
        <name>sfiEnergySelfServiceUpdateProfile</name>
        <outputCreationSequence>1.0</outputCreationSequence>
        <outputFieldName>MailingCity</outputFieldName>
        <outputObjectName>Contact</outputObjectName>
        <requiredForUpsert>false</requiredForUpsert>
        <upsertKey>false</upsertKey>
    </omniDataTransformItem>
    <omniDataTransformItem>
        <disabled>false</disabled>
        <filterGroup>0.0</filterGroup>
        <globalKey>sfiEnergySelfServiceUpdateProfileCustom8635</globalKey>
        <inputFieldName>MailingCountry</inputFieldName>
        <inputObjectQuerySequence>0.0</inputObjectQuerySequence>
        <linkedObjectSequence>0.0</linkedObjectSequence>
        <name>sfiEnergySelfServiceUpdateProfile</name>
        <outputCreationSequence>1.0</outputCreationSequence>
        <outputFieldName>MailingCountry</outputFieldName>
        <outputObjectName>Contact</outputObjectName>
        <requiredForUpsert>false</requiredForUpsert>
        <upsertKey>false</upsertKey>
    </omniDataTransformItem>
    <omniDataTransformItem>
        <disabled>true</disabled>
        <filterGroup>0.0</filterGroup>
        <filterOperator>=</filterOperator>
        <globalKey>sfiEnergySelfServiceUpdateProfileCustom2040</globalKey>
        <inputObjectQuerySequence>0.0</inputObjectQuerySequence>
        <linkedObjectSequence>0.0</linkedObjectSequence>
        <migrationValue>FAKEMAPPING</migrationValue>
        <name>sfiEnergySelfServiceUpdateProfile</name>
        <outputCreationSequence>1.0</outputCreationSequence>
        <outputFieldName>Id</outputFieldName>
        <outputObjectName>Contact</outputObjectName>
        <requiredForUpsert>false</requiredForUpsert>
        <upsertKey>false</upsertKey>
    </omniDataTransformItem>
    <omniDataTransformItem>
        <disabled>false</disabled>
        <filterGroup>0.0</filterGroup>
        <globalKey>sfiEnergySelfServiceUpdateProfileCustom6970</globalKey>
        <inputFieldName>LastName</inputFieldName>
        <inputObjectQuerySequence>0.0</inputObjectQuerySequence>
        <linkedObjectSequence>0.0</linkedObjectSequence>
        <name>sfiEnergySelfServiceUpdateProfile</name>
        <outputCreationSequence>1.0</outputCreationSequence>
        <outputFieldName>LastName</outputFieldName>
        <outputObjectName>Contact</outputObjectName>
        <requiredForUpsert>false</requiredForUpsert>
        <upsertKey>false</upsertKey>
    </omniDataTransformItem>
    <omniDataTransformItem>
        <disabled>false</disabled>
        <filterGroup>0.0</filterGroup>
        <globalKey>sfiEnergySelfServiceUpdateProfileCustom2927</globalKey>
        <inputFieldName>FirstName</inputFieldName>
        <inputObjectQuerySequence>0.0</inputObjectQuerySequence>
        <linkedObjectSequence>0.0</linkedObjectSequence>
        <name>sfiEnergySelfServiceUpdateProfile</name>
        <outputCreationSequence>1.0</outputCreationSequence>
        <outputFieldName>FirstName</outputFieldName>
        <outputObjectName>Contact</outputObjectName>
        <requiredForUpsert>false</requiredForUpsert>
        <upsertKey>false</upsertKey>
    </omniDataTransformItem>
    <omniDataTransformItem>
        <disabled>false</disabled>
        <filterGroup>0.0</filterGroup>
        <globalKey>sfiEnergySelfServiceUpdateProfileCustom3901</globalKey>
        <inputFieldName>ContactId</inputFieldName>
        <inputObjectQuerySequence>0.0</inputObjectQuerySequence>
        <linkedObjectSequence>0.0</linkedObjectSequence>
        <name>sfiEnergySelfServiceUpdateProfile</name>
        <outputCreationSequence>1.0</outputCreationSequence>
        <outputFieldName>Id</outputFieldName>
        <outputObjectName>Contact</outputObjectName>
        <requiredForUpsert>true</requiredForUpsert>
        <upsertKey>true</upsertKey>
    </omniDataTransformItem>
    <omniDataTransformItem>
        <disabled>false</disabled>
        <filterGroup>0.0</filterGroup>
        <globalKey>sfiEnergySelfServiceUpdateProfileCustom9254</globalKey>
        <inputFieldName>Email</inputFieldName>
        <inputObjectQuerySequence>0.0</inputObjectQuerySequence>
        <linkedObjectSequence>0.0</linkedObjectSequence>
        <name>sfiEnergySelfServiceUpdateProfile</name>
        <outputCreationSequence>1.0</outputCreationSequence>
        <outputFieldName>Email</outputFieldName>
        <outputObjectName>Contact</outputObjectName>
        <requiredForUpsert>false</requiredForUpsert>
        <upsertKey>false</upsertKey>
    </omniDataTransformItem>
    <outputType>SObject</outputType>
    <previewJsonData>{
  &quot;ContactId&quot; : &quot;0034x00000zE1v2AAC&quot;,
  &quot;Email&quot; : &quot;a@a.com&quot;,
  &quot;FirstName&quot; : &quot;Test&quot;,
  &quot;LastName&quot; : &quot;Contact1&quot;,
  &quot;MailingCity&quot; : &quot;Chittoor&quot;,
  &quot;MailingCountry&quot; : &quot;India&quot;,
  &quot;MailingPostalCode&quot; : &quot;517586&quot;,
  &quot;MailingState&quot; : &quot;Andhra Pradesh&quot;,
  &quot;MailingStreet&quot; : &quot;2/19, Illathur, Vijayapuram&quot;,
  &quot;MobilePhone&quot; : &quot;8892314907&quot;,
  &quot;Username&quot; : &quot;testcontact1@salesforcekenton.com&quot;
}</previewJsonData>
    <processSuperBulk>false</processSuperBulk>
    <requiredPermission>sfiEnergySelfServicePermission</requiredPermission>
    <responseCacheTtlMinutes>0.0</responseCacheTtlMinutes>
    <rollbackOnError>false</rollbackOnError>
    <sourceObject>json</sourceObject>
    <sourceObjectDefault>false</sourceObjectDefault>
    <synchronousProcessThreshold>0.0</synchronousProcessThreshold>
    <type>Load</type>
    <uniqueName>sfiEnergySelfServiceUpdateProfile_1</uniqueName>
    <versionNumber>1.0</versionNumber>
    <xmlDeclarationRemoved>false</xmlDeclarationRemoved>
</OmniDataTransform>
