<?xml version="1.0" encoding="UTF-8"?>
<OmniDataTransform xmlns="http://soap.sforce.com/2006/04/metadata">
    <active>false</active>
    <assignmentRulesUsed>false</assignmentRulesUsed>
    <deletedOnSuccess>false</deletedOnSuccess>
    <errorIgnored>false</errorIgnored>
    <fieldLevelSecurityEnabled>true</fieldLevelSecurityEnabled>
    <inputType>JSON</inputType>
    <name>sfiEnergyConsoleFSGetWorkTypesTerritories</name>
    <nullInputsIncludedInOutput>false</nullInputsIncludedInOutput>
    <omniDataTransformItem>
        <disabled>false</disabled>
        <filterGroup>0.0</filterGroup>
        <globalKey>sfiEnergyConsoleFSGetWorkTypesTerritories6182266944615311</globalKey>
        <inputFieldName>ServiceTerritories</inputFieldName>
        <inputObjectQuerySequence>0.0</inputObjectQuerySequence>
        <linkedObjectSequence>0.0</linkedObjectSequence>
        <name>sfiEnergyConsoleFSGetWorkTypesTerritories</name>
        <outputCreationSequence>1.0</outputCreationSequence>
        <outputFieldFormat>List&lt;String&gt;</outputFieldFormat>
        <outputFieldName>ServiceTerritories</outputFieldName>
        <outputObjectName>json</outputObjectName>
        <requiredForUpsert>false</requiredForUpsert>
        <upsertKey>false</upsertKey>
    </omniDataTransformItem>
    <omniDataTransformItem>
        <disabled>false</disabled>
        <filterGroup>0.0</filterGroup>
        <globalKey>sfiEnergyConsoleFSGetWorkTypesTerritories5226177870346727</globalKey>
        <inputFieldName>WorkTypes</inputFieldName>
        <inputObjectQuerySequence>0.0</inputObjectQuerySequence>
        <linkedObjectSequence>0.0</linkedObjectSequence>
        <name>sfiEnergyConsoleFSGetWorkTypesTerritories</name>
        <outputCreationSequence>1.0</outputCreationSequence>
        <outputFieldFormat>List&lt;String&gt;</outputFieldFormat>
        <outputFieldName>WorkTypes</outputFieldName>
        <outputObjectName>json</outputObjectName>
        <requiredForUpsert>false</requiredForUpsert>
        <upsertKey>false</upsertKey>
    </omniDataTransformItem>
    <omniDataTransformItem>
        <disabled>false</disabled>
        <filterGroup>0.0</filterGroup>
        <formulaConverted>var:AllServiceTerritories:Name</formulaConverted>
        <formulaExpression>AllServiceTerritories:Name</formulaExpression>
        <formulaResultPath>ServiceTerritories</formulaResultPath>
        <formulaSequence>2.0</formulaSequence>
        <globalKey>sfiEnergyConsoleFSGetWorkTypesTerritories4414471304927261</globalKey>
        <inputObjectQuerySequence>0.0</inputObjectQuerySequence>
        <linkedObjectSequence>0.0</linkedObjectSequence>
        <name>sfiEnergyConsoleFSGetWorkTypesTerritories</name>
        <outputCreationSequence>0.0</outputCreationSequence>
        <outputFieldName>Formula</outputFieldName>
        <outputObjectName>Formula</outputObjectName>
        <requiredForUpsert>false</requiredForUpsert>
        <upsertKey>false</upsertKey>
    </omniDataTransformItem>
    <omniDataTransformItem>
        <disabled>false</disabled>
        <filterGroup>0.0</filterGroup>
        <formulaConverted>var:AllWorkTypes:Name</formulaConverted>
        <formulaExpression>AllWorkTypes:Name</formulaExpression>
        <formulaResultPath>WorkTypes</formulaResultPath>
        <formulaSequence>1.0</formulaSequence>
        <globalKey>sfiEnergyConsoleFSGetWorkTypesTerritories49442843116317836</globalKey>
        <inputObjectQuerySequence>0.0</inputObjectQuerySequence>
        <linkedObjectSequence>0.0</linkedObjectSequence>
        <name>sfiEnergyConsoleFSGetWorkTypesTerritories</name>
        <outputCreationSequence>0.0</outputCreationSequence>
        <outputFieldName>Formula</outputFieldName>
        <outputObjectName>Formula</outputObjectName>
        <requiredForUpsert>false</requiredForUpsert>
        <upsertKey>false</upsertKey>
    </omniDataTransformItem>
    <omniDataTransformItem>
        <disabled>false</disabled>
        <filterGroup>0.0</filterGroup>
        <filterOperator>=</filterOperator>
        <filterValue>&apos;true&apos;</filterValue>
        <globalKey>sfiEnergyConsoleFSGetWorkTypesTerritories08236156214559731</globalKey>
        <inputFieldName>IsActive</inputFieldName>
        <inputObjectName>ServiceTerritory</inputObjectName>
        <inputObjectQuerySequence>3.0</inputObjectQuerySequence>
        <linkedObjectSequence>0.0</linkedObjectSequence>
        <name>sfiEnergyConsoleFSGetWorkTypesTerritories</name>
        <outputCreationSequence>0.0</outputCreationSequence>
        <outputFieldName>AllServiceTerritories</outputFieldName>
        <outputObjectName>json</outputObjectName>
        <requiredForUpsert>false</requiredForUpsert>
        <upsertKey>false</upsertKey>
    </omniDataTransformItem>
    <omniDataTransformItem>
        <disabled>false</disabled>
        <filterGroup>0.0</filterGroup>
        <filterOperator>=</filterOperator>
        <filterValue>Account:OperatingHoursId</filterValue>
        <globalKey>sfiEnergyConsoleFSGetWorkTypesTerritories26793012008792494</globalKey>
        <inputFieldName>OperatingHoursId</inputFieldName>
        <inputObjectName>ServiceTerritory</inputObjectName>
        <inputObjectQuerySequence>3.0</inputObjectQuerySequence>
        <linkedObjectSequence>0.0</linkedObjectSequence>
        <name>sfiEnergyConsoleFSGetWorkTypesTerritories</name>
        <outputCreationSequence>0.0</outputCreationSequence>
        <outputFieldName>AllServiceTerritories</outputFieldName>
        <outputObjectName>json</outputObjectName>
        <requiredForUpsert>false</requiredForUpsert>
        <upsertKey>false</upsertKey>
    </omniDataTransformItem>
    <omniDataTransformItem>
        <disabled>false</disabled>
        <filterGroup>0.0</filterGroup>
        <filterOperator>=</filterOperator>
        <filterValue>AccountId</filterValue>
        <globalKey>sfiEnergyConsoleFSGetWorkTypesTerritories5396696822198457</globalKey>
        <inputFieldName>Id</inputFieldName>
        <inputObjectName>Account</inputObjectName>
        <inputObjectQuerySequence>1.0</inputObjectQuerySequence>
        <linkedObjectSequence>0.0</linkedObjectSequence>
        <name>sfiEnergyConsoleFSGetWorkTypesTerritories</name>
        <outputCreationSequence>0.0</outputCreationSequence>
        <outputFieldName>Account</outputFieldName>
        <outputObjectName>json</outputObjectName>
        <requiredForUpsert>false</requiredForUpsert>
        <upsertKey>false</upsertKey>
    </omniDataTransformItem>
    <omniDataTransformItem>
        <disabled>false</disabled>
        <filterGroup>0.0</filterGroup>
        <filterOperator>&lt;=</filterOperator>
        <filterValue>&apos;240&apos;</filterValue>
        <globalKey>sfiEnergyConsoleFSGetWorkTypesTerritories9641331210500876</globalKey>
        <inputFieldName>DurationInMinutes</inputFieldName>
        <inputObjectName>WorkType</inputObjectName>
        <inputObjectQuerySequence>2.0</inputObjectQuerySequence>
        <linkedObjectSequence>0.0</linkedObjectSequence>
        <name>sfiEnergyConsoleFSGetWorkTypesTerritories</name>
        <outputCreationSequence>0.0</outputCreationSequence>
        <outputFieldName>AllWorkTypes</outputFieldName>
        <outputObjectName>json</outputObjectName>
        <requiredForUpsert>false</requiredForUpsert>
        <upsertKey>false</upsertKey>
    </omniDataTransformItem>
    <omniDataTransformItem>
        <disabled>false</disabled>
        <filterGroup>0.0</filterGroup>
        <globalKey>sfiEnergyConsoleFSGetWorkTypesTerritories675127830057116</globalKey>
        <inputFieldName>Account:OperatingHoursId</inputFieldName>
        <inputObjectQuerySequence>0.0</inputObjectQuerySequence>
        <linkedObjectSequence>0.0</linkedObjectSequence>
        <name>sfiEnergyConsoleFSGetWorkTypesTerritories</name>
        <outputCreationSequence>1.0</outputCreationSequence>
        <outputFieldName>operatingHoursId</outputFieldName>
        <outputObjectName>json</outputObjectName>
        <requiredForUpsert>false</requiredForUpsert>
        <upsertKey>false</upsertKey>
    </omniDataTransformItem>
    <outputType>JSON</outputType>
    <previewJsonData>{
  &quot;AccountId&quot; : &quot;0013h00000CLSK5&quot;
}</previewJsonData>
    <processSuperBulk>false</processSuperBulk>
    <responseCacheTtlMinutes>0.0</responseCacheTtlMinutes>
    <rollbackOnError>false</rollbackOnError>
    <sourceObject>json</sourceObject>
    <sourceObjectDefault>false</sourceObjectDefault>
    <synchronousProcessThreshold>-1.0</synchronousProcessThreshold>
    <type>Extract</type>
    <uniqueName>sfiEnergyConsoleFSGetWorkTypesTerritories_1</uniqueName>
    <versionNumber>1.0</versionNumber>
    <xmlDeclarationRemoved>false</xmlDeclarationRemoved>
</OmniDataTransform>
