<?xml version="1.0" encoding="UTF-8"?>
<OmniDataTransform xmlns="http://soap.sforce.com/2006/04/metadata">
    <active>false</active>
    <assignmentRulesUsed>false</assignmentRulesUsed>
    <deletedOnSuccess>false</deletedOnSuccess>
    <description>Fetch ServicePoints for List of Premises</description>
    <errorIgnored>false</errorIgnored>
    <fieldLevelSecurityEnabled>false</fieldLevelSecurityEnabled>
    <inputType>JSON</inputType>
    <name>sfiEnergyB2bsalesDRFetchServicePointsFromPremises</name>
    <nullInputsIncludedInOutput>false</nullInputsIncludedInOutput>
    <omniDataTransformItem>
        <disabled>false</disabled>
        <filterGroup>0.0</filterGroup>
        <filterOperator>ORDER BY</filterOperator>
        <filterValue>Id</filterValue>
        <globalKey>sfiEnergyB2bsalesDRFetchServicePointsFromPremisesCustom154</globalKey>
        <inputObjectName>vlocity_cmt__ServicePoint__c</inputObjectName>
        <inputObjectQuerySequence>1.0</inputObjectQuerySequence>
        <linkedObjectSequence>0.0</linkedObjectSequence>
        <name>sfiEnergyB2bsalesDRFetchServicePointsFromPremises</name>
        <outputCreationSequence>0.0</outputCreationSequence>
        <outputFieldName>ServicePoints</outputFieldName>
        <outputObjectName>Turbo Extract</outputObjectName>
        <requiredForUpsert>false</requiredForUpsert>
        <upsertKey>false</upsertKey>
    </omniDataTransformItem>
    <omniDataTransformItem>
        <disabled>false</disabled>
        <filterGroup>0.0</filterGroup>
        <globalKey>sfiEnergyB2bsalesDRFetchServicePointsFromPremises815548305544928</globalKey>
        <inputFieldName>vlocity_cmt__AverageMonthlyUsage__c</inputFieldName>
        <inputObjectName>vlocity_cmt__ServicePoint__c</inputObjectName>
        <inputObjectQuerySequence>0.0</inputObjectQuerySequence>
        <linkedObjectSequence>0.0</linkedObjectSequence>
        <name>sfiEnergyB2bsalesDRFetchServicePointsFromPremises</name>
        <outputCreationSequence>1.0</outputCreationSequence>
        <outputFieldName>ServicePoints</outputFieldName>
        <outputObjectName>Turbo Extract</outputObjectName>
        <requiredForUpsert>false</requiredForUpsert>
        <upsertKey>false</upsertKey>
    </omniDataTransformItem>
    <omniDataTransformItem>
        <disabled>false</disabled>
        <filterDataType>ID</filterDataType>
        <filterGroup>0.0</filterGroup>
        <filterOperator>&gt;</filterOperator>
        <filterValue>lastFetchedId</filterValue>
        <globalKey>sfiEnergyB2bsalesDRFetchServicePointsFromPremisesCustom748</globalKey>
        <inputFieldName>Id</inputFieldName>
        <inputObjectName>vlocity_cmt__ServicePoint__c</inputObjectName>
        <inputObjectQuerySequence>1.0</inputObjectQuerySequence>
        <linkedObjectSequence>0.0</linkedObjectSequence>
        <name>sfiEnergyB2bsalesDRFetchServicePointsFromPremises</name>
        <outputCreationSequence>0.0</outputCreationSequence>
        <outputFieldName>ServicePoints</outputFieldName>
        <outputObjectName>Turbo Extract</outputObjectName>
        <requiredForUpsert>false</requiredForUpsert>
        <upsertKey>false</upsertKey>
    </omniDataTransformItem>
    <omniDataTransformItem>
        <disabled>false</disabled>
        <filterGroup>0.0</filterGroup>
        <filterOperator>LIMIT</filterOperator>
        <filterValue>20</filterValue>
        <globalKey>sfiEnergyB2bsalesDRFetchServicePointsFromPremises3744686993166506</globalKey>
        <inputObjectName>vlocity_cmt__ServicePoint__c</inputObjectName>
        <inputObjectQuerySequence>1.0</inputObjectQuerySequence>
        <linkedObjectSequence>0.0</linkedObjectSequence>
        <name>sfiEnergyB2bsalesDRFetchServicePointsFromPremises</name>
        <outputCreationSequence>0.0</outputCreationSequence>
        <outputFieldName>ServicePoints</outputFieldName>
        <outputObjectName>Turbo Extract</outputObjectName>
        <requiredForUpsert>false</requiredForUpsert>
        <upsertKey>false</upsertKey>
    </omniDataTransformItem>
    <omniDataTransformItem>
        <disabled>false</disabled>
        <filterDataType>REFERENCE</filterDataType>
        <filterGroup>0.0</filterGroup>
        <filterOperator>IN</filterOperator>
        <filterValue>Premises</filterValue>
        <globalKey>sfiEnergyB2bsalesDRFetchServicePointsFromPremises9802269659849214</globalKey>
        <inputFieldName>vlocity_cmt__PremisesId__c</inputFieldName>
        <inputObjectName>vlocity_cmt__ServicePoint__c</inputObjectName>
        <inputObjectQuerySequence>1.0</inputObjectQuerySequence>
        <linkedObjectSequence>0.0</linkedObjectSequence>
        <name>sfiEnergyB2bsalesDRFetchServicePointsFromPremises</name>
        <outputCreationSequence>0.0</outputCreationSequence>
        <outputFieldName>ServicePoints</outputFieldName>
        <outputObjectName>Turbo Extract</outputObjectName>
        <requiredForUpsert>false</requiredForUpsert>
        <upsertKey>false</upsertKey>
    </omniDataTransformItem>
    <omniDataTransformItem>
        <disabled>false</disabled>
        <filterGroup>0.0</filterGroup>
        <globalKey>sfiEnergyB2bsalesDRFetchServicePointsFromPremises6174365586125485</globalKey>
        <inputFieldName>vlocity_cmt__PremisesId__r.vlocity_cmt__City__c</inputFieldName>
        <inputObjectName>vlocity_cmt__ServicePoint__c</inputObjectName>
        <inputObjectQuerySequence>0.0</inputObjectQuerySequence>
        <linkedObjectSequence>0.0</linkedObjectSequence>
        <name>sfiEnergyB2bsalesDRFetchServicePointsFromPremises</name>
        <outputCreationSequence>1.0</outputCreationSequence>
        <outputFieldName>ServicePoints</outputFieldName>
        <outputObjectName>Turbo Extract</outputObjectName>
        <requiredForUpsert>false</requiredForUpsert>
        <upsertKey>false</upsertKey>
    </omniDataTransformItem>
    <omniDataTransformItem>
        <disabled>false</disabled>
        <filterGroup>0.0</filterGroup>
        <globalKey>sfiEnergyB2bsalesDRFetchServicePointsFromPremises9013868837689039</globalKey>
        <inputFieldName>vlocity_cmt__PremisesId__r.vlocity_cmt__PostalCode__c</inputFieldName>
        <inputObjectName>vlocity_cmt__ServicePoint__c</inputObjectName>
        <inputObjectQuerySequence>0.0</inputObjectQuerySequence>
        <linkedObjectSequence>0.0</linkedObjectSequence>
        <name>sfiEnergyB2bsalesDRFetchServicePointsFromPremises</name>
        <outputCreationSequence>1.0</outputCreationSequence>
        <outputFieldName>ServicePoints</outputFieldName>
        <outputObjectName>Turbo Extract</outputObjectName>
        <requiredForUpsert>false</requiredForUpsert>
        <upsertKey>false</upsertKey>
    </omniDataTransformItem>
    <omniDataTransformItem>
        <disabled>false</disabled>
        <filterGroup>0.0</filterGroup>
        <globalKey>sfiEnergyB2bsalesDRFetchServicePointsFromPremises1542338916941668</globalKey>
        <inputFieldName>vlocity_cmt__LoadProfile__c</inputFieldName>
        <inputObjectName>vlocity_cmt__ServicePoint__c</inputObjectName>
        <inputObjectQuerySequence>0.0</inputObjectQuerySequence>
        <linkedObjectSequence>0.0</linkedObjectSequence>
        <name>sfiEnergyB2bsalesDRFetchServicePointsFromPremises</name>
        <outputCreationSequence>1.0</outputCreationSequence>
        <outputFieldName>ServicePoints</outputFieldName>
        <outputObjectName>Turbo Extract</outputObjectName>
        <requiredForUpsert>false</requiredForUpsert>
        <upsertKey>false</upsertKey>
    </omniDataTransformItem>
    <omniDataTransformItem>
        <disabled>false</disabled>
        <filterGroup>0.0</filterGroup>
        <globalKey>sfiEnergyB2bsalesDRFetchServicePointsFromPremises558205998930063</globalKey>
        <inputFieldName>vlocity_cmt__MarketIdentifier__c</inputFieldName>
        <inputObjectName>vlocity_cmt__ServicePoint__c</inputObjectName>
        <inputObjectQuerySequence>0.0</inputObjectQuerySequence>
        <linkedObjectSequence>0.0</linkedObjectSequence>
        <name>sfiEnergyB2bsalesDRFetchServicePointsFromPremises</name>
        <outputCreationSequence>1.0</outputCreationSequence>
        <outputFieldName>ServicePoints</outputFieldName>
        <outputObjectName>Turbo Extract</outputObjectName>
        <requiredForUpsert>false</requiredForUpsert>
        <upsertKey>false</upsertKey>
    </omniDataTransformItem>
    <omniDataTransformItem>
        <disabled>false</disabled>
        <filterGroup>0.0</filterGroup>
        <globalKey>sfiEnergyB2bsalesDRFetchServicePointsFromPremises022309892829948108</globalKey>
        <inputFieldName>vlocity_cmt__PremisesId__r.Id</inputFieldName>
        <inputObjectName>vlocity_cmt__ServicePoint__c</inputObjectName>
        <inputObjectQuerySequence>0.0</inputObjectQuerySequence>
        <linkedObjectSequence>0.0</linkedObjectSequence>
        <name>sfiEnergyB2bsalesDRFetchServicePointsFromPremises</name>
        <outputCreationSequence>1.0</outputCreationSequence>
        <outputFieldName>ServicePoints</outputFieldName>
        <outputObjectName>Turbo Extract</outputObjectName>
        <requiredForUpsert>false</requiredForUpsert>
        <upsertKey>false</upsertKey>
    </omniDataTransformItem>
    <omniDataTransformItem>
        <disabled>false</disabled>
        <filterGroup>0.0</filterGroup>
        <globalKey>sfiEnergyB2bsalesDRFetchServicePointsFromPremises22505617386462862</globalKey>
        <inputFieldName>vlocity_cmt__PremisesId__r.vlocity_cmt__State__c</inputFieldName>
        <inputObjectName>vlocity_cmt__ServicePoint__c</inputObjectName>
        <inputObjectQuerySequence>0.0</inputObjectQuerySequence>
        <linkedObjectSequence>0.0</linkedObjectSequence>
        <name>sfiEnergyB2bsalesDRFetchServicePointsFromPremises</name>
        <outputCreationSequence>1.0</outputCreationSequence>
        <outputFieldName>ServicePoints</outputFieldName>
        <outputObjectName>Turbo Extract</outputObjectName>
        <requiredForUpsert>false</requiredForUpsert>
        <upsertKey>false</upsertKey>
    </omniDataTransformItem>
    <omniDataTransformItem>
        <disabled>false</disabled>
        <filterGroup>0.0</filterGroup>
        <globalKey>sfiEnergyB2bsalesDRFetchServicePointsFromPremises8520114388388444</globalKey>
        <inputFieldName>vlocity_cmt__PremisesId__r.vlocity_cmt__StreetAddress__c</inputFieldName>
        <inputObjectName>vlocity_cmt__ServicePoint__c</inputObjectName>
        <inputObjectQuerySequence>0.0</inputObjectQuerySequence>
        <linkedObjectSequence>0.0</linkedObjectSequence>
        <name>sfiEnergyB2bsalesDRFetchServicePointsFromPremises</name>
        <outputCreationSequence>1.0</outputCreationSequence>
        <outputFieldName>ServicePoints</outputFieldName>
        <outputObjectName>Turbo Extract</outputObjectName>
        <requiredForUpsert>false</requiredForUpsert>
        <upsertKey>false</upsertKey>
    </omniDataTransformItem>
    <outputType>JSON</outputType>
    <previewJsonData>{
  &quot;Premises&quot; : [ &quot;a3B5g000000PFvlEAG&quot; ],
  &quot;lastFetchedId&quot; : &quot;&quot;
}</previewJsonData>
    <processSuperBulk>false</processSuperBulk>
    <responseCacheTtlMinutes>0.0</responseCacheTtlMinutes>
    <rollbackOnError>false</rollbackOnError>
    <sourceObject>json</sourceObject>
    <sourceObjectDefault>false</sourceObjectDefault>
    <synchronousProcessThreshold>0.0</synchronousProcessThreshold>
    <type>Turbo Extract</type>
    <uniqueName>sfiEnergyB2bsalesDRFetchServicePointsFromPremises_1</uniqueName>
    <versionNumber>1.0</versionNumber>
    <xmlDeclarationRemoved>false</xmlDeclarationRemoved>
</OmniDataTransform>
