<?xml version="1.0" encoding="UTF-8"?>
<OmniDataTransform xmlns="http://soap.sforce.com/2006/04/metadata">
    <active>false</active>
    <assignmentRulesUsed>false</assignmentRulesUsed>
    <deletedOnSuccess>false</deletedOnSuccess>
    <errorIgnored>false</errorIgnored>
    <fieldLevelSecurityEnabled>false</fieldLevelSecurityEnabled>
    <inputType>JSON</inputType>
    <name>sfiEnergyConsoleDRTrasformServicePoints</name>
    <nullInputsIncludedInOutput>false</nullInputsIncludedInOutput>
    <omniDataTransformItem>
        <disabled>false</disabled>
        <filterGroup>0.0</filterGroup>
        <formulaConverted>| var:ServicePoints:vlocity_cmt__MeterId__r:vlocity_cmt__ProductId__r:Description var:ServicePoints:vlocity_cmt__MeterId__r:vlocity_cmt__ProductId__r:Description &apos;&apos; IF</formulaConverted>
        <formulaExpression>IF(%ServicePoints:vlocity_cmt__MeterId__r:vlocity_cmt__ProductId__r:Description%, %ServicePoints:vlocity_cmt__MeterId__r:vlocity_cmt__ProductId__r:Description%, &apos;&apos;)</formulaExpression>
        <formulaResultPath>ServicePoints:ProductDescription</formulaResultPath>
        <formulaSequence>3.0</formulaSequence>
        <globalKey>sfiEnergyConsoleDRTrasformServicePointsCustom9841</globalKey>
        <inputObjectQuerySequence>0.0</inputObjectQuerySequence>
        <linkedObjectSequence>0.0</linkedObjectSequence>
        <name>sfiEnergyConsoleDRTrasformServicePoints</name>
        <outputCreationSequence>0.0</outputCreationSequence>
        <outputFieldName>Formula</outputFieldName>
        <outputObjectName>Formula</outputObjectName>
        <requiredForUpsert>false</requiredForUpsert>
        <upsertKey>false</upsertKey>
    </omniDataTransformItem>
    <omniDataTransformItem>
        <defaultValue>&apos;&apos;</defaultValue>
        <disabled>false</disabled>
        <filterGroup>0.0</filterGroup>
        <globalKey>sfiEnergyConsoleDRTrasformServicePointsCustom2337</globalKey>
        <inputFieldName>ServicePoints:vlocity_cmt__ActivationDate__c</inputFieldName>
        <inputObjectQuerySequence>0.0</inputObjectQuerySequence>
        <linkedObjectSequence>0.0</linkedObjectSequence>
        <name>sfiEnergyConsoleDRTrasformServicePoints</name>
        <outputCreationSequence>1.0</outputCreationSequence>
        <outputFieldName>ServicePointList:ActivationDate</outputFieldName>
        <outputObjectName>json</outputObjectName>
        <requiredForUpsert>false</requiredForUpsert>
        <upsertKey>false</upsertKey>
    </omniDataTransformItem>
    <omniDataTransformItem>
        <defaultValue>&apos;&apos;</defaultValue>
        <disabled>false</disabled>
        <filterGroup>0.0</filterGroup>
        <globalKey>sfiEnergyConsoleDRTrasformServicePointsCustoma1V4x00000BqjykEABItem3</globalKey>
        <inputFieldName>ServicePoints:vlocity_cmt__AverageMonthlyUsage__c</inputFieldName>
        <inputObjectQuerySequence>0.0</inputObjectQuerySequence>
        <linkedObjectSequence>0.0</linkedObjectSequence>
        <name>sfiEnergyConsoleDRTrasformServicePoints</name>
        <outputCreationSequence>1.0</outputCreationSequence>
        <outputFieldName>ServicePointList:AverageUsage</outputFieldName>
        <outputObjectName>json</outputObjectName>
        <requiredForUpsert>false</requiredForUpsert>
        <upsertKey>false</upsertKey>
    </omniDataTransformItem>
    <omniDataTransformItem>
        <disabled>false</disabled>
        <filterGroup>0.0</filterGroup>
        <formulaConverted>| var:ServicePoints:vlocity_cmt__PremisesId__r:vlocity_cmt__StreetAddress__c var:null != var:ServicePoints:vlocity_cmt__PremisesId__r:vlocity_cmt__City__c var:null != &amp;&amp; var:ServicePoints:vlocity_cmt__PremisesId__r:vlocity_cmt__State__c var:null != &amp;&amp; var:ServicePoints:vlocity_cmt__PremisesId__r:vlocity_cmt__PostalCode__c var:null != &amp;&amp; | var:ServicePoints:vlocity_cmt__PremisesId__r:vlocity_cmt__StreetAddress__c &quot;,/\/\/&quot; var:ServicePoints:vlocity_cmt__PremisesId__r:vlocity_cmt__City__c &quot;,/\/\/&quot; var:ServicePoints:vlocity_cmt__PremisesId__r:vlocity_cmt__State__c &quot;,/\/\/&quot; var:ServicePoints:vlocity_cmt__PremisesId__r:vlocity_cmt__PostalCode__c CONCAT &quot;&quot; IF</formulaConverted>
        <formulaExpression>IF(%ServicePoints:vlocity_cmt__PremisesId__r:vlocity_cmt__StreetAddress__c%!=null&amp;&amp; %ServicePoints:vlocity_cmt__PremisesId__r:vlocity_cmt__City__c%!=null &amp;&amp; %ServicePoints:vlocity_cmt__PremisesId__r:vlocity_cmt__State__c%!=null &amp;&amp; %ServicePoints:vlocity_cmt__PremisesId__r:vlocity_cmt__PostalCode__c%!=null,CONCAT(%ServicePoints:vlocity_cmt__PremisesId__r:vlocity_cmt__StreetAddress__c%,&quot;, &quot; ,%ServicePoints:vlocity_cmt__PremisesId__r:vlocity_cmt__City__c%,&quot;, &quot;,  %ServicePoints:vlocity_cmt__PremisesId__r:vlocity_cmt__State__c%,&quot;, &quot;,
%ServicePoints:vlocity_cmt__PremisesId__r:vlocity_cmt__PostalCode__c%),&quot;&quot;)</formulaExpression>
        <formulaResultPath>ServicePoints:PremiseAddress</formulaResultPath>
        <formulaSequence>1.0</formulaSequence>
        <globalKey>sfiEnergyConsoleDRTrasformServicePointsCustoma1V4x00000BqjykEABItem0</globalKey>
        <inputObjectQuerySequence>0.0</inputObjectQuerySequence>
        <linkedObjectSequence>0.0</linkedObjectSequence>
        <name>sfiEnergyConsoleDRTrasformServicePoints</name>
        <outputCreationSequence>0.0</outputCreationSequence>
        <outputFieldName>Formula</outputFieldName>
        <outputObjectName>Formula</outputObjectName>
        <requiredForUpsert>false</requiredForUpsert>
        <upsertKey>false</upsertKey>
    </omniDataTransformItem>
    <omniDataTransformItem>
        <disabled>false</disabled>
        <filterGroup>0.0</filterGroup>
        <globalKey>sfiEnergyConsoleDRTrasformServicePointsCustoma1V4x00000BqjykEABItem1</globalKey>
        <inputObjectQuerySequence>0.0</inputObjectQuerySequence>
        <linkedObjectSequence>0.0</linkedObjectSequence>
        <name>sfiEnergyConsoleDRTrasformServicePoints</name>
        <outputCreationSequence>1.0</outputCreationSequence>
        <outputFieldFormat>List&lt;Map&gt;</outputFieldFormat>
        <outputFieldName>ServicePointList</outputFieldName>
        <outputObjectName>json</outputObjectName>
        <requiredForUpsert>false</requiredForUpsert>
        <upsertKey>false</upsertKey>
    </omniDataTransformItem>
    <omniDataTransformItem>
        <disabled>false</disabled>
        <filterGroup>0.0</filterGroup>
        <formulaConverted>| var:ServicePoints:vlocity_cmt__MeterId__r:vlocity_cmt__ProductId__r:Id var:ServicePoints:vlocity_cmt__MeterId__r:vlocity_cmt__ProductId__r:Id &apos;&apos; IF</formulaConverted>
        <formulaExpression>IF(%ServicePoints:vlocity_cmt__MeterId__r:vlocity_cmt__ProductId__r:Id%, %ServicePoints:vlocity_cmt__MeterId__r:vlocity_cmt__ProductId__r:Id%, &apos;&apos;)</formulaExpression>
        <formulaResultPath>ServicePoints:ProductId</formulaResultPath>
        <formulaSequence>4.0</formulaSequence>
        <globalKey>sfiEnergyConsoleDRTrasformServicePointsCustom2325</globalKey>
        <inputObjectQuerySequence>0.0</inputObjectQuerySequence>
        <linkedObjectSequence>0.0</linkedObjectSequence>
        <name>sfiEnergyConsoleDRTrasformServicePoints</name>
        <outputCreationSequence>0.0</outputCreationSequence>
        <outputFieldName>Formula</outputFieldName>
        <outputObjectName>Formula</outputObjectName>
        <requiredForUpsert>false</requiredForUpsert>
        <upsertKey>false</upsertKey>
    </omniDataTransformItem>
    <omniDataTransformItem>
        <disabled>false</disabled>
        <filterGroup>0.0</filterGroup>
        <formulaConverted>| var:ServicePoints:vlocity_cmt__MeterId__r:vlocity_cmt__ProductId__r:Name var:ServicePoints:vlocity_cmt__MeterId__r:vlocity_cmt__ProductId__r:Name &apos;&apos; IF</formulaConverted>
        <formulaExpression>IF(%ServicePoints:vlocity_cmt__MeterId__r:vlocity_cmt__ProductId__r:Name%, %ServicePoints:vlocity_cmt__MeterId__r:vlocity_cmt__ProductId__r:Name%, &apos;&apos;)</formulaExpression>
        <formulaResultPath>ServicePoints:ProductName</formulaResultPath>
        <formulaSequence>2.0</formulaSequence>
        <globalKey>sfiEnergyConsoleDRTrasformServicePointsCustom4976</globalKey>
        <inputObjectQuerySequence>0.0</inputObjectQuerySequence>
        <linkedObjectSequence>0.0</linkedObjectSequence>
        <name>sfiEnergyConsoleDRTrasformServicePoints</name>
        <outputCreationSequence>0.0</outputCreationSequence>
        <outputFieldName>Formula</outputFieldName>
        <outputObjectName>Formula</outputObjectName>
        <requiredForUpsert>false</requiredForUpsert>
        <upsertKey>false</upsertKey>
    </omniDataTransformItem>
    <omniDataTransformItem>
        <defaultValue>&apos;&apos;</defaultValue>
        <disabled>false</disabled>
        <filterGroup>0.0</filterGroup>
        <globalKey>sfiEnergyConsoleDRTrasformServicePointsCustom1369</globalKey>
        <inputFieldName>ServicePoints:vlocity_cmt__ServicePointNumber__c</inputFieldName>
        <inputObjectQuerySequence>0.0</inputObjectQuerySequence>
        <linkedObjectSequence>0.0</linkedObjectSequence>
        <name>sfiEnergyConsoleDRTrasformServicePoints</name>
        <outputCreationSequence>1.0</outputCreationSequence>
        <outputFieldName>ServicePointList:ServicePointNumber</outputFieldName>
        <outputObjectName>json</outputObjectName>
        <requiredForUpsert>false</requiredForUpsert>
        <upsertKey>false</upsertKey>
    </omniDataTransformItem>
    <omniDataTransformItem>
        <defaultValue>&apos;&apos;</defaultValue>
        <disabled>false</disabled>
        <filterGroup>0.0</filterGroup>
        <globalKey>sfiEnergyConsoleDRTrasformServicePointsCustom8842</globalKey>
        <inputFieldName>ServicePoints:vlocity_cmt__Status__c</inputFieldName>
        <inputObjectQuerySequence>0.0</inputObjectQuerySequence>
        <linkedObjectSequence>0.0</linkedObjectSequence>
        <name>sfiEnergyConsoleDRTrasformServicePoints</name>
        <outputCreationSequence>1.0</outputCreationSequence>
        <outputFieldName>ServicePointList:ServicePointStatus</outputFieldName>
        <outputObjectName>json</outputObjectName>
        <requiredForUpsert>false</requiredForUpsert>
        <upsertKey>false</upsertKey>
    </omniDataTransformItem>
    <omniDataTransformItem>
        <defaultValue>&apos;&apos;</defaultValue>
        <disabled>false</disabled>
        <filterGroup>0.0</filterGroup>
        <globalKey>sfiEnergyConsoleDRTrasformServicePointsCustom6441</globalKey>
        <inputFieldName>ServicePoints:ProductName</inputFieldName>
        <inputObjectQuerySequence>0.0</inputObjectQuerySequence>
        <linkedObjectSequence>0.0</linkedObjectSequence>
        <name>sfiEnergyConsoleDRTrasformServicePoints</name>
        <outputCreationSequence>1.0</outputCreationSequence>
        <outputFieldName>ServicePointList:ProductName</outputFieldName>
        <outputObjectName>json</outputObjectName>
        <requiredForUpsert>false</requiredForUpsert>
        <transformValuesMappings>{ }</transformValuesMappings>
        <upsertKey>false</upsertKey>
    </omniDataTransformItem>
    <omniDataTransformItem>
        <disabled>false</disabled>
        <filterGroup>0.0</filterGroup>
        <globalKey>sfiEnergyConsoleDRTrasformServicePointsCustom2975</globalKey>
        <inputFieldName>ServicePoints:Id</inputFieldName>
        <inputObjectQuerySequence>0.0</inputObjectQuerySequence>
        <linkedObjectSequence>0.0</linkedObjectSequence>
        <name>sfiEnergyConsoleDRTrasformServicePoints</name>
        <outputCreationSequence>1.0</outputCreationSequence>
        <outputFieldName>ServicePointList:ServicePointId</outputFieldName>
        <outputObjectName>json</outputObjectName>
        <requiredForUpsert>false</requiredForUpsert>
        <upsertKey>false</upsertKey>
    </omniDataTransformItem>
    <omniDataTransformItem>
        <defaultValue>&apos;&apos;</defaultValue>
        <disabled>false</disabled>
        <filterGroup>0.0</filterGroup>
        <globalKey>sfiEnergyConsoleDRTrasformServicePointsCustom614</globalKey>
        <inputFieldName>ServicePoints:ProductDescription</inputFieldName>
        <inputObjectQuerySequence>0.0</inputObjectQuerySequence>
        <linkedObjectSequence>0.0</linkedObjectSequence>
        <name>sfiEnergyConsoleDRTrasformServicePoints</name>
        <outputCreationSequence>1.0</outputCreationSequence>
        <outputFieldName>ServicePointList:ProductDescription</outputFieldName>
        <outputObjectName>json</outputObjectName>
        <requiredForUpsert>false</requiredForUpsert>
        <upsertKey>false</upsertKey>
    </omniDataTransformItem>
    <omniDataTransformItem>
        <defaultValue>&apos;&apos;</defaultValue>
        <disabled>false</disabled>
        <filterGroup>0.0</filterGroup>
        <globalKey>sfiEnergyConsoleDRTrasformServicePointsCustom1153</globalKey>
        <inputFieldName>ServicePoints:ProductId</inputFieldName>
        <inputObjectQuerySequence>0.0</inputObjectQuerySequence>
        <linkedObjectSequence>0.0</linkedObjectSequence>
        <name>sfiEnergyConsoleDRTrasformServicePoints</name>
        <outputCreationSequence>1.0</outputCreationSequence>
        <outputFieldName>ServicePointList:ProductId</outputFieldName>
        <outputObjectName>json</outputObjectName>
        <requiredForUpsert>false</requiredForUpsert>
        <upsertKey>false</upsertKey>
    </omniDataTransformItem>
    <omniDataTransformItem>
        <defaultValue>&apos;&apos;</defaultValue>
        <disabled>false</disabled>
        <filterGroup>0.0</filterGroup>
        <globalKey>sfiEnergyConsoleDRTrasformServicePointsCustoma1V4x00000BqjykEABItem2</globalKey>
        <inputFieldName>ServicePoints:PremiseAddress</inputFieldName>
        <inputObjectQuerySequence>0.0</inputObjectQuerySequence>
        <linkedObjectSequence>0.0</linkedObjectSequence>
        <name>sfiEnergyConsoleDRTrasformServicePoints</name>
        <outputCreationSequence>1.0</outputCreationSequence>
        <outputFieldName>ServicePointList:PremiseAddress</outputFieldName>
        <outputObjectName>json</outputObjectName>
        <requiredForUpsert>false</requiredForUpsert>
        <upsertKey>false</upsertKey>
    </omniDataTransformItem>
    <omniDataTransformItem>
        <defaultValue>&apos;&apos;</defaultValue>
        <disabled>false</disabled>
        <filterGroup>0.0</filterGroup>
        <globalKey>sfiEnergyConsoleDRTrasformServicePointsCustom6517</globalKey>
        <inputFieldName>ServicePoints:vlocity_cmt__PremisesId__c</inputFieldName>
        <inputObjectQuerySequence>0.0</inputObjectQuerySequence>
        <linkedObjectSequence>0.0</linkedObjectSequence>
        <name>sfiEnergyConsoleDRTrasformServicePoints</name>
        <outputCreationSequence>1.0</outputCreationSequence>
        <outputFieldName>ServicePointList:PremiseId</outputFieldName>
        <outputObjectName>json</outputObjectName>
        <requiredForUpsert>false</requiredForUpsert>
        <upsertKey>false</upsertKey>
    </omniDataTransformItem>
    <omniDataTransformItem>
        <defaultValue>&apos;&apos;</defaultValue>
        <disabled>false</disabled>
        <filterGroup>0.0</filterGroup>
        <globalKey>sfiEnergyConsoleDRTrasformServicePointsCustom9522</globalKey>
        <inputFieldName>ServicePoints:vlocity_cmt__ServiceType__c</inputFieldName>
        <inputObjectQuerySequence>0.0</inputObjectQuerySequence>
        <linkedObjectSequence>0.0</linkedObjectSequence>
        <name>sfiEnergyConsoleDRTrasformServicePoints</name>
        <outputCreationSequence>1.0</outputCreationSequence>
        <outputFieldName>ServicePointList:ServiceType</outputFieldName>
        <outputObjectName>json</outputObjectName>
        <requiredForUpsert>false</requiredForUpsert>
        <upsertKey>false</upsertKey>
    </omniDataTransformItem>
    <outputType>JSON</outputType>
    <previewJsonData>{
  &quot;ServicePoints&quot; : [ {
    &quot;vlocity_cmt__MeterId__c&quot; : &quot;a2O4x000000gIgnEAE&quot;,
    &quot;vlocity_cmt__MeterId__r&quot; : {
      &quot;vlocity_cmt__ProductId__c&quot; : &quot;01t4x000001ZLo9AAG&quot;,
      &quot;vlocity_cmt__ProductId__r&quot; : {
        &quot;Description&quot; : &quot;Gas 6 Months Tariff plan description&quot;,
        &quot;Id&quot; : &quot;01t4x000001ZLo9AAG&quot;,
        &quot;Name&quot; : &quot;Gas 6 Months Tarrif&quot;,
        &quot;RecordTypeId&quot; : &quot;0124x000001EojRAAS&quot;,
        &quot;attributes&quot; : {
          &quot;type&quot; : &quot;Product2&quot;,
          &quot;url&quot; : &quot;/services/data/v56.0/sobjects/Product2/01t4x000001ZLo9AAG&quot;
        }
      },
      &quot;Id&quot; : &quot;a2O4x000000gIgnEAE&quot;,
      &quot;attributes&quot; : {
        &quot;type&quot; : &quot;vlocity_cmt__InventoryItem__c&quot;,
        &quot;url&quot; : &quot;/services/data/v56.0/sobjects/vlocity_cmt__InventoryItem__c/a2O4x000000gIgnEAE&quot;
      }
    },
    &quot;vlocity_cmt__PremisesId__c&quot; : &quot;a3X4x000000kkHIEAY&quot;,
    &quot;vlocity_cmt__PremisesId__r&quot; : {
      &quot;vlocity_cmt__City__c&quot; : &quot;Coventry&quot;,
      &quot;vlocity_cmt__PostalCode__c&quot; : &quot;CV3 4LF&quot;,
      &quot;vlocity_cmt__State__c&quot; : &quot;Warwickshire&quot;,
      &quot;vlocity_cmt__StreetAddress__c&quot; : &quot;Abbey Road, Whitley&quot;,
      &quot;Id&quot; : &quot;a3X4x000000kkHIEAY&quot;,
      &quot;attributes&quot; : {
        &quot;type&quot; : &quot;vlocity_cmt__Premises__c&quot;,
        &quot;url&quot; : &quot;/services/data/v56.0/sobjects/vlocity_cmt__Premises__c/a3X4x000000kkHIEAY&quot;
      }
    },
    &quot;vlocity_cmt__ServicePointNumber__c&quot; : &quot;CV9871233&quot;,
    &quot;vlocity_cmt__ServiceType__c&quot; : &quot;Gas&quot;,
    &quot;vlocity_cmt__Status__c&quot; : &quot;Connected&quot;,
    &quot;Id&quot; : &quot;a4P4x000000oihpEAA&quot;
  }, {
    &quot;vlocity_cmt__ActivationDate__c&quot; : &quot;2020-10-12&quot;,
    &quot;vlocity_cmt__PremisesId__c&quot; : &quot;a3X4x000000kkHIEAY&quot;,
    &quot;vlocity_cmt__PremisesId__r&quot; : {
      &quot;vlocity_cmt__City__c&quot; : &quot;Coventry&quot;,
      &quot;vlocity_cmt__PostalCode__c&quot; : &quot;CV3 4LF&quot;,
      &quot;vlocity_cmt__State__c&quot; : &quot;Warwickshire&quot;,
      &quot;vlocity_cmt__StreetAddress__c&quot; : &quot;Abbey Road, Whitley&quot;,
      &quot;Id&quot; : &quot;a3X4x000000kkHIEAY&quot;,
      &quot;attributes&quot; : {
        &quot;type&quot; : &quot;vlocity_cmt__Premises__c&quot;,
        &quot;url&quot; : &quot;/services/data/v56.0/sobjects/vlocity_cmt__Premises__c/a3X4x000000kkHIEAY&quot;
      }
    },
    &quot;vlocity_cmt__ServicePointNumber__c&quot; : &quot;CV098245&quot;,
    &quot;vlocity_cmt__ServiceType__c&quot; : &quot;Electricity&quot;,
    &quot;vlocity_cmt__Status__c&quot; : &quot;Connected&quot;,
    &quot;Id&quot; : &quot;a4P4x000000oihqEAA&quot;
  } ]
}</previewJsonData>
    <processSuperBulk>false</processSuperBulk>
    <responseCacheTtlMinutes>0.0</responseCacheTtlMinutes>
    <rollbackOnError>false</rollbackOnError>
    <sourceObject>json</sourceObject>
    <sourceObjectDefault>false</sourceObjectDefault>
    <synchronousProcessThreshold>0.0</synchronousProcessThreshold>
    <type>Transform</type>
    <uniqueName>sfiEnergyConsoleDRTrasformServicePoints_1</uniqueName>
    <versionNumber>1.0</versionNumber>
    <xmlDeclarationRemoved>false</xmlDeclarationRemoved>
</OmniDataTransform>
