<?xml version="1.0" encoding="UTF-8"?>
<OmniDataTransform xmlns="http://soap.sforce.com/2006/04/metadata">
    <active>false</active>
    <assignmentRulesUsed>false</assignmentRulesUsed>
    <deletedOnSuccess>false</deletedOnSuccess>
    <description>Creates case record</description>
    <errorIgnored>false</errorIgnored>
    <fieldLevelSecurityEnabled>false</fieldLevelSecurityEnabled>
    <inputType>JSON</inputType>
    <name>sfiEnergySelfServiceCreateCase</name>
    <nullInputsIncludedInOutput>false</nullInputsIncludedInOutput>
    <omniDataTransformItem>
        <disabled>false</disabled>
        <filterGroup>0.0</filterGroup>
        <globalKey>sfiEnergySelfServiceCreateCase785829430436348</globalKey>
        <inputFieldName>ContactUs:AccountPrimaryContactId</inputFieldName>
        <inputObjectQuerySequence>0.0</inputObjectQuerySequence>
        <linkedObjectSequence>0.0</linkedObjectSequence>
        <name>sfiEnergySelfServiceCreateCase</name>
        <outputCreationSequence>2.0</outputCreationSequence>
        <outputFieldName>ContactId</outputFieldName>
        <outputObjectName>Case</outputObjectName>
        <requiredForUpsert>false</requiredForUpsert>
        <upsertKey>false</upsertKey>
    </omniDataTransformItem>
    <omniDataTransformItem>
        <disabled>false</disabled>
        <filterGroup>0.0</filterGroup>
        <filterOperator>=</filterOperator>
        <globalKey>sfiEnergySelfServiceCreateCase7448590358388134</globalKey>
        <inputObjectQuerySequence>0.0</inputObjectQuerySequence>
        <linkedFieldName>vlocity_cmt__PrimaryContactId__c</linkedFieldName>
        <linkedObjectSequence>1.0</linkedObjectSequence>
        <migrationValue>FAKEMAPPING</migrationValue>
        <name>sfiEnergySelfServiceCreateCase</name>
        <outputCreationSequence>2.0</outputCreationSequence>
        <outputFieldName>ContactId</outputFieldName>
        <outputObjectName>Case</outputObjectName>
        <requiredForUpsert>false</requiredForUpsert>
        <upsertKey>false</upsertKey>
    </omniDataTransformItem>
    <omniDataTransformItem>
        <disabled>false</disabled>
        <filterGroup>0.0</filterGroup>
        <globalKey>sfiEnergySelfServiceCreateCase20851109900656684</globalKey>
        <inputFieldName>AccountName</inputFieldName>
        <inputObjectQuerySequence>0.0</inputObjectQuerySequence>
        <linkedObjectSequence>0.0</linkedObjectSequence>
        <name>sfiEnergySelfServiceCreateCase</name>
        <outputCreationSequence>1.0</outputCreationSequence>
        <outputFieldName>Name</outputFieldName>
        <outputObjectName>Account</outputObjectName>
        <requiredForUpsert>false</requiredForUpsert>
        <upsertKey>false</upsertKey>
    </omniDataTransformItem>
    <omniDataTransformItem>
        <disabled>false</disabled>
        <filterGroup>0.0</filterGroup>
        <filterOperator>=</filterOperator>
        <globalKey>sfiEnergySelfServiceCreateCase9278884049834353</globalKey>
        <inputObjectQuerySequence>0.0</inputObjectQuerySequence>
        <linkedFieldName>Id</linkedFieldName>
        <linkedObjectSequence>1.0</linkedObjectSequence>
        <migrationValue>FAKEMAPPING</migrationValue>
        <name>sfiEnergySelfServiceCreateCase</name>
        <outputCreationSequence>2.0</outputCreationSequence>
        <outputFieldName>AccountId</outputFieldName>
        <outputObjectName>Case</outputObjectName>
        <requiredForUpsert>false</requiredForUpsert>
        <upsertKey>false</upsertKey>
    </omniDataTransformItem>
    <omniDataTransformItem>
        <disabled>false</disabled>
        <filterGroup>0.0</filterGroup>
        <globalKey>sfiEnergySelfServiceCreateCase4407775763330497</globalKey>
        <inputFieldName>AccountId</inputFieldName>
        <inputObjectQuerySequence>0.0</inputObjectQuerySequence>
        <linkedObjectSequence>0.0</linkedObjectSequence>
        <name>sfiEnergySelfServiceCreateCase</name>
        <outputCreationSequence>1.0</outputCreationSequence>
        <outputFieldFormat>String</outputFieldFormat>
        <outputFieldName>Id</outputFieldName>
        <outputObjectName>Account</outputObjectName>
        <requiredForUpsert>false</requiredForUpsert>
        <upsertKey>false</upsertKey>
    </omniDataTransformItem>
    <omniDataTransformItem>
        <disabled>true</disabled>
        <filterGroup>0.0</filterGroup>
        <filterOperator>=</filterOperator>
        <globalKey>sfiEnergySelfServiceCreateCase6542830030788724</globalKey>
        <inputObjectQuerySequence>0.0</inputObjectQuerySequence>
        <linkedObjectSequence>0.0</linkedObjectSequence>
        <migrationValue>FAKEMAPPING</migrationValue>
        <name>sfiEnergySelfServiceCreateCase</name>
        <outputCreationSequence>1.0</outputCreationSequence>
        <outputFieldName>Id</outputFieldName>
        <outputObjectName>Account</outputObjectName>
        <requiredForUpsert>false</requiredForUpsert>
        <upsertKey>false</upsertKey>
    </omniDataTransformItem>
    <omniDataTransformItem>
        <disabled>false</disabled>
        <filterGroup>0.0</filterGroup>
        <formulaConverted>| NOW var:;</formulaConverted>
        <formulaExpression>NOW();</formulaExpression>
        <formulaResultPath>ContactUs:CreatedOn</formulaResultPath>
        <formulaSequence>1.0</formulaSequence>
        <globalKey>sfiEnergySelfServiceCreateCase6936313780367591</globalKey>
        <inputObjectQuerySequence>0.0</inputObjectQuerySequence>
        <linkedObjectSequence>0.0</linkedObjectSequence>
        <name>sfiEnergySelfServiceCreateCase</name>
        <outputCreationSequence>0.0</outputCreationSequence>
        <outputFieldName>Formula</outputFieldName>
        <outputObjectName>Formula</outputObjectName>
        <requiredForUpsert>false</requiredForUpsert>
        <upsertKey>false</upsertKey>
    </omniDataTransformItem>
    <omniDataTransformItem>
        <disabled>false</disabled>
        <filterGroup>0.0</filterGroup>
        <globalKey>sfiEnergySelfServiceCreateCase6024977610980413</globalKey>
        <inputFieldName>AddressDetails</inputFieldName>
        <inputObjectQuerySequence>0.0</inputObjectQuerySequence>
        <linkedObjectSequence>0.0</linkedObjectSequence>
        <name>sfiEnergySelfServiceCreateCase</name>
        <outputCreationSequence>1.0</outputCreationSequence>
        <outputFieldFormat>List&lt;String&gt;</outputFieldFormat>
        <outputFieldName>AddressDetails</outputFieldName>
        <outputObjectName>Account</outputObjectName>
        <requiredForUpsert>false</requiredForUpsert>
        <upsertKey>false</upsertKey>
    </omniDataTransformItem>
    <omniDataTransformItem>
        <defaultValue>Open</defaultValue>
        <disabled>false</disabled>
        <filterGroup>0.0</filterGroup>
        <globalKey>sfiEnergySelfServiceCreateCase00006172221906064479</globalKey>
        <inputFieldName>ContactUs:CaseStatus</inputFieldName>
        <inputObjectQuerySequence>0.0</inputObjectQuerySequence>
        <linkedObjectSequence>0.0</linkedObjectSequence>
        <name>sfiEnergySelfServiceCreateCase</name>
        <outputCreationSequence>2.0</outputCreationSequence>
        <outputFieldName>Status</outputFieldName>
        <outputObjectName>Case</outputObjectName>
        <requiredForUpsert>false</requiredForUpsert>
        <upsertKey>false</upsertKey>
    </omniDataTransformItem>
    <omniDataTransformItem>
        <disabled>false</disabled>
        <filterGroup>0.0</filterGroup>
        <globalKey>sfiEnergySelfServiceCreateCase4579332427547529</globalKey>
        <inputFieldName>ContactUs:Subject</inputFieldName>
        <inputObjectQuerySequence>0.0</inputObjectQuerySequence>
        <linkedObjectSequence>0.0</linkedObjectSequence>
        <name>sfiEnergySelfServiceCreateCase</name>
        <outputCreationSequence>2.0</outputCreationSequence>
        <outputFieldFormat>String</outputFieldFormat>
        <outputFieldName>Subject</outputFieldName>
        <outputObjectName>Case</outputObjectName>
        <requiredForUpsert>false</requiredForUpsert>
        <upsertKey>false</upsertKey>
    </omniDataTransformItem>
    <omniDataTransformItem>
        <disabled>false</disabled>
        <filterGroup>0.0</filterGroup>
        <globalKey>sfiEnergySelfServiceCreateCase006385159957317255</globalKey>
        <inputFieldName>ContactUs:DescriptionConcat</inputFieldName>
        <inputObjectQuerySequence>0.0</inputObjectQuerySequence>
        <linkedObjectSequence>0.0</linkedObjectSequence>
        <name>sfiEnergySelfServiceCreateCase</name>
        <outputCreationSequence>2.0</outputCreationSequence>
        <outputFieldName>Description</outputFieldName>
        <outputObjectName>Case</outputObjectName>
        <requiredForUpsert>false</requiredForUpsert>
        <upsertKey>false</upsertKey>
    </omniDataTransformItem>
    <omniDataTransformItem>
        <disabled>true</disabled>
        <filterGroup>0.0</filterGroup>
        <filterOperator>=</filterOperator>
        <globalKey>sfiEnergySelfServiceCreateCase7508001949216021</globalKey>
        <inputObjectQuerySequence>0.0</inputObjectQuerySequence>
        <linkedObjectSequence>0.0</linkedObjectSequence>
        <migrationValue>FAKEMAPPING</migrationValue>
        <name>sfiEnergySelfServiceCreateCase</name>
        <outputCreationSequence>2.0</outputCreationSequence>
        <outputFieldName>Id</outputFieldName>
        <outputObjectName>Case</outputObjectName>
        <requiredForUpsert>false</requiredForUpsert>
        <upsertKey>false</upsertKey>
    </omniDataTransformItem>
    <omniDataTransformItem>
        <disabled>false</disabled>
        <filterGroup>0.0</filterGroup>
        <globalKey>sfiEnergySelfServiceCreateCase7610298051941624</globalKey>
        <inputFieldName>ContactUs:From</inputFieldName>
        <inputObjectQuerySequence>0.0</inputObjectQuerySequence>
        <linkedObjectSequence>0.0</linkedObjectSequence>
        <name>sfiEnergySelfServiceCreateCase</name>
        <outputCreationSequence>2.0</outputCreationSequence>
        <outputFieldFormat>String</outputFieldFormat>
        <outputFieldName>CreatedById</outputFieldName>
        <outputObjectName>Case</outputObjectName>
        <requiredForUpsert>false</requiredForUpsert>
        <upsertKey>false</upsertKey>
    </omniDataTransformItem>
    <omniDataTransformItem>
        <disabled>false</disabled>
        <filterGroup>0.0</filterGroup>
        <globalKey>sfiEnergySelfServiceCreateCase9296879487782828</globalKey>
        <inputFieldName>ContactUs:CreatedOn</inputFieldName>
        <inputObjectQuerySequence>0.0</inputObjectQuerySequence>
        <linkedObjectSequence>0.0</linkedObjectSequence>
        <name>sfiEnergySelfServiceCreateCase</name>
        <outputCreationSequence>2.0</outputCreationSequence>
        <outputFieldName>CreatedDate</outputFieldName>
        <outputObjectName>Case</outputObjectName>
        <requiredForUpsert>false</requiredForUpsert>
        <upsertKey>false</upsertKey>
    </omniDataTransformItem>
    <omniDataTransformItem>
        <disabled>false</disabled>
        <filterGroup>0.0</filterGroup>
        <formulaConverted>| var:ContactUs:Address-Block:Address var:null == var:ContactUs:Description | var:ContactUs:Address-Block:Address &quot;/\/\/-/\/\/&quot; var:ContactUs:Description CONCAT IF</formulaConverted>
        <formulaExpression>IF(%ContactUs:Address-Block:Address% == null,%ContactUs:Description%, CONCAT( %ContactUs:Address-Block:Address%, &quot; - &quot; %ContactUs:Description%))</formulaExpression>
        <formulaResultPath>ContactUs:DescriptionConcat</formulaResultPath>
        <formulaSequence>2.0</formulaSequence>
        <globalKey>sfiEnergySelfServiceCreateCase7056953533975139</globalKey>
        <inputObjectQuerySequence>0.0</inputObjectQuerySequence>
        <linkedObjectSequence>0.0</linkedObjectSequence>
        <name>sfiEnergySelfServiceCreateCase</name>
        <outputCreationSequence>0.0</outputCreationSequence>
        <outputFieldName>Formula</outputFieldName>
        <outputObjectName>Formula</outputObjectName>
        <requiredForUpsert>false</requiredForUpsert>
        <upsertKey>false</upsertKey>
    </omniDataTransformItem>
    <outputType>SObject</outputType>
    <previewJsonData>{
  &quot;ConsumerAccount&quot; : {
    &quot;AccountId&quot; : &quot;0018c000029jaAlAAI&quot;,
    &quot;PrimaryContactId&quot; : &quot;0038c00002eVxiZAAS&quot;,
    &quot;PrimaryContactName&quot; : &quot;Test Last Name1&quot;
  },
  &quot;PremiseAddress&quot; : [ {
    &quot;Address&quot; : &quot;Church Street Road , Bangalore , Karnataka,123456&quot;
  }, {
    &quot;Address&quot; : &quot;Langford Road , Delhi , Delhi,98765&quot;
  } ]
}</previewJsonData>
    <processSuperBulk>false</processSuperBulk>
    <responseCacheTtlMinutes>0.0</responseCacheTtlMinutes>
    <rollbackOnError>false</rollbackOnError>
    <sourceObject>json</sourceObject>
    <sourceObjectDefault>false</sourceObjectDefault>
    <synchronousProcessThreshold>0.0</synchronousProcessThreshold>
    <type>Load</type>
    <uniqueName>sfiEnergySelfServiceCreateCase_1</uniqueName>
    <versionNumber>1.0</versionNumber>
    <xmlDeclarationRemoved>false</xmlDeclarationRemoved>
</OmniDataTransform>
