<?xml version="1.0" encoding="UTF-8"?>
<OmniDataTransform xmlns="http://soap.sforce.com/2006/04/metadata">
    <active>false</active>
    <assignmentRulesUsed>false</assignmentRulesUsed>
    <deletedOnSuccess>false</deletedOnSuccess>
    <errorIgnored>false</errorIgnored>
    <expectedInputJson>[ {
  &quot;accountNumber&quot; : &quot;123456789&quot;,
  &quot;accountrecordType&quot; : &quot;Consumer&quot;,
  &quot;premiseAccountId&quot; : &quot;0014x000010stzEAAQ&quot;,
  &quot;premiseAddress&quot; : &quot;11 premise street , 11 premise city , 11 premise state , CV3 4LF&quot;,
  &quot;premiseCity&quot; : &quot;11 premise city&quot;,
  &quot;premiseName&quot; : &quot;test premise 11&quot;,
  &quot;premisePostalCode&quot; : &quot;CV3 4LF&quot;,
  &quot;premiseState&quot; : &quot;11 premise state&quot;,
  &quot;premiseStreet&quot; : &quot;11 premise street&quot;,
  &quot;premisesId&quot; : &quot;a3B4x000000QCLjEAO&quot;
}, {
  &quot;accountrecordType&quot; : &quot;Service&quot;,
  &quot;premiseAccountId&quot; : &quot;0014x000016kI6uAAE&quot;,
  &quot;premiseAddress&quot; : &quot;Street4 , Columbus , Colorado , 68219&quot;,
  &quot;premiseCity&quot; : &quot;Columbus&quot;,
  &quot;premiseName&quot; : &quot;PerfPremise4&quot;,
  &quot;premisePostalCode&quot; : &quot;68219&quot;,
  &quot;premiseState&quot; : &quot;Colorado&quot;,
  &quot;premiseStreet&quot; : &quot;Street4&quot;,
  &quot;premisesId&quot; : &quot;a3B4x000000Q98nEAC&quot;
}, {
  &quot;accountNumber&quot; : &quot;123&quot;,
  &quot;accountrecordType&quot; : &quot;Service&quot;,
  &quot;premiseAccountId&quot; : &quot;0014x0000033MHPAA2&quot;,
  &quot;premiseAddress&quot; : &quot;5 Whitehill Rd, Newcraighall , Edinburgh , Scotland , CV3 4LF&quot;,
  &quot;premiseCity&quot; : &quot;Edinburgh&quot;,
  &quot;premiseName&quot; : &quot;5 Whitehill Rd, Newcraighall, Edinburgh Scotland, EH15 3HR, United Kingdom&quot;,
  &quot;premisePostalCode&quot; : &quot;CV3 4LF&quot;,
  &quot;premiseState&quot; : &quot;Scotland&quot;,
  &quot;premiseStreet&quot; : &quot;5 Whitehill Rd, Newcraighall&quot;,
  &quot;premisesId&quot; : &quot;a3B4x000000QCLoEAO&quot;
}, {
  &quot;accountrecordType&quot; : &quot;Service&quot;,
  &quot;premiseAccountId&quot; : &quot;0014x000018IxXHAA0&quot;,
  &quot;premiseAddress&quot; : &quot;112 Ocean Avenue , Amityville , NY , 11701&quot;,
  &quot;premiseCity&quot; : &quot;Amityville&quot;,
  &quot;premiseCountry&quot; : &quot;United States&quot;,
  &quot;premiseName&quot; : &quot;112 Ocean Avenue, Amityville,NY,11701,United States&quot;,
  &quot;premisePostalCode&quot; : &quot;11701&quot;,
  &quot;premiseState&quot; : &quot;NY&quot;,
  &quot;premiseStreet&quot; : &quot;112 Ocean Avenue&quot;,
  &quot;premisesId&quot; : &quot;a3B4x000000PLnFEAW&quot;
}, {
  &quot;accountNumber&quot; : &quot;12345&quot;,
  &quot;accountrecordType&quot; : &quot;Service&quot;,
  &quot;premiseAccountId&quot; : &quot;0014x00000t34sLAAQ&quot;,
  &quot;premiseAddress&quot; : &quot;23 Abbey Road, Whitley , Coventry , Warwickshire , 123456&quot;,
  &quot;premiseCity&quot; : &quot;Coventry&quot;,
  &quot;premiseCountry&quot; : &quot;United Kingdom&quot;,
  &quot;premiseName&quot; : &quot;23 Abbey Road, Whitley, Coventry, Warwickshire CV3 4LF, United Kingdom&quot;,
  &quot;premisePostalCode&quot; : &quot;123456&quot;,
  &quot;premiseState&quot; : &quot;Warwickshire&quot;,
  &quot;premiseStreet&quot; : &quot;23 Abbey Road, Whitley&quot;,
  &quot;premisesId&quot; : &quot;a3B4x000000QCLFEA4&quot;
} ]</expectedInputJson>
    <expectedOutputJson>[ {
  &quot;label&quot; : &quot;Address 1&quot;,
  &quot;value&quot; : &quot;11 premise street , 11 premise city , 11 premise state , CV3 4LF&quot;
}, {
  &quot;label&quot; : &quot;Address 2&quot;,
  &quot;value&quot; : &quot;11 premise street , 11 premise city , 11 premise state , CV3 4LF&quot;
}, {
  &quot;label&quot; : &quot;Address 3&quot;,
  &quot;value&quot; : &quot;11 premise street , 11 premise city , 11 premise state , CV3 4LF&quot;
}, {
  &quot;label&quot; : &quot;Address 4&quot;,
  &quot;value&quot; : &quot;11 premise street , 11 premise city , 11 premise state , CV3 4LF&quot;
}, {
  &quot;label&quot; : &quot;Address 5&quot;,
  &quot;value&quot; : &quot;11 premise street , 11 premise city , 11 premise state , CV3 4LF&quot;
} ]</expectedOutputJson>
    <fieldLevelSecurityEnabled>false</fieldLevelSecurityEnabled>
    <inputType>JSON</inputType>
    <name>sfiEnergySelfServiceTransformPremiseData</name>
    <nullInputsIncludedInOutput>false</nullInputsIncludedInOutput>
    <omniDataTransformItem>
        <disabled>false</disabled>
        <filterGroup>0.0</filterGroup>
        <globalKey>sfiEnergySelfServiceTransformPremiseDataCustoma0P4x00000ghLQdEAMItem0</globalKey>
        <inputFieldName>premisesId</inputFieldName>
        <inputObjectQuerySequence>0.0</inputObjectQuerySequence>
        <linkedObjectSequence>0.0</linkedObjectSequence>
        <name>sfiEnergySelfServiceTransformPremiseData</name>
        <outputCreationSequence>1.0</outputCreationSequence>
        <outputFieldName>value</outputFieldName>
        <outputObjectName>json</outputObjectName>
        <requiredForUpsert>false</requiredForUpsert>
        <upsertKey>false</upsertKey>
    </omniDataTransformItem>
    <omniDataTransformItem>
        <disabled>false</disabled>
        <filterGroup>0.0</filterGroup>
        <globalKey>sfiEnergySelfServiceTransformPremiseDataCustoma0P4x00000ghLQdEAMItem1</globalKey>
        <inputFieldName>premiseAddress</inputFieldName>
        <inputObjectQuerySequence>0.0</inputObjectQuerySequence>
        <linkedObjectSequence>0.0</linkedObjectSequence>
        <name>sfiEnergySelfServiceTransformPremiseData</name>
        <outputCreationSequence>1.0</outputCreationSequence>
        <outputFieldName>label</outputFieldName>
        <outputObjectName>json</outputObjectName>
        <requiredForUpsert>false</requiredForUpsert>
        <upsertKey>false</upsertKey>
    </omniDataTransformItem>
    <outputType>JSON</outputType>
    <previewJsonData>[ {
  &quot;accountNumber&quot; : &quot;123456789&quot;,
  &quot;accountrecordType&quot; : &quot;Consumer&quot;,
  &quot;premiseAccountId&quot; : &quot;0014x000010stzEAAQ&quot;,
  &quot;premiseAddress&quot; : &quot;11 premise street , 11 premise city , 11 premise state , CV3 4LF&quot;,
  &quot;premiseCity&quot; : &quot;11 premise city&quot;,
  &quot;premiseName&quot; : &quot;test premise 11&quot;,
  &quot;premisePostalCode&quot; : &quot;CV3 4LF&quot;,
  &quot;premiseState&quot; : &quot;11 premise state&quot;,
  &quot;premiseStreet&quot; : &quot;11 premise street&quot;,
  &quot;premisesId&quot; : &quot;a3B4x000000QCLjEAO&quot;
}, {
  &quot;accountrecordType&quot; : &quot;Service&quot;,
  &quot;premiseAccountId&quot; : &quot;0014x000016kI6uAAE&quot;,
  &quot;premiseAddress&quot; : &quot;Street4 , Columbus , Colorado , 68219&quot;,
  &quot;premiseCity&quot; : &quot;Columbus&quot;,
  &quot;premiseName&quot; : &quot;PerfPremise4&quot;,
  &quot;premisePostalCode&quot; : &quot;68219&quot;,
  &quot;premiseState&quot; : &quot;Colorado&quot;,
  &quot;premiseStreet&quot; : &quot;Street4&quot;,
  &quot;premisesId&quot; : &quot;a3B4x000000Q98nEAC&quot;
}, {
  &quot;accountNumber&quot; : &quot;123&quot;,
  &quot;accountrecordType&quot; : &quot;Service&quot;,
  &quot;premiseAccountId&quot; : &quot;0014x0000033MHPAA2&quot;,
  &quot;premiseAddress&quot; : &quot;5 Whitehill Rd, Newcraighall , Edinburgh , Scotland , CV3 4LF&quot;,
  &quot;premiseCity&quot; : &quot;Edinburgh&quot;,
  &quot;premiseName&quot; : &quot;5 Whitehill Rd, Newcraighall, Edinburgh Scotland, EH15 3HR, United Kingdom&quot;,
  &quot;premisePostalCode&quot; : &quot;CV3 4LF&quot;,
  &quot;premiseState&quot; : &quot;Scotland&quot;,
  &quot;premiseStreet&quot; : &quot;5 Whitehill Rd, Newcraighall&quot;,
  &quot;premisesId&quot; : &quot;a3B4x000000QCLoEAO&quot;
}, {
  &quot;accountrecordType&quot; : &quot;Service&quot;,
  &quot;premiseAccountId&quot; : &quot;0014x000018IxXHAA0&quot;,
  &quot;premiseAddress&quot; : &quot;112 Ocean Avenue , Amityville , NY , 11701&quot;,
  &quot;premiseCity&quot; : &quot;Amityville&quot;,
  &quot;premiseCountry&quot; : &quot;United States&quot;,
  &quot;premiseName&quot; : &quot;112 Ocean Avenue, Amityville,NY,11701,United States&quot;,
  &quot;premisePostalCode&quot; : &quot;11701&quot;,
  &quot;premiseState&quot; : &quot;NY&quot;,
  &quot;premiseStreet&quot; : &quot;112 Ocean Avenue&quot;,
  &quot;premisesId&quot; : &quot;a3B4x000000PLnFEAW&quot;
}, {
  &quot;accountNumber&quot; : &quot;12345&quot;,
  &quot;accountrecordType&quot; : &quot;Service&quot;,
  &quot;premiseAccountId&quot; : &quot;0014x00000t34sLAAQ&quot;,
  &quot;premiseAddress&quot; : &quot;23 Abbey Road, Whitley , Coventry , Warwickshire , 123456&quot;,
  &quot;premiseCity&quot; : &quot;Coventry&quot;,
  &quot;premiseCountry&quot; : &quot;United Kingdom&quot;,
  &quot;premiseName&quot; : &quot;23 Abbey Road, Whitley, Coventry, Warwickshire CV3 4LF, United Kingdom&quot;,
  &quot;premisePostalCode&quot; : &quot;123456&quot;,
  &quot;premiseState&quot; : &quot;Warwickshire&quot;,
  &quot;premiseStreet&quot; : &quot;23 Abbey Road, Whitley&quot;,
  &quot;premisesId&quot; : &quot;a3B4x000000QCLFEA4&quot;
} ]</previewJsonData>
    <processSuperBulk>false</processSuperBulk>
    <responseCacheTtlMinutes>0.0</responseCacheTtlMinutes>
    <rollbackOnError>false</rollbackOnError>
    <sourceObject>json</sourceObject>
    <sourceObjectDefault>false</sourceObjectDefault>
    <synchronousProcessThreshold>0.0</synchronousProcessThreshold>
    <type>Transform</type>
    <uniqueName>sfiEnergySelfServiceTransformPremiseData_1</uniqueName>
    <versionNumber>1.0</versionNumber>
    <xmlDeclarationRemoved>false</xmlDeclarationRemoved>
</OmniDataTransform>
