<?xml version="1.0" encoding="UTF-8"?>
<OmniDataTransform xmlns="http://soap.sforce.com/2006/04/metadata">
    <active>false</active>
    <assignmentRulesUsed>false</assignmentRulesUsed>
    <deletedOnSuccess>false</deletedOnSuccess>
    <errorIgnored>false</errorIgnored>
    <fieldLevelSecurityEnabled>false</fieldLevelSecurityEnabled>
    <inputType>JSON</inputType>
    <name>sfiEnergyB2bsalesDRConsoleOpportunityList</name>
    <nullInputsIncludedInOutput>false</nullInputsIncludedInOutput>
    <omniDataTransformItem>
        <disabled>false</disabled>
        <filterGroup>0.0</filterGroup>
        <filterOperator>=</filterOperator>
        <filterValue>Id</filterValue>
        <globalKey>sfiEnergyB2bsalesDRConsoleOpportunityList7621076148473758</globalKey>
        <inputFieldName>AccountId</inputFieldName>
        <inputObjectName>Opportunity</inputObjectName>
        <inputObjectQuerySequence>1.0</inputObjectQuerySequence>
        <linkedObjectSequence>0.0</linkedObjectSequence>
        <name>sfiEnergyB2bsalesDRConsoleOpportunityList</name>
        <outputCreationSequence>0.0</outputCreationSequence>
        <outputFieldName>Opportunity</outputFieldName>
        <outputObjectName>json</outputObjectName>
        <requiredForUpsert>false</requiredForUpsert>
        <upsertKey>false</upsertKey>
    </omniDataTransformItem>
    <omniDataTransformItem>
        <disabled>false</disabled>
        <filterGroup>0.0</filterGroup>
        <filterOperator>&lt;&gt;</filterOperator>
        <filterValue>&apos;Closed Lost&apos;</filterValue>
        <globalKey>sfiEnergyB2bsalesDRConsoleOpportunityList5323132579811278</globalKey>
        <inputFieldName>StageName</inputFieldName>
        <inputObjectName>Opportunity</inputObjectName>
        <inputObjectQuerySequence>1.0</inputObjectQuerySequence>
        <linkedObjectSequence>0.0</linkedObjectSequence>
        <name>sfiEnergyB2bsalesDRConsoleOpportunityList</name>
        <outputCreationSequence>0.0</outputCreationSequence>
        <outputFieldName>Opportunity</outputFieldName>
        <outputObjectName>json</outputObjectName>
        <requiredForUpsert>false</requiredForUpsert>
        <upsertKey>false</upsertKey>
    </omniDataTransformItem>
    <omniDataTransformItem>
        <disabled>false</disabled>
        <filterGroup>0.0</filterGroup>
        <globalKey>sfiEnergyB2bsalesDRConsoleOpportunityList49936416503778047</globalKey>
        <inputFieldName>Opportunity:StageName</inputFieldName>
        <inputObjectQuerySequence>0.0</inputObjectQuerySequence>
        <linkedObjectSequence>0.0</linkedObjectSequence>
        <name>sfiEnergyB2bsalesDRConsoleOpportunityList</name>
        <outputCreationSequence>1.0</outputCreationSequence>
        <outputFieldName>OpportunityList:OpportunityStage</outputFieldName>
        <outputObjectName>json</outputObjectName>
        <requiredForUpsert>false</requiredForUpsert>
        <upsertKey>false</upsertKey>
    </omniDataTransformItem>
    <omniDataTransformItem>
        <disabled>false</disabled>
        <filterGroup>0.0</filterGroup>
        <globalKey>sfiEnergyB2bsalesDRConsoleOpportunityList7136478777497459</globalKey>
        <inputFieldName>Opportunity:Name</inputFieldName>
        <inputObjectQuerySequence>0.0</inputObjectQuerySequence>
        <linkedObjectSequence>0.0</linkedObjectSequence>
        <name>sfiEnergyB2bsalesDRConsoleOpportunityList</name>
        <outputCreationSequence>1.0</outputCreationSequence>
        <outputFieldName>OpportunityList:OpportunityName</outputFieldName>
        <outputObjectName>json</outputObjectName>
        <requiredForUpsert>false</requiredForUpsert>
        <upsertKey>false</upsertKey>
    </omniDataTransformItem>
    <omniDataTransformItem>
        <disabled>false</disabled>
        <filterGroup>0.0</filterGroup>
        <globalKey>sfiEnergyB2bsalesDRConsoleOpportunityList952011999778041</globalKey>
        <inputFieldName>Opportunity:Id</inputFieldName>
        <inputObjectQuerySequence>0.0</inputObjectQuerySequence>
        <linkedObjectSequence>0.0</linkedObjectSequence>
        <name>sfiEnergyB2bsalesDRConsoleOpportunityList</name>
        <outputCreationSequence>1.0</outputCreationSequence>
        <outputFieldName>OpportunityList:OpportunityId</outputFieldName>
        <outputObjectName>json</outputObjectName>
        <requiredForUpsert>false</requiredForUpsert>
        <upsertKey>false</upsertKey>
    </omniDataTransformItem>
    <omniDataTransformItem>
        <disabled>false</disabled>
        <filterGroup>0.0</filterGroup>
        <globalKey>sfiEnergyB2bsalesDRConsoleOpportunityList5290110845246958</globalKey>
        <inputFieldName>Opportunity:Owner.FirstName</inputFieldName>
        <inputObjectQuerySequence>0.0</inputObjectQuerySequence>
        <linkedObjectSequence>0.0</linkedObjectSequence>
        <name>sfiEnergyB2bsalesDRConsoleOpportunityList</name>
        <outputCreationSequence>1.0</outputCreationSequence>
        <outputFieldName>OpportunityList:OpportunityAgent</outputFieldName>
        <outputObjectName>json</outputObjectName>
        <requiredForUpsert>false</requiredForUpsert>
        <upsertKey>false</upsertKey>
    </omniDataTransformItem>
    <omniDataTransformItem>
        <disabled>false</disabled>
        <filterGroup>0.0</filterGroup>
        <globalKey>sfiEnergyB2bsalesDRConsoleOpportunityList05815229561495605</globalKey>
        <inputFieldName>Opportunity:CloseDate</inputFieldName>
        <inputObjectQuerySequence>0.0</inputObjectQuerySequence>
        <linkedObjectSequence>0.0</linkedObjectSequence>
        <name>sfiEnergyB2bsalesDRConsoleOpportunityList</name>
        <outputCreationSequence>1.0</outputCreationSequence>
        <outputFieldName>OpportunityList:OpportunityCloseDate</outputFieldName>
        <outputObjectName>json</outputObjectName>
        <requiredForUpsert>false</requiredForUpsert>
        <upsertKey>false</upsertKey>
    </omniDataTransformItem>
    <omniDataTransformItem>
        <disabled>false</disabled>
        <filterGroup>0.0</filterGroup>
        <filterOperator>&lt;&gt;</filterOperator>
        <filterValue>&apos;Closed Won&apos;</filterValue>
        <globalKey>sfiEnergyB2bsalesDRConsoleOpportunityList6464408552889349</globalKey>
        <inputFieldName>StageName</inputFieldName>
        <inputObjectName>Opportunity</inputObjectName>
        <inputObjectQuerySequence>1.0</inputObjectQuerySequence>
        <linkedObjectSequence>0.0</linkedObjectSequence>
        <name>sfiEnergyB2bsalesDRConsoleOpportunityList</name>
        <outputCreationSequence>0.0</outputCreationSequence>
        <outputFieldName>Opportunity</outputFieldName>
        <outputObjectName>json</outputObjectName>
        <requiredForUpsert>false</requiredForUpsert>
        <upsertKey>false</upsertKey>
    </omniDataTransformItem>
    <omniDataTransformItem>
        <disabled>false</disabled>
        <filterGroup>0.0</filterGroup>
        <filterOperator>LIMIT</filterOperator>
        <filterValue>50</filterValue>
        <globalKey>sfiEnergyB2bsalesDRConsoleOpportunityList3620391420954905</globalKey>
        <inputObjectName>Opportunity</inputObjectName>
        <inputObjectQuerySequence>1.0</inputObjectQuerySequence>
        <linkedObjectSequence>0.0</linkedObjectSequence>
        <name>sfiEnergyB2bsalesDRConsoleOpportunityList</name>
        <outputCreationSequence>0.0</outputCreationSequence>
        <outputFieldName>Opportunity</outputFieldName>
        <outputObjectName>json</outputObjectName>
        <requiredForUpsert>false</requiredForUpsert>
        <upsertKey>false</upsertKey>
    </omniDataTransformItem>
    <outputType>JSON</outputType>
    <previewJsonData>{
  &quot;Id&quot; : &quot;0015g000002LckBAAS&quot;
}</previewJsonData>
    <processSuperBulk>false</processSuperBulk>
    <responseCacheTtlMinutes>0.0</responseCacheTtlMinutes>
    <rollbackOnError>false</rollbackOnError>
    <sourceObject>json</sourceObject>
    <sourceObjectDefault>false</sourceObjectDefault>
    <synchronousProcessThreshold>0.0</synchronousProcessThreshold>
    <type>Extract</type>
    <uniqueName>sfiEnergyB2bsalesDRConsoleOpportunityList_1</uniqueName>
    <versionNumber>1.0</versionNumber>
    <xmlDeclarationRemoved>false</xmlDeclarationRemoved>
</OmniDataTransform>
