<?xml version="1.0" encoding="UTF-8"?>
<OmniDataTransform xmlns="http://soap.sforce.com/2006/04/metadata">
    <active>false</active>
    <assignmentRulesUsed>false</assignmentRulesUsed>
    <deletedOnSuccess>false</deletedOnSuccess>
    <errorIgnored>false</errorIgnored>
    <fieldLevelSecurityEnabled>false</fieldLevelSecurityEnabled>
    <inputType>JSON</inputType>
    <name>sfiEnergyCAMGetCacheKeyList</name>
    <nullInputsIncludedInOutput>false</nullInputsIncludedInOutput>
    <omniDataTransformItem>
        <disabled>false</disabled>
        <filterDataType>STRING</filterDataType>
        <filterGroup>0.0</filterGroup>
        <filterOperator>IN</filterOperator>
        <filterValue>productCodeList</filterValue>
        <globalKey>sfiEnergyCAMGetCacheKeyList5079465230756612</globalKey>
        <inputFieldName>vlocity_cmt__Code__c</inputFieldName>
        <inputObjectName>vlocity_cmt__CachedAPIResponse__c</inputObjectName>
        <inputObjectQuerySequence>1.0</inputObjectQuerySequence>
        <linkedObjectSequence>0.0</linkedObjectSequence>
        <name>sfiEnergyCAMGetCacheKeyList</name>
        <outputCreationSequence>0.0</outputCreationSequence>
        <outputFieldName>records</outputFieldName>
        <outputObjectName>Turbo Extract</outputObjectName>
        <requiredForUpsert>false</requiredForUpsert>
        <upsertKey>false</upsertKey>
    </omniDataTransformItem>
    <omniDataTransformItem>
        <disabled>false</disabled>
        <filterGroup>0.0</filterGroup>
        <globalKey>sfiEnergyCAMGetCacheKeyList376628449355479</globalKey>
        <inputFieldName>vlocity_cmt__CacheKey__c</inputFieldName>
        <inputObjectName>vlocity_cmt__CachedAPIResponse__c</inputObjectName>
        <inputObjectQuerySequence>0.0</inputObjectQuerySequence>
        <linkedObjectSequence>0.0</linkedObjectSequence>
        <name>sfiEnergyCAMGetCacheKeyList</name>
        <outputCreationSequence>1.0</outputCreationSequence>
        <outputFieldName>records</outputFieldName>
        <outputObjectName>Turbo Extract</outputObjectName>
        <requiredForUpsert>false</requiredForUpsert>
        <upsertKey>false</upsertKey>
    </omniDataTransformItem>
    <outputType>JSON</outputType>
    <previewJsonData>{
  &quot;productCodeList&quot; : [ &quot;(PD_DAY_NIGHT_TARIFF)&quot;, &quot;(PD_PREPAID_ELECTRICITY_TARIFF)&quot;, &quot;(PD_DAY_NIGHT_TARIFF)&quot; ]
}</previewJsonData>
    <processSuperBulk>false</processSuperBulk>
    <responseCacheTtlMinutes>0.0</responseCacheTtlMinutes>
    <rollbackOnError>false</rollbackOnError>
    <sourceObject>json</sourceObject>
    <sourceObjectDefault>false</sourceObjectDefault>
    <synchronousProcessThreshold>0.0</synchronousProcessThreshold>
    <type>Turbo Extract</type>
    <uniqueName>sfiEnergyCAMGetCacheKeyList_1</uniqueName>
    <versionNumber>1.0</versionNumber>
    <xmlDeclarationRemoved>false</xmlDeclarationRemoved>
</OmniDataTransform>
