<?xml version="1.0" encoding="UTF-8"?>
<OmniDataTransform xmlns="http://soap.sforce.com/2006/04/metadata">
    <active>false</active>
    <assignmentRulesUsed>false</assignmentRulesUsed>
    <deletedOnSuccess>false</deletedOnSuccess>
    <description>This DR extracts quotes based on opportunityID</description>
    <errorIgnored>false</errorIgnored>
    <expectedOutputJson>{
  &quot;QuoteList&quot; : [ {
    &quot;ContractedMonths&quot; : &quot;20&quot;,
    &quot;QuoteId&quot; : &quot;0Q04x000000cB8VCAU&quot;,
    &quot;QuoteMarginTotal&quot; : &quot;0.00&quot;,
    &quot;QuoteName&quot; : &quot;Northern Region - First Quote&quot;,
    &quot;QuoteStatus&quot; : &quot;xyz&quot;,
    &quot;QuoteTotal&quot; : &quot;$600.00&quot;
  } ]
}</expectedOutputJson>
    <fieldLevelSecurityEnabled>false</fieldLevelSecurityEnabled>
    <inputType>JSON</inputType>
    <name>sfiEnergyB2bsalesGetOpportunityQuote</name>
    <nullInputsIncludedInOutput>false</nullInputsIncludedInOutput>
    <omniDataTransformItem>
        <disabled>false</disabled>
        <filterGroup>0.0</filterGroup>
        <globalKey>sfiEnergyB2bsalesGetOpportunityQuote5564603964334636</globalKey>
        <inputFieldName>QuoteList:Status</inputFieldName>
        <inputObjectQuerySequence>0.0</inputObjectQuerySequence>
        <linkedObjectSequence>0.0</linkedObjectSequence>
        <name>sfiEnergyB2bsalesGetOpportunityQuote</name>
        <outputCreationSequence>1.0</outputCreationSequence>
        <outputFieldName>QuoteList:QuoteStatus</outputFieldName>
        <outputObjectName>json</outputObjectName>
        <requiredForUpsert>false</requiredForUpsert>
        <upsertKey>false</upsertKey>
    </omniDataTransformItem>
    <omniDataTransformItem>
        <disabled>false</disabled>
        <filterGroup>0.0</filterGroup>
        <globalKey>sfiEnergyB2bsalesGetOpportunityQuote9810048820018697</globalKey>
        <inputFieldName>QuoteList:vlocity_cmt__QuoteTotal__c</inputFieldName>
        <inputObjectQuerySequence>0.0</inputObjectQuerySequence>
        <linkedObjectSequence>0.0</linkedObjectSequence>
        <name>sfiEnergyB2bsalesGetOpportunityQuote</name>
        <outputCreationSequence>1.0</outputCreationSequence>
        <outputFieldFormat>Currency</outputFieldFormat>
        <outputFieldName>QuoteList:QuoteTotal</outputFieldName>
        <outputObjectName>json</outputObjectName>
        <requiredForUpsert>false</requiredForUpsert>
        <upsertKey>false</upsertKey>
    </omniDataTransformItem>
    <omniDataTransformItem>
        <disabled>false</disabled>
        <filterGroup>0.0</filterGroup>
        <globalKey>sfiEnergyB2bsalesGetOpportunityQuote7031782248607272</globalKey>
        <inputFieldName>QuoteList:vlocity_cmt__QuoteMarginTotal__c</inputFieldName>
        <inputObjectQuerySequence>0.0</inputObjectQuerySequence>
        <linkedObjectSequence>0.0</linkedObjectSequence>
        <name>sfiEnergyB2bsalesGetOpportunityQuote</name>
        <outputCreationSequence>1.0</outputCreationSequence>
        <outputFieldFormat>String</outputFieldFormat>
        <outputFieldName>QuoteList:QuoteMarginTotal</outputFieldName>
        <outputObjectName>json</outputObjectName>
        <requiredForUpsert>false</requiredForUpsert>
        <upsertKey>false</upsertKey>
    </omniDataTransformItem>
    <omniDataTransformItem>
        <disabled>false</disabled>
        <filterGroup>0.0</filterGroup>
        <globalKey>sfiEnergyB2bsalesGetOpportunityQuote7338872607124172</globalKey>
        <inputFieldName>QuoteList:Name</inputFieldName>
        <inputObjectQuerySequence>0.0</inputObjectQuerySequence>
        <linkedObjectSequence>0.0</linkedObjectSequence>
        <name>sfiEnergyB2bsalesGetOpportunityQuote</name>
        <outputCreationSequence>1.0</outputCreationSequence>
        <outputFieldName>QuoteList:QuoteName</outputFieldName>
        <outputObjectName>json</outputObjectName>
        <requiredForUpsert>false</requiredForUpsert>
        <upsertKey>false</upsertKey>
    </omniDataTransformItem>
    <omniDataTransformItem>
        <disabled>false</disabled>
        <filterGroup>0.0</filterGroup>
        <filterOperator>&lt;&gt;</filterOperator>
        <filterValue>&apos;GroupCart&apos;</filterValue>
        <globalKey>sfiEnergyB2bsalesGetOpportunityQuoteCustom1040</globalKey>
        <inputFieldName>RecordType.DeveloperName</inputFieldName>
        <inputObjectName>Quote</inputObjectName>
        <inputObjectQuerySequence>1.0</inputObjectQuerySequence>
        <linkedObjectSequence>0.0</linkedObjectSequence>
        <name>sfiEnergyB2bsalesGetOpportunityQuote</name>
        <outputCreationSequence>0.0</outputCreationSequence>
        <outputFieldName>QuoteList</outputFieldName>
        <outputObjectName>json</outputObjectName>
        <requiredForUpsert>false</requiredForUpsert>
        <upsertKey>false</upsertKey>
    </omniDataTransformItem>
    <omniDataTransformItem>
        <disabled>false</disabled>
        <filterGroup>0.0</filterGroup>
        <filterOperator>&lt;&gt;</filterOperator>
        <filterValue>&apos;SubQuote&apos;</filterValue>
        <globalKey>sfiEnergyB2bsalesGetOpportunityQuoteCustom6330</globalKey>
        <inputFieldName>RecordType.DeveloperName</inputFieldName>
        <inputObjectName>Quote</inputObjectName>
        <inputObjectQuerySequence>1.0</inputObjectQuerySequence>
        <linkedObjectSequence>0.0</linkedObjectSequence>
        <name>sfiEnergyB2bsalesGetOpportunityQuote</name>
        <outputCreationSequence>0.0</outputCreationSequence>
        <outputFieldName>QuoteList</outputFieldName>
        <outputObjectName>json</outputObjectName>
        <requiredForUpsert>false</requiredForUpsert>
        <upsertKey>false</upsertKey>
    </omniDataTransformItem>
    <omniDataTransformItem>
        <disabled>false</disabled>
        <filterGroup>0.0</filterGroup>
        <filterOperator>=</filterOperator>
        <filterValue>OpportunityId</filterValue>
        <globalKey>sfiEnergyB2bsalesGetOpportunityQuote3381295643244615</globalKey>
        <inputFieldName>OpportunityId</inputFieldName>
        <inputObjectName>Quote</inputObjectName>
        <inputObjectQuerySequence>1.0</inputObjectQuerySequence>
        <linkedObjectSequence>0.0</linkedObjectSequence>
        <name>sfiEnergyB2bsalesGetOpportunityQuote</name>
        <outputCreationSequence>0.0</outputCreationSequence>
        <outputFieldName>QuoteList</outputFieldName>
        <outputObjectName>json</outputObjectName>
        <requiredForUpsert>false</requiredForUpsert>
        <upsertKey>false</upsertKey>
    </omniDataTransformItem>
    <omniDataTransformItem>
        <disabled>false</disabled>
        <filterGroup>0.0</filterGroup>
        <globalKey>sfiEnergyB2bsalesGetOpportunityQuote25762246178453196</globalKey>
        <inputFieldName>QuoteList:vlocity_cmt__NumberOfContractedMonths__c</inputFieldName>
        <inputObjectQuerySequence>0.0</inputObjectQuerySequence>
        <linkedObjectSequence>0.0</linkedObjectSequence>
        <name>sfiEnergyB2bsalesGetOpportunityQuote</name>
        <outputCreationSequence>1.0</outputCreationSequence>
        <outputFieldFormat>String</outputFieldFormat>
        <outputFieldName>QuoteList:ContractedMonths</outputFieldName>
        <outputObjectName>json</outputObjectName>
        <requiredForUpsert>false</requiredForUpsert>
        <upsertKey>false</upsertKey>
    </omniDataTransformItem>
    <omniDataTransformItem>
        <disabled>false</disabled>
        <filterGroup>0.0</filterGroup>
        <globalKey>sfiEnergyB2bsalesGetOpportunityQuote09200815451699795</globalKey>
        <inputFieldName>QuoteList:Id</inputFieldName>
        <inputObjectQuerySequence>0.0</inputObjectQuerySequence>
        <linkedObjectSequence>0.0</linkedObjectSequence>
        <name>sfiEnergyB2bsalesGetOpportunityQuote</name>
        <outputCreationSequence>1.0</outputCreationSequence>
        <outputFieldName>QuoteList:QuoteId</outputFieldName>
        <outputObjectName>json</outputObjectName>
        <requiredForUpsert>false</requiredForUpsert>
        <upsertKey>false</upsertKey>
    </omniDataTransformItem>
    <omniDataTransformItem>
        <disabled>false</disabled>
        <filterGroup>0.0</filterGroup>
        <globalKey>sfiEnergyB2bsalesGetOpportunityQuote07189999874484232</globalKey>
        <inputFieldName>NumberOfQuotes</inputFieldName>
        <inputObjectQuerySequence>0.0</inputObjectQuerySequence>
        <linkedObjectSequence>0.0</linkedObjectSequence>
        <name>sfiEnergyB2bsalesGetOpportunityQuote</name>
        <outputCreationSequence>1.0</outputCreationSequence>
        <outputFieldFormat>Number</outputFieldFormat>
        <outputFieldName>NumberOfQuotes</outputFieldName>
        <outputObjectName>json</outputObjectName>
        <requiredForUpsert>false</requiredForUpsert>
        <upsertKey>false</upsertKey>
    </omniDataTransformItem>
    <omniDataTransformItem>
        <disabled>false</disabled>
        <filterGroup>0.0</filterGroup>
        <globalKey>sfiEnergyB2bsalesGetOpportunityQuote37014782086981746</globalKey>
        <inputObjectQuerySequence>0.0</inputObjectQuerySequence>
        <linkedObjectSequence>0.0</linkedObjectSequence>
        <name>sfiEnergyB2bsalesGetOpportunityQuote</name>
        <outputCreationSequence>1.0</outputCreationSequence>
        <outputFieldFormat>List&lt;Map&gt;</outputFieldFormat>
        <outputFieldName>QuoteList</outputFieldName>
        <outputObjectName>json</outputObjectName>
        <requiredForUpsert>false</requiredForUpsert>
        <upsertKey>false</upsertKey>
    </omniDataTransformItem>
    <omniDataTransformItem>
        <disabled>false</disabled>
        <filterGroup>0.0</filterGroup>
        <filterOperator>&lt;&gt;</filterOperator>
        <filterValue>&apos;Denied&apos;</filterValue>
        <globalKey>sfiEnergyB2bsalesGetOpportunityQuote17620942627715497</globalKey>
        <inputFieldName>Status</inputFieldName>
        <inputObjectName>Quote</inputObjectName>
        <inputObjectQuerySequence>1.0</inputObjectQuerySequence>
        <linkedObjectSequence>0.0</linkedObjectSequence>
        <name>sfiEnergyB2bsalesGetOpportunityQuote</name>
        <outputCreationSequence>0.0</outputCreationSequence>
        <outputFieldName>QuoteList</outputFieldName>
        <outputObjectName>json</outputObjectName>
        <requiredForUpsert>false</requiredForUpsert>
        <upsertKey>false</upsertKey>
    </omniDataTransformItem>
    <omniDataTransformItem>
        <disabled>false</disabled>
        <filterGroup>0.0</filterGroup>
        <formulaConverted>| | var:QuoteList ISNOTBLANK | var:QuoteList LISTSIZE 0 IF</formulaConverted>
        <formulaExpression>IF(ISNOTBLANK(%QuoteList%),LISTSIZE(%QuoteList%),0)</formulaExpression>
        <formulaResultPath>NumberOfQuotes</formulaResultPath>
        <formulaSequence>1.0</formulaSequence>
        <globalKey>sfiEnergyB2bsalesGetOpportunityQuote7933625344895636</globalKey>
        <inputObjectQuerySequence>0.0</inputObjectQuerySequence>
        <linkedObjectSequence>0.0</linkedObjectSequence>
        <name>sfiEnergyB2bsalesGetOpportunityQuote</name>
        <outputCreationSequence>0.0</outputCreationSequence>
        <outputFieldName>Formula</outputFieldName>
        <outputObjectName>Formula</outputObjectName>
        <requiredForUpsert>false</requiredForUpsert>
        <upsertKey>false</upsertKey>
    </omniDataTransformItem>
    <omniDataTransformItem>
        <disabled>false</disabled>
        <filterGroup>0.0</filterGroup>
        <filterOperator>&lt;&gt;</filterOperator>
        <filterValue>&apos;WorkingCart&apos;</filterValue>
        <globalKey>sfiEnergyB2bsalesGetOpportunityQuoteCustom51</globalKey>
        <inputFieldName>RecordType.DeveloperName</inputFieldName>
        <inputObjectName>Quote</inputObjectName>
        <inputObjectQuerySequence>1.0</inputObjectQuerySequence>
        <linkedObjectSequence>0.0</linkedObjectSequence>
        <name>sfiEnergyB2bsalesGetOpportunityQuote</name>
        <outputCreationSequence>0.0</outputCreationSequence>
        <outputFieldName>QuoteList</outputFieldName>
        <outputObjectName>json</outputObjectName>
        <requiredForUpsert>false</requiredForUpsert>
        <upsertKey>false</upsertKey>
    </omniDataTransformItem>
    <omniDataTransformItem>
        <disabled>false</disabled>
        <filterGroup>0.0</filterGroup>
        <filterOperator>&lt;&gt;</filterOperator>
        <filterValue>&apos;Accepted&apos;</filterValue>
        <globalKey>sfiEnergyB2bsalesGetOpportunityQuote28071709117871113</globalKey>
        <inputFieldName>Status</inputFieldName>
        <inputObjectName>Quote</inputObjectName>
        <inputObjectQuerySequence>1.0</inputObjectQuerySequence>
        <linkedObjectSequence>0.0</linkedObjectSequence>
        <name>sfiEnergyB2bsalesGetOpportunityQuote</name>
        <outputCreationSequence>0.0</outputCreationSequence>
        <outputFieldName>QuoteList</outputFieldName>
        <outputObjectName>json</outputObjectName>
        <requiredForUpsert>false</requiredForUpsert>
        <upsertKey>false</upsertKey>
    </omniDataTransformItem>
    <outputType>JSON</outputType>
    <previewJsonData>{
  &quot;OpportunityId&quot; : &quot;0065f000003GUW5AAO&quot;
}</previewJsonData>
    <processSuperBulk>false</processSuperBulk>
    <responseCacheTtlMinutes>0.0</responseCacheTtlMinutes>
    <rollbackOnError>false</rollbackOnError>
    <sourceObject>json</sourceObject>
    <sourceObjectDefault>false</sourceObjectDefault>
    <synchronousProcessThreshold>0.0</synchronousProcessThreshold>
    <type>Extract</type>
    <uniqueName>sfiEnergyB2bsalesGetOpportunityQuote_1</uniqueName>
    <versionNumber>1.0</versionNumber>
    <xmlDeclarationRemoved>false</xmlDeclarationRemoved>
</OmniDataTransform>
