<?xml version="1.0" encoding="UTF-8"?>
<OmniDataTransform xmlns="http://soap.sforce.com/2006/04/metadata">
    <active>false</active>
    <assignmentRulesUsed>false</assignmentRulesUsed>
    <deletedOnSuccess>false</deletedOnSuccess>
    <description>This DR retrieves Account name.</description>
    <errorIgnored>false</errorIgnored>
    <fieldLevelSecurityEnabled>false</fieldLevelSecurityEnabled>
    <inputType>JSON</inputType>
    <name>sfiEnergyConsoleRetrieveAccount</name>
    <nullInputsIncludedInOutput>false</nullInputsIncludedInOutput>
    <omniDataTransformItem>
        <disabled>false</disabled>
        <filterGroup>3.0</filterGroup>
        <filterOperator>=</filterOperator>
        <filterValue>AccNumber</filterValue>
        <globalKey>sfiEnergyConsoleRetrieveAccount36178280094485227</globalKey>
        <inputFieldName>AccountNumber</inputFieldName>
        <inputObjectName>Account</inputObjectName>
        <inputObjectQuerySequence>2.0</inputObjectQuerySequence>
        <linkedObjectSequence>0.0</linkedObjectSequence>
        <name>sfiEnergyConsoleRetrieveAccount</name>
        <outputCreationSequence>0.0</outputCreationSequence>
        <outputFieldName>Account</outputFieldName>
        <outputObjectName>json</outputObjectName>
        <requiredForUpsert>false</requiredForUpsert>
        <upsertKey>false</upsertKey>
    </omniDataTransformItem>
    <omniDataTransformItem>
        <disabled>false</disabled>
        <filterGroup>2.0</filterGroup>
        <filterOperator>=</filterOperator>
        <filterValue>AccNumber</filterValue>
        <globalKey>sfiEnergyConsoleRetrieveAccount6704807987178569</globalKey>
        <inputFieldName>AccountNumber</inputFieldName>
        <inputObjectName>Account</inputObjectName>
        <inputObjectQuerySequence>2.0</inputObjectQuerySequence>
        <linkedObjectSequence>0.0</linkedObjectSequence>
        <name>sfiEnergyConsoleRetrieveAccount</name>
        <outputCreationSequence>0.0</outputCreationSequence>
        <outputFieldName>Account</outputFieldName>
        <outputObjectName>json</outputObjectName>
        <requiredForUpsert>false</requiredForUpsert>
        <upsertKey>false</upsertKey>
    </omniDataTransformItem>
    <omniDataTransformItem>
        <disabled>false</disabled>
        <filterGroup>2.0</filterGroup>
        <filterOperator>=</filterOperator>
        <filterValue>RecId</filterValue>
        <globalKey>sfiEnergyConsoleRetrieveAccount37771764344623326</globalKey>
        <inputFieldName>RecordTypeId</inputFieldName>
        <inputObjectName>Account</inputObjectName>
        <inputObjectQuerySequence>2.0</inputObjectQuerySequence>
        <linkedObjectSequence>0.0</linkedObjectSequence>
        <name>sfiEnergyConsoleRetrieveAccount</name>
        <outputCreationSequence>0.0</outputCreationSequence>
        <outputFieldName>Account</outputFieldName>
        <outputObjectName>json</outputObjectName>
        <requiredForUpsert>false</requiredForUpsert>
        <upsertKey>false</upsertKey>
    </omniDataTransformItem>
    <omniDataTransformItem>
        <disabled>false</disabled>
        <filterGroup>1.0</filterGroup>
        <filterOperator>LIKE</filterOperator>
        <filterValue>AccName</filterValue>
        <globalKey>sfiEnergyConsoleRetrieveAccount2799611721506141</globalKey>
        <inputFieldName>Name</inputFieldName>
        <inputObjectName>Account</inputObjectName>
        <inputObjectQuerySequence>2.0</inputObjectQuerySequence>
        <linkedObjectSequence>0.0</linkedObjectSequence>
        <name>sfiEnergyConsoleRetrieveAccount</name>
        <outputCreationSequence>0.0</outputCreationSequence>
        <outputFieldName>Account</outputFieldName>
        <outputObjectName>json</outputObjectName>
        <requiredForUpsert>false</requiredForUpsert>
        <upsertKey>false</upsertKey>
    </omniDataTransformItem>
    <omniDataTransformItem>
        <disabled>false</disabled>
        <filterGroup>1.0</filterGroup>
        <filterOperator>=</filterOperator>
        <filterValue>ConsumerRecordType:Id</filterValue>
        <globalKey>sfiEnergyConsoleRetrieveAccount4191281350161211</globalKey>
        <inputFieldName>RecordTypeId</inputFieldName>
        <inputObjectName>Account</inputObjectName>
        <inputObjectQuerySequence>2.0</inputObjectQuerySequence>
        <linkedObjectSequence>0.0</linkedObjectSequence>
        <name>sfiEnergyConsoleRetrieveAccount</name>
        <outputCreationSequence>0.0</outputCreationSequence>
        <outputFieldName>Account</outputFieldName>
        <outputObjectName>json</outputObjectName>
        <requiredForUpsert>false</requiredForUpsert>
        <upsertKey>false</upsertKey>
    </omniDataTransformItem>
    <omniDataTransformItem>
        <disabled>false</disabled>
        <filterGroup>0.0</filterGroup>
        <globalKey>sfiEnergyConsoleRetrieveAccount44517812314526584</globalKey>
        <inputFieldName>Account:Name</inputFieldName>
        <inputObjectQuerySequence>0.0</inputObjectQuerySequence>
        <linkedObjectSequence>0.0</linkedObjectSequence>
        <name>sfiEnergyConsoleRetrieveAccount</name>
        <outputCreationSequence>1.0</outputCreationSequence>
        <outputFieldName>ParentAcctName</outputFieldName>
        <outputObjectName>json</outputObjectName>
        <requiredForUpsert>false</requiredForUpsert>
        <upsertKey>false</upsertKey>
    </omniDataTransformItem>
    <omniDataTransformItem>
        <disabled>false</disabled>
        <filterGroup>3.0</filterGroup>
        <filterOperator>=</filterOperator>
        <filterValue>ConsumerRecordType:Id</filterValue>
        <globalKey>sfiEnergyConsoleRetrieveAccount01152595054520611</globalKey>
        <inputFieldName>RecordTypeId</inputFieldName>
        <inputObjectName>Account</inputObjectName>
        <inputObjectQuerySequence>2.0</inputObjectQuerySequence>
        <linkedObjectSequence>0.0</linkedObjectSequence>
        <name>sfiEnergyConsoleRetrieveAccount</name>
        <outputCreationSequence>0.0</outputCreationSequence>
        <outputFieldName>Account</outputFieldName>
        <outputObjectName>json</outputObjectName>
        <requiredForUpsert>false</requiredForUpsert>
        <upsertKey>false</upsertKey>
    </omniDataTransformItem>
    <omniDataTransformItem>
        <disabled>false</disabled>
        <filterGroup>0.0</filterGroup>
        <globalKey>sfiEnergyConsoleRetrieveAccount08769292682869656</globalKey>
        <inputFieldName>Account:Id</inputFieldName>
        <inputObjectQuerySequence>0.0</inputObjectQuerySequence>
        <linkedObjectSequence>0.0</linkedObjectSequence>
        <name>sfiEnergyConsoleRetrieveAccount</name>
        <outputCreationSequence>1.0</outputCreationSequence>
        <outputFieldName>ParentAcctId</outputFieldName>
        <outputObjectName>json</outputObjectName>
        <requiredForUpsert>false</requiredForUpsert>
        <upsertKey>false</upsertKey>
    </omniDataTransformItem>
    <omniDataTransformItem>
        <disabled>false</disabled>
        <filterGroup>0.0</filterGroup>
        <filterOperator>=</filterOperator>
        <filterValue>RecId</filterValue>
        <globalKey>sfiEnergyConsoleRetrieveAccount1424730637235978</globalKey>
        <inputFieldName>RecordTypeId</inputFieldName>
        <inputObjectName>Account</inputObjectName>
        <inputObjectQuerySequence>2.0</inputObjectQuerySequence>
        <linkedObjectSequence>0.0</linkedObjectSequence>
        <name>sfiEnergyConsoleRetrieveAccount</name>
        <outputCreationSequence>0.0</outputCreationSequence>
        <outputFieldName>Account</outputFieldName>
        <outputObjectName>json</outputObjectName>
        <requiredForUpsert>false</requiredForUpsert>
        <upsertKey>false</upsertKey>
    </omniDataTransformItem>
    <omniDataTransformItem>
        <disabled>false</disabled>
        <filterGroup>0.0</filterGroup>
        <filterOperator>LIMIT</filterOperator>
        <filterValue>20</filterValue>
        <globalKey>sfiEnergyConsoleRetrieveAccount6421313303146485</globalKey>
        <inputObjectName>Account</inputObjectName>
        <inputObjectQuerySequence>2.0</inputObjectQuerySequence>
        <linkedObjectSequence>0.0</linkedObjectSequence>
        <name>sfiEnergyConsoleRetrieveAccount</name>
        <outputCreationSequence>0.0</outputCreationSequence>
        <outputFieldName>Account</outputFieldName>
        <outputObjectName>json</outputObjectName>
        <requiredForUpsert>false</requiredForUpsert>
        <upsertKey>false</upsertKey>
    </omniDataTransformItem>
    <omniDataTransformItem>
        <disabled>false</disabled>
        <filterGroup>0.0</filterGroup>
        <filterOperator>=</filterOperator>
        <filterValue>&apos;Account&apos;</filterValue>
        <globalKey>sfiEnergyConsoleRetrieveAccount037029760705396875</globalKey>
        <inputFieldName>SobjectType</inputFieldName>
        <inputObjectName>RecordType</inputObjectName>
        <inputObjectQuerySequence>1.0</inputObjectQuerySequence>
        <linkedObjectSequence>0.0</linkedObjectSequence>
        <name>sfiEnergyConsoleRetrieveAccount</name>
        <outputCreationSequence>0.0</outputCreationSequence>
        <outputFieldName>ConsumerRecordType</outputFieldName>
        <outputObjectName>json</outputObjectName>
        <requiredForUpsert>false</requiredForUpsert>
        <upsertKey>false</upsertKey>
    </omniDataTransformItem>
    <omniDataTransformItem>
        <disabled>false</disabled>
        <filterGroup>0.0</filterGroup>
        <filterOperator>LIKE</filterOperator>
        <filterValue>AccName</filterValue>
        <globalKey>sfiEnergyConsoleRetrieveAccount2784222176709352</globalKey>
        <inputFieldName>Name</inputFieldName>
        <inputObjectName>Account</inputObjectName>
        <inputObjectQuerySequence>2.0</inputObjectQuerySequence>
        <linkedObjectSequence>0.0</linkedObjectSequence>
        <name>sfiEnergyConsoleRetrieveAccount</name>
        <outputCreationSequence>0.0</outputCreationSequence>
        <outputFieldName>Account</outputFieldName>
        <outputObjectName>json</outputObjectName>
        <requiredForUpsert>false</requiredForUpsert>
        <upsertKey>false</upsertKey>
    </omniDataTransformItem>
    <omniDataTransformItem>
        <disabled>false</disabled>
        <filterGroup>0.0</filterGroup>
        <filterOperator>=</filterOperator>
        <filterValue>&apos;Consumer&apos;</filterValue>
        <globalKey>sfiEnergyConsoleRetrieveAccount5142199757730004</globalKey>
        <inputFieldName>DeveloperName</inputFieldName>
        <inputObjectName>RecordType</inputObjectName>
        <inputObjectQuerySequence>1.0</inputObjectQuerySequence>
        <linkedObjectSequence>0.0</linkedObjectSequence>
        <name>sfiEnergyConsoleRetrieveAccount</name>
        <outputCreationSequence>0.0</outputCreationSequence>
        <outputFieldName>ConsumerRecordType</outputFieldName>
        <outputObjectName>json</outputObjectName>
        <requiredForUpsert>false</requiredForUpsert>
        <upsertKey>false</upsertKey>
    </omniDataTransformItem>
    <outputType>JSON</outputType>
    <previewJsonData>{
  &quot;AccName&quot; : &quot;Bil&quot;,
  &quot;RecId&quot; : &quot;0125e000001ZxOuAAK&quot;
}</previewJsonData>
    <processSuperBulk>false</processSuperBulk>
    <responseCacheTtlMinutes>0.0</responseCacheTtlMinutes>
    <rollbackOnError>false</rollbackOnError>
    <sourceObject>json</sourceObject>
    <sourceObjectDefault>false</sourceObjectDefault>
    <synchronousProcessThreshold>-1.0</synchronousProcessThreshold>
    <type>Extract</type>
    <uniqueName>sfiEnergyConsoleRetrieveAccount_1</uniqueName>
    <versionNumber>1.0</versionNumber>
    <xmlDeclarationRemoved>false</xmlDeclarationRemoved>
</OmniDataTransform>
