<?xml version="1.0" encoding="UTF-8"?>
<OmniDataTransform xmlns="http://soap.sforce.com/2006/04/metadata">
    <active>false</active>
    <assignmentRulesUsed>false</assignmentRulesUsed>
    <deletedOnSuccess>false</deletedOnSuccess>
    <errorIgnored>false</errorIgnored>
    <fieldLevelSecurityEnabled>true</fieldLevelSecurityEnabled>
    <inputType>JSON</inputType>
    <name>sfiEnergyFSPremises</name>
    <nullInputsIncludedInOutput>false</nullInputsIncludedInOutput>
    <omniDataTransformItem>
        <disabled>false</disabled>
        <filterGroup>0.0</filterGroup>
        <globalKey>sfiEnergyFSPremises5744398209934356</globalKey>
        <inputFieldName>Account:vlocity_cmt__PremisesId__r.vlocity_cmt__Country__c</inputFieldName>
        <inputObjectQuerySequence>0.0</inputObjectQuerySequence>
        <linkedObjectSequence>0.0</linkedObjectSequence>
        <name>sfiEnergyFSPremises</name>
        <outputCreationSequence>1.0</outputCreationSequence>
        <outputFieldName>premiseInfo:premiseCountry</outputFieldName>
        <outputObjectName>json</outputObjectName>
        <requiredForUpsert>false</requiredForUpsert>
        <upsertKey>false</upsertKey>
    </omniDataTransformItem>
    <omniDataTransformItem>
        <disabled>false</disabled>
        <filterGroup>0.0</filterGroup>
        <globalKey>sfiEnergyFSPremises5660543042052808</globalKey>
        <inputFieldName>Account:vlocity_cmt__PremisesId__r.Name</inputFieldName>
        <inputObjectQuerySequence>0.0</inputObjectQuerySequence>
        <linkedObjectSequence>0.0</linkedObjectSequence>
        <name>sfiEnergyFSPremises</name>
        <outputCreationSequence>1.0</outputCreationSequence>
        <outputFieldName>premiseInfo:premiseName</outputFieldName>
        <outputObjectName>json</outputObjectName>
        <requiredForUpsert>false</requiredForUpsert>
        <upsertKey>false</upsertKey>
    </omniDataTransformItem>
    <omniDataTransformItem>
        <disabled>false</disabled>
        <filterGroup>0.0</filterGroup>
        <globalKey>sfiEnergyFSPremises2522929189011256</globalKey>
        <inputFieldName>Account:Id</inputFieldName>
        <inputObjectQuerySequence>0.0</inputObjectQuerySequence>
        <linkedObjectSequence>0.0</linkedObjectSequence>
        <name>sfiEnergyFSPremises</name>
        <outputCreationSequence>1.0</outputCreationSequence>
        <outputFieldName>premiseInfo:premiseAccountId</outputFieldName>
        <outputObjectName>json</outputObjectName>
        <requiredForUpsert>false</requiredForUpsert>
        <upsertKey>false</upsertKey>
    </omniDataTransformItem>
    <omniDataTransformItem>
        <disabled>false</disabled>
        <filterGroup>0.0</filterGroup>
        <globalKey>sfiEnergyFSPremises6633244089422954</globalKey>
        <inputFieldName>Account:vlocity_cmt__PremisesId__r.vlocity_cmt__City__c</inputFieldName>
        <inputObjectQuerySequence>0.0</inputObjectQuerySequence>
        <linkedObjectSequence>0.0</linkedObjectSequence>
        <name>sfiEnergyFSPremises</name>
        <outputCreationSequence>1.0</outputCreationSequence>
        <outputFieldName>premiseInfo:premiseCity</outputFieldName>
        <outputObjectName>json</outputObjectName>
        <requiredForUpsert>false</requiredForUpsert>
        <upsertKey>false</upsertKey>
    </omniDataTransformItem>
    <omniDataTransformItem>
        <disabled>false</disabled>
        <filterGroup>0.0</filterGroup>
        <globalKey>sfiEnergyFSPremises7405193787519697</globalKey>
        <inputFieldName>Account:vlocity_cmt__PremisesId__r.vlocity_cmt__Geolocation__Latitude__s</inputFieldName>
        <inputObjectQuerySequence>0.0</inputObjectQuerySequence>
        <linkedObjectSequence>0.0</linkedObjectSequence>
        <name>sfiEnergyFSPremises</name>
        <outputCreationSequence>1.0</outputCreationSequence>
        <outputFieldFormat>String</outputFieldFormat>
        <outputFieldName>premiseInfo:latitude</outputFieldName>
        <outputObjectName>json</outputObjectName>
        <requiredForUpsert>false</requiredForUpsert>
        <upsertKey>false</upsertKey>
    </omniDataTransformItem>
    <omniDataTransformItem>
        <disabled>false</disabled>
        <filterGroup>0.0</filterGroup>
        <globalKey>sfiEnergyFSPremises5971117763789029</globalKey>
        <inputFieldName>Account:vlocity_cmt__PremisesId__r.vlocity_cmt__Geolocation__Longitude__s</inputFieldName>
        <inputObjectQuerySequence>0.0</inputObjectQuerySequence>
        <linkedObjectSequence>0.0</linkedObjectSequence>
        <name>sfiEnergyFSPremises</name>
        <outputCreationSequence>1.0</outputCreationSequence>
        <outputFieldFormat>String</outputFieldFormat>
        <outputFieldName>premiseInfo:longitude</outputFieldName>
        <outputObjectName>json</outputObjectName>
        <requiredForUpsert>false</requiredForUpsert>
        <upsertKey>false</upsertKey>
    </omniDataTransformItem>
    <omniDataTransformItem>
        <disabled>false</disabled>
        <filterGroup>0.0</filterGroup>
        <globalKey>sfiEnergyFSPremises8123247051730862</globalKey>
        <inputFieldName>Account:vlocity_cmt__PremisesId__r.vlocity_cmt__Geolocation__Latitude__s</inputFieldName>
        <inputObjectQuerySequence>0.0</inputObjectQuerySequence>
        <linkedObjectSequence>0.0</linkedObjectSequence>
        <name>sfiEnergyFSPremises</name>
        <outputCreationSequence>1.0</outputCreationSequence>
        <outputFieldName>premiseInfo:geoLocation:latitude</outputFieldName>
        <outputObjectName>json</outputObjectName>
        <requiredForUpsert>false</requiredForUpsert>
        <upsertKey>false</upsertKey>
    </omniDataTransformItem>
    <omniDataTransformItem>
        <disabled>false</disabled>
        <filterGroup>0.0</filterGroup>
        <globalKey>sfiEnergyFSPremises7285721364855071</globalKey>
        <inputFieldName>Account:vlocity_cmt__PremisesId__r.vlocity_cmt__Geolocation__Longitude__s</inputFieldName>
        <inputObjectQuerySequence>0.0</inputObjectQuerySequence>
        <linkedObjectSequence>0.0</linkedObjectSequence>
        <name>sfiEnergyFSPremises</name>
        <outputCreationSequence>1.0</outputCreationSequence>
        <outputFieldName>premiseInfo:geoLocation:longitude</outputFieldName>
        <outputObjectName>json</outputObjectName>
        <requiredForUpsert>false</requiredForUpsert>
        <upsertKey>false</upsertKey>
    </omniDataTransformItem>
    <omniDataTransformItem>
        <disabled>false</disabled>
        <filterGroup>0.0</filterGroup>
        <filterOperator>=</filterOperator>
        <filterValue>recordTypeName</filterValue>
        <globalKey>sfiEnergyFSPremises33380525828398855</globalKey>
        <inputFieldName>DeveloperName</inputFieldName>
        <inputObjectName>RecordType</inputObjectName>
        <inputObjectQuerySequence>1.0</inputObjectQuerySequence>
        <linkedObjectSequence>0.0</linkedObjectSequence>
        <name>sfiEnergyFSPremises</name>
        <outputCreationSequence>0.0</outputCreationSequence>
        <outputFieldName>RecordType</outputFieldName>
        <outputObjectName>json</outputObjectName>
        <requiredForUpsert>false</requiredForUpsert>
        <upsertKey>false</upsertKey>
    </omniDataTransformItem>
    <omniDataTransformItem>
        <disabled>false</disabled>
        <filterGroup>0.0</filterGroup>
        <globalKey>sfiEnergyFSPremises9750610819997882</globalKey>
        <inputFieldName>Account:vlocity_cmt__PremisesId__r.vlocity_cmt__StreetAddress__c</inputFieldName>
        <inputObjectQuerySequence>0.0</inputObjectQuerySequence>
        <linkedObjectSequence>0.0</linkedObjectSequence>
        <name>sfiEnergyFSPremises</name>
        <outputCreationSequence>1.0</outputCreationSequence>
        <outputFieldName>premiseInfo:premiseStreet</outputFieldName>
        <outputObjectName>json</outputObjectName>
        <requiredForUpsert>false</requiredForUpsert>
        <upsertKey>false</upsertKey>
    </omniDataTransformItem>
    <omniDataTransformItem>
        <disabled>false</disabled>
        <filterGroup>0.0</filterGroup>
        <globalKey>sfiEnergyFSPremises46497527714420483</globalKey>
        <inputFieldName>Account:vlocity_cmt__PremisesId__c</inputFieldName>
        <inputObjectQuerySequence>0.0</inputObjectQuerySequence>
        <linkedObjectSequence>0.0</linkedObjectSequence>
        <name>sfiEnergyFSPremises</name>
        <outputCreationSequence>1.0</outputCreationSequence>
        <outputFieldName>premiseInfo:premisesId</outputFieldName>
        <outputObjectName>json</outputObjectName>
        <requiredForUpsert>false</requiredForUpsert>
        <upsertKey>false</upsertKey>
    </omniDataTransformItem>
    <omniDataTransformItem>
        <disabled>false</disabled>
        <filterGroup>0.0</filterGroup>
        <globalKey>sfiEnergyFSPremises07045842052140694</globalKey>
        <inputFieldName>Account:vlocity_cmt__PremisesId__r.vlocity_cmt__PostalCode__c</inputFieldName>
        <inputObjectQuerySequence>0.0</inputObjectQuerySequence>
        <linkedObjectSequence>0.0</linkedObjectSequence>
        <name>sfiEnergyFSPremises</name>
        <outputCreationSequence>1.0</outputCreationSequence>
        <outputFieldName>premiseInfo:premisePostalCode</outputFieldName>
        <outputObjectName>json</outputObjectName>
        <requiredForUpsert>false</requiredForUpsert>
        <upsertKey>false</upsertKey>
    </omniDataTransformItem>
    <omniDataTransformItem>
        <disabled>false</disabled>
        <filterGroup>0.0</filterGroup>
        <globalKey>sfiEnergyFSPremises8552418165202105</globalKey>
        <inputFieldName>Account:vlocity_cmt__PremisesId__r.vlocity_cmt__State__c</inputFieldName>
        <inputObjectQuerySequence>0.0</inputObjectQuerySequence>
        <linkedObjectSequence>0.0</linkedObjectSequence>
        <name>sfiEnergyFSPremises</name>
        <outputCreationSequence>1.0</outputCreationSequence>
        <outputFieldName>premiseInfo:premiseState</outputFieldName>
        <outputObjectName>json</outputObjectName>
        <requiredForUpsert>false</requiredForUpsert>
        <upsertKey>false</upsertKey>
    </omniDataTransformItem>
    <omniDataTransformItem>
        <disabled>false</disabled>
        <filterGroup>1.0</filterGroup>
        <filterOperator>=</filterOperator>
        <filterValue>accountId</filterValue>
        <globalKey>sfiEnergyFSPremises2519209164884799</globalKey>
        <inputFieldName>ParentId</inputFieldName>
        <inputObjectName>Account</inputObjectName>
        <inputObjectQuerySequence>3.0</inputObjectQuerySequence>
        <linkedObjectSequence>0.0</linkedObjectSequence>
        <name>sfiEnergyFSPremises</name>
        <outputCreationSequence>0.0</outputCreationSequence>
        <outputFieldName>Account</outputFieldName>
        <outputObjectName>json</outputObjectName>
        <requiredForUpsert>false</requiredForUpsert>
        <upsertKey>false</upsertKey>
    </omniDataTransformItem>
    <omniDataTransformItem>
        <disabled>false</disabled>
        <filterGroup>1.0</filterGroup>
        <filterOperator>=</filterOperator>
        <filterValue>RecordTypeService:Id</filterValue>
        <globalKey>sfiEnergyFSPremises5254184238074062</globalKey>
        <inputFieldName>RecordTypeId</inputFieldName>
        <inputObjectName>Account</inputObjectName>
        <inputObjectQuerySequence>3.0</inputObjectQuerySequence>
        <linkedObjectSequence>0.0</linkedObjectSequence>
        <name>sfiEnergyFSPremises</name>
        <outputCreationSequence>0.0</outputCreationSequence>
        <outputFieldName>Account</outputFieldName>
        <outputObjectName>json</outputObjectName>
        <requiredForUpsert>false</requiredForUpsert>
        <upsertKey>false</upsertKey>
    </omniDataTransformItem>
    <omniDataTransformItem>
        <disabled>false</disabled>
        <filterGroup>0.0</filterGroup>
        <filterOperator>=</filterOperator>
        <filterValue>sObjectName</filterValue>
        <globalKey>sfiEnergyFSPremisesCustom3730</globalKey>
        <inputFieldName>SobjectType</inputFieldName>
        <inputObjectName>RecordType</inputObjectName>
        <inputObjectQuerySequence>2.0</inputObjectQuerySequence>
        <linkedObjectSequence>0.0</linkedObjectSequence>
        <name>sfiEnergyFSPremises</name>
        <outputCreationSequence>0.0</outputCreationSequence>
        <outputFieldName>RecordTypeService</outputFieldName>
        <outputObjectName>json</outputObjectName>
        <requiredForUpsert>false</requiredForUpsert>
        <upsertKey>false</upsertKey>
    </omniDataTransformItem>
    <omniDataTransformItem>
        <disabled>false</disabled>
        <filterGroup>1.0</filterGroup>
        <filterOperator>&lt;&gt;</filterOperator>
        <filterValue>&quot;$Vlocity.null&quot;</filterValue>
        <globalKey>sfiEnergyFSPremises9669127192873437</globalKey>
        <inputFieldName>vlocity_cmt__PremisesId__c</inputFieldName>
        <inputObjectName>Account</inputObjectName>
        <inputObjectQuerySequence>3.0</inputObjectQuerySequence>
        <linkedObjectSequence>0.0</linkedObjectSequence>
        <name>sfiEnergyFSPremises</name>
        <outputCreationSequence>0.0</outputCreationSequence>
        <outputFieldName>Account</outputFieldName>
        <outputObjectName>json</outputObjectName>
        <requiredForUpsert>false</requiredForUpsert>
        <upsertKey>false</upsertKey>
    </omniDataTransformItem>
    <omniDataTransformItem>
        <disabled>false</disabled>
        <filterGroup>0.0</filterGroup>
        <filterOperator>=</filterOperator>
        <filterValue>sObjectName</filterValue>
        <globalKey>sfiEnergyFSPremises4034074218473902</globalKey>
        <inputFieldName>SobjectType</inputFieldName>
        <inputObjectName>RecordType</inputObjectName>
        <inputObjectQuerySequence>1.0</inputObjectQuerySequence>
        <linkedObjectSequence>0.0</linkedObjectSequence>
        <name>sfiEnergyFSPremises</name>
        <outputCreationSequence>0.0</outputCreationSequence>
        <outputFieldName>RecordType</outputFieldName>
        <outputObjectName>json</outputObjectName>
        <requiredForUpsert>false</requiredForUpsert>
        <upsertKey>false</upsertKey>
    </omniDataTransformItem>
    <omniDataTransformItem>
        <disabled>false</disabled>
        <filterGroup>0.0</filterGroup>
        <filterOperator>=</filterOperator>
        <filterValue>&quot;Service&quot;</filterValue>
        <globalKey>sfiEnergyFSPremisesCustom337</globalKey>
        <inputFieldName>DeveloperName</inputFieldName>
        <inputObjectName>RecordType</inputObjectName>
        <inputObjectQuerySequence>2.0</inputObjectQuerySequence>
        <linkedObjectSequence>0.0</linkedObjectSequence>
        <name>sfiEnergyFSPremises</name>
        <outputCreationSequence>0.0</outputCreationSequence>
        <outputFieldName>RecordTypeService</outputFieldName>
        <outputObjectName>json</outputObjectName>
        <requiredForUpsert>false</requiredForUpsert>
        <upsertKey>false</upsertKey>
    </omniDataTransformItem>
    <omniDataTransformItem>
        <disabled>false</disabled>
        <filterGroup>2.0</filterGroup>
        <filterOperator>=</filterOperator>
        <filterValue>RecordType:Id</filterValue>
        <globalKey>sfiEnergyFSPremises19836028343529066</globalKey>
        <inputFieldName>RecordTypeId</inputFieldName>
        <inputObjectName>Account</inputObjectName>
        <inputObjectQuerySequence>3.0</inputObjectQuerySequence>
        <linkedObjectSequence>0.0</linkedObjectSequence>
        <name>sfiEnergyFSPremises</name>
        <outputCreationSequence>0.0</outputCreationSequence>
        <outputFieldName>Account</outputFieldName>
        <outputObjectName>json</outputObjectName>
        <requiredForUpsert>false</requiredForUpsert>
        <upsertKey>false</upsertKey>
    </omniDataTransformItem>
    <omniDataTransformItem>
        <disabled>false</disabled>
        <filterGroup>0.0</filterGroup>
        <globalKey>sfiEnergyFSPremises4689155442311088</globalKey>
        <inputObjectQuerySequence>0.0</inputObjectQuerySequence>
        <linkedObjectSequence>0.0</linkedObjectSequence>
        <name>sfiEnergyFSPremises</name>
        <outputCreationSequence>1.0</outputCreationSequence>
        <outputFieldFormat>List&lt;Map&gt;</outputFieldFormat>
        <outputFieldName>premiseInfo</outputFieldName>
        <outputObjectName>json</outputObjectName>
        <requiredForUpsert>false</requiredForUpsert>
        <upsertKey>false</upsertKey>
    </omniDataTransformItem>
    <omniDataTransformItem>
        <disabled>false</disabled>
        <filterGroup>2.0</filterGroup>
        <filterOperator>&lt;&gt;</filterOperator>
        <filterValue>&quot;$Vlocity.null&quot;</filterValue>
        <globalKey>sfiEnergyFSPremises49454471114979914</globalKey>
        <inputFieldName>vlocity_cmt__PremisesId__c</inputFieldName>
        <inputObjectName>Account</inputObjectName>
        <inputObjectQuerySequence>3.0</inputObjectQuerySequence>
        <linkedObjectSequence>0.0</linkedObjectSequence>
        <name>sfiEnergyFSPremises</name>
        <outputCreationSequence>0.0</outputCreationSequence>
        <outputFieldName>Account</outputFieldName>
        <outputObjectName>json</outputObjectName>
        <requiredForUpsert>false</requiredForUpsert>
        <upsertKey>false</upsertKey>
    </omniDataTransformItem>
    <omniDataTransformItem>
        <disabled>false</disabled>
        <filterGroup>2.0</filterGroup>
        <filterOperator>=</filterOperator>
        <filterValue>accountId</filterValue>
        <globalKey>sfiEnergyFSPremises8956688779023467</globalKey>
        <inputFieldName>Id</inputFieldName>
        <inputObjectName>Account</inputObjectName>
        <inputObjectQuerySequence>3.0</inputObjectQuerySequence>
        <linkedObjectSequence>0.0</linkedObjectSequence>
        <name>sfiEnergyFSPremises</name>
        <outputCreationSequence>0.0</outputCreationSequence>
        <outputFieldName>Account</outputFieldName>
        <outputObjectName>json</outputObjectName>
        <requiredForUpsert>false</requiredForUpsert>
        <upsertKey>false</upsertKey>
    </omniDataTransformItem>
    <outputType>JSON</outputType>
    <previewJsonData>{
  &quot;accountId&quot; : &quot;0018c00002DtrtbAAB&quot;,
  &quot;recordTypeName&quot; : &quot;Consumer&quot;,
  &quot;sObjectName&quot; : &quot;Account&quot;
}</previewJsonData>
    <processSuperBulk>false</processSuperBulk>
    <responseCacheTtlMinutes>0.0</responseCacheTtlMinutes>
    <rollbackOnError>false</rollbackOnError>
    <sourceObject>json</sourceObject>
    <sourceObjectDefault>false</sourceObjectDefault>
    <synchronousProcessThreshold>0.0</synchronousProcessThreshold>
    <type>Extract</type>
    <uniqueName>sfiEnergyFSPremises_1</uniqueName>
    <versionNumber>1.0</versionNumber>
    <xmlDeclarationRemoved>false</xmlDeclarationRemoved>
</OmniDataTransform>
