<?xml version="1.0" encoding="UTF-8"?>
<OmniDataTransform xmlns="http://soap.sforce.com/2006/04/metadata">
    <active>false</active>
    <assignmentRulesUsed>false</assignmentRulesUsed>
    <deletedOnSuccess>false</deletedOnSuccess>
    <description>This dataraptor will get all the service points for a particular premise.</description>
    <errorIgnored>false</errorIgnored>
    <fieldLevelSecurityEnabled>false</fieldLevelSecurityEnabled>
    <inputType>JSON</inputType>
    <name>sfiEnergyConsoleGetServicePointsInfo</name>
    <nullInputsIncludedInOutput>false</nullInputsIncludedInOutput>
    <omniDataTransformItem>
        <defaultValue>0</defaultValue>
        <disabled>false</disabled>
        <filterGroup>0.0</filterGroup>
        <globalKey>sfiEnergyConsoleGetServicePointsInfoCustoma1V4x00000BqlqsEABItem33</globalKey>
        <inputFieldName>ServicePointStatus</inputFieldName>
        <inputObjectQuerySequence>0.0</inputObjectQuerySequence>
        <linkedObjectSequence>0.0</linkedObjectSequence>
        <name>sfiEnergyConsoleGetServicePointsInfo</name>
        <outputCreationSequence>1.0</outputCreationSequence>
        <outputFieldFormat>String</outputFieldFormat>
        <outputFieldName>ServicePointStatus</outputFieldName>
        <outputObjectName>json</outputObjectName>
        <requiredForUpsert>false</requiredForUpsert>
        <upsertKey>false</upsertKey>
    </omniDataTransformItem>
    <omniDataTransformItem>
        <disabled>false</disabled>
        <filterGroup>0.0</filterGroup>
        <globalKey>sfiEnergyConsoleGetServicePointsInfoCustoma1V4x00000BqlqsEABItem39</globalKey>
        <inputFieldName>PremiseId</inputFieldName>
        <inputObjectQuerySequence>0.0</inputObjectQuerySequence>
        <linkedObjectSequence>0.0</linkedObjectSequence>
        <name>sfiEnergyConsoleGetServicePointsInfo</name>
        <outputCreationSequence>1.0</outputCreationSequence>
        <outputFieldName>PremiseId</outputFieldName>
        <outputObjectName>json</outputObjectName>
        <requiredForUpsert>false</requiredForUpsert>
        <upsertKey>false</upsertKey>
    </omniDataTransformItem>
    <omniDataTransformItem>
        <defaultValue>0</defaultValue>
        <disabled>false</disabled>
        <filterGroup>0.0</filterGroup>
        <globalKey>sfiEnergyConsoleGetServicePointsInfoCustoma1V4x00000BqlqsEABItem20</globalKey>
        <inputFieldName>ServicePointCount</inputFieldName>
        <inputObjectQuerySequence>0.0</inputObjectQuerySequence>
        <linkedObjectSequence>0.0</linkedObjectSequence>
        <name>sfiEnergyConsoleGetServicePointsInfo</name>
        <outputCreationSequence>1.0</outputCreationSequence>
        <outputFieldFormat>Integer</outputFieldFormat>
        <outputFieldName>ServicePointCount</outputFieldName>
        <outputObjectName>json</outputObjectName>
        <requiredForUpsert>false</requiredForUpsert>
        <upsertKey>false</upsertKey>
    </omniDataTransformItem>
    <omniDataTransformItem>
        <disabled>false</disabled>
        <filterGroup>0.0</filterGroup>
        <formulaConverted>| | &quot;SELECT/\/\/COUNT()/\/\/FROM/\/\/vlocity_cmt__ServicePoint__c/\/\/where/\/\/vlocity_cmt__Status__c!=&apos;Connected&apos;/\/\/and/\/\/vlocity_cmt__PremisesId__c=&apos;{0}&apos;&quot; var:PremiseId COUNTQUERY 0 != &quot;Service/\/\/Outage&quot; &quot;Active&quot; IF</formulaConverted>
        <formulaExpression>IF((COUNTQUERY ( &quot;SELECT COUNT() FROM vlocity_cmt__ServicePoint__c where vlocity_cmt__Status__c!=&apos;Connected&apos; and vlocity_cmt__PremisesId__c=&apos;{0}&apos;&quot;,%PremiseId%))!=0,&quot;Service Outage&quot;,&quot;Active&quot;)</formulaExpression>
        <formulaResultPath>ServicePointStatus</formulaResultPath>
        <formulaSequence>2.0</formulaSequence>
        <globalKey>sfiEnergyConsoleGetServicePointsInfoCustoma1V4x00000BqlqsEABItem0</globalKey>
        <inputObjectQuerySequence>0.0</inputObjectQuerySequence>
        <linkedObjectSequence>0.0</linkedObjectSequence>
        <name>sfiEnergyConsoleGetServicePointsInfo</name>
        <outputCreationSequence>0.0</outputCreationSequence>
        <outputFieldName>Formula</outputFieldName>
        <outputObjectName>Formula</outputObjectName>
        <requiredForUpsert>false</requiredForUpsert>
        <upsertKey>false</upsertKey>
    </omniDataTransformItem>
    <omniDataTransformItem>
        <disabled>false</disabled>
        <filterGroup>0.0</filterGroup>
        <globalKey>sfiEnergyConsoleGetServicePointsInfoCustoma1V4x00000BqlqsEABItem15</globalKey>
        <inputFieldName>PremiseAddress</inputFieldName>
        <inputObjectQuerySequence>0.0</inputObjectQuerySequence>
        <linkedObjectSequence>0.0</linkedObjectSequence>
        <name>sfiEnergyConsoleGetServicePointsInfo</name>
        <outputCreationSequence>1.0</outputCreationSequence>
        <outputFieldName>PremiseAddress</outputFieldName>
        <outputObjectName>json</outputObjectName>
        <requiredForUpsert>false</requiredForUpsert>
        <upsertKey>false</upsertKey>
    </omniDataTransformItem>
    <omniDataTransformItem>
        <disabled>false</disabled>
        <filterGroup>0.0</filterGroup>
        <formulaConverted>| &quot;SELECT/\/\/COUNT()/\/\/FROM/\/\/vlocity_cmt__ServicePoint__c/\/\/where/\/\/vlocity_cmt__PremisesId__c=&apos;{0}&apos;&quot; var:PremiseId COUNTQUERY</formulaConverted>
        <formulaExpression>COUNTQUERY (&quot;SELECT COUNT() FROM vlocity_cmt__ServicePoint__c where vlocity_cmt__PremisesId__c=&apos;{0}&apos;&quot;,%PremiseId%)</formulaExpression>
        <formulaResultPath>ServicePointCount</formulaResultPath>
        <formulaSequence>1.0</formulaSequence>
        <globalKey>sfiEnergyConsoleGetServicePointsInfoCustoma1V4x00000BqlqsEABItem8</globalKey>
        <inputObjectQuerySequence>0.0</inputObjectQuerySequence>
        <linkedObjectSequence>0.0</linkedObjectSequence>
        <name>sfiEnergyConsoleGetServicePointsInfo</name>
        <outputCreationSequence>0.0</outputCreationSequence>
        <outputFieldName>Formula</outputFieldName>
        <outputObjectName>Formula</outputObjectName>
        <requiredForUpsert>false</requiredForUpsert>
        <upsertKey>false</upsertKey>
    </omniDataTransformItem>
    <omniDataTransformItem>
        <disabled>false</disabled>
        <filterGroup>0.0</filterGroup>
        <formulaConverted>| var:PremiseStreet var:null != var:PremiseState var:null != &amp;&amp; var:PremiseCity var:null != &amp;&amp; var:PremisePostalCode var:null != &amp;&amp; | var:PremiseStreet &quot;,/\/\/&quot; var:PremiseCity &quot;,/\/\/&quot; var:PremiseState &quot;,/\/\/&quot; var:PremisePostalCode CONCAT var:null IF</formulaConverted>
        <formulaExpression>IF(%PremiseStreet%!=null &amp;&amp; %PremiseState%!=null &amp;&amp; %PremiseCity%!=null &amp;&amp; %PremisePostalCode%!=null,CONCAT(%PremiseStreet%,&quot;, &quot; %PremiseCity%,&quot;, &quot; %PremiseState%,&quot;, &quot;,  %PremisePostalCode%),null)</formulaExpression>
        <formulaResultPath>PremiseAddress</formulaResultPath>
        <formulaSequence>3.0</formulaSequence>
        <globalKey>sfiEnergyConsoleGetServicePointsInfoCustoma1V4x00000BqlqsEABItem9</globalKey>
        <inputObjectQuerySequence>0.0</inputObjectQuerySequence>
        <linkedObjectSequence>0.0</linkedObjectSequence>
        <name>sfiEnergyConsoleGetServicePointsInfo</name>
        <outputCreationSequence>0.0</outputCreationSequence>
        <outputFieldName>Formula</outputFieldName>
        <outputObjectName>Formula</outputObjectName>
        <requiredForUpsert>false</requiredForUpsert>
        <upsertKey>false</upsertKey>
    </omniDataTransformItem>
    <omniDataTransformItem>
        <disabled>false</disabled>
        <filterGroup>0.0</filterGroup>
        <filterOperator>=</filterOperator>
        <filterValue>PremiseId</filterValue>
        <globalKey>sfiEnergyConsoleGetServicePointsInfoCustom2363</globalKey>
        <inputFieldName>vlocity_cmt__PremisesId__c</inputFieldName>
        <inputObjectName>vlocity_cmt__ServicePoint__c</inputObjectName>
        <inputObjectQuerySequence>1.0</inputObjectQuerySequence>
        <linkedObjectSequence>0.0</linkedObjectSequence>
        <name>sfiEnergyConsoleGetServicePointsInfo</name>
        <outputCreationSequence>0.0</outputCreationSequence>
        <outputFieldName>ServicePoint</outputFieldName>
        <outputObjectName>json</outputObjectName>
        <requiredForUpsert>false</requiredForUpsert>
        <upsertKey>false</upsertKey>
    </omniDataTransformItem>
    <omniDataTransformItem>
        <disabled>false</disabled>
        <filterGroup>0.0</filterGroup>
        <filterOperator>LIMIT</filterOperator>
        <filterValue>1</filterValue>
        <globalKey>sfiEnergyConsoleGetServicePointsInfoCustom8301</globalKey>
        <inputObjectName>vlocity_cmt__ServicePoint__c</inputObjectName>
        <inputObjectQuerySequence>1.0</inputObjectQuerySequence>
        <linkedObjectSequence>0.0</linkedObjectSequence>
        <name>sfiEnergyConsoleGetServicePointsInfo</name>
        <outputCreationSequence>0.0</outputCreationSequence>
        <outputFieldName>ServicePoint</outputFieldName>
        <outputObjectName>json</outputObjectName>
        <requiredForUpsert>false</requiredForUpsert>
        <upsertKey>false</upsertKey>
    </omniDataTransformItem>
    <outputType>JSON</outputType>
    <previewJsonData>{
  &quot;MeterId&quot; : &quot;a2dRN00000001JY&quot;,
  &quot;PremiseId&quot; : &quot;a3X4x000000kkHNEAY&quot;
}</previewJsonData>
    <processSuperBulk>false</processSuperBulk>
    <responseCacheTtlMinutes>0.0</responseCacheTtlMinutes>
    <rollbackOnError>false</rollbackOnError>
    <sourceObject>json</sourceObject>
    <sourceObjectDefault>false</sourceObjectDefault>
    <synchronousProcessThreshold>-1.0</synchronousProcessThreshold>
    <type>Extract</type>
    <uniqueName>sfiEnergyConsoleGetServicePointsInfo_1</uniqueName>
    <versionNumber>1.0</versionNumber>
    <xmlDeclarationRemoved>false</xmlDeclarationRemoved>
</OmniDataTransform>
