<?xml version="1.0" encoding="UTF-8"?>
<OmniDataTransform xmlns="http://soap.sforce.com/2006/04/metadata">
    <active>false</active>
    <assignmentRulesUsed>false</assignmentRulesUsed>
    <deletedOnSuccess>false</deletedOnSuccess>
    <description>Transform the data used in Edit Block flow of update consumer premise.</description>
    <errorIgnored>false</errorIgnored>
    <fieldLevelSecurityEnabled>false</fieldLevelSecurityEnabled>
    <inputType>JSON</inputType>
    <name>sfiEnergySelfServiceUpdateConsumerPremises</name>
    <nullInputsIncludedInOutput>false</nullInputsIncludedInOutput>
    <omniDataTransformItem>
        <disabled>false</disabled>
        <filterGroup>0.0</filterGroup>
        <globalKey>sfiEnergySelfServiceUpdateConsumerPremisesCustom6175</globalKey>
        <inputFieldName>premiseInfo:premiseName</inputFieldName>
        <inputObjectQuerySequence>0.0</inputObjectQuerySequence>
        <linkedObjectSequence>0.0</linkedObjectSequence>
        <name>sfiEnergySelfServiceUpdateConsumerPremises</name>
        <outputCreationSequence>1.0</outputCreationSequence>
        <outputFieldName>SSPConsumerPremisesDetails:SSPConsumerPremisesName</outputFieldName>
        <outputObjectName>json</outputObjectName>
        <requiredForUpsert>false</requiredForUpsert>
        <upsertKey>false</upsertKey>
    </omniDataTransformItem>
    <omniDataTransformItem>
        <disabled>false</disabled>
        <filterGroup>0.0</filterGroup>
        <globalKey>sfiEnergySelfServiceUpdateConsumerPremisesCustom2721</globalKey>
        <inputFieldName>premiseInfo:premiseAccountId</inputFieldName>
        <inputObjectQuerySequence>0.0</inputObjectQuerySequence>
        <linkedObjectSequence>0.0</linkedObjectSequence>
        <name>sfiEnergySelfServiceUpdateConsumerPremises</name>
        <outputCreationSequence>1.0</outputCreationSequence>
        <outputFieldName>SSPConsumerPremisesDetails:SSPConsumerPremisesAccountId</outputFieldName>
        <outputObjectName>json</outputObjectName>
        <requiredForUpsert>false</requiredForUpsert>
        <upsertKey>false</upsertKey>
    </omniDataTransformItem>
    <omniDataTransformItem>
        <disabled>false</disabled>
        <filterGroup>0.0</filterGroup>
        <globalKey>sfiEnergySelfServiceUpdateConsumerPremisesCustom8102</globalKey>
        <inputFieldName>premiseInfo:premisesId</inputFieldName>
        <inputObjectQuerySequence>0.0</inputObjectQuerySequence>
        <linkedObjectSequence>0.0</linkedObjectSequence>
        <name>sfiEnergySelfServiceUpdateConsumerPremises</name>
        <outputCreationSequence>1.0</outputCreationSequence>
        <outputFieldName>SSPConsumerPremisesDetails:SSPConsumerPremisesId</outputFieldName>
        <outputObjectName>json</outputObjectName>
        <requiredForUpsert>false</requiredForUpsert>
        <upsertKey>false</upsertKey>
    </omniDataTransformItem>
    <outputType>JSON</outputType>
    <previewJsonData>{
  &quot;premiseInfo&quot; : [ {
    &quot;accountrecordType&quot; : &quot;Service&quot;,
    &quot;premiseAccountId&quot; : &quot;0014x00001B9XH0AAN&quot;,
    &quot;premiseAddress&quot; : &quot;112 Ocean Avenue , Amityville , NY , 11701&quot;,
    &quot;premiseCity&quot; : &quot;Amityville&quot;,
    &quot;premiseCountry&quot; : &quot;United States&quot;,
    &quot;premiseName&quot; : &quot;112 Ocean Avenue, Amityville,NY,11701,United States&quot;,
    &quot;premisePostalCode&quot; : &quot;11701&quot;,
    &quot;premiseState&quot; : &quot;NY&quot;,
    &quot;premiseStreet&quot; : &quot;112 Ocean Avenue&quot;,
    &quot;premisesId&quot; : &quot;a3B4x000000PLnFEAW&quot;
  }, {
    &quot;accountrecordType&quot; : &quot;Service&quot;,
    &quot;premiseAccountId&quot; : &quot;0014x00001B9dzpAAB&quot;,
    &quot;premiseAddress&quot; : &quot;112 Ocean Avenue , Amityville , NY , 11701&quot;,
    &quot;premiseCity&quot; : &quot;Amityville&quot;,
    &quot;premiseCountry&quot; : &quot;United States&quot;,
    &quot;premiseName&quot; : &quot;112 Ocean Avenue, Amityville,NY,11701,United States&quot;,
    &quot;premisePostalCode&quot; : &quot;11701&quot;,
    &quot;premiseState&quot; : &quot;NY&quot;,
    &quot;premiseStreet&quot; : &quot;112 Ocean Avenue&quot;,
    &quot;premisesId&quot; : &quot;a3B4x000000PLnFEAW&quot;
  } ]
}</previewJsonData>
    <processSuperBulk>false</processSuperBulk>
    <responseCacheTtlMinutes>0.0</responseCacheTtlMinutes>
    <rollbackOnError>false</rollbackOnError>
    <sourceObject>json</sourceObject>
    <sourceObjectDefault>false</sourceObjectDefault>
    <synchronousProcessThreshold>0.0</synchronousProcessThreshold>
    <type>Transform</type>
    <uniqueName>sfiEnergySelfServiceUpdateConsumerPremises_1</uniqueName>
    <versionNumber>1.0</versionNumber>
    <xmlDeclarationRemoved>false</xmlDeclarationRemoved>
</OmniDataTransform>
