<?xml version="1.0" encoding="UTF-8"?>
<OmniDataTransform xmlns="http://soap.sforce.com/2006/04/metadata">
    <active>false</active>
    <assignmentRulesUsed>false</assignmentRulesUsed>
    <deletedOnSuccess>false</deletedOnSuccess>
    <description>Extracts value from vlocity_cmt__VPLExpress__mdt Object.</description>
    <errorIgnored>false</errorIgnored>
    <fieldLevelSecurityEnabled>false</fieldLevelSecurityEnabled>
    <inputType>JSON</inputType>
    <name>sfiEnergySelfServiceExtractMetaData</name>
    <nullInputsIncludedInOutput>false</nullInputsIncludedInOutput>
    <omniDataTransformItem>
        <disabled>false</disabled>
        <filterGroup>0.0</filterGroup>
        <filterOperator>=</filterOperator>
        <filterValue>SelfServiceUserNameSuffix</filterValue>
        <globalKey>sfiEnergySelfServiceExtractMetaData5186443808918333</globalKey>
        <inputFieldName>DeveloperName</inputFieldName>
        <inputObjectName>vlocity_cmt__VPLExpress__mdt</inputObjectName>
        <inputObjectQuerySequence>1.0</inputObjectQuerySequence>
        <linkedObjectSequence>0.0</linkedObjectSequence>
        <name>sfiEnergySelfServiceExtractMetaData</name>
        <outputCreationSequence>0.0</outputCreationSequence>
        <outputFieldName>MetaData</outputFieldName>
        <outputObjectName>json</outputObjectName>
        <requiredForUpsert>false</requiredForUpsert>
        <upsertKey>false</upsertKey>
    </omniDataTransformItem>
    <omniDataTransformItem>
        <disabled>false</disabled>
        <filterGroup>0.0</filterGroup>
        <globalKey>sfiEnergySelfServiceExtractMetaData5701351951281397</globalKey>
        <inputFieldName>MetaData:vlocity_cmt__Value__c</inputFieldName>
        <inputObjectQuerySequence>0.0</inputObjectQuerySequence>
        <linkedObjectSequence>0.0</linkedObjectSequence>
        <name>sfiEnergySelfServiceExtractMetaData</name>
        <outputCreationSequence>1.0</outputCreationSequence>
        <outputFieldName>value</outputFieldName>
        <outputObjectName>json</outputObjectName>
        <requiredForUpsert>false</requiredForUpsert>
        <upsertKey>false</upsertKey>
    </omniDataTransformItem>
    <outputType>JSON</outputType>
    <previewJsonData>{
  &quot;SelfServiceUserNameSuffix&quot; : &quot;SelfServiceUserNameSuffix&quot;
}</previewJsonData>
    <processSuperBulk>false</processSuperBulk>
    <requiredPermission>sfiEnergySelfServicePermission</requiredPermission>
    <responseCacheTtlMinutes>0.0</responseCacheTtlMinutes>
    <rollbackOnError>false</rollbackOnError>
    <sourceObject>json</sourceObject>
    <sourceObjectDefault>false</sourceObjectDefault>
    <synchronousProcessThreshold>-1.0</synchronousProcessThreshold>
    <type>Extract</type>
    <uniqueName>sfiEnergySelfServiceExtractMetaData_1</uniqueName>
    <versionNumber>1.0</versionNumber>
    <xmlDeclarationRemoved>false</xmlDeclarationRemoved>
</OmniDataTransform>
