<?xml version="1.0" encoding="UTF-8"?>
<OmniDataTransform xmlns="http://soap.sforce.com/2006/04/metadata">
    <active>false</active>
    <assignmentRulesUsed>false</assignmentRulesUsed>
    <deletedOnSuccess>false</deletedOnSuccess>
    <errorIgnored>false</errorIgnored>
    <expectedInputJson>{
  &quot;ServiceAccounts&quot; : [ {
    &quot;PremiseId&quot; : &quot;a3B5g000000PHnzEAG&quot;
  } ]
}</expectedInputJson>
    <expectedOutputJson>{
  &quot;Premises&quot; : [ &quot;a3B5g000000PHnzEAG&quot; ]
}</expectedOutputJson>
    <fieldLevelSecurityEnabled>false</fieldLevelSecurityEnabled>
    <inputType>JSON</inputType>
    <name>sfiEnergyB2bsalesDRTransformPremises</name>
    <nullInputsIncludedInOutput>false</nullInputsIncludedInOutput>
    <omniDataTransformItem>
        <disabled>false</disabled>
        <filterGroup>0.0</filterGroup>
        <globalKey>sfiEnergyB2bsalesDRTransformPremisesCustom1589</globalKey>
        <inputFieldName>FormulaList</inputFieldName>
        <inputObjectQuerySequence>0.0</inputObjectQuerySequence>
        <linkedObjectSequence>0.0</linkedObjectSequence>
        <name>sfiEnergyB2bsalesDRTransformPremises</name>
        <outputCreationSequence>1.0</outputCreationSequence>
        <outputFieldName>Premises</outputFieldName>
        <outputObjectName>json</outputObjectName>
        <requiredForUpsert>false</requiredForUpsert>
        <upsertKey>false</upsertKey>
    </omniDataTransformItem>
    <omniDataTransformItem>
        <disabled>false</disabled>
        <filterGroup>0.0</filterGroup>
        <formulaConverted>var:ServiceAccounts:PremiseId var:BusinessAccounts:PremiseId</formulaConverted>
        <formulaExpression>%ServiceAccounts:PremiseId% ,%BusinessAccounts:PremiseId%</formulaExpression>
        <formulaResultPath>FormulaList</formulaResultPath>
        <formulaSequence>1.0</formulaSequence>
        <globalKey>sfiEnergyB2bsalesDRTransformPremisesCustom4989</globalKey>
        <inputObjectQuerySequence>0.0</inputObjectQuerySequence>
        <linkedObjectSequence>0.0</linkedObjectSequence>
        <name>sfiEnergyB2bsalesDRTransformPremises</name>
        <outputCreationSequence>0.0</outputCreationSequence>
        <outputFieldName>Formula</outputFieldName>
        <outputObjectName>Formula</outputObjectName>
        <requiredForUpsert>false</requiredForUpsert>
        <upsertKey>false</upsertKey>
    </omniDataTransformItem>
    <outputType>JSON</outputType>
    <previewJsonData>{
  &quot;ServiceAccounts&quot; : [ {
    &quot;PremiseId&quot; : &quot;a3E5f000000wy9VEAQ&quot;
  }, {
    &quot;PremiseId&quot; : &quot;a3E5f000000wy9VEAW&quot;
  } ]
}</previewJsonData>
    <processSuperBulk>false</processSuperBulk>
    <responseCacheTtlMinutes>0.0</responseCacheTtlMinutes>
    <rollbackOnError>false</rollbackOnError>
    <sourceObject>json</sourceObject>
    <sourceObjectDefault>false</sourceObjectDefault>
    <synchronousProcessThreshold>0.0</synchronousProcessThreshold>
    <type>Transform</type>
    <uniqueName>sfiEnergyB2bsalesDRTransformPremises_1</uniqueName>
    <versionNumber>1.0</versionNumber>
    <xmlDeclarationRemoved>false</xmlDeclarationRemoved>
</OmniDataTransform>
