<?xml version="1.0" encoding="UTF-8"?>
<OmniDataTransform xmlns="http://soap.sforce.com/2006/04/metadata">
    <active>false</active>
    <assignmentRulesUsed>false</assignmentRulesUsed>
    <deletedOnSuccess>false</deletedOnSuccess>
    <errorIgnored>false</errorIgnored>
    <expectedInputJson>{
  &quot;ContextId&quot; : &quot;&quot;,
  &quot;timeStamp&quot; : &quot;2016-01-21T19:12:50.271Z&quot;,
  &quot;userName&quot; : &quot;bzhantelco2@vlocity.com&quot;,
  &quot;userProfile&quot; : &quot;System Administrator&quot;,
  &quot;vlcPersistentComponent&quot; : { },
  &quot;vlcTimeTracking&quot; : { },
  &quot;Step 1&quot; : {
    &quot;Terminate Date&quot; : &quot;2016-01-31T08:00:00.000Z&quot;,
    &quot;Terminate Type&quot; : &quot;With Cause&quot;,
    &quot;Terminate Reason&quot; : &quot;Customer Not Compliance&quot;
  }
}</expectedInputJson>
    <fieldLevelSecurityEnabled>false</fieldLevelSecurityEnabled>
    <inputType>JSON</inputType>
    <name>TerminateContract</name>
    <nullInputsIncludedInOutput>false</nullInputsIncludedInOutput>
    <omniDataTransformItem>
        <disabled>false</disabled>
        <filterGroup>0.0</filterGroup>
        <globalKey>Terminate ContractCustom4057</globalKey>
        <inputFieldName>Step 1:Terminate Date</inputFieldName>
        <inputObjectName>json</inputObjectName>
        <inputObjectQuerySequence>0.0</inputObjectQuerySequence>
        <linkedObjectSequence>0.0</linkedObjectSequence>
        <name>TerminateContract</name>
        <outputCreationSequence>1.0</outputCreationSequence>
        <outputFieldName>vlocity_cmt__TerminateDate__c</outputFieldName>
        <outputObjectName>Contract</outputObjectName>
        <requiredForUpsert>false</requiredForUpsert>
        <upsertKey>false</upsertKey>
    </omniDataTransformItem>
    <omniDataTransformItem>
        <disabled>false</disabled>
        <filterGroup>0.0</filterGroup>
        <globalKey>Terminate ContractCustom7057</globalKey>
        <inputFieldName>Step 1:Terminate Reason</inputFieldName>
        <inputObjectName>json</inputObjectName>
        <inputObjectQuerySequence>0.0</inputObjectQuerySequence>
        <linkedObjectSequence>0.0</linkedObjectSequence>
        <name>TerminateContract</name>
        <outputCreationSequence>1.0</outputCreationSequence>
        <outputFieldName>vlocity_cmt__TerminationReason__c</outputFieldName>
        <outputObjectName>Contract</outputObjectName>
        <requiredForUpsert>false</requiredForUpsert>
        <upsertKey>false</upsertKey>
    </omniDataTransformItem>
    <omniDataTransformItem>
        <disabled>false</disabled>
        <filterGroup>0.0</filterGroup>
        <globalKey>Terminate ContractCustom8344</globalKey>
        <inputFieldName>ContextId</inputFieldName>
        <inputObjectName>json</inputObjectName>
        <inputObjectQuerySequence>0.0</inputObjectQuerySequence>
        <linkedObjectSequence>0.0</linkedObjectSequence>
        <name>TerminateContract</name>
        <outputCreationSequence>1.0</outputCreationSequence>
        <outputFieldName>Id</outputFieldName>
        <outputObjectName>Contract</outputObjectName>
        <requiredForUpsert>false</requiredForUpsert>
        <upsertKey>true</upsertKey>
    </omniDataTransformItem>
    <omniDataTransformItem>
        <disabled>false</disabled>
        <filterGroup>0.0</filterGroup>
        <globalKey>Terminate ContractCustom2137</globalKey>
        <inputFieldName>Step 1:Terminate Type</inputFieldName>
        <inputObjectName>json</inputObjectName>
        <inputObjectQuerySequence>0.0</inputObjectQuerySequence>
        <linkedObjectSequence>0.0</linkedObjectSequence>
        <name>TerminateContract</name>
        <outputCreationSequence>1.0</outputCreationSequence>
        <outputFieldName>vlocity_cmt__TerminationType__c</outputFieldName>
        <outputObjectName>Contract</outputObjectName>
        <requiredForUpsert>false</requiredForUpsert>
        <upsertKey>false</upsertKey>
    </omniDataTransformItem>
    <outputType>SObject</outputType>
    <previewJsonData>{
  &quot;ContextId&quot; : &quot;&quot;,
  &quot;timeStamp&quot; : &quot;2016-01-21T19:12:50.271Z&quot;,
  &quot;userName&quot; : &quot;bzhantelco2@vlocity.com&quot;,
  &quot;userProfile&quot; : &quot;System Administrator&quot;,
  &quot;vlcPersistentComponent&quot; : { },
  &quot;vlcTimeTracking&quot; : { },
  &quot;Step 1&quot; : {
    &quot;Terminate Date&quot; : &quot;2016-01-31T08:00:00.000Z&quot;,
    &quot;Terminate Type&quot; : &quot;With Cause&quot;,
    &quot;Terminate Reason&quot; : &quot;Customer Not Compliance&quot;
  }
}</previewJsonData>
    <processSuperBulk>false</processSuperBulk>
    <responseCacheTtlMinutes>0.0</responseCacheTtlMinutes>
    <rollbackOnError>false</rollbackOnError>
    <sourceObject>json</sourceObject>
    <sourceObjectDefault>false</sourceObjectDefault>
    <synchronousProcessThreshold>0.0</synchronousProcessThreshold>
    <type>Load</type>
    <uniqueName>TerminateContract_1</uniqueName>
    <versionNumber>1.0</versionNumber>
    <xmlDeclarationRemoved>false</xmlDeclarationRemoved>
</OmniDataTransform>
