<?xml version="1.0" encoding="UTF-8"?>
<OmniDataTransform xmlns="http://soap.sforce.com/2006/04/metadata">
    <active>false</active>
    <assignmentRulesUsed>false</assignmentRulesUsed>
    <deletedOnSuccess>false</deletedOnSuccess>
    <errorIgnored>false</errorIgnored>
    <expectedInputJson>{
  &quot;ContractId&quot; : &quot;&quot;,
  &quot;FrameContractCount&quot; : 2,
  &quot;errorDetails&quot; : &quot;&quot;,
  &quot;errorInfo&quot; : &quot;&quot;,
  &quot;errorOK&quot; : &quot;&quot;,
  &quot;ContractStatus&quot; : &quot;Draft&quot;,
  &quot;VersionStatus&quot; : &quot;Active&quot;,
  &quot;isFrameContract&quot; : true,
  &quot;AccountId&quot; : &quot;001f400000R8I3eAAF&quot;,
  &quot;OrderId&quot; : &quot;801f4000001V6RU&quot;,
  &quot;EffectiveEndDate&quot; : &quot;2019-02-25&quot;,
  &quot;Order&quot; : {
    &quot;FrameContractCount&quot; : 2,
    &quot;DeactivatedDiscounts&quot; : {
      &quot;Id&quot; : &quot;a41f4000000e99vAAA&quot;
    },
    &quot;FrameContract&quot; : [ {
      &quot;Version&quot; : {
        &quot;Discount&quot; : [ {
          &quot;DiscountPricing&quot; : [ {
            &quot;Name&quot; : &quot;TEST ORDER DISCOUNT PRICING1&quot;,
            &quot;TimePolicyId&quot; : &quot;a3Af40000009YaJEAU&quot;,
            &quot;TimePlanId&quot; : &quot;a39f4000000R2vhAAC&quot;,
            &quot;PricingVariableId&quot; : &quot;a2rf4000000Qwz7AAC&quot;,
            &quot;Amount&quot; : 10,
            &quot;AdjustmentValue&quot; : 100
          }, {
            &quot;Name&quot; : &quot;TEST ORDER DISCOUNT PRICING1&quot;,
            &quot;TimePolicyId&quot; : &quot;a3Af40000009YaJEAU&quot;,
            &quot;TimePlanId&quot; : &quot;a39f4000000R2vhAAC&quot;,
            &quot;PricingVariableId&quot; : &quot;a2rf4000000Qwz7AAC&quot;,
            &quot;Amount&quot; : 10,
            &quot;AdjustmentValue&quot; : 100
          } ],
          &quot;DiscountItem&quot; : [ {
            &quot;Name&quot; : &quot;TEST ORDER DISCOUNT ITEM1&quot;,
            &quot;ProductId&quot; : &quot;01tf4000003hmOdAAI&quot;,
            &quot;Description&quot; : &quot;TEST ORDER DISCOUNT ITEM1&quot;,
            &quot;CatalogCategoryId&quot; : &quot;a0Ff4000003W2I7EAK&quot;
          }, {
            &quot;Name&quot; : &quot;TEST ORDER DISCOUNT ITEM1&quot;,
            &quot;ProductId&quot; : &quot;01tf4000003hmOdAAI&quot;,
            &quot;Description&quot; : &quot;TEST ORDER DISCOUNT ITEM1&quot;,
            &quot;CatalogCategoryId&quot; : &quot;a0Ff4000003W2I7EAK&quot;
          } ],
          &quot;Description&quot; : &quot;TEST ORDER DISCOUNT 1 DESCRIPTIONS&quot;,
          &quot;AppliesToAllItems&quot; : true,
          &quot;Name&quot; : &quot;TestOrderDiscount1&quot;,
          &quot;ReferenceNumber&quot; : &quot;lwkdalkmsdlk&quot;,
          &quot;EffectiveStartDate&quot; : &quot;2019-01-21T21:13:00.000Z&quot;,
          &quot;EffectiveEndDate&quot; : &quot;2020-01-21T21:13:00.000Z&quot;,
          &quot;TemplateId&quot; : &quot;a2yf4000000unwXAAQ&quot;
        }, {
          &quot;DiscountPricing&quot; : [ {
            &quot;Name&quot; : &quot;TEST ORDER DISCOUNT PRICING2&quot;,
            &quot;TimePolicyId&quot; : &quot;a3Af40000009YaJEAU&quot;,
            &quot;TimePlanId&quot; : &quot;a39f4000000R2vhAAC&quot;,
            &quot;PricingVariableId&quot; : &quot;a2rf4000000Qwz7AAC&quot;,
            &quot;Amount&quot; : 99,
            &quot;AdjustmentValue&quot; : 2000
          }, {
            &quot;Name&quot; : &quot;TEST ORDER DISCOUNT PRICING2&quot;,
            &quot;TimePolicyId&quot; : &quot;a3Af40000009YaJEAU&quot;,
            &quot;TimePlanId&quot; : &quot;a39f4000000R2vhAAC&quot;,
            &quot;PricingVariableId&quot; : &quot;a2rf4000000Qwz7AAC&quot;,
            &quot;Amount&quot; : 99,
            &quot;AdjustmentValue&quot; : 2000
          } ],
          &quot;DiscountItem&quot; : [ {
            &quot;Name&quot; : &quot;TEST ORDER DISCOUNT ITEM--2&quot;,
            &quot;ProductId&quot; : &quot;01tf4000003hmOdAAI&quot;,
            &quot;Description&quot; : &quot;TEST ORDER DISCOUNT ITEM2&quot;,
            &quot;CatalogCategoryId&quot; : &quot;a0Ff4000003W2I7EAK&quot;
          }, {
            &quot;Name&quot; : &quot;TEST ORDER DISCOUNT ITEM--2&quot;,
            &quot;ProductId&quot; : &quot;01tf4000003hmOdAAI&quot;,
            &quot;Description&quot; : &quot;TEST ORDER DISCOUNT ITEM2&quot;,
            &quot;CatalogCategoryId&quot; : &quot;a0Ff4000003W2I7EAK&quot;
          } ],
          &quot;Description&quot; : &quot;TEST ORDER DISCOUNT 1 DESCRIPTIONS&quot;,
          &quot;AppliesToAllItems&quot; : true,
          &quot;Name&quot; : &quot;TestOrderDiscount2&quot;,
          &quot;ReferenceNumber&quot; : &quot;lwkdalkmsdlk&quot;,
          &quot;EffectiveStartDate&quot; : &quot;2019-01-21T21:13:00.000Z&quot;
        } ],
        &quot;DocumentCeationSource&quot; : &quot;Generate&quot;
      },
      &quot;Status&quot; : &quot;Draft&quot;,
      &quot;Id&quot; : &quot;800f4000000dapXAAQ&quot;
    }, {
      &quot;Version&quot; : {
        &quot;Discount&quot; : [ {
          &quot;DiscountPricing&quot; : [ {
            &quot;Name&quot; : &quot;TEST ORDER DISCOUNT PRICING1&quot;,
            &quot;TimePolicyId&quot; : &quot;a3Af40000009YaJEAU&quot;,
            &quot;TimePlanId&quot; : &quot;a39f4000000R2vhAAC&quot;,
            &quot;PricingVariableId&quot; : &quot;a2rf4000000Qwz7AAC&quot;,
            &quot;Amount&quot; : 10,
            &quot;AdjustmentValue&quot; : 100
          }, {
            &quot;Name&quot; : &quot;TEST ORDER DISCOUNT PRICING1&quot;,
            &quot;TimePolicyId&quot; : &quot;a3Af40000009YaJEAU&quot;,
            &quot;TimePlanId&quot; : &quot;a39f4000000R2vhAAC&quot;,
            &quot;PricingVariableId&quot; : &quot;a2rf4000000Qwz7AAC&quot;,
            &quot;Amount&quot; : 10,
            &quot;AdjustmentValue&quot; : 100
          } ],
          &quot;DiscountItem&quot; : [ {
            &quot;Name&quot; : &quot;TEST ORDER DISCOUNT ITEM1&quot;,
            &quot;ProductId&quot; : &quot;01tf4000003hmOdAAI&quot;,
            &quot;Description&quot; : &quot;TEST ORDER DISCOUNT ITEM1&quot;,
            &quot;CatalogCategoryId&quot; : &quot;a0Ff4000003W2I7EAK&quot;
          }, {
            &quot;Name&quot; : &quot;TEST ORDER DISCOUNT ITEM1&quot;,
            &quot;ProductId&quot; : &quot;01tf4000003hmOdAAI&quot;,
            &quot;Description&quot; : &quot;TEST ORDER DISCOUNT ITEM1&quot;,
            &quot;CatalogCategoryId&quot; : &quot;a0Ff4000003W2I7EAK&quot;
          } ],
          &quot;Description&quot; : &quot;TEST ORDER DISCOUNT 1 DESCRIPTIONS&quot;,
          &quot;AppliesToAllItems&quot; : true,
          &quot;Name&quot; : &quot;TestOrderDiscount1&quot;,
          &quot;ReferenceNumber&quot; : &quot;lwkdalkmsdlk&quot;,
          &quot;EffectiveStartDate&quot; : &quot;2019-01-21T21:13:00.000Z&quot;,
          &quot;EffectiveEndDate&quot; : &quot;2020-01-21T21:13:00.000Z&quot;,
          &quot;TemplateId&quot; : &quot;a2yf4000000unwXAAQ&quot;
        }, {
          &quot;DiscountPricing&quot; : [ {
            &quot;Name&quot; : &quot;TEST ORDER DISCOUNT PRICING2&quot;,
            &quot;TimePolicyId&quot; : &quot;a3Af40000009YaJEAU&quot;,
            &quot;TimePlanId&quot; : &quot;a39f4000000R2vhAAC&quot;,
            &quot;PricingVariableId&quot; : &quot;a2rf4000000Qwz7AAC&quot;,
            &quot;Amount&quot; : 99,
            &quot;AdjustmentValue&quot; : 2000
          }, {
            &quot;Name&quot; : &quot;TEST ORDER DISCOUNT PRICING2&quot;,
            &quot;TimePolicyId&quot; : &quot;a3Af40000009YaJEAU&quot;,
            &quot;TimePlanId&quot; : &quot;a39f4000000R2vhAAC&quot;,
            &quot;PricingVariableId&quot; : &quot;a2rf4000000Qwz7AAC&quot;,
            &quot;Amount&quot; : 99,
            &quot;AdjustmentValue&quot; : 2000
          } ],
          &quot;DiscountItem&quot; : [ {
            &quot;Name&quot; : &quot;TEST ORDER DISCOUNT ITEM--2&quot;,
            &quot;ProductId&quot; : &quot;01tf4000003hmOdAAI&quot;,
            &quot;Description&quot; : &quot;TEST ORDER DISCOUNT ITEM2&quot;,
            &quot;CatalogCategoryId&quot; : &quot;a0Ff4000003W2I7EAK&quot;
          }, {
            &quot;Name&quot; : &quot;TEST ORDER DISCOUNT ITEM--2&quot;,
            &quot;ProductId&quot; : &quot;01tf4000003hmOdAAI&quot;,
            &quot;Description&quot; : &quot;TEST ORDER DISCOUNT ITEM2&quot;,
            &quot;CatalogCategoryId&quot; : &quot;a0Ff4000003W2I7EAK&quot;
          } ],
          &quot;Description&quot; : &quot;TEST ORDER DISCOUNT 1 DESCRIPTIONS&quot;,
          &quot;AppliesToAllItems&quot; : true,
          &quot;Name&quot; : &quot;TestOrderDiscount2&quot;,
          &quot;ReferenceNumber&quot; : &quot;lwkdalkmsdlk&quot;,
          &quot;EffectiveStartDate&quot; : &quot;2019-01-21T21:13:00.000Z&quot;
        } ],
        &quot;DocumentTemplateId&quot; : &quot;a0Xf4000002iBDVEA2&quot;,
        &quot;DocumentCeationSource&quot; : &quot;Generate&quot;
      },
      &quot;EndDate&quot; : &quot;2021-02-18&quot;,
      &quot;StartDate&quot; : &quot;2019-02-19&quot;,
      &quot;Status&quot; : &quot;Draft&quot;,
      &quot;Id&quot; : &quot;800f4000000dapcAAA&quot;
    } ],
    &quot;Name&quot; : &quot;New Order&quot;,
    &quot;AccountId&quot; : &quot;001f400000R8I3eAAF&quot;
  }
}</expectedInputJson>
    <fieldLevelSecurityEnabled>false</fieldLevelSecurityEnabled>
    <inputType>JSON</inputType>
    <name>UpdateOrderDiscountDate</name>
    <nullInputsIncludedInOutput>false</nullInputsIncludedInOutput>
    <omniDataTransformItem>
        <disabled>true</disabled>
        <filterGroup>0.0</filterGroup>
        <filterOperator>=</filterOperator>
        <globalKey>UpdateOrderDiscountDateCustom7177</globalKey>
        <inputObjectQuerySequence>0.0</inputObjectQuerySequence>
        <linkedObjectSequence>0.0</linkedObjectSequence>
        <migrationValue>FAKEMAPPING</migrationValue>
        <name>UpdateOrderDiscountDate</name>
        <outputCreationSequence>1.0</outputCreationSequence>
        <outputFieldName>Id</outputFieldName>
        <outputObjectName>vlocity_cmt__OrderDiscount__c</outputObjectName>
        <requiredForUpsert>false</requiredForUpsert>
        <upsertKey>false</upsertKey>
    </omniDataTransformItem>
    <omniDataTransformItem>
        <disabled>false</disabled>
        <filterGroup>0.0</filterGroup>
        <globalKey>UpdateOrderDiscountDateCustom5232</globalKey>
        <inputFieldName>EffectiveEndDate</inputFieldName>
        <inputObjectQuerySequence>0.0</inputObjectQuerySequence>
        <linkedObjectSequence>0.0</linkedObjectSequence>
        <name>UpdateOrderDiscountDate</name>
        <outputCreationSequence>1.0</outputCreationSequence>
        <outputFieldName>vlocity_cmt__EffectiveEndDate__c</outputFieldName>
        <outputObjectName>vlocity_cmt__OrderDiscount__c</outputObjectName>
        <requiredForUpsert>false</requiredForUpsert>
        <upsertKey>false</upsertKey>
    </omniDataTransformItem>
    <omniDataTransformItem>
        <disabled>false</disabled>
        <filterGroup>0.0</filterGroup>
        <globalKey>UpdateOrderDiscountDateCustom5569</globalKey>
        <inputFieldName>Order:DeactivatedDiscounts:Id</inputFieldName>
        <inputObjectQuerySequence>0.0</inputObjectQuerySequence>
        <linkedObjectSequence>0.0</linkedObjectSequence>
        <name>UpdateOrderDiscountDate</name>
        <outputCreationSequence>1.0</outputCreationSequence>
        <outputFieldName>Id</outputFieldName>
        <outputObjectName>vlocity_cmt__OrderDiscount__c</outputObjectName>
        <requiredForUpsert>true</requiredForUpsert>
        <upsertKey>true</upsertKey>
    </omniDataTransformItem>
    <outputType>JSON</outputType>
    <previewJsonData>{
  &quot;vlcTimeTracking&quot; : {
    &quot;UpdateOrderDiscountDate&quot; : null,
    &quot;RemoteActionInputMap&quot; : null,
    &quot;CalculateDiscountDates&quot; : null,
    &quot;CopyOldContractDocuments&quot; : null,
    &quot;ResponseAction&quot; : null,
    &quot;UpdateFrameAgreementAndDiscounts&quot; : null,
    &quot;SetValues&quot; : null,
    &quot;SourceData&quot; : null
  },
  &quot;vlcPersistentComponent&quot; : { },
  &quot;userTimeZone&quot; : null,
  &quot;userProfile&quot; : null,
  &quot;userName&quot; : null,
  &quot;userId&quot; : null,
  &quot;timeStamp&quot; : null,
  &quot;ContextId&quot; : null
}</previewJsonData>
    <processSuperBulk>false</processSuperBulk>
    <responseCacheTtlMinutes>0.0</responseCacheTtlMinutes>
    <rollbackOnError>false</rollbackOnError>
    <sourceObject>json</sourceObject>
    <sourceObjectDefault>false</sourceObjectDefault>
    <synchronousProcessThreshold>-1.0</synchronousProcessThreshold>
    <type>Load</type>
    <uniqueName>UpdateOrderDiscountDate_1</uniqueName>
    <versionNumber>1.0</versionNumber>
    <xmlDeclarationRemoved>false</xmlDeclarationRemoved>
</OmniDataTransform>
