<?xml version="1.0" encoding="UTF-8"?>
<OmniDataTransform xmlns="http://soap.sforce.com/2006/04/metadata">
    <active>false</active>
    <assignmentRulesUsed>false</assignmentRulesUsed>
    <deletedOnSuccess>false</deletedOnSuccess>
    <errorIgnored>false</errorIgnored>
    <expectedInputJson>{
  &quot;SelectDestinationAndDate&quot; : {
    &quot;DateTest&quot; : true,
    &quot;FromAccount&quot; : &quot;Grand Hotels &amp; Resorts Ltd&quot;,
    &quot;MoveDateErrorMessage&quot; : true,
    &quot;ToAccount&quot; : &quot;0015g00000F8xelAAB&quot;
  },
  &quot;assetAccount&quot; : {
    &quot;Id&quot; : &quot;0015g00000C6JTWAA3&quot;,
    &quot;Name&quot; : &quot;Grand Hotels &amp; Resorts Ltd&quot;
  },
  &quot;assetId&quot; : &quot;02i5g000000glbWAAQ&quot;,
  &quot;timeStamp&quot; : &quot;2021-06-22T10:47:33.028Z&quot;,
  &quot;userCurrencyCode&quot; : &quot;USD&quot;,
  &quot;userId&quot; : &quot;0055g000007BFFrAAO&quot;,
  &quot;userName&quot; : &quot;vlocity_cmt@vlocity.com&quot;,
  &quot;userProfile&quot; : &quot;System Administrator&quot;,
  &quot;userTimeZone&quot; : &quot;-420&quot;
}</expectedInputJson>
    <fieldLevelSecurityEnabled>false</fieldLevelSecurityEnabled>
    <inputType>JSON</inputType>
    <name>UpdateOrderAccount</name>
    <nullInputsIncludedInOutput>false</nullInputsIncludedInOutput>
    <omniDataTransformItem>
        <disabled>false</disabled>
        <filterGroup>0.0</filterGroup>
        <globalKey>UpdateOrderAccountCustom3349</globalKey>
        <inputFieldName>orderId</inputFieldName>
        <inputObjectQuerySequence>0.0</inputObjectQuerySequence>
        <linkedObjectSequence>0.0</linkedObjectSequence>
        <name>UpdateOrderAccount</name>
        <outputCreationSequence>1.0</outputCreationSequence>
        <outputFieldName>Id</outputFieldName>
        <outputObjectName>Order</outputObjectName>
        <requiredForUpsert>true</requiredForUpsert>
        <upsertKey>true</upsertKey>
    </omniDataTransformItem>
    <omniDataTransformItem>
        <disabled>true</disabled>
        <filterGroup>0.0</filterGroup>
        <filterOperator>=</filterOperator>
        <globalKey>UpdateOrderAccountCustom5383</globalKey>
        <inputObjectQuerySequence>0.0</inputObjectQuerySequence>
        <linkedObjectSequence>0.0</linkedObjectSequence>
        <migrationValue>FAKEMAPPING</migrationValue>
        <name>UpdateOrderAccount</name>
        <outputCreationSequence>1.0</outputCreationSequence>
        <outputFieldName>Id</outputFieldName>
        <outputObjectName>Order</outputObjectName>
        <requiredForUpsert>false</requiredForUpsert>
        <upsertKey>false</upsertKey>
    </omniDataTransformItem>
    <omniDataTransformItem>
        <disabled>false</disabled>
        <filterGroup>0.0</filterGroup>
        <globalKey>UpdateOrderAccountCustom4131</globalKey>
        <inputFieldName>SelectDestinationAndDate:ToAccount</inputFieldName>
        <inputObjectQuerySequence>0.0</inputObjectQuerySequence>
        <linkedObjectSequence>0.0</linkedObjectSequence>
        <name>UpdateOrderAccount</name>
        <outputCreationSequence>1.0</outputCreationSequence>
        <outputFieldName>AccountId</outputFieldName>
        <outputObjectName>Order</outputObjectName>
        <requiredForUpsert>false</requiredForUpsert>
        <upsertKey>false</upsertKey>
    </omniDataTransformItem>
    <outputType>SObject</outputType>
    <previewJsonData>{
  &quot;SelectDestinationAndDate&quot; : {
    &quot;DateTest&quot; : true,
    &quot;FromAccount&quot; : &quot;Grand Hotels &amp; Resorts Ltd&quot;,
    &quot;MoveDateErrorMessage&quot; : true,
    &quot;ToAccount&quot; : &quot;0015g00000C6JTWAA3&quot;
  },
  &quot;assetAccount&quot; : {
    &quot;Id&quot; : &quot;0015g00000C6JTWAA3&quot;,
    &quot;Name&quot; : &quot;Grand Hotels &amp; Resorts Ltd&quot;
  },
  &quot;assetId&quot; : &quot;02i5g000000glbWAAQ&quot;,
  &quot;orderId&quot; : &quot;8015g000000c65qAAA&quot;,
  &quot;timeStamp&quot; : &quot;2021-06-22T10:47:33.028Z&quot;,
  &quot;userCurrencyCode&quot; : &quot;USD&quot;,
  &quot;userId&quot; : &quot;0055g000007BFFrAAO&quot;,
  &quot;userName&quot; : &quot;vlocity_cmt@vlocity.com&quot;,
  &quot;userProfile&quot; : &quot;System Administrator&quot;,
  &quot;userTimeZone&quot; : &quot;-420&quot;
}</previewJsonData>
    <processSuperBulk>false</processSuperBulk>
    <responseCacheTtlMinutes>0.0</responseCacheTtlMinutes>
    <rollbackOnError>false</rollbackOnError>
    <sourceObject>json</sourceObject>
    <sourceObjectDefault>false</sourceObjectDefault>
    <synchronousProcessThreshold>0.0</synchronousProcessThreshold>
    <type>Load</type>
    <uniqueName>UpdateOrderAccount_1</uniqueName>
    <versionNumber>1.0</versionNumber>
    <xmlDeclarationRemoved>false</xmlDeclarationRemoved>
</OmniDataTransform>
