<?xml version="1.0" encoding="UTF-8"?>
<OmniDataTransform xmlns="http://soap.sforce.com/2006/04/metadata">
    <active>false</active>
    <assignmentRulesUsed>false</assignmentRulesUsed>
    <deletedOnSuccess>false</deletedOnSuccess>
    <errorIgnored>false</errorIgnored>
    <expectedInputJson>{
  &quot;ContextId&quot; : &quot;80036000000DD4e&quot;,
  &quot;timeStamp&quot; : &quot;2016-01-20T22:52:21.330Z&quot;,
  &quot;userName&quot; : &quot;qlu_contract_test2@vlocity.com&quot;,
  &quot;userProfile&quot; : &quot;System Administrator&quot;,
  &quot;vlcPersistentComponent&quot; : { },
  &quot;vlcTimeTracking&quot; : {
    &quot;ExtendOrRenew&quot; : 106750,
    &quot;GetContractAndLineItems&quot; : 2547
  },
  &quot;ExtendOrRenew&quot; : {
    &quot;SelectOption&quot; : &quot;Extend&quot;
  },
  &quot;Extend&quot; : {
    &quot;ExtendChoice&quot; : &quot;Date&quot;,
    &quot;ExtendDate&quot; : &quot;2017-08-02T07:00:00.000Z&quot;,
    &quot;ExtendByMonths&quot; : null,
    &quot;CalculatedExtendedTerm&quot; : null,
    &quot;CalculatedExtendedTermByDate&quot; : 6,
    &quot;ExtendedTerm&quot; : 6
  },
  &quot;Contract&quot; : {
    &quot;EndDate&quot; : &quot;2017-01-19&quot;,
    &quot;Name&quot; : &quot;Test2&quot;,
    &quot;Id&quot; : &quot;80036000000DD4eAAG&quot;,
    &quot;AccountId&quot; : &quot;00136000002KYEoAAO&quot;,
    &quot;StartDate&quot; : &quot;2016-01-20&quot;,
    &quot;ContractTerm&quot; : 12
  }
}</expectedInputJson>
    <fieldLevelSecurityEnabled>false</fieldLevelSecurityEnabled>
    <name>UpdateContract</name>
    <nullInputsIncludedInOutput>false</nullInputsIncludedInOutput>
    <omniDataTransformItem>
        <disabled>false</disabled>
        <filterGroup>0.0</filterGroup>
        <globalKey>Update ContractCustom3013</globalKey>
        <inputFieldName>Extend:ExtendedTerm</inputFieldName>
        <inputObjectName>json</inputObjectName>
        <inputObjectQuerySequence>0.0</inputObjectQuerySequence>
        <linkedObjectSequence>0.0</linkedObjectSequence>
        <name>UpdateContract</name>
        <outputCreationSequence>1.0</outputCreationSequence>
        <outputFieldName>ContractTerm</outputFieldName>
        <outputObjectName>Contract</outputObjectName>
        <requiredForUpsert>false</requiredForUpsert>
        <upsertKey>false</upsertKey>
    </omniDataTransformItem>
    <omniDataTransformItem>
        <disabled>false</disabled>
        <filterGroup>0.0</filterGroup>
        <globalKey>Update ContractCustom3184</globalKey>
        <inputFieldName>ContextId</inputFieldName>
        <inputObjectName>json</inputObjectName>
        <inputObjectQuerySequence>0.0</inputObjectQuerySequence>
        <linkedObjectSequence>0.0</linkedObjectSequence>
        <name>UpdateContract</name>
        <outputCreationSequence>1.0</outputCreationSequence>
        <outputFieldName>Id</outputFieldName>
        <outputObjectName>Contract</outputObjectName>
        <requiredForUpsert>false</requiredForUpsert>
        <upsertKey>true</upsertKey>
    </omniDataTransformItem>
    <processSuperBulk>false</processSuperBulk>
    <responseCacheTtlMinutes>0.0</responseCacheTtlMinutes>
    <rollbackOnError>false</rollbackOnError>
    <sourceObject>json</sourceObject>
    <sourceObjectDefault>false</sourceObjectDefault>
    <synchronousProcessThreshold>0.0</synchronousProcessThreshold>
    <type>Load</type>
    <uniqueName>UpdateContract_1</uniqueName>
    <versionNumber>1.0</versionNumber>
    <xmlDeclarationRemoved>false</xmlDeclarationRemoved>
</OmniDataTransform>
