<?xml version="1.0" encoding="UTF-8"?>
<OmniDataTransform xmlns="http://soap.sforce.com/2006/04/metadata">
    <active>false</active>
    <assignmentRulesUsed>false</assignmentRulesUsed>
    <deletedOnSuccess>false</deletedOnSuccess>
    <errorIgnored>false</errorIgnored>
    <expectedInputJson>{
  &quot;ContractId&quot; : &quot;&quot;,
  &quot;FrameContractCount&quot; : 1,
  &quot;errorDetails&quot; : &quot;&quot;,
  &quot;errorInfo&quot; : &quot;&quot;,
  &quot;errorOK&quot; : &quot;&quot;,
  &quot;ContractStatus&quot; : &quot;Draft&quot;,
  &quot;VersionStatus&quot; : &quot;Active&quot;,
  &quot;isFrameContract&quot; : true,
  &quot;AccountId&quot; : &quot;001f400000R8I3eAAF&quot;,
  &quot;QuoteId&quot; : &quot;0Q0f4000000ujY0&quot;,
  &quot;EffectiveEndDate&quot; : &quot;2019-02-25&quot;,
  &quot;Quote&quot; : {
    &quot;FrameContractCount&quot; : 1,
    &quot;DeactivatedDiscounts&quot; : {
      &quot;Id&quot; : &quot;a3uf4000000InZDAA0&quot;
    },
    &quot;FrameContract&quot; : {
      &quot;Version&quot; : {
        &quot;Discount&quot; : [ {
          &quot;AppliesToAllItems&quot; : false,
          &quot;Name&quot; : &quot;Quote Discount4&quot;,
          &quot;ReferenceNumber&quot; : &quot;7777777777&quot;,
          &quot;EffectiveEndDate&quot; : &quot;2020-02-12T22:37:00.000Z&quot;
        }, {
          &quot;DiscountPricing&quot; : {
            &quot;Name&quot; : &quot;sadawad&quot;,
            &quot;TimePolicyId&quot; : &quot;a3Af40000009YaJEAU&quot;,
            &quot;TimePlanId&quot; : &quot;a39f4000000R2vhAAC&quot;,
            &quot;PricingVariableId&quot; : &quot;a2rf4000000Qwz7AAC&quot;,
            &quot;AdjustmentValue&quot; : 600,
            &quot;QuoteDiscountId&quot; : &quot;a3uf4000000Imd6AAC&quot;
          },
          &quot;DiscountItem&quot; : {
            &quot;Name&quot; : &quot;sadads&quot;,
            &quot;ProductId&quot; : &quot;01tf4000003hmOdAAI&quot;,
            &quot;CatalogCategoryId&quot; : &quot;a0Ff4000003W2I7EAK&quot;,
            &quot;QuoteDiscountId&quot; : &quot;a3uf4000000Imd6AAC&quot;
          },
          &quot;AppliesToAllItems&quot; : false,
          &quot;Name&quot; : &quot;Test123344&quot;,
          &quot;ReferenceNumber&quot; : &quot;555555555&quot;
        }, {
          &quot;DiscountPricing&quot; : [ {
            &quot;Name&quot; : &quot;DiscountItem2&quot;,
            &quot;TimePolicyId&quot; : &quot;a3Af40000009YaJEAU&quot;,
            &quot;TimePlanId&quot; : &quot;a39f4000000R2vhAAC&quot;,
            &quot;PricingVariableId&quot; : &quot;a2rf4000000Qwz7AAC&quot;,
            &quot;AdjustmentValue&quot; : 200,
            &quot;QuoteDiscountId&quot; : &quot;a3uf4000000ImcwAAC&quot;
          }, {
            &quot;Name&quot; : &quot;DiscountItem1&quot;,
            &quot;TimePolicyId&quot; : &quot;a3Af40000009YaJEAU&quot;,
            &quot;TimePlanId&quot; : &quot;a39f4000000R2vhAAC&quot;,
            &quot;PricingVariableId&quot; : &quot;a2rf4000000Qwz7AAC&quot;,
            &quot;AdjustmentValue&quot; : 400,
            &quot;QuoteDiscountId&quot; : &quot;a3uf4000000ImcwAAC&quot;
          } ],
          &quot;DiscountItem&quot; : [ {
            &quot;Name&quot; : &quot;Discount PRicing33&quot;,
            &quot;ProductId&quot; : &quot;01tf4000001opAuAAI&quot;,
            &quot;CatalogCategoryId&quot; : &quot;a0Ff4000003W2I7EAK&quot;,
            &quot;QuoteDiscountId&quot; : &quot;a3uf4000000ImcwAAC&quot;
          }, {
            &quot;Name&quot; : &quot;Discount PRicing&quot;,
            &quot;ProductId&quot; : &quot;01tf4000001opAuAAI&quot;,
            &quot;CatalogCategoryId&quot; : &quot;a0Ff4000003W2I7EAK&quot;,
            &quot;QuoteDiscountId&quot; : &quot;a3uf4000000ImcwAAC&quot;
          } ],
          &quot;AppliesToAllItems&quot; : true,
          &quot;Name&quot; : &quot;Discount111&quot;,
          &quot;ReferenceNumber&quot; : &quot;111111111&quot;,
          &quot;EffectiveStartDate&quot; : &quot;2019-02-01T17:57:00.000Z&quot;,
          &quot;EffectiveEndDate&quot; : &quot;2019-02-27T21:38:00.000Z&quot;
        }, {
          &quot;DiscountPricing&quot; : [ {
            &quot;Name&quot; : &quot;DiscountPricng3&quot;,
            &quot;TimePolicyId&quot; : &quot;a3Af40000009YaJEAU&quot;,
            &quot;TimePlanId&quot; : &quot;a39f4000000R2vhAAC&quot;,
            &quot;PricingVariableId&quot; : &quot;a2rf4000000Qwz7AAC&quot;,
            &quot;AdjustmentValue&quot; : 600,
            &quot;QuoteDiscountId&quot; : &quot;a3uf4000000Imd1AAC&quot;
          }, {
            &quot;Name&quot; : &quot;DiscountPricng11&quot;,
            &quot;TimePolicyId&quot; : &quot;a3Af40000009YaJEAU&quot;,
            &quot;TimePlanId&quot; : &quot;a39f4000000R2vhAAC&quot;,
            &quot;PricingVariableId&quot; : &quot;a2rf4000000Qwz7AAC&quot;,
            &quot;AdjustmentValue&quot; : 600,
            &quot;QuoteDiscountId&quot; : &quot;a3uf4000000Imd1AAC&quot;
          } ],
          &quot;DiscountItem&quot; : [ {
            &quot;Name&quot; : &quot;Item444&quot;,
            &quot;ProductId&quot; : &quot;01tf4000003hWubAAE&quot;,
            &quot;CatalogCategoryId&quot; : &quot;a0Ff4000003W2I7EAK&quot;,
            &quot;QuoteDiscountId&quot; : &quot;a3uf4000000Imd1AAC&quot;
          }, {
            &quot;Name&quot; : &quot;Item22&quot;,
            &quot;ProductId&quot; : &quot;01tf4000003hmOdAAI&quot;,
            &quot;CatalogCategoryId&quot; : &quot;a0Ff4000003W2I7EAK&quot;,
            &quot;QuoteDiscountId&quot; : &quot;a3uf4000000Imd1AAC&quot;
          } ],
          &quot;AppliesToAllItems&quot; : false,
          &quot;Name&quot; : &quot;Discount2222&quot;,
          &quot;ReferenceNumber&quot; : &quot;2222222&quot;,
          &quot;EffectiveStartDate&quot; : &quot;2019-02-01T17:57:00.000Z&quot;,
          &quot;EffectiveEndDate&quot; : &quot;2020-02-11T20:40:00.000Z&quot;
        } ],
        &quot;CreationSource&quot; : &quot;Generate&quot;,
        &quot;TemplateId&quot; : &quot;a0Xf4000002K2CIEA0&quot;
      },
      &quot;EndDate&quot; : &quot;2020-02-20&quot;,
      &quot;StartDate&quot; : &quot;2019-02-21&quot;,
      &quot;Id&quot; : &quot;800f4000000daoeAAA&quot;,
      &quot;Status&quot; : &quot;Draft&quot;
    },
    &quot;AccountId&quot; : &quot;001f400000R8I3eAAF&quot;,
    &quot;Name&quot; : &quot;New Quote4&quot;
  }
}</expectedInputJson>
    <fieldLevelSecurityEnabled>false</fieldLevelSecurityEnabled>
    <inputType>JSON</inputType>
    <name>UpdateQuoteDiscountDate</name>
    <nullInputsIncludedInOutput>false</nullInputsIncludedInOutput>
    <omniDataTransformItem>
        <disabled>false</disabled>
        <filterGroup>0.0</filterGroup>
        <globalKey>UpdateQuoteDiscountDateCustom718</globalKey>
        <inputFieldName>EffectiveEndDate</inputFieldName>
        <inputObjectQuerySequence>0.0</inputObjectQuerySequence>
        <linkedObjectSequence>0.0</linkedObjectSequence>
        <name>UpdateQuoteDiscountDate</name>
        <outputCreationSequence>1.0</outputCreationSequence>
        <outputFieldName>vlocity_cmt__EffectiveEndDate__c</outputFieldName>
        <outputObjectName>vlocity_cmt__QuoteDiscount__c</outputObjectName>
        <requiredForUpsert>false</requiredForUpsert>
        <upsertKey>false</upsertKey>
    </omniDataTransformItem>
    <omniDataTransformItem>
        <disabled>false</disabled>
        <filterGroup>0.0</filterGroup>
        <globalKey>UpdateQuoteDiscountDateCustom2448</globalKey>
        <inputFieldName>Quote:DeactivatedDiscounts:Id</inputFieldName>
        <inputObjectQuerySequence>0.0</inputObjectQuerySequence>
        <linkedObjectSequence>0.0</linkedObjectSequence>
        <name>UpdateQuoteDiscountDate</name>
        <outputCreationSequence>1.0</outputCreationSequence>
        <outputFieldName>Id</outputFieldName>
        <outputObjectName>vlocity_cmt__QuoteDiscount__c</outputObjectName>
        <requiredForUpsert>true</requiredForUpsert>
        <upsertKey>true</upsertKey>
    </omniDataTransformItem>
    <omniDataTransformItem>
        <disabled>true</disabled>
        <filterGroup>0.0</filterGroup>
        <filterOperator>=</filterOperator>
        <globalKey>UpdateQuoteDiscountDateCustom5491</globalKey>
        <inputObjectQuerySequence>0.0</inputObjectQuerySequence>
        <linkedObjectSequence>0.0</linkedObjectSequence>
        <migrationValue>FAKEMAPPING</migrationValue>
        <name>UpdateQuoteDiscountDate</name>
        <outputCreationSequence>1.0</outputCreationSequence>
        <outputFieldName>Id</outputFieldName>
        <outputObjectName>vlocity_cmt__QuoteDiscount__c</outputObjectName>
        <requiredForUpsert>false</requiredForUpsert>
        <upsertKey>false</upsertKey>
    </omniDataTransformItem>
    <outputType>JSON</outputType>
    <previewJsonData>{
  &quot;vlcTimeTracking&quot; : {
    &quot;UpdateQuoteDiscountDate&quot; : null,
    &quot;CalculateDiscountDates&quot; : null,
    &quot;RemoteActionInputMap&quot; : null,
    &quot;CopyOldContractDocuments&quot; : null,
    &quot;ResponseAction&quot; : null,
    &quot;UpdateFrameAgreementAndDiscounts&quot; : null,
    &quot;SetValues&quot; : null,
    &quot;SourceData&quot; : null
  },
  &quot;vlcPersistentComponent&quot; : { },
  &quot;userTimeZone&quot; : null,
  &quot;userProfile&quot; : null,
  &quot;userName&quot; : null,
  &quot;userId&quot; : null,
  &quot;timeStamp&quot; : null,
  &quot;ContextId&quot; : null
}</previewJsonData>
    <processSuperBulk>false</processSuperBulk>
    <responseCacheTtlMinutes>0.0</responseCacheTtlMinutes>
    <rollbackOnError>false</rollbackOnError>
    <sourceObject>json</sourceObject>
    <sourceObjectDefault>false</sourceObjectDefault>
    <synchronousProcessThreshold>-1.0</synchronousProcessThreshold>
    <type>Load</type>
    <uniqueName>UpdateQuoteDiscountDate_1</uniqueName>
    <versionNumber>1.0</versionNumber>
    <xmlDeclarationRemoved>false</xmlDeclarationRemoved>
</OmniDataTransform>
