<?xml version="1.0" encoding="UTF-8"?>
<OmniDataTransform xmlns="http://soap.sforce.com/2006/04/metadata">
    <active>false</active>
    <assignmentRulesUsed>false</assignmentRulesUsed>
    <deletedOnSuccess>false</deletedOnSuccess>
    <errorIgnored>false</errorIgnored>
    <expectedInputJson>{
  &quot;ContractId&quot; : &quot;&quot;,
  &quot;FrameContractCount&quot; : null,
  &quot;errorDetails&quot; : &quot;&quot;,
  &quot;errorInfo&quot; : &quot;&quot;,
  &quot;errorOK&quot; : &quot;&quot;,
  &quot;ContractStatus&quot; : &quot;Draft&quot;,
  &quot;VersionStatus&quot; : &quot;Active&quot;,
  &quot;isFrameContract&quot; : true,
  &quot;AccountId&quot; : &quot;001f400000R8I3eAAF&quot;,
  &quot;OpptyId&quot; : &quot;006f400000DGGxc&quot;,
  &quot;EffectiveEndDate&quot; : &quot;2019-02-25&quot;,
  &quot;Order&quot; : {
    &quot;FrameContractCount&quot; : 2
  },
  &quot;Oppty&quot; : {
    &quot;DeactivatedDiscounts&quot; : {
      &quot;Id&quot; : &quot;a42f4000000MCYfAAO&quot;
    },
    &quot;FrameContract&quot; : [ {
      &quot;Version&quot; : {
        &quot;Discount&quot; : [ {
          &quot;EffectiveStartDate&quot; : &quot;2019-02-14T21:25:00.000Z&quot;,
          &quot;AppliesToAllItems&quot; : true,
          &quot;TemplateId&quot; : &quot;a2yf4000000unwXAAQ&quot;,
          &quot;ReferenceNumber&quot; : &quot;77777777&quot;,
          &quot;EffectiveEndDate&quot; : &quot;2020-02-19T21:25:00.000Z&quot;,
          &quot;Name&quot; : &quot;Discount33333&quot;
        }, {
          &quot;DiscountPricing&quot; : [ {
            &quot;Amount&quot; : 12,
            &quot;TimePolicyId&quot; : &quot;a3Af40000009YaJEAU&quot;,
            &quot;Name&quot; : &quot;Discount PRicing11&quot;,
            &quot;TimePlanId&quot; : &quot;a39f4000000R2vhAAC&quot;,
            &quot;OpptyDiscountId&quot; : &quot;a42f4000000MCYQAA4&quot;,
            &quot;PricingVariableId&quot; : &quot;a2rf4000000Qwz7AAC&quot;,
            &quot;AdjustmentValue&quot; : 1000
          }, {
            &quot;Amount&quot; : 12,
            &quot;TimePolicyId&quot; : &quot;a3Af40000009YaJEAU&quot;,
            &quot;Name&quot; : &quot;Discount PRicing11&quot;,
            &quot;TimePlanId&quot; : &quot;a39f4000000R2vhAAC&quot;,
            &quot;OpptyDiscountId&quot; : &quot;a42f4000000MCYQAA4&quot;,
            &quot;PricingVariableId&quot; : &quot;a2rf4000000Qwz7AAC&quot;,
            &quot;AdjustmentValue&quot; : 1000
          } ],
          &quot;DiscountItem&quot; : [ {
            &quot;Name&quot; : &quot;DiscountItem1&quot;,
            &quot;OpptyDiscountId&quot; : &quot;a42f4000000MCYQAA4&quot;,
            &quot;ProductId&quot; : &quot;01tf4000001opAuAAI&quot;,
            &quot;Description&quot; : &quot;sdkjakda&quot;,
            &quot;CatalogCategoryId&quot; : &quot;a0Ff4000003W2I7EAK&quot;
          }, {
            &quot;Name&quot; : &quot;DiscountItem2&quot;,
            &quot;OpptyDiscountId&quot; : &quot;a42f4000000MCYQAA4&quot;,
            &quot;ProductId&quot; : &quot;01tf4000001opAuAAI&quot;,
            &quot;Description&quot; : &quot;sdkjakdascdasds&quot;,
            &quot;CatalogCategoryId&quot; : &quot;a0Ff4000003W2I7EAK&quot;
          }, {
            &quot;Name&quot; : &quot;DiscountItem1&quot;,
            &quot;OpptyDiscountId&quot; : &quot;a42f4000000MCYQAA4&quot;,
            &quot;ProductId&quot; : &quot;01tf4000001opAuAAI&quot;,
            &quot;Description&quot; : &quot;sdkjakda&quot;,
            &quot;CatalogCategoryId&quot; : &quot;a0Ff4000003W2I7EAK&quot;
          }, {
            &quot;Name&quot; : &quot;DiscountItem2&quot;,
            &quot;OpptyDiscountId&quot; : &quot;a42f4000000MCYQAA4&quot;,
            &quot;ProductId&quot; : &quot;01tf4000001opAuAAI&quot;,
            &quot;Description&quot; : &quot;sdkjakdascdasds&quot;,
            &quot;CatalogCategoryId&quot; : &quot;a0Ff4000003W2I7EAK&quot;
          } ],
          &quot;Description&quot; : &quot;sdlaksasdjlasd&quot;,
          &quot;AppliesToAllItems&quot; : true,
          &quot;TemplateId&quot; : &quot;a2yf4000000unwXAAQ&quot;,
          &quot;ReferenceNumber&quot; : &quot;111111111&quot;,
          &quot;Name&quot; : &quot;Discount111&quot;
        }, {
          &quot;DiscountPricing&quot; : [ {
            &quot;TimePolicyId&quot; : &quot;a3Af40000009YaJEAU&quot;,
            &quot;Name&quot; : &quot;Discount PRicing2-1&quot;,
            &quot;TimePlanId&quot; : &quot;a39f4000000R2vhAAC&quot;,
            &quot;OpptyDiscountId&quot; : &quot;a42f4000000MCYVAA4&quot;,
            &quot;PricingVariableId&quot; : &quot;a2rf4000000Qwz7AAC&quot;,
            &quot;AdjustmentValue&quot; : 1000
          }, {
            &quot;TimePolicyId&quot; : &quot;a3Af40000009YaJEAU&quot;,
            &quot;Name&quot; : &quot;Discount PRicing2-2&quot;,
            &quot;TimePlanId&quot; : &quot;a39f4000000R2vhAAC&quot;,
            &quot;OpptyDiscountId&quot; : &quot;a42f4000000MCYVAA4&quot;,
            &quot;PricingVariableId&quot; : &quot;a2rf4000000Qwz7AAC&quot;,
            &quot;AdjustmentValue&quot; : 1000
          }, {
            &quot;TimePolicyId&quot; : &quot;a3Af40000009YaJEAU&quot;,
            &quot;Name&quot; : &quot;Discount PRicing2-1&quot;,
            &quot;TimePlanId&quot; : &quot;a39f4000000R2vhAAC&quot;,
            &quot;OpptyDiscountId&quot; : &quot;a42f4000000MCYVAA4&quot;,
            &quot;PricingVariableId&quot; : &quot;a2rf4000000Qwz7AAC&quot;,
            &quot;AdjustmentValue&quot; : 1000
          }, {
            &quot;TimePolicyId&quot; : &quot;a3Af40000009YaJEAU&quot;,
            &quot;Name&quot; : &quot;Discount PRicing2-2&quot;,
            &quot;TimePlanId&quot; : &quot;a39f4000000R2vhAAC&quot;,
            &quot;OpptyDiscountId&quot; : &quot;a42f4000000MCYVAA4&quot;,
            &quot;PricingVariableId&quot; : &quot;a2rf4000000Qwz7AAC&quot;,
            &quot;AdjustmentValue&quot; : 1000
          } ],
          &quot;DiscountItem&quot; : [ {
            &quot;Name&quot; : &quot;DiscountItem2-2&quot;,
            &quot;OpptyDiscountId&quot; : &quot;a42f4000000MCYVAA4&quot;,
            &quot;ProductId&quot; : &quot;01tf4000003hmOdAAI&quot;,
            &quot;Description&quot; : &quot;slkndekaw&quot;,
            &quot;CatalogCategoryId&quot; : &quot;a0Ff4000003W2I7EAK&quot;
          }, {
            &quot;Name&quot; : &quot;DiscountItem2-2&quot;,
            &quot;OpptyDiscountId&quot; : &quot;a42f4000000MCYVAA4&quot;,
            &quot;ProductId&quot; : &quot;01tf4000003hmOdAAI&quot;,
            &quot;Description&quot; : &quot;slkndekaw&quot;,
            &quot;CatalogCategoryId&quot; : &quot;a0Ff4000003W2I7EAK&quot;
          } ],
          &quot;EffectiveStartDate&quot; : &quot;2019-02-14T21:25:00.000Z&quot;,
          &quot;Description&quot; : &quot;cvxfd&quot;,
          &quot;AppliesToAllItems&quot; : true,
          &quot;TemplateId&quot; : &quot;a2yf4000000unwXAAQ&quot;,
          &quot;ReferenceNumber&quot; : &quot;2222222&quot;,
          &quot;EffectiveEndDate&quot; : &quot;2023-02-15T17:15:00.000Z&quot;,
          &quot;Name&quot; : &quot;Discount2222&quot;
        } ],
        &quot;DocumentTemplateId&quot; : &quot;a0Xf4000002iBDVEA2&quot;,
        &quot;DocumentCreationSource&quot; : &quot;Generate&quot;
      },
      &quot;Status&quot; : &quot;Draft&quot;,
      &quot;Id&quot; : &quot;800f4000000daprAAA&quot;
    }, {
      &quot;Version&quot; : {
        &quot;Discount&quot; : [ {
          &quot;EffectiveStartDate&quot; : &quot;2019-02-14T21:25:00.000Z&quot;,
          &quot;AppliesToAllItems&quot; : true,
          &quot;TemplateId&quot; : &quot;a2yf4000000unwXAAQ&quot;,
          &quot;ReferenceNumber&quot; : &quot;77777777&quot;,
          &quot;EffectiveEndDate&quot; : &quot;2020-02-19T21:25:00.000Z&quot;,
          &quot;Name&quot; : &quot;Discount33333&quot;
        }, {
          &quot;DiscountPricing&quot; : [ {
            &quot;Amount&quot; : 12,
            &quot;TimePolicyId&quot; : &quot;a3Af40000009YaJEAU&quot;,
            &quot;Name&quot; : &quot;Discount PRicing11&quot;,
            &quot;TimePlanId&quot; : &quot;a39f4000000R2vhAAC&quot;,
            &quot;OpptyDiscountId&quot; : &quot;a42f4000000MCYQAA4&quot;,
            &quot;PricingVariableId&quot; : &quot;a2rf4000000Qwz7AAC&quot;,
            &quot;AdjustmentValue&quot; : 1000
          }, {
            &quot;Amount&quot; : 12,
            &quot;TimePolicyId&quot; : &quot;a3Af40000009YaJEAU&quot;,
            &quot;Name&quot; : &quot;Discount PRicing11&quot;,
            &quot;TimePlanId&quot; : &quot;a39f4000000R2vhAAC&quot;,
            &quot;OpptyDiscountId&quot; : &quot;a42f4000000MCYQAA4&quot;,
            &quot;PricingVariableId&quot; : &quot;a2rf4000000Qwz7AAC&quot;,
            &quot;AdjustmentValue&quot; : 1000
          } ],
          &quot;DiscountItem&quot; : [ {
            &quot;Name&quot; : &quot;DiscountItem1&quot;,
            &quot;OpptyDiscountId&quot; : &quot;a42f4000000MCYQAA4&quot;,
            &quot;ProductId&quot; : &quot;01tf4000001opAuAAI&quot;,
            &quot;Description&quot; : &quot;sdkjakda&quot;,
            &quot;CatalogCategoryId&quot; : &quot;a0Ff4000003W2I7EAK&quot;
          }, {
            &quot;Name&quot; : &quot;DiscountItem2&quot;,
            &quot;OpptyDiscountId&quot; : &quot;a42f4000000MCYQAA4&quot;,
            &quot;ProductId&quot; : &quot;01tf4000001opAuAAI&quot;,
            &quot;Description&quot; : &quot;sdkjakdascdasds&quot;,
            &quot;CatalogCategoryId&quot; : &quot;a0Ff4000003W2I7EAK&quot;
          }, {
            &quot;Name&quot; : &quot;DiscountItem1&quot;,
            &quot;OpptyDiscountId&quot; : &quot;a42f4000000MCYQAA4&quot;,
            &quot;ProductId&quot; : &quot;01tf4000001opAuAAI&quot;,
            &quot;Description&quot; : &quot;sdkjakda&quot;,
            &quot;CatalogCategoryId&quot; : &quot;a0Ff4000003W2I7EAK&quot;
          }, {
            &quot;Name&quot; : &quot;DiscountItem2&quot;,
            &quot;OpptyDiscountId&quot; : &quot;a42f4000000MCYQAA4&quot;,
            &quot;ProductId&quot; : &quot;01tf4000001opAuAAI&quot;,
            &quot;Description&quot; : &quot;sdkjakdascdasds&quot;,
            &quot;CatalogCategoryId&quot; : &quot;a0Ff4000003W2I7EAK&quot;
          } ],
          &quot;Description&quot; : &quot;sdlaksasdjlasd&quot;,
          &quot;AppliesToAllItems&quot; : true,
          &quot;TemplateId&quot; : &quot;a2yf4000000unwXAAQ&quot;,
          &quot;ReferenceNumber&quot; : &quot;111111111&quot;,
          &quot;Name&quot; : &quot;Discount111&quot;
        }, {
          &quot;DiscountPricing&quot; : [ {
            &quot;TimePolicyId&quot; : &quot;a3Af40000009YaJEAU&quot;,
            &quot;Name&quot; : &quot;Discount PRicing2-1&quot;,
            &quot;TimePlanId&quot; : &quot;a39f4000000R2vhAAC&quot;,
            &quot;OpptyDiscountId&quot; : &quot;a42f4000000MCYVAA4&quot;,
            &quot;PricingVariableId&quot; : &quot;a2rf4000000Qwz7AAC&quot;,
            &quot;AdjustmentValue&quot; : 1000
          }, {
            &quot;TimePolicyId&quot; : &quot;a3Af40000009YaJEAU&quot;,
            &quot;Name&quot; : &quot;Discount PRicing2-2&quot;,
            &quot;TimePlanId&quot; : &quot;a39f4000000R2vhAAC&quot;,
            &quot;OpptyDiscountId&quot; : &quot;a42f4000000MCYVAA4&quot;,
            &quot;PricingVariableId&quot; : &quot;a2rf4000000Qwz7AAC&quot;,
            &quot;AdjustmentValue&quot; : 1000
          }, {
            &quot;TimePolicyId&quot; : &quot;a3Af40000009YaJEAU&quot;,
            &quot;Name&quot; : &quot;Discount PRicing2-1&quot;,
            &quot;TimePlanId&quot; : &quot;a39f4000000R2vhAAC&quot;,
            &quot;OpptyDiscountId&quot; : &quot;a42f4000000MCYVAA4&quot;,
            &quot;PricingVariableId&quot; : &quot;a2rf4000000Qwz7AAC&quot;,
            &quot;AdjustmentValue&quot; : 1000
          }, {
            &quot;TimePolicyId&quot; : &quot;a3Af40000009YaJEAU&quot;,
            &quot;Name&quot; : &quot;Discount PRicing2-2&quot;,
            &quot;TimePlanId&quot; : &quot;a39f4000000R2vhAAC&quot;,
            &quot;OpptyDiscountId&quot; : &quot;a42f4000000MCYVAA4&quot;,
            &quot;PricingVariableId&quot; : &quot;a2rf4000000Qwz7AAC&quot;,
            &quot;AdjustmentValue&quot; : 1000
          } ],
          &quot;DiscountItem&quot; : [ {
            &quot;Name&quot; : &quot;DiscountItem2-2&quot;,
            &quot;OpptyDiscountId&quot; : &quot;a42f4000000MCYVAA4&quot;,
            &quot;ProductId&quot; : &quot;01tf4000003hmOdAAI&quot;,
            &quot;Description&quot; : &quot;slkndekaw&quot;,
            &quot;CatalogCategoryId&quot; : &quot;a0Ff4000003W2I7EAK&quot;
          }, {
            &quot;Name&quot; : &quot;DiscountItem2-2&quot;,
            &quot;OpptyDiscountId&quot; : &quot;a42f4000000MCYVAA4&quot;,
            &quot;ProductId&quot; : &quot;01tf4000003hmOdAAI&quot;,
            &quot;Description&quot; : &quot;slkndekaw&quot;,
            &quot;CatalogCategoryId&quot; : &quot;a0Ff4000003W2I7EAK&quot;
          } ],
          &quot;EffectiveStartDate&quot; : &quot;2019-02-14T21:25:00.000Z&quot;,
          &quot;Description&quot; : &quot;cvxfd&quot;,
          &quot;AppliesToAllItems&quot; : true,
          &quot;TemplateId&quot; : &quot;a2yf4000000unwXAAQ&quot;,
          &quot;ReferenceNumber&quot; : &quot;2222222&quot;,
          &quot;EffectiveEndDate&quot; : &quot;2023-02-15T17:15:00.000Z&quot;,
          &quot;Name&quot; : &quot;Discount2222&quot;
        } ],
        &quot;DocumentCreationSource&quot; : &quot;Generate&quot;
      },
      &quot;Status&quot; : &quot;Draft&quot;,
      &quot;Id&quot; : &quot;800f4000000dapwAAA&quot;
    } ],
    &quot;AccountId&quot; : &quot;001f400000R8I3eAAF&quot;,
    &quot;Name&quot; : &quot;Test123&quot;
  }
}</expectedInputJson>
    <fieldLevelSecurityEnabled>false</fieldLevelSecurityEnabled>
    <inputType>JSON</inputType>
    <name>UpdateOpptyDiscountDate</name>
    <nullInputsIncludedInOutput>false</nullInputsIncludedInOutput>
    <omniDataTransformItem>
        <disabled>false</disabled>
        <filterGroup>0.0</filterGroup>
        <globalKey>UpdateOpptyDiscountDateCustom3979</globalKey>
        <inputFieldName>Oppty:DeactivatedDiscounts:Id</inputFieldName>
        <inputObjectQuerySequence>0.0</inputObjectQuerySequence>
        <linkedObjectSequence>0.0</linkedObjectSequence>
        <name>UpdateOpptyDiscountDate</name>
        <outputCreationSequence>1.0</outputCreationSequence>
        <outputFieldName>Id</outputFieldName>
        <outputObjectName>vlocity_cmt__OpportunityDiscount__c</outputObjectName>
        <requiredForUpsert>true</requiredForUpsert>
        <upsertKey>true</upsertKey>
    </omniDataTransformItem>
    <omniDataTransformItem>
        <disabled>false</disabled>
        <filterGroup>0.0</filterGroup>
        <globalKey>UpdateOpptyDiscountDateCustom9137</globalKey>
        <inputFieldName>EffectiveEndDate</inputFieldName>
        <inputObjectQuerySequence>0.0</inputObjectQuerySequence>
        <linkedObjectSequence>0.0</linkedObjectSequence>
        <name>UpdateOpptyDiscountDate</name>
        <outputCreationSequence>1.0</outputCreationSequence>
        <outputFieldName>vlocity_cmt__EffectiveEndDate__c</outputFieldName>
        <outputObjectName>vlocity_cmt__OpportunityDiscount__c</outputObjectName>
        <requiredForUpsert>false</requiredForUpsert>
        <upsertKey>false</upsertKey>
    </omniDataTransformItem>
    <omniDataTransformItem>
        <disabled>true</disabled>
        <filterGroup>0.0</filterGroup>
        <filterOperator>=</filterOperator>
        <globalKey>UpdateOpptyDiscountDateCustom7620</globalKey>
        <inputObjectQuerySequence>0.0</inputObjectQuerySequence>
        <linkedObjectSequence>0.0</linkedObjectSequence>
        <migrationValue>FAKEMAPPING</migrationValue>
        <name>UpdateOpptyDiscountDate</name>
        <outputCreationSequence>1.0</outputCreationSequence>
        <outputFieldName>Id</outputFieldName>
        <outputObjectName>vlocity_cmt__OpportunityDiscount__c</outputObjectName>
        <requiredForUpsert>false</requiredForUpsert>
        <upsertKey>false</upsertKey>
    </omniDataTransformItem>
    <outputType>JSON</outputType>
    <previewJsonData>{
  &quot;vlcTimeTracking&quot; : {
    &quot;UpdateOpptyDiscountDate&quot; : null,
    &quot;ResponseAction&quot; : null,
    &quot;SetValues&quot; : null,
    &quot;SourceData&quot; : null
  },
  &quot;vlcPersistentComponent&quot; : { },
  &quot;userTimeZone&quot; : null,
  &quot;userProfile&quot; : null,
  &quot;userName&quot; : null,
  &quot;userId&quot; : null,
  &quot;timeStamp&quot; : null,
  &quot;ContextId&quot; : null
}</previewJsonData>
    <processSuperBulk>false</processSuperBulk>
    <responseCacheTtlMinutes>0.0</responseCacheTtlMinutes>
    <rollbackOnError>false</rollbackOnError>
    <sourceObject>json</sourceObject>
    <sourceObjectDefault>false</sourceObjectDefault>
    <synchronousProcessThreshold>-1.0</synchronousProcessThreshold>
    <type>Load</type>
    <uniqueName>UpdateOpptyDiscountDate_1</uniqueName>
    <versionNumber>1.0</versionNumber>
    <xmlDeclarationRemoved>false</xmlDeclarationRemoved>
</OmniDataTransform>
