<?xml version="1.0" encoding="UTF-8"?>
<OmniDataTransform xmlns="http://soap.sforce.com/2006/04/metadata">
    <active>false</active>
    <assignmentRulesUsed>false</assignmentRulesUsed>
    <deletedOnSuccess>false</deletedOnSuccess>
    <errorIgnored>false</errorIgnored>
    <expectedInputJson>{
  &quot;DRId_Contract&quot; : &quot;80015000000DkzEAAS&quot;,
  &quot;VersionNumber&quot; : &quot;1&quot;
}</expectedInputJson>
    <fieldLevelSecurityEnabled>false</fieldLevelSecurityEnabled>
    <name>UpdateContractVersion</name>
    <nullInputsIncludedInOutput>false</nullInputsIncludedInOutput>
    <omniDataTransformItem>
        <disabled>false</disabled>
        <filterGroup>0.0</filterGroup>
        <globalKey>UpdateContractVersionCustom5867</globalKey>
        <inputFieldName>DRId_Contract</inputFieldName>
        <inputObjectName>json</inputObjectName>
        <inputObjectQuerySequence>0.0</inputObjectQuerySequence>
        <linkedObjectSequence>0.0</linkedObjectSequence>
        <name>UpdateContractVersion</name>
        <outputCreationSequence>1.0</outputCreationSequence>
        <outputFieldName>vlocity_cmt__ContractId__c</outputFieldName>
        <outputObjectName>vlocity_cmt__ContractVersion__c</outputObjectName>
        <requiredForUpsert>false</requiredForUpsert>
        <upsertKey>true</upsertKey>
    </omniDataTransformItem>
    <omniDataTransformItem>
        <disabled>false</disabled>
        <filterGroup>0.0</filterGroup>
        <globalKey>UpdateContractVersionCustom5205</globalKey>
        <inputFieldName>VersionNumber</inputFieldName>
        <inputObjectName>json</inputObjectName>
        <inputObjectQuerySequence>0.0</inputObjectQuerySequence>
        <linkedObjectSequence>0.0</linkedObjectSequence>
        <name>UpdateContractVersion</name>
        <outputCreationSequence>1.0</outputCreationSequence>
        <outputFieldName>vlocity_cmt__VersionNumber__c</outputFieldName>
        <outputObjectName>vlocity_cmt__ContractVersion__c</outputObjectName>
        <requiredForUpsert>false</requiredForUpsert>
        <upsertKey>true</upsertKey>
    </omniDataTransformItem>
    <processSuperBulk>false</processSuperBulk>
    <responseCacheTtlMinutes>0.0</responseCacheTtlMinutes>
    <rollbackOnError>false</rollbackOnError>
    <sourceObject>json</sourceObject>
    <sourceObjectDefault>false</sourceObjectDefault>
    <synchronousProcessThreshold>0.0</synchronousProcessThreshold>
    <type>Load</type>
    <uniqueName>UpdateContractVersion_1</uniqueName>
    <versionNumber>1.0</versionNumber>
    <xmlDeclarationRemoved>false</xmlDeclarationRemoved>
</OmniDataTransform>
