<?xml version="1.0" encoding="UTF-8"?>
<OmniDataTransform xmlns="http://soap.sforce.com/2006/04/metadata">
    <active>false</active>
    <assignmentRulesUsed>false</assignmentRulesUsed>
    <deletedOnSuccess>false</deletedOnSuccess>
    <errorIgnored>false</errorIgnored>
    <fieldLevelSecurityEnabled>false</fieldLevelSecurityEnabled>
    <inputType>JSON</inputType>
    <name>UpdateMemberOrGroupQLI</name>
    <nullInputsIncludedInOutput>false</nullInputsIncludedInOutput>
    <omniDataTransformItem>
        <disabled>false</disabled>
        <filterGroup>0.0</filterGroup>
        <globalKey>UpdateMemberOrGroupQLICustoma1V3g000000elQOEAYItem3</globalKey>
        <inputFieldName>AllRootItems:QLI:Id</inputFieldName>
        <inputObjectQuerySequence>0.0</inputObjectQuerySequence>
        <linkedObjectSequence>0.0</linkedObjectSequence>
        <name>UpdateMemberOrGroupQLI</name>
        <outputCreationSequence>1.0</outputCreationSequence>
        <outputFieldFormat>String</outputFieldFormat>
        <outputFieldName>Id</outputFieldName>
        <outputObjectName>QuoteLineItem</outputObjectName>
        <requiredForUpsert>false</requiredForUpsert>
        <upsertKey>true</upsertKey>
    </omniDataTransformItem>
    <omniDataTransformItem>
        <disabled>true</disabled>
        <filterGroup>0.0</filterGroup>
        <filterOperator>=</filterOperator>
        <globalKey>UpdateMemberOrGroupQLICustoma1V3g000000elQOEAYItem0</globalKey>
        <inputObjectQuerySequence>0.0</inputObjectQuerySequence>
        <linkedObjectSequence>0.0</linkedObjectSequence>
        <migrationValue>FAKEMAPPING</migrationValue>
        <name>UpdateMemberOrGroupQLI</name>
        <outputCreationSequence>1.0</outputCreationSequence>
        <outputFieldName>Id</outputFieldName>
        <outputObjectName>QuoteLineItem</outputObjectName>
        <requiredForUpsert>false</requiredForUpsert>
        <upsertKey>false</upsertKey>
    </omniDataTransformItem>
    <omniDataTransformItem>
        <defaultValue>null</defaultValue>
        <disabled>false</disabled>
        <filterGroup>0.0</filterGroup>
        <globalKey>UpdateMemberOrGroupQLICustoma1V3g000000elQOEAYItem1</globalKey>
        <inputFieldName>GroupId</inputFieldName>
        <inputObjectQuerySequence>0.0</inputObjectQuerySequence>
        <linkedObjectSequence>0.0</linkedObjectSequence>
        <name>UpdateMemberOrGroupQLI</name>
        <outputCreationSequence>1.0</outputCreationSequence>
        <outputFieldFormat>String</outputFieldFormat>
        <outputFieldName>vlocity_cmt__QuoteGroupId__c</outputFieldName>
        <outputObjectName>QuoteLineItem</outputObjectName>
        <requiredForUpsert>false</requiredForUpsert>
        <upsertKey>false</upsertKey>
    </omniDataTransformItem>
    <omniDataTransformItem>
        <defaultValue>null</defaultValue>
        <disabled>false</disabled>
        <filterGroup>0.0</filterGroup>
        <globalKey>UpdateMemberOrGroupQLICustoma1V3g000000elQOEAYItem2</globalKey>
        <inputFieldName>MemberId</inputFieldName>
        <inputObjectQuerySequence>0.0</inputObjectQuerySequence>
        <linkedObjectSequence>0.0</linkedObjectSequence>
        <name>UpdateMemberOrGroupQLI</name>
        <outputCreationSequence>1.0</outputCreationSequence>
        <outputFieldFormat>String</outputFieldFormat>
        <outputFieldName>vlocity_cmt__QuoteMemberId__c</outputFieldName>
        <outputObjectName>QuoteLineItem</outputObjectName>
        <requiredForUpsert>false</requiredForUpsert>
        <upsertKey>false</upsertKey>
    </omniDataTransformItem>
    <outputType>SObject</outputType>
    <previewJsonData>{
  &quot;AllRootItems&quot; : {
    &quot;QLI&quot; : [ {
      &quot;Id&quot; : &quot;0QL4x000000YrJCGA0&quot;,
      &quot;QuoteId&quot; : &quot;0Q04x000000YUbrCAG&quot;
    }, {
      &quot;Id&quot; : &quot;0QL4x000000YrJDGA0&quot;,
      &quot;QuoteId&quot; : &quot;0Q04x000000YUbrCAG&quot;
    }, {
      &quot;Id&quot; : &quot;0QL4x000000YrJEGA0&quot;,
      &quot;QuoteId&quot; : &quot;0Q04x000000YUbrCAG&quot;
    }, {
      &quot;Id&quot; : &quot;0QL4x000000YrJFGA0&quot;,
      &quot;QuoteId&quot; : &quot;0Q04x000000YUbrCAG&quot;
    }, {
      &quot;Id&quot; : &quot;0QL4x000000YrJGGA0&quot;,
      &quot;QuoteId&quot; : &quot;0Q04x000000YUbrCAG&quot;
    }, {
      &quot;Id&quot; : &quot;0QL4x000000YrJHGA0&quot;,
      &quot;QuoteId&quot; : &quot;0Q04x000000YUbrCAG&quot;
    }, {
      &quot;Id&quot; : &quot;0QL4x000000YrJIGA0&quot;,
      &quot;QuoteId&quot; : &quot;0Q04x000000YUbrCAG&quot;
    }, {
      &quot;Id&quot; : &quot;0QL4x000000YrJJGA0&quot;,
      &quot;QuoteId&quot; : &quot;0Q04x000000YUbrCAG&quot;
    }, {
      &quot;Id&quot; : &quot;0QL4x000000YrJKGA0&quot;,
      &quot;QuoteId&quot; : &quot;0Q04x000000YUbrCAG&quot;
    }, {
      &quot;Id&quot; : &quot;0QL4x000000YrJLGA0&quot;,
      &quot;QuoteId&quot; : &quot;0Q04x000000YUbrCAG&quot;
    }, {
      &quot;Id&quot; : &quot;0QL4x000000YrJMGA0&quot;,
      &quot;QuoteId&quot; : &quot;0Q04x000000YUbrCAG&quot;
    }, {
      &quot;Id&quot; : &quot;0QL4x000000YrJNGA0&quot;,
      &quot;QuoteId&quot; : &quot;0Q04x000000YUbrCAG&quot;
    }, {
      &quot;Id&quot; : &quot;0QL4x000000YrJOGA0&quot;,
      &quot;QuoteId&quot; : &quot;0Q04x000000YUbrCAG&quot;
    }, {
      &quot;Id&quot; : &quot;0QL4x000000YrJPGA0&quot;,
      &quot;QuoteId&quot; : &quot;0Q04x000000YUbrCAG&quot;
    }, {
      &quot;Id&quot; : &quot;0QL4x000000YrJQGA0&quot;,
      &quot;QuoteId&quot; : &quot;0Q04x000000YUbrCAG&quot;
    }, {
      &quot;Id&quot; : &quot;0QL4x000000YrJRGA0&quot;,
      &quot;QuoteId&quot; : &quot;0Q04x000000YUbrCAG&quot;
    }, {
      &quot;Id&quot; : &quot;0QL4x000000YrJSGA0&quot;,
      &quot;QuoteId&quot; : &quot;0Q04x000000YUbrCAG&quot;
    }, {
      &quot;Id&quot; : &quot;0QL4x000000YrJTGA0&quot;,
      &quot;QuoteId&quot; : &quot;0Q04x000000YUbrCAG&quot;
    }, {
      &quot;Id&quot; : &quot;0QL4x000000YrJUGA0&quot;,
      &quot;QuoteId&quot; : &quot;0Q04x000000YUbrCAG&quot;
    }, {
      &quot;Id&quot; : &quot;0QL4x000000YrImGAK&quot;,
      &quot;QuoteId&quot; : &quot;0Q04x000000YUbrCAG&quot;
    }, {
      &quot;Id&quot; : &quot;0QL4x000000YrInGAK&quot;,
      &quot;QuoteId&quot; : &quot;0Q04x000000YUbrCAG&quot;
    }, {
      &quot;Id&quot; : &quot;0QL4x000000YrIoGAK&quot;,
      &quot;QuoteId&quot; : &quot;0Q04x000000YUbrCAG&quot;
    }, {
      &quot;Id&quot; : &quot;0QL4x000000YrIpGAK&quot;,
      &quot;QuoteId&quot; : &quot;0Q04x000000YUbrCAG&quot;
    }, {
      &quot;Id&quot; : &quot;0QL4x000000YrIvGAK&quot;,
      &quot;QuoteId&quot; : &quot;0Q04x000000YUbrCAG&quot;
    }, {
      &quot;Id&quot; : &quot;0QL4x000000YrIwGAK&quot;,
      &quot;QuoteId&quot; : &quot;0Q04x000000YUbrCAG&quot;
    }, {
      &quot;Id&quot; : &quot;0QL4x000000YrIxGAK&quot;,
      &quot;QuoteId&quot; : &quot;0Q04x000000YUbrCAG&quot;
    }, {
      &quot;Id&quot; : &quot;0QL4x000000YrIyGAK&quot;,
      &quot;QuoteId&quot; : &quot;0Q04x000000YUbrCAG&quot;
    }, {
      &quot;Id&quot; : &quot;0QL4x000000YrIzGAK&quot;,
      &quot;QuoteId&quot; : &quot;0Q04x000000YUbrCAG&quot;
    }, {
      &quot;Id&quot; : &quot;0QL4x000000YrJ0GAK&quot;,
      &quot;QuoteId&quot; : &quot;0Q04x000000YUbrCAG&quot;
    }, {
      &quot;Id&quot; : &quot;0QL4x000000YrJ1GAK&quot;,
      &quot;QuoteId&quot; : &quot;0Q04x000000YUbrCAG&quot;
    }, {
      &quot;Id&quot; : &quot;0QL4x000000YrJ2GAK&quot;,
      &quot;QuoteId&quot; : &quot;0Q04x000000YUbrCAG&quot;
    }, {
      &quot;Id&quot; : &quot;0QL4x000000YrJ3GAK&quot;,
      &quot;QuoteId&quot; : &quot;0Q04x000000YUbrCAG&quot;
    }, {
      &quot;Id&quot; : &quot;0QL4x000000YrJ4GAK&quot;,
      &quot;QuoteId&quot; : &quot;0Q04x000000YUbrCAG&quot;
    }, {
      &quot;Id&quot; : &quot;0QL4x000000YrJ5GAK&quot;,
      &quot;QuoteId&quot; : &quot;0Q04x000000YUbrCAG&quot;
    }, {
      &quot;Id&quot; : &quot;0QL4x000000YrJ6GAK&quot;,
      &quot;QuoteId&quot; : &quot;0Q04x000000YUbrCAG&quot;
    }, {
      &quot;Id&quot; : &quot;0QL4x000000YrJ7GAK&quot;,
      &quot;QuoteId&quot; : &quot;0Q04x000000YUbrCAG&quot;
    }, {
      &quot;Id&quot; : &quot;0QL4x000000YrJ8GAK&quot;,
      &quot;QuoteId&quot; : &quot;0Q04x000000YUbrCAG&quot;
    }, {
      &quot;Id&quot; : &quot;0QL4x000000YrJ9GAK&quot;,
      &quot;QuoteId&quot; : &quot;0Q04x000000YUbrCAG&quot;
    }, {
      &quot;Id&quot; : &quot;0QL4x000000YrJAGA0&quot;,
      &quot;QuoteId&quot; : &quot;0Q04x000000YUbrCAG&quot;
    }, {
      &quot;Id&quot; : &quot;0QL4x000000YrJBGA0&quot;,
      &quot;QuoteId&quot; : &quot;0Q04x000000YUbrCAG&quot;
    }, {
      &quot;Id&quot; : &quot;0QL4x000000YrIeGAK&quot;,
      &quot;QuoteId&quot; : &quot;0Q04x000000YUbrCAG&quot;
    }, {
      &quot;Id&quot; : &quot;0QL4x000000YzS7GAK&quot;,
      &quot;QuoteId&quot; : &quot;0Q04x000000YUbrCAG&quot;
    }, {
      &quot;Id&quot; : &quot;0QL4x000000YzS8GAK&quot;,
      &quot;QuoteId&quot; : &quot;0Q04x000000YUbrCAG&quot;
    }, {
      &quot;Id&quot; : &quot;0QL4x000000YzSAGA0&quot;,
      &quot;QuoteId&quot; : &quot;0Q04x000000YUbrCAG&quot;
    }, {
      &quot;Id&quot; : &quot;0QL4x000000YzSIGA0&quot;,
      &quot;QuoteId&quot; : &quot;0Q04x000000YUbrCAG&quot;
    }, {
      &quot;Id&quot; : &quot;0QL4x000000YzSJGA0&quot;,
      &quot;QuoteId&quot; : &quot;0Q04x000000YUbrCAG&quot;
    }, {
      &quot;Id&quot; : &quot;0QL4x000000YzSKGA0&quot;,
      &quot;QuoteId&quot; : &quot;0Q04x000000YUbrCAG&quot;
    }, {
      &quot;Id&quot; : &quot;0QL4x000000YzSLGA0&quot;,
      &quot;QuoteId&quot; : &quot;0Q04x000000YUbrCAG&quot;
    }, {
      &quot;Id&quot; : &quot;0QL4x000000YzSMGA0&quot;,
      &quot;QuoteId&quot; : &quot;0Q04x000000YUbrCAG&quot;
    }, {
      &quot;Id&quot; : &quot;0QL4x000000YzSNGA0&quot;,
      &quot;QuoteId&quot; : &quot;0Q04x000000YUbrCAG&quot;
    }, {
      &quot;Id&quot; : &quot;0QL4x000000YzSOGA0&quot;,
      &quot;QuoteId&quot; : &quot;0Q04x000000YUbrCAG&quot;
    } ]
  },
  &quot;MemberId&quot; : &quot;a4t4x000000crbvAAA&quot;
}</previewJsonData>
    <processSuperBulk>false</processSuperBulk>
    <responseCacheTtlMinutes>0.0</responseCacheTtlMinutes>
    <rollbackOnError>false</rollbackOnError>
    <sourceObject>json</sourceObject>
    <sourceObjectDefault>false</sourceObjectDefault>
    <synchronousProcessThreshold>-1.0</synchronousProcessThreshold>
    <type>Load</type>
    <uniqueName>UpdateMemberOrGroupQLI_1</uniqueName>
    <versionNumber>1.0</versionNumber>
    <xmlDeclarationRemoved>false</xmlDeclarationRemoved>
</OmniDataTransform>
