<?xml version="1.0" encoding="UTF-8"?>
<OmniDataTransform xmlns="http://soap.sforce.com/2006/04/metadata">
    <active>false</active>
    <assignmentRulesUsed>false</assignmentRulesUsed>
    <deletedOnSuccess>false</deletedOnSuccess>
    <description>This Data Raptor is used for creating and Updating the Frame Contracts, Contract Documents and Contract Discounts</description>
    <errorIgnored>false</errorIgnored>
    <expectedInputJson>{
  &quot;ContractId&quot; : &quot;&quot;,
  &quot;FrameContractCount&quot; : 1,
  &quot;errorDetails&quot; : &quot;&quot;,
  &quot;errorInfo&quot; : &quot;&quot;,
  &quot;errorOK&quot; : &quot;&quot;,
  &quot;ContractStatus&quot; : &quot;Draft&quot;,
  &quot;VersionStatus&quot; : &quot;Active&quot;,
  &quot;isFrameContract&quot; : true,
  &quot;AccountId&quot; : &quot;001f400000R8I3eAAF&quot;,
  &quot;ContractEffectiveStartDate&quot; : &quot;2019-02-21&quot;,
  &quot;OrderId&quot; : &quot;801f4000001V6RU&quot;,
  &quot;StartDate&quot; : &quot;2019-02-21&quot;,
  &quot;Order&quot; : {
    &quot;FrameContractCount&quot; : 1,
    &quot;FrameContract&quot; : {
      &quot;Version&quot; : {
        &quot;Discount&quot; : [ {
          &quot;DiscountPricing&quot; : {
            &quot;Name&quot; : &quot;TEST ORDER DISCOUNT PRICING1&quot;,
            &quot;TimePolicyId&quot; : &quot;a3Af40000009YaJEAU&quot;,
            &quot;TimePlanId&quot; : &quot;a39f4000000R2vhAAC&quot;,
            &quot;PricingVariableId&quot; : &quot;a2rf4000000Qwz7AAC&quot;,
            &quot;Amount&quot; : 10,
            &quot;AdjustmentValue&quot; : 100
          },
          &quot;DiscountItem&quot; : {
            &quot;Name&quot; : &quot;TEST ORDER DISCOUNT ITEM1&quot;,
            &quot;ProductId&quot; : &quot;01tf4000003hmOdAAI&quot;,
            &quot;Description&quot; : &quot;TEST ORDER DISCOUNT ITEM1&quot;,
            &quot;CatalogCategoryId&quot; : &quot;a0Ff4000003W2I7EAK&quot;
          },
          &quot;Description&quot; : &quot;TEST ORDER DISCOUNT 1 DESCRIPTIONS&quot;,
          &quot;AppliesToAllItems&quot; : true,
          &quot;Name&quot; : &quot;TestOrderDiscount1&quot;,
          &quot;ReferenceNumber&quot; : &quot;lwkdalkmsdlk&quot;,
          &quot;EffectiveStartDate&quot; : &quot;2019-01-21T21:13:00.000Z&quot;,
          &quot;EffectiveEndDate&quot; : &quot;2020-01-21T21:13:00.000Z&quot;,
          &quot;TemplateId&quot; : &quot;a2yf4000000unwXAAQ&quot;
        }, {
          &quot;DiscountPricing&quot; : {
            &quot;Name&quot; : &quot;TEST ORDER DISCOUNT PRICING2&quot;,
            &quot;TimePolicyId&quot; : &quot;a3Af40000009YaJEAU&quot;,
            &quot;TimePlanId&quot; : &quot;a39f4000000R2vhAAC&quot;,
            &quot;PricingVariableId&quot; : &quot;a2rf4000000Qwz7AAC&quot;,
            &quot;Amount&quot; : 99,
            &quot;AdjustmentValue&quot; : 2000
          },
          &quot;DiscountItem&quot; : {
            &quot;Name&quot; : &quot;TEST ORDER DISCOUNT ITEM--2&quot;,
            &quot;ProductId&quot; : &quot;01tf4000003hmOdAAI&quot;,
            &quot;Description&quot; : &quot;TEST ORDER DISCOUNT ITEM2&quot;,
            &quot;CatalogCategoryId&quot; : &quot;a0Ff4000003W2I7EAK&quot;
          },
          &quot;Description&quot; : &quot;TEST ORDER DISCOUNT 1 DESCRIPTIONS&quot;,
          &quot;AppliesToAllItems&quot; : true,
          &quot;Name&quot; : &quot;TestOrderDiscount2&quot;,
          &quot;ReferenceNumber&quot; : &quot;lwkdalkmsdlk&quot;,
          &quot;EffectiveStartDate&quot; : &quot;2019-01-21T21:13:00.000Z&quot;
        } ],
        &quot;DocumentTemplateId&quot; : &quot;a0Xf40000013o0YEAQ&quot;,
        &quot;DocumentCeationSource&quot; : &quot;Generate&quot;
      },
      &quot;Status&quot; : &quot;Draft&quot;,
      &quot;Id&quot; : &quot;800f4000000dapXAAQ&quot;
    },
    &quot;Name&quot; : &quot;New Order&quot;,
    &quot;AccountId&quot; : &quot;001f400000R8I3eAAF&quot;
  }
}</expectedInputJson>
    <fieldLevelSecurityEnabled>false</fieldLevelSecurityEnabled>
    <inputType>JSON</inputType>
    <name>UpdateContractDiscountsOrder</name>
    <nullInputsIncludedInOutput>false</nullInputsIncludedInOutput>
    <omniDataTransformItem>
        <disabled>false</disabled>
        <filterGroup>0.0</filterGroup>
        <globalKey>UpdateContractDiscountsOrderCustoma0Nf4000004AIk9EAGItem10</globalKey>
        <inputFieldName>Order:FrameContract:Id</inputFieldName>
        <inputObjectQuerySequence>0.0</inputObjectQuerySequence>
        <linkedObjectSequence>0.0</linkedObjectSequence>
        <name>UpdateContractDiscountsOrder</name>
        <outputCreationSequence>2.0</outputCreationSequence>
        <outputFieldName>vlocity_cmt__ContractId__c</outputFieldName>
        <outputObjectName>vlocity_cmt__ContractVersion__c</outputObjectName>
        <requiredForUpsert>false</requiredForUpsert>
        <upsertKey>false</upsertKey>
    </omniDataTransformItem>
    <omniDataTransformItem>
        <disabled>false</disabled>
        <filterGroup>0.0</filterGroup>
        <globalKey>UpdateContractDiscountsOrderCustoma0Nf4000004AIk9EAGItem11</globalKey>
        <inputFieldName>VersionStatus</inputFieldName>
        <inputObjectQuerySequence>0.0</inputObjectQuerySequence>
        <linkedObjectSequence>0.0</linkedObjectSequence>
        <name>UpdateContractDiscountsOrder</name>
        <outputCreationSequence>2.0</outputCreationSequence>
        <outputFieldName>vlocity_cmt__Status__c</outputFieldName>
        <outputObjectName>vlocity_cmt__ContractVersion__c</outputObjectName>
        <requiredForUpsert>false</requiredForUpsert>
        <upsertKey>false</upsertKey>
    </omniDataTransformItem>
    <omniDataTransformItem>
        <disabled>false</disabled>
        <filterGroup>0.0</filterGroup>
        <globalKey>UpdateContractDiscountsOrderCustoma0Nf4000004AIk9EAGItem22</globalKey>
        <inputFieldName>Order:FrameContract:Version:Discount:DiscountItem:Name</inputFieldName>
        <inputObjectQuerySequence>0.0</inputObjectQuerySequence>
        <linkedObjectSequence>0.0</linkedObjectSequence>
        <name>UpdateContractDiscountsOrder</name>
        <outputCreationSequence>4.0</outputCreationSequence>
        <outputFieldName>Name</outputFieldName>
        <outputObjectName>vlocity_cmt__ContractVersionDiscountItem__c</outputObjectName>
        <requiredForUpsert>true</requiredForUpsert>
        <upsertKey>false</upsertKey>
    </omniDataTransformItem>
    <omniDataTransformItem>
        <disabled>false</disabled>
        <filterGroup>0.0</filterGroup>
        <globalKey>UpdateContractDiscountsOrderCustoma0Nf4000004AIk9EAGItem21</globalKey>
        <inputFieldName>Order:FrameContract:Version:Discount:DiscountItem:Description</inputFieldName>
        <inputObjectQuerySequence>0.0</inputObjectQuerySequence>
        <linkedObjectSequence>0.0</linkedObjectSequence>
        <name>UpdateContractDiscountsOrder</name>
        <outputCreationSequence>4.0</outputCreationSequence>
        <outputFieldName>vlocity_cmt__Description__c</outputFieldName>
        <outputObjectName>vlocity_cmt__ContractVersionDiscountItem__c</outputObjectName>
        <requiredForUpsert>false</requiredForUpsert>
        <upsertKey>false</upsertKey>
    </omniDataTransformItem>
    <omniDataTransformItem>
        <disabled>false</disabled>
        <filterGroup>0.0</filterGroup>
        <globalKey>UpdateContractDiscountsOrderCustoma0Nf4000004AIk9EAGItem3</globalKey>
        <inputFieldName>Order:AccountId</inputFieldName>
        <inputObjectName>json</inputObjectName>
        <inputObjectQuerySequence>0.0</inputObjectQuerySequence>
        <linkedObjectSequence>0.0</linkedObjectSequence>
        <name>UpdateContractDiscountsOrder</name>
        <outputCreationSequence>1.0</outputCreationSequence>
        <outputFieldName>AccountId</outputFieldName>
        <outputObjectName>Contract</outputObjectName>
        <requiredForUpsert>false</requiredForUpsert>
        <upsertKey>false</upsertKey>
    </omniDataTransformItem>
    <omniDataTransformItem>
        <disabled>false</disabled>
        <filterGroup>0.0</filterGroup>
        <globalKey>UpdateContractDiscountsOrderCustoma0Nf4000004AIk9EAGItem20</globalKey>
        <inputFieldName>Order:FrameContract:Version:Discount:DiscountItem:CatalogCategoryId</inputFieldName>
        <inputObjectQuerySequence>0.0</inputObjectQuerySequence>
        <linkedObjectSequence>0.0</linkedObjectSequence>
        <name>UpdateContractDiscountsOrder</name>
        <outputCreationSequence>4.0</outputCreationSequence>
        <outputFieldName>vlocity_cmt__CatalogCategoryId__c</outputFieldName>
        <outputObjectName>vlocity_cmt__ContractVersionDiscountItem__c</outputObjectName>
        <requiredForUpsert>false</requiredForUpsert>
        <upsertKey>false</upsertKey>
    </omniDataTransformItem>
    <omniDataTransformItem>
        <disabled>false</disabled>
        <filterGroup>0.0</filterGroup>
        <globalKey>UpdateContractDiscountsOrderCustoma0Nf4000004AIk9EAGItem7</globalKey>
        <inputFieldName>OrderId</inputFieldName>
        <inputObjectQuerySequence>0.0</inputObjectQuerySequence>
        <linkedObjectSequence>0.0</linkedObjectSequence>
        <name>UpdateContractDiscountsOrder</name>
        <outputCreationSequence>1.0</outputCreationSequence>
        <outputFieldName>vlocity_cmt__OrderId__c</outputFieldName>
        <outputObjectName>Contract</outputObjectName>
        <requiredForUpsert>false</requiredForUpsert>
        <upsertKey>false</upsertKey>
    </omniDataTransformItem>
    <omniDataTransformItem>
        <disabled>false</disabled>
        <filterGroup>0.0</filterGroup>
        <globalKey>UpdateContractDiscountsOrderCustoma0Nf4000004AIk9EAGItem2</globalKey>
        <inputFieldName>isFrameContract</inputFieldName>
        <inputObjectQuerySequence>0.0</inputObjectQuerySequence>
        <linkedObjectSequence>0.0</linkedObjectSequence>
        <name>UpdateContractDiscountsOrder</name>
        <outputCreationSequence>1.0</outputCreationSequence>
        <outputFieldName>vlocity_cmt__IsFrameContract__c</outputFieldName>
        <outputObjectName>Contract</outputObjectName>
        <requiredForUpsert>false</requiredForUpsert>
        <upsertKey>false</upsertKey>
    </omniDataTransformItem>
    <omniDataTransformItem>
        <disabled>true</disabled>
        <filterGroup>0.0</filterGroup>
        <filterOperator>=</filterOperator>
        <globalKey>UpdateContractDiscountsOrderCustoma0Nf4000004AIk9EAGItem12</globalKey>
        <inputObjectQuerySequence>0.0</inputObjectQuerySequence>
        <linkedObjectSequence>0.0</linkedObjectSequence>
        <migrationValue>FAKEMAPPING</migrationValue>
        <name>UpdateContractDiscountsOrder</name>
        <outputCreationSequence>3.0</outputCreationSequence>
        <outputFieldName>Id</outputFieldName>
        <outputObjectName>vlocity_cmt__ContractVersionDiscount__c</outputObjectName>
        <requiredForUpsert>false</requiredForUpsert>
        <upsertKey>false</upsertKey>
    </omniDataTransformItem>
    <omniDataTransformItem>
        <disabled>false</disabled>
        <filterGroup>0.0</filterGroup>
        <globalKey>UpdateContractDiscountsOrderCustoma0Nf4000004AIk9EAGItem17</globalKey>
        <inputFieldName>Order:FrameContract:Version:Discount:TemplateId</inputFieldName>
        <inputObjectQuerySequence>0.0</inputObjectQuerySequence>
        <linkedObjectSequence>0.0</linkedObjectSequence>
        <name>UpdateContractDiscountsOrder</name>
        <outputCreationSequence>3.0</outputCreationSequence>
        <outputFieldName>vlocity_cmt__DiscountTemplateId__c</outputFieldName>
        <outputObjectName>vlocity_cmt__ContractVersionDiscount__c</outputObjectName>
        <requiredForUpsert>false</requiredForUpsert>
        <upsertKey>false</upsertKey>
    </omniDataTransformItem>
    <omniDataTransformItem>
        <disabled>false</disabled>
        <filterGroup>0.0</filterGroup>
        <globalKey>UpdateContractDiscountsOrderCustoma0Nf4000004AIk9EAGItem15</globalKey>
        <inputFieldName>Order:FrameContract:Version:Discount:Name</inputFieldName>
        <inputObjectQuerySequence>0.0</inputObjectQuerySequence>
        <linkedObjectSequence>0.0</linkedObjectSequence>
        <name>UpdateContractDiscountsOrder</name>
        <outputCreationSequence>3.0</outputCreationSequence>
        <outputFieldName>Name</outputFieldName>
        <outputObjectName>vlocity_cmt__ContractVersionDiscount__c</outputObjectName>
        <requiredForUpsert>false</requiredForUpsert>
        <upsertKey>false</upsertKey>
    </omniDataTransformItem>
    <omniDataTransformItem>
        <disabled>false</disabled>
        <filterGroup>0.0</filterGroup>
        <globalKey>UpdateContractDiscountsOrderCustom6410</globalKey>
        <inputFieldName>Order:FrameContract:Version:Discount:AppliesToAllItems</inputFieldName>
        <inputObjectQuerySequence>0.0</inputObjectQuerySequence>
        <linkedObjectSequence>0.0</linkedObjectSequence>
        <name>UpdateContractDiscountsOrder</name>
        <outputCreationSequence>3.0</outputCreationSequence>
        <outputFieldName>vlocity_cmt__AppliesToAllItems__c</outputFieldName>
        <outputObjectName>vlocity_cmt__ContractVersionDiscount__c</outputObjectName>
        <requiredForUpsert>false</requiredForUpsert>
        <upsertKey>false</upsertKey>
    </omniDataTransformItem>
    <omniDataTransformItem>
        <disabled>false</disabled>
        <filterGroup>0.0</filterGroup>
        <filterOperator>=</filterOperator>
        <globalKey>UpdateContractDiscountsOrderCustoma0Nf4000004AIk9EAGItem13</globalKey>
        <inputObjectQuerySequence>0.0</inputObjectQuerySequence>
        <linkedFieldName>Id</linkedFieldName>
        <linkedObjectSequence>2.0</linkedObjectSequence>
        <migrationValue>FAKEMAPPING</migrationValue>
        <name>UpdateContractDiscountsOrder</name>
        <outputCreationSequence>3.0</outputCreationSequence>
        <outputFieldName>vlocity_cmt__ContractVersionId__c</outputFieldName>
        <outputObjectName>vlocity_cmt__ContractVersionDiscount__c</outputObjectName>
        <requiredForUpsert>false</requiredForUpsert>
        <upsertKey>false</upsertKey>
    </omniDataTransformItem>
    <omniDataTransformItem>
        <disabled>false</disabled>
        <filterGroup>0.0</filterGroup>
        <globalKey>UpdateContractDiscountsOrderCustoma0Nf4000004AIk9EAGItem14</globalKey>
        <inputFieldName>Order:FrameContract:Version:Discount:Description</inputFieldName>
        <inputObjectQuerySequence>0.0</inputObjectQuerySequence>
        <linkedObjectSequence>0.0</linkedObjectSequence>
        <name>UpdateContractDiscountsOrder</name>
        <outputCreationSequence>3.0</outputCreationSequence>
        <outputFieldName>vlocity_cmt__Description__c</outputFieldName>
        <outputObjectName>vlocity_cmt__ContractVersionDiscount__c</outputObjectName>
        <requiredForUpsert>false</requiredForUpsert>
        <upsertKey>false</upsertKey>
    </omniDataTransformItem>
    <omniDataTransformItem>
        <disabled>false</disabled>
        <filterGroup>0.0</filterGroup>
        <filterOperator>=</filterOperator>
        <globalKey>UpdateContractDiscountsOrderCustoma0Nf4000004AIk9EAGItem9</globalKey>
        <inputObjectQuerySequence>0.0</inputObjectQuerySequence>
        <linkedFieldName>Id</linkedFieldName>
        <linkedObjectSequence>1.0</linkedObjectSequence>
        <migrationValue>FAKEMAPPING</migrationValue>
        <name>UpdateContractDiscountsOrder</name>
        <outputCreationSequence>2.0</outputCreationSequence>
        <outputFieldName>vlocity_cmt__ContractId__c</outputFieldName>
        <outputObjectName>vlocity_cmt__ContractVersion__c</outputObjectName>
        <requiredForUpsert>false</requiredForUpsert>
        <upsertKey>false</upsertKey>
    </omniDataTransformItem>
    <omniDataTransformItem>
        <disabled>true</disabled>
        <filterGroup>0.0</filterGroup>
        <filterOperator>=</filterOperator>
        <globalKey>UpdateContractDiscountsOrderCustoma0Nf4000004AIk9EAGItem8</globalKey>
        <inputObjectQuerySequence>0.0</inputObjectQuerySequence>
        <linkedObjectSequence>0.0</linkedObjectSequence>
        <migrationValue>FAKEMAPPING</migrationValue>
        <name>UpdateContractDiscountsOrder</name>
        <outputCreationSequence>2.0</outputCreationSequence>
        <outputFieldName>Id</outputFieldName>
        <outputObjectName>vlocity_cmt__ContractVersion__c</outputObjectName>
        <requiredForUpsert>false</requiredForUpsert>
        <upsertKey>false</upsertKey>
    </omniDataTransformItem>
    <omniDataTransformItem>
        <disabled>false</disabled>
        <filterGroup>0.0</filterGroup>
        <globalKey>UpdateContractDiscountsOrderCustoma0Nf4000004AIk9EAGItem4</globalKey>
        <inputFieldName>Order:FrameContract:Id</inputFieldName>
        <inputObjectQuerySequence>0.0</inputObjectQuerySequence>
        <linkedObjectSequence>0.0</linkedObjectSequence>
        <name>UpdateContractDiscountsOrder</name>
        <outputCreationSequence>1.0</outputCreationSequence>
        <outputFieldName>Id</outputFieldName>
        <outputObjectName>Contract</outputObjectName>
        <requiredForUpsert>false</requiredForUpsert>
        <upsertKey>true</upsertKey>
    </omniDataTransformItem>
    <omniDataTransformItem>
        <disabled>false</disabled>
        <filterGroup>0.0</filterGroup>
        <globalKey>UpdateContractDiscountsOrderCustoma0Nf4000004AIk9EAGItem1</globalKey>
        <inputFieldName>ContractStatus</inputFieldName>
        <inputObjectQuerySequence>0.0</inputObjectQuerySequence>
        <linkedObjectSequence>0.0</linkedObjectSequence>
        <name>UpdateContractDiscountsOrder</name>
        <outputCreationSequence>1.0</outputCreationSequence>
        <outputFieldName>Status</outputFieldName>
        <outputObjectName>Contract</outputObjectName>
        <requiredForUpsert>false</requiredForUpsert>
        <upsertKey>false</upsertKey>
    </omniDataTransformItem>
    <omniDataTransformItem>
        <disabled>false</disabled>
        <filterGroup>0.0</filterGroup>
        <globalKey>UpdateContractDiscountsOrderCustom5874</globalKey>
        <inputFieldName>Order:FrameContract:Version:DocumentTemplateId</inputFieldName>
        <inputObjectQuerySequence>0.0</inputObjectQuerySequence>
        <linkedObjectSequence>0.0</linkedObjectSequence>
        <name>UpdateContractDiscountsOrder</name>
        <outputCreationSequence>2.0</outputCreationSequence>
        <outputFieldName>vlocity_cmt__DocumentTemplateId__c</outputFieldName>
        <outputObjectName>vlocity_cmt__ContractVersion__c</outputObjectName>
        <requiredForUpsert>false</requiredForUpsert>
        <upsertKey>false</upsertKey>
    </omniDataTransformItem>
    <omniDataTransformItem>
        <disabled>false</disabled>
        <filterGroup>0.0</filterGroup>
        <formulaConverted>var:Contract:id</formulaConverted>
        <formulaExpression>Contract:id</formulaExpression>
        <formulaResultPath>Contract:Id</formulaResultPath>
        <formulaSequence>1.0</formulaSequence>
        <globalKey>UpdateContractDiscountsOrderCustoma0Nf4000004AIk9EAGItem0</globalKey>
        <inputObjectQuerySequence>0.0</inputObjectQuerySequence>
        <linkedObjectSequence>0.0</linkedObjectSequence>
        <name>UpdateContractDiscountsOrder</name>
        <outputCreationSequence>0.0</outputCreationSequence>
        <outputFieldName>Formula</outputFieldName>
        <outputObjectName>Formula</outputObjectName>
        <requiredForUpsert>false</requiredForUpsert>
        <upsertKey>false</upsertKey>
    </omniDataTransformItem>
    <omniDataTransformItem>
        <disabled>false</disabled>
        <filterGroup>0.0</filterGroup>
        <globalKey>UpdateContractDiscountsOrderCustoma0Nf4000004AIk9EAGItem5</globalKey>
        <inputFieldName>Order:Name</inputFieldName>
        <inputObjectName>json</inputObjectName>
        <inputObjectQuerySequence>0.0</inputObjectQuerySequence>
        <linkedObjectSequence>0.0</linkedObjectSequence>
        <name>UpdateContractDiscountsOrder</name>
        <outputCreationSequence>1.0</outputCreationSequence>
        <outputFieldName>Name</outputFieldName>
        <outputObjectName>Contract</outputObjectName>
        <requiredForUpsert>false</requiredForUpsert>
        <upsertKey>false</upsertKey>
    </omniDataTransformItem>
    <omniDataTransformItem>
        <disabled>false</disabled>
        <filterGroup>0.0</filterGroup>
        <globalKey>UpdateContractDiscountsOrderCustoma0Nf4000004AIk9EAGItem6</globalKey>
        <inputFieldName>Order:originalFrameContractId</inputFieldName>
        <inputObjectQuerySequence>0.0</inputObjectQuerySequence>
        <linkedObjectSequence>0.0</linkedObjectSequence>
        <name>UpdateContractDiscountsOrder</name>
        <outputCreationSequence>1.0</outputCreationSequence>
        <outputFieldName>vlocity_cmt__OriginalContractId__c</outputFieldName>
        <outputObjectName>Contract</outputObjectName>
        <requiredForUpsert>false</requiredForUpsert>
        <upsertKey>false</upsertKey>
    </omniDataTransformItem>
    <omniDataTransformItem>
        <disabled>false</disabled>
        <filterGroup>0.0</filterGroup>
        <globalKey>UpdateContractDiscountsOrderCustoma0Nf4000004AIk9EAGItem26</globalKey>
        <inputFieldName>Order:FrameContract:Version:Discount:DiscountPricing:AdjustmentValue</inputFieldName>
        <inputObjectQuerySequence>0.0</inputObjectQuerySequence>
        <linkedObjectSequence>0.0</linkedObjectSequence>
        <name>UpdateContractDiscountsOrder</name>
        <outputCreationSequence>5.0</outputCreationSequence>
        <outputFieldName>vlocity_cmt__AdjustmentValue__c</outputFieldName>
        <outputObjectName>vlocity_cmt__ContractVersionDiscountPricing__c</outputObjectName>
        <requiredForUpsert>false</requiredForUpsert>
        <upsertKey>false</upsertKey>
    </omniDataTransformItem>
    <omniDataTransformItem>
        <disabled>false</disabled>
        <filterGroup>0.0</filterGroup>
        <globalKey>UpdateContractDiscountsOrderCustoma0Nf4000004AIk9EAGItem28</globalKey>
        <inputFieldName>Order:FrameContract:Version:Discount:DiscountPricing:Name</inputFieldName>
        <inputObjectQuerySequence>0.0</inputObjectQuerySequence>
        <linkedObjectSequence>0.0</linkedObjectSequence>
        <name>UpdateContractDiscountsOrder</name>
        <outputCreationSequence>5.0</outputCreationSequence>
        <outputFieldName>Name</outputFieldName>
        <outputObjectName>vlocity_cmt__ContractVersionDiscountPricing__c</outputObjectName>
        <requiredForUpsert>true</requiredForUpsert>
        <upsertKey>false</upsertKey>
    </omniDataTransformItem>
    <omniDataTransformItem>
        <disabled>false</disabled>
        <filterGroup>0.0</filterGroup>
        <globalKey>UpdateContractDiscountsOrderCustoma0Nf4000004AIk9EAGItem29</globalKey>
        <inputFieldName>Order:FrameContract:Version:Discount:DiscountPricing:PricingVariableId</inputFieldName>
        <inputObjectQuerySequence>0.0</inputObjectQuerySequence>
        <linkedObjectSequence>0.0</linkedObjectSequence>
        <name>UpdateContractDiscountsOrder</name>
        <outputCreationSequence>5.0</outputCreationSequence>
        <outputFieldName>vlocity_cmt__PricingVariableId__c</outputFieldName>
        <outputObjectName>vlocity_cmt__ContractVersionDiscountPricing__c</outputObjectName>
        <requiredForUpsert>false</requiredForUpsert>
        <upsertKey>false</upsertKey>
    </omniDataTransformItem>
    <omniDataTransformItem>
        <disabled>false</disabled>
        <filterGroup>0.0</filterGroup>
        <globalKey>UpdateContractDiscountsOrderCustoma0Nf4000004AIk9EAGItem30</globalKey>
        <inputFieldName>Order:FrameContract:Version:Discount:DiscountPricing:TimePlanId</inputFieldName>
        <inputObjectQuerySequence>0.0</inputObjectQuerySequence>
        <linkedObjectSequence>0.0</linkedObjectSequence>
        <name>UpdateContractDiscountsOrder</name>
        <outputCreationSequence>5.0</outputCreationSequence>
        <outputFieldName>vlocity_cmt__TimePlanId__c</outputFieldName>
        <outputObjectName>vlocity_cmt__ContractVersionDiscountPricing__c</outputObjectName>
        <requiredForUpsert>false</requiredForUpsert>
        <upsertKey>false</upsertKey>
    </omniDataTransformItem>
    <omniDataTransformItem>
        <disabled>false</disabled>
        <filterGroup>0.0</filterGroup>
        <globalKey>UpdateContractDiscountsOrderCustoma0Nf4000004AIk9EAGItem23</globalKey>
        <inputFieldName>Order:FrameContract:Version:Discount:DiscountItem:ProductId</inputFieldName>
        <inputObjectQuerySequence>0.0</inputObjectQuerySequence>
        <linkedObjectSequence>0.0</linkedObjectSequence>
        <name>UpdateContractDiscountsOrder</name>
        <outputCreationSequence>4.0</outputCreationSequence>
        <outputFieldName>vlocity_cmt__ProductId__c</outputFieldName>
        <outputObjectName>vlocity_cmt__ContractVersionDiscountItem__c</outputObjectName>
        <requiredForUpsert>false</requiredForUpsert>
        <upsertKey>false</upsertKey>
    </omniDataTransformItem>
    <omniDataTransformItem>
        <disabled>false</disabled>
        <filterGroup>0.0</filterGroup>
        <globalKey>UpdateContractDiscountsOrderCustoma0Nf4000004AIk9EAGItem27</globalKey>
        <inputFieldName>Order:FrameContract:Version:Discount:DiscountPricing:Amount</inputFieldName>
        <inputObjectQuerySequence>0.0</inputObjectQuerySequence>
        <linkedObjectSequence>0.0</linkedObjectSequence>
        <name>UpdateContractDiscountsOrder</name>
        <outputCreationSequence>5.0</outputCreationSequence>
        <outputFieldName>vlocity_cmt__Amount__c</outputFieldName>
        <outputObjectName>vlocity_cmt__ContractVersionDiscountPricing__c</outputObjectName>
        <requiredForUpsert>false</requiredForUpsert>
        <upsertKey>false</upsertKey>
    </omniDataTransformItem>
    <omniDataTransformItem>
        <disabled>false</disabled>
        <filterGroup>0.0</filterGroup>
        <filterOperator>=</filterOperator>
        <globalKey>UpdateContractDiscountsOrderCustoma0Nf4000004AIk9EAGItem19</globalKey>
        <inputObjectQuerySequence>0.0</inputObjectQuerySequence>
        <linkedFieldName>Id</linkedFieldName>
        <linkedObjectSequence>3.0</linkedObjectSequence>
        <migrationValue>FAKEMAPPING</migrationValue>
        <name>UpdateContractDiscountsOrder</name>
        <outputCreationSequence>4.0</outputCreationSequence>
        <outputFieldName>vlocity_cmt__ContractVersionDiscountId__c</outputFieldName>
        <outputObjectName>vlocity_cmt__ContractVersionDiscountItem__c</outputObjectName>
        <requiredForUpsert>false</requiredForUpsert>
        <transformValuesMappings>{
  &quot;&quot; : &quot;&quot;
}</transformValuesMappings>
        <upsertKey>false</upsertKey>
    </omniDataTransformItem>
    <omniDataTransformItem>
        <disabled>false</disabled>
        <filterGroup>0.0</filterGroup>
        <filterOperator>=</filterOperator>
        <globalKey>UpdateContractDiscountsOrderCustoma0Nf4000004AIk9EAGItem25</globalKey>
        <inputObjectQuerySequence>0.0</inputObjectQuerySequence>
        <linkedFieldName>Id</linkedFieldName>
        <linkedObjectSequence>3.0</linkedObjectSequence>
        <migrationValue>FAKEMAPPING</migrationValue>
        <name>UpdateContractDiscountsOrder</name>
        <outputCreationSequence>5.0</outputCreationSequence>
        <outputFieldName>vlocity_cmt__ContractVersionDiscountId__c</outputFieldName>
        <outputObjectName>vlocity_cmt__ContractVersionDiscountPricing__c</outputObjectName>
        <requiredForUpsert>false</requiredForUpsert>
        <upsertKey>false</upsertKey>
    </omniDataTransformItem>
    <omniDataTransformItem>
        <disabled>false</disabled>
        <filterGroup>0.0</filterGroup>
        <globalKey>UpdateContractDiscountsOrderCustoma0Nf4000004AIk9EAGItem16</globalKey>
        <inputFieldName>Order:FrameContract:Version:Discount:ReferenceNumber</inputFieldName>
        <inputObjectQuerySequence>0.0</inputObjectQuerySequence>
        <linkedObjectSequence>0.0</linkedObjectSequence>
        <name>UpdateContractDiscountsOrder</name>
        <outputCreationSequence>3.0</outputCreationSequence>
        <outputFieldName>vlocity_cmt__ReferenceNumber__c</outputFieldName>
        <outputObjectName>vlocity_cmt__ContractVersionDiscount__c</outputObjectName>
        <requiredForUpsert>true</requiredForUpsert>
        <upsertKey>false</upsertKey>
    </omniDataTransformItem>
    <omniDataTransformItem>
        <disabled>true</disabled>
        <filterGroup>0.0</filterGroup>
        <filterOperator>=</filterOperator>
        <globalKey>UpdateContractDiscountsOrderCustoma0Nf4000004AIk9EAGItem18</globalKey>
        <inputObjectQuerySequence>0.0</inputObjectQuerySequence>
        <linkedObjectSequence>0.0</linkedObjectSequence>
        <migrationValue>FAKEMAPPING</migrationValue>
        <name>UpdateContractDiscountsOrder</name>
        <outputCreationSequence>4.0</outputCreationSequence>
        <outputFieldName>Id</outputFieldName>
        <outputObjectName>vlocity_cmt__ContractVersionDiscountItem__c</outputObjectName>
        <requiredForUpsert>false</requiredForUpsert>
        <upsertKey>false</upsertKey>
    </omniDataTransformItem>
    <omniDataTransformItem>
        <disabled>false</disabled>
        <filterGroup>0.0</filterGroup>
        <globalKey>UpdateContractDiscountsOrderCustoma0Nf4000004AIk9EAGItem31</globalKey>
        <inputFieldName>Order:FrameContract:Version:Discount:DiscountPricing:TimePolicyId</inputFieldName>
        <inputObjectQuerySequence>0.0</inputObjectQuerySequence>
        <linkedObjectSequence>0.0</linkedObjectSequence>
        <name>UpdateContractDiscountsOrder</name>
        <outputCreationSequence>5.0</outputCreationSequence>
        <outputFieldName>vlocity_cmt__TimePolicyId__c</outputFieldName>
        <outputObjectName>vlocity_cmt__ContractVersionDiscountPricing__c</outputObjectName>
        <requiredForUpsert>false</requiredForUpsert>
        <upsertKey>false</upsertKey>
    </omniDataTransformItem>
    <omniDataTransformItem>
        <disabled>true</disabled>
        <filterGroup>0.0</filterGroup>
        <filterOperator>=</filterOperator>
        <globalKey>UpdateContractDiscountsOrderCustoma0Nf4000004AIk9EAGItem24</globalKey>
        <inputObjectQuerySequence>0.0</inputObjectQuerySequence>
        <linkedObjectSequence>0.0</linkedObjectSequence>
        <migrationValue>FAKEMAPPING</migrationValue>
        <name>UpdateContractDiscountsOrder</name>
        <outputCreationSequence>5.0</outputCreationSequence>
        <outputFieldName>Id</outputFieldName>
        <outputObjectName>vlocity_cmt__ContractVersionDiscountPricing__c</outputObjectName>
        <requiredForUpsert>false</requiredForUpsert>
        <upsertKey>false</upsertKey>
    </omniDataTransformItem>
    <outputType>SObject</outputType>
    <previewJsonData>{
  &quot;ContractId&quot; : &quot;&quot;,
  &quot;FrameContractCount&quot; : 1,
  &quot;errorDetails&quot; : &quot;&quot;,
  &quot;errorInfo&quot; : &quot;&quot;,
  &quot;errorOK&quot; : &quot;&quot;,
  &quot;ContractStatus&quot; : &quot;Draft&quot;,
  &quot;VersionStatus&quot; : &quot;Active&quot;,
  &quot;isFrameContract&quot; : true,
  &quot;AccountId&quot; : &quot;001f400000R8I3eAAF&quot;,
  &quot;ContractEffectiveStartDate&quot; : &quot;2019-02-21&quot;,
  &quot;OrderId&quot; : &quot;801f4000001V6RU&quot;,
  &quot;StartDate&quot; : &quot;2019-02-21&quot;,
  &quot;Order&quot; : {
    &quot;FrameContractCount&quot; : 1,
    &quot;FrameContract&quot; : {
      &quot;Version&quot; : {
        &quot;Discount&quot; : [ {
          &quot;DiscountPricing&quot; : {
            &quot;Name&quot; : &quot;TEST ORDER DISCOUNT PRICING1&quot;,
            &quot;TimePolicyId&quot; : &quot;a3Af40000009YaJEAU&quot;,
            &quot;TimePlanId&quot; : &quot;a39f4000000R2vhAAC&quot;,
            &quot;PricingVariableId&quot; : &quot;a2rf4000000Qwz7AAC&quot;,
            &quot;Amount&quot; : 10,
            &quot;AdjustmentValue&quot; : 100
          },
          &quot;DiscountItem&quot; : {
            &quot;Name&quot; : &quot;TEST ORDER DISCOUNT ITEM1&quot;,
            &quot;ProductId&quot; : &quot;01tf4000003hmOdAAI&quot;,
            &quot;Description&quot; : &quot;TEST ORDER DISCOUNT ITEM1&quot;,
            &quot;CatalogCategoryId&quot; : &quot;a0Ff4000003W2I7EAK&quot;
          },
          &quot;Description&quot; : &quot;TEST ORDER DISCOUNT 1 DESCRIPTIONS&quot;,
          &quot;AppliesToAllItems&quot; : true,
          &quot;Name&quot; : &quot;TestOrderDiscount1&quot;,
          &quot;ReferenceNumber&quot; : &quot;lwkdalkmsdlk&quot;,
          &quot;EffectiveStartDate&quot; : &quot;2019-01-21T21:13:00.000Z&quot;,
          &quot;EffectiveEndDate&quot; : &quot;2020-01-21T21:13:00.000Z&quot;,
          &quot;TemplateId&quot; : &quot;a2yf4000000unwXAAQ&quot;
        }, {
          &quot;DiscountPricing&quot; : {
            &quot;Name&quot; : &quot;TEST ORDER DISCOUNT PRICING2&quot;,
            &quot;TimePolicyId&quot; : &quot;a3Af40000009YaJEAU&quot;,
            &quot;TimePlanId&quot; : &quot;a39f4000000R2vhAAC&quot;,
            &quot;PricingVariableId&quot; : &quot;a2rf4000000Qwz7AAC&quot;,
            &quot;Amount&quot; : 99,
            &quot;AdjustmentValue&quot; : 2000
          },
          &quot;DiscountItem&quot; : {
            &quot;Name&quot; : &quot;TEST ORDER DISCOUNT ITEM--2&quot;,
            &quot;ProductId&quot; : &quot;01tf4000003hmOdAAI&quot;,
            &quot;Description&quot; : &quot;TEST ORDER DISCOUNT ITEM2&quot;,
            &quot;CatalogCategoryId&quot; : &quot;a0Ff4000003W2I7EAK&quot;
          },
          &quot;Description&quot; : &quot;TEST ORDER DISCOUNT 1 DESCRIPTIONS&quot;,
          &quot;AppliesToAllItems&quot; : true,
          &quot;Name&quot; : &quot;TestOrderDiscount2&quot;,
          &quot;ReferenceNumber&quot; : &quot;lwkdalkmsdlk&quot;,
          &quot;EffectiveStartDate&quot; : &quot;2019-01-21T21:13:00.000Z&quot;
        } ],
        &quot;DocumentTemplateId&quot; : &quot;a0Xf40000013o0YEAQ&quot;,
        &quot;DocumentCeationSource&quot; : &quot;Generate&quot;
      },
      &quot;Status&quot; : &quot;Draft&quot;,
      &quot;Id&quot; : &quot;800f4000000dapXAAQ&quot;
    },
    &quot;Name&quot; : &quot;New Order&quot;,
    &quot;AccountId&quot; : &quot;001f400000R8I3eAAF&quot;
  }
}</previewJsonData>
    <processSuperBulk>false</processSuperBulk>
    <responseCacheTtlMinutes>0.0</responseCacheTtlMinutes>
    <rollbackOnError>false</rollbackOnError>
    <sourceObject>json</sourceObject>
    <sourceObjectDefault>false</sourceObjectDefault>
    <synchronousProcessThreshold>0.0</synchronousProcessThreshold>
    <type>Load</type>
    <uniqueName>UpdateContractDiscountsOrder_1</uniqueName>
    <versionNumber>1.0</versionNumber>
    <xmlDeclarationRemoved>false</xmlDeclarationRemoved>
</OmniDataTransform>
