<?xml version="1.0" encoding="UTF-8"?>
<OmniDataTransform xmlns="http://soap.sforce.com/2006/04/metadata">
    <active>false</active>
    <assignmentRulesUsed>false</assignmentRulesUsed>
    <deletedOnSuccess>false</deletedOnSuccess>
    <errorIgnored>false</errorIgnored>
    <expectedInputJson>{
  &quot;ContextId&quot; : &quot;80036000000DD4e&quot;,
  &quot;timeStamp&quot; : &quot;2016-01-21T01:25:21.490Z&quot;,
  &quot;userName&quot; : &quot;qlu_contract_test2@vlocity.com&quot;,
  &quot;userProfile&quot; : &quot;System Administrator&quot;,
  &quot;vlcPersistentComponent&quot; : { },
  &quot;vlcTimeTracking&quot; : {
    &quot;ExtendOrRenew&quot; : 6347,
    &quot;GetContractAndLineItems&quot; : 411
  },
  &quot;ExtendOrRenew&quot; : {
    &quot;SelectOption&quot; : &quot;CreateNew&quot;
  },
  &quot;Contract&quot; : {
    &quot;Lines&quot; : [ {
      &quot;Name&quot; : &quot;ProductParent1&quot;,
      &quot;LineNumber&quot; : &quot;0001&quot;,
      &quot;Quantity&quot; : 1,
      &quot;Product2Id&quot; : &quot;01t360000005dXmAAI&quot;,
      &quot;RecurringTotal&quot; : 0,
      &quot;Status&quot; : &quot;Active&quot;,
      &quot;OneTimeTotal&quot; : 200,
      &quot;PricebookEntryId&quot; : &quot;01u36000000P72WAAS&quot;,
      &quot;ContractId&quot; : &quot;80036000000DD4eAAG&quot;
    }, {
      &quot;Name&quot; : &quot;ProductChild11&quot;,
      &quot;LineNumber&quot; : &quot;0001.0001&quot;,
      &quot;Quantity&quot; : 1,
      &quot;Product2Id&quot; : &quot;01t360000005dY6AAI&quot;,
      &quot;RecurringTotal&quot; : 0,
      &quot;Status&quot; : &quot;Active&quot;,
      &quot;OneTimeTotal&quot; : 200,
      &quot;PricebookEntryId&quot; : &quot;01u36000000P72gAAC&quot;,
      &quot;ContractId&quot; : &quot;80036000000DD4eAAG&quot;
    }, {
      &quot;Name&quot; : &quot;ProductChild12&quot;,
      &quot;LineNumber&quot; : &quot;0001.0002&quot;,
      &quot;Quantity&quot; : 1,
      &quot;Product2Id&quot; : &quot;01t360000005dYBAAY&quot;,
      &quot;RecurringTotal&quot; : 0,
      &quot;Status&quot; : &quot;Active&quot;,
      &quot;OneTimeTotal&quot; : 200,
      &quot;PricebookEntryId&quot; : &quot;01u36000000P72qAAC&quot;,
      &quot;ContractId&quot; : &quot;80036000000DD4eAAG&quot;
    }, {
      &quot;Name&quot; : &quot;ProductParent2&quot;,
      &quot;LineNumber&quot; : &quot;0002&quot;,
      &quot;Quantity&quot; : 1,
      &quot;Product2Id&quot; : &quot;01t360000005dYLAAY&quot;,
      &quot;RecurringTotal&quot; : 0,
      &quot;Status&quot; : &quot;Active&quot;,
      &quot;OneTimeTotal&quot; : 200,
      &quot;PricebookEntryId&quot; : &quot;01u36000000P735AAC&quot;,
      &quot;ContractId&quot; : &quot;80036000000DD4eAAG&quot;
    }, {
      &quot;Name&quot; : &quot;ProductChild21&quot;,
      &quot;LineNumber&quot; : &quot;0002.0001&quot;,
      &quot;Quantity&quot; : 1,
      &quot;Product2Id&quot; : &quot;01t360000005dYVAAY&quot;,
      &quot;RecurringTotal&quot; : 0,
      &quot;Status&quot; : &quot;Active&quot;,
      &quot;OneTimeTotal&quot; : 300,
      &quot;PricebookEntryId&quot; : &quot;01u36000000P73PAAS&quot;,
      &quot;ContractId&quot; : &quot;80036000000DD4eAAG&quot;
    }, {
      &quot;Name&quot; : &quot;ProductChild22&quot;,
      &quot;LineNumber&quot; : &quot;0002.0002&quot;,
      &quot;Quantity&quot; : 1,
      &quot;Product2Id&quot; : &quot;01t360000005dYuAAI&quot;,
      &quot;RecurringTotal&quot; : 0,
      &quot;Status&quot; : &quot;Active&quot;,
      &quot;OneTimeTotal&quot; : 300,
      &quot;PricebookEntryId&quot; : &quot;01u36000000P73oAAC&quot;,
      &quot;ContractId&quot; : &quot;80036000000DD4eAAG&quot;
    }, {
      &quot;Name&quot; : &quot;GenWatt Diesel 10kW&quot;,
      &quot;LineNumber&quot; : &quot;0003&quot;,
      &quot;Quantity&quot; : 1,
      &quot;Product2Id&quot; : &quot;01t36000000Hsj8AAC&quot;,
      &quot;RecurringTotal&quot; : 0,
      &quot;Status&quot; : &quot;Active&quot;,
      &quot;OneTimeTotal&quot; : 5000,
      &quot;PricebookEntryId&quot; : &quot;01u36000000bhx7AAA&quot;,
      &quot;ContractId&quot; : &quot;80036000000DD4eAAG&quot;
    }, {
      &quot;Name&quot; : &quot;SLA: Bronze&quot;,
      &quot;LineNumber&quot; : &quot;0003.0001&quot;,
      &quot;Quantity&quot; : 1,
      &quot;Product2Id&quot; : &quot;01t36000000HsjGAAS&quot;,
      &quot;RecurringTotal&quot; : 0,
      &quot;Status&quot; : &quot;Active&quot;,
      &quot;OneTimeTotal&quot; : 10000,
      &quot;PricebookEntryId&quot; : &quot;01u36000000bhxFAAQ&quot;,
      &quot;ContractId&quot; : &quot;80036000000DD4eAAG&quot;
    }, {
      &quot;Name&quot; : &quot;SLA: Gold&quot;,
      &quot;LineNumber&quot; : &quot;0003.0002&quot;,
      &quot;Quantity&quot; : 1,
      &quot;Product2Id&quot; : &quot;01t36000000HsjJAAS&quot;,
      &quot;RecurringTotal&quot; : 0,
      &quot;Status&quot; : &quot;Active&quot;,
      &quot;OneTimeTotal&quot; : 30000,
      &quot;PricebookEntryId&quot; : &quot;01u36000000bhxIAAQ&quot;,
      &quot;ContractId&quot; : &quot;80036000000DD4eAAG&quot;
    }, {
      &quot;Name&quot; : &quot;SLA: Platinum&quot;,
      &quot;LineNumber&quot; : &quot;0003.0003&quot;,
      &quot;Quantity&quot; : 1,
      &quot;Product2Id&quot; : &quot;01t36000000HsjCAAS&quot;,
      &quot;RecurringTotal&quot; : 0,
      &quot;Status&quot; : &quot;Active&quot;,
      &quot;OneTimeTotal&quot; : 40000,
      &quot;PricebookEntryId&quot; : &quot;01u36000000bhxBAAQ&quot;,
      &quot;ContractId&quot; : &quot;80036000000DD4eAAG&quot;
    }, {
      &quot;Name&quot; : &quot;GenWatt Gasoline 300kW&quot;,
      &quot;LineNumber&quot; : &quot;0004&quot;,
      &quot;Quantity&quot; : 1,
      &quot;Product2Id&quot; : &quot;01t36000000HsjKAAS&quot;,
      &quot;RecurringTotal&quot; : 0,
      &quot;Status&quot; : &quot;Active&quot;,
      &quot;OneTimeTotal&quot; : 35000,
      &quot;PricebookEntryId&quot; : &quot;01u36000000bhxJAAQ&quot;,
      &quot;ContractId&quot; : &quot;80036000000DD4eAAG&quot;
    } ],
    &quot;EndDate&quot; : &quot;2019-01-19&quot;,
    &quot;Name&quot; : &quot;Test2&quot;,
    &quot;Id&quot; : &quot;80036000000DD4eAAG&quot;,
    &quot;AccountId&quot; : &quot;00136000002KYEoAAO&quot;,
    &quot;StartDate&quot; : &quot;2016-01-20&quot;,
    &quot;ContractTerm&quot; : 36
  },
  &quot;CreateNew&quot; : {
    &quot;RenewChoice&quot; : null,
    &quot;RenewDate&quot; : null,
    &quot;RenewByMonths&quot; : null,
    &quot;CalculatedRenewTerm&quot; : null,
    &quot;CalcalatedRenewTermByDate&quot; : null,
    &quot;RenewTerm&quot; : 0
  }
}</expectedInputJson>
    <fieldLevelSecurityEnabled>false</fieldLevelSecurityEnabled>
    <name>UpdateContractAndLine</name>
    <nullInputsIncludedInOutput>false</nullInputsIncludedInOutput>
    <omniDataTransformItem>
        <disabled>false</disabled>
        <filterGroup>0.0</filterGroup>
        <globalKey>UpdateContractAndLineCustom5156</globalKey>
        <inputFieldName>Contract:Name</inputFieldName>
        <inputObjectName>json</inputObjectName>
        <inputObjectQuerySequence>0.0</inputObjectQuerySequence>
        <linkedObjectSequence>0.0</linkedObjectSequence>
        <name>UpdateContractAndLine</name>
        <outputCreationSequence>1.0</outputCreationSequence>
        <outputFieldName>Name</outputFieldName>
        <outputObjectName>Contract</outputObjectName>
        <requiredForUpsert>false</requiredForUpsert>
        <upsertKey>false</upsertKey>
    </omniDataTransformItem>
    <omniDataTransformItem>
        <disabled>false</disabled>
        <filterGroup>0.0</filterGroup>
        <globalKey>UpdateContractAndLineCustom1164</globalKey>
        <inputFieldName>Contract:EndDate</inputFieldName>
        <inputObjectName>json</inputObjectName>
        <inputObjectQuerySequence>0.0</inputObjectQuerySequence>
        <linkedObjectSequence>0.0</linkedObjectSequence>
        <name>UpdateContractAndLine</name>
        <outputCreationSequence>1.0</outputCreationSequence>
        <outputFieldName>StartDate</outputFieldName>
        <outputObjectName>Contract</outputObjectName>
        <requiredForUpsert>false</requiredForUpsert>
        <upsertKey>false</upsertKey>
    </omniDataTransformItem>
    <omniDataTransformItem>
        <disabled>false</disabled>
        <filterGroup>0.0</filterGroup>
        <globalKey>UpdateContractAndLineCustom9487</globalKey>
        <inputFieldName>Contract:Id</inputFieldName>
        <inputObjectName>json</inputObjectName>
        <inputObjectQuerySequence>0.0</inputObjectQuerySequence>
        <linkedObjectSequence>0.0</linkedObjectSequence>
        <name>UpdateContractAndLine</name>
        <outputCreationSequence>1.0</outputCreationSequence>
        <outputFieldName>vlocity_cmt__ExpiredContractId__c</outputFieldName>
        <outputObjectName>Contract</outputObjectName>
        <requiredForUpsert>false</requiredForUpsert>
        <upsertKey>false</upsertKey>
    </omniDataTransformItem>
    <omniDataTransformItem>
        <disabled>false</disabled>
        <filterGroup>0.0</filterGroup>
        <globalKey>UpdateContractAndLineCustom390</globalKey>
        <inputFieldName>Contract:AccountId</inputFieldName>
        <inputObjectName>json</inputObjectName>
        <inputObjectQuerySequence>0.0</inputObjectQuerySequence>
        <linkedObjectSequence>0.0</linkedObjectSequence>
        <name>UpdateContractAndLine</name>
        <outputCreationSequence>1.0</outputCreationSequence>
        <outputFieldName>AccountId</outputFieldName>
        <outputObjectName>Contract</outputObjectName>
        <requiredForUpsert>false</requiredForUpsert>
        <upsertKey>false</upsertKey>
    </omniDataTransformItem>
    <omniDataTransformItem>
        <disabled>false</disabled>
        <filterGroup>0.0</filterGroup>
        <globalKey>UpdateContractAndLineCustom1240</globalKey>
        <inputFieldName>Contract:Lines:Product2Id</inputFieldName>
        <inputObjectName>json</inputObjectName>
        <inputObjectQuerySequence>0.0</inputObjectQuerySequence>
        <linkedObjectSequence>0.0</linkedObjectSequence>
        <name>UpdateContractAndLine</name>
        <outputCreationSequence>2.0</outputCreationSequence>
        <outputFieldName>vlocity_cmt__Product2Id__c</outputFieldName>
        <outputObjectName>vlocity_cmt__ContractLineItem__c</outputObjectName>
        <requiredForUpsert>false</requiredForUpsert>
        <upsertKey>false</upsertKey>
    </omniDataTransformItem>
    <omniDataTransformItem>
        <disabled>false</disabled>
        <filterGroup>0.0</filterGroup>
        <globalKey>UpdateContractAndLineCustom8901</globalKey>
        <inputFieldName>Contract:Lines:Quantity</inputFieldName>
        <inputObjectName>json</inputObjectName>
        <inputObjectQuerySequence>0.0</inputObjectQuerySequence>
        <linkedObjectSequence>0.0</linkedObjectSequence>
        <name>UpdateContractAndLine</name>
        <outputCreationSequence>2.0</outputCreationSequence>
        <outputFieldName>vlocity_cmt__Quantity__c</outputFieldName>
        <outputObjectName>vlocity_cmt__ContractLineItem__c</outputObjectName>
        <requiredForUpsert>false</requiredForUpsert>
        <upsertKey>false</upsertKey>
    </omniDataTransformItem>
    <omniDataTransformItem>
        <disabled>false</disabled>
        <filterGroup>0.0</filterGroup>
        <globalKey>UpdateContractAndLineCustom8929</globalKey>
        <inputFieldName>Contract:Lines:OneTimeTotal</inputFieldName>
        <inputObjectName>json</inputObjectName>
        <inputObjectQuerySequence>0.0</inputObjectQuerySequence>
        <linkedObjectSequence>0.0</linkedObjectSequence>
        <name>UpdateContractAndLine</name>
        <outputCreationSequence>2.0</outputCreationSequence>
        <outputFieldName>vlocity_cmt__OneTimeTotal__c</outputFieldName>
        <outputObjectName>vlocity_cmt__ContractLineItem__c</outputObjectName>
        <requiredForUpsert>false</requiredForUpsert>
        <upsertKey>false</upsertKey>
    </omniDataTransformItem>
    <omniDataTransformItem>
        <disabled>false</disabled>
        <filterGroup>0.0</filterGroup>
        <globalKey>UpdateContractAndLineCustom2655</globalKey>
        <inputFieldName>Contract:Lines:PricebookEntryId</inputFieldName>
        <inputObjectName>json</inputObjectName>
        <inputObjectQuerySequence>0.0</inputObjectQuerySequence>
        <linkedObjectSequence>0.0</linkedObjectSequence>
        <name>UpdateContractAndLine</name>
        <outputCreationSequence>2.0</outputCreationSequence>
        <outputFieldName>vlocity_cmt__PricebookEntryId__c</outputFieldName>
        <outputObjectName>vlocity_cmt__ContractLineItem__c</outputObjectName>
        <requiredForUpsert>false</requiredForUpsert>
        <upsertKey>false</upsertKey>
    </omniDataTransformItem>
    <omniDataTransformItem>
        <disabled>false</disabled>
        <filterGroup>0.0</filterGroup>
        <globalKey>UpdateContractAndLineCustom4208</globalKey>
        <inputFieldName>Contract:Lines:LineNumber</inputFieldName>
        <inputObjectName>json</inputObjectName>
        <inputObjectQuerySequence>0.0</inputObjectQuerySequence>
        <linkedObjectSequence>0.0</linkedObjectSequence>
        <name>UpdateContractAndLine</name>
        <outputCreationSequence>2.0</outputCreationSequence>
        <outputFieldName>vlocity_cmt__LineNumber__c</outputFieldName>
        <outputObjectName>vlocity_cmt__ContractLineItem__c</outputObjectName>
        <requiredForUpsert>false</requiredForUpsert>
        <upsertKey>false</upsertKey>
    </omniDataTransformItem>
    <omniDataTransformItem>
        <disabled>false</disabled>
        <filterGroup>0.0</filterGroup>
        <globalKey>UpdateContractAndLineCustom9274</globalKey>
        <inputFieldName>Contract:Lines:Name</inputFieldName>
        <inputObjectName>json</inputObjectName>
        <inputObjectQuerySequence>0.0</inputObjectQuerySequence>
        <linkedObjectSequence>0.0</linkedObjectSequence>
        <name>UpdateContractAndLine</name>
        <outputCreationSequence>2.0</outputCreationSequence>
        <outputFieldName>Name</outputFieldName>
        <outputObjectName>vlocity_cmt__ContractLineItem__c</outputObjectName>
        <requiredForUpsert>false</requiredForUpsert>
        <upsertKey>false</upsertKey>
    </omniDataTransformItem>
    <omniDataTransformItem>
        <disabled>false</disabled>
        <filterGroup>0.0</filterGroup>
        <globalKey>UpdateContractAndLineCustom6638</globalKey>
        <inputFieldName>CreateNew:RenewTerm</inputFieldName>
        <inputObjectName>json</inputObjectName>
        <inputObjectQuerySequence>0.0</inputObjectQuerySequence>
        <linkedObjectSequence>0.0</linkedObjectSequence>
        <name>UpdateContractAndLine</name>
        <outputCreationSequence>1.0</outputCreationSequence>
        <outputFieldName>ContractTerm</outputFieldName>
        <outputObjectName>Contract</outputObjectName>
        <requiredForUpsert>false</requiredForUpsert>
        <upsertKey>false</upsertKey>
    </omniDataTransformItem>
    <omniDataTransformItem>
        <disabled>false</disabled>
        <filterGroup>0.0</filterGroup>
        <globalKey>UpdateContractAndLineCustom6993</globalKey>
        <inputObjectName>json</inputObjectName>
        <inputObjectQuerySequence>0.0</inputObjectQuerySequence>
        <linkedFieldName>Id</linkedFieldName>
        <linkedObjectSequence>1.0</linkedObjectSequence>
        <name>UpdateContractAndLine</name>
        <outputCreationSequence>2.0</outputCreationSequence>
        <outputFieldName>vlocity_cmt__ContractId__c</outputFieldName>
        <outputObjectName>vlocity_cmt__ContractLineItem__c</outputObjectName>
        <requiredForUpsert>false</requiredForUpsert>
        <upsertKey>false</upsertKey>
    </omniDataTransformItem>
    <omniDataTransformItem>
        <disabled>false</disabled>
        <filterGroup>0.0</filterGroup>
        <globalKey>UpdateContractAndLineCustom3289</globalKey>
        <inputFieldName>Contract:Lines:Status</inputFieldName>
        <inputObjectName>json</inputObjectName>
        <inputObjectQuerySequence>0.0</inputObjectQuerySequence>
        <linkedObjectSequence>0.0</linkedObjectSequence>
        <name>UpdateContractAndLine</name>
        <outputCreationSequence>2.0</outputCreationSequence>
        <outputFieldName>vlocity_cmt__Status__c</outputFieldName>
        <outputObjectName>vlocity_cmt__ContractLineItem__c</outputObjectName>
        <requiredForUpsert>false</requiredForUpsert>
        <upsertKey>false</upsertKey>
    </omniDataTransformItem>
    <omniDataTransformItem>
        <disabled>false</disabled>
        <filterGroup>0.0</filterGroup>
        <globalKey>UpdateContractAndLineCustom3874</globalKey>
        <inputFieldName>Contract:Lines:RecurringTotal</inputFieldName>
        <inputObjectName>json</inputObjectName>
        <inputObjectQuerySequence>0.0</inputObjectQuerySequence>
        <linkedObjectSequence>0.0</linkedObjectSequence>
        <name>UpdateContractAndLine</name>
        <outputCreationSequence>2.0</outputCreationSequence>
        <outputFieldName>vlocity_cmt__RecurringTotal__c</outputFieldName>
        <outputObjectName>vlocity_cmt__ContractLineItem__c</outputObjectName>
        <requiredForUpsert>false</requiredForUpsert>
        <upsertKey>false</upsertKey>
    </omniDataTransformItem>
    <processSuperBulk>false</processSuperBulk>
    <responseCacheTtlMinutes>0.0</responseCacheTtlMinutes>
    <rollbackOnError>false</rollbackOnError>
    <sourceObject>json</sourceObject>
    <sourceObjectDefault>false</sourceObjectDefault>
    <synchronousProcessThreshold>0.0</synchronousProcessThreshold>
    <type>Load</type>
    <uniqueName>UpdateContractAndLine_1</uniqueName>
    <versionNumber>1.0</versionNumber>
    <xmlDeclarationRemoved>false</xmlDeclarationRemoved>
</OmniDataTransform>
