<?xml version="1.0" encoding="UTF-8"?>
<OmniDataTransform xmlns="http://soap.sforce.com/2006/04/metadata">
    <active>false</active>
    <assignmentRulesUsed>false</assignmentRulesUsed>
    <deletedOnSuccess>false</deletedOnSuccess>
    <description>This Data Raptor is used for creating and Updating the Frame Contracts, Contract Documents and Contract Discounts</description>
    <errorIgnored>false</errorIgnored>
    <expectedInputJson>{
  &quot;ContractId&quot; : &quot;&quot;,
  &quot;FrameContractCount&quot; : null,
  &quot;errorDetails&quot; : &quot;&quot;,
  &quot;errorInfo&quot; : &quot;&quot;,
  &quot;errorOK&quot; : &quot;&quot;,
  &quot;ContractStatus&quot; : &quot;Draft&quot;,
  &quot;VersionStatus&quot; : &quot;Active&quot;,
  &quot;isFrameContract&quot; : true,
  &quot;AccountId&quot; : &quot;001f400000R8I3eAAF&quot;,
  &quot;ContractEffectiveStartDate&quot; : &quot;2019-02-22&quot;,
  &quot;OpptyId&quot; : &quot;006f400000DGGxc&quot;,
  &quot;StartDate&quot; : &quot;2019-02-22&quot;,
  &quot;Order&quot; : {
    &quot;FrameContractCount&quot; : 2
  },
  &quot;Oppty&quot; : {
    &quot;FrameContract&quot; : [ {
      &quot;Version&quot; : {
        &quot;Discount&quot; : [ {
          &quot;EffectiveStartDate&quot; : &quot;2019-02-14T21:25:00.000Z&quot;,
          &quot;AppliesToAllItems&quot; : true,
          &quot;TemplateId&quot; : &quot;a2yf4000000unwXAAQ&quot;,
          &quot;ReferenceNumber&quot; : &quot;77777777&quot;,
          &quot;EffectiveEndDate&quot; : &quot;2020-02-19T21:25:00.000Z&quot;,
          &quot;Name&quot; : &quot;Discount33333&quot;
        }, {
          &quot;DiscountPricing&quot; : [ {
            &quot;Amount&quot; : 12,
            &quot;TimePolicyId&quot; : &quot;a3Af40000009YaJEAU&quot;,
            &quot;Name&quot; : &quot;Discount PRicing11&quot;,
            &quot;TimePlanId&quot; : &quot;a39f4000000R2vhAAC&quot;,
            &quot;OpptyDiscountId&quot; : &quot;a42f4000000MCYQAA4&quot;,
            &quot;PricingVariableId&quot; : &quot;a2rf4000000Qwz7AAC&quot;,
            &quot;AdjustmentValue&quot; : 1000
          }, {
            &quot;Amount&quot; : 12,
            &quot;TimePolicyId&quot; : &quot;a3Af40000009YaJEAU&quot;,
            &quot;Name&quot; : &quot;Discount PRicing11&quot;,
            &quot;TimePlanId&quot; : &quot;a39f4000000R2vhAAC&quot;,
            &quot;OpptyDiscountId&quot; : &quot;a42f4000000MCYQAA4&quot;,
            &quot;PricingVariableId&quot; : &quot;a2rf4000000Qwz7AAC&quot;,
            &quot;AdjustmentValue&quot; : 1000
          } ],
          &quot;DiscountItem&quot; : [ {
            &quot;Name&quot; : &quot;DiscountItem1&quot;,
            &quot;OpptyDiscountId&quot; : &quot;a42f4000000MCYQAA4&quot;,
            &quot;ProductId&quot; : &quot;01tf4000001opAuAAI&quot;,
            &quot;Description&quot; : &quot;sdkjakda&quot;,
            &quot;CatalogCategoryId&quot; : &quot;a0Ff4000003W2I7EAK&quot;
          }, {
            &quot;Name&quot; : &quot;DiscountItem2&quot;,
            &quot;OpptyDiscountId&quot; : &quot;a42f4000000MCYQAA4&quot;,
            &quot;ProductId&quot; : &quot;01tf4000001opAuAAI&quot;,
            &quot;Description&quot; : &quot;sdkjakdascdasds&quot;,
            &quot;CatalogCategoryId&quot; : &quot;a0Ff4000003W2I7EAK&quot;
          }, {
            &quot;Name&quot; : &quot;DiscountItem1&quot;,
            &quot;OpptyDiscountId&quot; : &quot;a42f4000000MCYQAA4&quot;,
            &quot;ProductId&quot; : &quot;01tf4000001opAuAAI&quot;,
            &quot;Description&quot; : &quot;sdkjakda&quot;,
            &quot;CatalogCategoryId&quot; : &quot;a0Ff4000003W2I7EAK&quot;
          }, {
            &quot;Name&quot; : &quot;DiscountItem2&quot;,
            &quot;OpptyDiscountId&quot; : &quot;a42f4000000MCYQAA4&quot;,
            &quot;ProductId&quot; : &quot;01tf4000001opAuAAI&quot;,
            &quot;Description&quot; : &quot;sdkjakdascdasds&quot;,
            &quot;CatalogCategoryId&quot; : &quot;a0Ff4000003W2I7EAK&quot;
          } ],
          &quot;EffectiveStartDate&quot; : &quot;2019-02-14T21:25:00.000Z&quot;,
          &quot;Description&quot; : &quot;sdlaksasdjlasd&quot;,
          &quot;AppliesToAllItems&quot; : true,
          &quot;TemplateId&quot; : &quot;a2yf4000000unwXAAQ&quot;,
          &quot;ReferenceNumber&quot; : &quot;111111111&quot;,
          &quot;EffectiveEndDate&quot; : &quot;2020-02-19T21:25:00.000Z&quot;,
          &quot;Name&quot; : &quot;Discount111&quot;
        }, {
          &quot;DiscountPricing&quot; : [ {
            &quot;TimePolicyId&quot; : &quot;a3Af40000009YaJEAU&quot;,
            &quot;Name&quot; : &quot;Discount PRicing2-1&quot;,
            &quot;TimePlanId&quot; : &quot;a39f4000000R2vhAAC&quot;,
            &quot;OpptyDiscountId&quot; : &quot;a42f4000000MCYVAA4&quot;,
            &quot;PricingVariableId&quot; : &quot;a2rf4000000Qwz7AAC&quot;,
            &quot;AdjustmentValue&quot; : 1000
          }, {
            &quot;TimePolicyId&quot; : &quot;a3Af40000009YaJEAU&quot;,
            &quot;Name&quot; : &quot;Discount PRicing2-2&quot;,
            &quot;TimePlanId&quot; : &quot;a39f4000000R2vhAAC&quot;,
            &quot;OpptyDiscountId&quot; : &quot;a42f4000000MCYVAA4&quot;,
            &quot;PricingVariableId&quot; : &quot;a2rf4000000Qwz7AAC&quot;,
            &quot;AdjustmentValue&quot; : 1000
          }, {
            &quot;TimePolicyId&quot; : &quot;a3Af40000009YaJEAU&quot;,
            &quot;Name&quot; : &quot;Discount PRicing2-1&quot;,
            &quot;TimePlanId&quot; : &quot;a39f4000000R2vhAAC&quot;,
            &quot;OpptyDiscountId&quot; : &quot;a42f4000000MCYVAA4&quot;,
            &quot;PricingVariableId&quot; : &quot;a2rf4000000Qwz7AAC&quot;,
            &quot;AdjustmentValue&quot; : 1000
          }, {
            &quot;TimePolicyId&quot; : &quot;a3Af40000009YaJEAU&quot;,
            &quot;Name&quot; : &quot;Discount PRicing2-2&quot;,
            &quot;TimePlanId&quot; : &quot;a39f4000000R2vhAAC&quot;,
            &quot;OpptyDiscountId&quot; : &quot;a42f4000000MCYVAA4&quot;,
            &quot;PricingVariableId&quot; : &quot;a2rf4000000Qwz7AAC&quot;,
            &quot;AdjustmentValue&quot; : 1000
          } ],
          &quot;DiscountItem&quot; : [ {
            &quot;Name&quot; : &quot;DiscountItem2-2&quot;,
            &quot;OpptyDiscountId&quot; : &quot;a42f4000000MCYVAA4&quot;,
            &quot;ProductId&quot; : &quot;01tf4000003hmOdAAI&quot;,
            &quot;Description&quot; : &quot;slkndekaw&quot;,
            &quot;CatalogCategoryId&quot; : &quot;a0Ff4000003W2I7EAK&quot;
          }, {
            &quot;Name&quot; : &quot;DiscountItem2-2&quot;,
            &quot;OpptyDiscountId&quot; : &quot;a42f4000000MCYVAA4&quot;,
            &quot;ProductId&quot; : &quot;01tf4000003hmOdAAI&quot;,
            &quot;Description&quot; : &quot;slkndekaw&quot;,
            &quot;CatalogCategoryId&quot; : &quot;a0Ff4000003W2I7EAK&quot;
          } ],
          &quot;EffectiveStartDate&quot; : &quot;2019-02-14T21:25:00.000Z&quot;,
          &quot;Description&quot; : &quot;cvxfd&quot;,
          &quot;AppliesToAllItems&quot; : true,
          &quot;TemplateId&quot; : &quot;a2yf4000000unwXAAQ&quot;,
          &quot;ReferenceNumber&quot; : &quot;2222222&quot;,
          &quot;EffectiveEndDate&quot; : &quot;2020-02-19T21:25:00.000Z&quot;,
          &quot;Name&quot; : &quot;Discount2222&quot;
        } ],
        &quot;DocumentTemplateId&quot; : &quot;a0Xf4000002iBDVEA2&quot;,
        &quot;DocumentCreationSource&quot; : &quot;Generate&quot;
      },
      &quot;Status&quot; : &quot;Draft&quot;,
      &quot;Id&quot; : &quot;800f4000000daprAAA&quot;
    }, {
      &quot;Version&quot; : {
        &quot;Discount&quot; : [ {
          &quot;EffectiveStartDate&quot; : &quot;2019-02-14T21:25:00.000Z&quot;,
          &quot;AppliesToAllItems&quot; : true,
          &quot;TemplateId&quot; : &quot;a2yf4000000unwXAAQ&quot;,
          &quot;ReferenceNumber&quot; : &quot;77777777&quot;,
          &quot;EffectiveEndDate&quot; : &quot;2020-02-19T21:25:00.000Z&quot;,
          &quot;Name&quot; : &quot;Discount33333&quot;
        }, {
          &quot;DiscountPricing&quot; : [ {
            &quot;Amount&quot; : 12,
            &quot;TimePolicyId&quot; : &quot;a3Af40000009YaJEAU&quot;,
            &quot;Name&quot; : &quot;Discount PRicing11&quot;,
            &quot;TimePlanId&quot; : &quot;a39f4000000R2vhAAC&quot;,
            &quot;OpptyDiscountId&quot; : &quot;a42f4000000MCYQAA4&quot;,
            &quot;PricingVariableId&quot; : &quot;a2rf4000000Qwz7AAC&quot;,
            &quot;AdjustmentValue&quot; : 1000
          }, {
            &quot;Amount&quot; : 12,
            &quot;TimePolicyId&quot; : &quot;a3Af40000009YaJEAU&quot;,
            &quot;Name&quot; : &quot;Discount PRicing11&quot;,
            &quot;TimePlanId&quot; : &quot;a39f4000000R2vhAAC&quot;,
            &quot;OpptyDiscountId&quot; : &quot;a42f4000000MCYQAA4&quot;,
            &quot;PricingVariableId&quot; : &quot;a2rf4000000Qwz7AAC&quot;,
            &quot;AdjustmentValue&quot; : 1000
          } ],
          &quot;DiscountItem&quot; : [ {
            &quot;Name&quot; : &quot;DiscountItem1&quot;,
            &quot;OpptyDiscountId&quot; : &quot;a42f4000000MCYQAA4&quot;,
            &quot;ProductId&quot; : &quot;01tf4000001opAuAAI&quot;,
            &quot;Description&quot; : &quot;sdkjakda&quot;,
            &quot;CatalogCategoryId&quot; : &quot;a0Ff4000003W2I7EAK&quot;
          }, {
            &quot;Name&quot; : &quot;DiscountItem2&quot;,
            &quot;OpptyDiscountId&quot; : &quot;a42f4000000MCYQAA4&quot;,
            &quot;ProductId&quot; : &quot;01tf4000001opAuAAI&quot;,
            &quot;Description&quot; : &quot;sdkjakdascdasds&quot;,
            &quot;CatalogCategoryId&quot; : &quot;a0Ff4000003W2I7EAK&quot;
          }, {
            &quot;Name&quot; : &quot;DiscountItem1&quot;,
            &quot;OpptyDiscountId&quot; : &quot;a42f4000000MCYQAA4&quot;,
            &quot;ProductId&quot; : &quot;01tf4000001opAuAAI&quot;,
            &quot;Description&quot; : &quot;sdkjakda&quot;,
            &quot;CatalogCategoryId&quot; : &quot;a0Ff4000003W2I7EAK&quot;
          }, {
            &quot;Name&quot; : &quot;DiscountItem2&quot;,
            &quot;OpptyDiscountId&quot; : &quot;a42f4000000MCYQAA4&quot;,
            &quot;ProductId&quot; : &quot;01tf4000001opAuAAI&quot;,
            &quot;Description&quot; : &quot;sdkjakdascdasds&quot;,
            &quot;CatalogCategoryId&quot; : &quot;a0Ff4000003W2I7EAK&quot;
          } ],
          &quot;EffectiveStartDate&quot; : &quot;2019-02-14T21:25:00.000Z&quot;,
          &quot;Description&quot; : &quot;sdlaksasdjlasd&quot;,
          &quot;AppliesToAllItems&quot; : true,
          &quot;TemplateId&quot; : &quot;a2yf4000000unwXAAQ&quot;,
          &quot;ReferenceNumber&quot; : &quot;111111111&quot;,
          &quot;EffectiveEndDate&quot; : &quot;2020-02-19T21:25:00.000Z&quot;,
          &quot;Name&quot; : &quot;Discount111&quot;
        }, {
          &quot;DiscountPricing&quot; : [ {
            &quot;TimePolicyId&quot; : &quot;a3Af40000009YaJEAU&quot;,
            &quot;Name&quot; : &quot;Discount PRicing2-1&quot;,
            &quot;TimePlanId&quot; : &quot;a39f4000000R2vhAAC&quot;,
            &quot;OpptyDiscountId&quot; : &quot;a42f4000000MCYVAA4&quot;,
            &quot;PricingVariableId&quot; : &quot;a2rf4000000Qwz7AAC&quot;,
            &quot;AdjustmentValue&quot; : 1000
          }, {
            &quot;TimePolicyId&quot; : &quot;a3Af40000009YaJEAU&quot;,
            &quot;Name&quot; : &quot;Discount PRicing2-2&quot;,
            &quot;TimePlanId&quot; : &quot;a39f4000000R2vhAAC&quot;,
            &quot;OpptyDiscountId&quot; : &quot;a42f4000000MCYVAA4&quot;,
            &quot;PricingVariableId&quot; : &quot;a2rf4000000Qwz7AAC&quot;,
            &quot;AdjustmentValue&quot; : 1000
          }, {
            &quot;TimePolicyId&quot; : &quot;a3Af40000009YaJEAU&quot;,
            &quot;Name&quot; : &quot;Discount PRicing2-1&quot;,
            &quot;TimePlanId&quot; : &quot;a39f4000000R2vhAAC&quot;,
            &quot;OpptyDiscountId&quot; : &quot;a42f4000000MCYVAA4&quot;,
            &quot;PricingVariableId&quot; : &quot;a2rf4000000Qwz7AAC&quot;,
            &quot;AdjustmentValue&quot; : 1000
          }, {
            &quot;TimePolicyId&quot; : &quot;a3Af40000009YaJEAU&quot;,
            &quot;Name&quot; : &quot;Discount PRicing2-2&quot;,
            &quot;TimePlanId&quot; : &quot;a39f4000000R2vhAAC&quot;,
            &quot;OpptyDiscountId&quot; : &quot;a42f4000000MCYVAA4&quot;,
            &quot;PricingVariableId&quot; : &quot;a2rf4000000Qwz7AAC&quot;,
            &quot;AdjustmentValue&quot; : 1000
          } ],
          &quot;DiscountItem&quot; : [ {
            &quot;Name&quot; : &quot;DiscountItem2-2&quot;,
            &quot;OpptyDiscountId&quot; : &quot;a42f4000000MCYVAA4&quot;,
            &quot;ProductId&quot; : &quot;01tf4000003hmOdAAI&quot;,
            &quot;Description&quot; : &quot;slkndekaw&quot;,
            &quot;CatalogCategoryId&quot; : &quot;a0Ff4000003W2I7EAK&quot;
          }, {
            &quot;Name&quot; : &quot;DiscountItem2-2&quot;,
            &quot;OpptyDiscountId&quot; : &quot;a42f4000000MCYVAA4&quot;,
            &quot;ProductId&quot; : &quot;01tf4000003hmOdAAI&quot;,
            &quot;Description&quot; : &quot;slkndekaw&quot;,
            &quot;CatalogCategoryId&quot; : &quot;a0Ff4000003W2I7EAK&quot;
          } ],
          &quot;EffectiveStartDate&quot; : &quot;2019-02-14T21:25:00.000Z&quot;,
          &quot;Description&quot; : &quot;cvxfd&quot;,
          &quot;AppliesToAllItems&quot; : true,
          &quot;TemplateId&quot; : &quot;a2yf4000000unwXAAQ&quot;,
          &quot;ReferenceNumber&quot; : &quot;2222222&quot;,
          &quot;EffectiveEndDate&quot; : &quot;2020-02-19T21:25:00.000Z&quot;,
          &quot;Name&quot; : &quot;Discount2222&quot;
        } ],
        &quot;DocumentCreationSource&quot; : &quot;Generate&quot;
      },
      &quot;Status&quot; : &quot;Draft&quot;,
      &quot;Id&quot; : &quot;800f4000000dapwAAA&quot;
    } ],
    &quot;AccountId&quot; : &quot;001f400000R8I3eAAF&quot;,
    &quot;Name&quot; : &quot;Test123&quot;
  }
}</expectedInputJson>
    <fieldLevelSecurityEnabled>false</fieldLevelSecurityEnabled>
    <inputType>JSON</inputType>
    <name>UpdateContractDiscountsOppty</name>
    <nullInputsIncludedInOutput>false</nullInputsIncludedInOutput>
    <omniDataTransformItem>
        <disabled>false</disabled>
        <filterGroup>0.0</filterGroup>
        <globalKey>UpdateContractDiscountsOpptyCustoma0Nf4000004AIvQEAWItem20</globalKey>
        <inputFieldName>Oppty:FrameContract:Version:Discount:DiscountItem:CatalogCategoryId</inputFieldName>
        <inputObjectQuerySequence>0.0</inputObjectQuerySequence>
        <linkedObjectSequence>0.0</linkedObjectSequence>
        <name>UpdateContractDiscountsOppty</name>
        <outputCreationSequence>4.0</outputCreationSequence>
        <outputFieldName>vlocity_cmt__CatalogCategoryId__c</outputFieldName>
        <outputObjectName>vlocity_cmt__ContractVersionDiscountItem__c</outputObjectName>
        <requiredForUpsert>false</requiredForUpsert>
        <upsertKey>false</upsertKey>
    </omniDataTransformItem>
    <omniDataTransformItem>
        <disabled>false</disabled>
        <filterGroup>0.0</filterGroup>
        <formulaConverted>var:Contract:id</formulaConverted>
        <formulaExpression>Contract:id</formulaExpression>
        <formulaResultPath>Contract:Id</formulaResultPath>
        <formulaSequence>1.0</formulaSequence>
        <globalKey>UpdateContractDiscountsOpptyCustoma0Nf4000004AIvQEAWItem0</globalKey>
        <inputObjectQuerySequence>0.0</inputObjectQuerySequence>
        <linkedObjectSequence>0.0</linkedObjectSequence>
        <name>UpdateContractDiscountsOppty</name>
        <outputCreationSequence>0.0</outputCreationSequence>
        <outputFieldName>Formula</outputFieldName>
        <outputObjectName>Formula</outputObjectName>
        <requiredForUpsert>false</requiredForUpsert>
        <upsertKey>false</upsertKey>
    </omniDataTransformItem>
    <omniDataTransformItem>
        <disabled>false</disabled>
        <filterGroup>0.0</filterGroup>
        <globalKey>UpdateContractDiscountsOpptyCustoma0Nf4000004AIvQEAWItem22</globalKey>
        <inputFieldName>Oppty:FrameContract:Version:Discount:DiscountItem:Name</inputFieldName>
        <inputObjectQuerySequence>0.0</inputObjectQuerySequence>
        <linkedObjectSequence>0.0</linkedObjectSequence>
        <name>UpdateContractDiscountsOppty</name>
        <outputCreationSequence>4.0</outputCreationSequence>
        <outputFieldName>Name</outputFieldName>
        <outputObjectName>vlocity_cmt__ContractVersionDiscountItem__c</outputObjectName>
        <requiredForUpsert>true</requiredForUpsert>
        <upsertKey>false</upsertKey>
    </omniDataTransformItem>
    <omniDataTransformItem>
        <disabled>false</disabled>
        <filterGroup>0.0</filterGroup>
        <globalKey>UpdateContractDiscountsOpptyCustoma0Nf4000004AIvQEAWItem23</globalKey>
        <inputFieldName>Oppty:FrameContract:Version:Discount:DiscountItem:ProductId</inputFieldName>
        <inputObjectQuerySequence>0.0</inputObjectQuerySequence>
        <linkedObjectSequence>0.0</linkedObjectSequence>
        <name>UpdateContractDiscountsOppty</name>
        <outputCreationSequence>4.0</outputCreationSequence>
        <outputFieldName>vlocity_cmt__ProductId__c</outputFieldName>
        <outputObjectName>vlocity_cmt__ContractVersionDiscountItem__c</outputObjectName>
        <requiredForUpsert>false</requiredForUpsert>
        <upsertKey>false</upsertKey>
    </omniDataTransformItem>
    <omniDataTransformItem>
        <disabled>false</disabled>
        <filterGroup>0.0</filterGroup>
        <filterOperator>=</filterOperator>
        <globalKey>UpdateContractDiscountsOpptyCustoma0Nf4000004AIvQEAWItem19</globalKey>
        <inputObjectQuerySequence>0.0</inputObjectQuerySequence>
        <linkedFieldName>Id</linkedFieldName>
        <linkedObjectSequence>3.0</linkedObjectSequence>
        <migrationValue>FAKEMAPPING</migrationValue>
        <name>UpdateContractDiscountsOppty</name>
        <outputCreationSequence>4.0</outputCreationSequence>
        <outputFieldName>vlocity_cmt__ContractVersionDiscountId__c</outputFieldName>
        <outputObjectName>vlocity_cmt__ContractVersionDiscountItem__c</outputObjectName>
        <requiredForUpsert>false</requiredForUpsert>
        <transformValuesMappings>{
  &quot;&quot; : &quot;&quot;
}</transformValuesMappings>
        <upsertKey>false</upsertKey>
    </omniDataTransformItem>
    <omniDataTransformItem>
        <disabled>false</disabled>
        <filterGroup>0.0</filterGroup>
        <globalKey>UpdateContractDiscountsOpptyCustoma0Nf4000004AIvQEAWItem21</globalKey>
        <inputFieldName>Oppty:FrameContract:Version:Discount:DiscountItem:Description</inputFieldName>
        <inputObjectQuerySequence>0.0</inputObjectQuerySequence>
        <linkedObjectSequence>0.0</linkedObjectSequence>
        <name>UpdateContractDiscountsOppty</name>
        <outputCreationSequence>4.0</outputCreationSequence>
        <outputFieldName>vlocity_cmt__Description__c</outputFieldName>
        <outputObjectName>vlocity_cmt__ContractVersionDiscountItem__c</outputObjectName>
        <requiredForUpsert>false</requiredForUpsert>
        <upsertKey>false</upsertKey>
    </omniDataTransformItem>
    <omniDataTransformItem>
        <disabled>false</disabled>
        <filterGroup>0.0</filterGroup>
        <globalKey>UpdateContractDiscountsOpptyCustoma0Nf4000004AIvQEAWItem17</globalKey>
        <inputFieldName>Oppty:FrameContract:Version:Discount:TemplateId</inputFieldName>
        <inputObjectQuerySequence>0.0</inputObjectQuerySequence>
        <linkedObjectSequence>0.0</linkedObjectSequence>
        <name>UpdateContractDiscountsOppty</name>
        <outputCreationSequence>3.0</outputCreationSequence>
        <outputFieldName>vlocity_cmt__DiscountTemplateId__c</outputFieldName>
        <outputObjectName>vlocity_cmt__ContractVersionDiscount__c</outputObjectName>
        <requiredForUpsert>false</requiredForUpsert>
        <upsertKey>false</upsertKey>
    </omniDataTransformItem>
    <omniDataTransformItem>
        <disabled>false</disabled>
        <filterGroup>0.0</filterGroup>
        <globalKey>UpdateContractDiscountsOpptyCustoma0Nf4000004AIvQEAWItem7</globalKey>
        <inputFieldName>OpptyId</inputFieldName>
        <inputObjectQuerySequence>0.0</inputObjectQuerySequence>
        <linkedObjectSequence>0.0</linkedObjectSequence>
        <name>UpdateContractDiscountsOppty</name>
        <outputCreationSequence>1.0</outputCreationSequence>
        <outputFieldName>vlocity_cmt__OpportunityId__c</outputFieldName>
        <outputObjectName>Contract</outputObjectName>
        <requiredForUpsert>false</requiredForUpsert>
        <upsertKey>false</upsertKey>
    </omniDataTransformItem>
    <omniDataTransformItem>
        <disabled>true</disabled>
        <filterGroup>0.0</filterGroup>
        <filterOperator>=</filterOperator>
        <globalKey>UpdateContractDiscountsOpptyCustoma0Nf4000004AIvQEAWItem8</globalKey>
        <inputObjectQuerySequence>0.0</inputObjectQuerySequence>
        <linkedObjectSequence>0.0</linkedObjectSequence>
        <migrationValue>FAKEMAPPING</migrationValue>
        <name>UpdateContractDiscountsOppty</name>
        <outputCreationSequence>2.0</outputCreationSequence>
        <outputFieldName>Id</outputFieldName>
        <outputObjectName>vlocity_cmt__ContractVersion__c</outputObjectName>
        <requiredForUpsert>false</requiredForUpsert>
        <upsertKey>false</upsertKey>
    </omniDataTransformItem>
    <omniDataTransformItem>
        <disabled>false</disabled>
        <filterGroup>0.0</filterGroup>
        <globalKey>UpdateContractDiscountsOpptyCustoma0Nf4000004AIvQEAWItem6</globalKey>
        <inputFieldName>Oppty:originalFrameContractId</inputFieldName>
        <inputObjectQuerySequence>0.0</inputObjectQuerySequence>
        <linkedObjectSequence>0.0</linkedObjectSequence>
        <name>UpdateContractDiscountsOppty</name>
        <outputCreationSequence>1.0</outputCreationSequence>
        <outputFieldName>vlocity_cmt__OriginalContractId__c</outputFieldName>
        <outputObjectName>Contract</outputObjectName>
        <requiredForUpsert>false</requiredForUpsert>
        <upsertKey>false</upsertKey>
    </omniDataTransformItem>
    <omniDataTransformItem>
        <disabled>false</disabled>
        <filterGroup>0.0</filterGroup>
        <globalKey>UpdateContractDiscountsOpptyCustoma0Nf4000004AIvQEAWItem2</globalKey>
        <inputFieldName>isFrameContract</inputFieldName>
        <inputObjectQuerySequence>0.0</inputObjectQuerySequence>
        <linkedObjectSequence>0.0</linkedObjectSequence>
        <name>UpdateContractDiscountsOppty</name>
        <outputCreationSequence>1.0</outputCreationSequence>
        <outputFieldName>vlocity_cmt__IsFrameContract__c</outputFieldName>
        <outputObjectName>Contract</outputObjectName>
        <requiredForUpsert>false</requiredForUpsert>
        <upsertKey>false</upsertKey>
    </omniDataTransformItem>
    <omniDataTransformItem>
        <disabled>false</disabled>
        <filterGroup>0.0</filterGroup>
        <globalKey>UpdateContractDiscountsOpptyCustoma0Nf4000004AIvQEAWItem4</globalKey>
        <inputFieldName>Oppty:FrameContract:Id</inputFieldName>
        <inputObjectQuerySequence>0.0</inputObjectQuerySequence>
        <linkedObjectSequence>0.0</linkedObjectSequence>
        <name>UpdateContractDiscountsOppty</name>
        <outputCreationSequence>1.0</outputCreationSequence>
        <outputFieldName>Id</outputFieldName>
        <outputObjectName>Contract</outputObjectName>
        <requiredForUpsert>false</requiredForUpsert>
        <upsertKey>true</upsertKey>
    </omniDataTransformItem>
    <omniDataTransformItem>
        <disabled>false</disabled>
        <filterGroup>0.0</filterGroup>
        <globalKey>UpdateContractDiscountsOpptyCustoma0Nf4000004AIvQEAWItem5</globalKey>
        <inputFieldName>Oppty:Name</inputFieldName>
        <inputObjectName>json</inputObjectName>
        <inputObjectQuerySequence>0.0</inputObjectQuerySequence>
        <linkedObjectSequence>0.0</linkedObjectSequence>
        <name>UpdateContractDiscountsOppty</name>
        <outputCreationSequence>1.0</outputCreationSequence>
        <outputFieldName>Name</outputFieldName>
        <outputObjectName>Contract</outputObjectName>
        <requiredForUpsert>false</requiredForUpsert>
        <upsertKey>false</upsertKey>
    </omniDataTransformItem>
    <omniDataTransformItem>
        <disabled>false</disabled>
        <filterGroup>0.0</filterGroup>
        <globalKey>UpdateContractDiscountsOpptyCustoma0Nf4000004AIvQEAWItem1</globalKey>
        <inputFieldName>ContractStatus</inputFieldName>
        <inputObjectQuerySequence>0.0</inputObjectQuerySequence>
        <linkedObjectSequence>0.0</linkedObjectSequence>
        <name>UpdateContractDiscountsOppty</name>
        <outputCreationSequence>1.0</outputCreationSequence>
        <outputFieldName>Status</outputFieldName>
        <outputObjectName>Contract</outputObjectName>
        <requiredForUpsert>false</requiredForUpsert>
        <upsertKey>false</upsertKey>
    </omniDataTransformItem>
    <omniDataTransformItem>
        <disabled>false</disabled>
        <filterGroup>0.0</filterGroup>
        <globalKey>UpdateContractDiscountsOpptyCustoma0Nf4000004AIvQEAWItem3</globalKey>
        <inputFieldName>Oppty:AccountId</inputFieldName>
        <inputObjectName>json</inputObjectName>
        <inputObjectQuerySequence>0.0</inputObjectQuerySequence>
        <linkedObjectSequence>0.0</linkedObjectSequence>
        <name>UpdateContractDiscountsOppty</name>
        <outputCreationSequence>1.0</outputCreationSequence>
        <outputFieldName>AccountId</outputFieldName>
        <outputObjectName>Contract</outputObjectName>
        <requiredForUpsert>false</requiredForUpsert>
        <upsertKey>false</upsertKey>
    </omniDataTransformItem>
    <omniDataTransformItem>
        <disabled>false</disabled>
        <filterGroup>0.0</filterGroup>
        <globalKey>UpdateContractDiscountsOpptyCustom2789</globalKey>
        <inputFieldName>Oppty:FrameContract:Version:DocumentTemplateId</inputFieldName>
        <inputObjectQuerySequence>0.0</inputObjectQuerySequence>
        <linkedObjectSequence>0.0</linkedObjectSequence>
        <name>UpdateContractDiscountsOppty</name>
        <outputCreationSequence>2.0</outputCreationSequence>
        <outputFieldName>vlocity_cmt__DocumentTemplateId__c</outputFieldName>
        <outputObjectName>vlocity_cmt__ContractVersion__c</outputObjectName>
        <requiredForUpsert>false</requiredForUpsert>
        <upsertKey>false</upsertKey>
    </omniDataTransformItem>
    <omniDataTransformItem>
        <disabled>false</disabled>
        <filterGroup>0.0</filterGroup>
        <globalKey>UpdateContractDiscountsOpptyCustom5450</globalKey>
        <inputFieldName>Oppty:FrameContract:Version:Discount:AppliesToAllItems</inputFieldName>
        <inputObjectQuerySequence>0.0</inputObjectQuerySequence>
        <linkedObjectSequence>0.0</linkedObjectSequence>
        <name>UpdateContractDiscountsOppty</name>
        <outputCreationSequence>3.0</outputCreationSequence>
        <outputFieldName>vlocity_cmt__AppliesToAllItems__c</outputFieldName>
        <outputObjectName>vlocity_cmt__ContractVersionDiscount__c</outputObjectName>
        <requiredForUpsert>false</requiredForUpsert>
        <upsertKey>false</upsertKey>
    </omniDataTransformItem>
    <omniDataTransformItem>
        <disabled>false</disabled>
        <filterGroup>0.0</filterGroup>
        <globalKey>UpdateContractDiscountsOpptyCustoma0Nf4000004AIvQEAWItem28</globalKey>
        <inputFieldName>Oppty:FrameContract:Version:Discount:DiscountPricing:Name</inputFieldName>
        <inputObjectQuerySequence>0.0</inputObjectQuerySequence>
        <linkedObjectSequence>0.0</linkedObjectSequence>
        <name>UpdateContractDiscountsOppty</name>
        <outputCreationSequence>5.0</outputCreationSequence>
        <outputFieldName>Name</outputFieldName>
        <outputObjectName>vlocity_cmt__ContractVersionDiscountPricing__c</outputObjectName>
        <requiredForUpsert>true</requiredForUpsert>
        <upsertKey>false</upsertKey>
    </omniDataTransformItem>
    <omniDataTransformItem>
        <disabled>false</disabled>
        <filterGroup>0.0</filterGroup>
        <globalKey>UpdateContractDiscountsOpptyCustoma0Nf4000004AIvQEAWItem29</globalKey>
        <inputFieldName>Oppty:FrameContract:Version:Discount:DiscountPricing:PricingVariableId</inputFieldName>
        <inputObjectQuerySequence>0.0</inputObjectQuerySequence>
        <linkedObjectSequence>0.0</linkedObjectSequence>
        <name>UpdateContractDiscountsOppty</name>
        <outputCreationSequence>5.0</outputCreationSequence>
        <outputFieldName>vlocity_cmt__PricingVariableId__c</outputFieldName>
        <outputObjectName>vlocity_cmt__ContractVersionDiscountPricing__c</outputObjectName>
        <requiredForUpsert>false</requiredForUpsert>
        <upsertKey>false</upsertKey>
    </omniDataTransformItem>
    <omniDataTransformItem>
        <disabled>false</disabled>
        <filterGroup>0.0</filterGroup>
        <globalKey>UpdateContractDiscountsOpptyCustoma0Nf4000004AIvQEAWItem30</globalKey>
        <inputFieldName>Oppty:FrameContract:Version:Discount:DiscountPricing:TimePlanId</inputFieldName>
        <inputObjectQuerySequence>0.0</inputObjectQuerySequence>
        <linkedObjectSequence>0.0</linkedObjectSequence>
        <name>UpdateContractDiscountsOppty</name>
        <outputCreationSequence>5.0</outputCreationSequence>
        <outputFieldName>vlocity_cmt__TimePlanId__c</outputFieldName>
        <outputObjectName>vlocity_cmt__ContractVersionDiscountPricing__c</outputObjectName>
        <requiredForUpsert>false</requiredForUpsert>
        <upsertKey>false</upsertKey>
    </omniDataTransformItem>
    <omniDataTransformItem>
        <disabled>false</disabled>
        <filterGroup>0.0</filterGroup>
        <globalKey>UpdateContractDiscountsOpptyCustoma0Nf4000004AIvQEAWItem27</globalKey>
        <inputFieldName>Oppty:FrameContract:Version:Discount:DiscountPricing:Amount</inputFieldName>
        <inputObjectQuerySequence>0.0</inputObjectQuerySequence>
        <linkedObjectSequence>0.0</linkedObjectSequence>
        <name>UpdateContractDiscountsOppty</name>
        <outputCreationSequence>5.0</outputCreationSequence>
        <outputFieldName>vlocity_cmt__Amount__c</outputFieldName>
        <outputObjectName>vlocity_cmt__ContractVersionDiscountPricing__c</outputObjectName>
        <requiredForUpsert>false</requiredForUpsert>
        <upsertKey>false</upsertKey>
    </omniDataTransformItem>
    <omniDataTransformItem>
        <disabled>false</disabled>
        <filterGroup>0.0</filterGroup>
        <globalKey>UpdateContractDiscountsOpptyCustoma0Nf4000004AIvQEAWItem31</globalKey>
        <inputFieldName>Oppty:FrameContract:Version:Discount:DiscountPricing:TimePolicyId</inputFieldName>
        <inputObjectQuerySequence>0.0</inputObjectQuerySequence>
        <linkedObjectSequence>0.0</linkedObjectSequence>
        <name>UpdateContractDiscountsOppty</name>
        <outputCreationSequence>5.0</outputCreationSequence>
        <outputFieldName>vlocity_cmt__TimePolicyId__c</outputFieldName>
        <outputObjectName>vlocity_cmt__ContractVersionDiscountPricing__c</outputObjectName>
        <requiredForUpsert>false</requiredForUpsert>
        <upsertKey>false</upsertKey>
    </omniDataTransformItem>
    <omniDataTransformItem>
        <disabled>false</disabled>
        <filterGroup>0.0</filterGroup>
        <filterOperator>=</filterOperator>
        <globalKey>UpdateContractDiscountsOpptyCustoma0Nf4000004AIvQEAWItem13</globalKey>
        <inputObjectQuerySequence>0.0</inputObjectQuerySequence>
        <linkedFieldName>Id</linkedFieldName>
        <linkedObjectSequence>2.0</linkedObjectSequence>
        <migrationValue>FAKEMAPPING</migrationValue>
        <name>UpdateContractDiscountsOppty</name>
        <outputCreationSequence>3.0</outputCreationSequence>
        <outputFieldName>vlocity_cmt__ContractVersionId__c</outputFieldName>
        <outputObjectName>vlocity_cmt__ContractVersionDiscount__c</outputObjectName>
        <requiredForUpsert>false</requiredForUpsert>
        <upsertKey>false</upsertKey>
    </omniDataTransformItem>
    <omniDataTransformItem>
        <disabled>true</disabled>
        <filterGroup>0.0</filterGroup>
        <filterOperator>=</filterOperator>
        <globalKey>UpdateContractDiscountsOpptyCustoma0Nf4000004AIvQEAWItem18</globalKey>
        <inputObjectQuerySequence>0.0</inputObjectQuerySequence>
        <linkedObjectSequence>0.0</linkedObjectSequence>
        <migrationValue>FAKEMAPPING</migrationValue>
        <name>UpdateContractDiscountsOppty</name>
        <outputCreationSequence>4.0</outputCreationSequence>
        <outputFieldName>Id</outputFieldName>
        <outputObjectName>vlocity_cmt__ContractVersionDiscountItem__c</outputObjectName>
        <requiredForUpsert>false</requiredForUpsert>
        <upsertKey>false</upsertKey>
    </omniDataTransformItem>
    <omniDataTransformItem>
        <disabled>false</disabled>
        <filterGroup>0.0</filterGroup>
        <filterOperator>=</filterOperator>
        <globalKey>UpdateContractDiscountsOpptyCustoma0Nf4000004AIvQEAWItem25</globalKey>
        <inputObjectQuerySequence>0.0</inputObjectQuerySequence>
        <linkedFieldName>Id</linkedFieldName>
        <linkedObjectSequence>3.0</linkedObjectSequence>
        <migrationValue>FAKEMAPPING</migrationValue>
        <name>UpdateContractDiscountsOppty</name>
        <outputCreationSequence>5.0</outputCreationSequence>
        <outputFieldName>vlocity_cmt__ContractVersionDiscountId__c</outputFieldName>
        <outputObjectName>vlocity_cmt__ContractVersionDiscountPricing__c</outputObjectName>
        <requiredForUpsert>false</requiredForUpsert>
        <upsertKey>false</upsertKey>
    </omniDataTransformItem>
    <omniDataTransformItem>
        <disabled>false</disabled>
        <filterGroup>0.0</filterGroup>
        <globalKey>UpdateContractDiscountsOpptyCustoma0Nf4000004AIvQEAWItem14</globalKey>
        <inputFieldName>Oppty:FrameContract:Version:Discount:Description</inputFieldName>
        <inputObjectQuerySequence>0.0</inputObjectQuerySequence>
        <linkedObjectSequence>0.0</linkedObjectSequence>
        <name>UpdateContractDiscountsOppty</name>
        <outputCreationSequence>3.0</outputCreationSequence>
        <outputFieldName>vlocity_cmt__Description__c</outputFieldName>
        <outputObjectName>vlocity_cmt__ContractVersionDiscount__c</outputObjectName>
        <requiredForUpsert>false</requiredForUpsert>
        <upsertKey>false</upsertKey>
    </omniDataTransformItem>
    <omniDataTransformItem>
        <disabled>false</disabled>
        <filterGroup>0.0</filterGroup>
        <globalKey>UpdateContractDiscountsOpptyCustoma0Nf4000004AIvQEAWItem15</globalKey>
        <inputFieldName>Oppty:FrameContract:Version:Discount:Name</inputFieldName>
        <inputObjectQuerySequence>0.0</inputObjectQuerySequence>
        <linkedObjectSequence>0.0</linkedObjectSequence>
        <name>UpdateContractDiscountsOppty</name>
        <outputCreationSequence>3.0</outputCreationSequence>
        <outputFieldName>Name</outputFieldName>
        <outputObjectName>vlocity_cmt__ContractVersionDiscount__c</outputObjectName>
        <requiredForUpsert>false</requiredForUpsert>
        <upsertKey>false</upsertKey>
    </omniDataTransformItem>
    <omniDataTransformItem>
        <disabled>false</disabled>
        <filterGroup>0.0</filterGroup>
        <globalKey>UpdateContractDiscountsOpptyCustoma0Nf4000004AIvQEAWItem11</globalKey>
        <inputFieldName>VersionStatus</inputFieldName>
        <inputObjectQuerySequence>0.0</inputObjectQuerySequence>
        <linkedObjectSequence>0.0</linkedObjectSequence>
        <name>UpdateContractDiscountsOppty</name>
        <outputCreationSequence>2.0</outputCreationSequence>
        <outputFieldName>vlocity_cmt__Status__c</outputFieldName>
        <outputObjectName>vlocity_cmt__ContractVersion__c</outputObjectName>
        <requiredForUpsert>false</requiredForUpsert>
        <upsertKey>false</upsertKey>
    </omniDataTransformItem>
    <omniDataTransformItem>
        <disabled>true</disabled>
        <filterGroup>0.0</filterGroup>
        <filterOperator>=</filterOperator>
        <globalKey>UpdateContractDiscountsOpptyCustoma0Nf4000004AIvQEAWItem12</globalKey>
        <inputObjectQuerySequence>0.0</inputObjectQuerySequence>
        <linkedObjectSequence>0.0</linkedObjectSequence>
        <migrationValue>FAKEMAPPING</migrationValue>
        <name>UpdateContractDiscountsOppty</name>
        <outputCreationSequence>3.0</outputCreationSequence>
        <outputFieldName>Id</outputFieldName>
        <outputObjectName>vlocity_cmt__ContractVersionDiscount__c</outputObjectName>
        <requiredForUpsert>false</requiredForUpsert>
        <upsertKey>false</upsertKey>
    </omniDataTransformItem>
    <omniDataTransformItem>
        <disabled>false</disabled>
        <filterGroup>0.0</filterGroup>
        <filterOperator>=</filterOperator>
        <globalKey>UpdateContractDiscountsOpptyCustoma0Nf4000004AIvQEAWItem9</globalKey>
        <inputObjectQuerySequence>0.0</inputObjectQuerySequence>
        <linkedFieldName>Id</linkedFieldName>
        <linkedObjectSequence>1.0</linkedObjectSequence>
        <migrationValue>FAKEMAPPING</migrationValue>
        <name>UpdateContractDiscountsOppty</name>
        <outputCreationSequence>2.0</outputCreationSequence>
        <outputFieldName>vlocity_cmt__ContractId__c</outputFieldName>
        <outputObjectName>vlocity_cmt__ContractVersion__c</outputObjectName>
        <requiredForUpsert>false</requiredForUpsert>
        <upsertKey>false</upsertKey>
    </omniDataTransformItem>
    <omniDataTransformItem>
        <disabled>false</disabled>
        <filterGroup>0.0</filterGroup>
        <globalKey>UpdateContractDiscountsOpptyCustoma0Nf4000004AIvQEAWItem10</globalKey>
        <inputFieldName>Oppty:FrameContract:Id</inputFieldName>
        <inputObjectQuerySequence>0.0</inputObjectQuerySequence>
        <linkedObjectSequence>0.0</linkedObjectSequence>
        <name>UpdateContractDiscountsOppty</name>
        <outputCreationSequence>2.0</outputCreationSequence>
        <outputFieldName>vlocity_cmt__ContractId__c</outputFieldName>
        <outputObjectName>vlocity_cmt__ContractVersion__c</outputObjectName>
        <requiredForUpsert>false</requiredForUpsert>
        <upsertKey>false</upsertKey>
    </omniDataTransformItem>
    <omniDataTransformItem>
        <disabled>false</disabled>
        <filterGroup>0.0</filterGroup>
        <globalKey>UpdateContractDiscountsOpptyCustoma0Nf4000004AIvQEAWItem26</globalKey>
        <inputFieldName>Oppty:FrameContract:Version:Discount:DiscountPricing:AdjustmentValue</inputFieldName>
        <inputObjectQuerySequence>0.0</inputObjectQuerySequence>
        <linkedObjectSequence>0.0</linkedObjectSequence>
        <name>UpdateContractDiscountsOppty</name>
        <outputCreationSequence>5.0</outputCreationSequence>
        <outputFieldName>vlocity_cmt__AdjustmentValue__c</outputFieldName>
        <outputObjectName>vlocity_cmt__ContractVersionDiscountPricing__c</outputObjectName>
        <requiredForUpsert>false</requiredForUpsert>
        <upsertKey>false</upsertKey>
    </omniDataTransformItem>
    <omniDataTransformItem>
        <disabled>false</disabled>
        <filterGroup>0.0</filterGroup>
        <globalKey>UpdateContractDiscountsOpptyCustoma0Nf4000004AIvQEAWItem16</globalKey>
        <inputFieldName>Oppty:FrameContract:Version:Discount:ReferenceNumber</inputFieldName>
        <inputObjectQuerySequence>0.0</inputObjectQuerySequence>
        <linkedObjectSequence>0.0</linkedObjectSequence>
        <name>UpdateContractDiscountsOppty</name>
        <outputCreationSequence>3.0</outputCreationSequence>
        <outputFieldName>vlocity_cmt__ReferenceNumber__c</outputFieldName>
        <outputObjectName>vlocity_cmt__ContractVersionDiscount__c</outputObjectName>
        <requiredForUpsert>true</requiredForUpsert>
        <upsertKey>false</upsertKey>
    </omniDataTransformItem>
    <omniDataTransformItem>
        <disabled>true</disabled>
        <filterGroup>0.0</filterGroup>
        <filterOperator>=</filterOperator>
        <globalKey>UpdateContractDiscountsOpptyCustoma0Nf4000004AIvQEAWItem24</globalKey>
        <inputObjectQuerySequence>0.0</inputObjectQuerySequence>
        <linkedObjectSequence>0.0</linkedObjectSequence>
        <migrationValue>FAKEMAPPING</migrationValue>
        <name>UpdateContractDiscountsOppty</name>
        <outputCreationSequence>5.0</outputCreationSequence>
        <outputFieldName>Id</outputFieldName>
        <outputObjectName>vlocity_cmt__ContractVersionDiscountPricing__c</outputObjectName>
        <requiredForUpsert>false</requiredForUpsert>
        <upsertKey>false</upsertKey>
    </omniDataTransformItem>
    <outputType>SObject</outputType>
    <previewJsonData>{
  &quot;Quote&quot; : {
    &quot;FrameContractCount&quot; : 1,
    &quot;FrameContract&quot; : {
      &quot;Discount&quot; : [ {
        &quot;DiscountPricing&quot; : {
          &quot;QuoteDiscountId&quot; : &quot;a3uf4000000ImFsAAK&quot;,
          &quot;Name&quot; : &quot;Discount Pricing1-1&quot;,
          &quot;TimePolicyId&quot; : &quot;a3Af40000009YaJEAU&quot;,
          &quot;TimePlanId&quot; : &quot;a39f4000000R2vhAAC&quot;,
          &quot;PricingVariableId&quot; : &quot;a2rf4000000Qwz7AAC&quot;,
          &quot;Amount&quot; : 10,
          &quot;AdjustmentValue&quot; : 400
        },
        &quot;DiscountItem&quot; : {
          &quot;QuoteDiscountId&quot; : &quot;a3uf4000000ImFsAAK&quot;,
          &quot;Name&quot; : &quot;Discount Item 1-1&quot;,
          &quot;ProductId&quot; : &quot;01tf4000001opAuAAI&quot;,
          &quot;CatalogCategoryId&quot; : &quot;a0Ff4000003W2I7EAK&quot;
        },
        &quot;Name&quot; : &quot;QuoteDiscount1&quot;,
        &quot;ReferenceNumber&quot; : &quot;111111&quot;,
        &quot;EffectiveStartDate&quot; : &quot;2019-01-28T23:29:00.000Z&quot;,
        &quot;EffectiveEndDate&quot; : &quot;2020-01-28T23:40:00.000Z&quot;
      }, {
        &quot;Name&quot; : &quot;QuoteDiscount3&quot;,
        &quot;ReferenceNumber&quot; : &quot;3333333&quot;,
        &quot;EffectiveStartDate&quot; : &quot;2019-01-29T00:48:00.000Z&quot;
      }, {
        &quot;Name&quot; : &quot;New Quote4&quot;,
        &quot;ReferenceNumber&quot; : &quot;34444444&quot;,
        &quot;EffectiveStartDate&quot; : &quot;2019-01-29T23:38:00.000Z&quot;,
        &quot;EffectiveEndDate&quot; : &quot;2019-01-29T23:38:00.000Z&quot;
      } ],
      &quot;Status&quot; : &quot;Draft&quot;,
      &quot;Id&quot; : &quot;800f4000000wMGlAAM&quot;
    },
    &quot;Name&quot; : &quot;NewQuote3&quot;,
    &quot;AccountId&quot; : &quot;001f400000R8I3eAAF&quot;
  }
}</previewJsonData>
    <processSuperBulk>false</processSuperBulk>
    <responseCacheTtlMinutes>0.0</responseCacheTtlMinutes>
    <rollbackOnError>false</rollbackOnError>
    <sourceObject>json</sourceObject>
    <sourceObjectDefault>false</sourceObjectDefault>
    <synchronousProcessThreshold>0.0</synchronousProcessThreshold>
    <type>Load</type>
    <uniqueName>UpdateContractDiscountsOppty_1</uniqueName>
    <versionNumber>1.0</versionNumber>
    <xmlDeclarationRemoved>false</xmlDeclarationRemoved>
</OmniDataTransform>
