<?xml version="1.0" encoding="UTF-8"?>
<OmniDataTransform xmlns="http://soap.sforce.com/2006/04/metadata">
    <active>false</active>
    <assignmentRulesUsed>false</assignmentRulesUsed>
    <deletedOnSuccess>false</deletedOnSuccess>
    <errorIgnored>false</errorIgnored>
    <expectedInputJson>{
  &quot;ApexGetOffers&quot; : {
    &quot;contextKey&quot; : &quot;8a62f9c267b633484970f5e46dbc287f&quot;,
    &quot;error&quot; : &quot;OK&quot;,
    &quot;errorCode&quot; : &quot;INVOKE-200&quot;,
    &quot;offers&quot; : [ {
      &quot;vlocity_cmt__IsOrderable__c&quot; : true,
      &quot;vlocity_cmt__SellingStartDate__c&quot; : &quot;2021-01-26T20:00:00.000Z&quot;,
      &quot;Attachments&quot; : [ {
        &quot;contentType&quot; : &quot;Image&quot;,
        &quot;defaultAttachment&quot; : false,
        &quot;description&quot; : null,
        &quot;displayConditionsData&quot; : null,
        &quot;mimeType&quot; : &quot;image/jpeg&quot;,
        &quot;sequenceNumber&quot; : 10,
        &quot;title&quot; : &quot;Boiler Insurance Test Image&quot;,
        &quot;url&quot; : &quot;https://t4.ftcdn.net/jpg/03/68/33/29/240_F_368332994_ponkHiJj9sArPqNIYrjLdfl7MeJAlsYR.jpg&quot;
      } ],
      &quot;AttributeCategory&quot; : {
        &quot;61669341-06cd-03a7-48b1-6da083425848&quot; : [ {
          &quot;$$AttributeDefinitionEnd$$&quot; : null,
          &quot;$$AttributeDefinitionStart$$&quot; : null,
          &quot;attributeRunTimeInfo&quot; : {
            &quot;dataType&quot; : &quot;Picklist&quot;,
            &quot;default&quot; : [ ],
            &quot;uiDisplayType&quot; : &quot;Dropdown&quot;,
            &quot;values&quot; : [ {
              &quot;displayText&quot; : &quot;Armagh&quot;,
              &quot;id&quot; : &quot;037d0aa8-3840-8a04-3b26-2c7645716d40&quot;,
              &quot;sequence&quot; : 10,
              &quot;value&quot; : &quot;Armagh&quot;
            }, {
              &quot;displayText&quot; : &quot;Chichester&quot;,
              &quot;id&quot; : &quot;977d56a0-3732-0671-f727-91b3dd9fff2d&quot;,
              &quot;sequence&quot; : 20,
              &quot;value&quot; : &quot;Chichester&quot;
            }, {
              &quot;displayText&quot; : &quot;Derby&quot;,
              &quot;id&quot; : &quot;d6675d0c-f932-e3c5-4313-fd2110efd248&quot;,
              &quot;sequence&quot; : 30,
              &quot;value&quot; : &quot;Derby&quot;
            }, {
              &quot;displayText&quot; : &quot;London&quot;,
              &quot;id&quot; : &quot;3e6915be-2d29-f395-0f0e-37cab6e81773&quot;,
              &quot;sequence&quot; : 40,
              &quot;value&quot; : &quot;London&quot;
            }, {
              &quot;displayText&quot; : &quot;Salisbury&quot;,
              &quot;id&quot; : &quot;1b185341-ea70-2c21-f34b-57ffe6d86251&quot;,
              &quot;sequence&quot; : 50,
              &quot;value&quot; : &quot;Salisbury&quot;
            } ]
          },
          &quot;attributecategoryid__c&quot; : &quot;a0O4x0000019pLxEAI&quot;,
          &quot;attributecloneable__c&quot; : true,
          &quot;attributeconfigurable__c&quot; : true,
          &quot;attributedisplayname__c&quot; : &quot;Distribution Region&quot;,
          &quot;attributedisplaysequence__c&quot; : &quot;20&quot;,
          &quot;attributefilterable__c&quot; : true,
          &quot;attributegrouptype__c&quot; : null,
          &quot;attributeid__c&quot; : &quot;a0P4x000002PNREEA4&quot;,
          &quot;attributeuniquecode__c&quot; : &quot;ATT_DISTRIBUTION_REGION&quot;,
          &quot;categorycode__c&quot; : &quot;61669341-06cd-03a7-48b1-6da083425848&quot;,
          &quot;categorydisplaysequence__c&quot; : 20,
          &quot;categoryname__c&quot; : &quot;Commodity Cost Components&quot;,
          &quot;customconfiguitemplate__c&quot; : null,
          &quot;displaysequence__c&quot; : &quot;20&quot;,
          &quot;formatmask__c&quot; : null,
          &quot;hasrule__c&quot; : false,
          &quot;id&quot; : &quot;a0M4x000001AKm4EAG&quot;,
          &quot;isactive__c&quot; : true,
          &quot;isconfigurable__c&quot; : true,
          &quot;ishidden__c&quot; : false,
          &quot;isnottranslatable__c&quot; : false,
          &quot;isquerydriven__c&quot; : false,
          &quot;isreadonly__c&quot; : false,
          &quot;isrequired__c&quot; : false,
          &quot;objectid__c&quot; : &quot;01t4x000000C7C0AAK&quot;,
          &quot;objecttype__c&quot; : &quot;vlocity_cmt__ObjectClass__c&quot;,
          &quot;querycode__c&quot; : null,
          &quot;querylabel__c&quot; : null,
          &quot;rulemessage__c&quot; : null,
          &quot;uidisplaytype__c&quot; : &quot;Dropdown&quot;,
          &quot;value__c&quot; : null,
          &quot;valuedatatype__c&quot; : &quot;Picklist&quot;,
          &quot;valuedescription__c&quot; : null,
          &quot;valueinnumber__c&quot; : null
        }, {
          &quot;$$AttributeDefinitionEnd$$&quot; : null,
          &quot;$$AttributeDefinitionStart$$&quot; : null,
          &quot;attributeRunTimeInfo&quot; : {
            &quot;dataType&quot; : &quot;Number&quot;,
            &quot;uiDisplayType&quot; : &quot;Single Value&quot;
          },
          &quot;attributecategoryid__c&quot; : &quot;a0O4x0000019pLxEAI&quot;,
          &quot;attributecloneable__c&quot; : true,
          &quot;attributeconfigurable__c&quot; : true,
          &quot;attributedisplayname__c&quot; : &quot;Usage Attribute&quot;,
          &quot;attributedisplaysequence__c&quot; : &quot;30&quot;,
          &quot;attributefilterable__c&quot; : true,
          &quot;attributegrouptype__c&quot; : null,
          &quot;attributeid__c&quot; : &quot;a0P4x000002PNVREA4&quot;,
          &quot;attributeuniquecode__c&quot; : &quot;ATT_USAGE&quot;,
          &quot;categorycode__c&quot; : &quot;61669341-06cd-03a7-48b1-6da083425848&quot;,
          &quot;categorydisplaysequence__c&quot; : 20,
          &quot;categoryname__c&quot; : &quot;Commodity Cost Components&quot;,
          &quot;customconfiguitemplate__c&quot; : null,
          &quot;displaysequence__c&quot; : &quot;20&quot;,
          &quot;formatmask__c&quot; : null,
          &quot;hasrule__c&quot; : false,
          &quot;id&quot; : &quot;a0M4x000001AKm3EAG&quot;,
          &quot;isactive__c&quot; : true,
          &quot;isconfigurable__c&quot; : false,
          &quot;ishidden__c&quot; : false,
          &quot;isnottranslatable__c&quot; : false,
          &quot;isquerydriven__c&quot; : false,
          &quot;isreadonly__c&quot; : false,
          &quot;isrequired__c&quot; : false,
          &quot;objectid__c&quot; : &quot;01t4x000000C7C0AAK&quot;,
          &quot;objecttype__c&quot; : &quot;vlocity_cmt__ObjectClass__c&quot;,
          &quot;querycode__c&quot; : null,
          &quot;querylabel__c&quot; : null,
          &quot;rulemessage__c&quot; : null,
          &quot;uidisplaytype__c&quot; : &quot;Single Value&quot;,
          &quot;value__c&quot; : null,
          &quot;valuedatatype__c&quot; : &quot;Number&quot;,
          &quot;valuedescription__c&quot; : null,
          &quot;valueinnumber__c&quot; : null
        } ]
      },
      &quot;IsActive&quot; : true,
      &quot;Name&quot; : &quot;Boiler Insurance&quot;,
      &quot;ProductCode&quot; : &quot;AD_BOILER_INSURANCE&quot;,
      &quot;addtocart&quot; : {
        &quot;rest&quot; : {
          &quot;link&quot; : &quot;v3/catalogs/EUADDONS/basket&quot;,
          &quot;method&quot; : &quot;POST&quot;,
          &quot;params&quot; : {
            &quot;basketAction&quot; : &quot;AddWithNoConfig&quot;,
            &quot;offer&quot; : &quot;AD_BOILER_INSURANCE&quot;
          }
        }
      },
      &quot;offerDetailsAction&quot; : {
        &quot;client&quot; : {
          &quot;params&quot; : { },
          &quot;records&quot; : [ ]
        },
        &quot;remote&quot; : {
          &quot;params&quot; : { }
        },
        &quot;rest&quot; : {
          &quot;link&quot; : &quot;/v3/catalogs/EUADDONS/offers/AD_BOILER_INSURANCE&quot;,
          &quot;method&quot; : &quot;GET&quot;,
          &quot;params&quot; : { }
        }
      },
      &quot;offerType&quot; : &quot;Product&quot;,
      &quot;priceResult&quot; : [ {
        &quot;Amount__c&quot; : 25,
        &quot;ChargeType__c&quot; : &quot;Recurring&quot;,
        &quot;DisplayText__c&quot; : &quot;25&quot;,
        &quot;IsBasePrice__c&quot; : true,
        &quot;IsVirtualPrice__c&quot; : false,
        &quot;RecurringFrequency__c&quot; : &quot;Monthly&quot;,
        &quot;SubType__c&quot; : &quot;Standard&quot;,
        &quot;Type__c&quot; : &quot;Price&quot;,
        &quot;adjustments&quot; : [ ],
        &quot;baseamount&quot; : 25,
        &quot;chargeamount&quot; : 25,
        &quot;effectivefromdatespec&quot; : null,
        &quot;effectiveuntildatespec&quot; : null,
        &quot;overrides&quot; : [ ]
      } ]
    }, {
      &quot;vlocity_cmt__IsOrderable__c&quot; : true,
      &quot;vlocity_cmt__SellingStartDate__c&quot; : &quot;2021-01-26T20:00:00.000Z&quot;,
      &quot;Attachments&quot; : [ {
        &quot;contentType&quot; : &quot;Image&quot;,
        &quot;defaultAttachment&quot; : false,
        &quot;description&quot; : null,
        &quot;displayConditionsData&quot; : null,
        &quot;mimeType&quot; : &quot;image/png&quot;,
        &quot;sequenceNumber&quot; : 10,
        &quot;title&quot; : &quot;Energy Audit Test Image&quot;,
        &quot;url&quot; : &quot;https://gesstabilizer.com/assets/img/product/energy.png&quot;
      } ],
      &quot;AttributeCategory&quot; : {
        &quot;61669341-06cd-03a7-48b1-6da083425848&quot; : [ {
          &quot;$$AttributeDefinitionEnd$$&quot; : null,
          &quot;$$AttributeDefinitionStart$$&quot; : null,
          &quot;attributeRunTimeInfo&quot; : {
            &quot;dataType&quot; : &quot;Picklist&quot;,
            &quot;default&quot; : [ ],
            &quot;uiDisplayType&quot; : &quot;Dropdown&quot;,
            &quot;values&quot; : [ {
              &quot;displayText&quot; : &quot;Armagh&quot;,
              &quot;id&quot; : &quot;037d0aa8-3840-8a04-3b26-2c7645716d40&quot;,
              &quot;sequence&quot; : 10,
              &quot;value&quot; : &quot;Armagh&quot;
            }, {
              &quot;displayText&quot; : &quot;Chichester&quot;,
              &quot;id&quot; : &quot;977d56a0-3732-0671-f727-91b3dd9fff2d&quot;,
              &quot;sequence&quot; : 20,
              &quot;value&quot; : &quot;Chichester&quot;
            }, {
              &quot;displayText&quot; : &quot;Derby&quot;,
              &quot;id&quot; : &quot;d6675d0c-f932-e3c5-4313-fd2110efd248&quot;,
              &quot;sequence&quot; : 30,
              &quot;value&quot; : &quot;Derby&quot;
            }, {
              &quot;displayText&quot; : &quot;London&quot;,
              &quot;id&quot; : &quot;3e6915be-2d29-f395-0f0e-37cab6e81773&quot;,
              &quot;sequence&quot; : 40,
              &quot;value&quot; : &quot;London&quot;
            }, {
              &quot;displayText&quot; : &quot;Salisbury&quot;,
              &quot;id&quot; : &quot;1b185341-ea70-2c21-f34b-57ffe6d86251&quot;,
              &quot;sequence&quot; : 50,
              &quot;value&quot; : &quot;Salisbury&quot;
            } ]
          },
          &quot;attributecategoryid__c&quot; : &quot;a0O4x0000019pLxEAI&quot;,
          &quot;attributecloneable__c&quot; : true,
          &quot;attributeconfigurable__c&quot; : true,
          &quot;attributedisplayname__c&quot; : &quot;Distribution Region&quot;,
          &quot;attributedisplaysequence__c&quot; : &quot;20&quot;,
          &quot;attributefilterable__c&quot; : true,
          &quot;attributegrouptype__c&quot; : null,
          &quot;attributeid__c&quot; : &quot;a0P4x000002PNREEA4&quot;,
          &quot;attributeuniquecode__c&quot; : &quot;ATT_DISTRIBUTION_REGION&quot;,
          &quot;categorycode__c&quot; : &quot;61669341-06cd-03a7-48b1-6da083425848&quot;,
          &quot;categorydisplaysequence__c&quot; : 20,
          &quot;categoryname__c&quot; : &quot;Commodity Cost Components&quot;,
          &quot;customconfiguitemplate__c&quot; : null,
          &quot;displaysequence__c&quot; : &quot;20&quot;,
          &quot;formatmask__c&quot; : null,
          &quot;hasrule__c&quot; : false,
          &quot;id&quot; : &quot;a0M4x000001AKluEAG&quot;,
          &quot;isactive__c&quot; : true,
          &quot;isconfigurable__c&quot; : true,
          &quot;ishidden__c&quot; : false,
          &quot;isnottranslatable__c&quot; : false,
          &quot;isquerydriven__c&quot; : false,
          &quot;isreadonly__c&quot; : false,
          &quot;isrequired__c&quot; : false,
          &quot;objectid__c&quot; : &quot;01t4x000000C7BrAAK&quot;,
          &quot;objecttype__c&quot; : &quot;vlocity_cmt__ObjectClass__c&quot;,
          &quot;querycode__c&quot; : null,
          &quot;querylabel__c&quot; : null,
          &quot;rulemessage__c&quot; : null,
          &quot;uidisplaytype__c&quot; : &quot;Dropdown&quot;,
          &quot;value__c&quot; : null,
          &quot;valuedatatype__c&quot; : &quot;Picklist&quot;,
          &quot;valuedescription__c&quot; : null,
          &quot;valueinnumber__c&quot; : null
        }, {
          &quot;$$AttributeDefinitionEnd$$&quot; : null,
          &quot;$$AttributeDefinitionStart$$&quot; : null,
          &quot;attributeRunTimeInfo&quot; : {
            &quot;dataType&quot; : &quot;Number&quot;,
            &quot;uiDisplayType&quot; : &quot;Single Value&quot;
          },
          &quot;attributecategoryid__c&quot; : &quot;a0O4x0000019pLxEAI&quot;,
          &quot;attributecloneable__c&quot; : true,
          &quot;attributeconfigurable__c&quot; : true,
          &quot;attributedisplayname__c&quot; : &quot;Usage Attribute&quot;,
          &quot;attributedisplaysequence__c&quot; : &quot;30&quot;,
          &quot;attributefilterable__c&quot; : true,
          &quot;attributegrouptype__c&quot; : null,
          &quot;attributeid__c&quot; : &quot;a0P4x000002PNVREA4&quot;,
          &quot;attributeuniquecode__c&quot; : &quot;ATT_USAGE&quot;,
          &quot;categorycode__c&quot; : &quot;61669341-06cd-03a7-48b1-6da083425848&quot;,
          &quot;categorydisplaysequence__c&quot; : 20,
          &quot;categoryname__c&quot; : &quot;Commodity Cost Components&quot;,
          &quot;customconfiguitemplate__c&quot; : null,
          &quot;displaysequence__c&quot; : &quot;20&quot;,
          &quot;formatmask__c&quot; : null,
          &quot;hasrule__c&quot; : false,
          &quot;id&quot; : &quot;a0M4x000001AKltEAG&quot;,
          &quot;isactive__c&quot; : true,
          &quot;isconfigurable__c&quot; : false,
          &quot;ishidden__c&quot; : false,
          &quot;isnottranslatable__c&quot; : false,
          &quot;isquerydriven__c&quot; : false,
          &quot;isreadonly__c&quot; : false,
          &quot;isrequired__c&quot; : false,
          &quot;objectid__c&quot; : &quot;01t4x000000C7BrAAK&quot;,
          &quot;objecttype__c&quot; : &quot;vlocity_cmt__ObjectClass__c&quot;,
          &quot;querycode__c&quot; : null,
          &quot;querylabel__c&quot; : null,
          &quot;rulemessage__c&quot; : null,
          &quot;uidisplaytype__c&quot; : &quot;Single Value&quot;,
          &quot;value__c&quot; : null,
          &quot;valuedatatype__c&quot; : &quot;Number&quot;,
          &quot;valuedescription__c&quot; : null,
          &quot;valueinnumber__c&quot; : null
        } ]
      },
      &quot;IsActive&quot; : true,
      &quot;Name&quot; : &quot;Energy Audit&quot;,
      &quot;ProductCode&quot; : &quot;AD_ENERGY_AUDIT&quot;,
      &quot;addtocart&quot; : {
        &quot;rest&quot; : {
          &quot;link&quot; : &quot;v3/catalogs/EUADDONS/basket&quot;,
          &quot;method&quot; : &quot;POST&quot;,
          &quot;params&quot; : {
            &quot;basketAction&quot; : &quot;AddWithNoConfig&quot;,
            &quot;offer&quot; : &quot;AD_ENERGY_AUDIT&quot;
          }
        }
      },
      &quot;offerDetailsAction&quot; : {
        &quot;client&quot; : {
          &quot;params&quot; : { },
          &quot;records&quot; : [ ]
        },
        &quot;remote&quot; : {
          &quot;params&quot; : { }
        },
        &quot;rest&quot; : {
          &quot;link&quot; : &quot;/v3/catalogs/EUADDONS/offers/AD_ENERGY_AUDIT&quot;,
          &quot;method&quot; : &quot;GET&quot;,
          &quot;params&quot; : { }
        }
      },
      &quot;offerType&quot; : &quot;Product&quot;,
      &quot;priceResult&quot; : [ {
        &quot;Amount__c&quot; : 49,
        &quot;ChargeType__c&quot; : &quot;One-time&quot;,
        &quot;DisplayText__c&quot; : &quot;49&quot;,
        &quot;IsBasePrice__c&quot; : true,
        &quot;IsVirtualPrice__c&quot; : false,
        &quot;RecurringFrequency__c&quot; : null,
        &quot;SubType__c&quot; : &quot;Standard&quot;,
        &quot;Type__c&quot; : &quot;Price&quot;,
        &quot;UnitPrice&quot; : 49,
        &quot;adjustments&quot; : [ ],
        &quot;baseamount&quot; : 49,
        &quot;chargeamount&quot; : 49,
        &quot;effectivefromdatespec&quot; : null,
        &quot;effectiveuntildatespec&quot; : null,
        &quot;overrides&quot; : [ ]
      } ]
    }, {
      &quot;vlocity_cmt__IsOrderable__c&quot; : true,
      &quot;vlocity_cmt__SellingStartDate__c&quot; : &quot;2021-01-26T20:00:00.000Z&quot;,
      &quot;Attachments&quot; : [ {
        &quot;contentType&quot; : &quot;Image&quot;,
        &quot;defaultAttachment&quot; : false,
        &quot;description&quot; : null,
        &quot;displayConditionsData&quot; : null,
        &quot;mimeType&quot; : &quot;image/jpeg&quot;,
        &quot;sequenceNumber&quot; : 10,
        &quot;title&quot; : &quot;Solar Panel Test Image&quot;,
        &quot;url&quot; : &quot;https://image.freepik.com/free-vector/solar-panel-energy-electric-electricity-logo-vector-icon_7688-797.jpg&quot;
      } ],
      &quot;AttributeCategory&quot; : {
        &quot;61669341-06cd-03a7-48b1-6da083425848&quot; : [ {
          &quot;$$AttributeDefinitionEnd$$&quot; : null,
          &quot;$$AttributeDefinitionStart$$&quot; : null,
          &quot;attributeRunTimeInfo&quot; : {
            &quot;dataType&quot; : &quot;Picklist&quot;,
            &quot;default&quot; : [ ],
            &quot;uiDisplayType&quot; : &quot;Dropdown&quot;,
            &quot;values&quot; : [ {
              &quot;displayText&quot; : &quot;Armagh&quot;,
              &quot;id&quot; : &quot;037d0aa8-3840-8a04-3b26-2c7645716d40&quot;,
              &quot;sequence&quot; : 10,
              &quot;value&quot; : &quot;Armagh&quot;
            }, {
              &quot;displayText&quot; : &quot;Chichester&quot;,
              &quot;id&quot; : &quot;977d56a0-3732-0671-f727-91b3dd9fff2d&quot;,
              &quot;sequence&quot; : 20,
              &quot;value&quot; : &quot;Chichester&quot;
            }, {
              &quot;displayText&quot; : &quot;Derby&quot;,
              &quot;id&quot; : &quot;d6675d0c-f932-e3c5-4313-fd2110efd248&quot;,
              &quot;sequence&quot; : 30,
              &quot;value&quot; : &quot;Derby&quot;
            }, {
              &quot;displayText&quot; : &quot;London&quot;,
              &quot;id&quot; : &quot;3e6915be-2d29-f395-0f0e-37cab6e81773&quot;,
              &quot;sequence&quot; : 40,
              &quot;value&quot; : &quot;London&quot;
            }, {
              &quot;displayText&quot; : &quot;Salisbury&quot;,
              &quot;id&quot; : &quot;1b185341-ea70-2c21-f34b-57ffe6d86251&quot;,
              &quot;sequence&quot; : 50,
              &quot;value&quot; : &quot;Salisbury&quot;
            } ]
          },
          &quot;attributecategoryid__c&quot; : &quot;a0O4x0000019pLxEAI&quot;,
          &quot;attributecloneable__c&quot; : true,
          &quot;attributeconfigurable__c&quot; : true,
          &quot;attributedisplayname__c&quot; : &quot;Distribution Region&quot;,
          &quot;attributedisplaysequence__c&quot; : &quot;20&quot;,
          &quot;attributefilterable__c&quot; : true,
          &quot;attributegrouptype__c&quot; : null,
          &quot;attributeid__c&quot; : &quot;a0P4x000002PNREEA4&quot;,
          &quot;attributeuniquecode__c&quot; : &quot;ATT_DISTRIBUTION_REGION&quot;,
          &quot;categorycode__c&quot; : &quot;61669341-06cd-03a7-48b1-6da083425848&quot;,
          &quot;categorydisplaysequence__c&quot; : 20,
          &quot;categoryname__c&quot; : &quot;Commodity Cost Components&quot;,
          &quot;customconfiguitemplate__c&quot; : null,
          &quot;displaysequence__c&quot; : &quot;20&quot;,
          &quot;formatmask__c&quot; : null,
          &quot;hasrule__c&quot; : false,
          &quot;id&quot; : &quot;a0M4x000001AKlfEAG&quot;,
          &quot;isactive__c&quot; : true,
          &quot;isconfigurable__c&quot; : true,
          &quot;ishidden__c&quot; : false,
          &quot;isnottranslatable__c&quot; : false,
          &quot;isquerydriven__c&quot; : false,
          &quot;isreadonly__c&quot; : false,
          &quot;isrequired__c&quot; : false,
          &quot;objectid__c&quot; : &quot;01t4x000000C7BqAAK&quot;,
          &quot;objecttype__c&quot; : &quot;vlocity_cmt__ObjectClass__c&quot;,
          &quot;querycode__c&quot; : null,
          &quot;querylabel__c&quot; : null,
          &quot;rulemessage__c&quot; : null,
          &quot;uidisplaytype__c&quot; : &quot;Dropdown&quot;,
          &quot;value__c&quot; : null,
          &quot;valuedatatype__c&quot; : &quot;Picklist&quot;,
          &quot;valuedescription__c&quot; : null,
          &quot;valueinnumber__c&quot; : null
        }, {
          &quot;$$AttributeDefinitionEnd$$&quot; : null,
          &quot;$$AttributeDefinitionStart$$&quot; : null,
          &quot;attributeRunTimeInfo&quot; : {
            &quot;dataType&quot; : &quot;Number&quot;,
            &quot;uiDisplayType&quot; : &quot;Number&quot;
          },
          &quot;attributecategoryid__c&quot; : &quot;a0O4x0000019pLxEAI&quot;,
          &quot;attributecloneable__c&quot; : true,
          &quot;attributeconfigurable__c&quot; : true,
          &quot;attributedisplayname__c&quot; : &quot;Usage Attribute&quot;,
          &quot;attributedisplaysequence__c&quot; : &quot;30&quot;,
          &quot;attributefilterable__c&quot; : true,
          &quot;attributegrouptype__c&quot; : null,
          &quot;attributeid__c&quot; : &quot;a0P4x000002PNVREA4&quot;,
          &quot;attributeuniquecode__c&quot; : &quot;ATT_USAGE&quot;,
          &quot;categorycode__c&quot; : &quot;61669341-06cd-03a7-48b1-6da083425848&quot;,
          &quot;categorydisplaysequence__c&quot; : 20,
          &quot;categoryname__c&quot; : &quot;Commodity Cost Components&quot;,
          &quot;customconfiguitemplate__c&quot; : null,
          &quot;displaysequence__c&quot; : &quot;20&quot;,
          &quot;formatmask__c&quot; : null,
          &quot;hasrule__c&quot; : false,
          &quot;id&quot; : &quot;a0M4x000001AKleEAG&quot;,
          &quot;isactive__c&quot; : true,
          &quot;isconfigurable__c&quot; : false,
          &quot;ishidden__c&quot; : false,
          &quot;isnottranslatable__c&quot; : false,
          &quot;isquerydriven__c&quot; : false,
          &quot;isreadonly__c&quot; : false,
          &quot;isrequired__c&quot; : false,
          &quot;objectid__c&quot; : &quot;01t4x000000C7BqAAK&quot;,
          &quot;objecttype__c&quot; : &quot;vlocity_cmt__ObjectClass__c&quot;,
          &quot;querycode__c&quot; : null,
          &quot;querylabel__c&quot; : null,
          &quot;rulemessage__c&quot; : null,
          &quot;uidisplaytype__c&quot; : &quot;Number&quot;,
          &quot;value__c&quot; : null,
          &quot;valuedatatype__c&quot; : &quot;Number&quot;,
          &quot;valuedescription__c&quot; : null,
          &quot;valueinnumber__c&quot; : null
        } ]
      },
      &quot;IsActive&quot; : true,
      &quot;Name&quot; : &quot;Solar Panels&quot;,
      &quot;ProductCode&quot; : &quot;AD_SOLAR_PANELS&quot;,
      &quot;addtocart&quot; : {
        &quot;rest&quot; : {
          &quot;link&quot; : &quot;v3/catalogs/EUADDONS/basket&quot;,
          &quot;method&quot; : &quot;POST&quot;,
          &quot;params&quot; : {
            &quot;basketAction&quot; : &quot;AddWithNoConfig&quot;,
            &quot;offer&quot; : &quot;AD_SOLAR_PANELS&quot;
          }
        }
      },
      &quot;offerDetailsAction&quot; : {
        &quot;client&quot; : {
          &quot;params&quot; : { },
          &quot;records&quot; : [ ]
        },
        &quot;remote&quot; : {
          &quot;params&quot; : { }
        },
        &quot;rest&quot; : {
          &quot;link&quot; : &quot;/v3/catalogs/EUADDONS/offers/AD_SOLAR_PANELS&quot;,
          &quot;method&quot; : &quot;GET&quot;,
          &quot;params&quot; : { }
        }
      },
      &quot;offerType&quot; : &quot;Product&quot;,
      &quot;priceResult&quot; : [ {
        &quot;Amount__c&quot; : 2200,
        &quot;ChargeType__c&quot; : &quot;One-time&quot;,
        &quot;DisplayText__c&quot; : &quot;2200&quot;,
        &quot;IsBasePrice__c&quot; : true,
        &quot;IsVirtualPrice__c&quot; : false,
        &quot;RecurringFrequency__c&quot; : null,
        &quot;SubType__c&quot; : &quot;Standard&quot;,
        &quot;Type__c&quot; : &quot;Price&quot;,
        &quot;UnitPrice&quot; : 2200,
        &quot;adjustments&quot; : [ ],
        &quot;baseamount&quot; : 2200,
        &quot;chargeamount&quot; : 2200,
        &quot;effectivefromdatespec&quot; : null,
        &quot;effectiveuntildatespec&quot; : null,
        &quot;overrides&quot; : [ ]
      } ]
    }, {
      &quot;vlocity_cmt__IsOrderable__c&quot; : true,
      &quot;vlocity_cmt__SellingStartDate__c&quot; : &quot;2021-01-26T20:00:00.000Z&quot;,
      &quot;Attachments&quot; : null,
      &quot;AttributeCategory&quot; : {
        &quot;61669341-06cd-03a7-48b1-6da083425848&quot; : [ {
          &quot;$$AttributeDefinitionEnd$$&quot; : null,
          &quot;$$AttributeDefinitionStart$$&quot; : null,
          &quot;attributeRunTimeInfo&quot; : {
            &quot;dataType&quot; : &quot;Picklist&quot;,
            &quot;default&quot; : [ ],
            &quot;uiDisplayType&quot; : &quot;Dropdown&quot;,
            &quot;values&quot; : [ {
              &quot;displayText&quot; : &quot;Armagh&quot;,
              &quot;id&quot; : &quot;037d0aa8-3840-8a04-3b26-2c7645716d40&quot;,
              &quot;sequence&quot; : 10,
              &quot;value&quot; : &quot;Armagh&quot;
            }, {
              &quot;displayText&quot; : &quot;Chichester&quot;,
              &quot;id&quot; : &quot;977d56a0-3732-0671-f727-91b3dd9fff2d&quot;,
              &quot;sequence&quot; : 20,
              &quot;value&quot; : &quot;Chichester&quot;
            }, {
              &quot;displayText&quot; : &quot;Derby&quot;,
              &quot;id&quot; : &quot;d6675d0c-f932-e3c5-4313-fd2110efd248&quot;,
              &quot;sequence&quot; : 30,
              &quot;value&quot; : &quot;Derby&quot;
            }, {
              &quot;displayText&quot; : &quot;London&quot;,
              &quot;id&quot; : &quot;3e6915be-2d29-f395-0f0e-37cab6e81773&quot;,
              &quot;sequence&quot; : 40,
              &quot;value&quot; : &quot;London&quot;
            }, {
              &quot;displayText&quot; : &quot;Salisbury&quot;,
              &quot;id&quot; : &quot;1b185341-ea70-2c21-f34b-57ffe6d86251&quot;,
              &quot;sequence&quot; : 50,
              &quot;value&quot; : &quot;Salisbury&quot;
            } ]
          },
          &quot;attributecategoryid__c&quot; : &quot;a0O4x0000019pLxEAI&quot;,
          &quot;attributecloneable__c&quot; : true,
          &quot;attributeconfigurable__c&quot; : true,
          &quot;attributedisplayname__c&quot; : &quot;Distribution Region&quot;,
          &quot;attributedisplaysequence__c&quot; : &quot;20&quot;,
          &quot;attributefilterable__c&quot; : true,
          &quot;attributegrouptype__c&quot; : null,
          &quot;attributeid__c&quot; : &quot;a0P4x000002PNREEA4&quot;,
          &quot;attributeuniquecode__c&quot; : &quot;ATT_DISTRIBUTION_REGION&quot;,
          &quot;categorycode__c&quot; : &quot;61669341-06cd-03a7-48b1-6da083425848&quot;,
          &quot;categorydisplaysequence__c&quot; : 20,
          &quot;categoryname__c&quot; : &quot;Commodity Cost Components&quot;,
          &quot;customconfiguitemplate__c&quot; : null,
          &quot;displaysequence__c&quot; : &quot;20&quot;,
          &quot;formatmask__c&quot; : null,
          &quot;hasrule__c&quot; : false,
          &quot;id&quot; : &quot;a0M4x000001AKlzEAG&quot;,
          &quot;isactive__c&quot; : true,
          &quot;isconfigurable__c&quot; : true,
          &quot;ishidden__c&quot; : false,
          &quot;isnottranslatable__c&quot; : false,
          &quot;isquerydriven__c&quot; : false,
          &quot;isreadonly__c&quot; : false,
          &quot;isrequired__c&quot; : false,
          &quot;objectid__c&quot; : &quot;01t4x000000C7BvAAK&quot;,
          &quot;objecttype__c&quot; : &quot;vlocity_cmt__ObjectClass__c&quot;,
          &quot;querycode__c&quot; : null,
          &quot;querylabel__c&quot; : null,
          &quot;rulemessage__c&quot; : null,
          &quot;uidisplaytype__c&quot; : &quot;Dropdown&quot;,
          &quot;value__c&quot; : null,
          &quot;valuedatatype__c&quot; : &quot;Picklist&quot;,
          &quot;valuedescription__c&quot; : null,
          &quot;valueinnumber__c&quot; : null
        }, {
          &quot;$$AttributeDefinitionEnd$$&quot; : null,
          &quot;$$AttributeDefinitionStart$$&quot; : null,
          &quot;attributeRunTimeInfo&quot; : {
            &quot;dataType&quot; : &quot;Number&quot;,
            &quot;uiDisplayType&quot; : &quot;Single Value&quot;
          },
          &quot;attributecategoryid__c&quot; : &quot;a0O4x0000019pLxEAI&quot;,
          &quot;attributecloneable__c&quot; : true,
          &quot;attributeconfigurable__c&quot; : true,
          &quot;attributedisplayname__c&quot; : &quot;Usage Attribute&quot;,
          &quot;attributedisplaysequence__c&quot; : &quot;30&quot;,
          &quot;attributefilterable__c&quot; : true,
          &quot;attributegrouptype__c&quot; : null,
          &quot;attributeid__c&quot; : &quot;a0P4x000002PNVREA4&quot;,
          &quot;attributeuniquecode__c&quot; : &quot;ATT_USAGE&quot;,
          &quot;categorycode__c&quot; : &quot;61669341-06cd-03a7-48b1-6da083425848&quot;,
          &quot;categorydisplaysequence__c&quot; : 20,
          &quot;categoryname__c&quot; : &quot;Commodity Cost Components&quot;,
          &quot;customconfiguitemplate__c&quot; : null,
          &quot;displaysequence__c&quot; : &quot;20&quot;,
          &quot;formatmask__c&quot; : null,
          &quot;hasrule__c&quot; : false,
          &quot;id&quot; : &quot;a0M4x000001AKlyEAG&quot;,
          &quot;isactive__c&quot; : true,
          &quot;isconfigurable__c&quot; : false,
          &quot;ishidden__c&quot; : false,
          &quot;isnottranslatable__c&quot; : false,
          &quot;isquerydriven__c&quot; : false,
          &quot;isreadonly__c&quot; : false,
          &quot;isrequired__c&quot; : false,
          &quot;objectid__c&quot; : &quot;01t4x000000C7BvAAK&quot;,
          &quot;objecttype__c&quot; : &quot;vlocity_cmt__ObjectClass__c&quot;,
          &quot;querycode__c&quot; : null,
          &quot;querylabel__c&quot; : null,
          &quot;rulemessage__c&quot; : null,
          &quot;uidisplaytype__c&quot; : &quot;Single Value&quot;,
          &quot;value__c&quot; : null,
          &quot;valuedatatype__c&quot; : &quot;Number&quot;,
          &quot;valuedescription__c&quot; : null,
          &quot;valueinnumber__c&quot; : null
        } ]
      },
      &quot;IsActive&quot; : true,
      &quot;Name&quot; : &quot;Smart Thermostat&quot;,
      &quot;ProductCode&quot; : &quot;AD_SMART_THERMOSTAT&quot;,
      &quot;addtocart&quot; : {
        &quot;rest&quot; : {
          &quot;link&quot; : &quot;v3/catalogs/EUADDONS/basket&quot;,
          &quot;method&quot; : &quot;POST&quot;,
          &quot;params&quot; : {
            &quot;basketAction&quot; : &quot;AddWithNoConfig&quot;,
            &quot;offer&quot; : &quot;AD_SMART_THERMOSTAT&quot;
          }
        }
      },
      &quot;offerDetailsAction&quot; : {
        &quot;client&quot; : {
          &quot;params&quot; : { },
          &quot;records&quot; : [ ]
        },
        &quot;remote&quot; : {
          &quot;params&quot; : { }
        },
        &quot;rest&quot; : {
          &quot;link&quot; : &quot;/v3/catalogs/EUADDONS/offers/AD_SMART_THERMOSTAT&quot;,
          &quot;method&quot; : &quot;GET&quot;,
          &quot;params&quot; : { }
        }
      },
      &quot;offerType&quot; : &quot;Product&quot;,
      &quot;priceResult&quot; : [ {
        &quot;Amount__c&quot; : 199,
        &quot;ChargeType__c&quot; : &quot;One-time&quot;,
        &quot;DisplayText__c&quot; : &quot;199&quot;,
        &quot;IsBasePrice__c&quot; : true,
        &quot;IsVirtualPrice__c&quot; : false,
        &quot;RecurringFrequency__c&quot; : null,
        &quot;SubType__c&quot; : &quot;Standard&quot;,
        &quot;Type__c&quot; : &quot;Price&quot;,
        &quot;UnitPrice&quot; : 199,
        &quot;adjustments&quot; : [ ],
        &quot;baseamount&quot; : 199,
        &quot;chargeamount&quot; : 199,
        &quot;effectivefromdatespec&quot; : null,
        &quot;effectiveuntildatespec&quot; : null,
        &quot;overrides&quot; : [ ]
      } ]
    } ]
  },
  &quot;ApexGetOffersStatus&quot; : true,
  &quot;ResponseStatus&quot; : true,
  &quot;catalogCode&quot; : &quot;EUADDONS&quot;,
  &quot;options&quot; : {
    &quot;chainable&quot; : false,
    &quot;ignoreCache&quot; : true,
    &quot;queueableChainable&quot; : false,
    &quot;resetCache&quot; : false,
    &quot;useQueueableApexRemoting&quot; : false
  },
  &quot;response&quot; : {
    &quot;&quot; : &quot;&quot;
  }
}</expectedInputJson>
    <expectedOutputJson>{
  &quot;AddOns&quot; : [ {
    &quot;cartContextKey&quot; : &quot;b2559cbf1e64217a71a5dbbc5a2f920d&quot;,
    &quot;offers&quot; : [ {
      &quot;Attachmentsurl&quot; : &quot;https://t4.ftcdn.net/jpg/03/68/33/29/240_F_368332994_ponkHiJj9sArPqNIYrjLdfl7MeJAlsYR.jpg&quot;,
      &quot;Name&quot; : &quot;Boiler Insurance&quot;,
      &quot;Price&quot; : 0.1433,
      &quot;productCode&quot; : &quot;AD_BOILER_INSURANCE&quot;
    }, {
      &quot;Attachmentsurl&quot; : &quot;https://t4.ftcdn.net/jpg/03/68/33/29/240_F_368332994_ponkHiJj9sArPqNIYrjLdfl7MeJAlsYR.jpg&quot;,
      &quot;Name&quot; : &quot;Boiler Insurance2&quot;,
      &quot;Price&quot; : 0.1433,
      &quot;productCode&quot; : &quot;AD_BOILER_INSURANCE&quot;
    } ]
  } ]
}</expectedOutputJson>
    <fieldLevelSecurityEnabled>false</fieldLevelSecurityEnabled>
    <inputType>JSON</inputType>
    <name>VEEDigitalTransformAddOns</name>
    <nullInputsIncludedInOutput>false</nullInputsIncludedInOutput>
    <omniDataTransformItem>
        <disabled>false</disabled>
        <filterGroup>0.0</filterGroup>
        <globalKey>VEEDigitalTransformAddOnsCustom2078</globalKey>
        <inputFieldName>GetOffersByCatalogCode:offers:Attachments:url</inputFieldName>
        <inputObjectQuerySequence>0.0</inputObjectQuerySequence>
        <linkedObjectSequence>0.0</linkedObjectSequence>
        <name>VEEDigitalTransformAddOns</name>
        <outputCreationSequence>1.0</outputCreationSequence>
        <outputFieldName>Offers:URL</outputFieldName>
        <outputObjectName>json</outputObjectName>
        <requiredForUpsert>false</requiredForUpsert>
        <upsertKey>false</upsertKey>
    </omniDataTransformItem>
    <omniDataTransformItem>
        <disabled>false</disabled>
        <filterGroup>0.0</filterGroup>
        <globalKey>VEEDigitalTransformAddOnsCustom6708</globalKey>
        <inputFieldName>currencyCode</inputFieldName>
        <inputObjectQuerySequence>0.0</inputObjectQuerySequence>
        <linkedObjectSequence>0.0</linkedObjectSequence>
        <name>VEEDigitalTransformAddOns</name>
        <outputCreationSequence>1.0</outputCreationSequence>
        <outputFieldName>Offers:currencyCode</outputFieldName>
        <outputObjectName>json</outputObjectName>
        <requiredForUpsert>false</requiredForUpsert>
        <upsertKey>false</upsertKey>
    </omniDataTransformItem>
    <omniDataTransformItem>
        <disabled>false</disabled>
        <filterGroup>0.0</filterGroup>
        <globalKey>VEEDigitalTransformAddOnsCustom1898</globalKey>
        <inputFieldName>GetOffersByCatalogCode:offers:Name</inputFieldName>
        <inputObjectQuerySequence>0.0</inputObjectQuerySequence>
        <linkedObjectSequence>0.0</linkedObjectSequence>
        <name>VEEDigitalTransformAddOns</name>
        <outputCreationSequence>1.0</outputCreationSequence>
        <outputFieldName>Offers:Name</outputFieldName>
        <outputObjectName>json</outputObjectName>
        <requiredForUpsert>false</requiredForUpsert>
        <upsertKey>false</upsertKey>
    </omniDataTransformItem>
    <omniDataTransformItem>
        <disabled>false</disabled>
        <filterGroup>0.0</filterGroup>
        <globalKey>VEEDigitalTransformAddOnsCustom9847</globalKey>
        <inputFieldName>GetOffersByCatalogCode:offers:priceResult:Amount__c</inputFieldName>
        <inputObjectQuerySequence>0.0</inputObjectQuerySequence>
        <linkedObjectSequence>0.0</linkedObjectSequence>
        <name>VEEDigitalTransformAddOns</name>
        <outputCreationSequence>1.0</outputCreationSequence>
        <outputFieldName>Offers:Price</outputFieldName>
        <outputObjectName>json</outputObjectName>
        <requiredForUpsert>false</requiredForUpsert>
        <upsertKey>false</upsertKey>
    </omniDataTransformItem>
    <omniDataTransformItem>
        <disabled>false</disabled>
        <filterGroup>0.0</filterGroup>
        <globalKey>VEEDigitalTransformAddOnsCustom4173</globalKey>
        <inputFieldName>CatalogCode</inputFieldName>
        <inputObjectQuerySequence>0.0</inputObjectQuerySequence>
        <linkedObjectSequence>0.0</linkedObjectSequence>
        <name>VEEDigitalTransformAddOns</name>
        <outputCreationSequence>1.0</outputCreationSequence>
        <outputFieldName>Offers:CatalogCode</outputFieldName>
        <outputObjectName>json</outputObjectName>
        <requiredForUpsert>false</requiredForUpsert>
        <upsertKey>false</upsertKey>
    </omniDataTransformItem>
    <omniDataTransformItem>
        <disabled>false</disabled>
        <filterGroup>0.0</filterGroup>
        <globalKey>VEEDigitalTransformAddOnsCustom9151</globalKey>
        <inputFieldName>GetOffersByCatalogCode:offers:priceResult:ChargeType__c</inputFieldName>
        <inputObjectQuerySequence>0.0</inputObjectQuerySequence>
        <linkedObjectSequence>0.0</linkedObjectSequence>
        <name>VEEDigitalTransformAddOns</name>
        <outputCreationSequence>1.0</outputCreationSequence>
        <outputFieldName>Offers:ChargeType</outputFieldName>
        <outputObjectName>json</outputObjectName>
        <requiredForUpsert>false</requiredForUpsert>
        <upsertKey>false</upsertKey>
    </omniDataTransformItem>
    <omniDataTransformItem>
        <disabled>false</disabled>
        <filterGroup>0.0</filterGroup>
        <formulaSequence>1.0</formulaSequence>
        <globalKey>VEEDigitalTransformAddOnsCustom8671</globalKey>
        <inputObjectQuerySequence>0.0</inputObjectQuerySequence>
        <linkedObjectSequence>0.0</linkedObjectSequence>
        <name>VEEDigitalTransformAddOns</name>
        <outputCreationSequence>0.0</outputCreationSequence>
        <outputFieldName>Formula</outputFieldName>
        <outputObjectName>Formula</outputObjectName>
        <requiredForUpsert>false</requiredForUpsert>
        <upsertKey>false</upsertKey>
    </omniDataTransformItem>
    <omniDataTransformItem>
        <disabled>false</disabled>
        <filterGroup>0.0</filterGroup>
        <globalKey>VEEDigitalTransformAddOnsCustom4600</globalKey>
        <inputFieldName>GetOffersByCatalogCode:offers:ProductCode</inputFieldName>
        <inputObjectQuerySequence>0.0</inputObjectQuerySequence>
        <linkedObjectSequence>0.0</linkedObjectSequence>
        <name>VEEDigitalTransformAddOns</name>
        <outputCreationSequence>1.0</outputCreationSequence>
        <outputFieldName>Offers:productCode</outputFieldName>
        <outputObjectName>json</outputObjectName>
        <requiredForUpsert>false</requiredForUpsert>
        <upsertKey>false</upsertKey>
    </omniDataTransformItem>
    <omniDataTransformItem>
        <disabled>false</disabled>
        <filterGroup>0.0</filterGroup>
        <globalKey>VEEDigitalTransformAddOnsCustom2860</globalKey>
        <inputFieldName>GetOffersByCatalogCode:contextKey</inputFieldName>
        <inputObjectQuerySequence>0.0</inputObjectQuerySequence>
        <linkedObjectSequence>0.0</linkedObjectSequence>
        <name>VEEDigitalTransformAddOns</name>
        <outputCreationSequence>1.0</outputCreationSequence>
        <outputFieldName>cartContextKey</outputFieldName>
        <outputObjectName>json</outputObjectName>
        <requiredForUpsert>false</requiredForUpsert>
        <upsertKey>false</upsertKey>
    </omniDataTransformItem>
    <omniDataTransformItem>
        <disabled>false</disabled>
        <filterGroup>0.0</filterGroup>
        <globalKey>VEEDigitalTransformAddOnsCustom7370</globalKey>
        <inputFieldName>GetOffersByCatalogCode:offers:Description</inputFieldName>
        <inputObjectQuerySequence>0.0</inputObjectQuerySequence>
        <linkedObjectSequence>0.0</linkedObjectSequence>
        <name>VEEDigitalTransformAddOns</name>
        <outputCreationSequence>1.0</outputCreationSequence>
        <outputFieldName>Offers:description</outputFieldName>
        <outputObjectName>json</outputObjectName>
        <requiredForUpsert>false</requiredForUpsert>
        <upsertKey>false</upsertKey>
    </omniDataTransformItem>
    <omniDataTransformItem>
        <defaultValue>false</defaultValue>
        <disabled>false</disabled>
        <filterGroup>0.0</filterGroup>
        <globalKey>VEEDigitalTransformAddOnsCustom4940</globalKey>
        <inputObjectQuerySequence>0.0</inputObjectQuerySequence>
        <linkedObjectSequence>0.0</linkedObjectSequence>
        <name>VEEDigitalTransformAddOns</name>
        <outputCreationSequence>1.0</outputCreationSequence>
        <outputFieldFormat>Boolean</outputFieldFormat>
        <outputFieldName>Offers:isAddedToCart</outputFieldName>
        <outputObjectName>json</outputObjectName>
        <requiredForUpsert>false</requiredForUpsert>
        <upsertKey>false</upsertKey>
    </omniDataTransformItem>
    <outputType>JSON</outputType>
    <previewJsonData>{
  &quot;ApexGetOffers&quot; : {
    &quot;contextKey&quot; : &quot;8a62f9c267b633484970f5e46dbc287f&quot;,
    &quot;error&quot; : &quot;OK&quot;,
    &quot;errorCode&quot; : &quot;INVOKE-200&quot;,
    &quot;offers&quot; : [ {
      &quot;vlocity_cmt__IsOrderable__c&quot; : true,
      &quot;vlocity_cmt__SellingStartDate__c&quot; : &quot;2021-01-26T20:00:00.000Z&quot;,
      &quot;Attachments&quot; : [ {
        &quot;contentType&quot; : &quot;Image&quot;,
        &quot;defaultAttachment&quot; : false,
        &quot;description&quot; : null,
        &quot;displayConditionsData&quot; : null,
        &quot;mimeType&quot; : null,
        &quot;sequenceNumber&quot; : null,
        &quot;title&quot; : &quot;0154x000000FXtFAAW&quot;,
        &quot;url&quot; : &quot;/servlet/servlet.FileDownload?file=0154x000000FXtFAAW&quot;
      }, {
        &quot;contentType&quot; : &quot;Image&quot;,
        &quot;defaultAttachment&quot; : true,
        &quot;description&quot; : null,
        &quot;displayConditionsData&quot; : null,
        &quot;mimeType&quot; : &quot;image/jpeg&quot;,
        &quot;sequenceNumber&quot; : 10,
        &quot;title&quot; : &quot;Boiler Insurance Test Image&quot;,
        &quot;url&quot; : &quot;https://t4.ftcdn.net/jpg/03/68/33/29/240_F_368332994_ponkHiJj9sArPqNIYrjLdfl7MeJAlsYR.jpg&quot;
      } ],
      &quot;AttributeCategory&quot; : {
        &quot;61669341-06cd-03a7-48b1-6da083425848&quot; : [ {
          &quot;$$AttributeDefinitionEnd$$&quot; : null,
          &quot;$$AttributeDefinitionStart$$&quot; : null,
          &quot;attributeRunTimeInfo&quot; : {
            &quot;dataType&quot; : &quot;Picklist&quot;,
            &quot;default&quot; : [ ],
            &quot;uiDisplayType&quot; : &quot;Dropdown&quot;,
            &quot;values&quot; : [ {
              &quot;displayText&quot; : &quot;Armagh&quot;,
              &quot;id&quot; : &quot;037d0aa8-3840-8a04-3b26-2c7645716d40&quot;,
              &quot;sequence&quot; : 10,
              &quot;value&quot; : &quot;Armagh&quot;
            }, {
              &quot;displayText&quot; : &quot;Chichester&quot;,
              &quot;id&quot; : &quot;977d56a0-3732-0671-f727-91b3dd9fff2d&quot;,
              &quot;sequence&quot; : 20,
              &quot;value&quot; : &quot;Chichester&quot;
            }, {
              &quot;displayText&quot; : &quot;Derby&quot;,
              &quot;id&quot; : &quot;d6675d0c-f932-e3c5-4313-fd2110efd248&quot;,
              &quot;sequence&quot; : 30,
              &quot;value&quot; : &quot;Derby&quot;
            }, {
              &quot;displayText&quot; : &quot;London&quot;,
              &quot;id&quot; : &quot;3e6915be-2d29-f395-0f0e-37cab6e81773&quot;,
              &quot;sequence&quot; : 40,
              &quot;value&quot; : &quot;London&quot;
            }, {
              &quot;displayText&quot; : &quot;Salisbury&quot;,
              &quot;id&quot; : &quot;1b185341-ea70-2c21-f34b-57ffe6d86251&quot;,
              &quot;sequence&quot; : 50,
              &quot;value&quot; : &quot;Salisbury&quot;
            } ]
          },
          &quot;attributecategoryid__c&quot; : &quot;a0O4x0000019pLxEAI&quot;,
          &quot;attributecloneable__c&quot; : true,
          &quot;attributeconfigurable__c&quot; : true,
          &quot;attributedisplayname__c&quot; : &quot;Distribution Region&quot;,
          &quot;attributedisplaysequence__c&quot; : &quot;20&quot;,
          &quot;attributefilterable__c&quot; : true,
          &quot;attributegrouptype__c&quot; : null,
          &quot;attributeid__c&quot; : &quot;a0P4x000002PNREEA4&quot;,
          &quot;attributeuniquecode__c&quot; : &quot;ATT_DISTRIBUTION_REGION&quot;,
          &quot;categorycode__c&quot; : &quot;61669341-06cd-03a7-48b1-6da083425848&quot;,
          &quot;categorydisplaysequence__c&quot; : 20,
          &quot;categoryname__c&quot; : &quot;Commodity Cost Components&quot;,
          &quot;customconfiguitemplate__c&quot; : null,
          &quot;displaysequence__c&quot; : &quot;20&quot;,
          &quot;formatmask__c&quot; : null,
          &quot;hasrule__c&quot; : false,
          &quot;id&quot; : &quot;a0M4x000001AKm4EAG&quot;,
          &quot;isactive__c&quot; : true,
          &quot;isconfigurable__c&quot; : true,
          &quot;ishidden__c&quot; : false,
          &quot;isnottranslatable__c&quot; : false,
          &quot;isquerydriven__c&quot; : false,
          &quot;isreadonly__c&quot; : false,
          &quot;isrequired__c&quot; : false,
          &quot;objectid__c&quot; : &quot;01t4x000000C7C0AAK&quot;,
          &quot;objecttype__c&quot; : &quot;vlocity_cmt__ObjectClass__c&quot;,
          &quot;querycode__c&quot; : null,
          &quot;querylabel__c&quot; : null,
          &quot;rulemessage__c&quot; : null,
          &quot;uidisplaytype__c&quot; : &quot;Dropdown&quot;,
          &quot;value__c&quot; : null,
          &quot;valuedatatype__c&quot; : &quot;Picklist&quot;,
          &quot;valuedescription__c&quot; : null,
          &quot;valueinnumber__c&quot; : null
        }, {
          &quot;$$AttributeDefinitionEnd$$&quot; : null,
          &quot;$$AttributeDefinitionStart$$&quot; : null,
          &quot;attributeRunTimeInfo&quot; : {
            &quot;dataType&quot; : &quot;Number&quot;,
            &quot;uiDisplayType&quot; : &quot;Single Value&quot;
          },
          &quot;attributecategoryid__c&quot; : &quot;a0O4x0000019pLxEAI&quot;,
          &quot;attributecloneable__c&quot; : true,
          &quot;attributeconfigurable__c&quot; : true,
          &quot;attributedisplayname__c&quot; : &quot;Usage Attribute&quot;,
          &quot;attributedisplaysequence__c&quot; : &quot;30&quot;,
          &quot;attributefilterable__c&quot; : true,
          &quot;attributegrouptype__c&quot; : null,
          &quot;attributeid__c&quot; : &quot;a0P4x000002PNVREA4&quot;,
          &quot;attributeuniquecode__c&quot; : &quot;ATT_USAGE&quot;,
          &quot;categorycode__c&quot; : &quot;61669341-06cd-03a7-48b1-6da083425848&quot;,
          &quot;categorydisplaysequence__c&quot; : 20,
          &quot;categoryname__c&quot; : &quot;Commodity Cost Components&quot;,
          &quot;customconfiguitemplate__c&quot; : null,
          &quot;displaysequence__c&quot; : &quot;20&quot;,
          &quot;formatmask__c&quot; : null,
          &quot;hasrule__c&quot; : false,
          &quot;id&quot; : &quot;a0M4x000001AKm3EAG&quot;,
          &quot;isactive__c&quot; : true,
          &quot;isconfigurable__c&quot; : false,
          &quot;ishidden__c&quot; : false,
          &quot;isnottranslatable__c&quot; : false,
          &quot;isquerydriven__c&quot; : false,
          &quot;isreadonly__c&quot; : false,
          &quot;isrequired__c&quot; : false,
          &quot;objectid__c&quot; : &quot;01t4x000000C7C0AAK&quot;,
          &quot;objecttype__c&quot; : &quot;vlocity_cmt__ObjectClass__c&quot;,
          &quot;querycode__c&quot; : null,
          &quot;querylabel__c&quot; : null,
          &quot;rulemessage__c&quot; : null,
          &quot;uidisplaytype__c&quot; : &quot;Single Value&quot;,
          &quot;value__c&quot; : null,
          &quot;valuedatatype__c&quot; : &quot;Number&quot;,
          &quot;valuedescription__c&quot; : null,
          &quot;valueinnumber__c&quot; : null
        } ]
      },
      &quot;IsActive&quot; : true,
      &quot;Name&quot; : &quot;Boiler Insurance&quot;,
      &quot;ProductCode&quot; : &quot;AD_BOILER_INSURANCE&quot;,
      &quot;addtocart&quot; : {
        &quot;rest&quot; : {
          &quot;link&quot; : &quot;v3/catalogs/EUADDONS/basket&quot;,
          &quot;method&quot; : &quot;POST&quot;,
          &quot;params&quot; : {
            &quot;basketAction&quot; : &quot;AddWithNoConfig&quot;,
            &quot;offer&quot; : &quot;AD_BOILER_INSURANCE&quot;
          }
        }
      },
      &quot;offerDetailsAction&quot; : {
        &quot;client&quot; : {
          &quot;params&quot; : { },
          &quot;records&quot; : [ ]
        },
        &quot;remote&quot; : {
          &quot;params&quot; : { }
        },
        &quot;rest&quot; : {
          &quot;link&quot; : &quot;/v3/catalogs/EUADDONS/offers/AD_BOILER_INSURANCE&quot;,
          &quot;method&quot; : &quot;GET&quot;,
          &quot;params&quot; : { }
        }
      },
      &quot;offerType&quot; : &quot;Product&quot;,
      &quot;priceResult&quot; : [ {
        &quot;Amount__c&quot; : 25,
        &quot;ChargeType__c&quot; : &quot;Recurring&quot;,
        &quot;DisplayText__c&quot; : &quot;25&quot;,
        &quot;IsBasePrice__c&quot; : true,
        &quot;IsVirtualPrice__c&quot; : false,
        &quot;RecurringFrequency__c&quot; : &quot;Monthly&quot;,
        &quot;SubType__c&quot; : &quot;Standard&quot;,
        &quot;Type__c&quot; : &quot;Price&quot;,
        &quot;adjustments&quot; : [ ],
        &quot;baseamount&quot; : 25,
        &quot;chargeamount&quot; : 25,
        &quot;effectivefromdatespec&quot; : null,
        &quot;effectiveuntildatespec&quot; : null,
        &quot;overrides&quot; : [ ]
      } ]
    }, {
      &quot;vlocity_cmt__IsOrderable__c&quot; : true,
      &quot;vlocity_cmt__SellingStartDate__c&quot; : &quot;2021-01-26T20:00:00.000Z&quot;,
      &quot;Attachments&quot; : [ {
        &quot;contentType&quot; : &quot;Image&quot;,
        &quot;defaultAttachment&quot; : true,
        &quot;description&quot; : null,
        &quot;displayConditionsData&quot; : null,
        &quot;mimeType&quot; : &quot;image/png&quot;,
        &quot;sequenceNumber&quot; : 10,
        &quot;title&quot; : &quot;Energy Audit Test Image&quot;,
        &quot;url&quot; : &quot;https://gesstabilizer.com/assets/img/product/energy.png&quot;
      } ],
      &quot;AttributeCategory&quot; : {
        &quot;61669341-06cd-03a7-48b1-6da083425848&quot; : [ {
          &quot;$$AttributeDefinitionEnd$$&quot; : null,
          &quot;$$AttributeDefinitionStart$$&quot; : null,
          &quot;attributeRunTimeInfo&quot; : {
            &quot;dataType&quot; : &quot;Picklist&quot;,
            &quot;default&quot; : [ ],
            &quot;uiDisplayType&quot; : &quot;Dropdown&quot;,
            &quot;values&quot; : [ {
              &quot;displayText&quot; : &quot;Armagh&quot;,
              &quot;id&quot; : &quot;037d0aa8-3840-8a04-3b26-2c7645716d40&quot;,
              &quot;sequence&quot; : 10,
              &quot;value&quot; : &quot;Armagh&quot;
            }, {
              &quot;displayText&quot; : &quot;Chichester&quot;,
              &quot;id&quot; : &quot;977d56a0-3732-0671-f727-91b3dd9fff2d&quot;,
              &quot;sequence&quot; : 20,
              &quot;value&quot; : &quot;Chichester&quot;
            }, {
              &quot;displayText&quot; : &quot;Derby&quot;,
              &quot;id&quot; : &quot;d6675d0c-f932-e3c5-4313-fd2110efd248&quot;,
              &quot;sequence&quot; : 30,
              &quot;value&quot; : &quot;Derby&quot;
            }, {
              &quot;displayText&quot; : &quot;London&quot;,
              &quot;id&quot; : &quot;3e6915be-2d29-f395-0f0e-37cab6e81773&quot;,
              &quot;sequence&quot; : 40,
              &quot;value&quot; : &quot;London&quot;
            }, {
              &quot;displayText&quot; : &quot;Salisbury&quot;,
              &quot;id&quot; : &quot;1b185341-ea70-2c21-f34b-57ffe6d86251&quot;,
              &quot;sequence&quot; : 50,
              &quot;value&quot; : &quot;Salisbury&quot;
            } ]
          },
          &quot;attributecategoryid__c&quot; : &quot;a0O4x0000019pLxEAI&quot;,
          &quot;attributecloneable__c&quot; : true,
          &quot;attributeconfigurable__c&quot; : true,
          &quot;attributedisplayname__c&quot; : &quot;Distribution Region&quot;,
          &quot;attributedisplaysequence__c&quot; : &quot;20&quot;,
          &quot;attributefilterable__c&quot; : true,
          &quot;attributegrouptype__c&quot; : null,
          &quot;attributeid__c&quot; : &quot;a0P4x000002PNREEA4&quot;,
          &quot;attributeuniquecode__c&quot; : &quot;ATT_DISTRIBUTION_REGION&quot;,
          &quot;categorycode__c&quot; : &quot;61669341-06cd-03a7-48b1-6da083425848&quot;,
          &quot;categorydisplaysequence__c&quot; : 20,
          &quot;categoryname__c&quot; : &quot;Commodity Cost Components&quot;,
          &quot;customconfiguitemplate__c&quot; : null,
          &quot;displaysequence__c&quot; : &quot;20&quot;,
          &quot;formatmask__c&quot; : null,
          &quot;hasrule__c&quot; : false,
          &quot;id&quot; : &quot;a0M4x000001AKluEAG&quot;,
          &quot;isactive__c&quot; : true,
          &quot;isconfigurable__c&quot; : true,
          &quot;ishidden__c&quot; : false,
          &quot;isnottranslatable__c&quot; : false,
          &quot;isquerydriven__c&quot; : false,
          &quot;isreadonly__c&quot; : false,
          &quot;isrequired__c&quot; : false,
          &quot;objectid__c&quot; : &quot;01t4x000000C7BrAAK&quot;,
          &quot;objecttype__c&quot; : &quot;vlocity_cmt__ObjectClass__c&quot;,
          &quot;querycode__c&quot; : null,
          &quot;querylabel__c&quot; : null,
          &quot;rulemessage__c&quot; : null,
          &quot;uidisplaytype__c&quot; : &quot;Dropdown&quot;,
          &quot;value__c&quot; : null,
          &quot;valuedatatype__c&quot; : &quot;Picklist&quot;,
          &quot;valuedescription__c&quot; : null,
          &quot;valueinnumber__c&quot; : null
        }, {
          &quot;$$AttributeDefinitionEnd$$&quot; : null,
          &quot;$$AttributeDefinitionStart$$&quot; : null,
          &quot;attributeRunTimeInfo&quot; : {
            &quot;dataType&quot; : &quot;Number&quot;,
            &quot;uiDisplayType&quot; : &quot;Single Value&quot;
          },
          &quot;attributecategoryid__c&quot; : &quot;a0O4x0000019pLxEAI&quot;,
          &quot;attributecloneable__c&quot; : true,
          &quot;attributeconfigurable__c&quot; : true,
          &quot;attributedisplayname__c&quot; : &quot;Usage Attribute&quot;,
          &quot;attributedisplaysequence__c&quot; : &quot;30&quot;,
          &quot;attributefilterable__c&quot; : true,
          &quot;attributegrouptype__c&quot; : null,
          &quot;attributeid__c&quot; : &quot;a0P4x000002PNVREA4&quot;,
          &quot;attributeuniquecode__c&quot; : &quot;ATT_USAGE&quot;,
          &quot;categorycode__c&quot; : &quot;61669341-06cd-03a7-48b1-6da083425848&quot;,
          &quot;categorydisplaysequence__c&quot; : 20,
          &quot;categoryname__c&quot; : &quot;Commodity Cost Components&quot;,
          &quot;customconfiguitemplate__c&quot; : null,
          &quot;displaysequence__c&quot; : &quot;20&quot;,
          &quot;formatmask__c&quot; : null,
          &quot;hasrule__c&quot; : false,
          &quot;id&quot; : &quot;a0M4x000001AKltEAG&quot;,
          &quot;isactive__c&quot; : true,
          &quot;isconfigurable__c&quot; : false,
          &quot;ishidden__c&quot; : false,
          &quot;isnottranslatable__c&quot; : false,
          &quot;isquerydriven__c&quot; : false,
          &quot;isreadonly__c&quot; : false,
          &quot;isrequired__c&quot; : false,
          &quot;objectid__c&quot; : &quot;01t4x000000C7BrAAK&quot;,
          &quot;objecttype__c&quot; : &quot;vlocity_cmt__ObjectClass__c&quot;,
          &quot;querycode__c&quot; : null,
          &quot;querylabel__c&quot; : null,
          &quot;rulemessage__c&quot; : null,
          &quot;uidisplaytype__c&quot; : &quot;Single Value&quot;,
          &quot;value__c&quot; : null,
          &quot;valuedatatype__c&quot; : &quot;Number&quot;,
          &quot;valuedescription__c&quot; : null,
          &quot;valueinnumber__c&quot; : null
        } ]
      },
      &quot;IsActive&quot; : true,
      &quot;Name&quot; : &quot;Energy Audit&quot;,
      &quot;ProductCode&quot; : &quot;AD_ENERGY_AUDIT&quot;,
      &quot;addtocart&quot; : {
        &quot;rest&quot; : {
          &quot;link&quot; : &quot;v3/catalogs/EUADDONS/basket&quot;,
          &quot;method&quot; : &quot;POST&quot;,
          &quot;params&quot; : {
            &quot;basketAction&quot; : &quot;AddWithNoConfig&quot;,
            &quot;offer&quot; : &quot;AD_ENERGY_AUDIT&quot;
          }
        }
      },
      &quot;offerDetailsAction&quot; : {
        &quot;client&quot; : {
          &quot;params&quot; : { },
          &quot;records&quot; : [ ]
        },
        &quot;remote&quot; : {
          &quot;params&quot; : { }
        },
        &quot;rest&quot; : {
          &quot;link&quot; : &quot;/v3/catalogs/EUADDONS/offers/AD_ENERGY_AUDIT&quot;,
          &quot;method&quot; : &quot;GET&quot;,
          &quot;params&quot; : { }
        }
      },
      &quot;offerType&quot; : &quot;Product&quot;,
      &quot;priceResult&quot; : [ {
        &quot;Amount__c&quot; : 49,
        &quot;ChargeType__c&quot; : &quot;One-time&quot;,
        &quot;DisplayText__c&quot; : &quot;49&quot;,
        &quot;IsBasePrice__c&quot; : true,
        &quot;IsVirtualPrice__c&quot; : false,
        &quot;RecurringFrequency__c&quot; : null,
        &quot;SubType__c&quot; : &quot;Standard&quot;,
        &quot;Type__c&quot; : &quot;Price&quot;,
        &quot;UnitPrice&quot; : 49,
        &quot;adjustments&quot; : [ ],
        &quot;baseamount&quot; : 49,
        &quot;chargeamount&quot; : 49,
        &quot;effectivefromdatespec&quot; : null,
        &quot;effectiveuntildatespec&quot; : null,
        &quot;overrides&quot; : [ ]
      } ]
    }, {
      &quot;vlocity_cmt__IsOrderable__c&quot; : true,
      &quot;vlocity_cmt__SellingStartDate__c&quot; : &quot;2021-01-26T20:00:00.000Z&quot;,
      &quot;Attachments&quot; : [ {
        &quot;contentType&quot; : &quot;Image&quot;,
        &quot;defaultAttachment&quot; : true,
        &quot;description&quot; : null,
        &quot;displayConditionsData&quot; : null,
        &quot;mimeType&quot; : &quot;image/jpeg&quot;,
        &quot;sequenceNumber&quot; : 10,
        &quot;title&quot; : &quot;Solar Panel Test Image&quot;,
        &quot;url&quot; : &quot;https://image.freepik.com/free-vector/solar-panel-energy-electric-electricity-logo-vector-icon_7688-797.jpg&quot;
      } ],
      &quot;AttributeCategory&quot; : {
        &quot;61669341-06cd-03a7-48b1-6da083425848&quot; : [ {
          &quot;$$AttributeDefinitionEnd$$&quot; : null,
          &quot;$$AttributeDefinitionStart$$&quot; : null,
          &quot;attributeRunTimeInfo&quot; : {
            &quot;dataType&quot; : &quot;Picklist&quot;,
            &quot;default&quot; : [ ],
            &quot;uiDisplayType&quot; : &quot;Dropdown&quot;,
            &quot;values&quot; : [ {
              &quot;displayText&quot; : &quot;Armagh&quot;,
              &quot;id&quot; : &quot;037d0aa8-3840-8a04-3b26-2c7645716d40&quot;,
              &quot;sequence&quot; : 10,
              &quot;value&quot; : &quot;Armagh&quot;
            }, {
              &quot;displayText&quot; : &quot;Chichester&quot;,
              &quot;id&quot; : &quot;977d56a0-3732-0671-f727-91b3dd9fff2d&quot;,
              &quot;sequence&quot; : 20,
              &quot;value&quot; : &quot;Chichester&quot;
            }, {
              &quot;displayText&quot; : &quot;Derby&quot;,
              &quot;id&quot; : &quot;d6675d0c-f932-e3c5-4313-fd2110efd248&quot;,
              &quot;sequence&quot; : 30,
              &quot;value&quot; : &quot;Derby&quot;
            }, {
              &quot;displayText&quot; : &quot;London&quot;,
              &quot;id&quot; : &quot;3e6915be-2d29-f395-0f0e-37cab6e81773&quot;,
              &quot;sequence&quot; : 40,
              &quot;value&quot; : &quot;London&quot;
            }, {
              &quot;displayText&quot; : &quot;Salisbury&quot;,
              &quot;id&quot; : &quot;1b185341-ea70-2c21-f34b-57ffe6d86251&quot;,
              &quot;sequence&quot; : 50,
              &quot;value&quot; : &quot;Salisbury&quot;
            } ]
          },
          &quot;attributecategoryid__c&quot; : &quot;a0O4x0000019pLxEAI&quot;,
          &quot;attributecloneable__c&quot; : true,
          &quot;attributeconfigurable__c&quot; : true,
          &quot;attributedisplayname__c&quot; : &quot;Distribution Region&quot;,
          &quot;attributedisplaysequence__c&quot; : &quot;20&quot;,
          &quot;attributefilterable__c&quot; : true,
          &quot;attributegrouptype__c&quot; : null,
          &quot;attributeid__c&quot; : &quot;a0P4x000002PNREEA4&quot;,
          &quot;attributeuniquecode__c&quot; : &quot;ATT_DISTRIBUTION_REGION&quot;,
          &quot;categorycode__c&quot; : &quot;61669341-06cd-03a7-48b1-6da083425848&quot;,
          &quot;categorydisplaysequence__c&quot; : 20,
          &quot;categoryname__c&quot; : &quot;Commodity Cost Components&quot;,
          &quot;customconfiguitemplate__c&quot; : null,
          &quot;displaysequence__c&quot; : &quot;20&quot;,
          &quot;formatmask__c&quot; : null,
          &quot;hasrule__c&quot; : false,
          &quot;id&quot; : &quot;a0M4x000001AKlfEAG&quot;,
          &quot;isactive__c&quot; : true,
          &quot;isconfigurable__c&quot; : true,
          &quot;ishidden__c&quot; : false,
          &quot;isnottranslatable__c&quot; : false,
          &quot;isquerydriven__c&quot; : false,
          &quot;isreadonly__c&quot; : false,
          &quot;isrequired__c&quot; : false,
          &quot;objectid__c&quot; : &quot;01t4x000000C7BqAAK&quot;,
          &quot;objecttype__c&quot; : &quot;vlocity_cmt__ObjectClass__c&quot;,
          &quot;querycode__c&quot; : null,
          &quot;querylabel__c&quot; : null,
          &quot;rulemessage__c&quot; : null,
          &quot;uidisplaytype__c&quot; : &quot;Dropdown&quot;,
          &quot;value__c&quot; : null,
          &quot;valuedatatype__c&quot; : &quot;Picklist&quot;,
          &quot;valuedescription__c&quot; : null,
          &quot;valueinnumber__c&quot; : null
        }, {
          &quot;$$AttributeDefinitionEnd$$&quot; : null,
          &quot;$$AttributeDefinitionStart$$&quot; : null,
          &quot;attributeRunTimeInfo&quot; : {
            &quot;dataType&quot; : &quot;Number&quot;,
            &quot;uiDisplayType&quot; : &quot;Number&quot;
          },
          &quot;attributecategoryid__c&quot; : &quot;a0O4x0000019pLxEAI&quot;,
          &quot;attributecloneable__c&quot; : true,
          &quot;attributeconfigurable__c&quot; : true,
          &quot;attributedisplayname__c&quot; : &quot;Usage Attribute&quot;,
          &quot;attributedisplaysequence__c&quot; : &quot;30&quot;,
          &quot;attributefilterable__c&quot; : true,
          &quot;attributegrouptype__c&quot; : null,
          &quot;attributeid__c&quot; : &quot;a0P4x000002PNVREA4&quot;,
          &quot;attributeuniquecode__c&quot; : &quot;ATT_USAGE&quot;,
          &quot;categorycode__c&quot; : &quot;61669341-06cd-03a7-48b1-6da083425848&quot;,
          &quot;categorydisplaysequence__c&quot; : 20,
          &quot;categoryname__c&quot; : &quot;Commodity Cost Components&quot;,
          &quot;customconfiguitemplate__c&quot; : null,
          &quot;displaysequence__c&quot; : &quot;20&quot;,
          &quot;formatmask__c&quot; : null,
          &quot;hasrule__c&quot; : false,
          &quot;id&quot; : &quot;a0M4x000001AKleEAG&quot;,
          &quot;isactive__c&quot; : true,
          &quot;isconfigurable__c&quot; : false,
          &quot;ishidden__c&quot; : false,
          &quot;isnottranslatable__c&quot; : false,
          &quot;isquerydriven__c&quot; : false,
          &quot;isreadonly__c&quot; : false,
          &quot;isrequired__c&quot; : false,
          &quot;objectid__c&quot; : &quot;01t4x000000C7BqAAK&quot;,
          &quot;objecttype__c&quot; : &quot;vlocity_cmt__ObjectClass__c&quot;,
          &quot;querycode__c&quot; : null,
          &quot;querylabel__c&quot; : null,
          &quot;rulemessage__c&quot; : null,
          &quot;uidisplaytype__c&quot; : &quot;Number&quot;,
          &quot;value__c&quot; : null,
          &quot;valuedatatype__c&quot; : &quot;Number&quot;,
          &quot;valuedescription__c&quot; : null,
          &quot;valueinnumber__c&quot; : null
        } ]
      },
      &quot;IsActive&quot; : true,
      &quot;Name&quot; : &quot;Solar Panels&quot;,
      &quot;ProductCode&quot; : &quot;AD_SOLAR_PANELS&quot;,
      &quot;addtocart&quot; : {
        &quot;rest&quot; : {
          &quot;link&quot; : &quot;v3/catalogs/EUADDONS/basket&quot;,
          &quot;method&quot; : &quot;POST&quot;,
          &quot;params&quot; : {
            &quot;basketAction&quot; : &quot;AddWithNoConfig&quot;,
            &quot;offer&quot; : &quot;AD_SOLAR_PANELS&quot;
          }
        }
      },
      &quot;offerDetailsAction&quot; : {
        &quot;client&quot; : {
          &quot;params&quot; : { },
          &quot;records&quot; : [ ]
        },
        &quot;remote&quot; : {
          &quot;params&quot; : { }
        },
        &quot;rest&quot; : {
          &quot;link&quot; : &quot;/v3/catalogs/EUADDONS/offers/AD_SOLAR_PANELS&quot;,
          &quot;method&quot; : &quot;GET&quot;,
          &quot;params&quot; : { }
        }
      },
      &quot;offerType&quot; : &quot;Product&quot;,
      &quot;priceResult&quot; : [ {
        &quot;Amount__c&quot; : 2200,
        &quot;ChargeType__c&quot; : &quot;One-time&quot;,
        &quot;DisplayText__c&quot; : &quot;2200&quot;,
        &quot;IsBasePrice__c&quot; : true,
        &quot;IsVirtualPrice__c&quot; : false,
        &quot;RecurringFrequency__c&quot; : null,
        &quot;SubType__c&quot; : &quot;Standard&quot;,
        &quot;Type__c&quot; : &quot;Price&quot;,
        &quot;UnitPrice&quot; : 2200,
        &quot;adjustments&quot; : [ ],
        &quot;baseamount&quot; : 2200,
        &quot;chargeamount&quot; : 2200,
        &quot;effectivefromdatespec&quot; : null,
        &quot;effectiveuntildatespec&quot; : null,
        &quot;overrides&quot; : [ ]
      } ]
    }, {
      &quot;vlocity_cmt__IsOrderable__c&quot; : true,
      &quot;vlocity_cmt__SellingStartDate__c&quot; : &quot;2021-01-26T20:00:00.000Z&quot;,
      &quot;Attachments&quot; : null,
      &quot;AttributeCategory&quot; : {
        &quot;61669341-06cd-03a7-48b1-6da083425848&quot; : [ {
          &quot;$$AttributeDefinitionEnd$$&quot; : null,
          &quot;$$AttributeDefinitionStart$$&quot; : null,
          &quot;attributeRunTimeInfo&quot; : {
            &quot;dataType&quot; : &quot;Picklist&quot;,
            &quot;default&quot; : [ ],
            &quot;uiDisplayType&quot; : &quot;Dropdown&quot;,
            &quot;values&quot; : [ {
              &quot;displayText&quot; : &quot;Armagh&quot;,
              &quot;id&quot; : &quot;037d0aa8-3840-8a04-3b26-2c7645716d40&quot;,
              &quot;sequence&quot; : 10,
              &quot;value&quot; : &quot;Armagh&quot;
            }, {
              &quot;displayText&quot; : &quot;Chichester&quot;,
              &quot;id&quot; : &quot;977d56a0-3732-0671-f727-91b3dd9fff2d&quot;,
              &quot;sequence&quot; : 20,
              &quot;value&quot; : &quot;Chichester&quot;
            }, {
              &quot;displayText&quot; : &quot;Derby&quot;,
              &quot;id&quot; : &quot;d6675d0c-f932-e3c5-4313-fd2110efd248&quot;,
              &quot;sequence&quot; : 30,
              &quot;value&quot; : &quot;Derby&quot;
            }, {
              &quot;displayText&quot; : &quot;London&quot;,
              &quot;id&quot; : &quot;3e6915be-2d29-f395-0f0e-37cab6e81773&quot;,
              &quot;sequence&quot; : 40,
              &quot;value&quot; : &quot;London&quot;
            }, {
              &quot;displayText&quot; : &quot;Salisbury&quot;,
              &quot;id&quot; : &quot;1b185341-ea70-2c21-f34b-57ffe6d86251&quot;,
              &quot;sequence&quot; : 50,
              &quot;value&quot; : &quot;Salisbury&quot;
            } ]
          },
          &quot;attributecategoryid__c&quot; : &quot;a0O4x0000019pLxEAI&quot;,
          &quot;attributecloneable__c&quot; : true,
          &quot;attributeconfigurable__c&quot; : true,
          &quot;attributedisplayname__c&quot; : &quot;Distribution Region&quot;,
          &quot;attributedisplaysequence__c&quot; : &quot;20&quot;,
          &quot;attributefilterable__c&quot; : true,
          &quot;attributegrouptype__c&quot; : null,
          &quot;attributeid__c&quot; : &quot;a0P4x000002PNREEA4&quot;,
          &quot;attributeuniquecode__c&quot; : &quot;ATT_DISTRIBUTION_REGION&quot;,
          &quot;categorycode__c&quot; : &quot;61669341-06cd-03a7-48b1-6da083425848&quot;,
          &quot;categorydisplaysequence__c&quot; : 20,
          &quot;categoryname__c&quot; : &quot;Commodity Cost Components&quot;,
          &quot;customconfiguitemplate__c&quot; : null,
          &quot;displaysequence__c&quot; : &quot;20&quot;,
          &quot;formatmask__c&quot; : null,
          &quot;hasrule__c&quot; : false,
          &quot;id&quot; : &quot;a0M4x000001AKlzEAG&quot;,
          &quot;isactive__c&quot; : true,
          &quot;isconfigurable__c&quot; : true,
          &quot;ishidden__c&quot; : false,
          &quot;isnottranslatable__c&quot; : false,
          &quot;isquerydriven__c&quot; : false,
          &quot;isreadonly__c&quot; : false,
          &quot;isrequired__c&quot; : false,
          &quot;objectid__c&quot; : &quot;01t4x000000C7BvAAK&quot;,
          &quot;objecttype__c&quot; : &quot;vlocity_cmt__ObjectClass__c&quot;,
          &quot;querycode__c&quot; : null,
          &quot;querylabel__c&quot; : null,
          &quot;rulemessage__c&quot; : null,
          &quot;uidisplaytype__c&quot; : &quot;Dropdown&quot;,
          &quot;value__c&quot; : null,
          &quot;valuedatatype__c&quot; : &quot;Picklist&quot;,
          &quot;valuedescription__c&quot; : null,
          &quot;valueinnumber__c&quot; : null
        }, {
          &quot;$$AttributeDefinitionEnd$$&quot; : null,
          &quot;$$AttributeDefinitionStart$$&quot; : null,
          &quot;attributeRunTimeInfo&quot; : {
            &quot;dataType&quot; : &quot;Number&quot;,
            &quot;uiDisplayType&quot; : &quot;Single Value&quot;
          },
          &quot;attributecategoryid__c&quot; : &quot;a0O4x0000019pLxEAI&quot;,
          &quot;attributecloneable__c&quot; : true,
          &quot;attributeconfigurable__c&quot; : true,
          &quot;attributedisplayname__c&quot; : &quot;Usage Attribute&quot;,
          &quot;attributedisplaysequence__c&quot; : &quot;30&quot;,
          &quot;attributefilterable__c&quot; : true,
          &quot;attributegrouptype__c&quot; : null,
          &quot;attributeid__c&quot; : &quot;a0P4x000002PNVREA4&quot;,
          &quot;attributeuniquecode__c&quot; : &quot;ATT_USAGE&quot;,
          &quot;categorycode__c&quot; : &quot;61669341-06cd-03a7-48b1-6da083425848&quot;,
          &quot;categorydisplaysequence__c&quot; : 20,
          &quot;categoryname__c&quot; : &quot;Commodity Cost Components&quot;,
          &quot;customconfiguitemplate__c&quot; : null,
          &quot;displaysequence__c&quot; : &quot;20&quot;,
          &quot;formatmask__c&quot; : null,
          &quot;hasrule__c&quot; : false,
          &quot;id&quot; : &quot;a0M4x000001AKlyEAG&quot;,
          &quot;isactive__c&quot; : true,
          &quot;isconfigurable__c&quot; : false,
          &quot;ishidden__c&quot; : false,
          &quot;isnottranslatable__c&quot; : false,
          &quot;isquerydriven__c&quot; : false,
          &quot;isreadonly__c&quot; : false,
          &quot;isrequired__c&quot; : false,
          &quot;objectid__c&quot; : &quot;01t4x000000C7BvAAK&quot;,
          &quot;objecttype__c&quot; : &quot;vlocity_cmt__ObjectClass__c&quot;,
          &quot;querycode__c&quot; : null,
          &quot;querylabel__c&quot; : null,
          &quot;rulemessage__c&quot; : null,
          &quot;uidisplaytype__c&quot; : &quot;Single Value&quot;,
          &quot;value__c&quot; : null,
          &quot;valuedatatype__c&quot; : &quot;Number&quot;,
          &quot;valuedescription__c&quot; : null,
          &quot;valueinnumber__c&quot; : null
        } ]
      },
      &quot;IsActive&quot; : true,
      &quot;Name&quot; : &quot;Smart Thermostat&quot;,
      &quot;ProductCode&quot; : &quot;AD_SMART_THERMOSTAT&quot;,
      &quot;addtocart&quot; : {
        &quot;rest&quot; : {
          &quot;link&quot; : &quot;v3/catalogs/EUADDONS/basket&quot;,
          &quot;method&quot; : &quot;POST&quot;,
          &quot;params&quot; : {
            &quot;basketAction&quot; : &quot;AddWithNoConfig&quot;,
            &quot;offer&quot; : &quot;AD_SMART_THERMOSTAT&quot;
          }
        }
      },
      &quot;offerDetailsAction&quot; : {
        &quot;client&quot; : {
          &quot;params&quot; : { },
          &quot;records&quot; : [ ]
        },
        &quot;remote&quot; : {
          &quot;params&quot; : { }
        },
        &quot;rest&quot; : {
          &quot;link&quot; : &quot;/v3/catalogs/EUADDONS/offers/AD_SMART_THERMOSTAT&quot;,
          &quot;method&quot; : &quot;GET&quot;,
          &quot;params&quot; : { }
        }
      },
      &quot;offerType&quot; : &quot;Product&quot;,
      &quot;priceResult&quot; : [ {
        &quot;Amount__c&quot; : 199,
        &quot;ChargeType__c&quot; : &quot;One-time&quot;,
        &quot;DisplayText__c&quot; : &quot;199&quot;,
        &quot;IsBasePrice__c&quot; : true,
        &quot;IsVirtualPrice__c&quot; : false,
        &quot;RecurringFrequency__c&quot; : null,
        &quot;SubType__c&quot; : &quot;Standard&quot;,
        &quot;Type__c&quot; : &quot;Price&quot;,
        &quot;UnitPrice&quot; : 199,
        &quot;adjustments&quot; : [ ],
        &quot;baseamount&quot; : 199,
        &quot;chargeamount&quot; : 199,
        &quot;effectivefromdatespec&quot; : null,
        &quot;effectiveuntildatespec&quot; : null,
        &quot;overrides&quot; : [ ]
      } ]
    } ]
  },
  &quot;ResponseStatus&quot; : true,
  &quot;response&quot; : {
    &quot;&quot; : &quot;&quot;
  }
}</previewJsonData>
    <processSuperBulk>false</processSuperBulk>
    <responseCacheTtlMinutes>0.0</responseCacheTtlMinutes>
    <rollbackOnError>false</rollbackOnError>
    <sourceObject>json</sourceObject>
    <sourceObjectDefault>false</sourceObjectDefault>
    <synchronousProcessThreshold>-1.0</synchronousProcessThreshold>
    <type>Transform</type>
    <uniqueName>VEEDigitalTransformAddOns_1</uniqueName>
    <versionNumber>1.0</versionNumber>
    <xmlDeclarationRemoved>false</xmlDeclarationRemoved>
</OmniDataTransform>
