<?xml version="1.0" encoding="UTF-8"?>
<OmniDataTransform xmlns="http://soap.sforce.com/2006/04/metadata">
    <active>false</active>
    <assignmentRulesUsed>false</assignmentRulesUsed>
    <deletedOnSuccess>false</deletedOnSuccess>
    <errorIgnored>false</errorIgnored>
    <fieldLevelSecurityEnabled>false</fieldLevelSecurityEnabled>
    <inputType>JSON</inputType>
    <name>VEEDigitalBasketsTransformerDual</name>
    <nullInputsIncludedInOutput>false</nullInputsIncludedInOutput>
    <omniDataTransformItem>
        <disabled>false</disabled>
        <filterGroup>0.0</filterGroup>
        <globalKey>VEEDigitalBasketsTransformerDualCustom3834</globalKey>
        <inputFieldName>BasketsList:FollowOnStepOne:result:records:lineItems:records:lineItems:records:Product2:vlocity_cmt__SubType__c</inputFieldName>
        <inputObjectQuerySequence>0.0</inputObjectQuerySequence>
        <linkedObjectSequence>0.0</linkedObjectSequence>
        <name>VEEDigitalBasketsTransformerDual</name>
        <outputCreationSequence>1.0</outputCreationSequence>
        <outputFieldName>Baskets:childProducts:childProducts:subType</outputFieldName>
        <outputObjectName>json</outputObjectName>
        <requiredForUpsert>false</requiredForUpsert>
        <upsertKey>false</upsertKey>
    </omniDataTransformItem>
    <omniDataTransformItem>
        <disabled>false</disabled>
        <filterGroup>0.0</filterGroup>
        <globalKey>VEEDigitalBasketsTransformerDualCustom7489</globalKey>
        <inputFieldName>BasketsList:getBasketsConfig:result:records:lineItems:records:lineItems:records:Product2:vlocity_cmt__SubType__c</inputFieldName>
        <inputObjectQuerySequence>0.0</inputObjectQuerySequence>
        <linkedObjectSequence>0.0</linkedObjectSequence>
        <name>VEEDigitalBasketsTransformerDual</name>
        <outputCreationSequence>1.0</outputCreationSequence>
        <outputFieldName>Baskets:childProducts:childProducts:subType</outputFieldName>
        <outputObjectName>json</outputObjectName>
        <requiredForUpsert>false</requiredForUpsert>
        <upsertKey>false</upsertKey>
    </omniDataTransformItem>
    <omniDataTransformItem>
        <disabled>false</disabled>
        <filterGroup>0.0</filterGroup>
        <globalKey>VEEDigitalBasketsTransformerDualCustom7893</globalKey>
        <inputFieldName>BasketsList:FollowOnStepOne:result:records:lineItems:records:lineItems:records:ProductCode</inputFieldName>
        <inputObjectQuerySequence>0.0</inputObjectQuerySequence>
        <linkedObjectSequence>0.0</linkedObjectSequence>
        <name>VEEDigitalBasketsTransformerDual</name>
        <outputCreationSequence>1.0</outputCreationSequence>
        <outputFieldName>Baskets:childProducts:childProducts:productCode</outputFieldName>
        <outputObjectName>json</outputObjectName>
        <requiredForUpsert>false</requiredForUpsert>
        <upsertKey>false</upsertKey>
    </omniDataTransformItem>
    <omniDataTransformItem>
        <disabled>false</disabled>
        <filterGroup>0.0</filterGroup>
        <globalKey>VEEDigitalBasketsTransformerDualCustom4964</globalKey>
        <inputFieldName>BasketsList:getBasketsConfig:result:records:lineItems:records:lineItems:records:ProductCode</inputFieldName>
        <inputObjectQuerySequence>0.0</inputObjectQuerySequence>
        <linkedObjectSequence>0.0</linkedObjectSequence>
        <name>VEEDigitalBasketsTransformerDual</name>
        <outputCreationSequence>1.0</outputCreationSequence>
        <outputFieldName>Baskets:childProducts:childProducts:productCode</outputFieldName>
        <outputObjectName>json</outputObjectName>
        <requiredForUpsert>false</requiredForUpsert>
        <upsertKey>false</upsertKey>
    </omniDataTransformItem>
    <omniDataTransformItem>
        <disabled>false</disabled>
        <filterGroup>0.0</filterGroup>
        <globalKey>VEEDigitalBasketsTransformerDualCustom2038</globalKey>
        <inputFieldName>BasketsList:FollowOnStepOne:result:records:lineItems:records:lineItems:records:Name</inputFieldName>
        <inputObjectQuerySequence>0.0</inputObjectQuerySequence>
        <linkedObjectSequence>0.0</linkedObjectSequence>
        <name>VEEDigitalBasketsTransformerDual</name>
        <outputCreationSequence>1.0</outputCreationSequence>
        <outputFieldName>Baskets:childProducts:childProducts:name</outputFieldName>
        <outputObjectName>json</outputObjectName>
        <requiredForUpsert>false</requiredForUpsert>
        <upsertKey>false</upsertKey>
    </omniDataTransformItem>
    <omniDataTransformItem>
        <disabled>false</disabled>
        <filterGroup>0.0</filterGroup>
        <globalKey>VEEDigitalBasketsTransformerDualCustom1800</globalKey>
        <inputFieldName>BasketsList:getBasketsConfig:result:records:lineItems:records:lineItems:records:Name</inputFieldName>
        <inputObjectQuerySequence>0.0</inputObjectQuerySequence>
        <linkedObjectSequence>0.0</linkedObjectSequence>
        <name>VEEDigitalBasketsTransformerDual</name>
        <outputCreationSequence>1.0</outputCreationSequence>
        <outputFieldName>Baskets:childProducts:childProducts:name</outputFieldName>
        <outputObjectName>json</outputObjectName>
        <requiredForUpsert>false</requiredForUpsert>
        <upsertKey>false</upsertKey>
    </omniDataTransformItem>
    <omniDataTransformItem>
        <disabled>false</disabled>
        <filterGroup>0.0</filterGroup>
        <globalKey>VEEDigitalBasketsTransformerDualCustom1594</globalKey>
        <inputFieldName>BasketsList:FollowOnStepOne:result:records:lineItems:records:lineItems:records:Product2:Description</inputFieldName>
        <inputObjectQuerySequence>0.0</inputObjectQuerySequence>
        <linkedObjectSequence>0.0</linkedObjectSequence>
        <name>VEEDigitalBasketsTransformerDual</name>
        <outputCreationSequence>1.0</outputCreationSequence>
        <outputFieldName>Baskets:childProducts:childProducts:description</outputFieldName>
        <outputObjectName>json</outputObjectName>
        <requiredForUpsert>false</requiredForUpsert>
        <upsertKey>false</upsertKey>
    </omniDataTransformItem>
    <omniDataTransformItem>
        <disabled>false</disabled>
        <filterGroup>0.0</filterGroup>
        <globalKey>VEEDigitalBasketsTransformerDualCustom5582</globalKey>
        <inputFieldName>BasketsList:getBasketsConfig:result:records:lineItems:records:lineItems:records:Product2:Description</inputFieldName>
        <inputObjectQuerySequence>0.0</inputObjectQuerySequence>
        <linkedObjectSequence>0.0</linkedObjectSequence>
        <name>VEEDigitalBasketsTransformerDual</name>
        <outputCreationSequence>1.0</outputCreationSequence>
        <outputFieldName>Baskets:childProducts:childProducts:description</outputFieldName>
        <outputObjectName>json</outputObjectName>
        <requiredForUpsert>false</requiredForUpsert>
        <upsertKey>false</upsertKey>
    </omniDataTransformItem>
    <omniDataTransformItem>
        <disabled>false</disabled>
        <filterGroup>0.0</filterGroup>
        <globalKey>VEEDigitalBasketsTransformerDualCustoma1V4x00000AdnNXEAZItem1</globalKey>
        <inputObjectQuerySequence>0.0</inputObjectQuerySequence>
        <linkedObjectSequence>0.0</linkedObjectSequence>
        <name>VEEDigitalBasketsTransformerDual</name>
        <outputCreationSequence>1.0</outputCreationSequence>
        <outputFieldFormat>List&lt;Map&gt;</outputFieldFormat>
        <outputFieldName>Baskets:childProducts</outputFieldName>
        <outputObjectName>json</outputObjectName>
        <requiredForUpsert>false</requiredForUpsert>
        <upsertKey>false</upsertKey>
    </omniDataTransformItem>
    <omniDataTransformItem>
        <disabled>false</disabled>
        <filterGroup>0.0</filterGroup>
        <globalKey>VEEDigitalBasketsTransformerDualCustom4497</globalKey>
        <inputFieldName>BasketsList:getBasketsConfig:result:records:Product2:vlocity_cmt__SubType__c</inputFieldName>
        <inputObjectQuerySequence>0.0</inputObjectQuerySequence>
        <linkedObjectSequence>0.0</linkedObjectSequence>
        <name>VEEDigitalBasketsTransformerDual</name>
        <outputCreationSequence>1.0</outputCreationSequence>
        <outputFieldName>ProductType</outputFieldName>
        <outputObjectName>json</outputObjectName>
        <requiredForUpsert>false</requiredForUpsert>
        <upsertKey>false</upsertKey>
    </omniDataTransformItem>
    <omniDataTransformItem>
        <disabled>false</disabled>
        <filterGroup>0.0</filterGroup>
        <globalKey>VEEDigitalBasketsTransformerDualCustom2917</globalKey>
        <inputObjectQuerySequence>0.0</inputObjectQuerySequence>
        <linkedObjectSequence>0.0</linkedObjectSequence>
        <name>VEEDigitalBasketsTransformerDual</name>
        <outputCreationSequence>1.0</outputCreationSequence>
        <outputFieldFormat>List&lt;Map&gt;</outputFieldFormat>
        <outputFieldName>Baskets:childProducts:childProducts</outputFieldName>
        <outputObjectName>json</outputObjectName>
        <requiredForUpsert>false</requiredForUpsert>
        <upsertKey>false</upsertKey>
    </omniDataTransformItem>
    <omniDataTransformItem>
        <disabled>false</disabled>
        <filterGroup>0.0</filterGroup>
        <globalKey>VEEDigitalBasketsTransformerDualCustoma1V4x00000AdnNXEAZItem2</globalKey>
        <inputFieldName>BasketsList:FollowOnStepOne:createCartAction:rest:params:cartContextKey</inputFieldName>
        <inputObjectQuerySequence>0.0</inputObjectQuerySequence>
        <linkedObjectSequence>0.0</linkedObjectSequence>
        <name>VEEDigitalBasketsTransformerDual</name>
        <outputCreationSequence>1.0</outputCreationSequence>
        <outputFieldName>Baskets:cartContextKey</outputFieldName>
        <outputObjectName>json</outputObjectName>
        <requiredForUpsert>false</requiredForUpsert>
        <upsertKey>false</upsertKey>
    </omniDataTransformItem>
    <omniDataTransformItem>
        <disabled>false</disabled>
        <filterGroup>0.0</filterGroup>
        <globalKey>VEEDigitalBasketsTransformerDualCustom4035</globalKey>
        <inputFieldName>BasketsList:getBasketsConfig:result:records:Product2:vlocity_cmt__SubType__c</inputFieldName>
        <inputObjectQuerySequence>0.0</inputObjectQuerySequence>
        <linkedObjectSequence>0.0</linkedObjectSequence>
        <name>VEEDigitalBasketsTransformerDual</name>
        <outputCreationSequence>1.0</outputCreationSequence>
        <outputFieldName>Baskets:subType</outputFieldName>
        <outputObjectName>json</outputObjectName>
        <requiredForUpsert>false</requiredForUpsert>
        <upsertKey>false</upsertKey>
    </omniDataTransformItem>
    <omniDataTransformItem>
        <disabled>false</disabled>
        <filterGroup>0.0</filterGroup>
        <globalKey>VEEDigitalBasketsTransformerDualCustoma1V4x00000AdnNXEAZItem4</globalKey>
        <inputFieldName>BasketsList:getBasketsConfig:cartContextKey</inputFieldName>
        <inputObjectQuerySequence>0.0</inputObjectQuerySequence>
        <linkedObjectSequence>0.0</linkedObjectSequence>
        <name>VEEDigitalBasketsTransformerDual</name>
        <outputCreationSequence>1.0</outputCreationSequence>
        <outputFieldName>Baskets:cartContextKey</outputFieldName>
        <outputObjectName>json</outputObjectName>
        <requiredForUpsert>false</requiredForUpsert>
        <transformValuesMappings>{ }</transformValuesMappings>
        <upsertKey>false</upsertKey>
    </omniDataTransformItem>
    <omniDataTransformItem>
        <disabled>false</disabled>
        <filterGroup>0.0</filterGroup>
        <globalKey>VEEDigitalBasketsTransformerDualCustom1210</globalKey>
        <inputFieldName>BasketsList:FollowOnStepOne:result:records:Product2:vlocity_cmt__SubType__c</inputFieldName>
        <inputObjectQuerySequence>0.0</inputObjectQuerySequence>
        <linkedObjectSequence>0.0</linkedObjectSequence>
        <name>VEEDigitalBasketsTransformerDual</name>
        <outputCreationSequence>1.0</outputCreationSequence>
        <outputFieldName>ProductType</outputFieldName>
        <outputObjectName>json</outputObjectName>
        <requiredForUpsert>false</requiredForUpsert>
        <upsertKey>false</upsertKey>
    </omniDataTransformItem>
    <omniDataTransformItem>
        <disabled>false</disabled>
        <filterGroup>0.0</filterGroup>
        <globalKey>VEEDigitalBasketsTransformerDualCustoma1V4x00000AdnNXEAZItem12</globalKey>
        <inputFieldName>BasketsList:getBasketsConfig:result:records:lineItems:records:pricingLogValue:PricingVariableCodeBaseValues:USAGE_STD_PRC</inputFieldName>
        <inputObjectQuerySequence>0.0</inputObjectQuerySequence>
        <linkedObjectSequence>0.0</linkedObjectSequence>
        <name>VEEDigitalBasketsTransformerDual</name>
        <outputCreationSequence>1.0</outputCreationSequence>
        <outputFieldName>Baskets:childProducts:unitPrice</outputFieldName>
        <outputObjectName>json</outputObjectName>
        <requiredForUpsert>false</requiredForUpsert>
        <upsertKey>false</upsertKey>
    </omniDataTransformItem>
    <omniDataTransformItem>
        <disabled>false</disabled>
        <filterGroup>0.0</filterGroup>
        <globalKey>VEEDigitalBasketsTransformerDualCustom7703</globalKey>
        <inputFieldName>BasketsList:FollowOnStepOne:result:records:pricingLogValue:LogData:REC_MNTH_STD_PRC:CurrencyCode</inputFieldName>
        <inputObjectQuerySequence>0.0</inputObjectQuerySequence>
        <linkedObjectSequence>0.0</linkedObjectSequence>
        <name>VEEDigitalBasketsTransformerDual</name>
        <outputCreationSequence>1.0</outputCreationSequence>
        <outputFieldName>Baskets:currencyCode</outputFieldName>
        <outputObjectName>json</outputObjectName>
        <requiredForUpsert>false</requiredForUpsert>
        <upsertKey>false</upsertKey>
    </omniDataTransformItem>
    <omniDataTransformItem>
        <disabled>false</disabled>
        <filterGroup>0.0</filterGroup>
        <globalKey>VEEDigitalBasketsTransformerDualCustoma1V4x00000AdnNXEAZItem23</globalKey>
        <inputFieldName>BasketsList:getBasketsConfig:result:records:lineItems:records:Product2:vlocity_cmt__SubType__c</inputFieldName>
        <inputObjectQuerySequence>0.0</inputObjectQuerySequence>
        <linkedObjectSequence>0.0</linkedObjectSequence>
        <name>VEEDigitalBasketsTransformerDual</name>
        <outputCreationSequence>1.0</outputCreationSequence>
        <outputFieldName>Baskets:childProducts:subType</outputFieldName>
        <outputObjectName>json</outputObjectName>
        <requiredForUpsert>false</requiredForUpsert>
        <upsertKey>false</upsertKey>
    </omniDataTransformItem>
    <omniDataTransformItem>
        <disabled>false</disabled>
        <filterGroup>0.0</filterGroup>
        <globalKey>VEEDigitalBasketsTransformerDualCustoma1V4x00000AdnNXEAZItem16</globalKey>
        <inputFieldName>BasketsList:FollowOnStepOne:result:records:lineItems:records:pricingLogValue:PricingVariableCodeBaseValues:USAGE_STD_PRC</inputFieldName>
        <inputObjectQuerySequence>0.0</inputObjectQuerySequence>
        <linkedObjectSequence>0.0</linkedObjectSequence>
        <name>VEEDigitalBasketsTransformerDual</name>
        <outputCreationSequence>1.0</outputCreationSequence>
        <outputFieldName>Baskets:childProducts:unitPrice</outputFieldName>
        <outputObjectName>json</outputObjectName>
        <requiredForUpsert>false</requiredForUpsert>
        <upsertKey>false</upsertKey>
    </omniDataTransformItem>
    <omniDataTransformItem>
        <disabled>false</disabled>
        <filterGroup>0.0</filterGroup>
        <globalKey>VEEDigitalBasketsTransformerDualCustoma1V4x00000AdnNXEAZItem7</globalKey>
        <inputFieldName>BasketsList:getBasketsConfig:result:records:lineItems:records:ProductCode</inputFieldName>
        <inputObjectQuerySequence>0.0</inputObjectQuerySequence>
        <linkedObjectSequence>0.0</linkedObjectSequence>
        <name>VEEDigitalBasketsTransformerDual</name>
        <outputCreationSequence>1.0</outputCreationSequence>
        <outputFieldName>Baskets:childProducts:productCode</outputFieldName>
        <outputObjectName>json</outputObjectName>
        <requiredForUpsert>false</requiredForUpsert>
        <upsertKey>false</upsertKey>
    </omniDataTransformItem>
    <omniDataTransformItem>
        <disabled>false</disabled>
        <filterGroup>0.0</filterGroup>
        <globalKey>VEEDigitalBasketsTransformerDualCustoma1V4x00000AdnNXEAZItem24</globalKey>
        <inputFieldName>BasketsList:FollowOnStepOne:result:records:lineItems:records:Product2:vlocity_cmt__SubType__c</inputFieldName>
        <inputObjectQuerySequence>0.0</inputObjectQuerySequence>
        <linkedObjectSequence>0.0</linkedObjectSequence>
        <name>VEEDigitalBasketsTransformerDual</name>
        <outputCreationSequence>1.0</outputCreationSequence>
        <outputFieldName>Baskets:childProducts:subType</outputFieldName>
        <outputObjectName>json</outputObjectName>
        <requiredForUpsert>false</requiredForUpsert>
        <upsertKey>false</upsertKey>
    </omniDataTransformItem>
    <omniDataTransformItem>
        <disabled>false</disabled>
        <filterGroup>0.0</filterGroup>
        <globalKey>VEEDigitalBasketsTransformerDualCustoma1V4x00000AdnNXEAZItem6</globalKey>
        <inputFieldName>BasketsList:getBasketsConfig:result:records:lineItems:records:Name</inputFieldName>
        <inputObjectQuerySequence>0.0</inputObjectQuerySequence>
        <linkedObjectSequence>0.0</linkedObjectSequence>
        <name>VEEDigitalBasketsTransformerDual</name>
        <outputCreationSequence>1.0</outputCreationSequence>
        <outputFieldName>Baskets:childProducts:name</outputFieldName>
        <outputObjectName>json</outputObjectName>
        <requiredForUpsert>false</requiredForUpsert>
        <upsertKey>false</upsertKey>
    </omniDataTransformItem>
    <omniDataTransformItem>
        <disabled>false</disabled>
        <filterGroup>0.0</filterGroup>
        <globalKey>VEEDigitalBasketsTransformerDualCustoma1V4x00000AdnNXEAZItem11</globalKey>
        <inputFieldName>BasketsList:FollowOnStepOne:result:records:lineItems:records:ProductCode</inputFieldName>
        <inputObjectQuerySequence>0.0</inputObjectQuerySequence>
        <linkedObjectSequence>0.0</linkedObjectSequence>
        <name>VEEDigitalBasketsTransformerDual</name>
        <outputCreationSequence>1.0</outputCreationSequence>
        <outputFieldName>Baskets:childProducts:productCode</outputFieldName>
        <outputObjectName>json</outputObjectName>
        <requiredForUpsert>false</requiredForUpsert>
        <upsertKey>false</upsertKey>
    </omniDataTransformItem>
    <omniDataTransformItem>
        <disabled>false</disabled>
        <filterGroup>0.0</filterGroup>
        <globalKey>VEEDigitalBasketsTransformerDualCustoma1V4x00000AdnNXEAZItem22</globalKey>
        <inputFieldName>Attachments</inputFieldName>
        <inputObjectQuerySequence>0.0</inputObjectQuerySequence>
        <linkedObjectSequence>0.0</linkedObjectSequence>
        <name>VEEDigitalBasketsTransformerDual</name>
        <outputCreationSequence>1.0</outputCreationSequence>
        <outputFieldName>Attachments</outputFieldName>
        <outputObjectName>json</outputObjectName>
        <requiredForUpsert>false</requiredForUpsert>
        <upsertKey>false</upsertKey>
    </omniDataTransformItem>
    <omniDataTransformItem>
        <disabled>false</disabled>
        <filterGroup>0.0</filterGroup>
        <globalKey>VEEDigitalBasketsTransformerDualCustoma1V4x00000AdnNXEAZItem10</globalKey>
        <inputFieldName>BasketsList:FollowOnStepOne:result:records:Name</inputFieldName>
        <inputObjectQuerySequence>0.0</inputObjectQuerySequence>
        <linkedObjectSequence>0.0</linkedObjectSequence>
        <name>VEEDigitalBasketsTransformerDual</name>
        <outputCreationSequence>1.0</outputCreationSequence>
        <outputFieldName>Baskets:productName</outputFieldName>
        <outputObjectName>json</outputObjectName>
        <requiredForUpsert>false</requiredForUpsert>
        <upsertKey>false</upsertKey>
    </omniDataTransformItem>
    <omniDataTransformItem>
        <disabled>false</disabled>
        <filterGroup>0.0</filterGroup>
        <globalKey>VEEDigitalBasketsTransformerDualCustoma1V4x00000AdnNXEAZItem0</globalKey>
        <inputObjectQuerySequence>0.0</inputObjectQuerySequence>
        <linkedObjectSequence>0.0</linkedObjectSequence>
        <name>VEEDigitalBasketsTransformerDual</name>
        <outputCreationSequence>1.0</outputCreationSequence>
        <outputFieldFormat>List&lt;Map&gt;</outputFieldFormat>
        <outputFieldName>Baskets</outputFieldName>
        <outputObjectName>json</outputObjectName>
        <requiredForUpsert>false</requiredForUpsert>
        <upsertKey>false</upsertKey>
    </omniDataTransformItem>
    <omniDataTransformItem>
        <disabled>false</disabled>
        <filterGroup>0.0</filterGroup>
        <globalKey>VEEDigitalBasketsTransformerDualCustoma1V4x00000AdnNXEAZItem8</globalKey>
        <inputFieldName>BasketsList:getBasketsConfig:result:records:Name</inputFieldName>
        <inputObjectQuerySequence>0.0</inputObjectQuerySequence>
        <linkedObjectSequence>0.0</linkedObjectSequence>
        <name>VEEDigitalBasketsTransformerDual</name>
        <outputCreationSequence>1.0</outputCreationSequence>
        <outputFieldName>Baskets:productName</outputFieldName>
        <outputObjectName>json</outputObjectName>
        <requiredForUpsert>false</requiredForUpsert>
        <transformValuesMappings>{ }</transformValuesMappings>
        <upsertKey>false</upsertKey>
    </omniDataTransformItem>
    <omniDataTransformItem>
        <disabled>false</disabled>
        <filterGroup>0.0</filterGroup>
        <globalKey>VEEDigitalBasketsTransformerDualCustoma1V4x00000AdnNXEAZItem3</globalKey>
        <inputFieldName>BasketsList:FollowOnStepOne:result:records:ProductCode</inputFieldName>
        <inputObjectQuerySequence>0.0</inputObjectQuerySequence>
        <linkedObjectSequence>0.0</linkedObjectSequence>
        <name>VEEDigitalBasketsTransformerDual</name>
        <outputCreationSequence>1.0</outputCreationSequence>
        <outputFieldName>Baskets:productCode</outputFieldName>
        <outputObjectName>json</outputObjectName>
        <requiredForUpsert>false</requiredForUpsert>
        <upsertKey>false</upsertKey>
    </omniDataTransformItem>
    <omniDataTransformItem>
        <disabled>false</disabled>
        <filterGroup>0.0</filterGroup>
        <formulaSequence>1.0</formulaSequence>
        <globalKey>VEEDigitalBasketsTransformerDualCustom3571</globalKey>
        <inputObjectQuerySequence>0.0</inputObjectQuerySequence>
        <linkedObjectSequence>0.0</linkedObjectSequence>
        <name>VEEDigitalBasketsTransformerDual</name>
        <outputCreationSequence>0.0</outputCreationSequence>
        <outputFieldName>Formula</outputFieldName>
        <outputObjectName>Formula</outputObjectName>
        <requiredForUpsert>false</requiredForUpsert>
        <upsertKey>false</upsertKey>
    </omniDataTransformItem>
    <omniDataTransformItem>
        <disabled>false</disabled>
        <filterGroup>0.0</filterGroup>
        <globalKey>VEEDigitalBasketsTransformerDualCustoma1V4x00000AdnNXEAZItem9</globalKey>
        <inputFieldName>BasketsList:getBasketsConfig:result:records:ProductCode</inputFieldName>
        <inputObjectQuerySequence>0.0</inputObjectQuerySequence>
        <linkedObjectSequence>0.0</linkedObjectSequence>
        <name>VEEDigitalBasketsTransformerDual</name>
        <outputCreationSequence>1.0</outputCreationSequence>
        <outputFieldName>Baskets:productCode</outputFieldName>
        <outputObjectName>json</outputObjectName>
        <requiredForUpsert>false</requiredForUpsert>
        <upsertKey>false</upsertKey>
    </omniDataTransformItem>
    <omniDataTransformItem>
        <disabled>false</disabled>
        <filterGroup>0.0</filterGroup>
        <globalKey>VEEDigitalBasketsTransformerDualCustoma1V4x00000AdnNXEAZItem18</globalKey>
        <inputFieldName>BasketsList:getBasketsConfig:result:records:Product2:Description</inputFieldName>
        <inputObjectQuerySequence>0.0</inputObjectQuerySequence>
        <linkedObjectSequence>0.0</linkedObjectSequence>
        <name>VEEDigitalBasketsTransformerDual</name>
        <outputCreationSequence>1.0</outputCreationSequence>
        <outputFieldFormat>String</outputFieldFormat>
        <outputFieldName>Baskets:description</outputFieldName>
        <outputObjectName>json</outputObjectName>
        <requiredForUpsert>false</requiredForUpsert>
        <upsertKey>false</upsertKey>
    </omniDataTransformItem>
    <omniDataTransformItem>
        <defaultValue>false</defaultValue>
        <disabled>false</disabled>
        <filterGroup>0.0</filterGroup>
        <globalKey>VEEDigitalBasketsTransformerDualCustoma1V4x00000AdnNXEAZItem19</globalKey>
        <inputObjectQuerySequence>0.0</inputObjectQuerySequence>
        <linkedObjectSequence>0.0</linkedObjectSequence>
        <name>VEEDigitalBasketsTransformerDual</name>
        <outputCreationSequence>1.0</outputCreationSequence>
        <outputFieldFormat>Boolean</outputFieldFormat>
        <outputFieldName>Baskets:isAddedToCart</outputFieldName>
        <outputObjectName>json</outputObjectName>
        <requiredForUpsert>false</requiredForUpsert>
        <upsertKey>false</upsertKey>
    </omniDataTransformItem>
    <omniDataTransformItem>
        <disabled>false</disabled>
        <filterGroup>0.0</filterGroup>
        <globalKey>VEEDigitalBasketsTransformerDualCustoma1V4x00000AdnNXEAZItem5</globalKey>
        <inputFieldName>BasketsList:getBasketsConfig:result:records:pricingLogValue:LogData:REC_MNTH_STD_PRC:CurrencyCode</inputFieldName>
        <inputObjectQuerySequence>0.0</inputObjectQuerySequence>
        <linkedObjectSequence>0.0</linkedObjectSequence>
        <name>VEEDigitalBasketsTransformerDual</name>
        <outputCreationSequence>1.0</outputCreationSequence>
        <outputFieldName>Baskets:currencyCode</outputFieldName>
        <outputObjectName>json</outputObjectName>
        <requiredForUpsert>false</requiredForUpsert>
        <upsertKey>false</upsertKey>
    </omniDataTransformItem>
    <omniDataTransformItem>
        <disabled>false</disabled>
        <filterGroup>0.0</filterGroup>
        <globalKey>VEEDigitalBasketsTransformerDualCustoma1V4x00000AdnNXEAZItem17</globalKey>
        <inputFieldName>BasketsList:FollowOnStepOne:result:records:Product2:Description</inputFieldName>
        <inputObjectQuerySequence>0.0</inputObjectQuerySequence>
        <linkedObjectSequence>0.0</linkedObjectSequence>
        <name>VEEDigitalBasketsTransformerDual</name>
        <outputCreationSequence>1.0</outputCreationSequence>
        <outputFieldFormat>String</outputFieldFormat>
        <outputFieldName>Baskets:description</outputFieldName>
        <outputObjectName>json</outputObjectName>
        <requiredForUpsert>false</requiredForUpsert>
        <upsertKey>false</upsertKey>
    </omniDataTransformItem>
    <omniDataTransformItem>
        <disabled>false</disabled>
        <filterGroup>0.0</filterGroup>
        <globalKey>VEEDigitalBasketsTransformerDualCustom1111</globalKey>
        <inputFieldName>BasketsList:FollowOnStepOne:result:records:lineItems:records:Product2:Description</inputFieldName>
        <inputObjectQuerySequence>0.0</inputObjectQuerySequence>
        <linkedObjectSequence>0.0</linkedObjectSequence>
        <name>VEEDigitalBasketsTransformerDual</name>
        <outputCreationSequence>1.0</outputCreationSequence>
        <outputFieldName>Baskets:childProducts:description</outputFieldName>
        <outputObjectName>json</outputObjectName>
        <requiredForUpsert>false</requiredForUpsert>
        <upsertKey>false</upsertKey>
    </omniDataTransformItem>
    <omniDataTransformItem>
        <disabled>false</disabled>
        <filterGroup>0.0</filterGroup>
        <globalKey>VEEDigitalBasketsTransformerDualCustom2469</globalKey>
        <inputFieldName>BasketsList:getBasketsConfig:result:records:lineItems:records:Product2:Description</inputFieldName>
        <inputObjectQuerySequence>0.0</inputObjectQuerySequence>
        <linkedObjectSequence>0.0</linkedObjectSequence>
        <name>VEEDigitalBasketsTransformerDual</name>
        <outputCreationSequence>1.0</outputCreationSequence>
        <outputFieldName>Baskets:childProducts:description</outputFieldName>
        <outputObjectName>json</outputObjectName>
        <requiredForUpsert>false</requiredForUpsert>
        <upsertKey>false</upsertKey>
    </omniDataTransformItem>
    <omniDataTransformItem>
        <disabled>false</disabled>
        <filterGroup>0.0</filterGroup>
        <globalKey>VEEDigitalBasketsTransformerDualCustoma1V4x00000AdnNXEAZItem26</globalKey>
        <inputFieldName>BasketsList:FollowOnStepOne:result:records:pricingLogValue:LogData:REC_MNTH_STD_PRC:CurrencyCode</inputFieldName>
        <inputObjectQuerySequence>0.0</inputObjectQuerySequence>
        <linkedObjectSequence>0.0</linkedObjectSequence>
        <name>VEEDigitalBasketsTransformerDual</name>
        <outputCreationSequence>1.0</outputCreationSequence>
        <outputFieldName>Baskets:childProducts:currencyCode</outputFieldName>
        <outputObjectName>json</outputObjectName>
        <requiredForUpsert>false</requiredForUpsert>
        <upsertKey>false</upsertKey>
    </omniDataTransformItem>
    <omniDataTransformItem>
        <disabled>false</disabled>
        <filterGroup>0.0</filterGroup>
        <globalKey>VEEDigitalBasketsTransformerDualCustoma1V4x00000AdnNXEAZItem25</globalKey>
        <inputFieldName>BasketsList:getBasketsConfig:result:records:pricingLogValue:LogData:REC_MNTH_STD_PRC:CurrencyCode</inputFieldName>
        <inputObjectQuerySequence>0.0</inputObjectQuerySequence>
        <linkedObjectSequence>0.0</linkedObjectSequence>
        <name>VEEDigitalBasketsTransformerDual</name>
        <outputCreationSequence>1.0</outputCreationSequence>
        <outputFieldName>Baskets:childProducts:currencyCode</outputFieldName>
        <outputObjectName>json</outputObjectName>
        <requiredForUpsert>false</requiredForUpsert>
        <upsertKey>false</upsertKey>
    </omniDataTransformItem>
    <omniDataTransformItem>
        <disabled>false</disabled>
        <filterGroup>0.0</filterGroup>
        <globalKey>VEEDigitalBasketsTransformerDualCustom7688</globalKey>
        <inputFieldName>BasketsList:FollowOnStepOne:result:records:lineItems:records:lineItems:records:pricingLogValue:PricingVariableCodeBaseValues:USAGE_STD_PRC</inputFieldName>
        <inputObjectQuerySequence>0.0</inputObjectQuerySequence>
        <linkedObjectSequence>0.0</linkedObjectSequence>
        <name>VEEDigitalBasketsTransformerDual</name>
        <outputCreationSequence>1.0</outputCreationSequence>
        <outputFieldName>Baskets:childProducts:childProducts:unitPrice</outputFieldName>
        <outputObjectName>json</outputObjectName>
        <requiredForUpsert>false</requiredForUpsert>
        <upsertKey>false</upsertKey>
    </omniDataTransformItem>
    <omniDataTransformItem>
        <disabled>false</disabled>
        <filterGroup>0.0</filterGroup>
        <globalKey>VEEDigitalBasketsTransformerDualCustom7617</globalKey>
        <inputFieldName>BasketsList:getBasketsConfig:result:records:lineItems:records:lineItems:records:pricingLogValue:PricingVariableCodeBaseValues:USAGE_STD_PRC</inputFieldName>
        <inputObjectQuerySequence>0.0</inputObjectQuerySequence>
        <linkedObjectSequence>0.0</linkedObjectSequence>
        <name>VEEDigitalBasketsTransformerDual</name>
        <outputCreationSequence>1.0</outputCreationSequence>
        <outputFieldName>Baskets:childProducts:childProducts:unitPrice</outputFieldName>
        <outputObjectName>json</outputObjectName>
        <requiredForUpsert>false</requiredForUpsert>
        <upsertKey>false</upsertKey>
    </omniDataTransformItem>
    <omniDataTransformItem>
        <disabled>false</disabled>
        <filterGroup>0.0</filterGroup>
        <globalKey>VEEDigitalBasketsTransformerDualCustom1466</globalKey>
        <inputFieldName>BasketsList:getBasketsConfig:result:records:lineItems:records:PricebookEntry:Product2:Family</inputFieldName>
        <inputObjectQuerySequence>0.0</inputObjectQuerySequence>
        <linkedObjectSequence>0.0</linkedObjectSequence>
        <name>VEEDigitalBasketsTransformerDual</name>
        <outputCreationSequence>1.0</outputCreationSequence>
        <outputFieldName>Baskets:childProducts:family</outputFieldName>
        <outputObjectName>json</outputObjectName>
        <requiredForUpsert>false</requiredForUpsert>
        <upsertKey>false</upsertKey>
    </omniDataTransformItem>
    <omniDataTransformItem>
        <disabled>false</disabled>
        <filterGroup>0.0</filterGroup>
        <globalKey>VEEDigitalBasketsTransformerDualCustoma1V4x00000AdnNXEAZItem15</globalKey>
        <inputFieldName>BasketsList:FollowOnStepOne:result:records:lineItems:records:Name</inputFieldName>
        <inputObjectQuerySequence>0.0</inputObjectQuerySequence>
        <linkedObjectSequence>0.0</linkedObjectSequence>
        <name>VEEDigitalBasketsTransformerDual</name>
        <outputCreationSequence>1.0</outputCreationSequence>
        <outputFieldName>Baskets:childProducts:name</outputFieldName>
        <outputObjectName>json</outputObjectName>
        <requiredForUpsert>false</requiredForUpsert>
        <upsertKey>false</upsertKey>
    </omniDataTransformItem>
    <omniDataTransformItem>
        <disabled>false</disabled>
        <filterGroup>0.0</filterGroup>
        <globalKey>VEEDigitalBasketsTransformerDualCustom9882</globalKey>
        <inputFieldName>BasketsList:FollowOnStepOne:result:records:lineItems:records:PricebookEntry:Product2:Family</inputFieldName>
        <inputObjectQuerySequence>0.0</inputObjectQuerySequence>
        <linkedObjectSequence>0.0</linkedObjectSequence>
        <name>VEEDigitalBasketsTransformerDual</name>
        <outputCreationSequence>1.0</outputCreationSequence>
        <outputFieldName>Baskets:childProducts:family</outputFieldName>
        <outputObjectName>json</outputObjectName>
        <requiredForUpsert>false</requiredForUpsert>
        <upsertKey>false</upsertKey>
    </omniDataTransformItem>
    <outputType>JSON</outputType>
    <processSuperBulk>false</processSuperBulk>
    <responseCacheTtlMinutes>0.0</responseCacheTtlMinutes>
    <responseCacheType>Org Cache</responseCacheType>
    <rollbackOnError>false</rollbackOnError>
    <sourceObject>json</sourceObject>
    <sourceObjectDefault>false</sourceObjectDefault>
    <synchronousProcessThreshold>-1.0</synchronousProcessThreshold>
    <type>Transform</type>
    <uniqueName>VEEDigitalBasketsTransformerDual_1</uniqueName>
    <versionNumber>1.0</versionNumber>
    <xmlDeclarationRemoved>false</xmlDeclarationRemoved>
</OmniDataTransform>
