<?xml version="1.0" encoding="UTF-8"?>
<OmniDataTransform xmlns="http://soap.sforce.com/2006/04/metadata">
    <active>false</active>
    <assignmentRulesUsed>false</assignmentRulesUsed>
    <deletedOnSuccess>false</deletedOnSuccess>
    <errorIgnored>false</errorIgnored>
    <expectedInputJson>{
  &quot;ContextId&quot; : null,
  &quot;timeStamp&quot; : null,
  &quot;userId&quot; : null,
  &quot;userName&quot; : null,
  &quot;userProfile&quot; : null,
  &quot;userTimeZone&quot; : null,
  &quot;vlcPersistentComponent&quot; : { },
  &quot;vlcTimeTracking&quot; : {
    &quot;CreateAccount&quot; : null,
    &quot;CreateCart&quot; : null,
    &quot;FetchRecordType&quot; : null,
    &quot;RemoteAction3&quot; : null,
    &quot;ResponseAction1&quot; : null
  }
}</expectedInputJson>
    <fieldLevelSecurityEnabled>false</fieldLevelSecurityEnabled>
    <inputType>JSON</inputType>
    <name>VEEDigitalGetAccountRecordtype</name>
    <nullInputsIncludedInOutput>false</nullInputsIncludedInOutput>
    <omniDataTransformItem>
        <disabled>false</disabled>
        <filterDataType>STRING</filterDataType>
        <filterGroup>0.0</filterGroup>
        <filterOperator>=</filterOperator>
        <filterValue>&apos;Consumer&apos;</filterValue>
        <globalKey>VEEDigitalGetAccountRecordtypeCustom4037</globalKey>
        <inputFieldName>DeveloperName</inputFieldName>
        <inputObjectName>RecordType</inputObjectName>
        <inputObjectQuerySequence>1.0</inputObjectQuerySequence>
        <linkedObjectSequence>0.0</linkedObjectSequence>
        <name>VEEDigitalGetAccountRecordtype</name>
        <outputCreationSequence>0.0</outputCreationSequence>
        <outputFieldName>AccountRT</outputFieldName>
        <outputObjectName>Turbo Extract</outputObjectName>
        <requiredForUpsert>false</requiredForUpsert>
        <upsertKey>false</upsertKey>
    </omniDataTransformItem>
    <omniDataTransformItem>
        <disabled>false</disabled>
        <filterGroup>0.0</filterGroup>
        <globalKey>VEEDigitalGetAccountRecordtypeCustom378</globalKey>
        <inputFieldName>ServiceId:Id</inputFieldName>
        <inputObjectQuerySequence>0.0</inputObjectQuerySequence>
        <linkedObjectSequence>0.0</linkedObjectSequence>
        <name>VEEDigitalGetAccountRecordtype</name>
        <outputCreationSequence>1.0</outputCreationSequence>
        <outputFieldName>serviceId</outputFieldName>
        <outputObjectName>json</outputObjectName>
        <requiredForUpsert>false</requiredForUpsert>
        <upsertKey>false</upsertKey>
    </omniDataTransformItem>
    <omniDataTransformItem>
        <disabled>false</disabled>
        <filterGroup>0.0</filterGroup>
        <formulaConverted>| | var:AccountRT LIST &apos;DeveloperName/\/\/==/\/\/&quot;Service&quot;/\/\/&apos; FILTER</formulaConverted>
        <formulaExpression>FILTER(LIST(AccountRT), &apos;DeveloperName == &quot;Service&quot; &apos;)</formulaExpression>
        <formulaResultPath>ServiceId</formulaResultPath>
        <formulaSequence>2.0</formulaSequence>
        <globalKey>VEEDigitalGetAccountRecordtypeCustom7648</globalKey>
        <inputObjectQuerySequence>0.0</inputObjectQuerySequence>
        <linkedObjectSequence>0.0</linkedObjectSequence>
        <name>VEEDigitalGetAccountRecordtype</name>
        <outputCreationSequence>0.0</outputCreationSequence>
        <outputFieldName>Formula</outputFieldName>
        <outputObjectName>Formula</outputObjectName>
        <requiredForUpsert>false</requiredForUpsert>
        <upsertKey>false</upsertKey>
    </omniDataTransformItem>
    <omniDataTransformItem>
        <disabled>false</disabled>
        <filterGroup>0.0</filterGroup>
        <globalKey>VEEDigitalGetAccountRecordtypeCustom8029</globalKey>
        <inputFieldName>ConsumerId:Id</inputFieldName>
        <inputObjectQuerySequence>0.0</inputObjectQuerySequence>
        <linkedObjectSequence>0.0</linkedObjectSequence>
        <name>VEEDigitalGetAccountRecordtype</name>
        <outputCreationSequence>1.0</outputCreationSequence>
        <outputFieldName>consumerId</outputFieldName>
        <outputObjectName>json</outputObjectName>
        <requiredForUpsert>false</requiredForUpsert>
        <upsertKey>false</upsertKey>
    </omniDataTransformItem>
    <omniDataTransformItem>
        <disabled>false</disabled>
        <filterDataType>PICKLIST</filterDataType>
        <filterGroup>1.0</filterGroup>
        <filterOperator>=</filterOperator>
        <filterValue>&apos;Account&apos;</filterValue>
        <globalKey>VEEDigitalGetAccountRecordtypeCustom4355</globalKey>
        <inputFieldName>SobjectType</inputFieldName>
        <inputObjectName>RecordType</inputObjectName>
        <inputObjectQuerySequence>1.0</inputObjectQuerySequence>
        <linkedObjectSequence>0.0</linkedObjectSequence>
        <name>VEEDigitalGetAccountRecordtype</name>
        <outputCreationSequence>0.0</outputCreationSequence>
        <outputFieldName>AccountRT</outputFieldName>
        <outputObjectName>Turbo Extract</outputObjectName>
        <requiredForUpsert>false</requiredForUpsert>
        <upsertKey>false</upsertKey>
    </omniDataTransformItem>
    <omniDataTransformItem>
        <disabled>false</disabled>
        <filterGroup>0.0</filterGroup>
        <formulaConverted>| | var:AccountRT LIST &apos;DeveloperName/\/\/==/\/\/&quot;Consumer&quot;/\/\/&apos; FILTER</formulaConverted>
        <formulaExpression>FILTER(LIST(AccountRT), &apos;DeveloperName == &quot;Consumer&quot; &apos;)</formulaExpression>
        <formulaResultPath>ConsumerId</formulaResultPath>
        <formulaSequence>1.0</formulaSequence>
        <globalKey>VEEDigitalGetAccountRecordtypeCustom5014</globalKey>
        <inputObjectQuerySequence>0.0</inputObjectQuerySequence>
        <linkedObjectSequence>0.0</linkedObjectSequence>
        <name>VEEDigitalGetAccountRecordtype</name>
        <outputCreationSequence>0.0</outputCreationSequence>
        <outputFieldName>Formula</outputFieldName>
        <outputObjectName>Formula</outputObjectName>
        <requiredForUpsert>false</requiredForUpsert>
        <upsertKey>false</upsertKey>
    </omniDataTransformItem>
    <omniDataTransformItem>
        <disabled>false</disabled>
        <filterDataType>PICKLIST</filterDataType>
        <filterGroup>0.0</filterGroup>
        <filterOperator>=</filterOperator>
        <filterValue>&apos;Account&apos;</filterValue>
        <globalKey>VEEDigitalGetAccountRecordtypeCustom3948</globalKey>
        <inputFieldName>SobjectType</inputFieldName>
        <inputObjectName>RecordType</inputObjectName>
        <inputObjectQuerySequence>1.0</inputObjectQuerySequence>
        <linkedObjectSequence>0.0</linkedObjectSequence>
        <name>VEEDigitalGetAccountRecordtype</name>
        <outputCreationSequence>0.0</outputCreationSequence>
        <outputFieldName>AccountRT</outputFieldName>
        <outputObjectName>Turbo Extract</outputObjectName>
        <requiredForUpsert>false</requiredForUpsert>
        <upsertKey>false</upsertKey>
    </omniDataTransformItem>
    <omniDataTransformItem>
        <disabled>false</disabled>
        <filterDataType>STRING</filterDataType>
        <filterGroup>1.0</filterGroup>
        <filterOperator>=</filterOperator>
        <filterValue>&apos;Service&apos;</filterValue>
        <globalKey>VEEDigitalGetAccountRecordtypeCustom7016</globalKey>
        <inputFieldName>DeveloperName</inputFieldName>
        <inputObjectName>RecordType</inputObjectName>
        <inputObjectQuerySequence>1.0</inputObjectQuerySequence>
        <linkedObjectSequence>0.0</linkedObjectSequence>
        <name>VEEDigitalGetAccountRecordtype</name>
        <outputCreationSequence>0.0</outputCreationSequence>
        <outputFieldName>AccountRT</outputFieldName>
        <outputObjectName>Turbo Extract</outputObjectName>
        <requiredForUpsert>false</requiredForUpsert>
        <upsertKey>false</upsertKey>
    </omniDataTransformItem>
    <outputType>JSON</outputType>
    <previewJsonData>{ }</previewJsonData>
    <processSuperBulk>false</processSuperBulk>
    <responseCacheTtlMinutes>2880.0</responseCacheTtlMinutes>
    <responseCacheType>Org Cache</responseCacheType>
    <rollbackOnError>false</rollbackOnError>
    <sourceObject>json</sourceObject>
    <sourceObjectDefault>false</sourceObjectDefault>
    <synchronousProcessThreshold>0.0</synchronousProcessThreshold>
    <type>Extract</type>
    <uniqueName>VEEDigitalGetAccountRecordtype_1</uniqueName>
    <versionNumber>1.0</versionNumber>
    <xmlDeclarationRemoved>false</xmlDeclarationRemoved>
</OmniDataTransform>
