<?xml version="1.0" encoding="UTF-8"?>
<OmniDataTransform xmlns="http://soap.sforce.com/2006/04/metadata">
    <active>false</active>
    <assignmentRulesUsed>false</assignmentRulesUsed>
    <deletedOnSuccess>false</deletedOnSuccess>
    <errorIgnored>false</errorIgnored>
    <expectedInputJson>{
  &quot;showAddOnOffers&quot; : {
    &quot;addons&quot; : [ {
      &quot;Attachmentsurl&quot; : &quot;https://t4.ftcdn.net/jpg/03/68/33/29/240_F_368332994_ponkHiJj9sArPqNIYrjLdfl7MeJAlsYR.jpg&quot;,
      &quot;Id&quot; : &quot;REC0&quot;,
      &quot;Name&quot; : &quot;Boiler Insurance&quot;,
      &quot;Price&quot; : 25,
      &quot;isAddedToCart&quot; : false,
      &quot;productCode&quot; : &quot;AD_BOILER_INSURANCE&quot;,
      &quot;uniqueKey&quot; : &quot;REC0&quot;
    }, {
      &quot;Attachmentsurl&quot; : &quot;https://gesstabilizer.com/assets/img/product/energy.png&quot;,
      &quot;Id&quot; : &quot;REC1&quot;,
      &quot;Name&quot; : &quot;Energy Audit&quot;,
      &quot;Price&quot; : 49,
      &quot;isAddedToCart&quot; : true,
      &quot;productCode&quot; : &quot;AD_ENERGY_AUDIT&quot;,
      &quot;uniqueKey&quot; : &quot;REC1&quot;
    }, {
      &quot;Attachmentsurl&quot; : &quot;https://image.freepik.com/free-vector/solar-panel-energy-electric-electricity-logo-vector-icon_7688-797.jpg&quot;,
      &quot;Id&quot; : &quot;REC2&quot;,
      &quot;Name&quot; : &quot;Solar Panels&quot;,
      &quot;Price&quot; : 2200,
      &quot;isAddedToCart&quot; : false,
      &quot;productCode&quot; : &quot;AD_SOLAR_PANELS&quot;,
      &quot;uniqueKey&quot; : &quot;REC2&quot;
    }, {
      &quot;Id&quot; : &quot;REC3&quot;,
      &quot;Name&quot; : &quot;Smart Thermostat&quot;,
      &quot;Price&quot; : 199,
      &quot;isAddedToCart&quot; : true,
      &quot;productCode&quot; : &quot;AD_SMART_THERMOSTAT&quot;,
      &quot;uniqueKey&quot; : &quot;REC3&quot;
    } ],
    &quot;currencyCode&quot; : &quot;GBP&quot;
  }
}</expectedInputJson>
    <fieldLevelSecurityEnabled>false</fieldLevelSecurityEnabled>
    <inputType>JSON</inputType>
    <name>VEESelectedAddOnsTransform</name>
    <nullInputsIncludedInOutput>false</nullInputsIncludedInOutput>
    <omniDataTransformItem>
        <disabled>false</disabled>
        <filterGroup>0.0</filterGroup>
        <globalKey>VEESelectedAddOnsTransformCustom1491</globalKey>
        <inputFieldName>addOnList</inputFieldName>
        <inputObjectQuerySequence>0.0</inputObjectQuerySequence>
        <linkedObjectSequence>0.0</linkedObjectSequence>
        <name>VEESelectedAddOnsTransform</name>
        <outputCreationSequence>1.0</outputCreationSequence>
        <outputFieldName>selectedAddOns</outputFieldName>
        <outputObjectName>json</outputObjectName>
        <requiredForUpsert>false</requiredForUpsert>
        <upsertKey>false</upsertKey>
    </omniDataTransformItem>
    <omniDataTransformItem>
        <disabled>false</disabled>
        <filterGroup>0.0</filterGroup>
        <formulaConverted>| | var:transformAddOnOffers:addOnProducts LIST &apos;isAddedToCart/\/\/==/\/\/true&apos; FILTER</formulaConverted>
        <formulaExpression>FILTER(LIST(transformAddOnOffers:addOnProducts), &apos;isAddedToCart == true&apos;)</formulaExpression>
        <formulaResultPath>filteredAddOns</formulaResultPath>
        <formulaSequence>1.0</formulaSequence>
        <globalKey>VEESelectedAddOnsTransformCustom3941</globalKey>
        <inputObjectQuerySequence>0.0</inputObjectQuerySequence>
        <linkedObjectSequence>0.0</linkedObjectSequence>
        <name>VEESelectedAddOnsTransform</name>
        <outputCreationSequence>0.0</outputCreationSequence>
        <outputFieldName>Formula</outputFieldName>
        <outputObjectName>Formula</outputObjectName>
        <requiredForUpsert>false</requiredForUpsert>
        <upsertKey>false</upsertKey>
    </omniDataTransformItem>
    <omniDataTransformItem>
        <disabled>false</disabled>
        <filterGroup>0.0</filterGroup>
        <formulaConverted>var:filteredAddOns:productCode</formulaConverted>
        <formulaExpression>filteredAddOns:productCode</formulaExpression>
        <formulaResultPath>addOnList</formulaResultPath>
        <formulaSequence>2.0</formulaSequence>
        <globalKey>VEESelectedAddOnsTransformCustom2026</globalKey>
        <inputObjectQuerySequence>0.0</inputObjectQuerySequence>
        <linkedObjectSequence>0.0</linkedObjectSequence>
        <name>VEESelectedAddOnsTransform</name>
        <outputCreationSequence>0.0</outputCreationSequence>
        <outputFieldName>Formula</outputFieldName>
        <outputObjectName>Formula</outputObjectName>
        <requiredForUpsert>false</requiredForUpsert>
        <upsertKey>false</upsertKey>
    </omniDataTransformItem>
    <outputType>JSON</outputType>
    <previewJsonData>{
  &quot;transformAddOnOffers&quot; : {
    &quot;AddOnProducts&quot; : [ {
      &quot;Id&quot; : &quot;REC0&quot;,
      &quot;Name&quot; : &quot;Boiler Insurance&quot;,
      &quot;Price&quot; : 25,
      &quot;URL&quot; : &quot;https://t4.ftcdn.net/jpg/03/68/33/29/240_F_368332994_ponkHiJj9sArPqNIYrjLdfl7MeJAlsYR.jpg&quot;,
      &quot;isAddedToCart&quot; : true,
      &quot;productCode&quot; : &quot;AD_BOILER_INSURANCE&quot;,
      &quot;uniqueKey&quot; : &quot;REC0&quot;
    }, {
      &quot;Id&quot; : &quot;REC1&quot;,
      &quot;Name&quot; : &quot;Energy Audit&quot;,
      &quot;Price&quot; : 49,
      &quot;URL&quot; : &quot;https://gesstabilizer.com/assets/img/product/energy.png&quot;,
      &quot;isAddedToCart&quot; : true,
      &quot;productCode&quot; : &quot;AD_ENERGY_AUDIT&quot;,
      &quot;uniqueKey&quot; : &quot;REC1&quot;
    }, {
      &quot;Id&quot; : &quot;REC2&quot;,
      &quot;Name&quot; : &quot;Solar Panels&quot;,
      &quot;Price&quot; : 2200,
      &quot;URL&quot; : &quot;https://image.freepik.com/free-vector/solar-panel-energy-electric-electricity-logo-vector-icon_7688-797.jpg&quot;,
      &quot;isAddedToCart&quot; : false,
      &quot;productCode&quot; : &quot;AD_SOLAR_PANELS&quot;,
      &quot;uniqueKey&quot; : &quot;REC2&quot;
    }, {
      &quot;Id&quot; : &quot;REC3&quot;,
      &quot;Name&quot; : &quot;Smart Thermostat&quot;,
      &quot;Price&quot; : 199,
      &quot;isAddedToCart&quot; : false,
      &quot;productCode&quot; : &quot;AD_SMART_THERMOSTAT&quot;,
      &quot;uniqueKey&quot; : &quot;REC3&quot;
    } ],
    &quot;currencyCode&quot; : &quot;GBP&quot;
  }
}</previewJsonData>
    <processSuperBulk>false</processSuperBulk>
    <responseCacheTtlMinutes>0.0</responseCacheTtlMinutes>
    <rollbackOnError>false</rollbackOnError>
    <sourceObject>json</sourceObject>
    <sourceObjectDefault>false</sourceObjectDefault>
    <synchronousProcessThreshold>0.0</synchronousProcessThreshold>
    <type>Transform</type>
    <uniqueName>VEESelectedAddOnsTransform_1</uniqueName>
    <versionNumber>1.0</versionNumber>
    <xmlDeclarationRemoved>false</xmlDeclarationRemoved>
</OmniDataTransform>
