<?xml version="1.0" encoding="UTF-8"?>
<OmniDataTransform xmlns="http://soap.sforce.com/2006/04/metadata">
    <active>false</active>
    <assignmentRulesUsed>false</assignmentRulesUsed>
    <deletedOnSuccess>false</deletedOnSuccess>
    <description>Creates Service Account, used in MoveIn omniscript</description>
    <errorIgnored>false</errorIgnored>
    <expectedInputJson>{
  &quot;AvailableProductList&quot; : null,
  &quot;AvailableProductMaxRowSelection&quot; : &quot;Multiple&quot;,
  &quot;AvialbleProductsColumns&quot; : [ {
    &quot;fieldName&quot; : &quot;ProdName&quot;,
    &quot;label&quot; : &quot;Product Name&quot;
  }, {
    &quot;fieldName&quot; : &quot;ProdFamily&quot;,
    &quot;label&quot; : &quot;Product Family&quot;
  }, {
    &quot;fieldName&quot; : &quot;ProdCategory&quot;,
    &quot;label&quot; : &quot;Service Type&quot;
  }, {
    &quot;fieldName&quot; : &quot;ProdDescription&quot;,
    &quot;label&quot; : &quot;Description&quot;
  } ],
  &quot;BankPaymentDetails&quot; : null,
  &quot;BillingPreferences&quot; : null,
  &quot;BusinessAccountRecordType&quot; : &quot;Business&quot;,
  &quot;ChoosePaymentMethod&quot; : null,
  &quot;Confirmation&quot; : null,
  &quot;CustomerSelection&quot; : {
    &quot;AccountType&quot; : &quot;Consumer&quot;,
    &quot;BillingDetails&quot; : {
      &quot;BillCycle&quot; : &quot;2&quot;,
      &quot;BillDeliveryMethod&quot; : &quot;Paper Billing&quot;,
      &quot;BillFormat&quot; : &quot;Summary&quot;,
      &quot;BillFrequency&quot; : &quot;Quarterly&quot;,
      &quot;BillingCity&quot; : &quot;bengaluru&quot;,
      &quot;BillingCountry&quot; : &quot;India&quot;,
      &quot;BillingEmailAddress&quot; : &quot;test@tt.co&quot;,
      &quot;BillingPostalCode&quot; : &quot;56001&quot;,
      &quot;BillingState&quot; : &quot;karnataka&quot;,
      &quot;BillingStreet&quot; : &quot;Vidhan soudha&quot;,
      &quot;NumberOfBills&quot; : 2
    },
    &quot;ConNameError&quot; : null,
    &quot;ExistingAccount-Block&quot; : null,
    &quot;GetCustomer-Block&quot; : null,
    &quot;MoveInDate&quot; : &quot;2020-08-27T18:30:00.000Z&quot;,
    &quot;MoveInDateFormula&quot; : true,
    &quot;MoveInMessage&quot; : true,
    &quot;MsgInvalidExistingAccount&quot; : null,
    &quot;MsgInvalidParentAccount&quot; : null,
    &quot;NewAccountNeeded&quot; : null,
    &quot;NewCustomer&quot; : &quot;Yes&quot;,
    &quot;NewCustomerDetails&quot; : {
      &quot;CustomerClass&quot; : &quot;SMB&quot;,
      &quot;CustomerDOB&quot; : &quot;08/06/2020&quot;,
      &quot;CustomerEmail&quot; : &quot;test@tt.co&quot;,
      &quot;CustomerFirstName&quot; : &quot;terst&quot;,
      &quot;CustomerLastName&quot; : &quot;ttt&quot;,
      &quot;CustomerPhone&quot; : &quot;0767887878&quot;,
      &quot;DOBFormula&quot; : true,
      &quot;DOBMsg&quot; : true,
      &quot;Description&quot; : &quot;asdsad&quot;,
      &quot;DriverLicense&quot; : null,
      &quot;IdentificationType&quot; : &quot;SSN&quot;,
      &quot;Industry&quot; : &quot;Agriculture&quot;,
      &quot;SSN&quot; : &quot;132132222&quot;,
      &quot;TaxId&quot; : null,
      &quot;Website&quot; : &quot;www.test.com&quot;
    },
    &quot;ParentAccount-Block&quot; : null,
    &quot;TaxDetails&quot; : {
      &quot;ExemptionEndDate&quot; : &quot;2020-08-31&quot;,
      &quot;ExemptionPercentage&quot; : 60,
      &quot;ExemptionStartDate&quot; : &quot;2020-08-28&quot;,
      &quot;TaxExemption&quot; : &quot;Exempt&quot;,
      &quot;TaxIds&quot; : &quot;121212&quot;
    }
  },
  &quot;ElectricityProduct&quot; : [ {
    &quot;Id&quot; : &quot;01t3h000001Ck7WAAS&quot;,
    &quot;Name&quot; : &quot;Day/Night Tariff&quot;,
    &quot;ProductCode&quot; : &quot;001&quot;
  }, {
    &quot;Id&quot; : &quot;01t3h000001Ck7gAAC&quot;,
    &quot;Name&quot; : &quot;Night Display Tariff&quot;,
    &quot;ProductCode&quot; : &quot;003&quot;
  }, {
    &quot;Id&quot; : &quot;01t3h000001Ck7bAAC&quot;,
    &quot;Name&quot; : &quot;High Voltage Tariff&quot;,
    &quot;ProductCode&quot; : &quot;002&quot;
  } ],
  &quot;Error&quot; : { },
  &quot;GasProduct&quot; : [ {
    &quot;Id&quot; : &quot;01t3h000001Ck7lAAC&quot;,
    &quot;Name&quot; : &quot;Turn Off Order&quot;,
    &quot;ProductCode&quot; : &quot;004&quot;
  }, {
    &quot;Id&quot; : &quot;01t3h000001Ck7qAAC&quot;,
    &quot;Name&quot; : &quot;Regulated Gas Rate&quot;,
    &quot;ProductCode&quot; : &quot;REG-GAS-1&quot;
  } ],
  &quot;IntegrationType&quot; : &quot;JSON&quot;,
  &quot;OmniscriptType&quot; : &quot;Move_In&quot;,
  &quot;PaymentDetails&quot; : null,
  &quot;PremiseServicePointsListReadOnlyColumns&quot; : [ {
    &quot;fieldName&quot; : &quot;ServicePointName&quot;,
    &quot;label&quot; : &quot;Service Point Name&quot;
  }, {
    &quot;fieldName&quot; : &quot;ServiceType&quot;,
    &quot;label&quot; : &quot;Service Type&quot;
  } ],
  &quot;ProductListReadOnlyColumns&quot; : [ {
    &quot;fieldName&quot; : &quot;ServicePointName&quot;,
    &quot;label&quot; : &quot;Service Point Name&quot;
  }, {
    &quot;fieldName&quot; : &quot;ProdCategory&quot;,
    &quot;label&quot; : &quot;Service Type&quot;
  }, {
    &quot;fieldName&quot; : &quot;ProdName&quot;,
    &quot;label&quot; : &quot;Product Name&quot;
  }, {
    &quot;fieldName&quot; : &quot;ProdDescription&quot;,
    &quot;label&quot; : &quot;Description&quot;
  } ],
  &quot;RecordType&quot; : [ {
    &quot;Id&quot; : &quot;0123h000000jV4HAAU&quot;,
    &quot;Name&quot; : &quot;Business&quot;
  } ],
  &quot;SObjectName&quot; : &quot;Account&quot;,
  &quot;SelectService&quot; : null,
  &quot;SelectServicePoints&quot; : null,
  &quot;ServiceAccountPremisesColumns&quot; : [ {
    &quot;fieldName&quot; : &quot;SrevicePremisesId&quot;,
    &quot;label&quot; : &quot;SrevicePremisesId&quot;
  }, {
    &quot;fieldName&quot; : &quot;AccountName&quot;,
    &quot;label&quot; : &quot;Account Name&quot;
  }, {
    &quot;fieldName&quot; : &quot;PremisesName&quot;,
    &quot;label&quot; : &quot;Premise Address&quot;
  } ],
  &quot;ServiceAccountPremisesMaxRowSelection&quot; : &quot;Single&quot;,
  &quot;ServicePointsColumns&quot; : [ {
    &quot;fieldName&quot; : &quot;ServicePointName&quot;,
    &quot;label&quot; : &quot;Service Point Name&quot;
  }, {
    &quot;fieldName&quot; : &quot;ServiceType&quot;,
    &quot;label&quot; : &quot;Service Type&quot;
  }, {
    &quot;fieldName&quot; : &quot;ServicePointNumber&quot;,
    &quot;label&quot; : &quot;Service Point Number&quot;
  }, {
    &quot;fieldName&quot; : &quot;Status&quot;,
    &quot;label&quot; : &quot;Status&quot;
  }, {
    &quot;fieldName&quot; : &quot;SerialNumber&quot;,
    &quot;label&quot; : &quot;Serial Number&quot;
  } ],
  &quot;ServicePointsError&quot; : { },
  &quot;ServicePointsMaxRowSelection&quot; : &quot;Multiple&quot;,
  &quot;ServicePremises&quot; : null,
  &quot;WaterProduct&quot; : [ {
    &quot;Id&quot; : &quot;01t3h000001Ck7vAAC&quot;,
    &quot;Name&quot; : &quot;Water&quot;,
    &quot;ProductCode&quot; : &quot;water&quot;
  } ],
  &quot;timeStamp&quot; : &quot;2020-08-27T05:46:13.107Z&quot;,
  &quot;userCurrencyCode&quot; : &quot;USD&quot;,
  &quot;userId&quot; : &quot;0053h000002WfuuAAC&quot;,
  &quot;userName&quot; : &quot;express_org_sebanti@org.dev&quot;,
  &quot;userProfile&quot; : &quot;System Administrator&quot;,
  &quot;userTimeZone&quot; : &quot;-420&quot;,
  &quot;vlcTimeTracking&quot; : {
    &quot;DR-GetProducts&quot; : 1207,
    &quot;DRExtractBussinessAccountRecId&quot; : 911,
    &quot;OmniScriptSessionToken&quot; : &quot;a722fba1-cbcd-4c1f-a7be-6cd78bf3e0e9&quot;,
    &quot;SetCustomLWCValues&quot; : 154,
    &quot;SetDefaultValues&quot; : 72
  }
}</expectedInputJson>
    <fieldLevelSecurityEnabled>false</fieldLevelSecurityEnabled>
    <inputType>JSON</inputType>
    <name>VPLCreateBillingAccount</name>
    <nullInputsIncludedInOutput>false</nullInputsIncludedInOutput>
    <omniDataTransformItem>
        <disabled>false</disabled>
        <filterGroup>0.0</filterGroup>
        <globalKey>VPL-CreateBillingAccountCustoma1V3h000002Q1AgEAKItem47</globalKey>
        <inputFieldName>CustomerSelection:TaxDetails:TaxIds</inputFieldName>
        <inputObjectQuerySequence>0.0</inputObjectQuerySequence>
        <linkedObjectSequence>0.0</linkedObjectSequence>
        <name>VPL-CreateBillingAccount</name>
        <outputCreationSequence>1.0</outputCreationSequence>
        <outputFieldName>vlocity_cmt__TaxID__c</outputFieldName>
        <outputObjectName>Account</outputObjectName>
        <requiredForUpsert>false</requiredForUpsert>
        <upsertKey>false</upsertKey>
    </omniDataTransformItem>
    <omniDataTransformItem>
        <disabled>false</disabled>
        <filterGroup>0.0</filterGroup>
        <globalKey>VPL-CreateBillingAccountCustoma1V3h000002Q1AgEAKItem31</globalKey>
        <inputFieldName>CustomerSelection:BillingDetails:BillingCity</inputFieldName>
        <inputObjectQuerySequence>0.0</inputObjectQuerySequence>
        <linkedObjectSequence>0.0</linkedObjectSequence>
        <name>VPL-CreateBillingAccount</name>
        <outputCreationSequence>1.0</outputCreationSequence>
        <outputFieldName>BillingCity</outputFieldName>
        <outputObjectName>Account</outputObjectName>
        <requiredForUpsert>false</requiredForUpsert>
        <upsertKey>false</upsertKey>
    </omniDataTransformItem>
    <omniDataTransformItem>
        <disabled>false</disabled>
        <filterGroup>0.0</filterGroup>
        <globalKey>VPL-CreateBillingAccountCustoma1V3h000002Q1AgEAKItem46</globalKey>
        <inputFieldName>CustomerSelection:TaxDetails:TaxExemption</inputFieldName>
        <inputObjectQuerySequence>0.0</inputObjectQuerySequence>
        <linkedObjectSequence>0.0</linkedObjectSequence>
        <name>VPL-CreateBillingAccount</name>
        <outputCreationSequence>1.0</outputCreationSequence>
        <outputFieldName>vlocity_cmt__TaxExemptionType__c</outputFieldName>
        <outputObjectName>Account</outputObjectName>
        <requiredForUpsert>false</requiredForUpsert>
        <upsertKey>false</upsertKey>
    </omniDataTransformItem>
    <omniDataTransformItem>
        <disabled>false</disabled>
        <filterGroup>0.0</filterGroup>
        <globalKey>VPL-CreateBillingAccountCustoma1V3h000002Q1AgEAKItem41</globalKey>
        <inputFieldName>CustomerSelection:NewCustomerDetails:Industry</inputFieldName>
        <inputObjectQuerySequence>0.0</inputObjectQuerySequence>
        <linkedObjectSequence>0.0</linkedObjectSequence>
        <name>VPL-CreateBillingAccount</name>
        <outputCreationSequence>1.0</outputCreationSequence>
        <outputFieldName>Industry</outputFieldName>
        <outputObjectName>Account</outputObjectName>
        <requiredForUpsert>false</requiredForUpsert>
        <upsertKey>false</upsertKey>
    </omniDataTransformItem>
    <omniDataTransformItem>
        <disabled>false</disabled>
        <filterGroup>0.0</filterGroup>
        <globalKey>VPL-CreateBillingAccountCustoma1V3h000002Q1AgEAKItem25</globalKey>
        <inputFieldName>BillingAccountName</inputFieldName>
        <inputObjectQuerySequence>0.0</inputObjectQuerySequence>
        <linkedObjectSequence>0.0</linkedObjectSequence>
        <name>VPL-CreateBillingAccount</name>
        <outputCreationSequence>1.0</outputCreationSequence>
        <outputFieldName>Name</outputFieldName>
        <outputObjectName>Account</outputObjectName>
        <requiredForUpsert>false</requiredForUpsert>
        <upsertKey>false</upsertKey>
    </omniDataTransformItem>
    <omniDataTransformItem>
        <disabled>false</disabled>
        <filterGroup>0.0</filterGroup>
        <globalKey>VPL-CreateBillingAccountCustoma1V3h000002Q1AgEAKItem40</globalKey>
        <inputFieldName>CustomerSelection:NewCustomerDetails:Description</inputFieldName>
        <inputObjectQuerySequence>0.0</inputObjectQuerySequence>
        <linkedObjectSequence>0.0</linkedObjectSequence>
        <name>VPL-CreateBillingAccount</name>
        <outputCreationSequence>1.0</outputCreationSequence>
        <outputFieldName>Description</outputFieldName>
        <outputObjectName>Account</outputObjectName>
        <requiredForUpsert>false</requiredForUpsert>
        <upsertKey>false</upsertKey>
    </omniDataTransformItem>
    <omniDataTransformItem>
        <disabled>true</disabled>
        <filterGroup>0.0</filterGroup>
        <filterOperator>=</filterOperator>
        <globalKey>VPL-CreateBillingAccountCustoma1V3h000002Q1AgEAKItem23</globalKey>
        <inputObjectQuerySequence>0.0</inputObjectQuerySequence>
        <linkedObjectSequence>0.0</linkedObjectSequence>
        <migrationValue>FAKEMAPPING</migrationValue>
        <name>VPL-CreateBillingAccount</name>
        <outputCreationSequence>1.0</outputCreationSequence>
        <outputFieldName>Id</outputFieldName>
        <outputObjectName>Account</outputObjectName>
        <requiredForUpsert>false</requiredForUpsert>
        <upsertKey>false</upsertKey>
    </omniDataTransformItem>
    <omniDataTransformItem>
        <disabled>false</disabled>
        <filterGroup>0.0</filterGroup>
        <globalKey>VPL-CreateBillingAccountCustoma1V3h000002Q1AgEAKItem35</globalKey>
        <inputFieldName>CustomerSelection:BillingDetails:BillingState</inputFieldName>
        <inputObjectQuerySequence>0.0</inputObjectQuerySequence>
        <linkedObjectSequence>0.0</linkedObjectSequence>
        <name>VPL-CreateBillingAccount</name>
        <outputCreationSequence>1.0</outputCreationSequence>
        <outputFieldName>BillingState</outputFieldName>
        <outputObjectName>Account</outputObjectName>
        <requiredForUpsert>false</requiredForUpsert>
        <upsertKey>false</upsertKey>
    </omniDataTransformItem>
    <omniDataTransformItem>
        <disabled>false</disabled>
        <filterGroup>0.0</filterGroup>
        <globalKey>VPL-CreateBillingAccountCustoma1V3h000002Q1AgEAKItem36</globalKey>
        <inputFieldName>CustomerSelection:BillingDetails:BillingStreet</inputFieldName>
        <inputObjectQuerySequence>0.0</inputObjectQuerySequence>
        <linkedObjectSequence>0.0</linkedObjectSequence>
        <name>VPL-CreateBillingAccount</name>
        <outputCreationSequence>1.0</outputCreationSequence>
        <outputFieldName>BillingStreet</outputFieldName>
        <outputObjectName>Account</outputObjectName>
        <requiredForUpsert>false</requiredForUpsert>
        <upsertKey>false</upsertKey>
    </omniDataTransformItem>
    <omniDataTransformItem>
        <disabled>false</disabled>
        <filterGroup>0.0</filterGroup>
        <globalKey>VPL-CreateBillingAccountCustoma1V3h000002Q1AgEAKItem32</globalKey>
        <inputFieldName>CustomerSelection:BillingDetails:BillingCountry</inputFieldName>
        <inputObjectQuerySequence>0.0</inputObjectQuerySequence>
        <linkedObjectSequence>0.0</linkedObjectSequence>
        <name>VPL-CreateBillingAccount</name>
        <outputCreationSequence>1.0</outputCreationSequence>
        <outputFieldName>BillingCountry</outputFieldName>
        <outputObjectName>Account</outputObjectName>
        <requiredForUpsert>false</requiredForUpsert>
        <upsertKey>false</upsertKey>
    </omniDataTransformItem>
    <omniDataTransformItem>
        <disabled>false</disabled>
        <filterGroup>0.0</filterGroup>
        <globalKey>VPL-CreateBillingAccountCustoma1V3h000002Q1AgEAKItem34</globalKey>
        <inputFieldName>CustomerSelection:BillingDetails:BillingPostalCode</inputFieldName>
        <inputObjectQuerySequence>0.0</inputObjectQuerySequence>
        <linkedObjectSequence>0.0</linkedObjectSequence>
        <name>VPL-CreateBillingAccount</name>
        <outputCreationSequence>1.0</outputCreationSequence>
        <outputFieldName>BillingPostalCode</outputFieldName>
        <outputObjectName>Account</outputObjectName>
        <requiredForUpsert>false</requiredForUpsert>
        <upsertKey>false</upsertKey>
    </omniDataTransformItem>
    <omniDataTransformItem>
        <disabled>false</disabled>
        <filterGroup>0.0</filterGroup>
        <globalKey>VPL-CreateBillingAccountCustoma1V3h000002Q1AgEAKItem30</globalKey>
        <inputFieldName>CustomerSelection:BillingDetails:BillFrequency</inputFieldName>
        <inputObjectQuerySequence>0.0</inputObjectQuerySequence>
        <linkedObjectSequence>0.0</linkedObjectSequence>
        <name>VPL-CreateBillingAccount</name>
        <outputCreationSequence>1.0</outputCreationSequence>
        <outputFieldName>vlocity_cmt__BillFrequency__c</outputFieldName>
        <outputObjectName>Account</outputObjectName>
        <requiredForUpsert>false</requiredForUpsert>
        <upsertKey>false</upsertKey>
    </omniDataTransformItem>
    <omniDataTransformItem>
        <disabled>false</disabled>
        <filterGroup>0.0</filterGroup>
        <globalKey>VPL-CreateBillingAccountCustoma1V3h000002Q1AgEAKItem37</globalKey>
        <inputFieldName>CustomerSelection:BillingDetails:NumberOfBills</inputFieldName>
        <inputObjectQuerySequence>0.0</inputObjectQuerySequence>
        <linkedObjectSequence>0.0</linkedObjectSequence>
        <name>VPL-CreateBillingAccount</name>
        <outputCreationSequence>1.0</outputCreationSequence>
        <outputFieldName>vlocity_cmt__BillNumberOfCopies__c</outputFieldName>
        <outputObjectName>Account</outputObjectName>
        <requiredForUpsert>false</requiredForUpsert>
        <upsertKey>false</upsertKey>
    </omniDataTransformItem>
    <omniDataTransformItem>
        <disabled>false</disabled>
        <filterGroup>0.0</filterGroup>
        <globalKey>VPL-CreateBillingAccountCustoma1V3h000002Q1AgEAKItem28</globalKey>
        <inputFieldName>CustomerSelection:BillingDetails:BillDeliveryMethod</inputFieldName>
        <inputObjectQuerySequence>0.0</inputObjectQuerySequence>
        <linkedObjectSequence>0.0</linkedObjectSequence>
        <name>VPL-CreateBillingAccount</name>
        <outputCreationSequence>1.0</outputCreationSequence>
        <outputFieldName>vlocity_cmt__BillDeliveryMethod__c</outputFieldName>
        <outputObjectName>Account</outputObjectName>
        <requiredForUpsert>false</requiredForUpsert>
        <upsertKey>false</upsertKey>
    </omniDataTransformItem>
    <omniDataTransformItem>
        <disabled>false</disabled>
        <filterGroup>0.0</filterGroup>
        <globalKey>VPL-CreateBillingAccountCustoma1V3h000002Q1AgEAKItem29</globalKey>
        <inputFieldName>CustomerSelection:BillingDetails:BillFormat</inputFieldName>
        <inputObjectQuerySequence>0.0</inputObjectQuerySequence>
        <linkedObjectSequence>0.0</linkedObjectSequence>
        <name>VPL-CreateBillingAccount</name>
        <outputCreationSequence>1.0</outputCreationSequence>
        <outputFieldName>vlocity_cmt__BillFormat__c</outputFieldName>
        <outputObjectName>Account</outputObjectName>
        <requiredForUpsert>false</requiredForUpsert>
        <upsertKey>false</upsertKey>
    </omniDataTransformItem>
    <omniDataTransformItem>
        <disabled>false</disabled>
        <filterGroup>0.0</filterGroup>
        <globalKey>VPL-CreateBillingAccountCustoma1V3h000002Q1AgEAKItem44</globalKey>
        <inputFieldName>CustomerSelection:TaxDetails:ExemptionPercentage</inputFieldName>
        <inputObjectQuerySequence>0.0</inputObjectQuerySequence>
        <linkedObjectSequence>0.0</linkedObjectSequence>
        <name>VPL-CreateBillingAccount</name>
        <outputCreationSequence>1.0</outputCreationSequence>
        <outputFieldName>vlocity_cmt__TaxExemptionPercentage__c</outputFieldName>
        <outputObjectName>Account</outputObjectName>
        <requiredForUpsert>false</requiredForUpsert>
        <upsertKey>false</upsertKey>
    </omniDataTransformItem>
    <omniDataTransformItem>
        <disabled>false</disabled>
        <filterGroup>0.0</filterGroup>
        <globalKey>VPL-CreateBillingAccountCustoma1V3h000002Q1AgEAKItem45</globalKey>
        <inputFieldName>CustomerSelection:TaxDetails:ExemptionStartDate</inputFieldName>
        <inputObjectQuerySequence>0.0</inputObjectQuerySequence>
        <linkedObjectSequence>0.0</linkedObjectSequence>
        <name>VPL-CreateBillingAccount</name>
        <outputCreationSequence>1.0</outputCreationSequence>
        <outputFieldName>vlocity_cmt__TaxExemptionStartDate__c</outputFieldName>
        <outputObjectName>Account</outputObjectName>
        <requiredForUpsert>false</requiredForUpsert>
        <upsertKey>false</upsertKey>
    </omniDataTransformItem>
    <omniDataTransformItem>
        <defaultValue>Active</defaultValue>
        <disabled>false</disabled>
        <filterGroup>0.0</filterGroup>
        <globalKey>VPL-CreateBillingAccountCustom8208</globalKey>
        <inputObjectQuerySequence>0.0</inputObjectQuerySequence>
        <linkedObjectSequence>0.0</linkedObjectSequence>
        <name>VPL-CreateBillingAccount</name>
        <outputCreationSequence>1.0</outputCreationSequence>
        <outputFieldName>vlocity_cmt__Status__c</outputFieldName>
        <outputObjectName>Account</outputObjectName>
        <requiredForUpsert>false</requiredForUpsert>
        <upsertKey>false</upsertKey>
    </omniDataTransformItem>
    <omniDataTransformItem>
        <disabled>false</disabled>
        <filterGroup>0.0</filterGroup>
        <globalKey>VPL-CreateBillingAccountCustoma1V3h000002Q1AgEAKItem43</globalKey>
        <inputFieldName>CustomerSelection:TaxDetails:ExemptionEndDate</inputFieldName>
        <inputObjectQuerySequence>0.0</inputObjectQuerySequence>
        <linkedObjectSequence>0.0</linkedObjectSequence>
        <name>VPL-CreateBillingAccount</name>
        <outputCreationSequence>1.0</outputCreationSequence>
        <outputFieldName>vlocity_cmt__TaxExemptionEndDate__c</outputFieldName>
        <outputObjectName>Account</outputObjectName>
        <requiredForUpsert>false</requiredForUpsert>
        <upsertKey>false</upsertKey>
    </omniDataTransformItem>
    <omniDataTransformItem>
        <disabled>false</disabled>
        <filterGroup>0.0</filterGroup>
        <globalKey>VPL-CreateBillingAccountCustoma1V3h000002Q1AgEAKItem33</globalKey>
        <inputFieldName>CustomerSelection:BillingDetails:BillingEmailAddress</inputFieldName>
        <inputObjectQuerySequence>0.0</inputObjectQuerySequence>
        <linkedObjectSequence>0.0</linkedObjectSequence>
        <name>VPL-CreateBillingAccount</name>
        <outputCreationSequence>1.0</outputCreationSequence>
        <outputFieldName>vlocity_cmt__BillingEmailAddress__c</outputFieldName>
        <outputObjectName>Account</outputObjectName>
        <requiredForUpsert>false</requiredForUpsert>
        <upsertKey>false</upsertKey>
    </omniDataTransformItem>
    <omniDataTransformItem>
        <disabled>false</disabled>
        <filterGroup>0.0</filterGroup>
        <globalKey>VPL-CreateBillingAccountCustoma1V3h000002Q1AgEAKItem38</globalKey>
        <inputFieldName>CustomerSelection:NewCustomerDetails:CustomerClass</inputFieldName>
        <inputObjectQuerySequence>0.0</inputObjectQuerySequence>
        <linkedObjectSequence>0.0</linkedObjectSequence>
        <name>VPL-CreateBillingAccount</name>
        <outputCreationSequence>1.0</outputCreationSequence>
        <outputFieldName>vlocity_cmt__CustomerClass__c</outputFieldName>
        <outputObjectName>Account</outputObjectName>
        <requiredForUpsert>false</requiredForUpsert>
        <upsertKey>false</upsertKey>
    </omniDataTransformItem>
    <omniDataTransformItem>
        <disabled>false</disabled>
        <filterGroup>0.0</filterGroup>
        <formulaConverted>| var:CustomerSelection:BusinessAccountName &apos;/\/\/-/\/\/Billing&apos; CONCAT</formulaConverted>
        <formulaExpression>CONCAT(%CustomerSelection:BusinessAccountName%, &apos; - Billing&apos;)</formulaExpression>
        <formulaResultPath>BillingAccountName</formulaResultPath>
        <formulaSequence>7.0</formulaSequence>
        <globalKey>VPL-CreateBillingAccountCustoma1V3h000002Q1AgEAKItem2</globalKey>
        <inputObjectQuerySequence>0.0</inputObjectQuerySequence>
        <linkedObjectSequence>0.0</linkedObjectSequence>
        <name>VPL-CreateBillingAccount</name>
        <outputCreationSequence>0.0</outputCreationSequence>
        <outputFieldName>Formula</outputFieldName>
        <outputObjectName>Formula</outputObjectName>
        <requiredForUpsert>false</requiredForUpsert>
        <upsertKey>false</upsertKey>
    </omniDataTransformItem>
    <omniDataTransformItem>
        <disabled>false</disabled>
        <filterGroup>0.0</filterGroup>
        <globalKey>VPL-CreateBillingAccountCustoma1V3h000002Q1AgEAKItem26</globalKey>
        <inputFieldName>BillingAccountRecTypeId</inputFieldName>
        <inputObjectQuerySequence>0.0</inputObjectQuerySequence>
        <linkedObjectSequence>0.0</linkedObjectSequence>
        <name>VPL-CreateBillingAccount</name>
        <outputCreationSequence>1.0</outputCreationSequence>
        <outputFieldName>RecordTypeId</outputFieldName>
        <outputObjectName>Account</outputObjectName>
        <requiredForUpsert>false</requiredForUpsert>
        <upsertKey>false</upsertKey>
    </omniDataTransformItem>
    <omniDataTransformItem>
        <disabled>false</disabled>
        <filterGroup>0.0</filterGroup>
        <globalKey>VPL-CreateBillingAccountCustoma1V3h000002Q1AgEAKItem42</globalKey>
        <inputFieldName>CustomerSelection:NewCustomerDetails:Website</inputFieldName>
        <inputObjectQuerySequence>0.0</inputObjectQuerySequence>
        <linkedObjectSequence>0.0</linkedObjectSequence>
        <name>VPL-CreateBillingAccount</name>
        <outputCreationSequence>1.0</outputCreationSequence>
        <outputFieldName>Website</outputFieldName>
        <outputObjectName>Account</outputObjectName>
        <requiredForUpsert>false</requiredForUpsert>
        <upsertKey>false</upsertKey>
    </omniDataTransformItem>
    <omniDataTransformItem>
        <disabled>false</disabled>
        <filterGroup>0.0</filterGroup>
        <globalKey>VPL-CreateBillingAccountCustom1923</globalKey>
        <inputFieldName>BusinessAccountId</inputFieldName>
        <inputObjectQuerySequence>0.0</inputObjectQuerySequence>
        <linkedObjectSequence>0.0</linkedObjectSequence>
        <name>VPL-CreateBillingAccount</name>
        <outputCreationSequence>1.0</outputCreationSequence>
        <outputFieldName>ParentId</outputFieldName>
        <outputObjectName>Account</outputObjectName>
        <requiredForUpsert>false</requiredForUpsert>
        <upsertKey>false</upsertKey>
    </omniDataTransformItem>
    <omniDataTransformItem>
        <disabled>false</disabled>
        <filterGroup>0.0</filterGroup>
        <globalKey>VPL-CreateBillingAccountCustoma1V3h000002Q1AgEAKItem39</globalKey>
        <inputFieldName>CustomerSelection:NewCustomerDetails:CustomerPhone</inputFieldName>
        <inputObjectQuerySequence>0.0</inputObjectQuerySequence>
        <linkedObjectSequence>0.0</linkedObjectSequence>
        <name>VPL-CreateBillingAccount</name>
        <outputCreationSequence>1.0</outputCreationSequence>
        <outputFieldName>Phone</outputFieldName>
        <outputObjectName>Account</outputObjectName>
        <requiredForUpsert>false</requiredForUpsert>
        <upsertKey>false</upsertKey>
    </omniDataTransformItem>
    <omniDataTransformItem>
        <disabled>false</disabled>
        <filterGroup>0.0</filterGroup>
        <globalKey>VPL-CreateBillingAccountCustom1140</globalKey>
        <inputFieldName>BillingPreferences:APaymentType</inputFieldName>
        <inputObjectQuerySequence>0.0</inputObjectQuerySequence>
        <linkedObjectSequence>0.0</linkedObjectSequence>
        <name>VPL-CreateBillingAccount</name>
        <outputCreationSequence>1.0</outputCreationSequence>
        <outputFieldName>vlocity_cmt__AccountPaymentType__c</outputFieldName>
        <outputObjectName>Account</outputObjectName>
        <requiredForUpsert>false</requiredForUpsert>
        <upsertKey>false</upsertKey>
    </omniDataTransformItem>
    <omniDataTransformItem>
        <disabled>false</disabled>
        <filterGroup>0.0</filterGroup>
        <globalKey>VPL-CreateBillingAccountCustoma1V3h000002Q1AgEAKItem27</globalKey>
        <inputFieldName>CustomerSelection:BillingDetails:BillCycle</inputFieldName>
        <inputObjectQuerySequence>0.0</inputObjectQuerySequence>
        <linkedObjectSequence>0.0</linkedObjectSequence>
        <name>VPL-CreateBillingAccount</name>
        <outputCreationSequence>1.0</outputCreationSequence>
        <outputFieldName>vlocity_cmt__BillCycle__c</outputFieldName>
        <outputObjectName>Account</outputObjectName>
        <requiredForUpsert>false</requiredForUpsert>
        <upsertKey>false</upsertKey>
    </omniDataTransformItem>
    <omniDataTransformItem>
        <disabled>false</disabled>
        <filterGroup>0.0</filterGroup>
        <formulaConverted>| var:BillingPreferences:MailingAddres &apos;DifferentAddress&apos; == var:BillingPreferences:MailingAddresss &apos;DifferentAddress&apos; == OR var:BillingPreferences:MailingStreet var:SelectPremises:ServiceLocation-Block:PremiseStreetAddress IF</formulaConverted>
        <formulaExpression>IF(OR(%BillingPreferences:MailingAddres% == &apos;DifferentAddress&apos;, %BillingPreferences:MailingAddresss% == &apos;DifferentAddress&apos;),%BillingPreferences:MailingStreet%, %SelectPremises:ServiceLocation-Block:PremiseStreetAddress%)</formulaExpression>
        <formulaResultPath>FML_MailingStreet</formulaResultPath>
        <formulaSequence>2.0</formulaSequence>
        <globalKey>VPL-CreateBillingAccountCustoma1V3h000002Q1AgEAKItem7</globalKey>
        <inputObjectQuerySequence>0.0</inputObjectQuerySequence>
        <linkedObjectSequence>0.0</linkedObjectSequence>
        <name>VPL-CreateBillingAccount</name>
        <outputCreationSequence>0.0</outputCreationSequence>
        <outputFieldName>Formula</outputFieldName>
        <outputObjectName>Formula</outputObjectName>
        <requiredForUpsert>false</requiredForUpsert>
        <upsertKey>false</upsertKey>
    </omniDataTransformItem>
    <omniDataTransformItem>
        <disabled>false</disabled>
        <filterGroup>0.0</filterGroup>
        <formulaConverted>| var:BillingPreferences:MailingAddres &apos;DifferentAddress&apos; == var:BillingPreferences:MailingAddresss &apos;DifferentAddress&apos; == OR var:BillingPreferences:MailingZipCode var:SelectPremises:ServiceLocation-Block:PremPostalCode IF</formulaConverted>
        <formulaExpression>IF(OR(%BillingPreferences:MailingAddres% == &apos;DifferentAddress&apos;, %BillingPreferences:MailingAddresss% == &apos;DifferentAddress&apos;),%BillingPreferences:MailingZipCode%, %SelectPremises:ServiceLocation-Block:PremPostalCode%)</formulaExpression>
        <formulaResultPath>FML_MailingPostalCode</formulaResultPath>
        <formulaSequence>6.0</formulaSequence>
        <globalKey>VPL-CreateBillingAccountCustoma1V3h000002Q1AgEAKItem3</globalKey>
        <inputObjectQuerySequence>0.0</inputObjectQuerySequence>
        <linkedObjectSequence>0.0</linkedObjectSequence>
        <name>VPL-CreateBillingAccount</name>
        <outputCreationSequence>0.0</outputCreationSequence>
        <outputFieldName>Formula</outputFieldName>
        <outputObjectName>Formula</outputObjectName>
        <requiredForUpsert>false</requiredForUpsert>
        <upsertKey>false</upsertKey>
    </omniDataTransformItem>
    <omniDataTransformItem>
        <disabled>false</disabled>
        <filterGroup>0.0</filterGroup>
        <formulaConverted>| var:BillingPreferences:MailingAddres &apos;DifferentAddress&apos; == var:BillingPreferences:MailingAddresss &apos;DifferentAddress&apos; == OR var:BillingPreferences:MailingCountry var:SelectPremises:ServiceLocation-Block:PremCountry IF</formulaConverted>
        <formulaExpression>IF(OR(%BillingPreferences:MailingAddres% == &apos;DifferentAddress&apos;, %BillingPreferences:MailingAddresss% == &apos;DifferentAddress&apos;),%BillingPreferences:MailingCountry%, %SelectPremises:ServiceLocation-Block:PremCountry%)</formulaExpression>
        <formulaResultPath>FML_MailingCountry</formulaResultPath>
        <formulaSequence>5.0</formulaSequence>
        <globalKey>VPL-CreateBillingAccountCustoma1V3h000002Q1AgEAKItem4</globalKey>
        <inputObjectQuerySequence>0.0</inputObjectQuerySequence>
        <linkedObjectSequence>0.0</linkedObjectSequence>
        <name>VPL-CreateBillingAccount</name>
        <outputCreationSequence>0.0</outputCreationSequence>
        <outputFieldName>Formula</outputFieldName>
        <outputObjectName>Formula</outputObjectName>
        <requiredForUpsert>false</requiredForUpsert>
        <upsertKey>false</upsertKey>
    </omniDataTransformItem>
    <omniDataTransformItem>
        <disabled>false</disabled>
        <filterGroup>0.0</filterGroup>
        <formulaConverted>| var:BillingPreferences:MailingAddres &apos;DifferentAddress&apos; == var:BillingPreferences:MailingAddresss &apos;DifferentAddress&apos; == OR var:BillingPreferences:MailingState var:SelectPremises:ServiceLocation-Block:PremState IF</formulaConverted>
        <formulaExpression>IF(OR(%BillingPreferences:MailingAddres% == &apos;DifferentAddress&apos;, %BillingPreferences:MailingAddresss% == &apos;DifferentAddress&apos;),%BillingPreferences:MailingState%, %SelectPremises:ServiceLocation-Block:PremState%)</formulaExpression>
        <formulaResultPath>FML_MailingState</formulaResultPath>
        <formulaSequence>4.0</formulaSequence>
        <globalKey>VPL-CreateBillingAccountCustoma1V3h000002Q1AgEAKItem5</globalKey>
        <inputObjectQuerySequence>0.0</inputObjectQuerySequence>
        <linkedObjectSequence>0.0</linkedObjectSequence>
        <name>VPL-CreateBillingAccount</name>
        <outputCreationSequence>0.0</outputCreationSequence>
        <outputFieldName>Formula</outputFieldName>
        <outputObjectName>Formula</outputObjectName>
        <requiredForUpsert>false</requiredForUpsert>
        <upsertKey>false</upsertKey>
    </omniDataTransformItem>
    <omniDataTransformItem>
        <disabled>false</disabled>
        <filterGroup>0.0</filterGroup>
        <formulaConverted>| var:CustomerSelection:NewCustomerDetails:CustomerFirstName &apos;/\/\/&apos; var:CustomerSelection:NewCustomerDetails:CustomerLastName CONCAT</formulaConverted>
        <formulaExpression>CONCAT(%CustomerSelection:NewCustomerDetails:CustomerFirstName%, &apos; &apos;, %CustomerSelection:NewCustomerDetails:CustomerLastName%)</formulaExpression>
        <formulaResultPath>AccountName</formulaResultPath>
        <formulaSequence>1.0</formulaSequence>
        <globalKey>VPL-CreateBillingAccountCustoma1V3h000002Q1AgEAKItem0</globalKey>
        <inputObjectQuerySequence>0.0</inputObjectQuerySequence>
        <linkedObjectSequence>0.0</linkedObjectSequence>
        <name>VPL-CreateBillingAccount</name>
        <outputCreationSequence>0.0</outputCreationSequence>
        <outputFieldName>Formula</outputFieldName>
        <outputObjectName>Formula</outputObjectName>
        <requiredForUpsert>false</requiredForUpsert>
        <upsertKey>false</upsertKey>
    </omniDataTransformItem>
    <omniDataTransformItem>
        <disabled>false</disabled>
        <filterGroup>0.0</filterGroup>
        <formulaConverted>| var:BillingPreferences:MailingAddres &apos;DifferentAddress&apos; == var:BillingPreferences:MailingAddresss &apos;DifferentAddress&apos; == OR var:BillingPreferences:MailingCity var:SelectPremises:ServiceLocation-Block:PremCity IF</formulaConverted>
        <formulaExpression>IF(OR(%BillingPreferences:MailingAddres% == &apos;DifferentAddress&apos;, %BillingPreferences:MailingAddresss% == &apos;DifferentAddress&apos;),%BillingPreferences:MailingCity%, %SelectPremises:ServiceLocation-Block:PremCity%)</formulaExpression>
        <formulaResultPath>FML_MailingCity</formulaResultPath>
        <formulaSequence>3.0</formulaSequence>
        <globalKey>VPL-CreateBillingAccountCustoma1V3h000002Q1AgEAKItem6</globalKey>
        <inputObjectQuerySequence>0.0</inputObjectQuerySequence>
        <linkedObjectSequence>0.0</linkedObjectSequence>
        <name>VPL-CreateBillingAccount</name>
        <outputCreationSequence>0.0</outputCreationSequence>
        <outputFieldName>Formula</outputFieldName>
        <outputObjectName>Formula</outputObjectName>
        <requiredForUpsert>false</requiredForUpsert>
        <upsertKey>false</upsertKey>
    </omniDataTransformItem>
    <outputType>SObject</outputType>
    <previewJsonData>{
  &quot;AvailableProductList&quot; : null,
  &quot;AvailableProductMaxRowSelection&quot; : &quot;Multiple&quot;,
  &quot;AvialbleProductsColumns&quot; : [ {
    &quot;fieldName&quot; : &quot;ProdName&quot;,
    &quot;label&quot; : &quot;Product Name&quot;
  }, {
    &quot;fieldName&quot; : &quot;ProdFamily&quot;,
    &quot;label&quot; : &quot;Product Family&quot;
  }, {
    &quot;fieldName&quot; : &quot;ProdCategory&quot;,
    &quot;label&quot; : &quot;Service Type&quot;
  }, {
    &quot;fieldName&quot; : &quot;ProdDescription&quot;,
    &quot;label&quot; : &quot;Description&quot;
  } ],
  &quot;BankPaymentDetails&quot; : null,
  &quot;BillingPreferences&quot; : null,
  &quot;BusinessAccountRecordType&quot; : &quot;Business&quot;,
  &quot;ChoosePaymentMethod&quot; : null,
  &quot;Confirmation&quot; : null,
  &quot;CustomerSelection&quot; : {
    &quot;AccountType&quot; : &quot;Consumer&quot;,
    &quot;BillingDetails&quot; : {
      &quot;BillCycle&quot; : &quot;2&quot;,
      &quot;BillDeliveryMethod&quot; : &quot;Paper Billing&quot;,
      &quot;BillFormat&quot; : &quot;Summary&quot;,
      &quot;BillFrequency&quot; : &quot;Quarterly&quot;,
      &quot;BillingCity&quot; : &quot;bengaluru&quot;,
      &quot;BillingCountry&quot; : &quot;India&quot;,
      &quot;BillingEmailAddress&quot; : &quot;test@tt.co&quot;,
      &quot;BillingPostalCode&quot; : &quot;56001&quot;,
      &quot;BillingState&quot; : &quot;karnataka&quot;,
      &quot;BillingStreet&quot; : &quot;Vidhan soudha&quot;,
      &quot;NumberOfBills&quot; : 2
    },
    &quot;ConNameError&quot; : null,
    &quot;ExistingAccount-Block&quot; : null,
    &quot;GetCustomer-Block&quot; : null,
    &quot;MoveInDate&quot; : &quot;2020-08-27T18:30:00.000Z&quot;,
    &quot;MoveInDateFormula&quot; : true,
    &quot;MoveInMessage&quot; : true,
    &quot;MsgInvalidExistingAccount&quot; : null,
    &quot;MsgInvalidParentAccount&quot; : null,
    &quot;NewAccountNeeded&quot; : null,
    &quot;NewCustomer&quot; : &quot;Yes&quot;,
    &quot;NewCustomerDetails&quot; : {
      &quot;CustomerClass&quot; : &quot;SMB&quot;,
      &quot;CustomerDOB&quot; : &quot;08/06/2020&quot;,
      &quot;CustomerEmail&quot; : &quot;test@tt.co&quot;,
      &quot;CustomerFirstName&quot; : &quot;terst&quot;,
      &quot;CustomerLastName&quot; : &quot;ttt&quot;,
      &quot;CustomerPhone&quot; : &quot;0767887878&quot;,
      &quot;DOBFormula&quot; : true,
      &quot;DOBMsg&quot; : true,
      &quot;Description&quot; : &quot;asdsad&quot;,
      &quot;DriverLicense&quot; : null,
      &quot;IdentificationType&quot; : &quot;SSN&quot;,
      &quot;Industry&quot; : &quot;Agriculture&quot;,
      &quot;SSN&quot; : &quot;132132222&quot;,
      &quot;TaxId&quot; : null,
      &quot;Website&quot; : &quot;www.test.com&quot;
    },
    &quot;ParentAccount-Block&quot; : null,
    &quot;TaxDetails&quot; : {
      &quot;ExemptionEndDate&quot; : &quot;2020-08-31&quot;,
      &quot;ExemptionPercentage&quot; : 60,
      &quot;ExemptionStartDate&quot; : &quot;2020-08-28&quot;,
      &quot;TaxExemption&quot; : &quot;Exempt&quot;,
      &quot;TaxIds&quot; : &quot;121212&quot;
    }
  },
  &quot;ElectricityProduct&quot; : [ {
    &quot;Id&quot; : &quot;01t3h000001Ck7WAAS&quot;,
    &quot;Name&quot; : &quot;Day/Night Tariff&quot;,
    &quot;ProductCode&quot; : &quot;001&quot;
  }, {
    &quot;Id&quot; : &quot;01t3h000001Ck7gAAC&quot;,
    &quot;Name&quot; : &quot;Night Display Tariff&quot;,
    &quot;ProductCode&quot; : &quot;003&quot;
  }, {
    &quot;Id&quot; : &quot;01t3h000001Ck7bAAC&quot;,
    &quot;Name&quot; : &quot;High Voltage Tariff&quot;,
    &quot;ProductCode&quot; : &quot;002&quot;
  } ],
  &quot;Error&quot; : { },
  &quot;GasProduct&quot; : [ {
    &quot;Id&quot; : &quot;01t3h000001Ck7lAAC&quot;,
    &quot;Name&quot; : &quot;Turn Off Order&quot;,
    &quot;ProductCode&quot; : &quot;004&quot;
  }, {
    &quot;Id&quot; : &quot;01t3h000001Ck7qAAC&quot;,
    &quot;Name&quot; : &quot;Regulated Gas Rate&quot;,
    &quot;ProductCode&quot; : &quot;REG-GAS-1&quot;
  } ],
  &quot;IntegrationType&quot; : &quot;JSON&quot;,
  &quot;OmniscriptType&quot; : &quot;Move_In&quot;,
  &quot;PaymentDetails&quot; : null,
  &quot;PremiseServicePointsListReadOnlyColumns&quot; : [ {
    &quot;fieldName&quot; : &quot;ServicePointName&quot;,
    &quot;label&quot; : &quot;Service Point Name&quot;
  }, {
    &quot;fieldName&quot; : &quot;ServiceType&quot;,
    &quot;label&quot; : &quot;Service Type&quot;
  } ],
  &quot;ProductListReadOnlyColumns&quot; : [ {
    &quot;fieldName&quot; : &quot;ServicePointName&quot;,
    &quot;label&quot; : &quot;Service Point Name&quot;
  }, {
    &quot;fieldName&quot; : &quot;ProdCategory&quot;,
    &quot;label&quot; : &quot;Service Type&quot;
  }, {
    &quot;fieldName&quot; : &quot;ProdName&quot;,
    &quot;label&quot; : &quot;Product Name&quot;
  }, {
    &quot;fieldName&quot; : &quot;ProdDescription&quot;,
    &quot;label&quot; : &quot;Description&quot;
  } ],
  &quot;RecordType&quot; : [ {
    &quot;Id&quot; : &quot;0123h000000jV4HAAU&quot;,
    &quot;Name&quot; : &quot;Business&quot;
  } ],
  &quot;SObjectName&quot; : &quot;Account&quot;,
  &quot;SelectService&quot; : null,
  &quot;SelectServicePoints&quot; : null,
  &quot;ServiceAccountPremisesColumns&quot; : [ {
    &quot;fieldName&quot; : &quot;SrevicePremisesId&quot;,
    &quot;label&quot; : &quot;SrevicePremisesId&quot;
  }, {
    &quot;fieldName&quot; : &quot;AccountName&quot;,
    &quot;label&quot; : &quot;Account Name&quot;
  }, {
    &quot;fieldName&quot; : &quot;PremisesName&quot;,
    &quot;label&quot; : &quot;Premise Address&quot;
  } ],
  &quot;ServiceAccountPremisesMaxRowSelection&quot; : &quot;Single&quot;,
  &quot;ServicePointsColumns&quot; : [ {
    &quot;fieldName&quot; : &quot;ServicePointName&quot;,
    &quot;label&quot; : &quot;Service Point Name&quot;
  }, {
    &quot;fieldName&quot; : &quot;ServiceType&quot;,
    &quot;label&quot; : &quot;Service Type&quot;
  }, {
    &quot;fieldName&quot; : &quot;ServicePointNumber&quot;,
    &quot;label&quot; : &quot;Service Point Number&quot;
  }, {
    &quot;fieldName&quot; : &quot;Status&quot;,
    &quot;label&quot; : &quot;Status&quot;
  }, {
    &quot;fieldName&quot; : &quot;SerialNumber&quot;,
    &quot;label&quot; : &quot;Serial Number&quot;
  } ],
  &quot;ServicePointsError&quot; : { },
  &quot;ServicePointsMaxRowSelection&quot; : &quot;Multiple&quot;,
  &quot;ServicePremises&quot; : null,
  &quot;WaterProduct&quot; : [ {
    &quot;Id&quot; : &quot;01t3h000001Ck7vAAC&quot;,
    &quot;Name&quot; : &quot;Water&quot;,
    &quot;ProductCode&quot; : &quot;water&quot;
  } ],
  &quot;timeStamp&quot; : &quot;2020-08-27T05:46:13.107Z&quot;,
  &quot;userCurrencyCode&quot; : &quot;USD&quot;,
  &quot;userId&quot; : &quot;0053h000002WfuuAAC&quot;,
  &quot;userName&quot; : &quot;express_org_sebanti@org.dev&quot;,
  &quot;userProfile&quot; : &quot;System Administrator&quot;,
  &quot;userTimeZone&quot; : &quot;-420&quot;,
  &quot;vlcTimeTracking&quot; : {
    &quot;DR-GetProducts&quot; : 1207,
    &quot;DRExtractBussinessAccountRecId&quot; : 911,
    &quot;OmniScriptSessionToken&quot; : &quot;a722fba1-cbcd-4c1f-a7be-6cd78bf3e0e9&quot;,
    &quot;SetCustomLWCValues&quot; : 154,
    &quot;SetDefaultValues&quot; : 72
  }
}</previewJsonData>
    <processSuperBulk>false</processSuperBulk>
    <responseCacheTtlMinutes>0.0</responseCacheTtlMinutes>
    <rollbackOnError>false</rollbackOnError>
    <sourceObject>json</sourceObject>
    <sourceObjectDefault>false</sourceObjectDefault>
    <synchronousProcessThreshold>-1.0</synchronousProcessThreshold>
    <type>Load</type>
    <uniqueName>VPLCreateBillingAccount_1</uniqueName>
    <versionNumber>1.0</versionNumber>
    <xmlDeclarationRemoved>false</xmlDeclarationRemoved>
</OmniDataTransform>
