<?xml version="1.0" encoding="UTF-8"?>
<OmniDataTransform xmlns="http://soap.sforce.com/2006/04/metadata">
    <active>false</active>
    <assignmentRulesUsed>false</assignmentRulesUsed>
    <deletedOnSuccess>false</deletedOnSuccess>
    <description>Fetches active Payment plan for the account</description>
    <errorIgnored>false</errorIgnored>
    <fieldLevelSecurityEnabled>false</fieldLevelSecurityEnabled>
    <inputType>JSON</inputType>
    <name>VPLFetchActivePaymentPlans</name>
    <nullInputsIncludedInOutput>true</nullInputsIncludedInOutput>
    <omniDataTransformItem>
        <disabled>false</disabled>
        <filterGroup>0.0</filterGroup>
        <globalKey>VPL-Fetch-Active-PaymentPlans-ENGY-104-1Customa192E00000BvVFkQANItem14</globalKey>
        <inputFieldName>PaymentPlans:Name</inputFieldName>
        <inputObjectQuerySequence>0.0</inputObjectQuerySequence>
        <linkedObjectSequence>0.0</linkedObjectSequence>
        <name>VPL-Fetch-Active-PaymentPlans</name>
        <outputCreationSequence>1.0</outputCreationSequence>
        <outputFieldName>PaymentPlanName</outputFieldName>
        <outputObjectName>json</outputObjectName>
        <requiredForUpsert>false</requiredForUpsert>
        <upsertKey>false</upsertKey>
    </omniDataTransformItem>
    <omniDataTransformItem>
        <disabled>false</disabled>
        <filterGroup>0.0</filterGroup>
        <globalKey>VPL-Fetch-Active-PaymentPlans-ENGY-104-1Customa192E00000BvVFkQANItem24</globalKey>
        <inputFieldName>PaymentPlans:vlocity_cmt__Reason__c</inputFieldName>
        <inputObjectQuerySequence>0.0</inputObjectQuerySequence>
        <linkedObjectSequence>0.0</linkedObjectSequence>
        <name>VPL-Fetch-Active-PaymentPlans</name>
        <outputCreationSequence>1.0</outputCreationSequence>
        <outputFieldName>PaymentPlanReason</outputFieldName>
        <outputObjectName>json</outputObjectName>
        <requiredForUpsert>false</requiredForUpsert>
        <upsertKey>false</upsertKey>
    </omniDataTransformItem>
    <omniDataTransformItem>
        <disabled>false</disabled>
        <filterGroup>0.0</filterGroup>
        <globalKey>VPL-Fetch-Active-PaymentPlans-ENGY-104-1Customa192E00000BvVFkQANItem21</globalKey>
        <inputFieldName>PaymentPlans:vlocity_cmt__PaymentFrequency__c</inputFieldName>
        <inputObjectQuerySequence>0.0</inputObjectQuerySequence>
        <linkedObjectSequence>0.0</linkedObjectSequence>
        <name>VPL-Fetch-Active-PaymentPlans</name>
        <outputCreationSequence>1.0</outputCreationSequence>
        <outputFieldName>PaymentFrequency</outputFieldName>
        <outputObjectName>json</outputObjectName>
        <requiredForUpsert>false</requiredForUpsert>
        <upsertKey>false</upsertKey>
    </omniDataTransformItem>
    <omniDataTransformItem>
        <disabled>false</disabled>
        <filterGroup>0.0</filterGroup>
        <globalKey>VPL-Fetch-Active-PaymentPlans-ENGY-104-1Customa192E00000BvVFkQANItem13</globalKey>
        <inputFieldName>PaymentPlans:Id</inputFieldName>
        <inputObjectQuerySequence>0.0</inputObjectQuerySequence>
        <linkedObjectSequence>0.0</linkedObjectSequence>
        <name>VPL-Fetch-Active-PaymentPlans</name>
        <outputCreationSequence>1.0</outputCreationSequence>
        <outputFieldName>PaymentPlanId</outputFieldName>
        <outputObjectName>json</outputObjectName>
        <requiredForUpsert>false</requiredForUpsert>
        <upsertKey>false</upsertKey>
    </omniDataTransformItem>
    <omniDataTransformItem>
        <disabled>false</disabled>
        <filterGroup>0.0</filterGroup>
        <globalKey>VPL-Fetch-Active-PaymentPlans-ENGY-104-1Customa192E00000BvVFkQANItem19</globalKey>
        <inputFieldName>PaymentPlans:vlocity_cmt__InstallmentAmount__c</inputFieldName>
        <inputObjectQuerySequence>0.0</inputObjectQuerySequence>
        <linkedObjectSequence>0.0</linkedObjectSequence>
        <name>VPL-Fetch-Active-PaymentPlans</name>
        <outputCreationSequence>1.0</outputCreationSequence>
        <outputFieldName>InstallmentAmount</outputFieldName>
        <outputObjectName>json</outputObjectName>
        <requiredForUpsert>false</requiredForUpsert>
        <upsertKey>false</upsertKey>
    </omniDataTransformItem>
    <omniDataTransformItem>
        <disabled>false</disabled>
        <filterGroup>0.0</filterGroup>
        <globalKey>VPL-Fetch-Active-PaymentPlans-ENGY-104-1Customa192E00000BvVFkQANItem20</globalKey>
        <inputFieldName>PaymentPlans:vlocity_cmt__NumberOfInstallments__c</inputFieldName>
        <inputObjectQuerySequence>0.0</inputObjectQuerySequence>
        <linkedObjectSequence>0.0</linkedObjectSequence>
        <name>VPL-Fetch-Active-PaymentPlans</name>
        <outputCreationSequence>1.0</outputCreationSequence>
        <outputFieldName>NumberOfInstallments</outputFieldName>
        <outputObjectName>json</outputObjectName>
        <requiredForUpsert>false</requiredForUpsert>
        <upsertKey>false</upsertKey>
    </omniDataTransformItem>
    <omniDataTransformItem>
        <disabled>false</disabled>
        <filterGroup>0.0</filterGroup>
        <globalKey>VPL-Fetch-Active-PaymentPlans-ENGY-104-1Customa192E00000BvVFkQANItem17</globalKey>
        <inputFieldName>PaymentPlans:vlocity_cmt__DownPaymentAmount__c</inputFieldName>
        <inputObjectQuerySequence>0.0</inputObjectQuerySequence>
        <linkedObjectSequence>0.0</linkedObjectSequence>
        <name>VPL-Fetch-Active-PaymentPlans</name>
        <outputCreationSequence>1.0</outputCreationSequence>
        <outputFieldName>DownPaymentAmount</outputFieldName>
        <outputObjectName>json</outputObjectName>
        <requiredForUpsert>false</requiredForUpsert>
        <upsertKey>false</upsertKey>
    </omniDataTransformItem>
    <omniDataTransformItem>
        <disabled>false</disabled>
        <filterGroup>0.0</filterGroup>
        <globalKey>VPL-Fetch-Active-PaymentPlans-ENGY-104-1Customa192E00000BvVFkQANItem18</globalKey>
        <inputFieldName>PaymentPlans:vlocity_cmt__EndDate__c</inputFieldName>
        <inputObjectQuerySequence>0.0</inputObjectQuerySequence>
        <linkedObjectSequence>0.0</linkedObjectSequence>
        <name>VPL-Fetch-Active-PaymentPlans</name>
        <outputCreationSequence>1.0</outputCreationSequence>
        <outputFieldName>EndDate</outputFieldName>
        <outputObjectName>json</outputObjectName>
        <requiredForUpsert>false</requiredForUpsert>
        <upsertKey>false</upsertKey>
    </omniDataTransformItem>
    <omniDataTransformItem>
        <disabled>false</disabled>
        <filterGroup>0.0</filterGroup>
        <globalKey>VPL-Fetch-Active-PaymentPlans-ENGY-104-1Customa192E00000BvVFkQANItem26</globalKey>
        <inputFieldName>PaymentPlans:vlocity_cmt__Status__c</inputFieldName>
        <inputObjectQuerySequence>0.0</inputObjectQuerySequence>
        <linkedObjectSequence>0.0</linkedObjectSequence>
        <name>VPL-Fetch-Active-PaymentPlans</name>
        <outputCreationSequence>1.0</outputCreationSequence>
        <outputFieldName>Status</outputFieldName>
        <outputObjectName>json</outputObjectName>
        <requiredForUpsert>false</requiredForUpsert>
        <upsertKey>false</upsertKey>
    </omniDataTransformItem>
    <omniDataTransformItem>
        <disabled>false</disabled>
        <filterGroup>0.0</filterGroup>
        <globalKey>VPL-Fetch-Active-PaymentPlans-ENGY-104-1Customa192E00000BvVFkQANItem22</globalKey>
        <inputFieldName>PaymentPlans:vlocity_cmt__PaymentFrequency__c</inputFieldName>
        <inputObjectQuerySequence>0.0</inputObjectQuerySequence>
        <linkedObjectSequence>0.0</linkedObjectSequence>
        <name>VPL-Fetch-Active-PaymentPlans</name>
        <outputCreationSequence>1.0</outputCreationSequence>
        <outputFieldName>ServiceTerms</outputFieldName>
        <outputObjectName>json</outputObjectName>
        <requiredForUpsert>false</requiredForUpsert>
        <upsertKey>false</upsertKey>
    </omniDataTransformItem>
    <omniDataTransformItem>
        <disabled>false</disabled>
        <filterGroup>0.0</filterGroup>
        <globalKey>VPL-Fetch-Active-PaymentPlans-ENGY-104-1Customa192E00000BvVFkQANItem25</globalKey>
        <inputFieldName>PaymentPlans:vlocity_cmt__StartDate__c</inputFieldName>
        <inputObjectQuerySequence>0.0</inputObjectQuerySequence>
        <linkedObjectSequence>0.0</linkedObjectSequence>
        <name>VPL-Fetch-Active-PaymentPlans</name>
        <outputCreationSequence>1.0</outputCreationSequence>
        <outputFieldFormat>Date(MM/dd/yyyy)</outputFieldFormat>
        <outputFieldName>StartDate</outputFieldName>
        <outputObjectName>json</outputObjectName>
        <requiredForUpsert>false</requiredForUpsert>
        <upsertKey>false</upsertKey>
    </omniDataTransformItem>
    <omniDataTransformItem>
        <disabled>false</disabled>
        <filterGroup>0.0</filterGroup>
        <globalKey>VPL-Fetch-Active-PaymentPlans-ENGY-104-1Customa192E00000BvVFkQANItem23</globalKey>
        <inputFieldName>PaymentPlans:vlocity_cmt__PaymentPlanAmount__c</inputFieldName>
        <inputObjectQuerySequence>0.0</inputObjectQuerySequence>
        <linkedObjectSequence>0.0</linkedObjectSequence>
        <name>VPL-Fetch-Active-PaymentPlans</name>
        <outputCreationSequence>1.0</outputCreationSequence>
        <outputFieldName>BalanceAmount</outputFieldName>
        <outputObjectName>json</outputObjectName>
        <requiredForUpsert>false</requiredForUpsert>
        <upsertKey>false</upsertKey>
    </omniDataTransformItem>
    <omniDataTransformItem>
        <disabled>false</disabled>
        <filterGroup>0.0</filterGroup>
        <globalKey>VPL-Fetch-Active-PaymentPlans-ENGY-104-1Customa192E00000BvVFkQANItem16</globalKey>
        <inputFieldName>PaymentPlans:vlocity_cmt__DeactivationDate__c</inputFieldName>
        <inputObjectQuerySequence>0.0</inputObjectQuerySequence>
        <linkedObjectSequence>0.0</linkedObjectSequence>
        <name>VPL-Fetch-Active-PaymentPlans</name>
        <outputCreationSequence>1.0</outputCreationSequence>
        <outputFieldFormat>Date(MM/dd/yyyy)</outputFieldFormat>
        <outputFieldName>DeactivationDate</outputFieldName>
        <outputObjectName>json</outputObjectName>
        <requiredForUpsert>false</requiredForUpsert>
        <upsertKey>false</upsertKey>
    </omniDataTransformItem>
    <omniDataTransformItem>
        <disabled>false</disabled>
        <filterGroup>0.0</filterGroup>
        <filterOperator>LIMIT</filterOperator>
        <filterValue>500</filterValue>
        <globalKey>VPL-Fetch-Active-PaymentPlans-ENGY-104-1Customa192E00000BvVFkQANItem1</globalKey>
        <inputObjectName>vlocity_cmt__PaymentPlan__c</inputObjectName>
        <inputObjectQuerySequence>1.0</inputObjectQuerySequence>
        <linkedObjectSequence>0.0</linkedObjectSequence>
        <name>VPL-Fetch-Active-PaymentPlans</name>
        <outputCreationSequence>0.0</outputCreationSequence>
        <outputFieldName>PaymentPlans</outputFieldName>
        <outputObjectName>json</outputObjectName>
        <requiredForUpsert>false</requiredForUpsert>
        <upsertKey>false</upsertKey>
    </omniDataTransformItem>
    <omniDataTransformItem>
        <disabled>false</disabled>
        <filterGroup>0.0</filterGroup>
        <globalKey>VPL-Fetch-Active-PaymentPlans-ENGY-104-1Customa192E00000BvVFkQANItem15</globalKey>
        <inputFieldName>PaymentPlans:vlocity_cmt__AccountId__c</inputFieldName>
        <inputObjectQuerySequence>0.0</inputObjectQuerySequence>
        <linkedObjectSequence>0.0</linkedObjectSequence>
        <name>VPL-Fetch-Active-PaymentPlans</name>
        <outputCreationSequence>1.0</outputCreationSequence>
        <outputFieldName>AccountId</outputFieldName>
        <outputObjectName>json</outputObjectName>
        <requiredForUpsert>false</requiredForUpsert>
        <upsertKey>false</upsertKey>
    </omniDataTransformItem>
    <omniDataTransformItem>
        <disabled>false</disabled>
        <filterGroup>0.0</filterGroup>
        <filterOperator>=</filterOperator>
        <filterValue>Id</filterValue>
        <globalKey>VPL-Fetch-Active-PaymentPlans-ENGY-104-1Customa192E00000BvVFkQANItem3</globalKey>
        <inputFieldName>vlocity_cmt__AccountId__c</inputFieldName>
        <inputObjectName>vlocity_cmt__PaymentPlan__c</inputObjectName>
        <inputObjectQuerySequence>1.0</inputObjectQuerySequence>
        <linkedObjectSequence>0.0</linkedObjectSequence>
        <name>VPL-Fetch-Active-PaymentPlans</name>
        <outputCreationSequence>0.0</outputCreationSequence>
        <outputFieldName>PaymentPlans</outputFieldName>
        <outputObjectName>json</outputObjectName>
        <requiredForUpsert>false</requiredForUpsert>
        <upsertKey>false</upsertKey>
    </omniDataTransformItem>
    <omniDataTransformItem>
        <disabled>false</disabled>
        <filterGroup>0.0</filterGroup>
        <filterOperator>=</filterOperator>
        <filterValue>&apos;Active&apos;</filterValue>
        <globalKey>VPL-Fetch-Active-PaymentPlans-ENGY-104-1Customa192E00000BvVFkQANItem4</globalKey>
        <inputFieldName>vlocity_cmt__Status__c</inputFieldName>
        <inputObjectName>vlocity_cmt__PaymentPlan__c</inputObjectName>
        <inputObjectQuerySequence>1.0</inputObjectQuerySequence>
        <linkedObjectSequence>0.0</linkedObjectSequence>
        <name>VPL-Fetch-Active-PaymentPlans</name>
        <outputCreationSequence>0.0</outputCreationSequence>
        <outputFieldName>PaymentPlans</outputFieldName>
        <outputObjectName>json</outputObjectName>
        <requiredForUpsert>false</requiredForUpsert>
        <upsertKey>false</upsertKey>
    </omniDataTransformItem>
    <outputType>JSON</outputType>
    <previewJsonData>{
  &quot;Id&quot; : &quot;0013h00000C1iZWAAZ&quot;
}</previewJsonData>
    <processSuperBulk>false</processSuperBulk>
    <responseCacheTtlMinutes>0.0</responseCacheTtlMinutes>
    <rollbackOnError>false</rollbackOnError>
    <sourceObject>json</sourceObject>
    <sourceObjectDefault>false</sourceObjectDefault>
    <synchronousProcessThreshold>-1.0</synchronousProcessThreshold>
    <type>Extract</type>
    <uniqueName>VPLFetchActivePaymentPlans_1</uniqueName>
    <versionNumber>1.0</versionNumber>
    <xmlDeclarationRemoved>false</xmlDeclarationRemoved>
</OmniDataTransform>
