<?xml version="1.0" encoding="UTF-8"?>
<OmniDataTransform xmlns="http://soap.sforce.com/2006/04/metadata">
    <active>false</active>
    <assignmentRulesUsed>false</assignmentRulesUsed>
    <deletedOnSuccess>false</deletedOnSuccess>
    <description>This Dataraptor will get all the statement details related to a billing account for a business account.</description>
    <errorIgnored>false</errorIgnored>
    <fieldLevelSecurityEnabled>false</fieldLevelSecurityEnabled>
    <inputType>JSON</inputType>
    <name>VPLGetAccountBillingHistory</name>
    <nullInputsIncludedInOutput>false</nullInputsIncludedInOutput>
    <omniDataTransformItem>
        <disabled>false</disabled>
        <filterGroup>0.0</filterGroup>
        <filterOperator>&lt;&gt;</filterOperator>
        <filterValue>&quot;$Vlocity.NULL&quot;</filterValue>
        <globalKey>VPLGetAccountBillingHistory6630740041789909</globalKey>
        <inputFieldName>vlocity_cmt__DueDate__c</inputFieldName>
        <inputObjectName>vlocity_cmt__Statement__c</inputObjectName>
        <inputObjectQuerySequence>3.0</inputObjectQuerySequence>
        <linkedObjectSequence>0.0</linkedObjectSequence>
        <name>VPLGetAccountBillingHistory</name>
        <outputCreationSequence>0.0</outputCreationSequence>
        <outputFieldName>FullStatement</outputFieldName>
        <outputObjectName>json</outputObjectName>
        <requiredForUpsert>false</requiredForUpsert>
        <upsertKey>false</upsertKey>
    </omniDataTransformItem>
    <omniDataTransformItem>
        <disabled>false</disabled>
        <filterGroup>0.0</filterGroup>
        <globalKey>VPLGetAccountBillingHistory713202542061222</globalKey>
        <inputFieldName>FullStatement:vlocity_cmt__CurrentCharges__c</inputFieldName>
        <inputObjectQuerySequence>0.0</inputObjectQuerySequence>
        <linkedObjectSequence>0.0</linkedObjectSequence>
        <name>VPLGetAccountBillingHistory</name>
        <outputCreationSequence>1.0</outputCreationSequence>
        <outputFieldFormat>Currency</outputFieldFormat>
        <outputFieldName>FullStatement:BillAmount</outputFieldName>
        <outputObjectName>json</outputObjectName>
        <requiredForUpsert>false</requiredForUpsert>
        <upsertKey>false</upsertKey>
    </omniDataTransformItem>
    <omniDataTransformItem>
        <disabled>false</disabled>
        <filterGroup>0.0</filterGroup>
        <globalKey>VPLGetAccountBillingHistory8060649029566176</globalKey>
        <inputFieldName>FullStatement:vlocity_cmt__BalanceDue__c</inputFieldName>
        <inputObjectQuerySequence>0.0</inputObjectQuerySequence>
        <linkedObjectSequence>0.0</linkedObjectSequence>
        <name>VPLGetAccountBillingHistory</name>
        <outputCreationSequence>1.0</outputCreationSequence>
        <outputFieldFormat>Currency</outputFieldFormat>
        <outputFieldName>FullStatement:BillBalance</outputFieldName>
        <outputObjectName>json</outputObjectName>
        <requiredForUpsert>false</requiredForUpsert>
        <upsertKey>false</upsertKey>
    </omniDataTransformItem>
    <omniDataTransformItem>
        <disabled>true</disabled>
        <filterGroup>0.0</filterGroup>
        <formulaConverted>| var:Statement:vlocity_cmt__BalanceDue__c 0 &gt; var:Statement:vlocity_cmt__DueDate__c | TODAY &lt; &amp;&amp; true false IF</formulaConverted>
        <formulaExpression>IF(Statement:vlocity_cmt__BalanceDue__c &gt;0 &amp;&amp; Statement:vlocity_cmt__DueDate__c &lt; TODAY(),true,false)</formulaExpression>
        <formulaResultPath>OverDueBill</formulaResultPath>
        <formulaSequence>2.0</formulaSequence>
        <globalKey>VPLGetAccountBillingHistory09182136694358944</globalKey>
        <inputObjectQuerySequence>0.0</inputObjectQuerySequence>
        <linkedObjectSequence>0.0</linkedObjectSequence>
        <name>VPLGetAccountBillingHistory</name>
        <outputCreationSequence>0.0</outputCreationSequence>
        <outputFieldName>Formula</outputFieldName>
        <outputObjectName>Formula</outputObjectName>
        <requiredForUpsert>false</requiredForUpsert>
        <upsertKey>false</upsertKey>
    </omniDataTransformItem>
    <omniDataTransformItem>
        <disabled>false</disabled>
        <filterGroup>0.0</filterGroup>
        <globalKey>VPLGetAccountBillingHistory02583470095891638</globalKey>
        <inputObjectQuerySequence>0.0</inputObjectQuerySequence>
        <linkedObjectSequence>0.0</linkedObjectSequence>
        <name>VPLGetAccountBillingHistory</name>
        <outputCreationSequence>1.0</outputCreationSequence>
        <outputFieldFormat>List&lt;Map&gt;</outputFieldFormat>
        <outputFieldName>FullStatement</outputFieldName>
        <outputObjectName>json</outputObjectName>
        <requiredForUpsert>false</requiredForUpsert>
        <upsertKey>false</upsertKey>
    </omniDataTransformItem>
    <omniDataTransformItem>
        <disabled>false</disabled>
        <filterGroup>0.0</filterGroup>
        <filterOperator>ORDER BY</filterOperator>
        <filterValue>vlocity_cmt__StatementDate__c DESC</filterValue>
        <globalKey>VPLGetAccountBillingHistory7115325247791842</globalKey>
        <inputObjectName>vlocity_cmt__Statement__c</inputObjectName>
        <inputObjectQuerySequence>3.0</inputObjectQuerySequence>
        <linkedObjectSequence>0.0</linkedObjectSequence>
        <name>VPLGetAccountBillingHistory</name>
        <outputCreationSequence>0.0</outputCreationSequence>
        <outputFieldName>FullStatement</outputFieldName>
        <outputObjectName>json</outputObjectName>
        <requiredForUpsert>false</requiredForUpsert>
        <upsertKey>false</upsertKey>
    </omniDataTransformItem>
    <omniDataTransformItem>
        <disabled>true</disabled>
        <filterGroup>0.0</filterGroup>
        <formulaConverted>| var:Statement var:null != true false IF</formulaConverted>
        <formulaExpression>IF(Statement!= null, true, false)</formulaExpression>
        <formulaResultPath>IsStatementAvailable</formulaResultPath>
        <formulaSequence>1.0</formulaSequence>
        <globalKey>VPLGetAccountBillingHistory834643630493819</globalKey>
        <inputObjectQuerySequence>0.0</inputObjectQuerySequence>
        <linkedObjectSequence>0.0</linkedObjectSequence>
        <name>VPLGetAccountBillingHistory</name>
        <outputCreationSequence>0.0</outputCreationSequence>
        <outputFieldName>Formula</outputFieldName>
        <outputObjectName>Formula</outputObjectName>
        <requiredForUpsert>false</requiredForUpsert>
        <upsertKey>false</upsertKey>
    </omniDataTransformItem>
    <omniDataTransformItem>
        <disabled>false</disabled>
        <filterGroup>0.0</filterGroup>
        <filterOperator>&gt;=</filterOperator>
        <filterValue>filterStatementDate</filterValue>
        <globalKey>VPLGetAccountBillingHistory5164259872822554</globalKey>
        <inputFieldName>vlocity_cmt__StatementDate__c</inputFieldName>
        <inputObjectName>vlocity_cmt__Statement__c</inputObjectName>
        <inputObjectQuerySequence>3.0</inputObjectQuerySequence>
        <linkedObjectSequence>0.0</linkedObjectSequence>
        <name>VPLGetAccountBillingHistory</name>
        <outputCreationSequence>0.0</outputCreationSequence>
        <outputFieldName>FullStatement</outputFieldName>
        <outputObjectName>json</outputObjectName>
        <requiredForUpsert>false</requiredForUpsert>
        <upsertKey>false</upsertKey>
    </omniDataTransformItem>
    <omniDataTransformItem>
        <disabled>false</disabled>
        <filterGroup>0.0</filterGroup>
        <filterOperator>LIMIT</filterOperator>
        <filterValue>50</filterValue>
        <globalKey>VPLGetAccountBillingHistory374651842929677</globalKey>
        <inputObjectName>vlocity_cmt__Statement__c</inputObjectName>
        <inputObjectQuerySequence>3.0</inputObjectQuerySequence>
        <linkedObjectSequence>0.0</linkedObjectSequence>
        <name>VPLGetAccountBillingHistory</name>
        <outputCreationSequence>0.0</outputCreationSequence>
        <outputFieldName>FullStatement</outputFieldName>
        <outputObjectName>json</outputObjectName>
        <requiredForUpsert>false</requiredForUpsert>
        <upsertKey>false</upsertKey>
    </omniDataTransformItem>
    <omniDataTransformItem>
        <disabled>false</disabled>
        <filterGroup>0.0</filterGroup>
        <filterOperator>&lt;&gt;</filterOperator>
        <filterValue>&quot;$Vlocity.NULL&quot;</filterValue>
        <globalKey>VPLGetAccountBillingHistory8306335889459289</globalKey>
        <inputFieldName>vlocity_cmt__DueDate__c</inputFieldName>
        <inputObjectName>vlocity_cmt__Statement__c</inputObjectName>
        <inputObjectQuerySequence>1.0</inputObjectQuerySequence>
        <linkedObjectSequence>0.0</linkedObjectSequence>
        <name>VPLGetAccountBillingHistory</name>
        <outputCreationSequence>0.0</outputCreationSequence>
        <outputFieldName>Statement</outputFieldName>
        <outputObjectName>json</outputObjectName>
        <requiredForUpsert>false</requiredForUpsert>
        <upsertKey>false</upsertKey>
    </omniDataTransformItem>
    <omniDataTransformItem>
        <disabled>false</disabled>
        <filterGroup>0.0</filterGroup>
        <filterOperator>=</filterOperator>
        <filterValue>StatementMonth</filterValue>
        <globalKey>VPLGetAccountBillingHistory7312957587657831</globalKey>
        <inputFieldName>vlocity_cmt__StatementMonth__c</inputFieldName>
        <inputObjectName>vlocity_cmt__Statement__c</inputObjectName>
        <inputObjectQuerySequence>1.0</inputObjectQuerySequence>
        <linkedObjectSequence>0.0</linkedObjectSequence>
        <name>VPLGetAccountBillingHistory</name>
        <outputCreationSequence>0.0</outputCreationSequence>
        <outputFieldName>Statement</outputFieldName>
        <outputObjectName>json</outputObjectName>
        <requiredForUpsert>false</requiredForUpsert>
        <upsertKey>false</upsertKey>
    </omniDataTransformItem>
    <omniDataTransformItem>
        <disabled>false</disabled>
        <filterGroup>0.0</filterGroup>
        <filterOperator>ORDER BY</filterOperator>
        <filterValue>vlocity_cmt__StatementDate__c DESC</filterValue>
        <globalKey>VPLGetAccountBillingHistory2900419101658731</globalKey>
        <inputObjectName>vlocity_cmt__Statement__c</inputObjectName>
        <inputObjectQuerySequence>2.0</inputObjectQuerySequence>
        <linkedObjectSequence>0.0</linkedObjectSequence>
        <name>VPLGetAccountBillingHistory</name>
        <outputCreationSequence>0.0</outputCreationSequence>
        <outputFieldName>LatestTwoStatement</outputFieldName>
        <outputObjectName>json</outputObjectName>
        <requiredForUpsert>false</requiredForUpsert>
        <upsertKey>false</upsertKey>
    </omniDataTransformItem>
    <omniDataTransformItem>
        <disabled>false</disabled>
        <filterGroup>0.0</filterGroup>
        <filterOperator>=</filterOperator>
        <filterValue>BillingHistoryAccountId</filterValue>
        <globalKey>VPLGetAccountBillingHistory025823299966075908</globalKey>
        <inputFieldName>vlocity_cmt__AccountId__c</inputFieldName>
        <inputObjectName>vlocity_cmt__Statement__c</inputObjectName>
        <inputObjectQuerySequence>3.0</inputObjectQuerySequence>
        <linkedObjectSequence>0.0</linkedObjectSequence>
        <name>VPLGetAccountBillingHistory</name>
        <outputCreationSequence>0.0</outputCreationSequence>
        <outputFieldName>FullStatement</outputFieldName>
        <outputObjectName>json</outputObjectName>
        <requiredForUpsert>false</requiredForUpsert>
        <upsertKey>false</upsertKey>
    </omniDataTransformItem>
    <omniDataTransformItem>
        <disabled>false</disabled>
        <filterGroup>0.0</filterGroup>
        <filterOperator>&lt;&gt;</filterOperator>
        <filterValue>StatementLastYear</filterValue>
        <globalKey>VPLGetAccountBillingHistory43613485617096504</globalKey>
        <inputFieldName>vlocity_cmt__StatementYear__c</inputFieldName>
        <inputObjectName>vlocity_cmt__Statement__c</inputObjectName>
        <inputObjectQuerySequence>2.0</inputObjectQuerySequence>
        <linkedObjectSequence>0.0</linkedObjectSequence>
        <name>VPLGetAccountBillingHistory</name>
        <outputCreationSequence>0.0</outputCreationSequence>
        <outputFieldName>LatestTwoStatement</outputFieldName>
        <outputObjectName>json</outputObjectName>
        <requiredForUpsert>false</requiredForUpsert>
        <upsertKey>false</upsertKey>
    </omniDataTransformItem>
    <omniDataTransformItem>
        <disabled>false</disabled>
        <filterGroup>0.0</filterGroup>
        <filterOperator>LIMIT</filterOperator>
        <filterValue>2</filterValue>
        <globalKey>VPLGetAccountBillingHistory7762173112267927</globalKey>
        <inputObjectName>vlocity_cmt__Statement__c</inputObjectName>
        <inputObjectQuerySequence>2.0</inputObjectQuerySequence>
        <linkedObjectSequence>0.0</linkedObjectSequence>
        <name>VPLGetAccountBillingHistory</name>
        <outputCreationSequence>0.0</outputCreationSequence>
        <outputFieldName>LatestTwoStatement</outputFieldName>
        <outputObjectName>json</outputObjectName>
        <requiredForUpsert>false</requiredForUpsert>
        <upsertKey>false</upsertKey>
    </omniDataTransformItem>
    <omniDataTransformItem>
        <disabled>false</disabled>
        <filterGroup>0.0</filterGroup>
        <filterOperator>=</filterOperator>
        <filterValue>BillingHistoryAccountId</filterValue>
        <globalKey>VPLGetAccountBillingHistory18118742763396578</globalKey>
        <inputFieldName>vlocity_cmt__AccountId__c</inputFieldName>
        <inputObjectName>vlocity_cmt__Statement__c</inputObjectName>
        <inputObjectQuerySequence>2.0</inputObjectQuerySequence>
        <linkedObjectSequence>0.0</linkedObjectSequence>
        <name>VPLGetAccountBillingHistory</name>
        <outputCreationSequence>0.0</outputCreationSequence>
        <outputFieldName>LatestTwoStatement</outputFieldName>
        <outputObjectName>json</outputObjectName>
        <requiredForUpsert>false</requiredForUpsert>
        <upsertKey>false</upsertKey>
    </omniDataTransformItem>
    <omniDataTransformItem>
        <disabled>false</disabled>
        <filterGroup>0.0</filterGroup>
        <filterOperator>&lt;&gt;</filterOperator>
        <filterValue>&quot;$Vlocity.NULL&quot;</filterValue>
        <globalKey>VPLGetAccountBillingHistory08679066741159613</globalKey>
        <inputFieldName>vlocity_cmt__DueDate__c</inputFieldName>
        <inputObjectName>vlocity_cmt__Statement__c</inputObjectName>
        <inputObjectQuerySequence>2.0</inputObjectQuerySequence>
        <linkedObjectSequence>0.0</linkedObjectSequence>
        <name>VPLGetAccountBillingHistory</name>
        <outputCreationSequence>0.0</outputCreationSequence>
        <outputFieldName>LatestTwoStatement</outputFieldName>
        <outputObjectName>json</outputObjectName>
        <requiredForUpsert>false</requiredForUpsert>
        <upsertKey>false</upsertKey>
    </omniDataTransformItem>
    <omniDataTransformItem>
        <disabled>false</disabled>
        <filterGroup>0.0</filterGroup>
        <filterOperator>=</filterOperator>
        <filterValue>StatementLastYear</filterValue>
        <globalKey>VPLGetAccountBillingHistory3487392640468807</globalKey>
        <inputFieldName>vlocity_cmt__StatementYear__c</inputFieldName>
        <inputObjectName>vlocity_cmt__Statement__c</inputObjectName>
        <inputObjectQuerySequence>1.0</inputObjectQuerySequence>
        <linkedObjectSequence>0.0</linkedObjectSequence>
        <name>VPLGetAccountBillingHistory</name>
        <outputCreationSequence>0.0</outputCreationSequence>
        <outputFieldName>Statement</outputFieldName>
        <outputObjectName>json</outputObjectName>
        <requiredForUpsert>false</requiredForUpsert>
        <upsertKey>false</upsertKey>
    </omniDataTransformItem>
    <omniDataTransformItem>
        <disabled>false</disabled>
        <filterGroup>0.0</filterGroup>
        <filterOperator>LIMIT</filterOperator>
        <filterValue>1</filterValue>
        <globalKey>VPLGetAccountBillingHistory8565274127013487</globalKey>
        <inputObjectName>vlocity_cmt__Statement__c</inputObjectName>
        <inputObjectQuerySequence>1.0</inputObjectQuerySequence>
        <linkedObjectSequence>0.0</linkedObjectSequence>
        <name>VPLGetAccountBillingHistory</name>
        <outputCreationSequence>0.0</outputCreationSequence>
        <outputFieldName>Statement</outputFieldName>
        <outputObjectName>json</outputObjectName>
        <requiredForUpsert>false</requiredForUpsert>
        <upsertKey>false</upsertKey>
    </omniDataTransformItem>
    <omniDataTransformItem>
        <disabled>false</disabled>
        <filterGroup>0.0</filterGroup>
        <filterOperator>=</filterOperator>
        <filterValue>BillingHistoryAccountId</filterValue>
        <globalKey>VPLGetAccountBillingHistory11082563631352915</globalKey>
        <inputFieldName>vlocity_cmt__AccountId__c</inputFieldName>
        <inputObjectName>vlocity_cmt__Statement__c</inputObjectName>
        <inputObjectQuerySequence>1.0</inputObjectQuerySequence>
        <linkedObjectSequence>0.0</linkedObjectSequence>
        <name>VPLGetAccountBillingHistory</name>
        <outputCreationSequence>0.0</outputCreationSequence>
        <outputFieldName>Statement</outputFieldName>
        <outputObjectName>json</outputObjectName>
        <requiredForUpsert>false</requiredForUpsert>
        <upsertKey>false</upsertKey>
    </omniDataTransformItem>
    <omniDataTransformItem>
        <disabled>false</disabled>
        <filterGroup>0.0</filterGroup>
        <globalKey>VPLGetAccountBillingHistory9135270533923374</globalKey>
        <inputObjectQuerySequence>0.0</inputObjectQuerySequence>
        <linkedObjectSequence>0.0</linkedObjectSequence>
        <name>VPLGetAccountBillingHistory</name>
        <outputCreationSequence>1.0</outputCreationSequence>
        <outputFieldFormat>List&lt;Map&gt;</outputFieldFormat>
        <outputFieldName>LatestTwoStatement</outputFieldName>
        <outputObjectName>json</outputObjectName>
        <requiredForUpsert>false</requiredForUpsert>
        <upsertKey>false</upsertKey>
    </omniDataTransformItem>
    <omniDataTransformItem>
        <disabled>false</disabled>
        <filterGroup>0.0</filterGroup>
        <globalKey>VPLGetAccountBillingHistory2849383122792599</globalKey>
        <inputFieldName>LatestTwoStatement:Name</inputFieldName>
        <inputObjectQuerySequence>0.0</inputObjectQuerySequence>
        <linkedObjectSequence>0.0</linkedObjectSequence>
        <name>VPLGetAccountBillingHistory</name>
        <outputCreationSequence>1.0</outputCreationSequence>
        <outputFieldName>LatestTwoStatement:Name</outputFieldName>
        <outputObjectName>json</outputObjectName>
        <requiredForUpsert>false</requiredForUpsert>
        <upsertKey>false</upsertKey>
    </omniDataTransformItem>
    <omniDataTransformItem>
        <disabled>false</disabled>
        <filterGroup>0.0</filterGroup>
        <globalKey>VPLGetAccountBillingHistory8733702004062196</globalKey>
        <inputFieldName>FullStatement:vlocity_cmt__StatementImageURL__c</inputFieldName>
        <inputObjectQuerySequence>0.0</inputObjectQuerySequence>
        <linkedObjectSequence>0.0</linkedObjectSequence>
        <name>VPLGetAccountBillingHistory</name>
        <outputCreationSequence>1.0</outputCreationSequence>
        <outputFieldName>FullStatement:StatementURL</outputFieldName>
        <outputObjectName>json</outputObjectName>
        <requiredForUpsert>false</requiredForUpsert>
        <upsertKey>false</upsertKey>
    </omniDataTransformItem>
    <omniDataTransformItem>
        <defaultValue>Bill</defaultValue>
        <disabled>false</disabled>
        <filterGroup>0.0</filterGroup>
        <globalKey>VPLGetAccountBillingHistory4351182820563311</globalKey>
        <inputObjectQuerySequence>0.0</inputObjectQuerySequence>
        <linkedObjectSequence>0.0</linkedObjectSequence>
        <name>VPLGetAccountBillingHistory</name>
        <outputCreationSequence>1.0</outputCreationSequence>
        <outputFieldFormat>String</outputFieldFormat>
        <outputFieldName>FullStatement:Type</outputFieldName>
        <outputObjectName>json</outputObjectName>
        <requiredForUpsert>false</requiredForUpsert>
        <upsertKey>false</upsertKey>
    </omniDataTransformItem>
    <omniDataTransformItem>
        <disabled>false</disabled>
        <filterGroup>0.0</filterGroup>
        <globalKey>VPLGetAccountBillingHistory6125410246872027</globalKey>
        <inputFieldName>FullStatement:vlocity_cmt__StatementDate__c</inputFieldName>
        <inputObjectQuerySequence>0.0</inputObjectQuerySequence>
        <linkedObjectSequence>0.0</linkedObjectSequence>
        <name>VPLGetAccountBillingHistory</name>
        <outputCreationSequence>1.0</outputCreationSequence>
        <outputFieldFormat>Date(MM/dd/yyyy)</outputFieldFormat>
        <outputFieldName>FullStatement:StatementDate</outputFieldName>
        <outputObjectName>json</outputObjectName>
        <requiredForUpsert>false</requiredForUpsert>
        <upsertKey>false</upsertKey>
    </omniDataTransformItem>
    <omniDataTransformItem>
        <disabled>false</disabled>
        <filterGroup>0.0</filterGroup>
        <globalKey>VPLGetAccountBillingHistory013181361942804282</globalKey>
        <inputFieldName>FullStatement:Id</inputFieldName>
        <inputObjectQuerySequence>0.0</inputObjectQuerySequence>
        <linkedObjectSequence>0.0</linkedObjectSequence>
        <name>VPLGetAccountBillingHistory</name>
        <outputCreationSequence>1.0</outputCreationSequence>
        <outputFieldName>FullStatement:StatementId</outputFieldName>
        <outputObjectName>json</outputObjectName>
        <requiredForUpsert>false</requiredForUpsert>
        <upsertKey>false</upsertKey>
    </omniDataTransformItem>
    <omniDataTransformItem>
        <defaultValue>---</defaultValue>
        <disabled>false</disabled>
        <filterGroup>0.0</filterGroup>
        <globalKey>VPLGetAccountBillingHistory23731505820321153</globalKey>
        <inputObjectQuerySequence>0.0</inputObjectQuerySequence>
        <linkedObjectSequence>0.0</linkedObjectSequence>
        <name>VPLGetAccountBillingHistory</name>
        <outputCreationSequence>1.0</outputCreationSequence>
        <outputFieldFormat>String</outputFieldFormat>
        <outputFieldName>FullStatement:BillMethod</outputFieldName>
        <outputObjectName>json</outputObjectName>
        <requiredForUpsert>false</requiredForUpsert>
        <upsertKey>false</upsertKey>
    </omniDataTransformItem>
    <omniDataTransformItem>
        <disabled>false</disabled>
        <filterGroup>0.0</filterGroup>
        <globalKey>VPLGetAccountBillingHistory8463669570147156</globalKey>
        <inputFieldName>FullStatement:Name</inputFieldName>
        <inputObjectQuerySequence>0.0</inputObjectQuerySequence>
        <linkedObjectSequence>0.0</linkedObjectSequence>
        <name>VPLGetAccountBillingHistory</name>
        <outputCreationSequence>1.0</outputCreationSequence>
        <outputFieldName>FullStatement:Name</outputFieldName>
        <outputObjectName>json</outputObjectName>
        <requiredForUpsert>false</requiredForUpsert>
        <upsertKey>false</upsertKey>
    </omniDataTransformItem>
    <omniDataTransformItem>
        <disabled>false</disabled>
        <filterGroup>0.0</filterGroup>
        <globalKey>VPLGetAccountBillingHistory8371364477019578</globalKey>
        <inputFieldName>Statement:Id</inputFieldName>
        <inputObjectQuerySequence>0.0</inputObjectQuerySequence>
        <linkedObjectSequence>0.0</linkedObjectSequence>
        <name>VPLGetAccountBillingHistory</name>
        <outputCreationSequence>1.0</outputCreationSequence>
        <outputFieldName>OneYearOldStatement:StatementId</outputFieldName>
        <outputObjectName>json</outputObjectName>
        <requiredForUpsert>false</requiredForUpsert>
        <upsertKey>false</upsertKey>
    </omniDataTransformItem>
    <omniDataTransformItem>
        <disabled>false</disabled>
        <filterGroup>0.0</filterGroup>
        <globalKey>VPLGetAccountBillingHistory3008105097672813</globalKey>
        <inputFieldName>IsStatementAvailable</inputFieldName>
        <inputObjectQuerySequence>0.0</inputObjectQuerySequence>
        <linkedObjectSequence>0.0</linkedObjectSequence>
        <name>VPLGetAccountBillingHistory</name>
        <outputCreationSequence>1.0</outputCreationSequence>
        <outputFieldName>Statement:IsStatementAvailable</outputFieldName>
        <outputObjectName>json</outputObjectName>
        <requiredForUpsert>false</requiredForUpsert>
        <upsertKey>false</upsertKey>
    </omniDataTransformItem>
    <omniDataTransformItem>
        <disabled>false</disabled>
        <filterGroup>0.0</filterGroup>
        <globalKey>VPLGetAccountBillingHistory7472420685993533</globalKey>
        <inputFieldName>Statement:vlocity_cmt__CurrentBalance__c</inputFieldName>
        <inputObjectQuerySequence>0.0</inputObjectQuerySequence>
        <linkedObjectSequence>0.0</linkedObjectSequence>
        <name>VPLGetAccountBillingHistory</name>
        <outputCreationSequence>1.0</outputCreationSequence>
        <outputFieldFormat>String</outputFieldFormat>
        <outputFieldName>OneYearOldStatement:NewCharges</outputFieldName>
        <outputObjectName>json</outputObjectName>
        <requiredForUpsert>false</requiredForUpsert>
        <upsertKey>false</upsertKey>
    </omniDataTransformItem>
    <omniDataTransformItem>
        <disabled>false</disabled>
        <filterGroup>0.0</filterGroup>
        <globalKey>VPLGetAccountBillingHistory9123579981705237</globalKey>
        <inputFieldName>Statement:vlocity_cmt__PreviousBalance__c</inputFieldName>
        <inputObjectQuerySequence>0.0</inputObjectQuerySequence>
        <linkedObjectSequence>0.0</linkedObjectSequence>
        <name>VPLGetAccountBillingHistory</name>
        <outputCreationSequence>1.0</outputCreationSequence>
        <outputFieldFormat>String</outputFieldFormat>
        <outputFieldName>OneYearOldStatement:OverDuePayment</outputFieldName>
        <outputObjectName>json</outputObjectName>
        <requiredForUpsert>false</requiredForUpsert>
        <upsertKey>false</upsertKey>
    </omniDataTransformItem>
    <omniDataTransformItem>
        <disabled>false</disabled>
        <filterGroup>0.0</filterGroup>
        <globalKey>VPLGetAccountBillingHistory7218483786133363</globalKey>
        <inputFieldName>LatestTwoStatement:Id</inputFieldName>
        <inputObjectQuerySequence>0.0</inputObjectQuerySequence>
        <linkedObjectSequence>0.0</linkedObjectSequence>
        <name>VPLGetAccountBillingHistory</name>
        <outputCreationSequence>1.0</outputCreationSequence>
        <outputFieldName>LatestTwoStatement:StatementId</outputFieldName>
        <outputObjectName>json</outputObjectName>
        <requiredForUpsert>false</requiredForUpsert>
        <upsertKey>false</upsertKey>
    </omniDataTransformItem>
    <omniDataTransformItem>
        <disabled>false</disabled>
        <filterGroup>0.0</filterGroup>
        <globalKey>VPLGetAccountBillingHistory8004496800203915</globalKey>
        <inputFieldName>Statement:Name</inputFieldName>
        <inputObjectQuerySequence>0.0</inputObjectQuerySequence>
        <linkedObjectSequence>0.0</linkedObjectSequence>
        <name>VPLGetAccountBillingHistory</name>
        <outputCreationSequence>1.0</outputCreationSequence>
        <outputFieldName>OneYearOldStatement:Name</outputFieldName>
        <outputObjectName>json</outputObjectName>
        <requiredForUpsert>false</requiredForUpsert>
        <upsertKey>false</upsertKey>
    </omniDataTransformItem>
    <omniDataTransformItem>
        <disabled>false</disabled>
        <filterGroup>0.0</filterGroup>
        <globalKey>VPLGetAccountBillingHistory3100824273651628</globalKey>
        <inputFieldName>LatestTwoStatement:vlocity_cmt__CurrentBalance__c</inputFieldName>
        <inputObjectQuerySequence>0.0</inputObjectQuerySequence>
        <linkedObjectSequence>0.0</linkedObjectSequence>
        <name>VPLGetAccountBillingHistory</name>
        <outputCreationSequence>1.0</outputCreationSequence>
        <outputFieldFormat>String</outputFieldFormat>
        <outputFieldName>LatestTwoStatement:NewCharges</outputFieldName>
        <outputObjectName>json</outputObjectName>
        <requiredForUpsert>false</requiredForUpsert>
        <upsertKey>false</upsertKey>
    </omniDataTransformItem>
    <omniDataTransformItem>
        <disabled>false</disabled>
        <filterGroup>0.0</filterGroup>
        <globalKey>VPLGetAccountBillingHistory8857818717708761</globalKey>
        <inputFieldName>LatestTwoStatement:vlocity_cmt__PreviousBalance__c</inputFieldName>
        <inputObjectQuerySequence>0.0</inputObjectQuerySequence>
        <linkedObjectSequence>0.0</linkedObjectSequence>
        <name>VPLGetAccountBillingHistory</name>
        <outputCreationSequence>1.0</outputCreationSequence>
        <outputFieldFormat>String</outputFieldFormat>
        <outputFieldName>LatestTwoStatement:OverDuePayement</outputFieldName>
        <outputObjectName>json</outputObjectName>
        <requiredForUpsert>false</requiredForUpsert>
        <upsertKey>false</upsertKey>
    </omniDataTransformItem>
    <outputType>JSON</outputType>
    <previewJsonData>{
  &quot;BillingHistoryAccountId&quot; : &quot;0014W000025F2mZQAS&quot;,
  &quot;StatementLastYear&quot; : &quot;2019&quot;,
  &quot;StatementMonth&quot; : &quot;9&quot;,
  &quot;filterStatementDate&quot; : &quot;05/06/2020&quot;
}</previewJsonData>
    <processSuperBulk>false</processSuperBulk>
    <responseCacheTtlMinutes>0.0</responseCacheTtlMinutes>
    <rollbackOnError>false</rollbackOnError>
    <sourceObject>json</sourceObject>
    <sourceObjectDefault>false</sourceObjectDefault>
    <synchronousProcessThreshold>-1.0</synchronousProcessThreshold>
    <type>Extract</type>
    <uniqueName>VPLGetAccountBillingHistory_1</uniqueName>
    <versionNumber>1.0</versionNumber>
    <xmlDeclarationRemoved>false</xmlDeclarationRemoved>
</OmniDataTransform>
