<?xml version="1.0" encoding="UTF-8"?>
<OmniDataTransform xmlns="http://soap.sforce.com/2006/04/metadata">
    <active>false</active>
    <assignmentRulesUsed>false</assignmentRulesUsed>
    <deletedOnSuccess>false</deletedOnSuccess>
    <description>This dataraptor will get all the quotes related to a opportunity</description>
    <errorIgnored>false</errorIgnored>
    <fieldLevelSecurityEnabled>false</fieldLevelSecurityEnabled>
    <inputType>JSON</inputType>
    <name>VPLGetOpportunityQuote</name>
    <nullInputsIncludedInOutput>false</nullInputsIncludedInOutput>
    <omniDataTransformItem>
        <disabled>false</disabled>
        <filterGroup>0.0</filterGroup>
        <globalKey>VPLGetOpportunityQuote8709328118904449</globalKey>
        <inputFieldName>QuoteList:vlocity_cmt__QuoteTotal__c</inputFieldName>
        <inputObjectQuerySequence>0.0</inputObjectQuerySequence>
        <linkedObjectSequence>0.0</linkedObjectSequence>
        <name>VPLGetOpportunityQuote</name>
        <outputCreationSequence>1.0</outputCreationSequence>
        <outputFieldFormat>Currency</outputFieldFormat>
        <outputFieldName>QuoteList:QuoteTotal</outputFieldName>
        <outputObjectName>json</outputObjectName>
        <requiredForUpsert>false</requiredForUpsert>
        <upsertKey>false</upsertKey>
    </omniDataTransformItem>
    <omniDataTransformItem>
        <disabled>false</disabled>
        <filterGroup>0.0</filterGroup>
        <globalKey>VPLGetOpportunityQuote8920849995656661</globalKey>
        <inputFieldName>months</inputFieldName>
        <inputObjectQuerySequence>0.0</inputObjectQuerySequence>
        <linkedObjectSequence>0.0</linkedObjectSequence>
        <name>VPLGetOpportunityQuote</name>
        <outputCreationSequence>1.0</outputCreationSequence>
        <outputFieldName>months</outputFieldName>
        <outputObjectName>json</outputObjectName>
        <requiredForUpsert>false</requiredForUpsert>
        <upsertKey>false</upsertKey>
    </omniDataTransformItem>
    <omniDataTransformItem>
        <disabled>false</disabled>
        <filterGroup>0.0</filterGroup>
        <globalKey>VPLGetOpportunityQuote3023071553838137</globalKey>
        <inputFieldName>QuoteList:vlocity_cmt__QuoteMarginTotal__c</inputFieldName>
        <inputObjectQuerySequence>0.0</inputObjectQuerySequence>
        <linkedObjectSequence>0.0</linkedObjectSequence>
        <name>VPLGetOpportunityQuote</name>
        <outputCreationSequence>1.0</outputCreationSequence>
        <outputFieldFormat>String</outputFieldFormat>
        <outputFieldName>QuoteList:QuoteMarginTotal</outputFieldName>
        <outputObjectName>json</outputObjectName>
        <requiredForUpsert>false</requiredForUpsert>
        <transformValuesMappings>{ }</transformValuesMappings>
        <upsertKey>false</upsertKey>
    </omniDataTransformItem>
    <omniDataTransformItem>
        <disabled>false</disabled>
        <filterGroup>0.0</filterGroup>
        <globalKey>VPLGetOpportunityQuote40472402613256553</globalKey>
        <inputFieldName>QuoteList:Name</inputFieldName>
        <inputObjectQuerySequence>0.0</inputObjectQuerySequence>
        <linkedObjectSequence>0.0</linkedObjectSequence>
        <name>VPLGetOpportunityQuote</name>
        <outputCreationSequence>1.0</outputCreationSequence>
        <outputFieldName>QuoteList:QuoteName</outputFieldName>
        <outputObjectName>json</outputObjectName>
        <requiredForUpsert>false</requiredForUpsert>
        <upsertKey>false</upsertKey>
    </omniDataTransformItem>
    <omniDataTransformItem>
        <disabled>false</disabled>
        <filterGroup>0.0</filterGroup>
        <globalKey>VPLGetOpportunityQuote4192708650294503</globalKey>
        <inputFieldName>QuoteList:vlocity_cmt__NumberOfContractedMonths__c</inputFieldName>
        <inputObjectQuerySequence>0.0</inputObjectQuerySequence>
        <linkedObjectSequence>0.0</linkedObjectSequence>
        <name>VPLGetOpportunityQuote</name>
        <outputCreationSequence>1.0</outputCreationSequence>
        <outputFieldFormat>String</outputFieldFormat>
        <outputFieldName>QuoteList:ContractedMonths</outputFieldName>
        <outputObjectName>json</outputObjectName>
        <requiredForUpsert>false</requiredForUpsert>
        <transformValuesMappings>{ }</transformValuesMappings>
        <upsertKey>false</upsertKey>
    </omniDataTransformItem>
    <omniDataTransformItem>
        <disabled>false</disabled>
        <filterGroup>0.0</filterGroup>
        <globalKey>VPLGetOpportunityQuote12080947475528259</globalKey>
        <inputFieldName>QuoteList:Id</inputFieldName>
        <inputObjectQuerySequence>0.0</inputObjectQuerySequence>
        <linkedObjectSequence>0.0</linkedObjectSequence>
        <name>VPLGetOpportunityQuote</name>
        <outputCreationSequence>1.0</outputCreationSequence>
        <outputFieldName>QuoteList:QuoteId</outputFieldName>
        <outputObjectName>json</outputObjectName>
        <requiredForUpsert>false</requiredForUpsert>
        <upsertKey>false</upsertKey>
    </omniDataTransformItem>
    <omniDataTransformItem>
        <disabled>false</disabled>
        <filterGroup>0.0</filterGroup>
        <filterOperator>LIMIT</filterOperator>
        <filterValue>50</filterValue>
        <globalKey>VPLGetOpportunityQuote6400380442387068</globalKey>
        <inputObjectName>Quote</inputObjectName>
        <inputObjectQuerySequence>1.0</inputObjectQuerySequence>
        <linkedObjectSequence>0.0</linkedObjectSequence>
        <name>VPLGetOpportunityQuote</name>
        <outputCreationSequence>0.0</outputCreationSequence>
        <outputFieldName>QuoteList</outputFieldName>
        <outputObjectName>json</outputObjectName>
        <requiredForUpsert>false</requiredForUpsert>
        <upsertKey>false</upsertKey>
    </omniDataTransformItem>
    <omniDataTransformItem>
        <disabled>false</disabled>
        <filterGroup>0.0</filterGroup>
        <globalKey>VPLGetOpportunityQuote14928181272904695</globalKey>
        <inputObjectQuerySequence>0.0</inputObjectQuerySequence>
        <linkedObjectSequence>0.0</linkedObjectSequence>
        <name>VPLGetOpportunityQuote</name>
        <outputCreationSequence>1.0</outputCreationSequence>
        <outputFieldFormat>List&lt;Map&gt;</outputFieldFormat>
        <outputFieldName>QuoteList</outputFieldName>
        <outputObjectName>json</outputObjectName>
        <requiredForUpsert>false</requiredForUpsert>
        <upsertKey>false</upsertKey>
    </omniDataTransformItem>
    <omniDataTransformItem>
        <disabled>false</disabled>
        <filterGroup>0.0</filterGroup>
        <filterOperator>=</filterOperator>
        <filterValue>OpportunityIds</filterValue>
        <globalKey>VPLGetOpportunityQuote11781381841853333</globalKey>
        <inputFieldName>OpportunityId</inputFieldName>
        <inputObjectName>Quote</inputObjectName>
        <inputObjectQuerySequence>1.0</inputObjectQuerySequence>
        <linkedObjectSequence>0.0</linkedObjectSequence>
        <name>VPLGetOpportunityQuote</name>
        <outputCreationSequence>0.0</outputCreationSequence>
        <outputFieldName>QuoteList</outputFieldName>
        <outputObjectName>json</outputObjectName>
        <requiredForUpsert>false</requiredForUpsert>
        <upsertKey>false</upsertKey>
    </omniDataTransformItem>
    <outputType>JSON</outputType>
    <previewJsonData>{
  &quot;OpportunityIds&quot; : &quot;0015i00000jXPF2AAO&quot;
}</previewJsonData>
    <processSuperBulk>false</processSuperBulk>
    <responseCacheTtlMinutes>0.0</responseCacheTtlMinutes>
    <rollbackOnError>false</rollbackOnError>
    <sourceObject>json</sourceObject>
    <sourceObjectDefault>false</sourceObjectDefault>
    <synchronousProcessThreshold>-1.0</synchronousProcessThreshold>
    <type>Extract</type>
    <uniqueName>VPLGetOpportunityQuote_1</uniqueName>
    <versionNumber>1.0</versionNumber>
    <xmlDeclarationRemoved>false</xmlDeclarationRemoved>
</OmniDataTransform>
