<?xml version="1.0" encoding="UTF-8"?>
<OmniDataTransform xmlns="http://soap.sforce.com/2006/04/metadata">
    <active>false</active>
    <assignmentRulesUsed>false</assignmentRulesUsed>
    <deletedOnSuccess>false</deletedOnSuccess>
    <description>DataRaptor to fetch the ProductInterest from Account</description>
    <errorIgnored>false</errorIgnored>
    <fieldLevelSecurityEnabled>false</fieldLevelSecurityEnabled>
    <inputType>JSON</inputType>
    <name>VPLGetProfileInterest</name>
    <nullInputsIncludedInOutput>false</nullInputsIncludedInOutput>
    <omniDataTransformItem>
        <disabled>false</disabled>
        <filterGroup>0.0</filterGroup>
        <filterOperator>=</filterOperator>
        <filterValue>&apos;PRODUCT_INTERESTS&apos;</filterValue>
        <globalKey>VPL-GetProfileInterestCustoma1V3h000000mAP6EAMItem1</globalKey>
        <inputFieldName>vlocity_cmt__CategoryCode__c</inputFieldName>
        <inputObjectName>vlocity_cmt__AttributeAssignment__c</inputObjectName>
        <inputObjectQuerySequence>2.0</inputObjectQuerySequence>
        <linkedObjectSequence>0.0</linkedObjectSequence>
        <name>VPL-GetProfileInterest</name>
        <outputCreationSequence>0.0</outputCreationSequence>
        <outputFieldName>AttrAssignment</outputFieldName>
        <outputObjectName>json</outputObjectName>
        <requiredForUpsert>false</requiredForUpsert>
        <upsertKey>false</upsertKey>
    </omniDataTransformItem>
    <omniDataTransformItem>
        <disabled>false</disabled>
        <filterGroup>0.0</filterGroup>
        <filterOperator>=</filterOperator>
        <filterValue>&apos;true&apos;</filterValue>
        <globalKey>VPL-GetProfileInterestCustoma1V3h000000mAP6EAMItem2</globalKey>
        <inputFieldName>vlocity_cmt__IsActive__c</inputFieldName>
        <inputObjectName>vlocity_cmt__AttributeAssignment__c</inputObjectName>
        <inputObjectQuerySequence>2.0</inputObjectQuerySequence>
        <linkedObjectSequence>0.0</linkedObjectSequence>
        <name>VPL-GetProfileInterest</name>
        <outputCreationSequence>0.0</outputCreationSequence>
        <outputFieldName>AttrAssignment</outputFieldName>
        <outputObjectName>json</outputObjectName>
        <requiredForUpsert>false</requiredForUpsert>
        <upsertKey>false</upsertKey>
    </omniDataTransformItem>
    <omniDataTransformItem>
        <disabled>false</disabled>
        <filterGroup>0.0</filterGroup>
        <globalKey>VPL-GetProfileInterestCustoma1V3h000000mAP6EAMItem7</globalKey>
        <inputFieldName>AttrAssignment:vlocity_cmt__Value__c</inputFieldName>
        <inputObjectQuerySequence>0.0</inputObjectQuerySequence>
        <linkedObjectSequence>0.0</linkedObjectSequence>
        <name>VPL-GetProfileInterest</name>
        <outputCreationSequence>1.0</outputCreationSequence>
        <outputFieldName>ProfileInterest:AttributeValue</outputFieldName>
        <outputObjectName>json</outputObjectName>
        <requiredForUpsert>false</requiredForUpsert>
        <upsertKey>false</upsertKey>
    </omniDataTransformItem>
    <omniDataTransformItem>
        <disabled>false</disabled>
        <filterGroup>0.0</filterGroup>
        <globalKey>VPL-GetProfileInterestCustoma1V3h000000mAP6EAMItem6</globalKey>
        <inputFieldName>AttrAssignment:vlocity_cmt__CategoryCode__c</inputFieldName>
        <inputObjectQuerySequence>0.0</inputObjectQuerySequence>
        <linkedObjectSequence>0.0</linkedObjectSequence>
        <name>VPL-GetProfileInterest</name>
        <outputCreationSequence>1.0</outputCreationSequence>
        <outputFieldName>ProfileInterest:Category</outputFieldName>
        <outputObjectName>json</outputObjectName>
        <requiredForUpsert>false</requiredForUpsert>
        <upsertKey>false</upsertKey>
    </omniDataTransformItem>
    <omniDataTransformItem>
        <disabled>false</disabled>
        <filterGroup>0.0</filterGroup>
        <globalKey>VPL-GetProfileInterestCustoma1V3h000000mAP6EAMItem5</globalKey>
        <inputFieldName>AttrAssignment:Id</inputFieldName>
        <inputObjectQuerySequence>0.0</inputObjectQuerySequence>
        <linkedObjectSequence>0.0</linkedObjectSequence>
        <name>VPL-GetProfileInterest</name>
        <outputCreationSequence>1.0</outputCreationSequence>
        <outputFieldName>ProfileInterest:AttrAssignId</outputFieldName>
        <outputObjectName>json</outputObjectName>
        <requiredForUpsert>false</requiredForUpsert>
        <upsertKey>false</upsertKey>
    </omniDataTransformItem>
    <omniDataTransformItem>
        <disabled>false</disabled>
        <filterGroup>0.0</filterGroup>
        <globalKey>VPL-GetProfileInterestCustom5715</globalKey>
        <inputFieldName>AttrAssignment:vlocity_cmt__AttributeId__c</inputFieldName>
        <inputObjectQuerySequence>0.0</inputObjectQuerySequence>
        <linkedObjectSequence>0.0</linkedObjectSequence>
        <name>VPL-GetProfileInterest</name>
        <outputCreationSequence>1.0</outputCreationSequence>
        <outputFieldName>ProfileInterest:AttrId</outputFieldName>
        <outputObjectName>json</outputObjectName>
        <requiredForUpsert>false</requiredForUpsert>
        <upsertKey>false</upsertKey>
    </omniDataTransformItem>
    <omniDataTransformItem>
        <disabled>false</disabled>
        <filterGroup>0.0</filterGroup>
        <filterOperator>=</filterOperator>
        <filterValue>&apos;false&apos;</filterValue>
        <globalKey>VPL-GetProfileInterestCustoma1V3h000000mAP6EAMItem4</globalKey>
        <inputFieldName>vlocity_cmt__RemovedFlag__c</inputFieldName>
        <inputObjectName>vlocity_cmt__AttributeAssignment__c</inputObjectName>
        <inputObjectQuerySequence>2.0</inputObjectQuerySequence>
        <linkedObjectSequence>0.0</linkedObjectSequence>
        <name>VPL-GetProfileInterest</name>
        <outputCreationSequence>0.0</outputCreationSequence>
        <outputFieldName>AttrAssignment</outputFieldName>
        <outputObjectName>json</outputObjectName>
        <requiredForUpsert>false</requiredForUpsert>
        <upsertKey>false</upsertKey>
    </omniDataTransformItem>
    <omniDataTransformItem>
        <disabled>false</disabled>
        <filterGroup>0.0</filterGroup>
        <globalKey>VPL-GetProfileInterestCustom2756</globalKey>
        <inputObjectQuerySequence>0.0</inputObjectQuerySequence>
        <linkedObjectSequence>0.0</linkedObjectSequence>
        <name>VPL-GetProfileInterest</name>
        <outputCreationSequence>1.0</outputCreationSequence>
        <outputFieldFormat>List&lt;Map&gt;</outputFieldFormat>
        <outputFieldName>ProfileInterest</outputFieldName>
        <outputObjectName>json</outputObjectName>
        <requiredForUpsert>false</requiredForUpsert>
        <upsertKey>false</upsertKey>
    </omniDataTransformItem>
    <omniDataTransformItem>
        <disabled>false</disabled>
        <filterGroup>0.0</filterGroup>
        <filterOperator>=</filterOperator>
        <filterValue>Account:Id</filterValue>
        <globalKey>VPL-GetProfileInterestCustoma1V3h000000mAP6EAMItem3</globalKey>
        <inputFieldName>vlocity_cmt__ObjectId__c</inputFieldName>
        <inputObjectName>vlocity_cmt__AttributeAssignment__c</inputObjectName>
        <inputObjectQuerySequence>2.0</inputObjectQuerySequence>
        <linkedObjectSequence>0.0</linkedObjectSequence>
        <name>VPL-GetProfileInterest</name>
        <outputCreationSequence>0.0</outputCreationSequence>
        <outputFieldName>AttrAssignment</outputFieldName>
        <outputObjectName>json</outputObjectName>
        <requiredForUpsert>false</requiredForUpsert>
        <upsertKey>false</upsertKey>
    </omniDataTransformItem>
    <omniDataTransformItem>
        <disabled>false</disabled>
        <filterGroup>0.0</filterGroup>
        <globalKey>VPL-GetProfileInterestCustom9640</globalKey>
        <inputFieldName>AttrAssignment:vlocity_cmt__AttributeCategoryId__c</inputFieldName>
        <inputObjectQuerySequence>0.0</inputObjectQuerySequence>
        <linkedObjectSequence>0.0</linkedObjectSequence>
        <name>VPL-GetProfileInterest</name>
        <outputCreationSequence>1.0</outputCreationSequence>
        <outputFieldName>ProfileInterest:CategoryId</outputFieldName>
        <outputObjectName>json</outputObjectName>
        <requiredForUpsert>false</requiredForUpsert>
        <upsertKey>false</upsertKey>
    </omniDataTransformItem>
    <omniDataTransformItem>
        <disabled>false</disabled>
        <filterGroup>0.0</filterGroup>
        <globalKey>VPL-GetProfileInterestCustom6450</globalKey>
        <inputFieldName>AttrAssignment:vlocity_cmt__ObjectId__c</inputFieldName>
        <inputObjectQuerySequence>0.0</inputObjectQuerySequence>
        <linkedObjectSequence>0.0</linkedObjectSequence>
        <name>VPL-GetProfileInterest</name>
        <outputCreationSequence>1.0</outputCreationSequence>
        <outputFieldName>ProfileInterest:ObjectId</outputFieldName>
        <outputObjectName>json</outputObjectName>
        <requiredForUpsert>false</requiredForUpsert>
        <upsertKey>false</upsertKey>
    </omniDataTransformItem>
    <omniDataTransformItem>
        <disabled>false</disabled>
        <filterGroup>0.0</filterGroup>
        <filterOperator>=</filterOperator>
        <filterValue>AccountId</filterValue>
        <globalKey>VPL-GetProfileInterestCustoma1V3h000000mAP6EAMItem0</globalKey>
        <inputFieldName>Id</inputFieldName>
        <inputObjectName>Account</inputObjectName>
        <inputObjectQuerySequence>1.0</inputObjectQuerySequence>
        <linkedObjectSequence>0.0</linkedObjectSequence>
        <name>VPL-GetProfileInterest</name>
        <outputCreationSequence>0.0</outputCreationSequence>
        <outputFieldName>Account</outputFieldName>
        <outputObjectName>json</outputObjectName>
        <requiredForUpsert>false</requiredForUpsert>
        <upsertKey>false</upsertKey>
    </omniDataTransformItem>
    <outputType>JSON</outputType>
    <previewJsonData>{
  &quot;AccountId&quot; : &quot;0013h00000Bue2WAAR&quot;
}</previewJsonData>
    <processSuperBulk>false</processSuperBulk>
    <responseCacheTtlMinutes>0.0</responseCacheTtlMinutes>
    <rollbackOnError>false</rollbackOnError>
    <sourceObject>json</sourceObject>
    <sourceObjectDefault>false</sourceObjectDefault>
    <synchronousProcessThreshold>-1.0</synchronousProcessThreshold>
    <type>Extract</type>
    <uniqueName>VPLGetProfileInterest_1</uniqueName>
    <versionNumber>1.0</versionNumber>
    <xmlDeclarationRemoved>false</xmlDeclarationRemoved>
</OmniDataTransform>
