<?xml version="1.0" encoding="UTF-8"?>
<OmniDataTransform xmlns="http://soap.sforce.com/2006/04/metadata">
    <active>false</active>
    <assignmentRulesUsed>false</assignmentRulesUsed>
    <deletedOnSuccess>false</deletedOnSuccess>
    <description>The DR to get Profile Attribute category for the Account</description>
    <errorIgnored>false</errorIgnored>
    <fieldLevelSecurityEnabled>false</fieldLevelSecurityEnabled>
    <inputType>JSON</inputType>
    <name>VPLGetAccountAttributeCategory</name>
    <nullInputsIncludedInOutput>false</nullInputsIncludedInOutput>
    <omniDataTransformItem>
        <disabled>false</disabled>
        <filterGroup>0.0</filterGroup>
        <globalKey>VPL-GetAccountAttributeCategoryCustom6654</globalKey>
        <inputFieldName>AttrCategory:Id</inputFieldName>
        <inputObjectQuerySequence>0.0</inputObjectQuerySequence>
        <linkedObjectSequence>0.0</linkedObjectSequence>
        <name>VPL-GetAccountAttributeCategory</name>
        <outputCreationSequence>1.0</outputCreationSequence>
        <outputFieldName>AttrCategory:CategoryId</outputFieldName>
        <outputObjectName>json</outputObjectName>
        <requiredForUpsert>false</requiredForUpsert>
        <upsertKey>false</upsertKey>
    </omniDataTransformItem>
    <omniDataTransformItem>
        <disabled>false</disabled>
        <filterGroup>0.0</filterGroup>
        <globalKey>VPL-GetAccountAttributeCategoryCustom4637</globalKey>
        <inputFieldName>outage</inputFieldName>
        <inputObjectQuerySequence>0.0</inputObjectQuerySequence>
        <linkedObjectSequence>0.0</linkedObjectSequence>
        <name>VPL-GetAccountAttributeCategory</name>
        <outputCreationSequence>1.0</outputCreationSequence>
        <outputFieldName>outage</outputFieldName>
        <outputObjectName>json</outputObjectName>
        <requiredForUpsert>false</requiredForUpsert>
        <upsertKey>false</upsertKey>
    </omniDataTransformItem>
    <omniDataTransformItem>
        <disabled>false</disabled>
        <filterGroup>0.0</filterGroup>
        <filterOperator>=</filterOperator>
        <filterValue>&apos;true&apos;</filterValue>
        <globalKey>VPL-GetAccountAttributeCategoryCustom151</globalKey>
        <inputFieldName>vlocity_cmt__IsActive__c</inputFieldName>
        <inputObjectName>vlocity_cmt__AttributeCategory__c</inputObjectName>
        <inputObjectQuerySequence>1.0</inputObjectQuerySequence>
        <linkedObjectSequence>0.0</linkedObjectSequence>
        <name>VPL-GetAccountAttributeCategory</name>
        <outputCreationSequence>0.0</outputCreationSequence>
        <outputFieldName>AttrCategory</outputFieldName>
        <outputObjectName>json</outputObjectName>
        <requiredForUpsert>false</requiredForUpsert>
        <upsertKey>false</upsertKey>
    </omniDataTransformItem>
    <omniDataTransformItem>
        <disabled>false</disabled>
        <filterGroup>0.0</filterGroup>
        <globalKey>VPL-GetAccountAttributeCategoryCustom7051</globalKey>
        <inputFieldName>AttrCategory:vlocity_cmt__Code__c</inputFieldName>
        <inputObjectQuerySequence>0.0</inputObjectQuerySequence>
        <linkedObjectSequence>0.0</linkedObjectSequence>
        <name>VPL-GetAccountAttributeCategory</name>
        <outputCreationSequence>1.0</outputCreationSequence>
        <outputFieldName>AttrCategory:CategoryCode</outputFieldName>
        <outputObjectName>json</outputObjectName>
        <requiredForUpsert>false</requiredForUpsert>
        <upsertKey>false</upsertKey>
    </omniDataTransformItem>
    <omniDataTransformItem>
        <disabled>false</disabled>
        <filterGroup>0.0</filterGroup>
        <filterOperator>=</filterOperator>
        <filterValue>&apos;Profile Attribute&apos;</filterValue>
        <globalKey>VPL-GetAccountAttributeCategoryCustom4478</globalKey>
        <inputFieldName>vlocity_cmt__ApplicableSubType__c</inputFieldName>
        <inputObjectName>vlocity_cmt__AttributeCategory__c</inputObjectName>
        <inputObjectQuerySequence>1.0</inputObjectQuerySequence>
        <linkedObjectSequence>0.0</linkedObjectSequence>
        <name>VPL-GetAccountAttributeCategory</name>
        <outputCreationSequence>0.0</outputCreationSequence>
        <outputFieldName>AttrCategory</outputFieldName>
        <outputObjectName>json</outputObjectName>
        <requiredForUpsert>false</requiredForUpsert>
        <upsertKey>false</upsertKey>
    </omniDataTransformItem>
    <omniDataTransformItem>
        <disabled>false</disabled>
        <filterGroup>0.0</filterGroup>
        <filterOperator>=</filterOperator>
        <filterValue>&apos;Account&apos;</filterValue>
        <globalKey>VPL-GetAccountAttributeCategoryCustom5333</globalKey>
        <inputFieldName>vlocity_cmt__ApplicableTypes__c</inputFieldName>
        <inputObjectName>vlocity_cmt__AttributeCategory__c</inputObjectName>
        <inputObjectQuerySequence>1.0</inputObjectQuerySequence>
        <linkedObjectSequence>0.0</linkedObjectSequence>
        <name>VPL-GetAccountAttributeCategory</name>
        <outputCreationSequence>0.0</outputCreationSequence>
        <outputFieldName>AttrCategory</outputFieldName>
        <outputObjectName>json</outputObjectName>
        <requiredForUpsert>false</requiredForUpsert>
        <upsertKey>false</upsertKey>
    </omniDataTransformItem>
    <outputType>JSON</outputType>
    <previewJsonData>{ }</previewJsonData>
    <processSuperBulk>false</processSuperBulk>
    <responseCacheTtlMinutes>0.0</responseCacheTtlMinutes>
    <rollbackOnError>false</rollbackOnError>
    <sourceObject>json</sourceObject>
    <sourceObjectDefault>false</sourceObjectDefault>
    <synchronousProcessThreshold>-1.0</synchronousProcessThreshold>
    <type>Extract</type>
    <uniqueName>VPLGetAccountAttributeCategory_1</uniqueName>
    <versionNumber>1.0</versionNumber>
    <xmlDeclarationRemoved>false</xmlDeclarationRemoved>
</OmniDataTransform>
