<?xml version="1.0" encoding="UTF-8"?>
<OmniDataTransform xmlns="http://soap.sforce.com/2006/04/metadata">
    <active>false</active>
    <assignmentRulesUsed>false</assignmentRulesUsed>
    <deletedOnSuccess>false</deletedOnSuccess>
    <description>This Dataraptor extracts Billing Account Details</description>
    <errorIgnored>false</errorIgnored>
    <fieldLevelSecurityEnabled>false</fieldLevelSecurityEnabled>
    <inputType>JSON</inputType>
    <name>VPLGetBillingAccount</name>
    <nullInputsIncludedInOutput>true</nullInputsIncludedInOutput>
    <omniDataTransformItem>
        <disabled>false</disabled>
        <filterGroup>0.0</filterGroup>
        <globalKey>VPL-GetBillingAccountCustom5335</globalKey>
        <inputFieldName>BillingAccount:vlocity_cmt__TaxExemptionType__c</inputFieldName>
        <inputObjectQuerySequence>0.0</inputObjectQuerySequence>
        <linkedObjectSequence>0.0</linkedObjectSequence>
        <name>VPL-GetBillingAccount</name>
        <outputCreationSequence>1.0</outputCreationSequence>
        <outputFieldName>TaxDetails:TaxExcemptionType</outputFieldName>
        <outputObjectName>json</outputObjectName>
        <requiredForUpsert>false</requiredForUpsert>
        <upsertKey>false</upsertKey>
    </omniDataTransformItem>
    <omniDataTransformItem>
        <disabled>false</disabled>
        <filterGroup>0.0</filterGroup>
        <globalKey>VPL-GetBillingAccountCustom4791</globalKey>
        <inputFieldName>BillingAccount:vlocity_cmt__TaxID__c</inputFieldName>
        <inputObjectQuerySequence>0.0</inputObjectQuerySequence>
        <linkedObjectSequence>0.0</linkedObjectSequence>
        <name>VPL-GetBillingAccount</name>
        <outputCreationSequence>1.0</outputCreationSequence>
        <outputFieldName>TaxDetails:TaxId</outputFieldName>
        <outputObjectName>json</outputObjectName>
        <requiredForUpsert>false</requiredForUpsert>
        <upsertKey>false</upsertKey>
    </omniDataTransformItem>
    <omniDataTransformItem>
        <disabled>false</disabled>
        <filterGroup>0.0</filterGroup>
        <globalKey>VPL-GetBillingAccountCustom7474</globalKey>
        <inputFieldName>BillingAccount:vlocity_cmt__TaxExemptionPercentage__c</inputFieldName>
        <inputObjectQuerySequence>0.0</inputObjectQuerySequence>
        <linkedObjectSequence>0.0</linkedObjectSequence>
        <name>VPL-GetBillingAccount</name>
        <outputCreationSequence>1.0</outputCreationSequence>
        <outputFieldName>TaxDetails:TaxExcemptionPercentage</outputFieldName>
        <outputObjectName>json</outputObjectName>
        <requiredForUpsert>false</requiredForUpsert>
        <upsertKey>false</upsertKey>
    </omniDataTransformItem>
    <omniDataTransformItem>
        <disabled>false</disabled>
        <filterGroup>0.0</filterGroup>
        <globalKey>VPL-GetBillingAccountCustom7382</globalKey>
        <inputFieldName>BillingAccount:vlocity_cmt__TaxExemptionStartDate__c</inputFieldName>
        <inputObjectQuerySequence>0.0</inputObjectQuerySequence>
        <linkedObjectSequence>0.0</linkedObjectSequence>
        <name>VPL-GetBillingAccount</name>
        <outputCreationSequence>1.0</outputCreationSequence>
        <outputFieldFormat>Date(MM/dd/yyyy)</outputFieldFormat>
        <outputFieldName>TaxDetails:TaxExcemptionStartDate</outputFieldName>
        <outputObjectName>json</outputObjectName>
        <requiredForUpsert>false</requiredForUpsert>
        <upsertKey>false</upsertKey>
    </omniDataTransformItem>
    <omniDataTransformItem>
        <disabled>false</disabled>
        <filterGroup>0.0</filterGroup>
        <globalKey>VPL-GetBillingAccount4723997272050302</globalKey>
        <inputFieldName>BillingAccount:vlocity_cmt__BillingEmailAddress__c</inputFieldName>
        <inputObjectQuerySequence>0.0</inputObjectQuerySequence>
        <linkedObjectSequence>0.0</linkedObjectSequence>
        <name>VPL-GetBillingAccount</name>
        <outputCreationSequence>1.0</outputCreationSequence>
        <outputFieldName>BillingAccountProfile:BillingEmailAddress</outputFieldName>
        <outputObjectName>json</outputObjectName>
        <requiredForUpsert>false</requiredForUpsert>
        <upsertKey>false</upsertKey>
    </omniDataTransformItem>
    <omniDataTransformItem>
        <disabled>false</disabled>
        <filterGroup>0.0</filterGroup>
        <globalKey>VPL-GetBillingAccountCustom5034</globalKey>
        <inputFieldName>BillingAccount:vlocity_cmt__TaxExemptionEndDate__c</inputFieldName>
        <inputObjectQuerySequence>0.0</inputObjectQuerySequence>
        <linkedObjectSequence>0.0</linkedObjectSequence>
        <name>VPL-GetBillingAccount</name>
        <outputCreationSequence>1.0</outputCreationSequence>
        <outputFieldFormat>Date(MM/dd/yyyy)</outputFieldFormat>
        <outputFieldName>TaxDetails:TaxExcemptionEndDate</outputFieldName>
        <outputObjectName>json</outputObjectName>
        <requiredForUpsert>false</requiredForUpsert>
        <upsertKey>false</upsertKey>
    </omniDataTransformItem>
    <omniDataTransformItem>
        <disabled>false</disabled>
        <filterGroup>0.0</filterGroup>
        <globalKey>VPL-GetBillingAccount5652892189023939</globalKey>
        <inputFieldName>BillingAccount:BillingState</inputFieldName>
        <inputObjectQuerySequence>0.0</inputObjectQuerySequence>
        <linkedObjectSequence>0.0</linkedObjectSequence>
        <name>VPL-GetBillingAccount</name>
        <outputCreationSequence>1.0</outputCreationSequence>
        <outputFieldName>BillingAccountProfile:BillingAddressState</outputFieldName>
        <outputObjectName>json</outputObjectName>
        <requiredForUpsert>false</requiredForUpsert>
        <upsertKey>false</upsertKey>
    </omniDataTransformItem>
    <omniDataTransformItem>
        <disabled>false</disabled>
        <filterGroup>0.0</filterGroup>
        <globalKey>VPL-GetBillingAccount2571816812183412</globalKey>
        <inputFieldName>BillingAccount:BillingStreet</inputFieldName>
        <inputObjectQuerySequence>0.0</inputObjectQuerySequence>
        <linkedObjectSequence>0.0</linkedObjectSequence>
        <name>VPL-GetBillingAccount</name>
        <outputCreationSequence>1.0</outputCreationSequence>
        <outputFieldName>BillingAccountProfile:BillingAddressStreet</outputFieldName>
        <outputObjectName>json</outputObjectName>
        <requiredForUpsert>false</requiredForUpsert>
        <upsertKey>false</upsertKey>
    </omniDataTransformItem>
    <omniDataTransformItem>
        <disabled>false</disabled>
        <filterGroup>0.0</filterGroup>
        <globalKey>VPL-GetBillingAccountCustom5539</globalKey>
        <inputFieldName>BillingAccount:vlocity_cmt__TaxID__c</inputFieldName>
        <inputObjectQuerySequence>0.0</inputObjectQuerySequence>
        <linkedObjectSequence>0.0</linkedObjectSequence>
        <name>VPL-GetBillingAccount</name>
        <outputCreationSequence>1.0</outputCreationSequence>
        <outputFieldName>TaxDetails:TaxId</outputFieldName>
        <outputObjectName>json</outputObjectName>
        <requiredForUpsert>false</requiredForUpsert>
        <upsertKey>false</upsertKey>
    </omniDataTransformItem>
    <omniDataTransformItem>
        <disabled>false</disabled>
        <filterGroup>0.0</filterGroup>
        <globalKey>VPL-GetBillingAccount25867006777764656</globalKey>
        <inputFieldName>BillingAccount:Name</inputFieldName>
        <inputObjectQuerySequence>0.0</inputObjectQuerySequence>
        <linkedObjectSequence>0.0</linkedObjectSequence>
        <name>VPL-GetBillingAccount</name>
        <outputCreationSequence>1.0</outputCreationSequence>
        <outputFieldName>BillingAccountProfile:AccountName</outputFieldName>
        <outputObjectName>json</outputObjectName>
        <requiredForUpsert>false</requiredForUpsert>
        <upsertKey>false</upsertKey>
    </omniDataTransformItem>
    <omniDataTransformItem>
        <disabled>false</disabled>
        <filterGroup>0.0</filterGroup>
        <globalKey>VPL-GetBillingAccount40396055438378786</globalKey>
        <inputFieldName>BillingAccount:AccountNumber</inputFieldName>
        <inputObjectQuerySequence>0.0</inputObjectQuerySequence>
        <linkedObjectSequence>0.0</linkedObjectSequence>
        <name>VPL-GetBillingAccount</name>
        <outputCreationSequence>1.0</outputCreationSequence>
        <outputFieldName>BillingAccountProfile:AccountNumber</outputFieldName>
        <outputObjectName>json</outputObjectName>
        <requiredForUpsert>false</requiredForUpsert>
        <upsertKey>false</upsertKey>
    </omniDataTransformItem>
    <omniDataTransformItem>
        <disabled>false</disabled>
        <filterGroup>0.0</filterGroup>
        <filterOperator>LIMIT</filterOperator>
        <filterValue>1</filterValue>
        <globalKey>VPL-GetBillingAccount18820528198174324</globalKey>
        <inputObjectName>Account</inputObjectName>
        <inputObjectQuerySequence>1.0</inputObjectQuerySequence>
        <linkedObjectSequence>0.0</linkedObjectSequence>
        <name>VPL-GetBillingAccount</name>
        <outputCreationSequence>0.0</outputCreationSequence>
        <outputFieldName>BillingAccount</outputFieldName>
        <outputObjectName>json</outputObjectName>
        <requiredForUpsert>false</requiredForUpsert>
        <upsertKey>false</upsertKey>
    </omniDataTransformItem>
    <omniDataTransformItem>
        <disabled>false</disabled>
        <filterGroup>0.0</filterGroup>
        <globalKey>VPL-GetBillingAccount809223904407697</globalKey>
        <inputFieldName>BillingAccount:Id</inputFieldName>
        <inputObjectQuerySequence>0.0</inputObjectQuerySequence>
        <linkedObjectSequence>0.0</linkedObjectSequence>
        <name>VPL-GetBillingAccount</name>
        <outputCreationSequence>1.0</outputCreationSequence>
        <outputFieldName>BillingAccountProfile:AccountId</outputFieldName>
        <outputObjectName>json</outputObjectName>
        <requiredForUpsert>false</requiredForUpsert>
        <upsertKey>false</upsertKey>
    </omniDataTransformItem>
    <omniDataTransformItem>
        <disabled>false</disabled>
        <filterGroup>0.0</filterGroup>
        <filterOperator>=</filterOperator>
        <filterValue>AccountId</filterValue>
        <globalKey>VPL-GetBillingAccount9208722159925689</globalKey>
        <inputFieldName>Id</inputFieldName>
        <inputObjectName>Account</inputObjectName>
        <inputObjectQuerySequence>1.0</inputObjectQuerySequence>
        <linkedObjectSequence>0.0</linkedObjectSequence>
        <name>VPL-GetBillingAccount</name>
        <outputCreationSequence>0.0</outputCreationSequence>
        <outputFieldName>BillingAccount</outputFieldName>
        <outputObjectName>json</outputObjectName>
        <requiredForUpsert>false</requiredForUpsert>
        <upsertKey>false</upsertKey>
    </omniDataTransformItem>
    <omniDataTransformItem>
        <disabled>false</disabled>
        <filterGroup>0.0</filterGroup>
        <globalKey>VPL-GetBillingAccount6517063647829415</globalKey>
        <inputFieldName>BillingAccount:BillingCountry</inputFieldName>
        <inputObjectQuerySequence>0.0</inputObjectQuerySequence>
        <linkedObjectSequence>0.0</linkedObjectSequence>
        <name>VPL-GetBillingAccount</name>
        <outputCreationSequence>1.0</outputCreationSequence>
        <outputFieldName>BillingAccountProfile:BillingAddressCountry</outputFieldName>
        <outputObjectName>json</outputObjectName>
        <requiredForUpsert>false</requiredForUpsert>
        <upsertKey>false</upsertKey>
    </omniDataTransformItem>
    <omniDataTransformItem>
        <disabled>false</disabled>
        <filterGroup>0.0</filterGroup>
        <globalKey>VPL-GetBillingAccount6234608596888074</globalKey>
        <inputFieldName>BillingAccount:BillingPostalCode</inputFieldName>
        <inputObjectQuerySequence>0.0</inputObjectQuerySequence>
        <linkedObjectSequence>0.0</linkedObjectSequence>
        <name>VPL-GetBillingAccount</name>
        <outputCreationSequence>1.0</outputCreationSequence>
        <outputFieldName>BillingAccountProfile:BillingAddressPostalCode</outputFieldName>
        <outputObjectName>json</outputObjectName>
        <requiredForUpsert>false</requiredForUpsert>
        <upsertKey>false</upsertKey>
    </omniDataTransformItem>
    <omniDataTransformItem>
        <disabled>false</disabled>
        <filterGroup>0.0</filterGroup>
        <globalKey>VPL-GetBillingAccount7908320140288558</globalKey>
        <inputFieldName>BillingAccount:vlocity_cmt__BillNumberOfCopies__c</inputFieldName>
        <inputObjectQuerySequence>0.0</inputObjectQuerySequence>
        <linkedObjectSequence>0.0</linkedObjectSequence>
        <name>VPL-GetBillingAccount</name>
        <outputCreationSequence>1.0</outputCreationSequence>
        <outputFieldName>BillingAccountProfile:BillNumberCopies</outputFieldName>
        <outputObjectName>json</outputObjectName>
        <requiredForUpsert>false</requiredForUpsert>
        <upsertKey>false</upsertKey>
    </omniDataTransformItem>
    <omniDataTransformItem>
        <disabled>false</disabled>
        <filterGroup>0.0</filterGroup>
        <globalKey>VPL-GetBillingAccount9690664358263912</globalKey>
        <inputFieldName>BillingAccount:BillingCity</inputFieldName>
        <inputObjectQuerySequence>0.0</inputObjectQuerySequence>
        <linkedObjectSequence>0.0</linkedObjectSequence>
        <name>VPL-GetBillingAccount</name>
        <outputCreationSequence>1.0</outputCreationSequence>
        <outputFieldName>BillingAccountProfile:BillingAddressCity</outputFieldName>
        <outputObjectName>json</outputObjectName>
        <requiredForUpsert>false</requiredForUpsert>
        <upsertKey>false</upsertKey>
    </omniDataTransformItem>
    <omniDataTransformItem>
        <disabled>false</disabled>
        <filterGroup>0.0</filterGroup>
        <globalKey>VPL-GetBillingAccount11026922273598783</globalKey>
        <inputFieldName>BillingAccount:vlocity_cmt__BillFormat__c</inputFieldName>
        <inputObjectQuerySequence>0.0</inputObjectQuerySequence>
        <linkedObjectSequence>0.0</linkedObjectSequence>
        <name>VPL-GetBillingAccount</name>
        <outputCreationSequence>1.0</outputCreationSequence>
        <outputFieldName>BillingAccountProfile:BillFormat</outputFieldName>
        <outputObjectName>json</outputObjectName>
        <requiredForUpsert>false</requiredForUpsert>
        <upsertKey>false</upsertKey>
    </omniDataTransformItem>
    <omniDataTransformItem>
        <disabled>false</disabled>
        <filterGroup>0.0</filterGroup>
        <globalKey>VPL-GetBillingAccount6210519282064757</globalKey>
        <inputFieldName>BillingAccount:vlocity_cmt__BillFrequency__c</inputFieldName>
        <inputObjectQuerySequence>0.0</inputObjectQuerySequence>
        <linkedObjectSequence>0.0</linkedObjectSequence>
        <name>VPL-GetBillingAccount</name>
        <outputCreationSequence>1.0</outputCreationSequence>
        <outputFieldName>BillingAccountProfile:BillFrequency</outputFieldName>
        <outputObjectName>json</outputObjectName>
        <requiredForUpsert>false</requiredForUpsert>
        <upsertKey>false</upsertKey>
    </omniDataTransformItem>
    <omniDataTransformItem>
        <disabled>false</disabled>
        <filterGroup>0.0</filterGroup>
        <globalKey>VPL-GetBillingAccount7168917903939143</globalKey>
        <inputFieldName>BillingAccount:vlocity_cmt__BillCycle__c</inputFieldName>
        <inputObjectQuerySequence>0.0</inputObjectQuerySequence>
        <linkedObjectSequence>0.0</linkedObjectSequence>
        <name>VPL-GetBillingAccount</name>
        <outputCreationSequence>1.0</outputCreationSequence>
        <outputFieldName>BillingAccountProfile:BillCycle</outputFieldName>
        <outputObjectName>json</outputObjectName>
        <requiredForUpsert>false</requiredForUpsert>
        <upsertKey>false</upsertKey>
    </omniDataTransformItem>
    <omniDataTransformItem>
        <disabled>false</disabled>
        <filterGroup>0.0</filterGroup>
        <globalKey>VPL-GetBillingAccount0971741182463437</globalKey>
        <inputFieldName>BillingAccount:vlocity_cmt__BillDeliveryMethod__c</inputFieldName>
        <inputObjectQuerySequence>0.0</inputObjectQuerySequence>
        <linkedObjectSequence>0.0</linkedObjectSequence>
        <name>VPL-GetBillingAccount</name>
        <outputCreationSequence>1.0</outputCreationSequence>
        <outputFieldName>BillingAccountProfile:BillDeliveryMethod</outputFieldName>
        <outputObjectName>json</outputObjectName>
        <requiredForUpsert>false</requiredForUpsert>
        <upsertKey>false</upsertKey>
    </omniDataTransformItem>
    <outputType>JSON</outputType>
    <previewJsonData>{
  &quot;Id&quot; : &quot;0013h00000C1iacAAB&quot;
}</previewJsonData>
    <processSuperBulk>false</processSuperBulk>
    <responseCacheTtlMinutes>0.0</responseCacheTtlMinutes>
    <rollbackOnError>false</rollbackOnError>
    <sourceObject>json</sourceObject>
    <sourceObjectDefault>false</sourceObjectDefault>
    <synchronousProcessThreshold>-1.0</synchronousProcessThreshold>
    <type>Extract</type>
    <uniqueName>VPLGetBillingAccount_1</uniqueName>
    <versionNumber>1.0</versionNumber>
    <xmlDeclarationRemoved>false</xmlDeclarationRemoved>
</OmniDataTransform>
