<?xml version="1.0" encoding="UTF-8"?>
<OmniDataTransform xmlns="http://soap.sforce.com/2006/04/metadata">
    <active>false</active>
    <assignmentRulesUsed>false</assignmentRulesUsed>
    <deletedOnSuccess>false</deletedOnSuccess>
    <description>Gets info for premise details card.</description>
    <errorIgnored>false</errorIgnored>
    <expectedOutputJson>{
  &quot;City&quot; : &quot;Text&quot;,
  &quot;Id&quot; : &quot;Text&quot;,
  &quot;Owner Account Id&quot; : &quot;Text&quot;,
  &quot;PostalCode&quot; : &quot;Text&quot;,
  &quot;PremiseType&quot; : &quot;Text&quot;,
  &quot;PremisesId&quot; : &quot;Text&quot;,
  &quot;ServicePointName&quot; : &quot;Text&quot;,
  &quot;State&quot; : &quot;Text&quot;,
  &quot;Status&quot; : &quot;Text&quot;,
  &quot;StreetAddress&quot; : &quot;Text&quot;,
  &quot;service_address&quot; : &quot;Text&quot;
}</expectedOutputJson>
    <fieldLevelSecurityEnabled>false</fieldLevelSecurityEnabled>
    <inputType>JSON</inputType>
    <name>VPLGetAccountOverviewPremiseDetails</name>
    <nullInputsIncludedInOutput>false</nullInputsIncludedInOutput>
    <omniDataTransformItem>
        <disabled>false</disabled>
        <filterGroup>0.0</filterGroup>
        <formulaConverted>| &quot;SELECT/\/\/COUNT()/\/\/FROM/\/\/vlocity_cmt__ServicePoint__c/\/\/WHERE/\/\/vlocity_cmt__PremisesId__c/\/\/=/\/\/&apos;{0}&apos;/\/\/AND/\/\/vlocity_cmt__Status__c!=&apos;Connected&apos;&quot; var:Premises:Id COUNTQUERY</formulaConverted>
        <formulaExpression>COUNTQUERY ( &quot;SELECT COUNT() FROM vlocity_cmt__ServicePoint__c WHERE vlocity_cmt__PremisesId__c = &apos;{0}&apos; AND vlocity_cmt__Status__c!=&apos;Connected&apos;&quot;,Premises:Id)</formulaExpression>
        <formulaResultPath>ServicePointDisconnectedCount</formulaResultPath>
        <formulaSequence>3.0</formulaSequence>
        <globalKey>VPL-GetAccountOverviewPremiseDetailsCustoma1V3h000001le9uEAAItem1</globalKey>
        <inputObjectQuerySequence>0.0</inputObjectQuerySequence>
        <linkedObjectSequence>0.0</linkedObjectSequence>
        <name>VPL-GetAccountOverviewPremiseDetails</name>
        <outputCreationSequence>0.0</outputCreationSequence>
        <outputFieldName>Formula</outputFieldName>
        <outputObjectName>Formula</outputObjectName>
        <requiredForUpsert>false</requiredForUpsert>
        <upsertKey>false</upsertKey>
    </omniDataTransformItem>
    <omniDataTransformItem>
        <disabled>false</disabled>
        <filterGroup>0.0</filterGroup>
        <formulaConverted>| &quot;SELECT/\/\/COUNT()/\/\/FROM/\/\/vlocity_cmt__ServicePoint__c/\/\/WHERE/\/\/vlocity_cmt__PremisesId__c/\/\/=/\/\/&apos;{0}&apos;&quot; var:Premises:Id COUNTQUERY</formulaConverted>
        <formulaExpression>COUNTQUERY ( &quot;SELECT COUNT() FROM vlocity_cmt__ServicePoint__c WHERE vlocity_cmt__PremisesId__c = &apos;{0}&apos;&quot;,Premises:Id)</formulaExpression>
        <formulaResultPath>ServicePointCount</formulaResultPath>
        <formulaSequence>2.0</formulaSequence>
        <globalKey>VPL-GetAccountOverviewPremiseDetailsCustoma1V3h000001le9uEAAItem2</globalKey>
        <inputObjectQuerySequence>0.0</inputObjectQuerySequence>
        <linkedObjectSequence>0.0</linkedObjectSequence>
        <name>VPL-GetAccountOverviewPremiseDetails</name>
        <outputCreationSequence>0.0</outputCreationSequence>
        <outputFieldName>Formula</outputFieldName>
        <outputObjectName>Formula</outputObjectName>
        <requiredForUpsert>false</requiredForUpsert>
        <upsertKey>false</upsertKey>
    </omniDataTransformItem>
    <omniDataTransformItem>
        <disabled>false</disabled>
        <filterGroup>0.0</filterGroup>
        <filterOperator>LIMIT</filterOperator>
        <filterValue>50</filterValue>
        <globalKey>VPL-GetAccountOverviewPremiseDetailsCustom5181</globalKey>
        <inputObjectName>vlocity_cmt__ServicePoint__c</inputObjectName>
        <inputObjectQuerySequence>4.0</inputObjectQuerySequence>
        <linkedObjectSequence>0.0</linkedObjectSequence>
        <name>VPL-GetAccountOverviewPremiseDetails</name>
        <outputCreationSequence>0.0</outputCreationSequence>
        <outputFieldName>ServicePoint</outputFieldName>
        <outputObjectName>json</outputObjectName>
        <requiredForUpsert>false</requiredForUpsert>
        <upsertKey>false</upsertKey>
    </omniDataTransformItem>
    <omniDataTransformItem>
        <disabled>false</disabled>
        <filterGroup>0.0</filterGroup>
        <globalKey>VPL-GetAccountOverviewPremiseDetailsCustoma1V3h000001le9uEAAItem18</globalKey>
        <inputFieldName>ServicePoint:vlocity_cmt__Status__c</inputFieldName>
        <inputObjectQuerySequence>0.0</inputObjectQuerySequence>
        <linkedObjectSequence>0.0</linkedObjectSequence>
        <name>VPL-GetAccountOverviewPremiseDetails</name>
        <outputCreationSequence>1.0</outputCreationSequence>
        <outputFieldName>ServicePointStatus</outputFieldName>
        <outputObjectName>json</outputObjectName>
        <requiredForUpsert>false</requiredForUpsert>
        <upsertKey>false</upsertKey>
    </omniDataTransformItem>
    <omniDataTransformItem>
        <disabled>false</disabled>
        <filterGroup>0.0</filterGroup>
        <formulaConverted>| var:Premises:vlocity_cmt__StreetAddress__c &quot;/\/\/,/\/\/&quot; var:Premises:vlocity_cmt__City__c &quot;/\/\/,/\/\/&quot; var:Premises:vlocity_cmt__State__c &quot;/\/\/,/\/\/&quot; var:Premises:vlocity_cmt__PostalCode__c CONCAT</formulaConverted>
        <formulaExpression>CONCAT(Premises:vlocity_cmt__StreetAddress__c, &quot; , &quot; Premises:vlocity_cmt__City__c, &quot; , &quot; Premises:vlocity_cmt__State__c, &quot; , &quot; Premises:vlocity_cmt__PostalCode__c)</formulaExpression>
        <formulaResultPath>service_address</formulaResultPath>
        <formulaSequence>1.0</formulaSequence>
        <globalKey>VPL-GetAccountOverviewPremiseDetailsCustoma1V3h000001le9uEAAItem0</globalKey>
        <inputObjectQuerySequence>0.0</inputObjectQuerySequence>
        <linkedObjectSequence>0.0</linkedObjectSequence>
        <name>VPL-GetAccountOverviewPremiseDetails</name>
        <outputCreationSequence>0.0</outputCreationSequence>
        <outputFieldName>Formula</outputFieldName>
        <outputObjectName>Formula</outputObjectName>
        <requiredForUpsert>false</requiredForUpsert>
        <upsertKey>false</upsertKey>
    </omniDataTransformItem>
    <omniDataTransformItem>
        <disabled>false</disabled>
        <filterGroup>0.0</filterGroup>
        <globalKey>VPL-GetAccountOverviewPremiseDetailsCustoma1V3h000001le9uEAAItem21</globalKey>
        <inputFieldName>service_address</inputFieldName>
        <inputObjectQuerySequence>0.0</inputObjectQuerySequence>
        <linkedObjectSequence>0.0</linkedObjectSequence>
        <name>VPL-GetAccountOverviewPremiseDetails</name>
        <outputCreationSequence>1.0</outputCreationSequence>
        <outputFieldName>service_address</outputFieldName>
        <outputObjectName>json</outputObjectName>
        <requiredForUpsert>false</requiredForUpsert>
        <upsertKey>false</upsertKey>
    </omniDataTransformItem>
    <omniDataTransformItem>
        <disabled>false</disabled>
        <filterGroup>0.0</filterGroup>
        <filterOperator>LIMIT</filterOperator>
        <filterValue>10</filterValue>
        <globalKey>VPL-GetAccountOverviewPremiseDetailsCustom5029</globalKey>
        <inputObjectName>vlocity_cmt__Premises__c</inputObjectName>
        <inputObjectQuerySequence>3.0</inputObjectQuerySequence>
        <linkedObjectSequence>0.0</linkedObjectSequence>
        <name>VPL-GetAccountOverviewPremiseDetails</name>
        <outputCreationSequence>0.0</outputCreationSequence>
        <outputFieldName>Premises</outputFieldName>
        <outputObjectName>json</outputObjectName>
        <requiredForUpsert>false</requiredForUpsert>
        <upsertKey>false</upsertKey>
    </omniDataTransformItem>
    <omniDataTransformItem>
        <disabled>false</disabled>
        <filterGroup>0.0</filterGroup>
        <globalKey>VPL-GetAccountOverviewPremiseDetailsCustoma1V3h000001le9uEAAItem20</globalKey>
        <inputFieldName>ServicePointDisconnectedCount</inputFieldName>
        <inputObjectQuerySequence>0.0</inputObjectQuerySequence>
        <linkedObjectSequence>0.0</linkedObjectSequence>
        <name>VPL-GetAccountOverviewPremiseDetails</name>
        <outputCreationSequence>1.0</outputCreationSequence>
        <outputFieldName>ServicePointDisconnectedCount</outputFieldName>
        <outputObjectName>json</outputObjectName>
        <requiredForUpsert>false</requiredForUpsert>
        <upsertKey>false</upsertKey>
    </omniDataTransformItem>
    <omniDataTransformItem>
        <disabled>false</disabled>
        <filterGroup>0.0</filterGroup>
        <filterOperator>=</filterOperator>
        <filterValue>Premises:Id</filterValue>
        <globalKey>VPL-GetAccountOverviewPremiseDetailsCustoma1V3h000001le9uEAAItem10</globalKey>
        <inputFieldName>vlocity_cmt__PremisesId__c</inputFieldName>
        <inputObjectName>vlocity_cmt__ServicePoint__c</inputObjectName>
        <inputObjectQuerySequence>4.0</inputObjectQuerySequence>
        <linkedObjectSequence>0.0</linkedObjectSequence>
        <name>VPL-GetAccountOverviewPremiseDetails</name>
        <outputCreationSequence>0.0</outputCreationSequence>
        <outputFieldName>ServicePoint</outputFieldName>
        <outputObjectName>json</outputObjectName>
        <requiredForUpsert>false</requiredForUpsert>
        <upsertKey>false</upsertKey>
    </omniDataTransformItem>
    <omniDataTransformItem>
        <disabled>true</disabled>
        <filterGroup>0.0</filterGroup>
        <globalKey>VPL-GetAccountOverviewPremiseDetailsCustoma1V3h000001le9uEAAItem17</globalKey>
        <inputFieldName>ServicePoint:Name</inputFieldName>
        <inputObjectQuerySequence>0.0</inputObjectQuerySequence>
        <linkedObjectSequence>0.0</linkedObjectSequence>
        <name>VPL-GetAccountOverviewPremiseDetails</name>
        <outputCreationSequence>1.0</outputCreationSequence>
        <outputFieldName>ServicePointName</outputFieldName>
        <outputObjectName>json</outputObjectName>
        <requiredForUpsert>false</requiredForUpsert>
        <upsertKey>false</upsertKey>
    </omniDataTransformItem>
    <omniDataTransformItem>
        <disabled>false</disabled>
        <filterGroup>0.0</filterGroup>
        <filterOperator>LIMIT</filterOperator>
        <filterValue>10</filterValue>
        <globalKey>VPL-GetAccountOverviewPremiseDetailsCustom2251</globalKey>
        <inputObjectName>Account</inputObjectName>
        <inputObjectQuerySequence>2.0</inputObjectQuerySequence>
        <linkedObjectSequence>0.0</linkedObjectSequence>
        <name>VPL-GetAccountOverviewPremiseDetails</name>
        <outputCreationSequence>0.0</outputCreationSequence>
        <outputFieldName>ChildAccount</outputFieldName>
        <outputObjectName>json</outputObjectName>
        <requiredForUpsert>false</requiredForUpsert>
        <upsertKey>false</upsertKey>
    </omniDataTransformItem>
    <omniDataTransformItem>
        <disabled>false</disabled>
        <filterGroup>0.0</filterGroup>
        <globalKey>VPL-GetAccountOverviewPremiseDetailsCustoma1V3h000001le9uEAAItem12</globalKey>
        <inputFieldName>ChildAccount:Id</inputFieldName>
        <inputObjectQuerySequence>0.0</inputObjectQuerySequence>
        <linkedObjectSequence>0.0</linkedObjectSequence>
        <name>VPL-GetAccountOverviewPremiseDetails</name>
        <outputCreationSequence>1.0</outputCreationSequence>
        <outputFieldName>ServiceAccountId</outputFieldName>
        <outputObjectName>json</outputObjectName>
        <requiredForUpsert>false</requiredForUpsert>
        <upsertKey>false</upsertKey>
    </omniDataTransformItem>
    <omniDataTransformItem>
        <disabled>false</disabled>
        <filterGroup>0.0</filterGroup>
        <filterOperator>=</filterOperator>
        <filterValue>ChildAccount:vlocity_cmt__PremisesId__c</filterValue>
        <globalKey>VPL-GetAccountOverviewPremiseDetailsCustoma1V3h000001le9uEAAItem6</globalKey>
        <inputFieldName>Id</inputFieldName>
        <inputObjectName>vlocity_cmt__Premises__c</inputObjectName>
        <inputObjectQuerySequence>3.0</inputObjectQuerySequence>
        <linkedObjectSequence>0.0</linkedObjectSequence>
        <name>VPL-GetAccountOverviewPremiseDetails</name>
        <outputCreationSequence>0.0</outputCreationSequence>
        <outputFieldName>Premises</outputFieldName>
        <outputObjectName>json</outputObjectName>
        <requiredForUpsert>false</requiredForUpsert>
        <upsertKey>false</upsertKey>
    </omniDataTransformItem>
    <omniDataTransformItem>
        <disabled>false</disabled>
        <filterGroup>0.0</filterGroup>
        <globalKey>VPL-GetAccountOverviewPremiseDetailsCustoma1V3h000001le9uEAAItem19</globalKey>
        <inputFieldName>ServicePointCount</inputFieldName>
        <inputObjectQuerySequence>0.0</inputObjectQuerySequence>
        <linkedObjectSequence>0.0</linkedObjectSequence>
        <name>VPL-GetAccountOverviewPremiseDetails</name>
        <outputCreationSequence>1.0</outputCreationSequence>
        <outputFieldName>ServicePointCount</outputFieldName>
        <outputObjectName>json</outputObjectName>
        <requiredForUpsert>false</requiredForUpsert>
        <upsertKey>false</upsertKey>
    </omniDataTransformItem>
    <omniDataTransformItem>
        <disabled>false</disabled>
        <filterGroup>0.0</filterGroup>
        <globalKey>VPL-GetAccountOverviewPremiseDetailsCustoma1V3h000001le9uEAAItem15</globalKey>
        <inputFieldName>Premises:OwnerAccountId__c</inputFieldName>
        <inputObjectQuerySequence>0.0</inputObjectQuerySequence>
        <linkedObjectSequence>0.0</linkedObjectSequence>
        <name>VPL-GetAccountOverviewPremiseDetails</name>
        <outputCreationSequence>1.0</outputCreationSequence>
        <outputFieldName>Owner Account Id</outputFieldName>
        <outputObjectName>json</outputObjectName>
        <requiredForUpsert>false</requiredForUpsert>
        <upsertKey>false</upsertKey>
    </omniDataTransformItem>
    <omniDataTransformItem>
        <disabled>false</disabled>
        <filterGroup>0.0</filterGroup>
        <globalKey>VPL-GetAccountOverviewPremiseDetailsCustoma1V3h000001le9uEAAItem16</globalKey>
        <inputFieldName>RecordTypeVal:Name</inputFieldName>
        <inputObjectQuerySequence>0.0</inputObjectQuerySequence>
        <linkedObjectSequence>0.0</linkedObjectSequence>
        <name>VPL-GetAccountOverviewPremiseDetails</name>
        <outputCreationSequence>1.0</outputCreationSequence>
        <outputFieldName>RecordTypeName</outputFieldName>
        <outputObjectName>json</outputObjectName>
        <requiredForUpsert>false</requiredForUpsert>
        <upsertKey>false</upsertKey>
    </omniDataTransformItem>
    <omniDataTransformItem>
        <disabled>false</disabled>
        <filterGroup>0.0</filterGroup>
        <globalKey>VPL-GetAccountOverviewPremiseDetailsCustoma1V3h000001le9uEAAItem13</globalKey>
        <inputFieldName>ChildAccount:Name</inputFieldName>
        <inputObjectQuerySequence>0.0</inputObjectQuerySequence>
        <linkedObjectSequence>0.0</linkedObjectSequence>
        <name>VPL-GetAccountOverviewPremiseDetails</name>
        <outputCreationSequence>1.0</outputCreationSequence>
        <outputFieldName>ChildAccountName</outputFieldName>
        <outputObjectName>json</outputObjectName>
        <requiredForUpsert>false</requiredForUpsert>
        <upsertKey>false</upsertKey>
    </omniDataTransformItem>
    <omniDataTransformItem>
        <disabled>false</disabled>
        <filterGroup>0.0</filterGroup>
        <globalKey>VPL-GetAccountOverviewPremiseDetailsCustoma1V3h000001le9uEAAItem11</globalKey>
        <inputFieldName>ChildAccount:AccountNumber</inputFieldName>
        <inputObjectQuerySequence>0.0</inputObjectQuerySequence>
        <linkedObjectSequence>0.0</linkedObjectSequence>
        <name>VPL-GetAccountOverviewPremiseDetails</name>
        <outputCreationSequence>1.0</outputCreationSequence>
        <outputFieldName>ChildAccountNumber</outputFieldName>
        <outputObjectName>json</outputObjectName>
        <requiredForUpsert>false</requiredForUpsert>
        <upsertKey>false</upsertKey>
    </omniDataTransformItem>
    <omniDataTransformItem>
        <disabled>false</disabled>
        <filterGroup>0.0</filterGroup>
        <filterOperator>=</filterOperator>
        <filterValue>Id</filterValue>
        <globalKey>VPL-GetAccountOverviewPremiseDetailsCustoma1V3h000001le9uEAAItem8</globalKey>
        <inputFieldName>ParentId</inputFieldName>
        <inputObjectName>Account</inputObjectName>
        <inputObjectQuerySequence>2.0</inputObjectQuerySequence>
        <linkedObjectSequence>0.0</linkedObjectSequence>
        <name>VPL-GetAccountOverviewPremiseDetails</name>
        <outputCreationSequence>0.0</outputCreationSequence>
        <outputFieldName>ChildAccount</outputFieldName>
        <outputObjectName>json</outputObjectName>
        <requiredForUpsert>false</requiredForUpsert>
        <upsertKey>false</upsertKey>
    </omniDataTransformItem>
    <omniDataTransformItem>
        <disabled>false</disabled>
        <filterGroup>0.0</filterGroup>
        <filterOperator>=</filterOperator>
        <filterValue>RecordType:Id</filterValue>
        <globalKey>VPL-GetAccountOverviewPremiseDetailsCustoma1V3h000001le9uEAAItem9</globalKey>
        <inputFieldName>RecordTypeId</inputFieldName>
        <inputObjectName>Account</inputObjectName>
        <inputObjectQuerySequence>2.0</inputObjectQuerySequence>
        <linkedObjectSequence>0.0</linkedObjectSequence>
        <name>VPL-GetAccountOverviewPremiseDetails</name>
        <outputCreationSequence>0.0</outputCreationSequence>
        <outputFieldName>ChildAccount</outputFieldName>
        <outputObjectName>json</outputObjectName>
        <requiredForUpsert>false</requiredForUpsert>
        <upsertKey>false</upsertKey>
    </omniDataTransformItem>
    <omniDataTransformItem>
        <disabled>false</disabled>
        <filterGroup>0.0</filterGroup>
        <filterOperator>=</filterOperator>
        <filterValue>&apos;Account&apos;</filterValue>
        <globalKey>VPL-GetAccountOverviewPremiseDetailsCustom4466</globalKey>
        <inputFieldName>SobjectType</inputFieldName>
        <inputObjectName>RecordType</inputObjectName>
        <inputObjectQuerySequence>1.0</inputObjectQuerySequence>
        <linkedObjectSequence>0.0</linkedObjectSequence>
        <name>VPL-GetAccountOverviewPremiseDetails</name>
        <outputCreationSequence>0.0</outputCreationSequence>
        <outputFieldName>RecordType</outputFieldName>
        <outputObjectName>json</outputObjectName>
        <requiredForUpsert>false</requiredForUpsert>
        <upsertKey>false</upsertKey>
    </omniDataTransformItem>
    <omniDataTransformItem>
        <disabled>false</disabled>
        <filterGroup>0.0</filterGroup>
        <filterOperator>LIMIT</filterOperator>
        <filterValue>1</filterValue>
        <globalKey>VPL-GetAccountOverviewPremiseDetailsCustom7296</globalKey>
        <inputObjectName>RecordType</inputObjectName>
        <inputObjectQuerySequence>1.0</inputObjectQuerySequence>
        <linkedObjectSequence>0.0</linkedObjectSequence>
        <name>VPL-GetAccountOverviewPremiseDetails</name>
        <outputCreationSequence>0.0</outputCreationSequence>
        <outputFieldName>RecordType</outputFieldName>
        <outputObjectName>json</outputObjectName>
        <requiredForUpsert>false</requiredForUpsert>
        <upsertKey>false</upsertKey>
    </omniDataTransformItem>
    <omniDataTransformItem>
        <disabled>false</disabled>
        <filterGroup>0.0</filterGroup>
        <filterOperator>=</filterOperator>
        <filterValue>&apos;Service&apos;</filterValue>
        <globalKey>VPL-GetAccountOverviewPremiseDetailsCustoma1V3h000001le9uEAAItem7</globalKey>
        <inputFieldName>Name</inputFieldName>
        <inputObjectName>RecordType</inputObjectName>
        <inputObjectQuerySequence>1.0</inputObjectQuerySequence>
        <linkedObjectSequence>0.0</linkedObjectSequence>
        <name>VPL-GetAccountOverviewPremiseDetails</name>
        <outputCreationSequence>0.0</outputCreationSequence>
        <outputFieldName>RecordType</outputFieldName>
        <outputObjectName>json</outputObjectName>
        <requiredForUpsert>false</requiredForUpsert>
        <upsertKey>false</upsertKey>
    </omniDataTransformItem>
    <outputType>JSON</outputType>
    <previewJsonData>{
  &quot;AccId&quot; : &quot;0013h00000Bue2WAAR&quot;
}</previewJsonData>
    <processSuperBulk>false</processSuperBulk>
    <responseCacheTtlMinutes>0.0</responseCacheTtlMinutes>
    <rollbackOnError>false</rollbackOnError>
    <sourceObject>json</sourceObject>
    <sourceObjectDefault>false</sourceObjectDefault>
    <synchronousProcessThreshold>-1.0</synchronousProcessThreshold>
    <type>Extract</type>
    <uniqueName>VPLGetAccountOverviewPremiseDetails_1</uniqueName>
    <versionNumber>1.0</versionNumber>
    <xmlDeclarationRemoved>false</xmlDeclarationRemoved>
</OmniDataTransform>
