<?xml version="1.0" encoding="UTF-8"?>
<OmniDataTransform xmlns="http://soap.sforce.com/2006/04/metadata">
    <active>false</active>
    <assignmentRulesUsed>false</assignmentRulesUsed>
    <deletedOnSuccess>false</deletedOnSuccess>
    <description>Fetch Cases details</description>
    <errorIgnored>false</errorIgnored>
    <fieldLevelSecurityEnabled>false</fieldLevelSecurityEnabled>
    <inputType>JSON</inputType>
    <name>VPLGetCasesDetails</name>
    <nullInputsIncludedInOutput>false</nullInputsIncludedInOutput>
    <omniDataTransformItem>
        <disabled>false</disabled>
        <filterGroup>0.0</filterGroup>
        <filterOperator>=</filterOperator>
        <filterValue>CaseId</filterValue>
        <globalKey>VPL-GetCasesDetailsCustoma1V3h000000mIjaEAEItem9</globalKey>
        <inputFieldName>Id</inputFieldName>
        <inputObjectName>Case</inputObjectName>
        <inputObjectQuerySequence>3.0</inputObjectQuerySequence>
        <linkedObjectSequence>0.0</linkedObjectSequence>
        <name>VPL-GetCasesDetails</name>
        <outputCreationSequence>0.0</outputCreationSequence>
        <outputFieldName>SelectedCase</outputFieldName>
        <outputObjectName>json</outputObjectName>
        <requiredForUpsert>false</requiredForUpsert>
        <upsertKey>false</upsertKey>
    </omniDataTransformItem>
    <omniDataTransformItem>
        <disabled>false</disabled>
        <filterGroup>0.0</filterGroup>
        <filterOperator>LIMIT</filterOperator>
        <filterValue>1</filterValue>
        <globalKey>VPL-GetCasesDetailsCustoma1V3h000000mIjaEAEItem3</globalKey>
        <inputObjectName>Case</inputObjectName>
        <inputObjectQuerySequence>3.0</inputObjectQuerySequence>
        <linkedObjectSequence>0.0</linkedObjectSequence>
        <name>VPL-GetCasesDetails</name>
        <outputCreationSequence>0.0</outputCreationSequence>
        <outputFieldName>SelectedCase</outputFieldName>
        <outputObjectName>json</outputObjectName>
        <requiredForUpsert>false</requiredForUpsert>
        <upsertKey>false</upsertKey>
    </omniDataTransformItem>
    <omniDataTransformItem>
        <disabled>false</disabled>
        <filterGroup>0.0</filterGroup>
        <globalKey>VPL-GetCasesDetailsCustoma1V3h000000mIjaEAEItem45</globalKey>
        <inputFieldName>SelectedCase:Owner.Name</inputFieldName>
        <inputObjectQuerySequence>0.0</inputObjectQuerySequence>
        <linkedObjectSequence>0.0</linkedObjectSequence>
        <name>VPL-GetCasesDetails</name>
        <outputCreationSequence>1.0</outputCreationSequence>
        <outputFieldName>CaseDetails:CaseOwner</outputFieldName>
        <outputObjectName>json</outputObjectName>
        <requiredForUpsert>false</requiredForUpsert>
        <upsertKey>false</upsertKey>
    </omniDataTransformItem>
    <omniDataTransformItem>
        <disabled>false</disabled>
        <filterGroup>0.0</filterGroup>
        <globalKey>VPL-GetCasesDetailsCustoma1V3h000000mIjaEAEItem46</globalKey>
        <inputFieldName>SelectedCase:Priority</inputFieldName>
        <inputObjectQuerySequence>0.0</inputObjectQuerySequence>
        <linkedObjectSequence>0.0</linkedObjectSequence>
        <name>VPL-GetCasesDetails</name>
        <outputCreationSequence>1.0</outputCreationSequence>
        <outputFieldName>CaseDetails:CasePriority</outputFieldName>
        <outputObjectName>json</outputObjectName>
        <requiredForUpsert>false</requiredForUpsert>
        <upsertKey>false</upsertKey>
    </omniDataTransformItem>
    <omniDataTransformItem>
        <disabled>false</disabled>
        <filterGroup>0.0</filterGroup>
        <globalKey>VPL-GetCasesDetailsCustoma1V3h000000mIjaEAEItem44</globalKey>
        <inputFieldName>SelectedCase:Id</inputFieldName>
        <inputObjectQuerySequence>0.0</inputObjectQuerySequence>
        <linkedObjectSequence>0.0</linkedObjectSequence>
        <name>VPL-GetCasesDetails</name>
        <outputCreationSequence>1.0</outputCreationSequence>
        <outputFieldName>CaseDetails:CaseId</outputFieldName>
        <outputObjectName>json</outputObjectName>
        <requiredForUpsert>false</requiredForUpsert>
        <upsertKey>false</upsertKey>
    </omniDataTransformItem>
    <omniDataTransformItem>
        <disabled>false</disabled>
        <filterGroup>0.0</filterGroup>
        <globalKey>VPL-GetCasesDetailsCustoma1V3h000000mIjaEAEItem42</globalKey>
        <inputFieldName>SelectedCase:CaseNumber</inputFieldName>
        <inputObjectQuerySequence>0.0</inputObjectQuerySequence>
        <linkedObjectSequence>0.0</linkedObjectSequence>
        <name>VPL-GetCasesDetails</name>
        <outputCreationSequence>1.0</outputCreationSequence>
        <outputFieldName>CaseDetails:CaseNumber</outputFieldName>
        <outputObjectName>json</outputObjectName>
        <requiredForUpsert>false</requiredForUpsert>
        <upsertKey>false</upsertKey>
    </omniDataTransformItem>
    <omniDataTransformItem>
        <disabled>false</disabled>
        <filterGroup>0.0</filterGroup>
        <globalKey>VPL-GetCasesDetailsCustoma1V3h000000mIjaEAEItem33</globalKey>
        <inputFieldName>CaseCountClosed</inputFieldName>
        <inputObjectQuerySequence>0.0</inputObjectQuerySequence>
        <linkedObjectSequence>0.0</linkedObjectSequence>
        <name>VPL-GetCasesDetails</name>
        <outputCreationSequence>1.0</outputCreationSequence>
        <outputFieldName>CaseCountClosed</outputFieldName>
        <outputObjectName>json</outputObjectName>
        <requiredForUpsert>false</requiredForUpsert>
        <upsertKey>false</upsertKey>
    </omniDataTransformItem>
    <omniDataTransformItem>
        <disabled>false</disabled>
        <filterGroup>0.0</filterGroup>
        <globalKey>VPL-GetCasesDetailsCustoma1V3h000000mIjaEAEItem43</globalKey>
        <inputFieldName>SelectedCase:Comments</inputFieldName>
        <inputObjectQuerySequence>0.0</inputObjectQuerySequence>
        <linkedObjectSequence>0.0</linkedObjectSequence>
        <name>VPL-GetCasesDetails</name>
        <outputCreationSequence>1.0</outputCreationSequence>
        <outputFieldName>CaseDetails:CaseComments</outputFieldName>
        <outputObjectName>json</outputObjectName>
        <requiredForUpsert>false</requiredForUpsert>
        <upsertKey>false</upsertKey>
    </omniDataTransformItem>
    <omniDataTransformItem>
        <disabled>false</disabled>
        <filterGroup>0.0</filterGroup>
        <formulaConverted>| &quot;select/\/\/COUNT()/\/\/from/\/\/case/\/\/where/\/\/recordtype.name=&apos;Billing/\/\/Dispute&apos;/\/\/and/\/\/accountid=&apos;{0}&apos;&quot; var:AccountId COUNTQUERY</formulaConverted>
        <formulaExpression>COUNTQUERY ( &quot;select COUNT() from case where recordtype.name=&apos;Billing Dispute&apos; and accountid=&apos;{0}&apos;&quot;,%AccountId%)</formulaExpression>
        <formulaResultPath>TotalCaseCount</formulaResultPath>
        <formulaSequence>2.0</formulaSequence>
        <globalKey>VPL-GetCasesDetailsCustoma1V3h000000mIjaEAEItem1</globalKey>
        <inputObjectQuerySequence>0.0</inputObjectQuerySequence>
        <linkedObjectSequence>0.0</linkedObjectSequence>
        <name>VPL-GetCasesDetails</name>
        <outputCreationSequence>0.0</outputCreationSequence>
        <outputFieldName>Formula</outputFieldName>
        <outputObjectName>Formula</outputObjectName>
        <requiredForUpsert>false</requiredForUpsert>
        <upsertKey>false</upsertKey>
    </omniDataTransformItem>
    <omniDataTransformItem>
        <disabled>false</disabled>
        <filterGroup>0.0</filterGroup>
        <formulaConverted>| &quot;select/\/\/COUNT()/\/\/from/\/\/case/\/\/where/\/\/recordtype.name=&apos;Billing/\/\/Dispute&apos;/\/\/and/\/\/status=&apos;Closed&apos;/\/\/and/\/\/accountid=&apos;{0}&apos;&quot; var:AccountId COUNTQUERY</formulaConverted>
        <formulaExpression>COUNTQUERY ( &quot;select COUNT() from case where recordtype.name=&apos;Billing Dispute&apos; and status=&apos;Closed&apos; and accountid=&apos;{0}&apos;&quot;,%AccountId%)</formulaExpression>
        <formulaResultPath>CaseCountClosed</formulaResultPath>
        <formulaSequence>1.0</formulaSequence>
        <globalKey>VPL-GetCasesDetailsCustoma1V3h000000mIjaEAEItem2</globalKey>
        <inputObjectQuerySequence>0.0</inputObjectQuerySequence>
        <linkedObjectSequence>0.0</linkedObjectSequence>
        <name>VPL-GetCasesDetails</name>
        <outputCreationSequence>0.0</outputCreationSequence>
        <outputFieldName>Formula</outputFieldName>
        <outputObjectName>Formula</outputObjectName>
        <requiredForUpsert>false</requiredForUpsert>
        <upsertKey>false</upsertKey>
    </omniDataTransformItem>
    <omniDataTransformItem>
        <disabled>false</disabled>
        <filterGroup>0.0</filterGroup>
        <filterOperator>=</filterOperator>
        <filterValue>RecordTypeId:Id</filterValue>
        <globalKey>VPL-GetCasesDetailsCustoma1V3h000000mIjaEAEItem12</globalKey>
        <inputFieldName>RecordTypeId</inputFieldName>
        <inputObjectName>Case</inputObjectName>
        <inputObjectQuerySequence>2.0</inputObjectQuerySequence>
        <linkedObjectSequence>0.0</linkedObjectSequence>
        <name>VPL-GetCasesDetails</name>
        <outputCreationSequence>0.0</outputCreationSequence>
        <outputFieldName>CaseList</outputFieldName>
        <outputObjectName>json</outputObjectName>
        <requiredForUpsert>false</requiredForUpsert>
        <upsertKey>false</upsertKey>
    </omniDataTransformItem>
    <omniDataTransformItem>
        <disabled>false</disabled>
        <filterGroup>0.0</filterGroup>
        <filterOperator>&lt;&gt;</filterOperator>
        <filterValue>&apos;Closed&apos;</filterValue>
        <globalKey>VPL-GetCasesDetailsCustoma1V3h000000mIjaEAEItem13</globalKey>
        <inputFieldName>Status</inputFieldName>
        <inputObjectName>Case</inputObjectName>
        <inputObjectQuerySequence>2.0</inputObjectQuerySequence>
        <linkedObjectSequence>0.0</linkedObjectSequence>
        <name>VPL-GetCasesDetails</name>
        <outputCreationSequence>0.0</outputCreationSequence>
        <outputFieldName>CaseList</outputFieldName>
        <outputObjectName>json</outputObjectName>
        <requiredForUpsert>false</requiredForUpsert>
        <upsertKey>false</upsertKey>
    </omniDataTransformItem>
    <omniDataTransformItem>
        <disabled>false</disabled>
        <filterGroup>1.0</filterGroup>
        <filterOperator>=</filterOperator>
        <filterValue>&apos;Case&apos;</filterValue>
        <globalKey>VPL-GetCasesDetailsCustom4933</globalKey>
        <inputFieldName>SobjectType</inputFieldName>
        <inputObjectName>RecordType</inputObjectName>
        <inputObjectQuerySequence>1.0</inputObjectQuerySequence>
        <linkedObjectSequence>0.0</linkedObjectSequence>
        <name>VPL-GetCasesDetails</name>
        <outputCreationSequence>0.0</outputCreationSequence>
        <outputFieldName>RecordTypeId</outputFieldName>
        <outputObjectName>json</outputObjectName>
        <requiredForUpsert>false</requiredForUpsert>
        <upsertKey>false</upsertKey>
    </omniDataTransformItem>
    <omniDataTransformItem>
        <disabled>false</disabled>
        <filterGroup>0.0</filterGroup>
        <filterOperator>=</filterOperator>
        <filterValue>AccountId</filterValue>
        <globalKey>VPL-GetCasesDetailsCustoma1V3h000000mIjaEAEItem6</globalKey>
        <inputFieldName>AccountId</inputFieldName>
        <inputObjectName>Case</inputObjectName>
        <inputObjectQuerySequence>2.0</inputObjectQuerySequence>
        <linkedObjectSequence>0.0</linkedObjectSequence>
        <name>VPL-GetCasesDetails</name>
        <outputCreationSequence>0.0</outputCreationSequence>
        <outputFieldName>CaseList</outputFieldName>
        <outputObjectName>json</outputObjectName>
        <requiredForUpsert>false</requiredForUpsert>
        <upsertKey>false</upsertKey>
    </omniDataTransformItem>
    <omniDataTransformItem>
        <disabled>false</disabled>
        <filterGroup>0.0</filterGroup>
        <filterOperator>LIMIT</filterOperator>
        <filterValue>2</filterValue>
        <globalKey>VPL-GetCasesDetailsCustoma1V3h000000mIjaEAEItem4</globalKey>
        <inputObjectName>RecordType</inputObjectName>
        <inputObjectQuerySequence>1.0</inputObjectQuerySequence>
        <linkedObjectSequence>0.0</linkedObjectSequence>
        <name>VPL-GetCasesDetails</name>
        <outputCreationSequence>0.0</outputCreationSequence>
        <outputFieldName>RecordTypeId</outputFieldName>
        <outputObjectName>json</outputObjectName>
        <requiredForUpsert>false</requiredForUpsert>
        <upsertKey>false</upsertKey>
    </omniDataTransformItem>
    <omniDataTransformItem>
        <disabled>false</disabled>
        <filterGroup>1.0</filterGroup>
        <filterOperator>=</filterOperator>
        <filterValue>&apos;Energy Complaint&apos;</filterValue>
        <globalKey>VPL-GetCasesDetailsCustoma1V3h000000mIjaEAEItem11</globalKey>
        <inputFieldName>Name</inputFieldName>
        <inputObjectName>RecordType</inputObjectName>
        <inputObjectQuerySequence>1.0</inputObjectQuerySequence>
        <linkedObjectSequence>0.0</linkedObjectSequence>
        <name>VPL-GetCasesDetails</name>
        <outputCreationSequence>0.0</outputCreationSequence>
        <outputFieldName>RecordTypeId</outputFieldName>
        <outputObjectName>json</outputObjectName>
        <requiredForUpsert>false</requiredForUpsert>
        <upsertKey>false</upsertKey>
    </omniDataTransformItem>
    <omniDataTransformItem>
        <disabled>false</disabled>
        <filterGroup>0.0</filterGroup>
        <filterOperator>=</filterOperator>
        <filterValue>&apos;Billing Dispute&apos;</filterValue>
        <globalKey>VPL-GetCasesDetailsCustoma1V3h000000mIjaEAEItem10</globalKey>
        <inputFieldName>Name</inputFieldName>
        <inputObjectName>RecordType</inputObjectName>
        <inputObjectQuerySequence>1.0</inputObjectQuerySequence>
        <linkedObjectSequence>0.0</linkedObjectSequence>
        <name>VPL-GetCasesDetails</name>
        <outputCreationSequence>0.0</outputCreationSequence>
        <outputFieldName>RecordTypeId</outputFieldName>
        <outputObjectName>json</outputObjectName>
        <requiredForUpsert>false</requiredForUpsert>
        <upsertKey>false</upsertKey>
    </omniDataTransformItem>
    <omniDataTransformItem>
        <disabled>false</disabled>
        <filterGroup>0.0</filterGroup>
        <globalKey>VPL-GetCasesDetailsCustoma1V3h000000mIjaEAEItem54</globalKey>
        <inputFieldName>TotalCaseCount</inputFieldName>
        <inputObjectQuerySequence>0.0</inputObjectQuerySequence>
        <linkedObjectSequence>0.0</linkedObjectSequence>
        <name>VPL-GetCasesDetails</name>
        <outputCreationSequence>1.0</outputCreationSequence>
        <outputFieldName>TotalCaseCount</outputFieldName>
        <outputObjectName>json</outputObjectName>
        <requiredForUpsert>false</requiredForUpsert>
        <upsertKey>false</upsertKey>
    </omniDataTransformItem>
    <omniDataTransformItem>
        <disabled>false</disabled>
        <filterGroup>0.0</filterGroup>
        <globalKey>VPL-GetCasesDetailsCustoma1V3h000000mIjaEAEItem14</globalKey>
        <inputObjectQuerySequence>0.0</inputObjectQuerySequence>
        <linkedObjectSequence>0.0</linkedObjectSequence>
        <name>VPL-GetCasesDetails</name>
        <outputCreationSequence>1.0</outputCreationSequence>
        <outputFieldFormat>List&lt;Map&gt;</outputFieldFormat>
        <outputFieldName>RecordList</outputFieldName>
        <outputObjectName>json</outputObjectName>
        <requiredForUpsert>false</requiredForUpsert>
        <upsertKey>false</upsertKey>
    </omniDataTransformItem>
    <omniDataTransformItem>
        <disabled>false</disabled>
        <filterGroup>0.0</filterGroup>
        <globalKey>VPL-GetCasesDetailsCustoma1V3h000000mIjaEAEItem36</globalKey>
        <inputFieldName>CaseList:Id</inputFieldName>
        <inputObjectQuerySequence>0.0</inputObjectQuerySequence>
        <linkedObjectSequence>0.0</linkedObjectSequence>
        <name>VPL-GetCasesDetails</name>
        <outputCreationSequence>1.0</outputCreationSequence>
        <outputFieldName>RecordList:CaseId</outputFieldName>
        <outputObjectName>json</outputObjectName>
        <requiredForUpsert>false</requiredForUpsert>
        <upsertKey>false</upsertKey>
    </omniDataTransformItem>
    <omniDataTransformItem>
        <disabled>false</disabled>
        <filterGroup>0.0</filterGroup>
        <globalKey>VPL-GetCasesDetailsCustoma1V3h000000mIjaEAEItem47</globalKey>
        <inputFieldName>SelectedCase:RecordType.Name</inputFieldName>
        <inputObjectQuerySequence>0.0</inputObjectQuerySequence>
        <linkedObjectSequence>0.0</linkedObjectSequence>
        <name>VPL-GetCasesDetails</name>
        <outputCreationSequence>1.0</outputCreationSequence>
        <outputFieldName>CaseDetails:RecordTypeName</outputFieldName>
        <outputObjectName>json</outputObjectName>
        <requiredForUpsert>false</requiredForUpsert>
        <upsertKey>false</upsertKey>
    </omniDataTransformItem>
    <omniDataTransformItem>
        <disabled>false</disabled>
        <filterGroup>0.0</filterGroup>
        <globalKey>VPL-GetCasesDetailsCustoma1V3h000000mIjaEAEItem53</globalKey>
        <inputFieldName>SelectedCase:vlocity_cmt__StatementId__r.vlocity_cmt__ExternalID__c</inputFieldName>
        <inputObjectQuerySequence>0.0</inputObjectQuerySequence>
        <linkedObjectSequence>0.0</linkedObjectSequence>
        <name>VPL-GetCasesDetails</name>
        <outputCreationSequence>1.0</outputCreationSequence>
        <outputFieldName>CaseDetails:StatmentExternalId</outputFieldName>
        <outputObjectName>json</outputObjectName>
        <requiredForUpsert>false</requiredForUpsert>
        <upsertKey>false</upsertKey>
    </omniDataTransformItem>
    <omniDataTransformItem>
        <disabled>false</disabled>
        <filterGroup>0.0</filterGroup>
        <globalKey>VPL-GetCasesDetailsCustoma1V3h000000mIjaEAEItem49</globalKey>
        <inputFieldName>SelectedCase:Status</inputFieldName>
        <inputObjectQuerySequence>0.0</inputObjectQuerySequence>
        <linkedObjectSequence>0.0</linkedObjectSequence>
        <name>VPL-GetCasesDetails</name>
        <outputCreationSequence>1.0</outputCreationSequence>
        <outputFieldName>CaseDetails:CaseStatusEnergyComplaint</outputFieldName>
        <outputObjectName>json</outputObjectName>
        <requiredForUpsert>false</requiredForUpsert>
        <upsertKey>false</upsertKey>
    </omniDataTransformItem>
    <omniDataTransformItem>
        <disabled>false</disabled>
        <filterGroup>0.0</filterGroup>
        <globalKey>VPL-GetCasesDetailsCustoma1V3h000000mIjaEAEItem50</globalKey>
        <inputFieldName>SelectedCase:Type</inputFieldName>
        <inputObjectQuerySequence>0.0</inputObjectQuerySequence>
        <linkedObjectSequence>0.0</linkedObjectSequence>
        <name>VPL-GetCasesDetails</name>
        <outputCreationSequence>1.0</outputCreationSequence>
        <outputFieldName>CaseDetails:CaseType</outputFieldName>
        <outputObjectName>json</outputObjectName>
        <requiredForUpsert>false</requiredForUpsert>
        <upsertKey>false</upsertKey>
    </omniDataTransformItem>
    <omniDataTransformItem>
        <disabled>false</disabled>
        <filterGroup>0.0</filterGroup>
        <globalKey>VPL-GetCasesDetailsCustoma1V3h000000mIjaEAEItem52</globalKey>
        <inputFieldName>SelectedCase:vlocity_cmt__StatementId__r.Name</inputFieldName>
        <inputObjectQuerySequence>0.0</inputObjectQuerySequence>
        <linkedObjectSequence>0.0</linkedObjectSequence>
        <name>VPL-GetCasesDetails</name>
        <outputCreationSequence>1.0</outputCreationSequence>
        <outputFieldName>CaseDetails:CaseStatement</outputFieldName>
        <outputObjectName>json</outputObjectName>
        <requiredForUpsert>false</requiredForUpsert>
        <upsertKey>false</upsertKey>
    </omniDataTransformItem>
    <omniDataTransformItem>
        <disabled>false</disabled>
        <filterGroup>0.0</filterGroup>
        <globalKey>VPL-GetCasesDetailsCustoma1V3h000000mIjaEAEItem48</globalKey>
        <inputFieldName>SelectedCase:Status</inputFieldName>
        <inputObjectQuerySequence>0.0</inputObjectQuerySequence>
        <linkedObjectSequence>0.0</linkedObjectSequence>
        <name>VPL-GetCasesDetails</name>
        <outputCreationSequence>1.0</outputCreationSequence>
        <outputFieldName>CaseDetails:CaseStatusBillingDispute</outputFieldName>
        <outputObjectName>json</outputObjectName>
        <requiredForUpsert>false</requiredForUpsert>
        <upsertKey>false</upsertKey>
    </omniDataTransformItem>
    <omniDataTransformItem>
        <disabled>false</disabled>
        <filterGroup>0.0</filterGroup>
        <globalKey>VPL-GetCasesDetailsCustoma1V3h000000mIjaEAEItem41</globalKey>
        <inputFieldName>SelectedCase:AccountId</inputFieldName>
        <inputObjectQuerySequence>0.0</inputObjectQuerySequence>
        <linkedObjectSequence>0.0</linkedObjectSequence>
        <name>VPL-GetCasesDetails</name>
        <outputCreationSequence>1.0</outputCreationSequence>
        <outputFieldName>RelatedCaseDetails:AccountId</outputFieldName>
        <outputObjectName>json</outputObjectName>
        <requiredForUpsert>false</requiredForUpsert>
        <upsertKey>false</upsertKey>
    </omniDataTransformItem>
    <omniDataTransformItem>
        <disabled>false</disabled>
        <filterGroup>0.0</filterGroup>
        <globalKey>VPL-GetCasesDetailsCustoma1V3h000000mIjaEAEItem51</globalKey>
        <inputFieldName>SelectedCase:vlocity_cmt__StatementId__c</inputFieldName>
        <inputObjectQuerySequence>0.0</inputObjectQuerySequence>
        <linkedObjectSequence>0.0</linkedObjectSequence>
        <name>VPL-GetCasesDetails</name>
        <outputCreationSequence>1.0</outputCreationSequence>
        <outputFieldName>RelatedCaseDetails:StatementId</outputFieldName>
        <outputObjectName>json</outputObjectName>
        <requiredForUpsert>false</requiredForUpsert>
        <upsertKey>false</upsertKey>
    </omniDataTransformItem>
    <omniDataTransformItem>
        <disabled>false</disabled>
        <filterGroup>0.0</filterGroup>
        <globalKey>VPL-GetCasesDetailsCustoma1V3h000000mIjaEAEItem35</globalKey>
        <inputFieldName>CaseList:CreatedDate</inputFieldName>
        <inputObjectQuerySequence>0.0</inputObjectQuerySequence>
        <linkedObjectSequence>0.0</linkedObjectSequence>
        <name>VPL-GetCasesDetails</name>
        <outputCreationSequence>1.0</outputCreationSequence>
        <outputFieldFormat>Date(MM/dd/yyyy)</outputFieldFormat>
        <outputFieldName>RecordList:CreatedDate</outputFieldName>
        <outputObjectName>json</outputObjectName>
        <requiredForUpsert>false</requiredForUpsert>
        <upsertKey>false</upsertKey>
    </omniDataTransformItem>
    <omniDataTransformItem>
        <disabled>false</disabled>
        <filterGroup>0.0</filterGroup>
        <globalKey>VPL-GetCasesDetailsCustoma1V3h000000mIjaEAEItem38</globalKey>
        <inputFieldName>CaseList:RecordType.Name</inputFieldName>
        <inputObjectQuerySequence>0.0</inputObjectQuerySequence>
        <linkedObjectSequence>0.0</linkedObjectSequence>
        <name>VPL-GetCasesDetails</name>
        <outputCreationSequence>1.0</outputCreationSequence>
        <outputFieldName>RecordList:RecordTypeName</outputFieldName>
        <outputObjectName>json</outputObjectName>
        <requiredForUpsert>false</requiredForUpsert>
        <upsertKey>false</upsertKey>
    </omniDataTransformItem>
    <omniDataTransformItem>
        <disabled>false</disabled>
        <filterGroup>0.0</filterGroup>
        <globalKey>VPL-GetCasesDetailsCustoma1V3h000000mIjaEAEItem39</globalKey>
        <inputFieldName>CaseList:Status</inputFieldName>
        <inputObjectQuerySequence>0.0</inputObjectQuerySequence>
        <linkedObjectSequence>0.0</linkedObjectSequence>
        <name>VPL-GetCasesDetails</name>
        <outputCreationSequence>1.0</outputCreationSequence>
        <outputFieldName>RecordList:CaseStatus</outputFieldName>
        <outputObjectName>json</outputObjectName>
        <requiredForUpsert>false</requiredForUpsert>
        <upsertKey>false</upsertKey>
    </omniDataTransformItem>
    <omniDataTransformItem>
        <disabled>false</disabled>
        <filterGroup>0.0</filterGroup>
        <globalKey>VPL-GetCasesDetailsCustoma1V3h000000mIjaEAEItem40</globalKey>
        <inputFieldName>CaseList:Subject</inputFieldName>
        <inputObjectQuerySequence>0.0</inputObjectQuerySequence>
        <linkedObjectSequence>0.0</linkedObjectSequence>
        <name>VPL-GetCasesDetails</name>
        <outputCreationSequence>1.0</outputCreationSequence>
        <outputFieldName>RecordList:CaseSubject</outputFieldName>
        <outputObjectName>json</outputObjectName>
        <requiredForUpsert>false</requiredForUpsert>
        <upsertKey>false</upsertKey>
    </omniDataTransformItem>
    <omniDataTransformItem>
        <disabled>false</disabled>
        <filterGroup>0.0</filterGroup>
        <globalKey>VPL-GetCasesDetailsCustoma1V3h000000mIjaEAEItem34</globalKey>
        <inputFieldName>CaseList:CaseNumber</inputFieldName>
        <inputObjectQuerySequence>0.0</inputObjectQuerySequence>
        <linkedObjectSequence>0.0</linkedObjectSequence>
        <name>VPL-GetCasesDetails</name>
        <outputCreationSequence>1.0</outputCreationSequence>
        <outputFieldName>RecordList:CaseNumber</outputFieldName>
        <outputObjectName>json</outputObjectName>
        <requiredForUpsert>false</requiredForUpsert>
        <upsertKey>false</upsertKey>
    </omniDataTransformItem>
    <omniDataTransformItem>
        <disabled>false</disabled>
        <filterGroup>0.0</filterGroup>
        <globalKey>VPL-GetCasesDetailsCustoma1V3h000000mIjaEAEItem37</globalKey>
        <inputFieldName>CaseList:Priority</inputFieldName>
        <inputObjectQuerySequence>0.0</inputObjectQuerySequence>
        <linkedObjectSequence>0.0</linkedObjectSequence>
        <name>VPL-GetCasesDetails</name>
        <outputCreationSequence>1.0</outputCreationSequence>
        <outputFieldName>RecordList:CasePriority</outputFieldName>
        <outputObjectName>json</outputObjectName>
        <requiredForUpsert>false</requiredForUpsert>
        <upsertKey>false</upsertKey>
    </omniDataTransformItem>
    <outputType>JSON</outputType>
    <previewJsonData>{
  &quot;AccountId&quot; : &quot;0013h00000CSWY4AAP&quot;
}</previewJsonData>
    <processSuperBulk>false</processSuperBulk>
    <responseCacheTtlMinutes>0.0</responseCacheTtlMinutes>
    <rollbackOnError>false</rollbackOnError>
    <sourceObject>json</sourceObject>
    <sourceObjectDefault>false</sourceObjectDefault>
    <synchronousProcessThreshold>-1.0</synchronousProcessThreshold>
    <type>Extract</type>
    <uniqueName>VPLGetCasesDetails_1</uniqueName>
    <versionNumber>1.0</versionNumber>
    <xmlDeclarationRemoved>false</xmlDeclarationRemoved>
</OmniDataTransform>
