<?xml version="1.0" encoding="UTF-8"?>
<OmniDataTransform xmlns="http://soap.sforce.com/2006/04/metadata">
    <active>false</active>
    <assignmentRulesUsed>false</assignmentRulesUsed>
    <deletedOnSuccess>false</deletedOnSuccess>
    <errorIgnored>false</errorIgnored>
    <fieldLevelSecurityEnabled>false</fieldLevelSecurityEnabled>
    <inputType>JSON</inputType>
    <name>VPLGetAccountNotificationPreferences</name>
    <nullInputsIncludedInOutput>true</nullInputsIncludedInOutput>
    <omniDataTransformItem>
        <disabled>false</disabled>
        <filterGroup>3.0</filterGroup>
        <filterOperator>=</filterOperator>
        <filterValue>&apos;false&apos;</filterValue>
        <globalKey>VPL-GetAccountNotificationPreferencesCustom4839</globalKey>
        <inputFieldName>vlocity_cmt__RemovedFlag__c</inputFieldName>
        <inputObjectName>vlocity_cmt__AttributeAssignment__c</inputObjectName>
        <inputObjectQuerySequence>2.0</inputObjectQuerySequence>
        <linkedObjectSequence>0.0</linkedObjectSequence>
        <name>VPL-GetAccountNotificationPreferences</name>
        <outputCreationSequence>0.0</outputCreationSequence>
        <outputFieldName>AttrAssignment</outputFieldName>
        <outputObjectName>json</outputObjectName>
        <requiredForUpsert>false</requiredForUpsert>
        <upsertKey>false</upsertKey>
    </omniDataTransformItem>
    <omniDataTransformItem>
        <disabled>false</disabled>
        <filterGroup>4.0</filterGroup>
        <filterOperator>=</filterOperator>
        <filterValue>&apos;OFFERS_PROMOTIONS&apos;</filterValue>
        <globalKey>VPL-GetAccountNotificationPreferencesCustom4485</globalKey>
        <inputFieldName>vlocity_cmt__CategoryCode__c</inputFieldName>
        <inputObjectName>vlocity_cmt__AttributeAssignment__c</inputObjectName>
        <inputObjectQuerySequence>2.0</inputObjectQuerySequence>
        <linkedObjectSequence>0.0</linkedObjectSequence>
        <name>VPL-GetAccountNotificationPreferences</name>
        <outputCreationSequence>0.0</outputCreationSequence>
        <outputFieldName>AttrAssignment</outputFieldName>
        <outputObjectName>json</outputObjectName>
        <requiredForUpsert>false</requiredForUpsert>
        <upsertKey>false</upsertKey>
    </omniDataTransformItem>
    <omniDataTransformItem>
        <disabled>false</disabled>
        <filterGroup>3.0</filterGroup>
        <filterOperator>=</filterOperator>
        <filterValue>&apos;true&apos;</filterValue>
        <globalKey>VPL-GetAccountNotificationPreferencesCustom5260</globalKey>
        <inputFieldName>vlocity_cmt__IsActive__c</inputFieldName>
        <inputObjectName>vlocity_cmt__AttributeAssignment__c</inputObjectName>
        <inputObjectQuerySequence>2.0</inputObjectQuerySequence>
        <linkedObjectSequence>0.0</linkedObjectSequence>
        <name>VPL-GetAccountNotificationPreferences</name>
        <outputCreationSequence>0.0</outputCreationSequence>
        <outputFieldName>AttrAssignment</outputFieldName>
        <outputObjectName>json</outputObjectName>
        <requiredForUpsert>false</requiredForUpsert>
        <upsertKey>false</upsertKey>
    </omniDataTransformItem>
    <omniDataTransformItem>
        <disabled>false</disabled>
        <filterGroup>3.0</filterGroup>
        <filterOperator>=</filterOperator>
        <filterValue>Account:Id</filterValue>
        <globalKey>VPL-GetAccountNotificationPreferencesCustom3963</globalKey>
        <inputFieldName>vlocity_cmt__ObjectId__c</inputFieldName>
        <inputObjectName>vlocity_cmt__AttributeAssignment__c</inputObjectName>
        <inputObjectQuerySequence>2.0</inputObjectQuerySequence>
        <linkedObjectSequence>0.0</linkedObjectSequence>
        <name>VPL-GetAccountNotificationPreferences</name>
        <outputCreationSequence>0.0</outputCreationSequence>
        <outputFieldName>AttrAssignment</outputFieldName>
        <outputObjectName>json</outputObjectName>
        <requiredForUpsert>false</requiredForUpsert>
        <upsertKey>false</upsertKey>
    </omniDataTransformItem>
    <omniDataTransformItem>
        <disabled>false</disabled>
        <filterGroup>3.0</filterGroup>
        <filterOperator>=</filterOperator>
        <filterValue>&apos;WORKORDER_NOTIFICATIONS&apos;</filterValue>
        <globalKey>VPL-GetAccountNotificationPreferencesCustom525</globalKey>
        <inputFieldName>vlocity_cmt__CategoryCode__c</inputFieldName>
        <inputObjectName>vlocity_cmt__AttributeAssignment__c</inputObjectName>
        <inputObjectQuerySequence>2.0</inputObjectQuerySequence>
        <linkedObjectSequence>0.0</linkedObjectSequence>
        <name>VPL-GetAccountNotificationPreferences</name>
        <outputCreationSequence>0.0</outputCreationSequence>
        <outputFieldName>AttrAssignment</outputFieldName>
        <outputObjectName>json</outputObjectName>
        <requiredForUpsert>false</requiredForUpsert>
        <upsertKey>false</upsertKey>
    </omniDataTransformItem>
    <omniDataTransformItem>
        <disabled>false</disabled>
        <filterGroup>5.0</filterGroup>
        <filterOperator>=</filterOperator>
        <filterValue>&apos;false&apos;</filterValue>
        <globalKey>VPL-GetAccountNotificationPreferencesCustom4982</globalKey>
        <inputFieldName>vlocity_cmt__RemovedFlag__c</inputFieldName>
        <inputObjectName>vlocity_cmt__AttributeAssignment__c</inputObjectName>
        <inputObjectQuerySequence>2.0</inputObjectQuerySequence>
        <linkedObjectSequence>0.0</linkedObjectSequence>
        <name>VPL-GetAccountNotificationPreferences</name>
        <outputCreationSequence>0.0</outputCreationSequence>
        <outputFieldName>AttrAssignment</outputFieldName>
        <outputObjectName>json</outputObjectName>
        <requiredForUpsert>false</requiredForUpsert>
        <upsertKey>false</upsertKey>
    </omniDataTransformItem>
    <omniDataTransformItem>
        <disabled>false</disabled>
        <filterGroup>6.0</filterGroup>
        <filterOperator>=</filterOperator>
        <filterValue>&apos;DNC_TO&apos;</filterValue>
        <globalKey>VPL-GetAccountNotificationPreferencesCustom9653</globalKey>
        <inputFieldName>vlocity_cmt__CategoryCode__c</inputFieldName>
        <inputObjectName>vlocity_cmt__AttributeAssignment__c</inputObjectName>
        <inputObjectQuerySequence>2.0</inputObjectQuerySequence>
        <linkedObjectSequence>0.0</linkedObjectSequence>
        <name>VPL-GetAccountNotificationPreferences</name>
        <outputCreationSequence>0.0</outputCreationSequence>
        <outputFieldName>AttrAssignment</outputFieldName>
        <outputObjectName>json</outputObjectName>
        <requiredForUpsert>false</requiredForUpsert>
        <upsertKey>false</upsertKey>
    </omniDataTransformItem>
    <omniDataTransformItem>
        <disabled>false</disabled>
        <filterGroup>5.0</filterGroup>
        <filterOperator>=</filterOperator>
        <filterValue>&apos;true&apos;</filterValue>
        <globalKey>VPL-GetAccountNotificationPreferencesCustom7631</globalKey>
        <inputFieldName>vlocity_cmt__IsActive__c</inputFieldName>
        <inputObjectName>vlocity_cmt__AttributeAssignment__c</inputObjectName>
        <inputObjectQuerySequence>2.0</inputObjectQuerySequence>
        <linkedObjectSequence>0.0</linkedObjectSequence>
        <name>VPL-GetAccountNotificationPreferences</name>
        <outputCreationSequence>0.0</outputCreationSequence>
        <outputFieldName>AttrAssignment</outputFieldName>
        <outputObjectName>json</outputObjectName>
        <requiredForUpsert>false</requiredForUpsert>
        <upsertKey>false</upsertKey>
    </omniDataTransformItem>
    <omniDataTransformItem>
        <disabled>false</disabled>
        <filterGroup>5.0</filterGroup>
        <filterOperator>=</filterOperator>
        <filterValue>Account:Id</filterValue>
        <globalKey>VPL-GetAccountNotificationPreferencesCustom4788</globalKey>
        <inputFieldName>vlocity_cmt__ObjectId__c</inputFieldName>
        <inputObjectName>vlocity_cmt__AttributeAssignment__c</inputObjectName>
        <inputObjectQuerySequence>2.0</inputObjectQuerySequence>
        <linkedObjectSequence>0.0</linkedObjectSequence>
        <name>VPL-GetAccountNotificationPreferences</name>
        <outputCreationSequence>0.0</outputCreationSequence>
        <outputFieldName>AttrAssignment</outputFieldName>
        <outputObjectName>json</outputObjectName>
        <requiredForUpsert>false</requiredForUpsert>
        <upsertKey>false</upsertKey>
    </omniDataTransformItem>
    <omniDataTransformItem>
        <disabled>false</disabled>
        <filterGroup>4.0</filterGroup>
        <filterOperator>=</filterOperator>
        <filterValue>&apos;false&apos;</filterValue>
        <globalKey>VPL-GetAccountNotificationPreferencesCustom2022</globalKey>
        <inputFieldName>vlocity_cmt__RemovedFlag__c</inputFieldName>
        <inputObjectName>vlocity_cmt__AttributeAssignment__c</inputObjectName>
        <inputObjectQuerySequence>2.0</inputObjectQuerySequence>
        <linkedObjectSequence>0.0</linkedObjectSequence>
        <name>VPL-GetAccountNotificationPreferences</name>
        <outputCreationSequence>0.0</outputCreationSequence>
        <outputFieldName>AttrAssignment</outputFieldName>
        <outputObjectName>json</outputObjectName>
        <requiredForUpsert>false</requiredForUpsert>
        <upsertKey>false</upsertKey>
    </omniDataTransformItem>
    <omniDataTransformItem>
        <disabled>false</disabled>
        <filterGroup>5.0</filterGroup>
        <filterOperator>=</filterOperator>
        <filterValue>&apos;DNC_FROM&apos;</filterValue>
        <globalKey>VPL-GetAccountNotificationPreferencesCustom5396</globalKey>
        <inputFieldName>vlocity_cmt__CategoryCode__c</inputFieldName>
        <inputObjectName>vlocity_cmt__AttributeAssignment__c</inputObjectName>
        <inputObjectQuerySequence>2.0</inputObjectQuerySequence>
        <linkedObjectSequence>0.0</linkedObjectSequence>
        <name>VPL-GetAccountNotificationPreferences</name>
        <outputCreationSequence>0.0</outputCreationSequence>
        <outputFieldName>AttrAssignment</outputFieldName>
        <outputObjectName>json</outputObjectName>
        <requiredForUpsert>false</requiredForUpsert>
        <upsertKey>false</upsertKey>
    </omniDataTransformItem>
    <omniDataTransformItem>
        <disabled>false</disabled>
        <filterGroup>4.0</filterGroup>
        <filterOperator>=</filterOperator>
        <filterValue>&apos;true&apos;</filterValue>
        <globalKey>VPL-GetAccountNotificationPreferencesCustom1502</globalKey>
        <inputFieldName>vlocity_cmt__IsActive__c</inputFieldName>
        <inputObjectName>vlocity_cmt__AttributeAssignment__c</inputObjectName>
        <inputObjectQuerySequence>2.0</inputObjectQuerySequence>
        <linkedObjectSequence>0.0</linkedObjectSequence>
        <name>VPL-GetAccountNotificationPreferences</name>
        <outputCreationSequence>0.0</outputCreationSequence>
        <outputFieldName>AttrAssignment</outputFieldName>
        <outputObjectName>json</outputObjectName>
        <requiredForUpsert>false</requiredForUpsert>
        <upsertKey>false</upsertKey>
    </omniDataTransformItem>
    <omniDataTransformItem>
        <disabled>false</disabled>
        <filterGroup>4.0</filterGroup>
        <filterOperator>=</filterOperator>
        <filterValue>Account:Id</filterValue>
        <globalKey>VPL-GetAccountNotificationPreferencesCustom7445</globalKey>
        <inputFieldName>vlocity_cmt__ObjectId__c</inputFieldName>
        <inputObjectName>vlocity_cmt__AttributeAssignment__c</inputObjectName>
        <inputObjectQuerySequence>2.0</inputObjectQuerySequence>
        <linkedObjectSequence>0.0</linkedObjectSequence>
        <name>VPL-GetAccountNotificationPreferences</name>
        <outputCreationSequence>0.0</outputCreationSequence>
        <outputFieldName>AttrAssignment</outputFieldName>
        <outputObjectName>json</outputObjectName>
        <requiredForUpsert>false</requiredForUpsert>
        <upsertKey>false</upsertKey>
    </omniDataTransformItem>
    <omniDataTransformItem>
        <disabled>false</disabled>
        <filterGroup>1.0</filterGroup>
        <filterOperator>=</filterOperator>
        <filterValue>&apos;true&apos;</filterValue>
        <globalKey>VPL-GetAccountNotificationPreferencesCustom4644</globalKey>
        <inputFieldName>vlocity_cmt__IsActive__c</inputFieldName>
        <inputObjectName>vlocity_cmt__AttributeAssignment__c</inputObjectName>
        <inputObjectQuerySequence>2.0</inputObjectQuerySequence>
        <linkedObjectSequence>0.0</linkedObjectSequence>
        <name>VPL-GetAccountNotificationPreferences</name>
        <outputCreationSequence>0.0</outputCreationSequence>
        <outputFieldName>AttrAssignment</outputFieldName>
        <outputObjectName>json</outputObjectName>
        <requiredForUpsert>false</requiredForUpsert>
        <upsertKey>false</upsertKey>
    </omniDataTransformItem>
    <omniDataTransformItem>
        <disabled>false</disabled>
        <filterGroup>1.0</filterGroup>
        <filterOperator>=</filterOperator>
        <filterValue>Account:Id</filterValue>
        <globalKey>VPL-GetAccountNotificationPreferencesCustom4696</globalKey>
        <inputFieldName>vlocity_cmt__ObjectId__c</inputFieldName>
        <inputObjectName>vlocity_cmt__AttributeAssignment__c</inputObjectName>
        <inputObjectQuerySequence>2.0</inputObjectQuerySequence>
        <linkedObjectSequence>0.0</linkedObjectSequence>
        <name>VPL-GetAccountNotificationPreferences</name>
        <outputCreationSequence>0.0</outputCreationSequence>
        <outputFieldName>AttrAssignment</outputFieldName>
        <outputObjectName>json</outputObjectName>
        <requiredForUpsert>false</requiredForUpsert>
        <upsertKey>false</upsertKey>
    </omniDataTransformItem>
    <omniDataTransformItem>
        <disabled>false</disabled>
        <filterGroup>0.0</filterGroup>
        <filterOperator>=</filterOperator>
        <filterValue>&apos;false&apos;</filterValue>
        <globalKey>VPL-GetAccountNotificationPreferencesCustom8632</globalKey>
        <inputFieldName>vlocity_cmt__RemovedFlag__c</inputFieldName>
        <inputObjectName>vlocity_cmt__AttributeAssignment__c</inputObjectName>
        <inputObjectQuerySequence>2.0</inputObjectQuerySequence>
        <linkedObjectSequence>0.0</linkedObjectSequence>
        <name>VPL-GetAccountNotificationPreferences</name>
        <outputCreationSequence>0.0</outputCreationSequence>
        <outputFieldName>AttrAssignment</outputFieldName>
        <outputObjectName>json</outputObjectName>
        <requiredForUpsert>false</requiredForUpsert>
        <upsertKey>false</upsertKey>
    </omniDataTransformItem>
    <omniDataTransformItem>
        <disabled>false</disabled>
        <filterGroup>1.0</filterGroup>
        <filterOperator>=</filterOperator>
        <filterValue>&apos;PAYMENT_REMINDERS&apos;</filterValue>
        <globalKey>VPL-GetAccountNotificationPreferencesCustom5267</globalKey>
        <inputFieldName>vlocity_cmt__CategoryCode__c</inputFieldName>
        <inputObjectName>vlocity_cmt__AttributeAssignment__c</inputObjectName>
        <inputObjectQuerySequence>2.0</inputObjectQuerySequence>
        <linkedObjectSequence>0.0</linkedObjectSequence>
        <name>VPL-GetAccountNotificationPreferences</name>
        <outputCreationSequence>0.0</outputCreationSequence>
        <outputFieldName>AttrAssignment</outputFieldName>
        <outputObjectName>json</outputObjectName>
        <requiredForUpsert>false</requiredForUpsert>
        <upsertKey>false</upsertKey>
    </omniDataTransformItem>
    <omniDataTransformItem>
        <disabled>false</disabled>
        <filterGroup>0.0</filterGroup>
        <filterOperator>=</filterOperator>
        <filterValue>&apos;true&apos;</filterValue>
        <globalKey>VPL-GetAccountNotificationPreferencesCustom3776</globalKey>
        <inputFieldName>vlocity_cmt__IsActive__c</inputFieldName>
        <inputObjectName>vlocity_cmt__AttributeAssignment__c</inputObjectName>
        <inputObjectQuerySequence>2.0</inputObjectQuerySequence>
        <linkedObjectSequence>0.0</linkedObjectSequence>
        <name>VPL-GetAccountNotificationPreferences</name>
        <outputCreationSequence>0.0</outputCreationSequence>
        <outputFieldName>AttrAssignment</outputFieldName>
        <outputObjectName>json</outputObjectName>
        <requiredForUpsert>false</requiredForUpsert>
        <upsertKey>false</upsertKey>
    </omniDataTransformItem>
    <omniDataTransformItem>
        <disabled>false</disabled>
        <filterGroup>0.0</filterGroup>
        <filterOperator>=</filterOperator>
        <filterValue>Account:Id</filterValue>
        <globalKey>VPL-GetAccountNotificationPreferencesCustom399</globalKey>
        <inputFieldName>vlocity_cmt__ObjectId__c</inputFieldName>
        <inputObjectName>vlocity_cmt__AttributeAssignment__c</inputObjectName>
        <inputObjectQuerySequence>2.0</inputObjectQuerySequence>
        <linkedObjectSequence>0.0</linkedObjectSequence>
        <name>VPL-GetAccountNotificationPreferences</name>
        <outputCreationSequence>0.0</outputCreationSequence>
        <outputFieldName>AttrAssignment</outputFieldName>
        <outputObjectName>json</outputObjectName>
        <requiredForUpsert>false</requiredForUpsert>
        <upsertKey>false</upsertKey>
    </omniDataTransformItem>
    <omniDataTransformItem>
        <disabled>false</disabled>
        <filterGroup>0.0</filterGroup>
        <filterOperator>=</filterOperator>
        <filterValue>AccountId</filterValue>
        <globalKey>VPL-GetAccountNotificationPreferencesCustom3435</globalKey>
        <inputFieldName>Id</inputFieldName>
        <inputObjectName>Account</inputObjectName>
        <inputObjectQuerySequence>1.0</inputObjectQuerySequence>
        <linkedObjectSequence>0.0</linkedObjectSequence>
        <name>VPL-GetAccountNotificationPreferences</name>
        <outputCreationSequence>0.0</outputCreationSequence>
        <outputFieldName>Account</outputFieldName>
        <outputObjectName>json</outputObjectName>
        <requiredForUpsert>false</requiredForUpsert>
        <upsertKey>false</upsertKey>
    </omniDataTransformItem>
    <omniDataTransformItem>
        <disabled>false</disabled>
        <filterGroup>0.0</filterGroup>
        <filterOperator>=</filterOperator>
        <filterValue>&apos;BILL_NOTIFICATIONS&apos;</filterValue>
        <globalKey>VPL-GetAccountNotificationPreferencesCustom5462</globalKey>
        <inputFieldName>vlocity_cmt__CategoryCode__c</inputFieldName>
        <inputObjectName>vlocity_cmt__AttributeAssignment__c</inputObjectName>
        <inputObjectQuerySequence>2.0</inputObjectQuerySequence>
        <linkedObjectSequence>0.0</linkedObjectSequence>
        <name>VPL-GetAccountNotificationPreferences</name>
        <outputCreationSequence>0.0</outputCreationSequence>
        <outputFieldName>AttrAssignment</outputFieldName>
        <outputObjectName>json</outputObjectName>
        <requiredForUpsert>false</requiredForUpsert>
        <upsertKey>false</upsertKey>
    </omniDataTransformItem>
    <omniDataTransformItem>
        <disabled>false</disabled>
        <filterGroup>2.0</filterGroup>
        <filterOperator>=</filterOperator>
        <filterValue>&apos;false&apos;</filterValue>
        <globalKey>VPL-GetAccountNotificationPreferencesCustom754</globalKey>
        <inputFieldName>vlocity_cmt__RemovedFlag__c</inputFieldName>
        <inputObjectName>vlocity_cmt__AttributeAssignment__c</inputObjectName>
        <inputObjectQuerySequence>2.0</inputObjectQuerySequence>
        <linkedObjectSequence>0.0</linkedObjectSequence>
        <name>VPL-GetAccountNotificationPreferences</name>
        <outputCreationSequence>0.0</outputCreationSequence>
        <outputFieldName>AttrAssignment</outputFieldName>
        <outputObjectName>json</outputObjectName>
        <requiredForUpsert>false</requiredForUpsert>
        <upsertKey>false</upsertKey>
    </omniDataTransformItem>
    <omniDataTransformItem>
        <disabled>false</disabled>
        <filterGroup>2.0</filterGroup>
        <filterOperator>=</filterOperator>
        <filterValue>&apos;true&apos;</filterValue>
        <globalKey>VPL-GetAccountNotificationPreferencesCustom8180</globalKey>
        <inputFieldName>vlocity_cmt__IsActive__c</inputFieldName>
        <inputObjectName>vlocity_cmt__AttributeAssignment__c</inputObjectName>
        <inputObjectQuerySequence>2.0</inputObjectQuerySequence>
        <linkedObjectSequence>0.0</linkedObjectSequence>
        <name>VPL-GetAccountNotificationPreferences</name>
        <outputCreationSequence>0.0</outputCreationSequence>
        <outputFieldName>AttrAssignment</outputFieldName>
        <outputObjectName>json</outputObjectName>
        <requiredForUpsert>false</requiredForUpsert>
        <upsertKey>false</upsertKey>
    </omniDataTransformItem>
    <omniDataTransformItem>
        <disabled>false</disabled>
        <filterGroup>2.0</filterGroup>
        <filterOperator>=</filterOperator>
        <filterValue>Account:Id</filterValue>
        <globalKey>VPL-GetAccountNotificationPreferencesCustom9137</globalKey>
        <inputFieldName>vlocity_cmt__ObjectId__c</inputFieldName>
        <inputObjectName>vlocity_cmt__AttributeAssignment__c</inputObjectName>
        <inputObjectQuerySequence>2.0</inputObjectQuerySequence>
        <linkedObjectSequence>0.0</linkedObjectSequence>
        <name>VPL-GetAccountNotificationPreferences</name>
        <outputCreationSequence>0.0</outputCreationSequence>
        <outputFieldName>AttrAssignment</outputFieldName>
        <outputObjectName>json</outputObjectName>
        <requiredForUpsert>false</requiredForUpsert>
        <upsertKey>false</upsertKey>
    </omniDataTransformItem>
    <omniDataTransformItem>
        <disabled>false</disabled>
        <filterGroup>1.0</filterGroup>
        <filterOperator>=</filterOperator>
        <filterValue>&apos;false&apos;</filterValue>
        <globalKey>VPL-GetAccountNotificationPreferencesCustom3830</globalKey>
        <inputFieldName>vlocity_cmt__RemovedFlag__c</inputFieldName>
        <inputObjectName>vlocity_cmt__AttributeAssignment__c</inputObjectName>
        <inputObjectQuerySequence>2.0</inputObjectQuerySequence>
        <linkedObjectSequence>0.0</linkedObjectSequence>
        <name>VPL-GetAccountNotificationPreferences</name>
        <outputCreationSequence>0.0</outputCreationSequence>
        <outputFieldName>AttrAssignment</outputFieldName>
        <outputObjectName>json</outputObjectName>
        <requiredForUpsert>false</requiredForUpsert>
        <upsertKey>false</upsertKey>
    </omniDataTransformItem>
    <omniDataTransformItem>
        <disabled>false</disabled>
        <filterGroup>2.0</filterGroup>
        <filterOperator>=</filterOperator>
        <filterValue>&apos;OUTAGE_NOTIFICATIONS&apos;</filterValue>
        <globalKey>VPL-GetAccountNotificationPreferencesCustom4499</globalKey>
        <inputFieldName>vlocity_cmt__CategoryCode__c</inputFieldName>
        <inputObjectName>vlocity_cmt__AttributeAssignment__c</inputObjectName>
        <inputObjectQuerySequence>2.0</inputObjectQuerySequence>
        <linkedObjectSequence>0.0</linkedObjectSequence>
        <name>VPL-GetAccountNotificationPreferences</name>
        <outputCreationSequence>0.0</outputCreationSequence>
        <outputFieldName>AttrAssignment</outputFieldName>
        <outputObjectName>json</outputObjectName>
        <requiredForUpsert>false</requiredForUpsert>
        <upsertKey>false</upsertKey>
    </omniDataTransformItem>
    <omniDataTransformItem>
        <disabled>false</disabled>
        <filterGroup>0.0</filterGroup>
        <globalKey>VPL-GetAccountNotificationPreferencesCustom6149</globalKey>
        <inputFieldName>AttrAssignment:vlocity_cmt__AttributeId__c</inputFieldName>
        <inputObjectQuerySequence>0.0</inputObjectQuerySequence>
        <linkedObjectSequence>0.0</linkedObjectSequence>
        <name>VPL-GetAccountNotificationPreferences</name>
        <outputCreationSequence>1.0</outputCreationSequence>
        <outputFieldName>Preferences:AttrId</outputFieldName>
        <outputObjectName>json</outputObjectName>
        <requiredForUpsert>false</requiredForUpsert>
        <upsertKey>false</upsertKey>
    </omniDataTransformItem>
    <omniDataTransformItem>
        <disabled>false</disabled>
        <filterGroup>0.0</filterGroup>
        <globalKey>VPL-GetAccountNotificationPreferencesCustom4043</globalKey>
        <inputFieldName>AttrAssignment:vlocity_cmt__Value__c</inputFieldName>
        <inputObjectQuerySequence>0.0</inputObjectQuerySequence>
        <linkedObjectSequence>0.0</linkedObjectSequence>
        <name>VPL-GetAccountNotificationPreferences</name>
        <outputCreationSequence>1.0</outputCreationSequence>
        <outputFieldName>Preferences:AttrValue</outputFieldName>
        <outputObjectName>json</outputObjectName>
        <requiredForUpsert>false</requiredForUpsert>
        <upsertKey>false</upsertKey>
    </omniDataTransformItem>
    <omniDataTransformItem>
        <disabled>false</disabled>
        <filterGroup>0.0</filterGroup>
        <globalKey>VPL-GetAccountNotificationPreferencesCustom3948</globalKey>
        <inputFieldName>Account:Name</inputFieldName>
        <inputObjectQuerySequence>0.0</inputObjectQuerySequence>
        <linkedObjectSequence>0.0</linkedObjectSequence>
        <name>VPL-GetAccountNotificationPreferences</name>
        <outputCreationSequence>1.0</outputCreationSequence>
        <outputFieldName>AccountName</outputFieldName>
        <outputObjectName>json</outputObjectName>
        <requiredForUpsert>false</requiredForUpsert>
        <upsertKey>false</upsertKey>
    </omniDataTransformItem>
    <omniDataTransformItem>
        <disabled>false</disabled>
        <filterGroup>0.0</filterGroup>
        <globalKey>VPL-GetAccountNotificationPreferencesCustom699</globalKey>
        <inputFieldName>AttrAssignment:Id</inputFieldName>
        <inputObjectQuerySequence>0.0</inputObjectQuerySequence>
        <linkedObjectSequence>0.0</linkedObjectSequence>
        <name>VPL-GetAccountNotificationPreferences</name>
        <outputCreationSequence>1.0</outputCreationSequence>
        <outputFieldName>Preferences:AttrAssignId</outputFieldName>
        <outputObjectName>json</outputObjectName>
        <requiredForUpsert>false</requiredForUpsert>
        <upsertKey>false</upsertKey>
    </omniDataTransformItem>
    <omniDataTransformItem>
        <disabled>false</disabled>
        <filterGroup>6.0</filterGroup>
        <filterOperator>=</filterOperator>
        <filterValue>&apos;false&apos;</filterValue>
        <globalKey>VPL-GetAccountNotificationPreferencesCustom854</globalKey>
        <inputFieldName>vlocity_cmt__RemovedFlag__c</inputFieldName>
        <inputObjectName>vlocity_cmt__AttributeAssignment__c</inputObjectName>
        <inputObjectQuerySequence>2.0</inputObjectQuerySequence>
        <linkedObjectSequence>0.0</linkedObjectSequence>
        <name>VPL-GetAccountNotificationPreferences</name>
        <outputCreationSequence>0.0</outputCreationSequence>
        <outputFieldName>AttrAssignment</outputFieldName>
        <outputObjectName>json</outputObjectName>
        <requiredForUpsert>false</requiredForUpsert>
        <upsertKey>false</upsertKey>
    </omniDataTransformItem>
    <omniDataTransformItem>
        <disabled>false</disabled>
        <filterGroup>0.0</filterGroup>
        <formulaConverted>| &quot;SELECT/\/\/count()/\/\/FROM/\/\/vlocity_cmt__AttributeAssignment__c/\/\/WHERE/\/\/vlocity_cmt__ObjectId__c/\/\/=/\/\/&apos;{0}&apos;/\/\/AND/\/\/vlocity_cmt__IsActive__c/\/\/=/\/\/true/\/\/AND/\/\/vlocity_cmt__RemovedFlag__c/\/\/=/\/\/false/\/\/AND/\/\/vlocity_cmt__CategoryCode__c/\/\/IN/\/\/(&apos;BILL_NOTIFICATIONS&apos;,&apos;PAYMENT_REMINDERS&apos;,&apos;OUTAGE_NOTIFICATIONS&apos;,&apos;WORKORDER_NOTIFICATIONS&apos;,&apos;OFFERS_PROMOTIONS&apos;,&apos;DNC_FROM&apos;,&apos;DNC_TO&apos;)&quot; var:Account:Id COUNTQUERY</formulaConverted>
        <formulaExpression>COUNTQUERY ( &quot;SELECT count() FROM vlocity_cmt__AttributeAssignment__c WHERE vlocity_cmt__ObjectId__c = &apos;{0}&apos; AND vlocity_cmt__IsActive__c = true AND vlocity_cmt__RemovedFlag__c = false AND vlocity_cmt__CategoryCode__c IN (&apos;BILL_NOTIFICATIONS&apos;,&apos;PAYMENT_REMINDERS&apos;,&apos;OUTAGE_NOTIFICATIONS&apos;,&apos;WORKORDER_NOTIFICATIONS&apos;,&apos;OFFERS_PROMOTIONS&apos;,&apos;DNC_FROM&apos;,&apos;DNC_TO&apos;)&quot;,Account:Id)</formulaExpression>
        <formulaResultPath>AttrAssignCount</formulaResultPath>
        <formulaSequence>1.0</formulaSequence>
        <globalKey>VPL-GetAccountNotificationPreferencesCustom712</globalKey>
        <inputObjectQuerySequence>0.0</inputObjectQuerySequence>
        <linkedObjectSequence>0.0</linkedObjectSequence>
        <name>VPL-GetAccountNotificationPreferences</name>
        <outputCreationSequence>0.0</outputCreationSequence>
        <outputFieldName>Formula</outputFieldName>
        <outputObjectName>Formula</outputObjectName>
        <requiredForUpsert>false</requiredForUpsert>
        <upsertKey>false</upsertKey>
    </omniDataTransformItem>
    <omniDataTransformItem>
        <disabled>false</disabled>
        <filterGroup>6.0</filterGroup>
        <filterOperator>=</filterOperator>
        <filterValue>&apos;true&apos;</filterValue>
        <globalKey>VPL-GetAccountNotificationPreferencesCustom3165</globalKey>
        <inputFieldName>vlocity_cmt__IsActive__c</inputFieldName>
        <inputObjectName>vlocity_cmt__AttributeAssignment__c</inputObjectName>
        <inputObjectQuerySequence>2.0</inputObjectQuerySequence>
        <linkedObjectSequence>0.0</linkedObjectSequence>
        <name>VPL-GetAccountNotificationPreferences</name>
        <outputCreationSequence>0.0</outputCreationSequence>
        <outputFieldName>AttrAssignment</outputFieldName>
        <outputObjectName>json</outputObjectName>
        <requiredForUpsert>false</requiredForUpsert>
        <upsertKey>false</upsertKey>
    </omniDataTransformItem>
    <omniDataTransformItem>
        <disabled>false</disabled>
        <filterGroup>6.0</filterGroup>
        <filterOperator>=</filterOperator>
        <filterValue>Account:Id</filterValue>
        <globalKey>VPL-GetAccountNotificationPreferencesCustom7983</globalKey>
        <inputFieldName>vlocity_cmt__ObjectId__c</inputFieldName>
        <inputObjectName>vlocity_cmt__AttributeAssignment__c</inputObjectName>
        <inputObjectQuerySequence>2.0</inputObjectQuerySequence>
        <linkedObjectSequence>0.0</linkedObjectSequence>
        <name>VPL-GetAccountNotificationPreferences</name>
        <outputCreationSequence>0.0</outputCreationSequence>
        <outputFieldName>AttrAssignment</outputFieldName>
        <outputObjectName>json</outputObjectName>
        <requiredForUpsert>false</requiredForUpsert>
        <upsertKey>false</upsertKey>
    </omniDataTransformItem>
    <omniDataTransformItem>
        <disabled>false</disabled>
        <filterGroup>0.0</filterGroup>
        <globalKey>VPL-GetAccountNotificationPreferencesCustom4573</globalKey>
        <inputFieldName>AttrAssignCount</inputFieldName>
        <inputObjectQuerySequence>0.0</inputObjectQuerySequence>
        <linkedObjectSequence>0.0</linkedObjectSequence>
        <name>VPL-GetAccountNotificationPreferences</name>
        <outputCreationSequence>1.0</outputCreationSequence>
        <outputFieldName>TotalAttrAssignCount</outputFieldName>
        <outputObjectName>json</outputObjectName>
        <requiredForUpsert>false</requiredForUpsert>
        <upsertKey>false</upsertKey>
    </omniDataTransformItem>
    <omniDataTransformItem>
        <disabled>false</disabled>
        <filterGroup>0.0</filterGroup>
        <globalKey>VPL-GetAccountNotificationPreferencesCustom3626</globalKey>
        <inputFieldName>AttrAssignment:vlocity_cmt__CategoryCode__c</inputFieldName>
        <inputObjectQuerySequence>0.0</inputObjectQuerySequence>
        <linkedObjectSequence>0.0</linkedObjectSequence>
        <name>VPL-GetAccountNotificationPreferences</name>
        <outputCreationSequence>1.0</outputCreationSequence>
        <outputFieldName>Preferences:Category</outputFieldName>
        <outputObjectName>json</outputObjectName>
        <requiredForUpsert>false</requiredForUpsert>
        <upsertKey>false</upsertKey>
    </omniDataTransformItem>
    <omniDataTransformItem>
        <disabled>false</disabled>
        <filterGroup>0.0</filterGroup>
        <globalKey>VPL-GetAccountNotificationPreferencesCustom6369</globalKey>
        <inputFieldName>AttrAssignment:vlocity_cmt__AttributeCategoryId__c</inputFieldName>
        <inputObjectQuerySequence>0.0</inputObjectQuerySequence>
        <linkedObjectSequence>0.0</linkedObjectSequence>
        <name>VPL-GetAccountNotificationPreferences</name>
        <outputCreationSequence>1.0</outputCreationSequence>
        <outputFieldName>Preferences:CategoryId</outputFieldName>
        <outputObjectName>json</outputObjectName>
        <requiredForUpsert>false</requiredForUpsert>
        <upsertKey>false</upsertKey>
    </omniDataTransformItem>
    <outputType>JSON</outputType>
    <previewJsonData>{
  &quot;AccountId&quot; : &quot;0013h00000C1b8cAAB&quot;
}</previewJsonData>
    <processSuperBulk>false</processSuperBulk>
    <responseCacheTtlMinutes>0.0</responseCacheTtlMinutes>
    <rollbackOnError>false</rollbackOnError>
    <sourceObject>json</sourceObject>
    <sourceObjectDefault>false</sourceObjectDefault>
    <synchronousProcessThreshold>-1.0</synchronousProcessThreshold>
    <type>Extract</type>
    <uniqueName>VPLGetAccountNotificationPreferences_1</uniqueName>
    <versionNumber>1.0</versionNumber>
    <xmlDeclarationRemoved>false</xmlDeclarationRemoved>
</OmniDataTransform>
