<?xml version="1.0" encoding="UTF-8"?>
<OmniDataTransform xmlns="http://soap.sforce.com/2006/04/metadata">
    <active>false</active>
    <assignmentRulesUsed>false</assignmentRulesUsed>
    <deletedOnSuccess>false</deletedOnSuccess>
    <description>DataRaptor to fetch the Analysis attributes from Account</description>
    <errorIgnored>false</errorIgnored>
    <fieldLevelSecurityEnabled>false</fieldLevelSecurityEnabled>
    <inputType>JSON</inputType>
    <name>VPLGetAnalysis</name>
    <nullInputsIncludedInOutput>false</nullInputsIncludedInOutput>
    <omniDataTransformItem>
        <disabled>false</disabled>
        <filterGroup>0.0</filterGroup>
        <globalKey>VPL-GetAnalysisCustoma1V3h000000mAP1EAMItem21</globalKey>
        <inputFieldName>AnalysisUpsellPotential</inputFieldName>
        <inputObjectQuerySequence>0.0</inputObjectQuerySequence>
        <linkedObjectSequence>0.0</linkedObjectSequence>
        <name>VPL-GetAnalysis</name>
        <outputCreationSequence>1.0</outputCreationSequence>
        <outputFieldName>Analysis1:UpsellPotential</outputFieldName>
        <outputObjectName>json</outputObjectName>
        <requiredForUpsert>false</requiredForUpsert>
        <upsertKey>false</upsertKey>
    </omniDataTransformItem>
    <omniDataTransformItem>
        <disabled>false</disabled>
        <filterGroup>0.0</filterGroup>
        <globalKey>VPL-GetAnalysisCustoma1V3h000000mAP1EAMItem22</globalKey>
        <inputFieldName>AttrAssignment:Id</inputFieldName>
        <inputObjectQuerySequence>0.0</inputObjectQuerySequence>
        <linkedObjectSequence>0.0</linkedObjectSequence>
        <name>VPL-GetAnalysis</name>
        <outputCreationSequence>1.0</outputCreationSequence>
        <outputFieldName>Analysis:AttrAssignId</outputFieldName>
        <outputObjectName>json</outputObjectName>
        <requiredForUpsert>false</requiredForUpsert>
        <upsertKey>false</upsertKey>
    </omniDataTransformItem>
    <omniDataTransformItem>
        <disabled>false</disabled>
        <filterGroup>0.0</filterGroup>
        <globalKey>VPL-GetAnalysisCustoma1V3h000000mAP1EAMItem19</globalKey>
        <inputFieldName>AnalysisMood</inputFieldName>
        <inputObjectQuerySequence>0.0</inputObjectQuerySequence>
        <linkedObjectSequence>0.0</linkedObjectSequence>
        <name>VPL-GetAnalysis</name>
        <outputCreationSequence>1.0</outputCreationSequence>
        <outputFieldName>Analysis1:Mood</outputFieldName>
        <outputObjectName>json</outputObjectName>
        <requiredForUpsert>false</requiredForUpsert>
        <upsertKey>false</upsertKey>
    </omniDataTransformItem>
    <omniDataTransformItem>
        <disabled>false</disabled>
        <filterGroup>0.0</filterGroup>
        <globalKey>VPL-GetAnalysisCustoma1V3h000000mAP1EAMItem20</globalKey>
        <inputFieldName>AnalysisRenewablePotential</inputFieldName>
        <inputObjectQuerySequence>0.0</inputObjectQuerySequence>
        <linkedObjectSequence>0.0</linkedObjectSequence>
        <name>VPL-GetAnalysis</name>
        <outputCreationSequence>1.0</outputCreationSequence>
        <outputFieldName>Analysis1:RenewablePotential</outputFieldName>
        <outputObjectName>json</outputObjectName>
        <requiredForUpsert>false</requiredForUpsert>
        <upsertKey>false</upsertKey>
    </omniDataTransformItem>
    <omniDataTransformItem>
        <disabled>false</disabled>
        <filterGroup>0.0</filterGroup>
        <formulaConverted>var:AttrAssignment|3:vlocity_cmt__Value__c</formulaConverted>
        <formulaExpression>%AttrAssignment|3:vlocity_cmt__Value__c%</formulaExpression>
        <formulaResultPath>AnalysisUpsellPotential</formulaResultPath>
        <formulaSequence>2.0</formulaSequence>
        <globalKey>VPL-GetAnalysisCustoma1V3h000000mAP1EAMItem0</globalKey>
        <inputObjectQuerySequence>0.0</inputObjectQuerySequence>
        <linkedObjectSequence>0.0</linkedObjectSequence>
        <name>VPL-GetAnalysis</name>
        <outputCreationSequence>0.0</outputCreationSequence>
        <outputFieldName>Formula</outputFieldName>
        <outputObjectName>Formula</outputObjectName>
        <requiredForUpsert>false</requiredForUpsert>
        <upsertKey>false</upsertKey>
    </omniDataTransformItem>
    <omniDataTransformItem>
        <disabled>false</disabled>
        <filterGroup>0.0</filterGroup>
        <globalKey>VPL-GetAnalysisCustoma1V3h000000mAP1EAMItem18</globalKey>
        <inputObjectQuerySequence>0.0</inputObjectQuerySequence>
        <linkedObjectSequence>0.0</linkedObjectSequence>
        <name>VPL-GetAnalysis</name>
        <outputCreationSequence>1.0</outputCreationSequence>
        <outputFieldFormat>List&lt;Map&gt;</outputFieldFormat>
        <outputFieldName>Analysis</outputFieldName>
        <outputObjectName>json</outputObjectName>
        <requiredForUpsert>false</requiredForUpsert>
        <upsertKey>false</upsertKey>
    </omniDataTransformItem>
    <omniDataTransformItem>
        <disabled>false</disabled>
        <filterGroup>0.0</filterGroup>
        <formulaConverted>var:AttrAssignment|1:vlocity_cmt__Value__c</formulaConverted>
        <formulaExpression>%AttrAssignment|1:vlocity_cmt__Value__c%</formulaExpression>
        <formulaResultPath>AnalysisMood</formulaResultPath>
        <formulaSequence>1.0</formulaSequence>
        <globalKey>VPL-GetAnalysisCustoma1V3h000000mAP1EAMItem4</globalKey>
        <inputObjectQuerySequence>0.0</inputObjectQuerySequence>
        <linkedObjectSequence>0.0</linkedObjectSequence>
        <name>VPL-GetAnalysis</name>
        <outputCreationSequence>0.0</outputCreationSequence>
        <outputFieldName>Formula</outputFieldName>
        <outputObjectName>Formula</outputObjectName>
        <requiredForUpsert>false</requiredForUpsert>
        <upsertKey>false</upsertKey>
    </omniDataTransformItem>
    <omniDataTransformItem>
        <disabled>false</disabled>
        <filterGroup>0.0</filterGroup>
        <formulaConverted>var:AttrAssignment|2:vlocity_cmt__Value__c</formulaConverted>
        <formulaExpression>%AttrAssignment|2:vlocity_cmt__Value__c%</formulaExpression>
        <formulaResultPath>AnalysisRenewablePotential</formulaResultPath>
        <formulaSequence>3.0</formulaSequence>
        <globalKey>VPL-GetAnalysisCustoma1V3h000000mAP1EAMItem1</globalKey>
        <inputObjectQuerySequence>0.0</inputObjectQuerySequence>
        <linkedObjectSequence>0.0</linkedObjectSequence>
        <name>VPL-GetAnalysis</name>
        <outputCreationSequence>0.0</outputCreationSequence>
        <outputFieldName>Formula</outputFieldName>
        <outputObjectName>Formula</outputObjectName>
        <requiredForUpsert>false</requiredForUpsert>
        <upsertKey>false</upsertKey>
    </omniDataTransformItem>
    <omniDataTransformItem>
        <disabled>false</disabled>
        <filterGroup>0.0</filterGroup>
        <globalKey>VPL-GetAnalysisCustoma1V3h000000mAP1EAMItem24</globalKey>
        <inputFieldName>AttrAssignment:vlocity_cmt__Value__c</inputFieldName>
        <inputObjectQuerySequence>0.0</inputObjectQuerySequence>
        <linkedObjectSequence>0.0</linkedObjectSequence>
        <name>VPL-GetAnalysis</name>
        <outputCreationSequence>1.0</outputCreationSequence>
        <outputFieldName>Analysis:AttributeValue</outputFieldName>
        <outputObjectName>json</outputObjectName>
        <requiredForUpsert>false</requiredForUpsert>
        <upsertKey>false</upsertKey>
    </omniDataTransformItem>
    <omniDataTransformItem>
        <disabled>false</disabled>
        <filterGroup>0.0</filterGroup>
        <globalKey>VPL-GetAnalysisCustoma1V3h000000mAP1EAMItem23</globalKey>
        <inputFieldName>AttrAssignment:vlocity_cmt__CategoryCode__c</inputFieldName>
        <inputObjectQuerySequence>0.0</inputObjectQuerySequence>
        <linkedObjectSequence>0.0</linkedObjectSequence>
        <name>VPL-GetAnalysis</name>
        <outputCreationSequence>1.0</outputCreationSequence>
        <outputFieldName>Analysis:Category</outputFieldName>
        <outputObjectName>json</outputObjectName>
        <requiredForUpsert>false</requiredForUpsert>
        <upsertKey>false</upsertKey>
    </omniDataTransformItem>
    <omniDataTransformItem>
        <disabled>false</disabled>
        <filterGroup>2.0</filterGroup>
        <filterOperator>=</filterOperator>
        <filterValue>&apos;true&apos;</filterValue>
        <globalKey>VPL-GetAnalysisCustoma1V3h000000mAP1EAMItem10</globalKey>
        <inputFieldName>vlocity_cmt__IsActive__c</inputFieldName>
        <inputObjectName>vlocity_cmt__AttributeAssignment__c</inputObjectName>
        <inputObjectQuerySequence>2.0</inputObjectQuerySequence>
        <linkedObjectSequence>0.0</linkedObjectSequence>
        <name>VPL-GetAnalysis</name>
        <outputCreationSequence>0.0</outputCreationSequence>
        <outputFieldName>AttrAssignment</outputFieldName>
        <outputObjectName>json</outputObjectName>
        <requiredForUpsert>false</requiredForUpsert>
        <upsertKey>false</upsertKey>
    </omniDataTransformItem>
    <omniDataTransformItem>
        <disabled>false</disabled>
        <filterGroup>2.0</filterGroup>
        <filterOperator>=</filterOperator>
        <filterValue>Account:Id</filterValue>
        <globalKey>VPL-GetAnalysisCustoma1V3h000000mAP1EAMItem13</globalKey>
        <inputFieldName>vlocity_cmt__ObjectId__c</inputFieldName>
        <inputObjectName>vlocity_cmt__AttributeAssignment__c</inputObjectName>
        <inputObjectQuerySequence>2.0</inputObjectQuerySequence>
        <linkedObjectSequence>0.0</linkedObjectSequence>
        <name>VPL-GetAnalysis</name>
        <outputCreationSequence>0.0</outputCreationSequence>
        <outputFieldName>AttrAssignment</outputFieldName>
        <outputObjectName>json</outputObjectName>
        <requiredForUpsert>false</requiredForUpsert>
        <upsertKey>false</upsertKey>
    </omniDataTransformItem>
    <omniDataTransformItem>
        <disabled>false</disabled>
        <filterGroup>1.0</filterGroup>
        <filterOperator>=</filterOperator>
        <filterValue>&apos;false&apos;</filterValue>
        <globalKey>VPL-GetAnalysisCustoma1V3h000000mAP1EAMItem17</globalKey>
        <inputFieldName>vlocity_cmt__RemovedFlag__c</inputFieldName>
        <inputObjectName>vlocity_cmt__AttributeAssignment__c</inputObjectName>
        <inputObjectQuerySequence>2.0</inputObjectQuerySequence>
        <linkedObjectSequence>0.0</linkedObjectSequence>
        <name>VPL-GetAnalysis</name>
        <outputCreationSequence>0.0</outputCreationSequence>
        <outputFieldName>AttrAssignment</outputFieldName>
        <outputObjectName>json</outputObjectName>
        <requiredForUpsert>false</requiredForUpsert>
        <upsertKey>false</upsertKey>
    </omniDataTransformItem>
    <omniDataTransformItem>
        <disabled>false</disabled>
        <filterGroup>2.0</filterGroup>
        <filterOperator>=</filterOperator>
        <filterValue>&apos;ANALYSIS_RENEWAL_POTENTIAL&apos;</filterValue>
        <globalKey>VPL-GetAnalysisCustoma1V3h000000mAP1EAMItem7</globalKey>
        <inputFieldName>vlocity_cmt__CategoryCode__c</inputFieldName>
        <inputObjectName>vlocity_cmt__AttributeAssignment__c</inputObjectName>
        <inputObjectQuerySequence>2.0</inputObjectQuerySequence>
        <linkedObjectSequence>0.0</linkedObjectSequence>
        <name>VPL-GetAnalysis</name>
        <outputCreationSequence>0.0</outputCreationSequence>
        <outputFieldName>AttrAssignment</outputFieldName>
        <outputObjectName>json</outputObjectName>
        <requiredForUpsert>false</requiredForUpsert>
        <upsertKey>false</upsertKey>
    </omniDataTransformItem>
    <omniDataTransformItem>
        <disabled>false</disabled>
        <filterGroup>1.0</filterGroup>
        <filterOperator>=</filterOperator>
        <filterValue>&apos;true&apos;</filterValue>
        <globalKey>VPL-GetAnalysisCustoma1V3h000000mAP1EAMItem11</globalKey>
        <inputFieldName>vlocity_cmt__IsActive__c</inputFieldName>
        <inputObjectName>vlocity_cmt__AttributeAssignment__c</inputObjectName>
        <inputObjectQuerySequence>2.0</inputObjectQuerySequence>
        <linkedObjectSequence>0.0</linkedObjectSequence>
        <name>VPL-GetAnalysis</name>
        <outputCreationSequence>0.0</outputCreationSequence>
        <outputFieldName>AttrAssignment</outputFieldName>
        <outputObjectName>json</outputObjectName>
        <requiredForUpsert>false</requiredForUpsert>
        <upsertKey>false</upsertKey>
    </omniDataTransformItem>
    <omniDataTransformItem>
        <disabled>false</disabled>
        <filterGroup>1.0</filterGroup>
        <filterOperator>=</filterOperator>
        <filterValue>Account:Id</filterValue>
        <globalKey>VPL-GetAnalysisCustoma1V3h000000mAP1EAMItem14</globalKey>
        <inputFieldName>vlocity_cmt__ObjectId__c</inputFieldName>
        <inputObjectName>vlocity_cmt__AttributeAssignment__c</inputObjectName>
        <inputObjectQuerySequence>2.0</inputObjectQuerySequence>
        <linkedObjectSequence>0.0</linkedObjectSequence>
        <name>VPL-GetAnalysis</name>
        <outputCreationSequence>0.0</outputCreationSequence>
        <outputFieldName>AttrAssignment</outputFieldName>
        <outputObjectName>json</outputObjectName>
        <requiredForUpsert>false</requiredForUpsert>
        <upsertKey>false</upsertKey>
    </omniDataTransformItem>
    <omniDataTransformItem>
        <disabled>false</disabled>
        <filterGroup>0.0</filterGroup>
        <filterOperator>ORDER BY</filterOperator>
        <filterValue>vlocity_cmt__CategoryCode__c ASC</filterValue>
        <globalKey>VPL-GetAnalysisCustoma1V3h000000mAP1EAMItem3</globalKey>
        <inputObjectName>vlocity_cmt__AttributeAssignment__c</inputObjectName>
        <inputObjectQuerySequence>2.0</inputObjectQuerySequence>
        <linkedObjectSequence>0.0</linkedObjectSequence>
        <name>VPL-GetAnalysis</name>
        <outputCreationSequence>0.0</outputCreationSequence>
        <outputFieldName>AttrAssignment</outputFieldName>
        <outputObjectName>json</outputObjectName>
        <requiredForUpsert>false</requiredForUpsert>
        <upsertKey>false</upsertKey>
    </omniDataTransformItem>
    <omniDataTransformItem>
        <disabled>false</disabled>
        <filterGroup>1.0</filterGroup>
        <filterOperator>=</filterOperator>
        <filterValue>&apos;ANALYSIS_UPSELL_POTENTIAL&apos;</filterValue>
        <globalKey>VPL-GetAnalysisCustoma1V3h000000mAP1EAMItem8</globalKey>
        <inputFieldName>vlocity_cmt__CategoryCode__c</inputFieldName>
        <inputObjectName>vlocity_cmt__AttributeAssignment__c</inputObjectName>
        <inputObjectQuerySequence>2.0</inputObjectQuerySequence>
        <linkedObjectSequence>0.0</linkedObjectSequence>
        <name>VPL-GetAnalysis</name>
        <outputCreationSequence>0.0</outputCreationSequence>
        <outputFieldName>AttrAssignment</outputFieldName>
        <outputObjectName>json</outputObjectName>
        <requiredForUpsert>false</requiredForUpsert>
        <upsertKey>false</upsertKey>
    </omniDataTransformItem>
    <omniDataTransformItem>
        <disabled>false</disabled>
        <filterGroup>2.0</filterGroup>
        <filterOperator>=</filterOperator>
        <filterValue>&apos;false&apos;</filterValue>
        <globalKey>VPL-GetAnalysisCustoma1V3h000000mAP1EAMItem16</globalKey>
        <inputFieldName>vlocity_cmt__RemovedFlag__c</inputFieldName>
        <inputObjectName>vlocity_cmt__AttributeAssignment__c</inputObjectName>
        <inputObjectQuerySequence>2.0</inputObjectQuerySequence>
        <linkedObjectSequence>0.0</linkedObjectSequence>
        <name>VPL-GetAnalysis</name>
        <outputCreationSequence>0.0</outputCreationSequence>
        <outputFieldName>AttrAssignment</outputFieldName>
        <outputObjectName>json</outputObjectName>
        <requiredForUpsert>false</requiredForUpsert>
        <upsertKey>false</upsertKey>
    </omniDataTransformItem>
    <omniDataTransformItem>
        <disabled>false</disabled>
        <filterGroup>0.0</filterGroup>
        <filterOperator>=</filterOperator>
        <filterValue>&apos;false&apos;</filterValue>
        <globalKey>VPL-GetAnalysisCustoma1V3h000000mAP1EAMItem15</globalKey>
        <inputFieldName>vlocity_cmt__RemovedFlag__c</inputFieldName>
        <inputObjectName>vlocity_cmt__AttributeAssignment__c</inputObjectName>
        <inputObjectQuerySequence>2.0</inputObjectQuerySequence>
        <linkedObjectSequence>0.0</linkedObjectSequence>
        <name>VPL-GetAnalysis</name>
        <outputCreationSequence>0.0</outputCreationSequence>
        <outputFieldName>AttrAssignment</outputFieldName>
        <outputObjectName>json</outputObjectName>
        <requiredForUpsert>false</requiredForUpsert>
        <upsertKey>false</upsertKey>
    </omniDataTransformItem>
    <omniDataTransformItem>
        <disabled>false</disabled>
        <filterGroup>0.0</filterGroup>
        <filterOperator>LIMIT</filterOperator>
        <filterValue>3</filterValue>
        <globalKey>VPL-GetAnalysisCustoma1V3h000000mAP1EAMItem2</globalKey>
        <inputObjectName>vlocity_cmt__AttributeAssignment__c</inputObjectName>
        <inputObjectQuerySequence>2.0</inputObjectQuerySequence>
        <linkedObjectSequence>0.0</linkedObjectSequence>
        <name>VPL-GetAnalysis</name>
        <outputCreationSequence>0.0</outputCreationSequence>
        <outputFieldName>AttrAssignment</outputFieldName>
        <outputObjectName>json</outputObjectName>
        <requiredForUpsert>false</requiredForUpsert>
        <upsertKey>false</upsertKey>
    </omniDataTransformItem>
    <omniDataTransformItem>
        <disabled>false</disabled>
        <filterGroup>0.0</filterGroup>
        <filterOperator>=</filterOperator>
        <filterValue>AccountId</filterValue>
        <globalKey>VPL-GetAnalysisCustoma1V3h000000mAP1EAMItem5</globalKey>
        <inputFieldName>Id</inputFieldName>
        <inputObjectName>Account</inputObjectName>
        <inputObjectQuerySequence>1.0</inputObjectQuerySequence>
        <linkedObjectSequence>0.0</linkedObjectSequence>
        <name>VPL-GetAnalysis</name>
        <outputCreationSequence>0.0</outputCreationSequence>
        <outputFieldName>Account</outputFieldName>
        <outputObjectName>json</outputObjectName>
        <requiredForUpsert>false</requiredForUpsert>
        <upsertKey>false</upsertKey>
    </omniDataTransformItem>
    <omniDataTransformItem>
        <disabled>false</disabled>
        <filterGroup>0.0</filterGroup>
        <filterOperator>=</filterOperator>
        <filterValue>&apos;ANALYSIS_MOOD&apos;</filterValue>
        <globalKey>VPL-GetAnalysisCustoma1V3h000000mAP1EAMItem6</globalKey>
        <inputFieldName>vlocity_cmt__CategoryCode__c</inputFieldName>
        <inputObjectName>vlocity_cmt__AttributeAssignment__c</inputObjectName>
        <inputObjectQuerySequence>2.0</inputObjectQuerySequence>
        <linkedObjectSequence>0.0</linkedObjectSequence>
        <name>VPL-GetAnalysis</name>
        <outputCreationSequence>0.0</outputCreationSequence>
        <outputFieldName>AttrAssignment</outputFieldName>
        <outputObjectName>json</outputObjectName>
        <requiredForUpsert>false</requiredForUpsert>
        <upsertKey>false</upsertKey>
    </omniDataTransformItem>
    <omniDataTransformItem>
        <disabled>false</disabled>
        <filterGroup>0.0</filterGroup>
        <filterOperator>=</filterOperator>
        <filterValue>&apos;true&apos;</filterValue>
        <globalKey>VPL-GetAnalysisCustoma1V3h000000mAP1EAMItem9</globalKey>
        <inputFieldName>vlocity_cmt__IsActive__c</inputFieldName>
        <inputObjectName>vlocity_cmt__AttributeAssignment__c</inputObjectName>
        <inputObjectQuerySequence>2.0</inputObjectQuerySequence>
        <linkedObjectSequence>0.0</linkedObjectSequence>
        <name>VPL-GetAnalysis</name>
        <outputCreationSequence>0.0</outputCreationSequence>
        <outputFieldName>AttrAssignment</outputFieldName>
        <outputObjectName>json</outputObjectName>
        <requiredForUpsert>false</requiredForUpsert>
        <upsertKey>false</upsertKey>
    </omniDataTransformItem>
    <omniDataTransformItem>
        <disabled>false</disabled>
        <filterGroup>0.0</filterGroup>
        <filterOperator>=</filterOperator>
        <filterValue>Account:Id</filterValue>
        <globalKey>VPL-GetAnalysisCustoma1V3h000000mAP1EAMItem12</globalKey>
        <inputFieldName>vlocity_cmt__ObjectId__c</inputFieldName>
        <inputObjectName>vlocity_cmt__AttributeAssignment__c</inputObjectName>
        <inputObjectQuerySequence>2.0</inputObjectQuerySequence>
        <linkedObjectSequence>0.0</linkedObjectSequence>
        <name>VPL-GetAnalysis</name>
        <outputCreationSequence>0.0</outputCreationSequence>
        <outputFieldName>AttrAssignment</outputFieldName>
        <outputObjectName>json</outputObjectName>
        <requiredForUpsert>false</requiredForUpsert>
        <upsertKey>false</upsertKey>
    </omniDataTransformItem>
    <outputType>JSON</outputType>
    <previewJsonData>{
  &quot;AccountId&quot; : &quot;0013h00000Bue2WAAR&quot;
}</previewJsonData>
    <processSuperBulk>false</processSuperBulk>
    <responseCacheTtlMinutes>0.0</responseCacheTtlMinutes>
    <rollbackOnError>false</rollbackOnError>
    <sourceObject>json</sourceObject>
    <sourceObjectDefault>false</sourceObjectDefault>
    <synchronousProcessThreshold>-1.0</synchronousProcessThreshold>
    <type>Extract</type>
    <uniqueName>VPLGetAnalysis_1</uniqueName>
    <versionNumber>1.0</versionNumber>
    <xmlDeclarationRemoved>false</xmlDeclarationRemoved>
</OmniDataTransform>
