<?xml version="1.0" encoding="UTF-8"?>
<OmniDataTransform xmlns="http://soap.sforce.com/2006/04/metadata">
    <active>false</active>
    <assignmentRulesUsed>false</assignmentRulesUsed>
    <deletedOnSuccess>false</deletedOnSuccess>
    <description>DataRaptor to fetch the Customer Satisfaction attributes  from Account</description>
    <errorIgnored>false</errorIgnored>
    <fieldLevelSecurityEnabled>false</fieldLevelSecurityEnabled>
    <inputType>JSON</inputType>
    <name>VPLGetCustomerSatisfaction</name>
    <nullInputsIncludedInOutput>false</nullInputsIncludedInOutput>
    <omniDataTransformItem>
        <disabled>false</disabled>
        <filterGroup>0.0</filterGroup>
        <globalKey>VPL-GetCustomerSatisfactionCustoma1V3h000000mAOwEAMItem40</globalKey>
        <inputFieldName>CustomerSatisfactionService</inputFieldName>
        <inputObjectQuerySequence>0.0</inputObjectQuerySequence>
        <linkedObjectSequence>0.0</linkedObjectSequence>
        <name>VPL-GetCustomerSatisfaction</name>
        <outputCreationSequence>1.0</outputCreationSequence>
        <outputFieldName>CustomerSatisfaction1:Service</outputFieldName>
        <outputObjectName>json</outputObjectName>
        <requiredForUpsert>false</requiredForUpsert>
        <upsertKey>false</upsertKey>
    </omniDataTransformItem>
    <omniDataTransformItem>
        <disabled>false</disabled>
        <filterGroup>0.0</filterGroup>
        <globalKey>VPL-GetCustomerSatisfactionCustoma1V3h000000mAOwEAMItem41</globalKey>
        <inputFieldName>CustomerSatisfactionUsageCharges</inputFieldName>
        <inputObjectQuerySequence>0.0</inputObjectQuerySequence>
        <linkedObjectSequence>0.0</linkedObjectSequence>
        <name>VPL-GetCustomerSatisfaction</name>
        <outputCreationSequence>1.0</outputCreationSequence>
        <outputFieldName>CustomerSatisfaction1:UsageCharges</outputFieldName>
        <outputObjectName>json</outputObjectName>
        <requiredForUpsert>false</requiredForUpsert>
        <upsertKey>false</upsertKey>
    </omniDataTransformItem>
    <omniDataTransformItem>
        <disabled>false</disabled>
        <filterGroup>0.0</filterGroup>
        <globalKey>VPL-GetCustomerSatisfactionCustoma1V3h000000mAOwEAMItem38</globalKey>
        <inputFieldName>CustomerSatisfactionMaintenance</inputFieldName>
        <inputObjectQuerySequence>0.0</inputObjectQuerySequence>
        <linkedObjectSequence>0.0</linkedObjectSequence>
        <name>VPL-GetCustomerSatisfaction</name>
        <outputCreationSequence>1.0</outputCreationSequence>
        <outputFieldName>CustomerSatisfaction1:Maintenance</outputFieldName>
        <outputObjectName>json</outputObjectName>
        <requiredForUpsert>false</requiredForUpsert>
        <upsertKey>false</upsertKey>
    </omniDataTransformItem>
    <omniDataTransformItem>
        <disabled>false</disabled>
        <filterGroup>0.0</filterGroup>
        <globalKey>VPL-GetCustomerSatisfactionCustoma1V3h000000mAOwEAMItem39</globalKey>
        <inputFieldName>CustomerSatisfactionReliability</inputFieldName>
        <inputObjectQuerySequence>0.0</inputObjectQuerySequence>
        <linkedObjectSequence>0.0</linkedObjectSequence>
        <name>VPL-GetCustomerSatisfaction</name>
        <outputCreationSequence>1.0</outputCreationSequence>
        <outputFieldName>CustomerSatisfaction1:Reliability</outputFieldName>
        <outputObjectName>json</outputObjectName>
        <requiredForUpsert>false</requiredForUpsert>
        <upsertKey>false</upsertKey>
    </omniDataTransformItem>
    <omniDataTransformItem>
        <disabled>false</disabled>
        <filterGroup>0.0</filterGroup>
        <globalKey>VPL-GetCustomerSatisfactionCustoma1V3h000000mAOwEAMItem36</globalKey>
        <inputFieldName>CustomerSatisfactionCost</inputFieldName>
        <inputObjectQuerySequence>0.0</inputObjectQuerySequence>
        <linkedObjectSequence>0.0</linkedObjectSequence>
        <name>VPL-GetCustomerSatisfaction</name>
        <outputCreationSequence>1.0</outputCreationSequence>
        <outputFieldName>CustomerSatisfaction1:Cost</outputFieldName>
        <outputObjectName>json</outputObjectName>
        <requiredForUpsert>false</requiredForUpsert>
        <upsertKey>false</upsertKey>
    </omniDataTransformItem>
    <omniDataTransformItem>
        <disabled>false</disabled>
        <filterGroup>0.0</filterGroup>
        <globalKey>VPL-GetCustomerSatisfactionCustoma1V3h000000mAOwEAMItem37</globalKey>
        <inputFieldName>CustomerSatisfactionCoverage</inputFieldName>
        <inputObjectQuerySequence>0.0</inputObjectQuerySequence>
        <linkedObjectSequence>0.0</linkedObjectSequence>
        <name>VPL-GetCustomerSatisfaction</name>
        <outputCreationSequence>1.0</outputCreationSequence>
        <outputFieldName>CustomerSatisfaction1:Coverage</outputFieldName>
        <outputObjectName>json</outputObjectName>
        <requiredForUpsert>false</requiredForUpsert>
        <upsertKey>false</upsertKey>
    </omniDataTransformItem>
    <omniDataTransformItem>
        <disabled>false</disabled>
        <filterGroup>0.0</filterGroup>
        <globalKey>VPL-GetCustomerSatisfactionCustoma1V3h000000mAOwEAMItem34</globalKey>
        <inputFieldName>AttrAssignment:vlocity_cmt__CategoryCode__c</inputFieldName>
        <inputObjectQuerySequence>0.0</inputObjectQuerySequence>
        <linkedObjectSequence>0.0</linkedObjectSequence>
        <name>VPL-GetCustomerSatisfaction</name>
        <outputCreationSequence>1.0</outputCreationSequence>
        <outputFieldName>CustomerSatisfaction:Category</outputFieldName>
        <outputObjectName>json</outputObjectName>
        <requiredForUpsert>false</requiredForUpsert>
        <upsertKey>false</upsertKey>
    </omniDataTransformItem>
    <omniDataTransformItem>
        <disabled>false</disabled>
        <filterGroup>0.0</filterGroup>
        <globalKey>VPL-GetCustomerSatisfactionCustoma1V3h000000mAOwEAMItem33</globalKey>
        <inputFieldName>AttrAssignment:Id</inputFieldName>
        <inputObjectQuerySequence>0.0</inputObjectQuerySequence>
        <linkedObjectSequence>0.0</linkedObjectSequence>
        <name>VPL-GetCustomerSatisfaction</name>
        <outputCreationSequence>1.0</outputCreationSequence>
        <outputFieldName>CustomerSatisfaction:AttrAssignId</outputFieldName>
        <outputObjectName>json</outputObjectName>
        <requiredForUpsert>false</requiredForUpsert>
        <upsertKey>false</upsertKey>
    </omniDataTransformItem>
    <omniDataTransformItem>
        <disabled>false</disabled>
        <filterGroup>0.0</filterGroup>
        <globalKey>VPL-GetCustomerSatisfactionCustoma1V3h000000mAOwEAMItem35</globalKey>
        <inputFieldName>AttrAssignment:vlocity_cmt__Value__c</inputFieldName>
        <inputObjectQuerySequence>0.0</inputObjectQuerySequence>
        <linkedObjectSequence>0.0</linkedObjectSequence>
        <name>VPL-GetCustomerSatisfaction</name>
        <outputCreationSequence>1.0</outputCreationSequence>
        <outputFieldName>CustomerSatisfaction:AttributeValue</outputFieldName>
        <outputObjectName>json</outputObjectName>
        <requiredForUpsert>false</requiredForUpsert>
        <upsertKey>false</upsertKey>
    </omniDataTransformItem>
    <omniDataTransformItem>
        <disabled>false</disabled>
        <filterGroup>0.0</filterGroup>
        <formulaConverted>var:AttrAssignment|2:vlocity_cmt__Value__c</formulaConverted>
        <formulaExpression>AttrAssignment|2:vlocity_cmt__Value__c</formulaExpression>
        <formulaResultPath>CustomerSatisfactionCoverage</formulaResultPath>
        <formulaSequence>2.0</formulaSequence>
        <globalKey>VPL-GetCustomerSatisfactionCustoma1V3h000000mAOwEAMItem0</globalKey>
        <inputObjectQuerySequence>0.0</inputObjectQuerySequence>
        <linkedObjectSequence>0.0</linkedObjectSequence>
        <name>VPL-GetCustomerSatisfaction</name>
        <outputCreationSequence>0.0</outputCreationSequence>
        <outputFieldName>Formula</outputFieldName>
        <outputObjectName>Formula</outputObjectName>
        <requiredForUpsert>false</requiredForUpsert>
        <upsertKey>false</upsertKey>
    </omniDataTransformItem>
    <omniDataTransformItem>
        <disabled>false</disabled>
        <filterGroup>0.0</filterGroup>
        <formulaConverted>var:AttrAssignment|3:vlocity_cmt__Value__c</formulaConverted>
        <formulaExpression>AttrAssignment|3:vlocity_cmt__Value__c</formulaExpression>
        <formulaResultPath>CustomerSatisfactionMaintenance</formulaResultPath>
        <formulaSequence>3.0</formulaSequence>
        <globalKey>VPL-GetCustomerSatisfactionCustoma1V3h000000mAOwEAMItem6</globalKey>
        <inputObjectQuerySequence>0.0</inputObjectQuerySequence>
        <linkedObjectSequence>0.0</linkedObjectSequence>
        <name>VPL-GetCustomerSatisfaction</name>
        <outputCreationSequence>0.0</outputCreationSequence>
        <outputFieldName>Formula</outputFieldName>
        <outputObjectName>Formula</outputObjectName>
        <requiredForUpsert>false</requiredForUpsert>
        <upsertKey>false</upsertKey>
    </omniDataTransformItem>
    <omniDataTransformItem>
        <disabled>false</disabled>
        <filterGroup>5.0</filterGroup>
        <filterOperator>=</filterOperator>
        <filterValue>&apos;false&apos;</filterValue>
        <globalKey>VPL-GetCustomerSatisfactionCustoma1V3h000000mAOwEAMItem27</globalKey>
        <inputFieldName>vlocity_cmt__RemovedFlag__c</inputFieldName>
        <inputObjectName>vlocity_cmt__AttributeAssignment__c</inputObjectName>
        <inputObjectQuerySequence>2.0</inputObjectQuerySequence>
        <linkedObjectSequence>0.0</linkedObjectSequence>
        <name>VPL-GetCustomerSatisfaction</name>
        <outputCreationSequence>0.0</outputCreationSequence>
        <outputFieldName>AttrAssignment</outputFieldName>
        <outputObjectName>json</outputObjectName>
        <requiredForUpsert>false</requiredForUpsert>
        <upsertKey>false</upsertKey>
    </omniDataTransformItem>
    <omniDataTransformItem>
        <disabled>false</disabled>
        <filterGroup>0.0</filterGroup>
        <formulaConverted>var:AttrAssignment|1:vlocity_cmt__Value__c</formulaConverted>
        <formulaExpression>AttrAssignment|1:vlocity_cmt__Value__c</formulaExpression>
        <formulaResultPath>CustomerSatisfactionCost</formulaResultPath>
        <formulaSequence>1.0</formulaSequence>
        <globalKey>VPL-GetCustomerSatisfactionCustoma1V3h000000mAOwEAMItem3</globalKey>
        <inputObjectQuerySequence>0.0</inputObjectQuerySequence>
        <linkedObjectSequence>0.0</linkedObjectSequence>
        <name>VPL-GetCustomerSatisfaction</name>
        <outputCreationSequence>0.0</outputCreationSequence>
        <outputFieldName>Formula</outputFieldName>
        <outputObjectName>Formula</outputObjectName>
        <requiredForUpsert>false</requiredForUpsert>
        <upsertKey>false</upsertKey>
    </omniDataTransformItem>
    <omniDataTransformItem>
        <disabled>false</disabled>
        <filterGroup>5.0</filterGroup>
        <filterOperator>=</filterOperator>
        <filterValue>&apos;true&apos;</filterValue>
        <globalKey>VPL-GetCustomerSatisfactionCustoma1V3h000000mAOwEAMItem15</globalKey>
        <inputFieldName>vlocity_cmt__IsActive__c</inputFieldName>
        <inputObjectName>vlocity_cmt__AttributeAssignment__c</inputObjectName>
        <inputObjectQuerySequence>2.0</inputObjectQuerySequence>
        <linkedObjectSequence>0.0</linkedObjectSequence>
        <name>VPL-GetCustomerSatisfaction</name>
        <outputCreationSequence>0.0</outputCreationSequence>
        <outputFieldName>AttrAssignment</outputFieldName>
        <outputObjectName>json</outputObjectName>
        <requiredForUpsert>false</requiredForUpsert>
        <upsertKey>false</upsertKey>
    </omniDataTransformItem>
    <omniDataTransformItem>
        <disabled>false</disabled>
        <filterGroup>5.0</filterGroup>
        <filterOperator>=</filterOperator>
        <filterValue>Account:Id</filterValue>
        <globalKey>VPL-GetCustomerSatisfactionCustoma1V3h000000mAOwEAMItem21</globalKey>
        <inputFieldName>vlocity_cmt__ObjectId__c</inputFieldName>
        <inputObjectName>vlocity_cmt__AttributeAssignment__c</inputObjectName>
        <inputObjectQuerySequence>2.0</inputObjectQuerySequence>
        <linkedObjectSequence>0.0</linkedObjectSequence>
        <name>VPL-GetCustomerSatisfaction</name>
        <outputCreationSequence>0.0</outputCreationSequence>
        <outputFieldName>AttrAssignment</outputFieldName>
        <outputObjectName>json</outputObjectName>
        <requiredForUpsert>false</requiredForUpsert>
        <upsertKey>false</upsertKey>
    </omniDataTransformItem>
    <omniDataTransformItem>
        <disabled>false</disabled>
        <filterGroup>4.0</filterGroup>
        <filterOperator>=</filterOperator>
        <filterValue>&apos;false&apos;</filterValue>
        <globalKey>VPL-GetCustomerSatisfactionCustoma1V3h000000mAOwEAMItem31</globalKey>
        <inputFieldName>vlocity_cmt__RemovedFlag__c</inputFieldName>
        <inputObjectName>vlocity_cmt__AttributeAssignment__c</inputObjectName>
        <inputObjectQuerySequence>2.0</inputObjectQuerySequence>
        <linkedObjectSequence>0.0</linkedObjectSequence>
        <name>VPL-GetCustomerSatisfaction</name>
        <outputCreationSequence>0.0</outputCreationSequence>
        <outputFieldName>AttrAssignment</outputFieldName>
        <outputObjectName>json</outputObjectName>
        <requiredForUpsert>false</requiredForUpsert>
        <upsertKey>false</upsertKey>
    </omniDataTransformItem>
    <omniDataTransformItem>
        <disabled>false</disabled>
        <filterGroup>5.0</filterGroup>
        <filterOperator>=</filterOperator>
        <filterValue>&apos;CUSTOMER_SATISFACTION_USAGE_CHARGES&apos;</filterValue>
        <globalKey>VPL-GetCustomerSatisfactionCustoma1V3h000000mAOwEAMItem9</globalKey>
        <inputFieldName>vlocity_cmt__CategoryCode__c</inputFieldName>
        <inputObjectName>vlocity_cmt__AttributeAssignment__c</inputObjectName>
        <inputObjectQuerySequence>2.0</inputObjectQuerySequence>
        <linkedObjectSequence>0.0</linkedObjectSequence>
        <name>VPL-GetCustomerSatisfaction</name>
        <outputCreationSequence>0.0</outputCreationSequence>
        <outputFieldName>AttrAssignment</outputFieldName>
        <outputObjectName>json</outputObjectName>
        <requiredForUpsert>false</requiredForUpsert>
        <upsertKey>false</upsertKey>
    </omniDataTransformItem>
    <omniDataTransformItem>
        <disabled>false</disabled>
        <filterGroup>0.0</filterGroup>
        <formulaConverted>var:AttrAssignment|6:vlocity_cmt__Value__c</formulaConverted>
        <formulaExpression>AttrAssignment|6:vlocity_cmt__Value__c</formulaExpression>
        <formulaResultPath>CustomerSatisfactionUsageCharges</formulaResultPath>
        <formulaSequence>6.0</formulaSequence>
        <globalKey>VPL-GetCustomerSatisfactionCustoma1V3h000000mAOwEAMItem4</globalKey>
        <inputObjectQuerySequence>0.0</inputObjectQuerySequence>
        <linkedObjectSequence>0.0</linkedObjectSequence>
        <name>VPL-GetCustomerSatisfaction</name>
        <outputCreationSequence>0.0</outputCreationSequence>
        <outputFieldName>Formula</outputFieldName>
        <outputObjectName>Formula</outputObjectName>
        <requiredForUpsert>false</requiredForUpsert>
        <upsertKey>false</upsertKey>
    </omniDataTransformItem>
    <omniDataTransformItem>
        <disabled>false</disabled>
        <filterGroup>0.0</filterGroup>
        <globalKey>VPL-GetCustomerSatisfactionCustom5691</globalKey>
        <inputObjectQuerySequence>0.0</inputObjectQuerySequence>
        <linkedObjectSequence>0.0</linkedObjectSequence>
        <name>VPL-GetCustomerSatisfaction</name>
        <outputCreationSequence>1.0</outputCreationSequence>
        <outputFieldFormat>List&lt;Map&gt;</outputFieldFormat>
        <outputFieldName>CustomerSatisfaction</outputFieldName>
        <outputObjectName>json</outputObjectName>
        <requiredForUpsert>false</requiredForUpsert>
        <upsertKey>false</upsertKey>
    </omniDataTransformItem>
    <omniDataTransformItem>
        <disabled>false</disabled>
        <filterGroup>0.0</filterGroup>
        <formulaConverted>var:AttrAssignment|4:vlocity_cmt__Value__c</formulaConverted>
        <formulaExpression>AttrAssignment|4:vlocity_cmt__Value__c</formulaExpression>
        <formulaResultPath>CustomerSatisfactionReliability</formulaResultPath>
        <formulaSequence>4.0</formulaSequence>
        <globalKey>VPL-GetCustomerSatisfactionCustoma1V3h000000mAOwEAMItem5</globalKey>
        <inputObjectQuerySequence>0.0</inputObjectQuerySequence>
        <linkedObjectSequence>0.0</linkedObjectSequence>
        <name>VPL-GetCustomerSatisfaction</name>
        <outputCreationSequence>0.0</outputCreationSequence>
        <outputFieldName>Formula</outputFieldName>
        <outputObjectName>Formula</outputObjectName>
        <requiredForUpsert>false</requiredForUpsert>
        <upsertKey>false</upsertKey>
    </omniDataTransformItem>
    <omniDataTransformItem>
        <disabled>false</disabled>
        <filterGroup>0.0</filterGroup>
        <formulaConverted>var:AttrAssignment|5:vlocity_cmt__Value__c</formulaConverted>
        <formulaExpression>AttrAssignment|5:vlocity_cmt__Value__c</formulaExpression>
        <formulaResultPath>CustomerSatisfactionService</formulaResultPath>
        <formulaSequence>5.0</formulaSequence>
        <globalKey>VPL-GetCustomerSatisfactionCustoma1V3h000000mAOwEAMItem7</globalKey>
        <inputObjectQuerySequence>0.0</inputObjectQuerySequence>
        <linkedObjectSequence>0.0</linkedObjectSequence>
        <name>VPL-GetCustomerSatisfaction</name>
        <outputCreationSequence>0.0</outputCreationSequence>
        <outputFieldName>Formula</outputFieldName>
        <outputObjectName>Formula</outputObjectName>
        <requiredForUpsert>false</requiredForUpsert>
        <upsertKey>false</upsertKey>
    </omniDataTransformItem>
    <omniDataTransformItem>
        <disabled>false</disabled>
        <filterGroup>2.0</filterGroup>
        <filterOperator>=</filterOperator>
        <filterValue>&apos;true&apos;</filterValue>
        <globalKey>VPL-GetCustomerSatisfactionCustoma1V3h000000mAOwEAMItem17</globalKey>
        <inputFieldName>vlocity_cmt__IsActive__c</inputFieldName>
        <inputObjectName>vlocity_cmt__AttributeAssignment__c</inputObjectName>
        <inputObjectQuerySequence>2.0</inputObjectQuerySequence>
        <linkedObjectSequence>0.0</linkedObjectSequence>
        <name>VPL-GetCustomerSatisfaction</name>
        <outputCreationSequence>0.0</outputCreationSequence>
        <outputFieldName>AttrAssignment</outputFieldName>
        <outputObjectName>json</outputObjectName>
        <requiredForUpsert>false</requiredForUpsert>
        <upsertKey>false</upsertKey>
    </omniDataTransformItem>
    <omniDataTransformItem>
        <disabled>false</disabled>
        <filterGroup>2.0</filterGroup>
        <filterOperator>=</filterOperator>
        <filterValue>Account:Id</filterValue>
        <globalKey>VPL-GetCustomerSatisfactionCustoma1V3h000000mAOwEAMItem23</globalKey>
        <inputFieldName>vlocity_cmt__ObjectId__c</inputFieldName>
        <inputObjectName>vlocity_cmt__AttributeAssignment__c</inputObjectName>
        <inputObjectQuerySequence>2.0</inputObjectQuerySequence>
        <linkedObjectSequence>0.0</linkedObjectSequence>
        <name>VPL-GetCustomerSatisfaction</name>
        <outputCreationSequence>0.0</outputCreationSequence>
        <outputFieldName>AttrAssignment</outputFieldName>
        <outputObjectName>json</outputObjectName>
        <requiredForUpsert>false</requiredForUpsert>
        <upsertKey>false</upsertKey>
    </omniDataTransformItem>
    <omniDataTransformItem>
        <disabled>false</disabled>
        <filterGroup>1.0</filterGroup>
        <filterOperator>=</filterOperator>
        <filterValue>&apos;false&apos;</filterValue>
        <globalKey>VPL-GetCustomerSatisfactionCustoma1V3h000000mAOwEAMItem28</globalKey>
        <inputFieldName>vlocity_cmt__RemovedFlag__c</inputFieldName>
        <inputObjectName>vlocity_cmt__AttributeAssignment__c</inputObjectName>
        <inputObjectQuerySequence>2.0</inputObjectQuerySequence>
        <linkedObjectSequence>0.0</linkedObjectSequence>
        <name>VPL-GetCustomerSatisfaction</name>
        <outputCreationSequence>0.0</outputCreationSequence>
        <outputFieldName>AttrAssignment</outputFieldName>
        <outputObjectName>json</outputObjectName>
        <requiredForUpsert>false</requiredForUpsert>
        <upsertKey>false</upsertKey>
    </omniDataTransformItem>
    <omniDataTransformItem>
        <disabled>false</disabled>
        <filterGroup>2.0</filterGroup>
        <filterOperator>=</filterOperator>
        <filterValue>&apos;CUSTOMER_SATISFACTION_COVERAGE&apos;</filterValue>
        <globalKey>VPL-GetCustomerSatisfactionCustoma1V3h000000mAOwEAMItem11</globalKey>
        <inputFieldName>vlocity_cmt__CategoryCode__c</inputFieldName>
        <inputObjectName>vlocity_cmt__AttributeAssignment__c</inputObjectName>
        <inputObjectQuerySequence>2.0</inputObjectQuerySequence>
        <linkedObjectSequence>0.0</linkedObjectSequence>
        <name>VPL-GetCustomerSatisfaction</name>
        <outputCreationSequence>0.0</outputCreationSequence>
        <outputFieldName>AttrAssignment</outputFieldName>
        <outputObjectName>json</outputObjectName>
        <requiredForUpsert>false</requiredForUpsert>
        <upsertKey>false</upsertKey>
    </omniDataTransformItem>
    <omniDataTransformItem>
        <disabled>false</disabled>
        <filterGroup>1.0</filterGroup>
        <filterOperator>=</filterOperator>
        <filterValue>&apos;true&apos;</filterValue>
        <globalKey>VPL-GetCustomerSatisfactionCustoma1V3h000000mAOwEAMItem16</globalKey>
        <inputFieldName>vlocity_cmt__IsActive__c</inputFieldName>
        <inputObjectName>vlocity_cmt__AttributeAssignment__c</inputObjectName>
        <inputObjectQuerySequence>2.0</inputObjectQuerySequence>
        <linkedObjectSequence>0.0</linkedObjectSequence>
        <name>VPL-GetCustomerSatisfaction</name>
        <outputCreationSequence>0.0</outputCreationSequence>
        <outputFieldName>AttrAssignment</outputFieldName>
        <outputObjectName>json</outputObjectName>
        <requiredForUpsert>false</requiredForUpsert>
        <upsertKey>false</upsertKey>
    </omniDataTransformItem>
    <omniDataTransformItem>
        <disabled>false</disabled>
        <filterGroup>1.0</filterGroup>
        <filterOperator>=</filterOperator>
        <filterValue>Account:Id</filterValue>
        <globalKey>VPL-GetCustomerSatisfactionCustoma1V3h000000mAOwEAMItem22</globalKey>
        <inputFieldName>vlocity_cmt__ObjectId__c</inputFieldName>
        <inputObjectName>vlocity_cmt__AttributeAssignment__c</inputObjectName>
        <inputObjectQuerySequence>2.0</inputObjectQuerySequence>
        <linkedObjectSequence>0.0</linkedObjectSequence>
        <name>VPL-GetCustomerSatisfaction</name>
        <outputCreationSequence>0.0</outputCreationSequence>
        <outputFieldName>AttrAssignment</outputFieldName>
        <outputObjectName>json</outputObjectName>
        <requiredForUpsert>false</requiredForUpsert>
        <upsertKey>false</upsertKey>
    </omniDataTransformItem>
    <omniDataTransformItem>
        <disabled>false</disabled>
        <filterGroup>4.0</filterGroup>
        <filterOperator>=</filterOperator>
        <filterValue>&apos;true&apos;</filterValue>
        <globalKey>VPL-GetCustomerSatisfactionCustoma1V3h000000mAOwEAMItem19</globalKey>
        <inputFieldName>vlocity_cmt__IsActive__c</inputFieldName>
        <inputObjectName>vlocity_cmt__AttributeAssignment__c</inputObjectName>
        <inputObjectQuerySequence>2.0</inputObjectQuerySequence>
        <linkedObjectSequence>0.0</linkedObjectSequence>
        <name>VPL-GetCustomerSatisfaction</name>
        <outputCreationSequence>0.0</outputCreationSequence>
        <outputFieldName>AttrAssignment</outputFieldName>
        <outputObjectName>json</outputObjectName>
        <requiredForUpsert>false</requiredForUpsert>
        <upsertKey>false</upsertKey>
    </omniDataTransformItem>
    <omniDataTransformItem>
        <disabled>false</disabled>
        <filterGroup>4.0</filterGroup>
        <filterOperator>=</filterOperator>
        <filterValue>Account:Id</filterValue>
        <globalKey>VPL-GetCustomerSatisfactionCustoma1V3h000000mAOwEAMItem25</globalKey>
        <inputFieldName>vlocity_cmt__ObjectId__c</inputFieldName>
        <inputObjectName>vlocity_cmt__AttributeAssignment__c</inputObjectName>
        <inputObjectQuerySequence>2.0</inputObjectQuerySequence>
        <linkedObjectSequence>0.0</linkedObjectSequence>
        <name>VPL-GetCustomerSatisfaction</name>
        <outputCreationSequence>0.0</outputCreationSequence>
        <outputFieldName>AttrAssignment</outputFieldName>
        <outputObjectName>json</outputObjectName>
        <requiredForUpsert>false</requiredForUpsert>
        <upsertKey>false</upsertKey>
    </omniDataTransformItem>
    <omniDataTransformItem>
        <disabled>false</disabled>
        <filterGroup>3.0</filterGroup>
        <filterOperator>=</filterOperator>
        <filterValue>&apos;false&apos;</filterValue>
        <globalKey>VPL-GetCustomerSatisfactionCustoma1V3h000000mAOwEAMItem30</globalKey>
        <inputFieldName>vlocity_cmt__RemovedFlag__c</inputFieldName>
        <inputObjectName>vlocity_cmt__AttributeAssignment__c</inputObjectName>
        <inputObjectQuerySequence>2.0</inputObjectQuerySequence>
        <linkedObjectSequence>0.0</linkedObjectSequence>
        <name>VPL-GetCustomerSatisfaction</name>
        <outputCreationSequence>0.0</outputCreationSequence>
        <outputFieldName>AttrAssignment</outputFieldName>
        <outputObjectName>json</outputObjectName>
        <requiredForUpsert>false</requiredForUpsert>
        <upsertKey>false</upsertKey>
    </omniDataTransformItem>
    <omniDataTransformItem>
        <disabled>false</disabled>
        <filterGroup>4.0</filterGroup>
        <filterOperator>=</filterOperator>
        <filterValue>&apos;CUSTOMER_SATISFACTION_MAINTENANCE&apos;</filterValue>
        <globalKey>VPL-GetCustomerSatisfactionCustoma1V3h000000mAOwEAMItem13</globalKey>
        <inputFieldName>vlocity_cmt__CategoryCode__c</inputFieldName>
        <inputObjectName>vlocity_cmt__AttributeAssignment__c</inputObjectName>
        <inputObjectQuerySequence>2.0</inputObjectQuerySequence>
        <linkedObjectSequence>0.0</linkedObjectSequence>
        <name>VPL-GetCustomerSatisfaction</name>
        <outputCreationSequence>0.0</outputCreationSequence>
        <outputFieldName>AttrAssignment</outputFieldName>
        <outputObjectName>json</outputObjectName>
        <requiredForUpsert>false</requiredForUpsert>
        <upsertKey>false</upsertKey>
    </omniDataTransformItem>
    <omniDataTransformItem>
        <disabled>false</disabled>
        <filterGroup>3.0</filterGroup>
        <filterOperator>=</filterOperator>
        <filterValue>&apos;true&apos;</filterValue>
        <globalKey>VPL-GetCustomerSatisfactionCustoma1V3h000000mAOwEAMItem18</globalKey>
        <inputFieldName>vlocity_cmt__IsActive__c</inputFieldName>
        <inputObjectName>vlocity_cmt__AttributeAssignment__c</inputObjectName>
        <inputObjectQuerySequence>2.0</inputObjectQuerySequence>
        <linkedObjectSequence>0.0</linkedObjectSequence>
        <name>VPL-GetCustomerSatisfaction</name>
        <outputCreationSequence>0.0</outputCreationSequence>
        <outputFieldName>AttrAssignment</outputFieldName>
        <outputObjectName>json</outputObjectName>
        <requiredForUpsert>false</requiredForUpsert>
        <upsertKey>false</upsertKey>
    </omniDataTransformItem>
    <omniDataTransformItem>
        <disabled>false</disabled>
        <filterGroup>3.0</filterGroup>
        <filterOperator>=</filterOperator>
        <filterValue>Account:Id</filterValue>
        <globalKey>VPL-GetCustomerSatisfactionCustoma1V3h000000mAOwEAMItem24</globalKey>
        <inputFieldName>vlocity_cmt__ObjectId__c</inputFieldName>
        <inputObjectName>vlocity_cmt__AttributeAssignment__c</inputObjectName>
        <inputObjectQuerySequence>2.0</inputObjectQuerySequence>
        <linkedObjectSequence>0.0</linkedObjectSequence>
        <name>VPL-GetCustomerSatisfaction</name>
        <outputCreationSequence>0.0</outputCreationSequence>
        <outputFieldName>AttrAssignment</outputFieldName>
        <outputObjectName>json</outputObjectName>
        <requiredForUpsert>false</requiredForUpsert>
        <upsertKey>false</upsertKey>
    </omniDataTransformItem>
    <omniDataTransformItem>
        <disabled>false</disabled>
        <filterGroup>2.0</filterGroup>
        <filterOperator>=</filterOperator>
        <filterValue>&apos;false&apos;</filterValue>
        <globalKey>VPL-GetCustomerSatisfactionCustoma1V3h000000mAOwEAMItem29</globalKey>
        <inputFieldName>vlocity_cmt__RemovedFlag__c</inputFieldName>
        <inputObjectName>vlocity_cmt__AttributeAssignment__c</inputObjectName>
        <inputObjectQuerySequence>2.0</inputObjectQuerySequence>
        <linkedObjectSequence>0.0</linkedObjectSequence>
        <name>VPL-GetCustomerSatisfaction</name>
        <outputCreationSequence>0.0</outputCreationSequence>
        <outputFieldName>AttrAssignment</outputFieldName>
        <outputObjectName>json</outputObjectName>
        <requiredForUpsert>false</requiredForUpsert>
        <upsertKey>false</upsertKey>
    </omniDataTransformItem>
    <omniDataTransformItem>
        <disabled>false</disabled>
        <filterGroup>3.0</filterGroup>
        <filterOperator>=</filterOperator>
        <filterValue>&apos;CUSTOMER_SATISFACTION_SERVICE&apos;</filterValue>
        <globalKey>VPL-GetCustomerSatisfactionCustoma1V3h000000mAOwEAMItem12</globalKey>
        <inputFieldName>vlocity_cmt__CategoryCode__c</inputFieldName>
        <inputObjectName>vlocity_cmt__AttributeAssignment__c</inputObjectName>
        <inputObjectQuerySequence>2.0</inputObjectQuerySequence>
        <linkedObjectSequence>0.0</linkedObjectSequence>
        <name>VPL-GetCustomerSatisfaction</name>
        <outputCreationSequence>0.0</outputCreationSequence>
        <outputFieldName>AttrAssignment</outputFieldName>
        <outputObjectName>json</outputObjectName>
        <requiredForUpsert>false</requiredForUpsert>
        <upsertKey>false</upsertKey>
    </omniDataTransformItem>
    <omniDataTransformItem>
        <disabled>false</disabled>
        <filterGroup>0.0</filterGroup>
        <filterOperator>=</filterOperator>
        <filterValue>Account:Id</filterValue>
        <globalKey>VPL-GetCustomerSatisfactionCustoma1V3h000000mAOwEAMItem26</globalKey>
        <inputFieldName>vlocity_cmt__ObjectId__c</inputFieldName>
        <inputObjectName>vlocity_cmt__AttributeAssignment__c</inputObjectName>
        <inputObjectQuerySequence>2.0</inputObjectQuerySequence>
        <linkedObjectSequence>0.0</linkedObjectSequence>
        <name>VPL-GetCustomerSatisfaction</name>
        <outputCreationSequence>0.0</outputCreationSequence>
        <outputFieldName>AttrAssignment</outputFieldName>
        <outputObjectName>json</outputObjectName>
        <requiredForUpsert>false</requiredForUpsert>
        <upsertKey>false</upsertKey>
    </omniDataTransformItem>
    <omniDataTransformItem>
        <disabled>false</disabled>
        <filterGroup>0.0</filterGroup>
        <filterOperator>=</filterOperator>
        <filterValue>&apos;false&apos;</filterValue>
        <globalKey>VPL-GetCustomerSatisfactionCustoma1V3h000000mAOwEAMItem32</globalKey>
        <inputFieldName>vlocity_cmt__RemovedFlag__c</inputFieldName>
        <inputObjectName>vlocity_cmt__AttributeAssignment__c</inputObjectName>
        <inputObjectQuerySequence>2.0</inputObjectQuerySequence>
        <linkedObjectSequence>0.0</linkedObjectSequence>
        <name>VPL-GetCustomerSatisfaction</name>
        <outputCreationSequence>0.0</outputCreationSequence>
        <outputFieldName>AttrAssignment</outputFieldName>
        <outputObjectName>json</outputObjectName>
        <requiredForUpsert>false</requiredForUpsert>
        <upsertKey>false</upsertKey>
    </omniDataTransformItem>
    <omniDataTransformItem>
        <disabled>false</disabled>
        <filterGroup>0.0</filterGroup>
        <filterOperator>=</filterOperator>
        <filterValue>&apos;CUSTOMER_SATISFACTION_COST&apos;</filterValue>
        <globalKey>VPL-GetCustomerSatisfactionCustoma1V3h000000mAOwEAMItem14</globalKey>
        <inputFieldName>vlocity_cmt__CategoryCode__c</inputFieldName>
        <inputObjectName>vlocity_cmt__AttributeAssignment__c</inputObjectName>
        <inputObjectQuerySequence>2.0</inputObjectQuerySequence>
        <linkedObjectSequence>0.0</linkedObjectSequence>
        <name>VPL-GetCustomerSatisfaction</name>
        <outputCreationSequence>0.0</outputCreationSequence>
        <outputFieldName>AttrAssignment</outputFieldName>
        <outputObjectName>json</outputObjectName>
        <requiredForUpsert>false</requiredForUpsert>
        <upsertKey>false</upsertKey>
    </omniDataTransformItem>
    <omniDataTransformItem>
        <disabled>false</disabled>
        <filterGroup>0.0</filterGroup>
        <filterOperator>=</filterOperator>
        <filterValue>&apos;true&apos;</filterValue>
        <globalKey>VPL-GetCustomerSatisfactionCustoma1V3h000000mAOwEAMItem20</globalKey>
        <inputFieldName>vlocity_cmt__IsActive__c</inputFieldName>
        <inputObjectName>vlocity_cmt__AttributeAssignment__c</inputObjectName>
        <inputObjectQuerySequence>2.0</inputObjectQuerySequence>
        <linkedObjectSequence>0.0</linkedObjectSequence>
        <name>VPL-GetCustomerSatisfaction</name>
        <outputCreationSequence>0.0</outputCreationSequence>
        <outputFieldName>AttrAssignment</outputFieldName>
        <outputObjectName>json</outputObjectName>
        <requiredForUpsert>false</requiredForUpsert>
        <upsertKey>false</upsertKey>
    </omniDataTransformItem>
    <omniDataTransformItem>
        <disabled>false</disabled>
        <filterGroup>0.0</filterGroup>
        <filterOperator>=</filterOperator>
        <filterValue>AccountId</filterValue>
        <globalKey>VPL-GetCustomerSatisfactionCustoma1V3h000000mAOwEAMItem8</globalKey>
        <inputFieldName>Id</inputFieldName>
        <inputObjectName>Account</inputObjectName>
        <inputObjectQuerySequence>1.0</inputObjectQuerySequence>
        <linkedObjectSequence>0.0</linkedObjectSequence>
        <name>VPL-GetCustomerSatisfaction</name>
        <outputCreationSequence>0.0</outputCreationSequence>
        <outputFieldName>Account</outputFieldName>
        <outputObjectName>json</outputObjectName>
        <requiredForUpsert>false</requiredForUpsert>
        <upsertKey>false</upsertKey>
    </omniDataTransformItem>
    <omniDataTransformItem>
        <disabled>false</disabled>
        <filterGroup>1.0</filterGroup>
        <filterOperator>=</filterOperator>
        <filterValue>&apos;CUSTOMER_SATISFACTION_RELIABILITY&apos;</filterValue>
        <globalKey>VPL-GetCustomerSatisfactionCustoma1V3h000000mAOwEAMItem10</globalKey>
        <inputFieldName>vlocity_cmt__CategoryCode__c</inputFieldName>
        <inputObjectName>vlocity_cmt__AttributeAssignment__c</inputObjectName>
        <inputObjectQuerySequence>2.0</inputObjectQuerySequence>
        <linkedObjectSequence>0.0</linkedObjectSequence>
        <name>VPL-GetCustomerSatisfaction</name>
        <outputCreationSequence>0.0</outputCreationSequence>
        <outputFieldName>AttrAssignment</outputFieldName>
        <outputObjectName>json</outputObjectName>
        <requiredForUpsert>false</requiredForUpsert>
        <upsertKey>false</upsertKey>
    </omniDataTransformItem>
    <omniDataTransformItem>
        <disabled>false</disabled>
        <filterGroup>0.0</filterGroup>
        <filterOperator>LIMIT</filterOperator>
        <filterValue>6</filterValue>
        <globalKey>VPL-GetCustomerSatisfactionCustoma1V3h000000mAOwEAMItem2</globalKey>
        <inputObjectName>vlocity_cmt__AttributeAssignment__c</inputObjectName>
        <inputObjectQuerySequence>2.0</inputObjectQuerySequence>
        <linkedObjectSequence>0.0</linkedObjectSequence>
        <name>VPL-GetCustomerSatisfaction</name>
        <outputCreationSequence>0.0</outputCreationSequence>
        <outputFieldName>AttrAssignment</outputFieldName>
        <outputObjectName>json</outputObjectName>
        <requiredForUpsert>false</requiredForUpsert>
        <upsertKey>false</upsertKey>
    </omniDataTransformItem>
    <omniDataTransformItem>
        <disabled>false</disabled>
        <filterGroup>0.0</filterGroup>
        <filterOperator>ORDER BY</filterOperator>
        <filterValue>vlocity_cmt__CategoryCode__c ASC</filterValue>
        <globalKey>VPL-GetCustomerSatisfactionCustoma1V3h000000mAOwEAMItem1</globalKey>
        <inputObjectName>vlocity_cmt__AttributeAssignment__c</inputObjectName>
        <inputObjectQuerySequence>2.0</inputObjectQuerySequence>
        <linkedObjectSequence>0.0</linkedObjectSequence>
        <name>VPL-GetCustomerSatisfaction</name>
        <outputCreationSequence>0.0</outputCreationSequence>
        <outputFieldName>AttrAssignment</outputFieldName>
        <outputObjectName>json</outputObjectName>
        <requiredForUpsert>false</requiredForUpsert>
        <upsertKey>false</upsertKey>
    </omniDataTransformItem>
    <outputType>JSON</outputType>
    <previewJsonData>{
  &quot;AccountId&quot; : &quot;0013h00000Bue2WAAR&quot;
}</previewJsonData>
    <processSuperBulk>false</processSuperBulk>
    <responseCacheTtlMinutes>0.0</responseCacheTtlMinutes>
    <rollbackOnError>false</rollbackOnError>
    <sourceObject>json</sourceObject>
    <sourceObjectDefault>false</sourceObjectDefault>
    <synchronousProcessThreshold>-1.0</synchronousProcessThreshold>
    <type>Extract</type>
    <uniqueName>VPLGetCustomerSatisfaction_1</uniqueName>
    <versionNumber>1.0</versionNumber>
    <xmlDeclarationRemoved>false</xmlDeclarationRemoved>
</OmniDataTransform>
