<?xml version="1.0" encoding="UTF-8"?>
<OmniDataTransform xmlns="http://soap.sforce.com/2006/04/metadata">
    <active>false</active>
    <assignmentRulesUsed>false</assignmentRulesUsed>
    <deletedOnSuccess>false</deletedOnSuccess>
    <description>Gets info for premise details card.</description>
    <errorIgnored>false</errorIgnored>
    <expectedOutputJson>{
  &quot;City&quot; : &quot;Text&quot;,
  &quot;Id&quot; : &quot;Text&quot;,
  &quot;Owner Account Id&quot; : &quot;Text&quot;,
  &quot;PostalCode&quot; : &quot;Text&quot;,
  &quot;PremiseType&quot; : &quot;Text&quot;,
  &quot;PremisesId&quot; : &quot;Text&quot;,
  &quot;ServicePointName&quot; : &quot;Text&quot;,
  &quot;State&quot; : &quot;Text&quot;,
  &quot;Status&quot; : &quot;Text&quot;,
  &quot;StreetAddress&quot; : &quot;Text&quot;,
  &quot;service_address&quot; : &quot;Text&quot;
}</expectedOutputJson>
    <fieldLevelSecurityEnabled>false</fieldLevelSecurityEnabled>
    <inputType>JSON</inputType>
    <name>VPLGetServiceAccountDetails</name>
    <nullInputsIncludedInOutput>false</nullInputsIncludedInOutput>
    <omniDataTransformItem>
        <disabled>false</disabled>
        <filterGroup>0.0</filterGroup>
        <globalKey>VPLGetServiceAccountDetails4285175659596674</globalKey>
        <inputObjectQuerySequence>0.0</inputObjectQuerySequence>
        <linkedObjectSequence>0.0</linkedObjectSequence>
        <name>VPLGetServiceAccountDetails</name>
        <outputCreationSequence>1.0</outputCreationSequence>
        <outputFieldFormat>List&lt;Map&gt;</outputFieldFormat>
        <outputFieldName>ServiceAccount</outputFieldName>
        <outputObjectName>json</outputObjectName>
        <requiredForUpsert>false</requiredForUpsert>
        <upsertKey>false</upsertKey>
    </omniDataTransformItem>
    <omniDataTransformItem>
        <disabled>false</disabled>
        <filterGroup>1.0</filterGroup>
        <filterOperator>=</filterOperator>
        <filterValue>Id</filterValue>
        <globalKey>VPLGetServiceAccountDetails4613363608543448</globalKey>
        <inputFieldName>ParentId</inputFieldName>
        <inputObjectName>Account</inputObjectName>
        <inputObjectQuerySequence>3.0</inputObjectQuerySequence>
        <linkedObjectSequence>0.0</linkedObjectSequence>
        <name>VPLGetServiceAccountDetails</name>
        <outputCreationSequence>0.0</outputCreationSequence>
        <outputFieldName>ChildAccount</outputFieldName>
        <outputObjectName>json</outputObjectName>
        <requiredForUpsert>false</requiredForUpsert>
        <upsertKey>false</upsertKey>
    </omniDataTransformItem>
    <omniDataTransformItem>
        <disabled>false</disabled>
        <filterGroup>1.0</filterGroup>
        <filterOperator>=</filterOperator>
        <filterValue>ServiceAccountRecordType:Id</filterValue>
        <globalKey>VPLGetServiceAccountDetails9782447935906029</globalKey>
        <inputFieldName>RecordTypeId</inputFieldName>
        <inputObjectName>Account</inputObjectName>
        <inputObjectQuerySequence>3.0</inputObjectQuerySequence>
        <linkedObjectSequence>0.0</linkedObjectSequence>
        <name>VPLGetServiceAccountDetails</name>
        <outputCreationSequence>0.0</outputCreationSequence>
        <outputFieldName>ChildAccount</outputFieldName>
        <outputObjectName>json</outputObjectName>
        <requiredForUpsert>false</requiredForUpsert>
        <upsertKey>false</upsertKey>
    </omniDataTransformItem>
    <omniDataTransformItem>
        <disabled>false</disabled>
        <filterGroup>0.0</filterGroup>
        <filterOperator>LIMIT</filterOperator>
        <filterValue>100</filterValue>
        <globalKey>VPLGetServiceAccountDetails0028987619198093117</globalKey>
        <inputObjectName>Account</inputObjectName>
        <inputObjectQuerySequence>3.0</inputObjectQuerySequence>
        <linkedObjectSequence>0.0</linkedObjectSequence>
        <name>VPLGetServiceAccountDetails</name>
        <outputCreationSequence>0.0</outputCreationSequence>
        <outputFieldName>ChildAccount</outputFieldName>
        <outputObjectName>json</outputObjectName>
        <requiredForUpsert>false</requiredForUpsert>
        <upsertKey>false</upsertKey>
    </omniDataTransformItem>
    <omniDataTransformItem>
        <disabled>false</disabled>
        <filterGroup>1.0</filterGroup>
        <filterOperator>&lt;&gt;</filterOperator>
        <filterValue>&quot;$Vlocity.null&quot;</filterValue>
        <globalKey>VPLGetServiceAccountDetails5841986895236746</globalKey>
        <inputFieldName>vlocity_cmt__PremisesId__c</inputFieldName>
        <inputObjectName>Account</inputObjectName>
        <inputObjectQuerySequence>3.0</inputObjectQuerySequence>
        <linkedObjectSequence>0.0</linkedObjectSequence>
        <name>VPLGetServiceAccountDetails</name>
        <outputCreationSequence>0.0</outputCreationSequence>
        <outputFieldName>ChildAccount</outputFieldName>
        <outputObjectName>json</outputObjectName>
        <requiredForUpsert>false</requiredForUpsert>
        <upsertKey>false</upsertKey>
    </omniDataTransformItem>
    <omniDataTransformItem>
        <disabled>false</disabled>
        <filterGroup>0.0</filterGroup>
        <filterOperator>=</filterOperator>
        <filterValue>Id</filterValue>
        <globalKey>VPLGetServiceAccountDetails7918007704886509</globalKey>
        <inputFieldName>Id</inputFieldName>
        <inputObjectName>Account</inputObjectName>
        <inputObjectQuerySequence>3.0</inputObjectQuerySequence>
        <linkedObjectSequence>0.0</linkedObjectSequence>
        <name>VPLGetServiceAccountDetails</name>
        <outputCreationSequence>0.0</outputCreationSequence>
        <outputFieldName>ChildAccount</outputFieldName>
        <outputObjectName>json</outputObjectName>
        <requiredForUpsert>false</requiredForUpsert>
        <upsertKey>false</upsertKey>
    </omniDataTransformItem>
    <omniDataTransformItem>
        <disabled>false</disabled>
        <filterGroup>0.0</filterGroup>
        <filterOperator>=</filterOperator>
        <filterValue>ConsumerAccountRecordType:Id</filterValue>
        <globalKey>VPLGetServiceAccountDetails3510242701750086</globalKey>
        <inputFieldName>RecordTypeId</inputFieldName>
        <inputObjectName>Account</inputObjectName>
        <inputObjectQuerySequence>3.0</inputObjectQuerySequence>
        <linkedObjectSequence>0.0</linkedObjectSequence>
        <name>VPLGetServiceAccountDetails</name>
        <outputCreationSequence>0.0</outputCreationSequence>
        <outputFieldName>ChildAccount</outputFieldName>
        <outputObjectName>json</outputObjectName>
        <requiredForUpsert>false</requiredForUpsert>
        <upsertKey>false</upsertKey>
    </omniDataTransformItem>
    <omniDataTransformItem>
        <disabled>false</disabled>
        <filterGroup>0.0</filterGroup>
        <globalKey>VPLGetServiceAccountDetails5733423408628695</globalKey>
        <inputObjectQuerySequence>0.0</inputObjectQuerySequence>
        <linkedObjectSequence>0.0</linkedObjectSequence>
        <name>VPLGetServiceAccountDetails</name>
        <outputCreationSequence>1.0</outputCreationSequence>
        <outputFieldName>ServiceAccount:PremiseAddress</outputFieldName>
        <outputObjectName>json</outputObjectName>
        <requiredForUpsert>false</requiredForUpsert>
        <upsertKey>false</upsertKey>
    </omniDataTransformItem>
    <omniDataTransformItem>
        <disabled>false</disabled>
        <filterGroup>0.0</filterGroup>
        <globalKey>VPLGetServiceAccountDetails8762669155070144</globalKey>
        <inputFieldName>ChildAccount:vlocity_cmt__PremisesId__r.vlocity_cmt__City__c</inputFieldName>
        <inputObjectQuerySequence>0.0</inputObjectQuerySequence>
        <linkedObjectSequence>0.0</linkedObjectSequence>
        <name>VPLGetServiceAccountDetails</name>
        <outputCreationSequence>1.0</outputCreationSequence>
        <outputFieldName>ServiceAccount:PremiseCity</outputFieldName>
        <outputObjectName>json</outputObjectName>
        <requiredForUpsert>false</requiredForUpsert>
        <upsertKey>false</upsertKey>
    </omniDataTransformItem>
    <omniDataTransformItem>
        <disabled>false</disabled>
        <filterGroup>0.0</filterGroup>
        <globalKey>VPLGetServiceAccountDetails8544938923392109</globalKey>
        <inputFieldName>ChildAccount:vlocity_cmt__PremisesId__r.vlocity_cmt__StreetAddress__c</inputFieldName>
        <inputObjectQuerySequence>0.0</inputObjectQuerySequence>
        <linkedObjectSequence>0.0</linkedObjectSequence>
        <name>VPLGetServiceAccountDetails</name>
        <outputCreationSequence>1.0</outputCreationSequence>
        <outputFieldName>ServiceAccount:PremiseAddress</outputFieldName>
        <outputObjectName>json</outputObjectName>
        <requiredForUpsert>false</requiredForUpsert>
        <upsertKey>false</upsertKey>
    </omniDataTransformItem>
    <omniDataTransformItem>
        <disabled>false</disabled>
        <filterGroup>0.0</filterGroup>
        <filterOperator>LIMIT</filterOperator>
        <filterValue>1</filterValue>
        <globalKey>VPLGetServiceAccountDetails11922374475037101</globalKey>
        <inputObjectName>RecordType</inputObjectName>
        <inputObjectQuerySequence>2.0</inputObjectQuerySequence>
        <linkedObjectSequence>0.0</linkedObjectSequence>
        <name>VPLGetServiceAccountDetails</name>
        <outputCreationSequence>0.0</outputCreationSequence>
        <outputFieldName>ConsumerAccountRecordType</outputFieldName>
        <outputObjectName>json</outputObjectName>
        <requiredForUpsert>false</requiredForUpsert>
        <upsertKey>false</upsertKey>
    </omniDataTransformItem>
    <omniDataTransformItem>
        <disabled>false</disabled>
        <filterGroup>0.0</filterGroup>
        <filterOperator>&lt;&gt;</filterOperator>
        <filterValue>&quot;$Vlocity.null&quot;</filterValue>
        <globalKey>VPLGetServiceAccountDetails574941798903633</globalKey>
        <inputFieldName>vlocity_cmt__PremisesId__c</inputFieldName>
        <inputObjectName>Account</inputObjectName>
        <inputObjectQuerySequence>3.0</inputObjectQuerySequence>
        <linkedObjectSequence>0.0</linkedObjectSequence>
        <name>VPLGetServiceAccountDetails</name>
        <outputCreationSequence>0.0</outputCreationSequence>
        <outputFieldName>ChildAccount</outputFieldName>
        <outputObjectName>json</outputObjectName>
        <requiredForUpsert>false</requiredForUpsert>
        <upsertKey>false</upsertKey>
    </omniDataTransformItem>
    <omniDataTransformItem>
        <disabled>false</disabled>
        <filterGroup>0.0</filterGroup>
        <filterOperator>=</filterOperator>
        <filterValue>&apos;Consumer&apos;</filterValue>
        <globalKey>VPLGetServiceAccountDetails557912242280932</globalKey>
        <inputFieldName>Name</inputFieldName>
        <inputObjectName>RecordType</inputObjectName>
        <inputObjectQuerySequence>2.0</inputObjectQuerySequence>
        <linkedObjectSequence>0.0</linkedObjectSequence>
        <name>VPLGetServiceAccountDetails</name>
        <outputCreationSequence>0.0</outputCreationSequence>
        <outputFieldName>ConsumerAccountRecordType</outputFieldName>
        <outputObjectName>json</outputObjectName>
        <requiredForUpsert>false</requiredForUpsert>
        <upsertKey>false</upsertKey>
    </omniDataTransformItem>
    <omniDataTransformItem>
        <disabled>false</disabled>
        <filterGroup>0.0</filterGroup>
        <filterOperator>=</filterOperator>
        <filterValue>&apos;Account&apos;</filterValue>
        <globalKey>VPLGetServiceAccountDetails8206792519461408</globalKey>
        <inputFieldName>SobjectType</inputFieldName>
        <inputObjectName>RecordType</inputObjectName>
        <inputObjectQuerySequence>2.0</inputObjectQuerySequence>
        <linkedObjectSequence>0.0</linkedObjectSequence>
        <name>VPLGetServiceAccountDetails</name>
        <outputCreationSequence>0.0</outputCreationSequence>
        <outputFieldName>ConsumerAccountRecordType</outputFieldName>
        <outputObjectName>json</outputObjectName>
        <requiredForUpsert>false</requiredForUpsert>
        <upsertKey>false</upsertKey>
    </omniDataTransformItem>
    <omniDataTransformItem>
        <disabled>false</disabled>
        <filterGroup>0.0</filterGroup>
        <filterOperator>=</filterOperator>
        <filterValue>&apos;Account&apos;</filterValue>
        <globalKey>VPLGetServiceAccountDetails259886859340956</globalKey>
        <inputFieldName>SobjectType</inputFieldName>
        <inputObjectName>RecordType</inputObjectName>
        <inputObjectQuerySequence>1.0</inputObjectQuerySequence>
        <linkedObjectSequence>0.0</linkedObjectSequence>
        <name>VPLGetServiceAccountDetails</name>
        <outputCreationSequence>0.0</outputCreationSequence>
        <outputFieldName>ServiceAccountRecordType</outputFieldName>
        <outputObjectName>json</outputObjectName>
        <requiredForUpsert>false</requiredForUpsert>
        <upsertKey>false</upsertKey>
    </omniDataTransformItem>
    <omniDataTransformItem>
        <disabled>false</disabled>
        <filterGroup>0.0</filterGroup>
        <filterOperator>LIMIT</filterOperator>
        <filterValue>1</filterValue>
        <globalKey>VPLGetServiceAccountDetails8321203978614682</globalKey>
        <inputObjectName>RecordType</inputObjectName>
        <inputObjectQuerySequence>1.0</inputObjectQuerySequence>
        <linkedObjectSequence>0.0</linkedObjectSequence>
        <name>VPLGetServiceAccountDetails</name>
        <outputCreationSequence>0.0</outputCreationSequence>
        <outputFieldName>ServiceAccountRecordType</outputFieldName>
        <outputObjectName>json</outputObjectName>
        <requiredForUpsert>false</requiredForUpsert>
        <upsertKey>false</upsertKey>
    </omniDataTransformItem>
    <omniDataTransformItem>
        <disabled>false</disabled>
        <filterGroup>0.0</filterGroup>
        <filterOperator>=</filterOperator>
        <filterValue>&apos;Service&apos;</filterValue>
        <globalKey>VPLGetServiceAccountDetails2658847747546704</globalKey>
        <inputFieldName>Name</inputFieldName>
        <inputObjectName>RecordType</inputObjectName>
        <inputObjectQuerySequence>1.0</inputObjectQuerySequence>
        <linkedObjectSequence>0.0</linkedObjectSequence>
        <name>VPLGetServiceAccountDetails</name>
        <outputCreationSequence>0.0</outputCreationSequence>
        <outputFieldName>ServiceAccountRecordType</outputFieldName>
        <outputObjectName>json</outputObjectName>
        <requiredForUpsert>false</requiredForUpsert>
        <upsertKey>false</upsertKey>
    </omniDataTransformItem>
    <omniDataTransformItem>
        <disabled>false</disabled>
        <filterGroup>0.0</filterGroup>
        <globalKey>VPLGetServiceAccountDetails9299399570980356</globalKey>
        <inputFieldName>ChildAccount:Name</inputFieldName>
        <inputObjectQuerySequence>0.0</inputObjectQuerySequence>
        <linkedObjectSequence>0.0</linkedObjectSequence>
        <name>VPLGetServiceAccountDetails</name>
        <outputCreationSequence>1.0</outputCreationSequence>
        <outputFieldName>ServiceAccount:ServiceAccountName</outputFieldName>
        <outputObjectName>json</outputObjectName>
        <requiredForUpsert>false</requiredForUpsert>
        <upsertKey>false</upsertKey>
    </omniDataTransformItem>
    <omniDataTransformItem>
        <disabled>false</disabled>
        <filterGroup>0.0</filterGroup>
        <globalKey>VPLGetServiceAccountDetails630152642141466</globalKey>
        <inputFieldName>ChildAccount:AccountNumber</inputFieldName>
        <inputObjectQuerySequence>0.0</inputObjectQuerySequence>
        <linkedObjectSequence>0.0</linkedObjectSequence>
        <name>VPLGetServiceAccountDetails</name>
        <outputCreationSequence>1.0</outputCreationSequence>
        <outputFieldName>ServiceAccount:ServiceAccountNumber</outputFieldName>
        <outputObjectName>json</outputObjectName>
        <requiredForUpsert>false</requiredForUpsert>
        <upsertKey>false</upsertKey>
    </omniDataTransformItem>
    <omniDataTransformItem>
        <disabled>false</disabled>
        <filterGroup>0.0</filterGroup>
        <globalKey>VPLGetServiceAccountDetails11161180167201623</globalKey>
        <inputFieldName>ChildAccount:vlocity_cmt__PremisesId__r.vlocity_cmt__State__c</inputFieldName>
        <inputObjectQuerySequence>0.0</inputObjectQuerySequence>
        <linkedObjectSequence>0.0</linkedObjectSequence>
        <name>VPLGetServiceAccountDetails</name>
        <outputCreationSequence>1.0</outputCreationSequence>
        <outputFieldName>ServiceAccount:PremiseState</outputFieldName>
        <outputObjectName>json</outputObjectName>
        <requiredForUpsert>false</requiredForUpsert>
        <upsertKey>false</upsertKey>
    </omniDataTransformItem>
    <omniDataTransformItem>
        <disabled>false</disabled>
        <filterGroup>0.0</filterGroup>
        <globalKey>VPLGetServiceAccountDetails1953037655364256</globalKey>
        <inputFieldName>ChildAccount:Id</inputFieldName>
        <inputObjectQuerySequence>0.0</inputObjectQuerySequence>
        <linkedObjectSequence>0.0</linkedObjectSequence>
        <name>VPLGetServiceAccountDetails</name>
        <outputCreationSequence>1.0</outputCreationSequence>
        <outputFieldName>ServiceAccount:ServiceAccountId</outputFieldName>
        <outputObjectName>json</outputObjectName>
        <requiredForUpsert>false</requiredForUpsert>
        <upsertKey>false</upsertKey>
    </omniDataTransformItem>
    <omniDataTransformItem>
        <disabled>false</disabled>
        <filterGroup>0.0</filterGroup>
        <globalKey>VPLGetServiceAccountDetails17231940724048544</globalKey>
        <inputFieldName>ChildAccount:vlocity_cmt__PremisesId__r.Name</inputFieldName>
        <inputObjectQuerySequence>0.0</inputObjectQuerySequence>
        <linkedObjectSequence>0.0</linkedObjectSequence>
        <name>VPLGetServiceAccountDetails</name>
        <outputCreationSequence>1.0</outputCreationSequence>
        <outputFieldName>ServiceAccount:PremiseName</outputFieldName>
        <outputObjectName>json</outputObjectName>
        <requiredForUpsert>false</requiredForUpsert>
        <upsertKey>false</upsertKey>
    </omniDataTransformItem>
    <omniDataTransformItem>
        <disabled>false</disabled>
        <filterGroup>0.0</filterGroup>
        <globalKey>VPLGetServiceAccountDetails5919858125630499</globalKey>
        <inputFieldName>ChildAccount:vlocity_cmt__PremisesId__r.vlocity_cmt__PostalCode__c</inputFieldName>
        <inputObjectQuerySequence>0.0</inputObjectQuerySequence>
        <linkedObjectSequence>0.0</linkedObjectSequence>
        <name>VPLGetServiceAccountDetails</name>
        <outputCreationSequence>1.0</outputCreationSequence>
        <outputFieldName>ServiceAccount:PremisePostalCode</outputFieldName>
        <outputObjectName>json</outputObjectName>
        <requiredForUpsert>false</requiredForUpsert>
        <upsertKey>false</upsertKey>
    </omniDataTransformItem>
    <omniDataTransformItem>
        <disabled>false</disabled>
        <filterGroup>0.0</filterGroup>
        <globalKey>VPLGetServiceAccountDetails557003019381352</globalKey>
        <inputFieldName>ChildAccount:vlocity_cmt__PremisesId__r.Id</inputFieldName>
        <inputObjectQuerySequence>0.0</inputObjectQuerySequence>
        <linkedObjectSequence>0.0</linkedObjectSequence>
        <name>VPLGetServiceAccountDetails</name>
        <outputCreationSequence>1.0</outputCreationSequence>
        <outputFieldName>ServiceAccount:PremiseId</outputFieldName>
        <outputObjectName>json</outputObjectName>
        <requiredForUpsert>false</requiredForUpsert>
        <upsertKey>false</upsertKey>
    </omniDataTransformItem>
    <omniDataTransformItem>
        <disabled>false</disabled>
        <filterGroup>0.0</filterGroup>
        <globalKey>VPLGetServiceAccountDetails34281900200303705</globalKey>
        <inputFieldName>ChildAccount:vlocity_cmt__PremisesId__r.vlocity_cmt__PremisesIdentifier__c</inputFieldName>
        <inputObjectQuerySequence>0.0</inputObjectQuerySequence>
        <linkedObjectSequence>0.0</linkedObjectSequence>
        <name>VPLGetServiceAccountDetails</name>
        <outputCreationSequence>1.0</outputCreationSequence>
        <outputFieldName>ServiceAccount:PremiseIdentifier</outputFieldName>
        <outputObjectName>json</outputObjectName>
        <requiredForUpsert>false</requiredForUpsert>
        <upsertKey>false</upsertKey>
    </omniDataTransformItem>
    <outputType>JSON</outputType>
    <previewJsonData>{
  &quot;Id&quot; : &quot;0015i00000jXPF2AAO&quot;
}</previewJsonData>
    <processSuperBulk>false</processSuperBulk>
    <responseCacheTtlMinutes>0.0</responseCacheTtlMinutes>
    <rollbackOnError>false</rollbackOnError>
    <sourceObject>json</sourceObject>
    <sourceObjectDefault>false</sourceObjectDefault>
    <synchronousProcessThreshold>-1.0</synchronousProcessThreshold>
    <type>Extract</type>
    <uniqueName>VPLGetServiceAccountDetails_1</uniqueName>
    <versionNumber>1.0</versionNumber>
    <xmlDeclarationRemoved>false</xmlDeclarationRemoved>
</OmniDataTransform>
