<?xml version="1.0" encoding="UTF-8"?>
<OmniDataTransform xmlns="http://soap.sforce.com/2006/04/metadata">
    <active>false</active>
    <assignmentRulesUsed>false</assignmentRulesUsed>
    <deletedOnSuccess>false</deletedOnSuccess>
    <errorIgnored>false</errorIgnored>
    <fieldLevelSecurityEnabled>false</fieldLevelSecurityEnabled>
    <inputType>JSON</inputType>
    <name>VPLGetServicePointAssetDetail</name>
    <nullInputsIncludedInOutput>false</nullInputsIncludedInOutput>
    <omniDataTransformItem>
        <disabled>false</disabled>
        <filterGroup>0.0</filterGroup>
        <globalKey>VPLGetServicePointAssetDetail7556389026456056</globalKey>
        <inputFieldName>Asset:vlocity_cmt__ServiceAccountId__r.vlocity_cmt__PremisesId__r.vlocity_cmt__PostalCode__c</inputFieldName>
        <inputObjectQuerySequence>0.0</inputObjectQuerySequence>
        <linkedObjectSequence>0.0</linkedObjectSequence>
        <name>VPLGetServicePointAssetDetail</name>
        <outputCreationSequence>1.0</outputCreationSequence>
        <outputFieldName>ServiceList:PremisePostalCode</outputFieldName>
        <outputObjectName>json</outputObjectName>
        <requiredForUpsert>false</requiredForUpsert>
        <upsertKey>false</upsertKey>
    </omniDataTransformItem>
    <omniDataTransformItem>
        <disabled>false</disabled>
        <filterGroup>0.0</filterGroup>
        <globalKey>VPLGetServicePointAssetDetail9386086234683293</globalKey>
        <inputFieldName>Asset:vlocity_cmt__ServiceAccountId__r.vlocity_cmt__PremisesId__r.vlocity_cmt__State__c</inputFieldName>
        <inputObjectQuerySequence>0.0</inputObjectQuerySequence>
        <linkedObjectSequence>0.0</linkedObjectSequence>
        <name>VPLGetServicePointAssetDetail</name>
        <outputCreationSequence>1.0</outputCreationSequence>
        <outputFieldName>ServiceList:PremiseState</outputFieldName>
        <outputObjectName>json</outputObjectName>
        <requiredForUpsert>false</requiredForUpsert>
        <upsertKey>false</upsertKey>
    </omniDataTransformItem>
    <omniDataTransformItem>
        <disabled>false</disabled>
        <filterGroup>0.0</filterGroup>
        <globalKey>VPLGetServicePointAssetDetail7097913787872303</globalKey>
        <inputFieldName>Asset:vlocity_cmt__ServiceAccountId__r.vlocity_cmt__PremisesId__r.vlocity_cmt__City__c</inputFieldName>
        <inputObjectQuerySequence>0.0</inputObjectQuerySequence>
        <linkedObjectSequence>0.0</linkedObjectSequence>
        <name>VPLGetServicePointAssetDetail</name>
        <outputCreationSequence>1.0</outputCreationSequence>
        <outputFieldName>ServiceList:PremiseCity</outputFieldName>
        <outputObjectName>json</outputObjectName>
        <requiredForUpsert>false</requiredForUpsert>
        <upsertKey>false</upsertKey>
    </omniDataTransformItem>
    <omniDataTransformItem>
        <disabled>false</disabled>
        <filterGroup>0.0</filterGroup>
        <globalKey>VPLGetServicePointAssetDetail9999402494499099</globalKey>
        <inputFieldName>Asset:vlocity_cmt__ServicePointId__r.vlocity_cmt__PremisesId__r.vlocity_cmt__PremisesId__c</inputFieldName>
        <inputObjectQuerySequence>0.0</inputObjectQuerySequence>
        <linkedObjectSequence>0.0</linkedObjectSequence>
        <name>VPLGetServicePointAssetDetail</name>
        <outputCreationSequence>1.0</outputCreationSequence>
        <outputFieldName>ServiceList:PremiseId</outputFieldName>
        <outputObjectName>json</outputObjectName>
        <requiredForUpsert>false</requiredForUpsert>
        <upsertKey>false</upsertKey>
    </omniDataTransformItem>
    <omniDataTransformItem>
        <disabled>false</disabled>
        <filterGroup>0.0</filterGroup>
        <globalKey>VPLGetServicePointAssetDetail6024233226242837</globalKey>
        <inputObjectQuerySequence>0.0</inputObjectQuerySequence>
        <linkedObjectSequence>0.0</linkedObjectSequence>
        <name>VPLGetServicePointAssetDetail</name>
        <outputCreationSequence>1.0</outputCreationSequence>
        <outputFieldName>ServiceList:OnClick</outputFieldName>
        <outputObjectName>json</outputObjectName>
        <requiredForUpsert>false</requiredForUpsert>
        <upsertKey>false</upsertKey>
    </omniDataTransformItem>
    <omniDataTransformItem>
        <disabled>false</disabled>
        <filterGroup>0.0</filterGroup>
        <globalKey>VPLGetServicePointAssetDetail5503443608100282</globalKey>
        <inputFieldName>ServiceList:PremiseAddress</inputFieldName>
        <inputObjectQuerySequence>0.0</inputObjectQuerySequence>
        <linkedObjectSequence>0.0</linkedObjectSequence>
        <name>VPLGetServicePointAssetDetail</name>
        <outputCreationSequence>1.0</outputCreationSequence>
        <outputFieldName>ServiceList:PremiseAddress</outputFieldName>
        <outputObjectName>json</outputObjectName>
        <requiredForUpsert>false</requiredForUpsert>
        <upsertKey>false</upsertKey>
    </omniDataTransformItem>
    <omniDataTransformItem>
        <disabled>false</disabled>
        <filterGroup>0.0</filterGroup>
        <globalKey>VPLGetServicePointAssetDetail554610318041175</globalKey>
        <inputFieldName>Asset:vlocity_cmt__UsageQuantity__c</inputFieldName>
        <inputObjectQuerySequence>0.0</inputObjectQuerySequence>
        <linkedObjectSequence>0.0</linkedObjectSequence>
        <name>VPLGetServicePointAssetDetail</name>
        <outputCreationSequence>1.0</outputCreationSequence>
        <outputFieldName>ServiceList:ContractedUsage</outputFieldName>
        <outputObjectName>json</outputObjectName>
        <requiredForUpsert>false</requiredForUpsert>
        <upsertKey>false</upsertKey>
    </omniDataTransformItem>
    <omniDataTransformItem>
        <disabled>false</disabled>
        <filterGroup>0.0</filterGroup>
        <globalKey>VPLGetServicePointAssetDetail051768680363402764</globalKey>
        <inputFieldName>Asset:vlocity_cmt__ServicePointId__r.vlocity_cmt__MeterId__r.Name</inputFieldName>
        <inputObjectQuerySequence>0.0</inputObjectQuerySequence>
        <linkedObjectSequence>0.0</linkedObjectSequence>
        <name>VPLGetServicePointAssetDetail</name>
        <outputCreationSequence>1.0</outputCreationSequence>
        <outputFieldName>ServiceList:Meter</outputFieldName>
        <outputObjectName>json</outputObjectName>
        <requiredForUpsert>false</requiredForUpsert>
        <upsertKey>false</upsertKey>
    </omniDataTransformItem>
    <omniDataTransformItem>
        <disabled>false</disabled>
        <filterGroup>0.0</filterGroup>
        <globalKey>VPLGetServicePointAssetDetail40646473747461154</globalKey>
        <inputFieldName>Asset:vlocity_cmt__ServiceAccountId__r.vlocity_cmt__PremisesId__r.vlocity_cmt__StreetAddress__c</inputFieldName>
        <inputObjectQuerySequence>0.0</inputObjectQuerySequence>
        <linkedObjectSequence>0.0</linkedObjectSequence>
        <name>VPLGetServicePointAssetDetail</name>
        <outputCreationSequence>1.0</outputCreationSequence>
        <outputFieldName>ServiceList:PremiseStreet</outputFieldName>
        <outputObjectName>json</outputObjectName>
        <requiredForUpsert>false</requiredForUpsert>
        <upsertKey>false</upsertKey>
    </omniDataTransformItem>
    <omniDataTransformItem>
        <disabled>false</disabled>
        <filterGroup>0.0</filterGroup>
        <filterOperator>=</filterOperator>
        <filterValue>BusinessAccountid</filterValue>
        <globalKey>VPLGetServicePointAssetDetail5960018548955774</globalKey>
        <inputFieldName>AccountId</inputFieldName>
        <inputObjectName>Asset</inputObjectName>
        <inputObjectQuerySequence>2.0</inputObjectQuerySequence>
        <linkedObjectSequence>0.0</linkedObjectSequence>
        <name>VPLGetServicePointAssetDetail</name>
        <outputCreationSequence>0.0</outputCreationSequence>
        <outputFieldName>MoveOutAsset</outputFieldName>
        <outputObjectName>json</outputObjectName>
        <requiredForUpsert>false</requiredForUpsert>
        <upsertKey>false</upsertKey>
    </omniDataTransformItem>
    <omniDataTransformItem>
        <disabled>false</disabled>
        <filterGroup>0.0</filterGroup>
        <globalKey>VPLGetServicePointAssetDetail4625050433431599</globalKey>
        <inputFieldName>Asset:Product2.Description</inputFieldName>
        <inputObjectQuerySequence>0.0</inputObjectQuerySequence>
        <linkedObjectSequence>0.0</linkedObjectSequence>
        <name>VPLGetServicePointAssetDetail</name>
        <outputCreationSequence>1.0</outputCreationSequence>
        <outputFieldName>ServiceList:ProductDescription</outputFieldName>
        <outputObjectName>json</outputObjectName>
        <requiredForUpsert>false</requiredForUpsert>
        <upsertKey>false</upsertKey>
    </omniDataTransformItem>
    <omniDataTransformItem>
        <disabled>false</disabled>
        <filterGroup>0.0</filterGroup>
        <filterOperator>&lt;&gt;</filterOperator>
        <filterValue>&apos;Terminated&apos;</filterValue>
        <globalKey>VPLGetServicePointAssetDetail19937054036188706</globalKey>
        <inputFieldName>Status</inputFieldName>
        <inputObjectName>Asset</inputObjectName>
        <inputObjectQuerySequence>2.0</inputObjectQuerySequence>
        <linkedObjectSequence>0.0</linkedObjectSequence>
        <name>VPLGetServicePointAssetDetail</name>
        <outputCreationSequence>0.0</outputCreationSequence>
        <outputFieldName>MoveOutAsset</outputFieldName>
        <outputObjectName>json</outputObjectName>
        <requiredForUpsert>false</requiredForUpsert>
        <upsertKey>false</upsertKey>
    </omniDataTransformItem>
    <omniDataTransformItem>
        <disabled>false</disabled>
        <filterGroup>0.0</filterGroup>
        <globalKey>VPLGetServicePointAssetDetail9563177961050537</globalKey>
        <inputFieldName>Asset:ProductFamily</inputFieldName>
        <inputObjectQuerySequence>0.0</inputObjectQuerySequence>
        <linkedObjectSequence>0.0</linkedObjectSequence>
        <name>VPLGetServicePointAssetDetail</name>
        <outputCreationSequence>1.0</outputCreationSequence>
        <outputFieldName>ServiceList:ProductFamily</outputFieldName>
        <outputObjectName>json</outputObjectName>
        <requiredForUpsert>false</requiredForUpsert>
        <upsertKey>false</upsertKey>
    </omniDataTransformItem>
    <omniDataTransformItem>
        <disabled>false</disabled>
        <filterGroup>0.0</filterGroup>
        <filterOperator>=</filterOperator>
        <filterValue>&apos;$Vlocity.NULL&apos;</filterValue>
        <globalKey>VPLGetServicePointAssetDetail9149749566618759</globalKey>
        <inputFieldName>vlocity_cmt__DisconnectDate__c</inputFieldName>
        <inputObjectName>Asset</inputObjectName>
        <inputObjectQuerySequence>2.0</inputObjectQuerySequence>
        <linkedObjectSequence>0.0</linkedObjectSequence>
        <name>VPLGetServicePointAssetDetail</name>
        <outputCreationSequence>0.0</outputCreationSequence>
        <outputFieldName>MoveOutAsset</outputFieldName>
        <outputObjectName>json</outputObjectName>
        <requiredForUpsert>false</requiredForUpsert>
        <upsertKey>false</upsertKey>
    </omniDataTransformItem>
    <omniDataTransformItem>
        <disabled>false</disabled>
        <filterGroup>0.0</filterGroup>
        <filterOperator>=</filterOperator>
        <filterValue>PremiseId</filterValue>
        <globalKey>VPLGetServicePointAssetDetail3102263086198702</globalKey>
        <inputFieldName>vlocity_cmt__PremisesId__c</inputFieldName>
        <inputObjectName>Asset</inputObjectName>
        <inputObjectQuerySequence>2.0</inputObjectQuerySequence>
        <linkedObjectSequence>0.0</linkedObjectSequence>
        <name>VPLGetServicePointAssetDetail</name>
        <outputCreationSequence>0.0</outputCreationSequence>
        <outputFieldName>MoveOutAsset</outputFieldName>
        <outputObjectName>json</outputObjectName>
        <requiredForUpsert>false</requiredForUpsert>
        <upsertKey>false</upsertKey>
    </omniDataTransformItem>
    <omniDataTransformItem>
        <disabled>false</disabled>
        <filterGroup>0.0</filterGroup>
        <globalKey>VPLGetServicePointAssetDetail6244314944420288</globalKey>
        <inputFieldName>Asset:Product2.ProductCode</inputFieldName>
        <inputObjectQuerySequence>0.0</inputObjectQuerySequence>
        <linkedObjectSequence>0.0</linkedObjectSequence>
        <name>VPLGetServicePointAssetDetail</name>
        <outputCreationSequence>1.0</outputCreationSequence>
        <outputFieldName>ServiceList:ProductCode</outputFieldName>
        <outputObjectName>json</outputObjectName>
        <requiredForUpsert>false</requiredForUpsert>
        <upsertKey>false</upsertKey>
    </omniDataTransformItem>
    <omniDataTransformItem>
        <disabled>false</disabled>
        <filterGroup>0.0</filterGroup>
        <filterOperator>=</filterOperator>
        <filterValue>Id</filterValue>
        <globalKey>VPLGetServicePointAssetDetail3170231223495743</globalKey>
        <inputFieldName>AccountId</inputFieldName>
        <inputObjectName>Asset</inputObjectName>
        <inputObjectQuerySequence>1.0</inputObjectQuerySequence>
        <linkedObjectSequence>0.0</linkedObjectSequence>
        <name>VPLGetServicePointAssetDetail</name>
        <outputCreationSequence>0.0</outputCreationSequence>
        <outputFieldName>Asset</outputFieldName>
        <outputObjectName>json</outputObjectName>
        <requiredForUpsert>false</requiredForUpsert>
        <upsertKey>false</upsertKey>
    </omniDataTransformItem>
    <omniDataTransformItem>
        <disabled>false</disabled>
        <filterGroup>0.0</filterGroup>
        <filterOperator>LIMIT</filterOperator>
        <filterValue>50</filterValue>
        <globalKey>VPLGetServicePointAssetDetail5352870432433396</globalKey>
        <inputObjectName>Asset</inputObjectName>
        <inputObjectQuerySequence>1.0</inputObjectQuerySequence>
        <linkedObjectSequence>0.0</linkedObjectSequence>
        <name>VPLGetServicePointAssetDetail</name>
        <outputCreationSequence>0.0</outputCreationSequence>
        <outputFieldName>Asset</outputFieldName>
        <outputObjectName>json</outputObjectName>
        <requiredForUpsert>false</requiredForUpsert>
        <upsertKey>false</upsertKey>
    </omniDataTransformItem>
    <omniDataTransformItem>
        <disabled>false</disabled>
        <filterGroup>0.0</filterGroup>
        <globalKey>VPLGetServicePointAssetDetail7930295992049814</globalKey>
        <inputFieldName>MoveOutAsset:SerialNumber</inputFieldName>
        <inputObjectQuerySequence>0.0</inputObjectQuerySequence>
        <linkedObjectSequence>0.0</linkedObjectSequence>
        <name>VPLGetServicePointAssetDetail</name>
        <outputCreationSequence>1.0</outputCreationSequence>
        <outputFieldName>MoveOutAsset:SerialNumber</outputFieldName>
        <outputObjectName>json</outputObjectName>
        <requiredForUpsert>false</requiredForUpsert>
        <upsertKey>false</upsertKey>
    </omniDataTransformItem>
    <omniDataTransformItem>
        <disabled>false</disabled>
        <filterGroup>0.0</filterGroup>
        <globalKey>VPLGetServicePointAssetDetail5964408993561434</globalKey>
        <inputFieldName>MoveOutAsset:vlocity_cmt__ServiceAccountId__r.Id</inputFieldName>
        <inputObjectQuerySequence>0.0</inputObjectQuerySequence>
        <linkedObjectSequence>0.0</linkedObjectSequence>
        <name>VPLGetServicePointAssetDetail</name>
        <outputCreationSequence>1.0</outputCreationSequence>
        <outputFieldName>MoveOutAsset:ServiceAccountId</outputFieldName>
        <outputObjectName>json</outputObjectName>
        <requiredForUpsert>false</requiredForUpsert>
        <upsertKey>false</upsertKey>
    </omniDataTransformItem>
    <omniDataTransformItem>
        <disabled>false</disabled>
        <filterGroup>0.0</filterGroup>
        <globalKey>VPLGetServicePointAssetDetail05568971809376566</globalKey>
        <inputFieldName>MoveOutAsset:Product2.ProductCode</inputFieldName>
        <inputObjectQuerySequence>0.0</inputObjectQuerySequence>
        <linkedObjectSequence>0.0</linkedObjectSequence>
        <name>VPLGetServicePointAssetDetail</name>
        <outputCreationSequence>1.0</outputCreationSequence>
        <outputFieldName>MoveOutAsset:ProductCode</outputFieldName>
        <outputObjectName>json</outputObjectName>
        <requiredForUpsert>false</requiredForUpsert>
        <upsertKey>false</upsertKey>
    </omniDataTransformItem>
    <omniDataTransformItem>
        <disabled>false</disabled>
        <filterGroup>0.0</filterGroup>
        <globalKey>VPLGetServicePointAssetDetail7106663565236757</globalKey>
        <inputFieldName>MoveOutAsset:Product2.Name</inputFieldName>
        <inputObjectQuerySequence>0.0</inputObjectQuerySequence>
        <linkedObjectSequence>0.0</linkedObjectSequence>
        <name>VPLGetServicePointAssetDetail</name>
        <outputCreationSequence>1.0</outputCreationSequence>
        <outputFieldName>MoveOutAsset:ProductName</outputFieldName>
        <outputObjectName>json</outputObjectName>
        <requiredForUpsert>false</requiredForUpsert>
        <upsertKey>false</upsertKey>
    </omniDataTransformItem>
    <omniDataTransformItem>
        <disabled>false</disabled>
        <filterGroup>0.0</filterGroup>
        <globalKey>VPLGetServicePointAssetDetail9718157898956159</globalKey>
        <inputFieldName>MoveOutAsset:vlocity_cmt__ContractNumber__c</inputFieldName>
        <inputObjectQuerySequence>0.0</inputObjectQuerySequence>
        <linkedObjectSequence>0.0</linkedObjectSequence>
        <name>VPLGetServicePointAssetDetail</name>
        <outputCreationSequence>1.0</outputCreationSequence>
        <outputFieldName>MoveOutAsset:ContractNumber</outputFieldName>
        <outputObjectName>json</outputObjectName>
        <requiredForUpsert>false</requiredForUpsert>
        <upsertKey>false</upsertKey>
    </omniDataTransformItem>
    <omniDataTransformItem>
        <disabled>false</disabled>
        <filterGroup>0.0</filterGroup>
        <globalKey>VPLGetServicePointAssetDetail31141155971004086</globalKey>
        <inputFieldName>TotalAsset</inputFieldName>
        <inputObjectQuerySequence>0.0</inputObjectQuerySequence>
        <linkedObjectSequence>0.0</linkedObjectSequence>
        <name>VPLGetServicePointAssetDetail</name>
        <outputCreationSequence>1.0</outputCreationSequence>
        <outputFieldName>TotalAsset</outputFieldName>
        <outputObjectName>json</outputObjectName>
        <requiredForUpsert>false</requiredForUpsert>
        <upsertKey>false</upsertKey>
    </omniDataTransformItem>
    <omniDataTransformItem>
        <disabled>false</disabled>
        <filterGroup>0.0</filterGroup>
        <globalKey>VPLGetServicePointAssetDetail7519310536043684</globalKey>
        <inputFieldName>MoveOutAsset:vlocity_cmt__ServicePointId__r.vlocity_cmt__MeterId__r.Name</inputFieldName>
        <inputObjectQuerySequence>0.0</inputObjectQuerySequence>
        <linkedObjectSequence>0.0</linkedObjectSequence>
        <name>VPLGetServicePointAssetDetail</name>
        <outputCreationSequence>1.0</outputCreationSequence>
        <outputFieldName>MoveOutAsset:Meter</outputFieldName>
        <outputObjectName>json</outputObjectName>
        <requiredForUpsert>false</requiredForUpsert>
        <upsertKey>false</upsertKey>
    </omniDataTransformItem>
    <omniDataTransformItem>
        <disabled>false</disabled>
        <filterGroup>0.0</filterGroup>
        <globalKey>VPLGetServicePointAssetDetail6201341912275455</globalKey>
        <inputFieldName>TotalDisconnectedAsset</inputFieldName>
        <inputObjectQuerySequence>0.0</inputObjectQuerySequence>
        <linkedObjectSequence>0.0</linkedObjectSequence>
        <name>VPLGetServicePointAssetDetail</name>
        <outputCreationSequence>1.0</outputCreationSequence>
        <outputFieldName>TotalDisconnectedAsset</outputFieldName>
        <outputObjectName>json</outputObjectName>
        <requiredForUpsert>false</requiredForUpsert>
        <upsertKey>false</upsertKey>
    </omniDataTransformItem>
    <omniDataTransformItem>
        <disabled>false</disabled>
        <filterGroup>0.0</filterGroup>
        <globalKey>VPLGetServicePointAssetDetail68695153622805</globalKey>
        <inputFieldName>MoveOutAsset:Id</inputFieldName>
        <inputObjectQuerySequence>0.0</inputObjectQuerySequence>
        <linkedObjectSequence>0.0</linkedObjectSequence>
        <name>VPLGetServicePointAssetDetail</name>
        <outputCreationSequence>1.0</outputCreationSequence>
        <outputFieldName>MoveOutAsset:AssetId</outputFieldName>
        <outputObjectName>json</outputObjectName>
        <requiredForUpsert>false</requiredForUpsert>
        <upsertKey>false</upsertKey>
    </omniDataTransformItem>
    <omniDataTransformItem>
        <disabled>false</disabled>
        <filterGroup>0.0</filterGroup>
        <globalKey>VPLGetServicePointAssetDetail7411795455853323</globalKey>
        <inputFieldName>ServicePointCount</inputFieldName>
        <inputObjectQuerySequence>0.0</inputObjectQuerySequence>
        <linkedObjectSequence>0.0</linkedObjectSequence>
        <name>VPLGetServicePointAssetDetail</name>
        <outputCreationSequence>1.0</outputCreationSequence>
        <outputFieldName>ServicePointCount</outputFieldName>
        <outputObjectName>json</outputObjectName>
        <requiredForUpsert>false</requiredForUpsert>
        <upsertKey>false</upsertKey>
    </omniDataTransformItem>
    <omniDataTransformItem>
        <disabled>false</disabled>
        <filterGroup>0.0</filterGroup>
        <globalKey>VPLGetServicePointAssetDetail8857348894240247</globalKey>
        <inputFieldName>MoveOutAsset:Name</inputFieldName>
        <inputObjectQuerySequence>0.0</inputObjectQuerySequence>
        <linkedObjectSequence>0.0</linkedObjectSequence>
        <name>VPLGetServicePointAssetDetail</name>
        <outputCreationSequence>1.0</outputCreationSequence>
        <outputFieldName>MoveOutAsset:AssetName</outputFieldName>
        <outputObjectName>json</outputObjectName>
        <requiredForUpsert>false</requiredForUpsert>
        <upsertKey>false</upsertKey>
    </omniDataTransformItem>
    <omniDataTransformItem>
        <disabled>false</disabled>
        <filterGroup>0.0</filterGroup>
        <globalKey>VPLGetServicePointAssetDetail44634603534323847</globalKey>
        <inputFieldName>ServicePointDisconnectedCount</inputFieldName>
        <inputObjectQuerySequence>0.0</inputObjectQuerySequence>
        <linkedObjectSequence>0.0</linkedObjectSequence>
        <name>VPLGetServicePointAssetDetail</name>
        <outputCreationSequence>1.0</outputCreationSequence>
        <outputFieldName>ServicePointDisconnectedCount</outputFieldName>
        <outputObjectName>json</outputObjectName>
        <requiredForUpsert>false</requiredForUpsert>
        <upsertKey>false</upsertKey>
    </omniDataTransformItem>
    <omniDataTransformItem>
        <disabled>false</disabled>
        <filterGroup>0.0</filterGroup>
        <globalKey>VPLGetServicePointAssetDetail667218833186082</globalKey>
        <inputFieldName>Asset:Name</inputFieldName>
        <inputObjectQuerySequence>0.0</inputObjectQuerySequence>
        <linkedObjectSequence>0.0</linkedObjectSequence>
        <name>VPLGetServicePointAssetDetail</name>
        <outputCreationSequence>1.0</outputCreationSequence>
        <outputFieldName>ServiceList:AssetName</outputFieldName>
        <outputObjectName>json</outputObjectName>
        <requiredForUpsert>false</requiredForUpsert>
        <upsertKey>false</upsertKey>
    </omniDataTransformItem>
    <omniDataTransformItem>
        <disabled>false</disabled>
        <filterGroup>0.0</filterGroup>
        <globalKey>VPLGetServicePointAssetDetail6648752436648444</globalKey>
        <inputFieldName>Asset:vlocity_cmt__ContractNumber__c</inputFieldName>
        <inputObjectQuerySequence>0.0</inputObjectQuerySequence>
        <linkedObjectSequence>0.0</linkedObjectSequence>
        <name>VPLGetServicePointAssetDetail</name>
        <outputCreationSequence>1.0</outputCreationSequence>
        <outputFieldName>ServiceList:ContractNumber</outputFieldName>
        <outputObjectName>json</outputObjectName>
        <requiredForUpsert>false</requiredForUpsert>
        <upsertKey>false</upsertKey>
    </omniDataTransformItem>
    <omniDataTransformItem>
        <disabled>false</disabled>
        <filterGroup>0.0</filterGroup>
        <globalKey>VPLGetServicePointAssetDetail3687795963327467</globalKey>
        <inputFieldName>Asset:vlocity_cmt__ServiceAccountId__r.AccountNumber</inputFieldName>
        <inputObjectQuerySequence>0.0</inputObjectQuerySequence>
        <linkedObjectSequence>0.0</linkedObjectSequence>
        <name>VPLGetServicePointAssetDetail</name>
        <outputCreationSequence>1.0</outputCreationSequence>
        <outputFieldName>ServiceList:AccountNumber</outputFieldName>
        <outputObjectName>json</outputObjectName>
        <requiredForUpsert>false</requiredForUpsert>
        <upsertKey>false</upsertKey>
    </omniDataTransformItem>
    <omniDataTransformItem>
        <disabled>false</disabled>
        <filterGroup>0.0</filterGroup>
        <globalKey>VPLGetServicePointAssetDetail7861534910960777</globalKey>
        <inputFieldName>Asset:Id</inputFieldName>
        <inputObjectQuerySequence>0.0</inputObjectQuerySequence>
        <linkedObjectSequence>0.0</linkedObjectSequence>
        <name>VPLGetServicePointAssetDetail</name>
        <outputCreationSequence>1.0</outputCreationSequence>
        <outputFieldName>ServiceList:AssetId</outputFieldName>
        <outputObjectName>json</outputObjectName>
        <requiredForUpsert>false</requiredForUpsert>
        <upsertKey>false</upsertKey>
    </omniDataTransformItem>
    <omniDataTransformItem>
        <disabled>false</disabled>
        <filterGroup>0.0</filterGroup>
        <globalKey>VPLGetServicePointAssetDetail7788743056936265</globalKey>
        <inputObjectQuerySequence>0.0</inputObjectQuerySequence>
        <linkedObjectSequence>0.0</linkedObjectSequence>
        <name>VPLGetServicePointAssetDetail</name>
        <outputCreationSequence>1.0</outputCreationSequence>
        <outputFieldFormat>List&lt;Map&gt;</outputFieldFormat>
        <outputFieldName>ServiceAccountPremiseAddress</outputFieldName>
        <outputObjectName>json</outputObjectName>
        <requiredForUpsert>false</requiredForUpsert>
        <upsertKey>false</upsertKey>
    </omniDataTransformItem>
    <omniDataTransformItem>
        <disabled>false</disabled>
        <filterGroup>0.0</filterGroup>
        <globalKey>VPLGetServicePointAssetDetail882251345620745</globalKey>
        <inputObjectQuerySequence>0.0</inputObjectQuerySequence>
        <linkedObjectSequence>0.0</linkedObjectSequence>
        <name>VPLGetServicePointAssetDetail</name>
        <outputCreationSequence>1.0</outputCreationSequence>
        <outputFieldFormat>List&lt;Map&gt;</outputFieldFormat>
        <outputFieldName>ServiceList</outputFieldName>
        <outputObjectName>json</outputObjectName>
        <requiredForUpsert>false</requiredForUpsert>
        <upsertKey>false</upsertKey>
    </omniDataTransformItem>
    <omniDataTransformItem>
        <disabled>false</disabled>
        <filterGroup>0.0</filterGroup>
        <globalKey>VPLGetServicePointAssetDetail4089035071054541</globalKey>
        <inputFieldName>MoveOutAsset:vlocity_cmt__ServicePointId__r.Id</inputFieldName>
        <inputObjectQuerySequence>0.0</inputObjectQuerySequence>
        <linkedObjectSequence>0.0</linkedObjectSequence>
        <name>VPLGetServicePointAssetDetail</name>
        <outputCreationSequence>1.0</outputCreationSequence>
        <outputFieldName>MoveOutAsset:ServicePointId</outputFieldName>
        <outputObjectName>json</outputObjectName>
        <requiredForUpsert>false</requiredForUpsert>
        <upsertKey>false</upsertKey>
    </omniDataTransformItem>
    <omniDataTransformItem>
        <disabled>false</disabled>
        <filterGroup>0.0</filterGroup>
        <globalKey>VPLGetServicePointAssetDetail5804878941400871</globalKey>
        <inputFieldName>ServiceAccountId</inputFieldName>
        <inputObjectQuerySequence>0.0</inputObjectQuerySequence>
        <linkedObjectSequence>0.0</linkedObjectSequence>
        <name>VPLGetServicePointAssetDetail</name>
        <outputCreationSequence>1.0</outputCreationSequence>
        <outputFieldName>ServiceAccountId</outputFieldName>
        <outputObjectName>json</outputObjectName>
        <requiredForUpsert>false</requiredForUpsert>
        <upsertKey>false</upsertKey>
    </omniDataTransformItem>
    <omniDataTransformItem>
        <disabled>false</disabled>
        <filterGroup>0.0</filterGroup>
        <formulaConverted>| &quot;SELECT/\/\/name/\/\/from/\/\/profile/\/\/where/\/\/id/\/\/=&apos;{0}&apos;&quot; var:LoggedProfile QUERY</formulaConverted>
        <formulaExpression>QUERY(&quot;SELECT name from profile where id =&apos;{0}&apos;&quot;,%LoggedProfile%)</formulaExpression>
        <formulaResultPath>LoggedInUserProfile</formulaResultPath>
        <formulaSequence>5.0</formulaSequence>
        <globalKey>VPLGetServicePointAssetDetail4789820052667264</globalKey>
        <inputObjectQuerySequence>0.0</inputObjectQuerySequence>
        <linkedObjectSequence>0.0</linkedObjectSequence>
        <name>VPLGetServicePointAssetDetail</name>
        <outputCreationSequence>0.0</outputCreationSequence>
        <outputFieldName>Formula</outputFieldName>
        <outputObjectName>Formula</outputObjectName>
        <requiredForUpsert>false</requiredForUpsert>
        <upsertKey>false</upsertKey>
    </omniDataTransformItem>
    <omniDataTransformItem>
        <disabled>false</disabled>
        <filterGroup>0.0</filterGroup>
        <globalKey>VPLGetServicePointAssetDetail21084271582357128</globalKey>
        <inputFieldName>Asset:vlocity_cmt__ServicePointId__r.vlocity_cmt__Status__c</inputFieldName>
        <inputObjectQuerySequence>0.0</inputObjectQuerySequence>
        <linkedObjectSequence>0.0</linkedObjectSequence>
        <name>VPLGetServicePointAssetDetail</name>
        <outputCreationSequence>1.0</outputCreationSequence>
        <outputFieldName>ServiceList:ServicePointStatus</outputFieldName>
        <outputObjectName>json</outputObjectName>
        <requiredForUpsert>false</requiredForUpsert>
        <upsertKey>false</upsertKey>
    </omniDataTransformItem>
    <omniDataTransformItem>
        <disabled>false</disabled>
        <filterGroup>0.0</filterGroup>
        <formulaConverted>| &quot;SELECT/\/\/profileid/\/\/from/\/\/user/\/\/where/\/\/id/\/\/=&apos;{0}&apos;&quot; $Vlocity.UserId QUERY</formulaConverted>
        <formulaExpression>QUERY(&quot;SELECT profileid from user where id =&apos;{0}&apos;&quot;,$Vlocity.UserId)</formulaExpression>
        <formulaResultPath>LoggedProfile</formulaResultPath>
        <formulaSequence>4.0</formulaSequence>
        <globalKey>VPLGetServicePointAssetDetail5201910324851082</globalKey>
        <inputObjectQuerySequence>0.0</inputObjectQuerySequence>
        <linkedObjectSequence>0.0</linkedObjectSequence>
        <name>VPLGetServicePointAssetDetail</name>
        <outputCreationSequence>0.0</outputCreationSequence>
        <outputFieldName>Formula</outputFieldName>
        <outputObjectName>Formula</outputObjectName>
        <requiredForUpsert>false</requiredForUpsert>
        <upsertKey>false</upsertKey>
    </omniDataTransformItem>
    <omniDataTransformItem>
        <disabled>false</disabled>
        <filterGroup>0.0</filterGroup>
        <formulaConverted>| &quot;Select/\/\/COUNT()/\/\/from/\/\/asset/\/\/where/\/\/vlocity_cmt__ServiceAccountId__r.Id=&apos;{0}&apos;&quot; var:ServiceAccountId COUNTQUERY</formulaConverted>
        <formulaExpression>COUNTQUERY(&quot;Select COUNT() from asset where vlocity_cmt__ServiceAccountId__r.Id=&apos;{0}&apos;&quot;,%ServiceAccountId%)</formulaExpression>
        <formulaResultPath>TotalAsset</formulaResultPath>
        <formulaSequence>6.0</formulaSequence>
        <globalKey>VPLGetServicePointAssetDetail4171942538045885</globalKey>
        <inputObjectQuerySequence>0.0</inputObjectQuerySequence>
        <linkedObjectSequence>0.0</linkedObjectSequence>
        <name>VPLGetServicePointAssetDetail</name>
        <outputCreationSequence>0.0</outputCreationSequence>
        <outputFieldName>Formula</outputFieldName>
        <outputObjectName>Formula</outputObjectName>
        <requiredForUpsert>false</requiredForUpsert>
        <upsertKey>false</upsertKey>
    </omniDataTransformItem>
    <omniDataTransformItem>
        <disabled>false</disabled>
        <filterGroup>0.0</filterGroup>
        <globalKey>VPLGetServicePointAssetDetail1657670138177525</globalKey>
        <inputFieldName>Asset:vlocity_cmt__ServicePointId__r.Name</inputFieldName>
        <inputObjectQuerySequence>0.0</inputObjectQuerySequence>
        <linkedObjectSequence>0.0</linkedObjectSequence>
        <name>VPLGetServicePointAssetDetail</name>
        <outputCreationSequence>1.0</outputCreationSequence>
        <outputFieldName>ServiceList:ServicePointName</outputFieldName>
        <outputObjectName>json</outputObjectName>
        <requiredForUpsert>false</requiredForUpsert>
        <upsertKey>false</upsertKey>
    </omniDataTransformItem>
    <omniDataTransformItem>
        <disabled>false</disabled>
        <filterGroup>0.0</filterGroup>
        <formulaConverted>| var:Asset|1:vlocity_cmt__ServicePointId__r.vlocity_cmt__PremisesId__r.vlocity_cmt__StreetAddress__c var:null != var:Asset|1:vlocity_cmt__ServicePointId__r.vlocity_cmt__PremisesId__r.vlocity_cmt__City__c var:null != &amp;&amp; var:Asset|1:vlocity_cmt__ServicePointId__r.vlocity_cmt__PremisesId__r.vlocity_cmt__State__c var:null != &amp;&amp; var:Asset|1:vlocity_cmt__ServicePointId__r.vlocity_cmt__PremisesId__r.vlocity_cmt__PostalCode__c var:null != &amp;&amp; | var:Asset|1:vlocity_cmt__ServicePointId__r.vlocity_cmt__PremisesId__r.vlocity_cmt__StreetAddress__c &quot;/\/\/,/\/\/&quot; var:Asset|1:vlocity_cmt__ServicePointId__r.vlocity_cmt__PremisesId__r.vlocity_cmt__City__c &quot;/\/\/,/\/\/&quot; var:Asset|1:vlocity_cmt__ServicePointId__r.vlocity_cmt__PremisesId__r.vlocity_cmt__State__c &quot;,&quot; var:Asset|1:vlocity_cmt__ServicePointId__r.vlocity_cmt__PremisesId__r.vlocity_cmt__PostalCode__c CONCAT var:null IF</formulaConverted>
        <formulaExpression>IF(Asset|1:vlocity_cmt__ServicePointId__r.vlocity_cmt__PremisesId__r.vlocity_cmt__StreetAddress__c!=null &amp;&amp; Asset|1:vlocity_cmt__ServicePointId__r.vlocity_cmt__PremisesId__r.vlocity_cmt__City__c!=null &amp;&amp; Asset|1:vlocity_cmt__ServicePointId__r.vlocity_cmt__PremisesId__r.vlocity_cmt__State__c!=null &amp;&amp; Asset|1:vlocity_cmt__ServicePointId__r.vlocity_cmt__PremisesId__r.vlocity_cmt__PostalCode__c!=null,CONCAT(Asset|1:vlocity_cmt__ServicePointId__r.vlocity_cmt__PremisesId__r.vlocity_cmt__StreetAddress__c, &quot; , &quot; Asset|1:vlocity_cmt__ServicePointId__r.vlocity_cmt__PremisesId__r.vlocity_cmt__City__c, &quot; , &quot; Asset|1:vlocity_cmt__ServicePointId__r.vlocity_cmt__PremisesId__r.vlocity_cmt__State__c, &quot;,&quot;,Asset|1:vlocity_cmt__ServicePointId__r.vlocity_cmt__PremisesId__r.vlocity_cmt__PostalCode__c),null)</formulaExpression>
        <formulaResultPath>ServiceList:PremiseAddress</formulaResultPath>
        <formulaSequence>1.0</formulaSequence>
        <globalKey>VPLGetServicePointAssetDetail3424786108988882</globalKey>
        <inputObjectQuerySequence>0.0</inputObjectQuerySequence>
        <linkedObjectSequence>0.0</linkedObjectSequence>
        <name>VPLGetServicePointAssetDetail</name>
        <outputCreationSequence>0.0</outputCreationSequence>
        <outputFieldName>Formula</outputFieldName>
        <outputObjectName>Formula</outputObjectName>
        <requiredForUpsert>false</requiredForUpsert>
        <upsertKey>false</upsertKey>
    </omniDataTransformItem>
    <omniDataTransformItem>
        <disabled>false</disabled>
        <filterGroup>0.0</filterGroup>
        <globalKey>VPLGetServicePointAssetDetail9807417504447367</globalKey>
        <inputFieldName>Asset:vlocity_cmt__ServicePointId__r.vlocity_cmt__ServicePointNumber__c</inputFieldName>
        <inputObjectQuerySequence>0.0</inputObjectQuerySequence>
        <linkedObjectSequence>0.0</linkedObjectSequence>
        <name>VPLGetServicePointAssetDetail</name>
        <outputCreationSequence>1.0</outputCreationSequence>
        <outputFieldName>ServiceList:ServicePointNumber</outputFieldName>
        <outputObjectName>json</outputObjectName>
        <requiredForUpsert>false</requiredForUpsert>
        <upsertKey>false</upsertKey>
    </omniDataTransformItem>
    <omniDataTransformItem>
        <disabled>false</disabled>
        <filterGroup>0.0</filterGroup>
        <formulaConverted>| &quot;SELECT/\/\/COUNT()/\/\/FROM/\/\/vlocity_cmt__ServicePoint__c/\/\/WHERE/\/\/vlocity_cmt__PremisesId__c/\/\/=/\/\/&apos;{0}&apos;&quot; var:Asset:vlocity_cmt__ServicePointId__r.vlocity_cmt__PremisesId__r.Id COUNTQUERY</formulaConverted>
        <formulaExpression>COUNTQUERY ( &quot;SELECT COUNT() FROM vlocity_cmt__ServicePoint__c WHERE vlocity_cmt__PremisesId__c = &apos;{0}&apos;&quot;,Asset:vlocity_cmt__ServicePointId__r.vlocity_cmt__PremisesId__r.Id)</formulaExpression>
        <formulaResultPath>ServicePointCount</formulaResultPath>
        <formulaSequence>2.0</formulaSequence>
        <globalKey>VPLGetServicePointAssetDetail5277207613387698</globalKey>
        <inputObjectQuerySequence>0.0</inputObjectQuerySequence>
        <linkedObjectSequence>0.0</linkedObjectSequence>
        <name>VPLGetServicePointAssetDetail</name>
        <outputCreationSequence>0.0</outputCreationSequence>
        <outputFieldName>Formula</outputFieldName>
        <outputObjectName>Formula</outputObjectName>
        <requiredForUpsert>false</requiredForUpsert>
        <upsertKey>false</upsertKey>
    </omniDataTransformItem>
    <omniDataTransformItem>
        <disabled>false</disabled>
        <filterGroup>0.0</filterGroup>
        <globalKey>VPLGetServicePointAssetDetail5757008642446286</globalKey>
        <inputFieldName>Asset:vlocity_cmt__ServiceAccountId__r.Id</inputFieldName>
        <inputObjectQuerySequence>0.0</inputObjectQuerySequence>
        <linkedObjectSequence>0.0</linkedObjectSequence>
        <name>VPLGetServicePointAssetDetail</name>
        <outputCreationSequence>1.0</outputCreationSequence>
        <outputFieldName>ServiceList:ServiceAccountId</outputFieldName>
        <outputObjectName>json</outputObjectName>
        <requiredForUpsert>false</requiredForUpsert>
        <upsertKey>false</upsertKey>
    </omniDataTransformItem>
    <omniDataTransformItem>
        <disabled>false</disabled>
        <filterGroup>0.0</filterGroup>
        <formulaConverted>| &quot;Select/\/\/COUNT()/\/\/from/\/\/asset/\/\/where/\/\/vlocity_cmt__ServiceAccountId__r.Id=&apos;{0}&apos;/\/\/and/\/\/vlocity_cmt__DisconnectDate__c!=null&quot; var:ServiceAccountId COUNTQUERY</formulaConverted>
        <formulaExpression>COUNTQUERY(&quot;Select COUNT() from asset where vlocity_cmt__ServiceAccountId__r.Id=&apos;{0}&apos; and vlocity_cmt__DisconnectDate__c!=null&quot;,%ServiceAccountId%)</formulaExpression>
        <formulaResultPath>TotalDisconnectedAsset</formulaResultPath>
        <formulaSequence>7.0</formulaSequence>
        <globalKey>VPLGetServicePointAssetDetail9289571712202793</globalKey>
        <inputObjectQuerySequence>0.0</inputObjectQuerySequence>
        <linkedObjectSequence>0.0</linkedObjectSequence>
        <name>VPLGetServicePointAssetDetail</name>
        <outputCreationSequence>0.0</outputCreationSequence>
        <outputFieldName>Formula</outputFieldName>
        <outputObjectName>Formula</outputObjectName>
        <requiredForUpsert>false</requiredForUpsert>
        <upsertKey>false</upsertKey>
    </omniDataTransformItem>
    <omniDataTransformItem>
        <disabled>false</disabled>
        <filterGroup>0.0</filterGroup>
        <globalKey>VPLGetServicePointAssetDetail7754453748783312</globalKey>
        <inputFieldName>Asset:vlocity_cmt__ServicePointId__r.Id</inputFieldName>
        <inputObjectQuerySequence>0.0</inputObjectQuerySequence>
        <linkedObjectSequence>0.0</linkedObjectSequence>
        <name>VPLGetServicePointAssetDetail</name>
        <outputCreationSequence>1.0</outputCreationSequence>
        <outputFieldName>ServiceList:ServicePointId</outputFieldName>
        <outputObjectName>json</outputObjectName>
        <requiredForUpsert>false</requiredForUpsert>
        <upsertKey>false</upsertKey>
    </omniDataTransformItem>
    <omniDataTransformItem>
        <disabled>false</disabled>
        <filterGroup>0.0</filterGroup>
        <filterOperator>LIMIT</filterOperator>
        <filterValue>50</filterValue>
        <globalKey>VPLGetServicePointAssetDetail2736012913534842</globalKey>
        <inputObjectName>Asset</inputObjectName>
        <inputObjectQuerySequence>2.0</inputObjectQuerySequence>
        <linkedObjectSequence>0.0</linkedObjectSequence>
        <name>VPLGetServicePointAssetDetail</name>
        <outputCreationSequence>0.0</outputCreationSequence>
        <outputFieldName>MoveOutAsset</outputFieldName>
        <outputObjectName>json</outputObjectName>
        <requiredForUpsert>false</requiredForUpsert>
        <upsertKey>false</upsertKey>
    </omniDataTransformItem>
    <omniDataTransformItem>
        <disabled>false</disabled>
        <filterGroup>0.0</filterGroup>
        <globalKey>VPLGetServicePointAssetDetail37864445259233714</globalKey>
        <inputFieldName>Asset:Product2.Name</inputFieldName>
        <inputObjectQuerySequence>0.0</inputObjectQuerySequence>
        <linkedObjectSequence>0.0</linkedObjectSequence>
        <name>VPLGetServicePointAssetDetail</name>
        <outputCreationSequence>1.0</outputCreationSequence>
        <outputFieldName>ServiceList:ProductName</outputFieldName>
        <outputObjectName>json</outputObjectName>
        <requiredForUpsert>false</requiredForUpsert>
        <upsertKey>false</upsertKey>
    </omniDataTransformItem>
    <omniDataTransformItem>
        <disabled>false</disabled>
        <filterGroup>0.0</filterGroup>
        <formulaConverted>| &quot;SELECT/\/\/COUNT()/\/\/FROM/\/\/vlocity_cmt__ServicePoint__c/\/\/WHERE/\/\/vlocity_cmt__PremisesId__c/\/\/=/\/\/&apos;{0}&apos;/\/\/AND/\/\/vlocity_cmt__Status__c/\/\/=/\/\/&apos;Inactive&apos;&quot; var:Asset:vlocity_cmt__ServicePointId__r.vlocity_cmt__PremisesId__r.Id COUNTQUERY</formulaConverted>
        <formulaExpression>COUNTQUERY ( &quot;SELECT COUNT() FROM vlocity_cmt__ServicePoint__c WHERE vlocity_cmt__PremisesId__c = &apos;{0}&apos; AND vlocity_cmt__Status__c = &apos;Inactive&apos;&quot;,Asset:vlocity_cmt__ServicePointId__r.vlocity_cmt__PremisesId__r.Id)</formulaExpression>
        <formulaResultPath>ServicePointDisconnectedCount</formulaResultPath>
        <formulaSequence>3.0</formulaSequence>
        <globalKey>VPLGetServicePointAssetDetail22782181780022404</globalKey>
        <inputObjectQuerySequence>0.0</inputObjectQuerySequence>
        <linkedObjectSequence>0.0</linkedObjectSequence>
        <name>VPLGetServicePointAssetDetail</name>
        <outputCreationSequence>0.0</outputCreationSequence>
        <outputFieldName>Formula</outputFieldName>
        <outputObjectName>Formula</outputObjectName>
        <requiredForUpsert>false</requiredForUpsert>
        <upsertKey>false</upsertKey>
    </omniDataTransformItem>
    <omniDataTransformItem>
        <disabled>false</disabled>
        <filterGroup>0.0</filterGroup>
        <globalKey>VPLGetServicePointAssetDetail0764939224658927</globalKey>
        <inputFieldName>Asset:SerialNumber</inputFieldName>
        <inputObjectQuerySequence>0.0</inputObjectQuerySequence>
        <linkedObjectSequence>0.0</linkedObjectSequence>
        <name>VPLGetServicePointAssetDetail</name>
        <outputCreationSequence>1.0</outputCreationSequence>
        <outputFieldName>ServiceList:SerialNumber</outputFieldName>
        <outputObjectName>json</outputObjectName>
        <requiredForUpsert>false</requiredForUpsert>
        <upsertKey>false</upsertKey>
    </omniDataTransformItem>
    <omniDataTransformItem>
        <disabled>false</disabled>
        <filterGroup>0.0</filterGroup>
        <globalKey>VPLGetServicePointAssetDetail20355736974328953</globalKey>
        <inputFieldName>Asset:vlocity_cmt__ServicePointId__r.vlocity_cmt__ServiceType__c</inputFieldName>
        <inputObjectQuerySequence>0.0</inputObjectQuerySequence>
        <linkedObjectSequence>0.0</linkedObjectSequence>
        <name>VPLGetServicePointAssetDetail</name>
        <outputCreationSequence>1.0</outputCreationSequence>
        <outputFieldName>ServiceList:ServiceType</outputFieldName>
        <outputObjectName>json</outputObjectName>
        <requiredForUpsert>false</requiredForUpsert>
        <upsertKey>false</upsertKey>
    </omniDataTransformItem>
    <omniDataTransformItem>
        <defaultValue>null</defaultValue>
        <disabled>false</disabled>
        <filterGroup>0.0</filterGroup>
        <globalKey>VPLGetServicePointAssetDetail5425388877986081</globalKey>
        <inputObjectQuerySequence>0.0</inputObjectQuerySequence>
        <linkedObjectSequence>0.0</linkedObjectSequence>
        <name>VPLGetServicePointAssetDetail</name>
        <outputCreationSequence>1.0</outputCreationSequence>
        <outputFieldFormat>List&lt;Map&gt;</outputFieldFormat>
        <outputFieldName>MoveOutAsset</outputFieldName>
        <outputObjectName>json</outputObjectName>
        <requiredForUpsert>false</requiredForUpsert>
        <upsertKey>false</upsertKey>
    </omniDataTransformItem>
    <omniDataTransformItem>
        <disabled>false</disabled>
        <filterGroup>0.0</filterGroup>
        <globalKey>VPLGetServicePointAssetDetail13967563311658537</globalKey>
        <inputFieldName>Asset:vlocity_cmt__UsageMeasurementId__r.Name</inputFieldName>
        <inputObjectQuerySequence>0.0</inputObjectQuerySequence>
        <linkedObjectSequence>0.0</linkedObjectSequence>
        <name>VPLGetServicePointAssetDetail</name>
        <outputCreationSequence>1.0</outputCreationSequence>
        <outputFieldName>ServiceList:UnitOfMeasure</outputFieldName>
        <outputObjectName>json</outputObjectName>
        <requiredForUpsert>false</requiredForUpsert>
        <upsertKey>false</upsertKey>
    </omniDataTransformItem>
    <omniDataTransformItem>
        <disabled>false</disabled>
        <filterGroup>0.0</filterGroup>
        <globalKey>VPLGetServicePointAssetDetail008716105277740693</globalKey>
        <inputFieldName>LoggedInUserProfile</inputFieldName>
        <inputObjectQuerySequence>0.0</inputObjectQuerySequence>
        <linkedObjectSequence>0.0</linkedObjectSequence>
        <name>VPLGetServicePointAssetDetail</name>
        <outputCreationSequence>1.0</outputCreationSequence>
        <outputFieldName>LoggedInUserProfile</outputFieldName>
        <outputObjectName>json</outputObjectName>
        <requiredForUpsert>false</requiredForUpsert>
        <upsertKey>false</upsertKey>
    </omniDataTransformItem>
    <outputType>JSON</outputType>
    <previewJsonData>{
  &quot;BusinessAccountid&quot; : &quot;0013h00000Bue2WAAR&quot;,
  &quot;PremiseId&quot; : &quot;a3X3h000000TvIYEA0&quot;
}</previewJsonData>
    <processSuperBulk>false</processSuperBulk>
    <responseCacheTtlMinutes>0.0</responseCacheTtlMinutes>
    <rollbackOnError>false</rollbackOnError>
    <sourceObject>json</sourceObject>
    <sourceObjectDefault>false</sourceObjectDefault>
    <synchronousProcessThreshold>-1.0</synchronousProcessThreshold>
    <type>Extract</type>
    <uniqueName>VPLGetServicePointAssetDetail_1</uniqueName>
    <versionNumber>1.0</versionNumber>
    <xmlDeclarationRemoved>false</xmlDeclarationRemoved>
</OmniDataTransform>
