<?xml version="1.0" encoding="UTF-8"?>
<OmniDataTransform xmlns="http://soap.sforce.com/2006/04/metadata">
    <active>false</active>
    <assignmentRulesUsed>false</assignmentRulesUsed>
    <deletedOnSuccess>false</deletedOnSuccess>
    <description>DataRaptor to fetch the Purchase Criteria Attributes from Account</description>
    <errorIgnored>false</errorIgnored>
    <fieldLevelSecurityEnabled>false</fieldLevelSecurityEnabled>
    <inputType>JSON</inputType>
    <name>VPLGetPurchaseCriteria</name>
    <nullInputsIncludedInOutput>false</nullInputsIncludedInOutput>
    <omniDataTransformItem>
        <disabled>false</disabled>
        <filterGroup>0.0</filterGroup>
        <globalKey>VPL-GetPurchaseCriteriaCustoma1V3h000000mAOrEAMItem30</globalKey>
        <inputFieldName>AttrAssignment:vlocity_cmt__CategoryCode__c</inputFieldName>
        <inputObjectQuerySequence>0.0</inputObjectQuerySequence>
        <linkedObjectSequence>0.0</linkedObjectSequence>
        <name>VPL-GetPurchaseCriteria</name>
        <outputCreationSequence>1.0</outputCreationSequence>
        <outputFieldName>PurchaseCriteria:Category</outputFieldName>
        <outputObjectName>json</outputObjectName>
        <requiredForUpsert>false</requiredForUpsert>
        <upsertKey>false</upsertKey>
    </omniDataTransformItem>
    <omniDataTransformItem>
        <disabled>false</disabled>
        <filterGroup>0.0</filterGroup>
        <formulaConverted>var:AttrAssignment|4:vlocity_cmt__Value__c</formulaConverted>
        <formulaExpression>%AttrAssignment|4:vlocity_cmt__Value__c%</formulaExpression>
        <formulaResultPath>PurchaseCriteriaRenewableEnergy</formulaResultPath>
        <formulaSequence>4.0</formulaSequence>
        <globalKey>VPL-GetPurchaseCriteriaCustoma1V3h000000mAOrEAMItem5</globalKey>
        <inputObjectQuerySequence>0.0</inputObjectQuerySequence>
        <linkedObjectSequence>0.0</linkedObjectSequence>
        <name>VPL-GetPurchaseCriteria</name>
        <outputCreationSequence>0.0</outputCreationSequence>
        <outputFieldName>Formula</outputFieldName>
        <outputObjectName>Formula</outputObjectName>
        <requiredForUpsert>false</requiredForUpsert>
        <upsertKey>false</upsertKey>
    </omniDataTransformItem>
    <omniDataTransformItem>
        <disabled>false</disabled>
        <filterGroup>0.0</filterGroup>
        <formulaConverted>var:AttrAssignment|5:vlocity_cmt__Value__c</formulaConverted>
        <formulaExpression>%AttrAssignment|5:vlocity_cmt__Value__c%</formulaExpression>
        <formulaResultPath>PurchaseCriteriaServiceAvailability</formulaResultPath>
        <formulaSequence>5.0</formulaSequence>
        <globalKey>VPL-GetPurchaseCriteriaCustoma1V3h000000mAOrEAMItem6</globalKey>
        <inputObjectQuerySequence>0.0</inputObjectQuerySequence>
        <linkedObjectSequence>0.0</linkedObjectSequence>
        <name>VPL-GetPurchaseCriteria</name>
        <outputCreationSequence>0.0</outputCreationSequence>
        <outputFieldName>Formula</outputFieldName>
        <outputObjectName>Formula</outputObjectName>
        <requiredForUpsert>false</requiredForUpsert>
        <upsertKey>false</upsertKey>
    </omniDataTransformItem>
    <omniDataTransformItem>
        <disabled>false</disabled>
        <filterGroup>0.0</filterGroup>
        <formulaConverted>var:AttrAssignment|2:vlocity_cmt__Value__c</formulaConverted>
        <formulaExpression>%AttrAssignment|2:vlocity_cmt__Value__c%</formulaExpression>
        <formulaResultPath>PurchaseCriteriaFamilyFriendly</formulaResultPath>
        <formulaSequence>2.0</formulaSequence>
        <globalKey>VPL-GetPurchaseCriteriaCustoma1V3h000000mAOrEAMItem0</globalKey>
        <inputObjectQuerySequence>0.0</inputObjectQuerySequence>
        <linkedObjectSequence>0.0</linkedObjectSequence>
        <name>VPL-GetPurchaseCriteria</name>
        <outputCreationSequence>0.0</outputCreationSequence>
        <outputFieldName>Formula</outputFieldName>
        <outputObjectName>Formula</outputObjectName>
        <requiredForUpsert>false</requiredForUpsert>
        <upsertKey>false</upsertKey>
    </omniDataTransformItem>
    <omniDataTransformItem>
        <disabled>false</disabled>
        <filterGroup>0.0</filterGroup>
        <formulaConverted>var:AttrAssignment|3:vlocity_cmt__Value__c</formulaConverted>
        <formulaExpression>%AttrAssignment|3:vlocity_cmt__Value__c%</formulaExpression>
        <formulaResultPath>PurchaseCriteriaInsurance</formulaResultPath>
        <formulaSequence>3.0</formulaSequence>
        <globalKey>VPL-GetPurchaseCriteriaCustoma1V3h000000mAOrEAMItem4</globalKey>
        <inputObjectQuerySequence>0.0</inputObjectQuerySequence>
        <linkedObjectSequence>0.0</linkedObjectSequence>
        <name>VPL-GetPurchaseCriteria</name>
        <outputCreationSequence>0.0</outputCreationSequence>
        <outputFieldName>Formula</outputFieldName>
        <outputObjectName>Formula</outputObjectName>
        <requiredForUpsert>false</requiredForUpsert>
        <upsertKey>false</upsertKey>
    </omniDataTransformItem>
    <omniDataTransformItem>
        <disabled>false</disabled>
        <filterGroup>4.0</filterGroup>
        <filterOperator>=</filterOperator>
        <filterValue>&apos;false&apos;</filterValue>
        <globalKey>VPL-GetPurchaseCriteriaCustoma1V3h000000mAOrEAMItem24</globalKey>
        <inputFieldName>vlocity_cmt__RemovedFlag__c</inputFieldName>
        <inputObjectName>vlocity_cmt__AttributeAssignment__c</inputObjectName>
        <inputObjectQuerySequence>2.0</inputObjectQuerySequence>
        <linkedObjectSequence>0.0</linkedObjectSequence>
        <name>VPL-GetPurchaseCriteria</name>
        <outputCreationSequence>0.0</outputCreationSequence>
        <outputFieldName>AttrAssignment</outputFieldName>
        <outputObjectName>json</outputObjectName>
        <requiredForUpsert>false</requiredForUpsert>
        <upsertKey>false</upsertKey>
    </omniDataTransformItem>
    <omniDataTransformItem>
        <disabled>false</disabled>
        <filterGroup>0.0</filterGroup>
        <formulaConverted>var:AttrAssignment|1:vlocity_cmt__Value__c</formulaConverted>
        <formulaExpression>%AttrAssignment|1:vlocity_cmt__Value__c%</formulaExpression>
        <formulaResultPath>PurchaseCriteriaCost</formulaResultPath>
        <formulaSequence>1.0</formulaSequence>
        <globalKey>VPL-GetPurchaseCriteriaCustoma1V3h000000mAOrEAMItem3</globalKey>
        <inputObjectQuerySequence>0.0</inputObjectQuerySequence>
        <linkedObjectSequence>0.0</linkedObjectSequence>
        <name>VPL-GetPurchaseCriteria</name>
        <outputCreationSequence>0.0</outputCreationSequence>
        <outputFieldName>Formula</outputFieldName>
        <outputObjectName>Formula</outputObjectName>
        <requiredForUpsert>false</requiredForUpsert>
        <upsertKey>false</upsertKey>
    </omniDataTransformItem>
    <omniDataTransformItem>
        <disabled>false</disabled>
        <filterGroup>4.0</filterGroup>
        <filterOperator>=</filterOperator>
        <filterValue>&apos;true&apos;</filterValue>
        <globalKey>VPL-GetPurchaseCriteriaCustoma1V3h000000mAOrEAMItem14</globalKey>
        <inputFieldName>vlocity_cmt__IsActive__c</inputFieldName>
        <inputObjectName>vlocity_cmt__AttributeAssignment__c</inputObjectName>
        <inputObjectQuerySequence>2.0</inputObjectQuerySequence>
        <linkedObjectSequence>0.0</linkedObjectSequence>
        <name>VPL-GetPurchaseCriteria</name>
        <outputCreationSequence>0.0</outputCreationSequence>
        <outputFieldName>AttrAssignment</outputFieldName>
        <outputObjectName>json</outputObjectName>
        <requiredForUpsert>false</requiredForUpsert>
        <upsertKey>false</upsertKey>
    </omniDataTransformItem>
    <omniDataTransformItem>
        <disabled>false</disabled>
        <filterGroup>4.0</filterGroup>
        <filterOperator>=</filterOperator>
        <filterValue>Account:Id</filterValue>
        <globalKey>VPL-GetPurchaseCriteriaCustoma1V3h000000mAOrEAMItem19</globalKey>
        <inputFieldName>vlocity_cmt__ObjectId__c</inputFieldName>
        <inputObjectName>vlocity_cmt__AttributeAssignment__c</inputObjectName>
        <inputObjectQuerySequence>2.0</inputObjectQuerySequence>
        <linkedObjectSequence>0.0</linkedObjectSequence>
        <name>VPL-GetPurchaseCriteria</name>
        <outputCreationSequence>0.0</outputCreationSequence>
        <outputFieldName>AttrAssignment</outputFieldName>
        <outputObjectName>json</outputObjectName>
        <requiredForUpsert>false</requiredForUpsert>
        <upsertKey>false</upsertKey>
    </omniDataTransformItem>
    <omniDataTransformItem>
        <disabled>false</disabled>
        <filterGroup>0.0</filterGroup>
        <globalKey>VPL-GetPurchaseCriteriaCustoma1V3h000000mAOrEAMItem29</globalKey>
        <inputFieldName>AttrAssignment:Id</inputFieldName>
        <inputObjectQuerySequence>0.0</inputObjectQuerySequence>
        <linkedObjectSequence>0.0</linkedObjectSequence>
        <name>VPL-GetPurchaseCriteria</name>
        <outputCreationSequence>1.0</outputCreationSequence>
        <outputFieldName>PurchaseCriteria:AttrAssignId</outputFieldName>
        <outputObjectName>json</outputObjectName>
        <requiredForUpsert>false</requiredForUpsert>
        <upsertKey>false</upsertKey>
    </omniDataTransformItem>
    <omniDataTransformItem>
        <disabled>false</disabled>
        <filterGroup>0.0</filterGroup>
        <globalKey>VPL-GetPurchaseCriteriaCustoma1V3h000000mAOrEAMItem31</globalKey>
        <inputFieldName>AttrAssignment:vlocity_cmt__Value__c</inputFieldName>
        <inputObjectQuerySequence>0.0</inputObjectQuerySequence>
        <linkedObjectSequence>0.0</linkedObjectSequence>
        <name>VPL-GetPurchaseCriteria</name>
        <outputCreationSequence>1.0</outputCreationSequence>
        <outputFieldName>PurchaseCriteria:AttributeValue</outputFieldName>
        <outputObjectName>json</outputObjectName>
        <requiredForUpsert>false</requiredForUpsert>
        <upsertKey>false</upsertKey>
    </omniDataTransformItem>
    <omniDataTransformItem>
        <disabled>false</disabled>
        <filterGroup>0.0</filterGroup>
        <globalKey>VPL-GetPurchaseCriteriaCustoma1V3h000000mAOrEAMItem35</globalKey>
        <inputFieldName>PurchaseCriteriaRenewableEnergy</inputFieldName>
        <inputObjectQuerySequence>0.0</inputObjectQuerySequence>
        <linkedObjectSequence>0.0</linkedObjectSequence>
        <name>VPL-GetPurchaseCriteria</name>
        <outputCreationSequence>1.0</outputCreationSequence>
        <outputFieldName>PurchaseCriteria1:RenewableEnergy</outputFieldName>
        <outputObjectName>json</outputObjectName>
        <requiredForUpsert>false</requiredForUpsert>
        <upsertKey>false</upsertKey>
    </omniDataTransformItem>
    <omniDataTransformItem>
        <disabled>false</disabled>
        <filterGroup>0.0</filterGroup>
        <globalKey>VPL-GetPurchaseCriteriaCustoma1V3h000000mAOrEAMItem36</globalKey>
        <inputFieldName>PurchaseCriteriaServiceAvailability</inputFieldName>
        <inputObjectQuerySequence>0.0</inputObjectQuerySequence>
        <linkedObjectSequence>0.0</linkedObjectSequence>
        <name>VPL-GetPurchaseCriteria</name>
        <outputCreationSequence>1.0</outputCreationSequence>
        <outputFieldName>PurchaseCriteria1:ServiceAvailability</outputFieldName>
        <outputObjectName>json</outputObjectName>
        <requiredForUpsert>false</requiredForUpsert>
        <upsertKey>false</upsertKey>
    </omniDataTransformItem>
    <omniDataTransformItem>
        <disabled>false</disabled>
        <filterGroup>0.0</filterGroup>
        <globalKey>VPL-GetPurchaseCriteriaCustoma1V3h000000mAOrEAMItem33</globalKey>
        <inputFieldName>PurchaseCriteriaFamilyFriendly</inputFieldName>
        <inputObjectQuerySequence>0.0</inputObjectQuerySequence>
        <linkedObjectSequence>0.0</linkedObjectSequence>
        <name>VPL-GetPurchaseCriteria</name>
        <outputCreationSequence>1.0</outputCreationSequence>
        <outputFieldName>PurchaseCriteria1:FamilyFriendly</outputFieldName>
        <outputObjectName>json</outputObjectName>
        <requiredForUpsert>false</requiredForUpsert>
        <upsertKey>false</upsertKey>
    </omniDataTransformItem>
    <omniDataTransformItem>
        <disabled>false</disabled>
        <filterGroup>0.0</filterGroup>
        <globalKey>VPL-GetPurchaseCriteriaCustoma1V3h000000mAOrEAMItem34</globalKey>
        <inputFieldName>PurchaseCriteriaInsurance</inputFieldName>
        <inputObjectQuerySequence>0.0</inputObjectQuerySequence>
        <linkedObjectSequence>0.0</linkedObjectSequence>
        <name>VPL-GetPurchaseCriteria</name>
        <outputCreationSequence>1.0</outputCreationSequence>
        <outputFieldName>PurchaseCriteria1:Insurance</outputFieldName>
        <outputObjectName>json</outputObjectName>
        <requiredForUpsert>false</requiredForUpsert>
        <upsertKey>false</upsertKey>
    </omniDataTransformItem>
    <omniDataTransformItem>
        <disabled>false</disabled>
        <filterGroup>0.0</filterGroup>
        <globalKey>VPL-GetPurchaseCriteriaCustoma1V3h000000mAOrEAMItem28</globalKey>
        <inputObjectQuerySequence>0.0</inputObjectQuerySequence>
        <linkedObjectSequence>0.0</linkedObjectSequence>
        <name>VPL-GetPurchaseCriteria</name>
        <outputCreationSequence>1.0</outputCreationSequence>
        <outputFieldFormat>List&lt;Map&gt;</outputFieldFormat>
        <outputFieldName>PurchaseCriteria</outputFieldName>
        <outputObjectName>json</outputObjectName>
        <requiredForUpsert>false</requiredForUpsert>
        <upsertKey>false</upsertKey>
    </omniDataTransformItem>
    <omniDataTransformItem>
        <disabled>false</disabled>
        <filterGroup>0.0</filterGroup>
        <globalKey>VPL-GetPurchaseCriteriaCustoma1V3h000000mAOrEAMItem32</globalKey>
        <inputFieldName>PurchaseCriteriaCost</inputFieldName>
        <inputObjectQuerySequence>0.0</inputObjectQuerySequence>
        <linkedObjectSequence>0.0</linkedObjectSequence>
        <name>VPL-GetPurchaseCriteria</name>
        <outputCreationSequence>1.0</outputCreationSequence>
        <outputFieldName>PurchaseCriteria1:Cost</outputFieldName>
        <outputObjectName>json</outputObjectName>
        <requiredForUpsert>false</requiredForUpsert>
        <upsertKey>false</upsertKey>
    </omniDataTransformItem>
    <omniDataTransformItem>
        <disabled>false</disabled>
        <filterGroup>2.0</filterGroup>
        <filterOperator>=</filterOperator>
        <filterValue>&apos;true&apos;</filterValue>
        <globalKey>VPL-GetPurchaseCriteriaCustoma1V3h000000mAOrEAMItem16</globalKey>
        <inputFieldName>vlocity_cmt__IsActive__c</inputFieldName>
        <inputObjectName>vlocity_cmt__AttributeAssignment__c</inputObjectName>
        <inputObjectQuerySequence>2.0</inputObjectQuerySequence>
        <linkedObjectSequence>0.0</linkedObjectSequence>
        <name>VPL-GetPurchaseCriteria</name>
        <outputCreationSequence>0.0</outputCreationSequence>
        <outputFieldName>AttrAssignment</outputFieldName>
        <outputObjectName>json</outputObjectName>
        <requiredForUpsert>false</requiredForUpsert>
        <upsertKey>false</upsertKey>
    </omniDataTransformItem>
    <omniDataTransformItem>
        <disabled>false</disabled>
        <filterGroup>1.0</filterGroup>
        <filterOperator>=</filterOperator>
        <filterValue>&apos;false&apos;</filterValue>
        <globalKey>VPL-GetPurchaseCriteriaCustoma1V3h000000mAOrEAMItem27</globalKey>
        <inputFieldName>vlocity_cmt__RemovedFlag__c</inputFieldName>
        <inputObjectName>vlocity_cmt__AttributeAssignment__c</inputObjectName>
        <inputObjectQuerySequence>2.0</inputObjectQuerySequence>
        <linkedObjectSequence>0.0</linkedObjectSequence>
        <name>VPL-GetPurchaseCriteria</name>
        <outputCreationSequence>0.0</outputCreationSequence>
        <outputFieldName>AttrAssignment</outputFieldName>
        <outputObjectName>json</outputObjectName>
        <requiredForUpsert>false</requiredForUpsert>
        <upsertKey>false</upsertKey>
    </omniDataTransformItem>
    <omniDataTransformItem>
        <disabled>false</disabled>
        <filterGroup>2.0</filterGroup>
        <filterOperator>=</filterOperator>
        <filterValue>&apos;PURCHASE_CRITERIA_FAMILY_FRIENDLY&apos;</filterValue>
        <globalKey>VPL-GetPurchaseCriteriaCustoma1V3h000000mAOrEAMItem11</globalKey>
        <inputFieldName>vlocity_cmt__CategoryCode__c</inputFieldName>
        <inputObjectName>vlocity_cmt__AttributeAssignment__c</inputObjectName>
        <inputObjectQuerySequence>2.0</inputObjectQuerySequence>
        <linkedObjectSequence>0.0</linkedObjectSequence>
        <name>VPL-GetPurchaseCriteria</name>
        <outputCreationSequence>0.0</outputCreationSequence>
        <outputFieldName>AttrAssignment</outputFieldName>
        <outputObjectName>json</outputObjectName>
        <requiredForUpsert>false</requiredForUpsert>
        <upsertKey>false</upsertKey>
    </omniDataTransformItem>
    <omniDataTransformItem>
        <disabled>false</disabled>
        <filterGroup>3.0</filterGroup>
        <filterOperator>=</filterOperator>
        <filterValue>&apos;false&apos;</filterValue>
        <globalKey>VPL-GetPurchaseCriteriaCustoma1V3h000000mAOrEAMItem25</globalKey>
        <inputFieldName>vlocity_cmt__RemovedFlag__c</inputFieldName>
        <inputObjectName>vlocity_cmt__AttributeAssignment__c</inputObjectName>
        <inputObjectQuerySequence>2.0</inputObjectQuerySequence>
        <linkedObjectSequence>0.0</linkedObjectSequence>
        <name>VPL-GetPurchaseCriteria</name>
        <outputCreationSequence>0.0</outputCreationSequence>
        <outputFieldName>AttrAssignment</outputFieldName>
        <outputObjectName>json</outputObjectName>
        <requiredForUpsert>false</requiredForUpsert>
        <upsertKey>false</upsertKey>
    </omniDataTransformItem>
    <omniDataTransformItem>
        <disabled>false</disabled>
        <filterGroup>4.0</filterGroup>
        <filterOperator>=</filterOperator>
        <filterValue>&apos;PURCHASE_CRITERIA_INSURANCE&apos;</filterValue>
        <globalKey>VPL-GetPurchaseCriteriaCustoma1V3h000000mAOrEAMItem9</globalKey>
        <inputFieldName>vlocity_cmt__CategoryCode__c</inputFieldName>
        <inputObjectName>vlocity_cmt__AttributeAssignment__c</inputObjectName>
        <inputObjectQuerySequence>2.0</inputObjectQuerySequence>
        <linkedObjectSequence>0.0</linkedObjectSequence>
        <name>VPL-GetPurchaseCriteria</name>
        <outputCreationSequence>0.0</outputCreationSequence>
        <outputFieldName>AttrAssignment</outputFieldName>
        <outputObjectName>json</outputObjectName>
        <requiredForUpsert>false</requiredForUpsert>
        <upsertKey>false</upsertKey>
    </omniDataTransformItem>
    <omniDataTransformItem>
        <disabled>false</disabled>
        <filterGroup>3.0</filterGroup>
        <filterOperator>=</filterOperator>
        <filterValue>&apos;true&apos;</filterValue>
        <globalKey>VPL-GetPurchaseCriteriaCustoma1V3h000000mAOrEAMItem15</globalKey>
        <inputFieldName>vlocity_cmt__IsActive__c</inputFieldName>
        <inputObjectName>vlocity_cmt__AttributeAssignment__c</inputObjectName>
        <inputObjectQuerySequence>2.0</inputObjectQuerySequence>
        <linkedObjectSequence>0.0</linkedObjectSequence>
        <name>VPL-GetPurchaseCriteria</name>
        <outputCreationSequence>0.0</outputCreationSequence>
        <outputFieldName>AttrAssignment</outputFieldName>
        <outputObjectName>json</outputObjectName>
        <requiredForUpsert>false</requiredForUpsert>
        <upsertKey>false</upsertKey>
    </omniDataTransformItem>
    <omniDataTransformItem>
        <disabled>false</disabled>
        <filterGroup>3.0</filterGroup>
        <filterOperator>=</filterOperator>
        <filterValue>Account:Id</filterValue>
        <globalKey>VPL-GetPurchaseCriteriaCustoma1V3h000000mAOrEAMItem20</globalKey>
        <inputFieldName>vlocity_cmt__ObjectId__c</inputFieldName>
        <inputObjectName>vlocity_cmt__AttributeAssignment__c</inputObjectName>
        <inputObjectQuerySequence>2.0</inputObjectQuerySequence>
        <linkedObjectSequence>0.0</linkedObjectSequence>
        <name>VPL-GetPurchaseCriteria</name>
        <outputCreationSequence>0.0</outputCreationSequence>
        <outputFieldName>AttrAssignment</outputFieldName>
        <outputObjectName>json</outputObjectName>
        <requiredForUpsert>false</requiredForUpsert>
        <upsertKey>false</upsertKey>
    </omniDataTransformItem>
    <omniDataTransformItem>
        <disabled>false</disabled>
        <filterGroup>2.0</filterGroup>
        <filterOperator>=</filterOperator>
        <filterValue>&apos;false&apos;</filterValue>
        <globalKey>VPL-GetPurchaseCriteriaCustoma1V3h000000mAOrEAMItem26</globalKey>
        <inputFieldName>vlocity_cmt__RemovedFlag__c</inputFieldName>
        <inputObjectName>vlocity_cmt__AttributeAssignment__c</inputObjectName>
        <inputObjectQuerySequence>2.0</inputObjectQuerySequence>
        <linkedObjectSequence>0.0</linkedObjectSequence>
        <name>VPL-GetPurchaseCriteria</name>
        <outputCreationSequence>0.0</outputCreationSequence>
        <outputFieldName>AttrAssignment</outputFieldName>
        <outputObjectName>json</outputObjectName>
        <requiredForUpsert>false</requiredForUpsert>
        <upsertKey>false</upsertKey>
    </omniDataTransformItem>
    <omniDataTransformItem>
        <disabled>false</disabled>
        <filterGroup>3.0</filterGroup>
        <filterOperator>=</filterOperator>
        <filterValue>&apos;PURCHASE_CRITERIA_SERVICE_AVAILABILITY&apos;</filterValue>
        <globalKey>VPL-GetPurchaseCriteriaCustoma1V3h000000mAOrEAMItem10</globalKey>
        <inputFieldName>vlocity_cmt__CategoryCode__c</inputFieldName>
        <inputObjectName>vlocity_cmt__AttributeAssignment__c</inputObjectName>
        <inputObjectQuerySequence>2.0</inputObjectQuerySequence>
        <linkedObjectSequence>0.0</linkedObjectSequence>
        <name>VPL-GetPurchaseCriteria</name>
        <outputCreationSequence>0.0</outputCreationSequence>
        <outputFieldName>AttrAssignment</outputFieldName>
        <outputObjectName>json</outputObjectName>
        <requiredForUpsert>false</requiredForUpsert>
        <upsertKey>false</upsertKey>
    </omniDataTransformItem>
    <omniDataTransformItem>
        <disabled>false</disabled>
        <filterGroup>2.0</filterGroup>
        <filterOperator>=</filterOperator>
        <filterValue>Account:Id</filterValue>
        <globalKey>VPL-GetPurchaseCriteriaCustoma1V3h000000mAOrEAMItem21</globalKey>
        <inputFieldName>vlocity_cmt__ObjectId__c</inputFieldName>
        <inputObjectName>vlocity_cmt__AttributeAssignment__c</inputObjectName>
        <inputObjectQuerySequence>2.0</inputObjectQuerySequence>
        <linkedObjectSequence>0.0</linkedObjectSequence>
        <name>VPL-GetPurchaseCriteria</name>
        <outputCreationSequence>0.0</outputCreationSequence>
        <outputFieldName>AttrAssignment</outputFieldName>
        <outputObjectName>json</outputObjectName>
        <requiredForUpsert>false</requiredForUpsert>
        <upsertKey>false</upsertKey>
    </omniDataTransformItem>
    <omniDataTransformItem>
        <disabled>false</disabled>
        <filterGroup>0.0</filterGroup>
        <filterOperator>=</filterOperator>
        <filterValue>AccountId</filterValue>
        <globalKey>VPL-GetPurchaseCriteriaCustoma1V3h000000mAOrEAMItem7</globalKey>
        <inputFieldName>Id</inputFieldName>
        <inputObjectName>Account</inputObjectName>
        <inputObjectQuerySequence>1.0</inputObjectQuerySequence>
        <linkedObjectSequence>0.0</linkedObjectSequence>
        <name>VPL-GetPurchaseCriteria</name>
        <outputCreationSequence>0.0</outputCreationSequence>
        <outputFieldName>Account</outputFieldName>
        <outputObjectName>json</outputObjectName>
        <requiredForUpsert>false</requiredForUpsert>
        <upsertKey>false</upsertKey>
    </omniDataTransformItem>
    <omniDataTransformItem>
        <disabled>false</disabled>
        <filterGroup>0.0</filterGroup>
        <filterOperator>=</filterOperator>
        <filterValue>&apos;PURCHASE_CRITERIA_COST&apos;</filterValue>
        <globalKey>VPL-GetPurchaseCriteriaCustoma1V3h000000mAOrEAMItem8</globalKey>
        <inputFieldName>vlocity_cmt__CategoryCode__c</inputFieldName>
        <inputObjectName>vlocity_cmt__AttributeAssignment__c</inputObjectName>
        <inputObjectQuerySequence>2.0</inputObjectQuerySequence>
        <linkedObjectSequence>0.0</linkedObjectSequence>
        <name>VPL-GetPurchaseCriteria</name>
        <outputCreationSequence>0.0</outputCreationSequence>
        <outputFieldName>AttrAssignment</outputFieldName>
        <outputObjectName>json</outputObjectName>
        <requiredForUpsert>false</requiredForUpsert>
        <upsertKey>false</upsertKey>
    </omniDataTransformItem>
    <omniDataTransformItem>
        <disabled>false</disabled>
        <filterGroup>1.0</filterGroup>
        <filterOperator>=</filterOperator>
        <filterValue>&apos;true&apos;</filterValue>
        <globalKey>VPL-GetPurchaseCriteriaCustoma1V3h000000mAOrEAMItem17</globalKey>
        <inputFieldName>vlocity_cmt__IsActive__c</inputFieldName>
        <inputObjectName>vlocity_cmt__AttributeAssignment__c</inputObjectName>
        <inputObjectQuerySequence>2.0</inputObjectQuerySequence>
        <linkedObjectSequence>0.0</linkedObjectSequence>
        <name>VPL-GetPurchaseCriteria</name>
        <outputCreationSequence>0.0</outputCreationSequence>
        <outputFieldName>AttrAssignment</outputFieldName>
        <outputObjectName>json</outputObjectName>
        <requiredForUpsert>false</requiredForUpsert>
        <upsertKey>false</upsertKey>
    </omniDataTransformItem>
    <omniDataTransformItem>
        <disabled>false</disabled>
        <filterGroup>1.0</filterGroup>
        <filterOperator>=</filterOperator>
        <filterValue>Account:Id</filterValue>
        <globalKey>VPL-GetPurchaseCriteriaCustoma1V3h000000mAOrEAMItem22</globalKey>
        <inputFieldName>vlocity_cmt__ObjectId__c</inputFieldName>
        <inputObjectName>vlocity_cmt__AttributeAssignment__c</inputObjectName>
        <inputObjectQuerySequence>2.0</inputObjectQuerySequence>
        <linkedObjectSequence>0.0</linkedObjectSequence>
        <name>VPL-GetPurchaseCriteria</name>
        <outputCreationSequence>0.0</outputCreationSequence>
        <outputFieldName>AttrAssignment</outputFieldName>
        <outputObjectName>json</outputObjectName>
        <requiredForUpsert>false</requiredForUpsert>
        <upsertKey>false</upsertKey>
    </omniDataTransformItem>
    <omniDataTransformItem>
        <disabled>false</disabled>
        <filterGroup>0.0</filterGroup>
        <filterOperator>ORDER BY</filterOperator>
        <filterValue>vlocity_cmt__CategoryCode__c ASC</filterValue>
        <globalKey>VPL-GetPurchaseCriteriaCustoma1V3h000000mAOrEAMItem2</globalKey>
        <inputObjectName>vlocity_cmt__AttributeAssignment__c</inputObjectName>
        <inputObjectQuerySequence>2.0</inputObjectQuerySequence>
        <linkedObjectSequence>0.0</linkedObjectSequence>
        <name>VPL-GetPurchaseCriteria</name>
        <outputCreationSequence>0.0</outputCreationSequence>
        <outputFieldName>AttrAssignment</outputFieldName>
        <outputObjectName>json</outputObjectName>
        <requiredForUpsert>false</requiredForUpsert>
        <upsertKey>false</upsertKey>
    </omniDataTransformItem>
    <omniDataTransformItem>
        <disabled>false</disabled>
        <filterGroup>1.0</filterGroup>
        <filterOperator>=</filterOperator>
        <filterValue>&apos;PURCHASE_CRITERIA_RENEWABLE_ENERGY&apos;</filterValue>
        <globalKey>VPL-GetPurchaseCriteriaCustoma1V3h000000mAOrEAMItem12</globalKey>
        <inputFieldName>vlocity_cmt__CategoryCode__c</inputFieldName>
        <inputObjectName>vlocity_cmt__AttributeAssignment__c</inputObjectName>
        <inputObjectQuerySequence>2.0</inputObjectQuerySequence>
        <linkedObjectSequence>0.0</linkedObjectSequence>
        <name>VPL-GetPurchaseCriteria</name>
        <outputCreationSequence>0.0</outputCreationSequence>
        <outputFieldName>AttrAssignment</outputFieldName>
        <outputObjectName>json</outputObjectName>
        <requiredForUpsert>false</requiredForUpsert>
        <upsertKey>false</upsertKey>
    </omniDataTransformItem>
    <omniDataTransformItem>
        <disabled>false</disabled>
        <filterGroup>0.0</filterGroup>
        <filterOperator>=</filterOperator>
        <filterValue>&apos;false&apos;</filterValue>
        <globalKey>VPL-GetPurchaseCriteriaCustoma1V3h000000mAOrEAMItem23</globalKey>
        <inputFieldName>vlocity_cmt__RemovedFlag__c</inputFieldName>
        <inputObjectName>vlocity_cmt__AttributeAssignment__c</inputObjectName>
        <inputObjectQuerySequence>2.0</inputObjectQuerySequence>
        <linkedObjectSequence>0.0</linkedObjectSequence>
        <name>VPL-GetPurchaseCriteria</name>
        <outputCreationSequence>0.0</outputCreationSequence>
        <outputFieldName>AttrAssignment</outputFieldName>
        <outputObjectName>json</outputObjectName>
        <requiredForUpsert>false</requiredForUpsert>
        <upsertKey>false</upsertKey>
    </omniDataTransformItem>
    <omniDataTransformItem>
        <disabled>false</disabled>
        <filterGroup>0.0</filterGroup>
        <filterOperator>LIMIT</filterOperator>
        <filterValue>5</filterValue>
        <globalKey>VPL-GetPurchaseCriteriaCustoma1V3h000000mAOrEAMItem1</globalKey>
        <inputObjectName>vlocity_cmt__AttributeAssignment__c</inputObjectName>
        <inputObjectQuerySequence>2.0</inputObjectQuerySequence>
        <linkedObjectSequence>0.0</linkedObjectSequence>
        <name>VPL-GetPurchaseCriteria</name>
        <outputCreationSequence>0.0</outputCreationSequence>
        <outputFieldName>AttrAssignment</outputFieldName>
        <outputObjectName>json</outputObjectName>
        <requiredForUpsert>false</requiredForUpsert>
        <upsertKey>false</upsertKey>
    </omniDataTransformItem>
    <omniDataTransformItem>
        <disabled>false</disabled>
        <filterGroup>0.0</filterGroup>
        <filterOperator>=</filterOperator>
        <filterValue>&apos;true&apos;</filterValue>
        <globalKey>VPL-GetPurchaseCriteriaCustoma1V3h000000mAOrEAMItem13</globalKey>
        <inputFieldName>vlocity_cmt__IsActive__c</inputFieldName>
        <inputObjectName>vlocity_cmt__AttributeAssignment__c</inputObjectName>
        <inputObjectQuerySequence>2.0</inputObjectQuerySequence>
        <linkedObjectSequence>0.0</linkedObjectSequence>
        <name>VPL-GetPurchaseCriteria</name>
        <outputCreationSequence>0.0</outputCreationSequence>
        <outputFieldName>AttrAssignment</outputFieldName>
        <outputObjectName>json</outputObjectName>
        <requiredForUpsert>false</requiredForUpsert>
        <upsertKey>false</upsertKey>
    </omniDataTransformItem>
    <omniDataTransformItem>
        <disabled>false</disabled>
        <filterGroup>0.0</filterGroup>
        <filterOperator>=</filterOperator>
        <filterValue>Account:Id</filterValue>
        <globalKey>VPL-GetPurchaseCriteriaCustoma1V3h000000mAOrEAMItem18</globalKey>
        <inputFieldName>vlocity_cmt__ObjectId__c</inputFieldName>
        <inputObjectName>vlocity_cmt__AttributeAssignment__c</inputObjectName>
        <inputObjectQuerySequence>2.0</inputObjectQuerySequence>
        <linkedObjectSequence>0.0</linkedObjectSequence>
        <name>VPL-GetPurchaseCriteria</name>
        <outputCreationSequence>0.0</outputCreationSequence>
        <outputFieldName>AttrAssignment</outputFieldName>
        <outputObjectName>json</outputObjectName>
        <requiredForUpsert>false</requiredForUpsert>
        <upsertKey>false</upsertKey>
    </omniDataTransformItem>
    <outputType>JSON</outputType>
    <previewJsonData>{
  &quot;AccountId&quot; : &quot;0013h00000Bue2WAAR&quot;
}</previewJsonData>
    <processSuperBulk>false</processSuperBulk>
    <responseCacheTtlMinutes>0.0</responseCacheTtlMinutes>
    <rollbackOnError>false</rollbackOnError>
    <sourceObject>json</sourceObject>
    <sourceObjectDefault>false</sourceObjectDefault>
    <synchronousProcessThreshold>-1.0</synchronousProcessThreshold>
    <type>Extract</type>
    <uniqueName>VPLGetPurchaseCriteria_1</uniqueName>
    <versionNumber>1.0</versionNumber>
    <xmlDeclarationRemoved>false</xmlDeclarationRemoved>
</OmniDataTransform>
