<?xml version="1.0" encoding="UTF-8"?>
<OmniDataTransform xmlns="http://soap.sforce.com/2006/04/metadata">
    <active>false</active>
    <assignmentRulesUsed>false</assignmentRulesUsed>
    <deletedOnSuccess>false</deletedOnSuccess>
    <description>This dataraptor will get all the service points for a particular premise.</description>
    <errorIgnored>false</errorIgnored>
    <fieldLevelSecurityEnabled>false</fieldLevelSecurityEnabled>
    <inputType>JSON</inputType>
    <name>VPLGetServicePoints</name>
    <nullInputsIncludedInOutput>false</nullInputsIncludedInOutput>
    <omniDataTransformItem>
        <defaultValue>0</defaultValue>
        <disabled>false</disabled>
        <filterGroup>0.0</filterGroup>
        <globalKey>VPLGetServicePoints8500009324538256</globalKey>
        <inputFieldName>GasServicePointCount</inputFieldName>
        <inputObjectQuerySequence>0.0</inputObjectQuerySequence>
        <linkedObjectSequence>0.0</linkedObjectSequence>
        <name>VPLGetServicePoints</name>
        <outputCreationSequence>1.0</outputCreationSequence>
        <outputFieldName>GasServicePointCount</outputFieldName>
        <outputObjectName>json</outputObjectName>
        <requiredForUpsert>false</requiredForUpsert>
        <upsertKey>false</upsertKey>
    </omniDataTransformItem>
    <omniDataTransformItem>
        <disabled>false</disabled>
        <filterGroup>0.0</filterGroup>
        <globalKey>VPLGetServicePoints3691525865042946</globalKey>
        <inputFieldName>PremiseAddress</inputFieldName>
        <inputObjectQuerySequence>0.0</inputObjectQuerySequence>
        <linkedObjectSequence>0.0</linkedObjectSequence>
        <name>VPLGetServicePoints</name>
        <outputCreationSequence>1.0</outputCreationSequence>
        <outputFieldName>PremiseAddress</outputFieldName>
        <outputObjectName>json</outputObjectName>
        <requiredForUpsert>false</requiredForUpsert>
        <upsertKey>false</upsertKey>
    </omniDataTransformItem>
    <omniDataTransformItem>
        <disabled>false</disabled>
        <filterGroup>0.0</filterGroup>
        <globalKey>VPLGetServicePoints5882700945753458</globalKey>
        <inputFieldName>AssetContractedUsage</inputFieldName>
        <inputObjectQuerySequence>0.0</inputObjectQuerySequence>
        <linkedObjectSequence>0.0</linkedObjectSequence>
        <name>VPLGetServicePoints</name>
        <outputCreationSequence>1.0</outputCreationSequence>
        <outputFieldFormat>Integer</outputFieldFormat>
        <outputFieldName>AssetContractedUsage</outputFieldName>
        <outputObjectName>json</outputObjectName>
        <requiredForUpsert>false</requiredForUpsert>
        <upsertKey>false</upsertKey>
    </omniDataTransformItem>
    <omniDataTransformItem>
        <defaultValue>0</defaultValue>
        <disabled>false</disabled>
        <filterGroup>0.0</filterGroup>
        <globalKey>VPLGetServicePoints8134137445289831</globalKey>
        <inputFieldName>ElectricityServicePointCount</inputFieldName>
        <inputObjectQuerySequence>0.0</inputObjectQuerySequence>
        <linkedObjectSequence>0.0</linkedObjectSequence>
        <name>VPLGetServicePoints</name>
        <outputCreationSequence>1.0</outputCreationSequence>
        <outputFieldName>ElectricityServicePointCount</outputFieldName>
        <outputObjectName>json</outputObjectName>
        <requiredForUpsert>false</requiredForUpsert>
        <upsertKey>false</upsertKey>
    </omniDataTransformItem>
    <omniDataTransformItem>
        <disabled>false</disabled>
        <filterGroup>0.0</filterGroup>
        <formulaConverted>| | &quot;SELECT/\/\/COUNT()/\/\/FROM/\/\/vlocity_cmt__ServicePoint__c/\/\/where/\/\/vlocity_cmt__Status__c!=&apos;Connected&apos;/\/\/and/\/\/vlocity_cmt__PremisesId__c=&apos;{0}&apos;&quot; var:PremiseId COUNTQUERY 0 != &quot;Service/\/\/Outage&quot; &quot;Active&quot; IF</formulaConverted>
        <formulaExpression>IF((COUNTQUERY ( &quot;SELECT COUNT() FROM vlocity_cmt__ServicePoint__c where vlocity_cmt__Status__c!=&apos;Connected&apos; and vlocity_cmt__PremisesId__c=&apos;{0}&apos;&quot;,%PremiseId%))!=0,&quot;Service Outage&quot;,&quot;Active&quot;)</formulaExpression>
        <formulaResultPath>ServicePointStatus</formulaResultPath>
        <formulaSequence>2.0</formulaSequence>
        <globalKey>VPLGetServicePoints8901645204319208</globalKey>
        <inputObjectQuerySequence>0.0</inputObjectQuerySequence>
        <linkedObjectSequence>0.0</linkedObjectSequence>
        <name>VPLGetServicePoints</name>
        <outputCreationSequence>0.0</outputCreationSequence>
        <outputFieldName>Formula</outputFieldName>
        <outputObjectName>Formula</outputObjectName>
        <requiredForUpsert>false</requiredForUpsert>
        <upsertKey>false</upsertKey>
    </omniDataTransformItem>
    <omniDataTransformItem>
        <disabled>false</disabled>
        <filterGroup>0.0</filterGroup>
        <formulaConverted>| &quot;select/\/\/vlocity_cmt__UsageQuantity__c/\/\/from/\/\/Asset/\/\/where/\/\/vlocity_cmt__ServicePointId__c=&apos;{0}&apos;/\/\/and/\/\/Status=&apos;Active&apos;/\/\/limit/\/\/1&quot; var:ServicePointId QUERY</formulaConverted>
        <formulaExpression>QUERY(&quot;select vlocity_cmt__UsageQuantity__c from Asset where vlocity_cmt__ServicePointId__c=&apos;{0}&apos; and Status=&apos;Active&apos; limit 1&quot;,%ServicePointId%)</formulaExpression>
        <formulaResultPath>AssetContractedUsage</formulaResultPath>
        <formulaSequence>8.0</formulaSequence>
        <globalKey>VPLGetServicePoints30390014708465185</globalKey>
        <inputObjectQuerySequence>0.0</inputObjectQuerySequence>
        <linkedObjectSequence>0.0</linkedObjectSequence>
        <name>VPLGetServicePoints</name>
        <outputCreationSequence>0.0</outputCreationSequence>
        <outputFieldName>Formula</outputFieldName>
        <outputObjectName>Formula</outputObjectName>
        <requiredForUpsert>false</requiredForUpsert>
        <upsertKey>false</upsertKey>
    </omniDataTransformItem>
    <omniDataTransformItem>
        <disabled>false</disabled>
        <filterGroup>0.0</filterGroup>
        <formulaConverted>| &quot;SELECT/\/\/COUNT()/\/\/FROM/\/\/vlocity_cmt__ServicePoint__c/\/\/where/\/\/vlocity_cmt__Status__c!=&apos;Connected&apos;/\/\/and/\/\/vlocity_cmt__PremisesId__c=&apos;{0}&apos;&quot; var:PremiseId COUNTQUERY</formulaConverted>
        <formulaExpression>COUNTQUERY (&quot;SELECT COUNT() FROM vlocity_cmt__ServicePoint__c where vlocity_cmt__Status__c!=&apos;Connected&apos; and vlocity_cmt__PremisesId__c=&apos;{0}&apos;&quot;,%PremiseId%)</formulaExpression>
        <formulaResultPath>ServicePointDisconnectedCount</formulaResultPath>
        <formulaSequence>7.0</formulaSequence>
        <globalKey>VPLGetServicePoints30507288843288594</globalKey>
        <inputObjectQuerySequence>0.0</inputObjectQuerySequence>
        <linkedObjectSequence>0.0</linkedObjectSequence>
        <name>VPLGetServicePoints</name>
        <outputCreationSequence>0.0</outputCreationSequence>
        <outputFieldName>Formula</outputFieldName>
        <outputObjectName>Formula</outputObjectName>
        <requiredForUpsert>false</requiredForUpsert>
        <upsertKey>false</upsertKey>
    </omniDataTransformItem>
    <omniDataTransformItem>
        <disabled>false</disabled>
        <filterGroup>0.0</filterGroup>
        <formulaConverted>| var:PremiseStreet var:null != var:PremiseState var:null != &amp;&amp; var:PremiseCity var:null != &amp;&amp; var:PremisePostalCode var:null != &amp;&amp; | var:PremiseStreet &quot;,/\/\/&quot; var:PremiseCity &quot;,/\/\/&quot; var:PremiseState &quot;,/\/\/&quot; var:PremisePostalCode CONCAT var:null IF</formulaConverted>
        <formulaExpression>IF(%PremiseStreet%!=null &amp;&amp; %PremiseState%!=null &amp;&amp; %PremiseCity%!=null &amp;&amp; %PremisePostalCode%!=null,CONCAT(%PremiseStreet%,&quot;, &quot; %PremiseCity%,&quot;, &quot; %PremiseState%,&quot;, &quot;,  %PremisePostalCode%),null)</formulaExpression>
        <formulaResultPath>PremiseAddress</formulaResultPath>
        <formulaSequence>3.0</formulaSequence>
        <globalKey>VPLGetServicePoints6027944267679852</globalKey>
        <inputObjectQuerySequence>0.0</inputObjectQuerySequence>
        <linkedObjectSequence>0.0</linkedObjectSequence>
        <name>VPLGetServicePoints</name>
        <outputCreationSequence>0.0</outputCreationSequence>
        <outputFieldName>Formula</outputFieldName>
        <outputObjectName>Formula</outputObjectName>
        <requiredForUpsert>false</requiredForUpsert>
        <upsertKey>false</upsertKey>
    </omniDataTransformItem>
    <omniDataTransformItem>
        <disabled>false</disabled>
        <filterGroup>0.0</filterGroup>
        <globalKey>VPLGetServicePoints4153215723497643</globalKey>
        <inputFieldName>ServicePoint:vlocity_cmt__PremisesId__c</inputFieldName>
        <inputObjectQuerySequence>0.0</inputObjectQuerySequence>
        <linkedObjectSequence>0.0</linkedObjectSequence>
        <name>VPLGetServicePoints</name>
        <outputCreationSequence>1.0</outputCreationSequence>
        <outputFieldName>ServicePoint:PremiseId</outputFieldName>
        <outputObjectName>json</outputObjectName>
        <requiredForUpsert>false</requiredForUpsert>
        <upsertKey>false</upsertKey>
    </omniDataTransformItem>
    <omniDataTransformItem>
        <disabled>false</disabled>
        <filterGroup>0.0</filterGroup>
        <globalKey>VPLGetServicePoints7758870430873979</globalKey>
        <inputObjectQuerySequence>0.0</inputObjectQuerySequence>
        <linkedObjectSequence>0.0</linkedObjectSequence>
        <name>VPLGetServicePoints</name>
        <outputCreationSequence>1.0</outputCreationSequence>
        <outputFieldFormat>List&lt;Map&gt;</outputFieldFormat>
        <outputFieldName>ServicePoint</outputFieldName>
        <outputObjectName>json</outputObjectName>
        <requiredForUpsert>false</requiredForUpsert>
        <upsertKey>false</upsertKey>
    </omniDataTransformItem>
    <omniDataTransformItem>
        <disabled>false</disabled>
        <filterGroup>0.0</filterGroup>
        <globalKey>VPLGetServicePoints4442474737775217</globalKey>
        <inputFieldName>ServicePoint:Name</inputFieldName>
        <inputObjectQuerySequence>0.0</inputObjectQuerySequence>
        <linkedObjectSequence>0.0</linkedObjectSequence>
        <name>VPLGetServicePoints</name>
        <outputCreationSequence>1.0</outputCreationSequence>
        <outputFieldName>ServicePoint:Name</outputFieldName>
        <outputObjectName>json</outputObjectName>
        <requiredForUpsert>false</requiredForUpsert>
        <upsertKey>false</upsertKey>
    </omniDataTransformItem>
    <omniDataTransformItem>
        <disabled>false</disabled>
        <filterGroup>0.0</filterGroup>
        <formulaConverted>| &quot;SELECT/\/\/COUNT()/\/\/FROM/\/\/vlocity_cmt__ServicePoint__c/\/\/where/\/\/vlocity_cmt__PremisesId__c=&apos;{0}&apos;/\/\/and/\/\/vlocity_cmt__ServiceType__c=&apos;Water&apos;&quot; var:PremiseId COUNTQUERY</formulaConverted>
        <formulaExpression>COUNTQUERY (&quot;SELECT COUNT() FROM vlocity_cmt__ServicePoint__c where vlocity_cmt__PremisesId__c=&apos;{0}&apos; and vlocity_cmt__ServiceType__c=&apos;Water&apos;&quot;,%PremiseId%)</formulaExpression>
        <formulaResultPath>WaterServicePointCount</formulaResultPath>
        <formulaSequence>6.0</formulaSequence>
        <globalKey>VPLGetServicePoints14282635471709293</globalKey>
        <inputObjectQuerySequence>0.0</inputObjectQuerySequence>
        <linkedObjectSequence>0.0</linkedObjectSequence>
        <name>VPLGetServicePoints</name>
        <outputCreationSequence>0.0</outputCreationSequence>
        <outputFieldName>Formula</outputFieldName>
        <outputObjectName>Formula</outputObjectName>
        <requiredForUpsert>false</requiredForUpsert>
        <upsertKey>false</upsertKey>
    </omniDataTransformItem>
    <omniDataTransformItem>
        <disabled>false</disabled>
        <filterGroup>0.0</filterGroup>
        <formulaConverted>| &quot;SELECT/\/\/COUNT()/\/\/FROM/\/\/vlocity_cmt__ServicePoint__c/\/\/where/\/\/vlocity_cmt__PremisesId__c=&apos;{0}&apos;&quot; var:PremiseId COUNTQUERY</formulaConverted>
        <formulaExpression>COUNTQUERY (&quot;SELECT COUNT() FROM vlocity_cmt__ServicePoint__c where vlocity_cmt__PremisesId__c=&apos;{0}&apos;&quot;,%PremiseId%)</formulaExpression>
        <formulaResultPath>ServicePointCount</formulaResultPath>
        <formulaSequence>1.0</formulaSequence>
        <globalKey>VPLGetServicePoints9487204816076207</globalKey>
        <inputObjectQuerySequence>0.0</inputObjectQuerySequence>
        <linkedObjectSequence>0.0</linkedObjectSequence>
        <name>VPLGetServicePoints</name>
        <outputCreationSequence>0.0</outputCreationSequence>
        <outputFieldName>Formula</outputFieldName>
        <outputObjectName>Formula</outputObjectName>
        <requiredForUpsert>false</requiredForUpsert>
        <upsertKey>false</upsertKey>
    </omniDataTransformItem>
    <omniDataTransformItem>
        <disabled>false</disabled>
        <filterGroup>0.0</filterGroup>
        <formulaConverted>| &quot;SELECT/\/\/COUNT()/\/\/FROM/\/\/vlocity_cmt__ServicePoint__c/\/\/where/\/\/vlocity_cmt__PremisesId__c=&apos;{0}&apos;/\/\/and/\/\/vlocity_cmt__ServiceType__c=&apos;Electricity&apos;&quot; var:PremiseId COUNTQUERY</formulaConverted>
        <formulaExpression>COUNTQUERY (&quot;SELECT COUNT() FROM vlocity_cmt__ServicePoint__c where vlocity_cmt__PremisesId__c=&apos;{0}&apos; and vlocity_cmt__ServiceType__c=&apos;Electricity&apos;&quot;,%PremiseId%)</formulaExpression>
        <formulaResultPath>ElectricityServicePointCount</formulaResultPath>
        <formulaSequence>5.0</formulaSequence>
        <globalKey>VPLGetServicePoints6621789983309827</globalKey>
        <inputObjectQuerySequence>0.0</inputObjectQuerySequence>
        <linkedObjectSequence>0.0</linkedObjectSequence>
        <name>VPLGetServicePoints</name>
        <outputCreationSequence>0.0</outputCreationSequence>
        <outputFieldName>Formula</outputFieldName>
        <outputObjectName>Formula</outputObjectName>
        <requiredForUpsert>false</requiredForUpsert>
        <upsertKey>false</upsertKey>
    </omniDataTransformItem>
    <omniDataTransformItem>
        <disabled>false</disabled>
        <filterGroup>0.0</filterGroup>
        <formulaConverted>| &quot;SELECT/\/\/COUNT()/\/\/FROM/\/\/vlocity_cmt__ServicePoint__c/\/\/where/\/\/vlocity_cmt__PremisesId__c=&apos;{0}&apos;/\/\/and/\/\/vlocity_cmt__ServiceType__c=&apos;Gas&apos;&quot; var:PremiseId COUNTQUERY</formulaConverted>
        <formulaExpression>COUNTQUERY (&quot;SELECT COUNT() FROM vlocity_cmt__ServicePoint__c where vlocity_cmt__PremisesId__c=&apos;{0}&apos; and vlocity_cmt__ServiceType__c=&apos;Gas&apos;&quot;,%PremiseId%)</formulaExpression>
        <formulaResultPath>GasServicePointCount</formulaResultPath>
        <formulaSequence>4.0</formulaSequence>
        <globalKey>VPLGetServicePoints38912610852933716</globalKey>
        <inputObjectQuerySequence>0.0</inputObjectQuerySequence>
        <linkedObjectSequence>0.0</linkedObjectSequence>
        <name>VPLGetServicePoints</name>
        <outputCreationSequence>0.0</outputCreationSequence>
        <outputFieldName>Formula</outputFieldName>
        <outputObjectName>Formula</outputObjectName>
        <requiredForUpsert>false</requiredForUpsert>
        <upsertKey>false</upsertKey>
    </omniDataTransformItem>
    <omniDataTransformItem>
        <disabled>false</disabled>
        <filterGroup>0.0</filterGroup>
        <filterOperator>=</filterOperator>
        <filterValue>PremiseId</filterValue>
        <globalKey>VPLGetServicePoints04090821643253073</globalKey>
        <inputFieldName>vlocity_cmt__PremisesId__c</inputFieldName>
        <inputObjectName>vlocity_cmt__ServicePoint__c</inputObjectName>
        <inputObjectQuerySequence>1.0</inputObjectQuerySequence>
        <linkedObjectSequence>0.0</linkedObjectSequence>
        <name>VPLGetServicePoints</name>
        <outputCreationSequence>0.0</outputCreationSequence>
        <outputFieldName>ServicePoint</outputFieldName>
        <outputObjectName>json</outputObjectName>
        <requiredForUpsert>false</requiredForUpsert>
        <upsertKey>false</upsertKey>
    </omniDataTransformItem>
    <omniDataTransformItem>
        <disabled>false</disabled>
        <filterGroup>0.0</filterGroup>
        <filterOperator>LIMIT</filterOperator>
        <filterValue>50</filterValue>
        <globalKey>VPLGetServicePoints6603208220957348</globalKey>
        <inputObjectName>vlocity_cmt__ServicePoint__c</inputObjectName>
        <inputObjectQuerySequence>1.0</inputObjectQuerySequence>
        <linkedObjectSequence>0.0</linkedObjectSequence>
        <name>VPLGetServicePoints</name>
        <outputCreationSequence>0.0</outputCreationSequence>
        <outputFieldName>ServicePoint</outputFieldName>
        <outputObjectName>json</outputObjectName>
        <requiredForUpsert>false</requiredForUpsert>
        <upsertKey>false</upsertKey>
    </omniDataTransformItem>
    <omniDataTransformItem>
        <disabled>false</disabled>
        <filterGroup>0.0</filterGroup>
        <globalKey>VPLGetServicePoints9256913897364363</globalKey>
        <inputFieldName>PremiseAddress</inputFieldName>
        <inputObjectQuerySequence>0.0</inputObjectQuerySequence>
        <linkedObjectSequence>0.0</linkedObjectSequence>
        <name>VPLGetServicePoints</name>
        <outputCreationSequence>1.0</outputCreationSequence>
        <outputFieldName>ServicePointList:PremiseAddress</outputFieldName>
        <outputObjectName>json</outputObjectName>
        <requiredForUpsert>false</requiredForUpsert>
        <upsertKey>false</upsertKey>
    </omniDataTransformItem>
    <omniDataTransformItem>
        <disabled>false</disabled>
        <filterGroup>0.0</filterGroup>
        <globalKey>VPLGetServicePoints2973500511800429</globalKey>
        <inputFieldName>ServicePoint:vlocity_cmt__MeterId__r.vlocity_cmt__ProductId__r.Description</inputFieldName>
        <inputObjectQuerySequence>0.0</inputObjectQuerySequence>
        <linkedObjectSequence>0.0</linkedObjectSequence>
        <name>VPLGetServicePoints</name>
        <outputCreationSequence>1.0</outputCreationSequence>
        <outputFieldName>ServicePointList:ProductDescription</outputFieldName>
        <outputObjectName>json</outputObjectName>
        <requiredForUpsert>false</requiredForUpsert>
        <upsertKey>false</upsertKey>
    </omniDataTransformItem>
    <omniDataTransformItem>
        <disabled>false</disabled>
        <filterGroup>0.0</filterGroup>
        <globalKey>VPLGetServicePoints47739965440723386</globalKey>
        <inputObjectQuerySequence>0.0</inputObjectQuerySequence>
        <linkedObjectSequence>0.0</linkedObjectSequence>
        <name>VPLGetServicePoints</name>
        <outputCreationSequence>1.0</outputCreationSequence>
        <outputFieldFormat>List&lt;Map&gt;</outputFieldFormat>
        <outputFieldName>ServicePointList</outputFieldName>
        <outputObjectName>json</outputObjectName>
        <requiredForUpsert>false</requiredForUpsert>
        <upsertKey>false</upsertKey>
    </omniDataTransformItem>
    <omniDataTransformItem>
        <disabled>false</disabled>
        <filterGroup>0.0</filterGroup>
        <globalKey>VPLGetServicePoints6416171462722953</globalKey>
        <inputFieldName>ServicePoint:vlocity_cmt__ActivationDate__c</inputFieldName>
        <inputObjectQuerySequence>0.0</inputObjectQuerySequence>
        <linkedObjectSequence>0.0</linkedObjectSequence>
        <name>VPLGetServicePoints</name>
        <outputCreationSequence>1.0</outputCreationSequence>
        <outputFieldFormat>Date(dd MMM,yyyy)</outputFieldFormat>
        <outputFieldName>ServicePointList:ActivationDate</outputFieldName>
        <outputObjectName>json</outputObjectName>
        <requiredForUpsert>false</requiredForUpsert>
        <upsertKey>false</upsertKey>
    </omniDataTransformItem>
    <omniDataTransformItem>
        <defaultValue>0</defaultValue>
        <disabled>false</disabled>
        <filterGroup>0.0</filterGroup>
        <globalKey>VPLGetServicePoints5732787421728551</globalKey>
        <inputFieldName>ServicePointCount</inputFieldName>
        <inputObjectQuerySequence>0.0</inputObjectQuerySequence>
        <linkedObjectSequence>0.0</linkedObjectSequence>
        <name>VPLGetServicePoints</name>
        <outputCreationSequence>1.0</outputCreationSequence>
        <outputFieldFormat>Integer</outputFieldFormat>
        <outputFieldName>ServicePointCount</outputFieldName>
        <outputObjectName>json</outputObjectName>
        <requiredForUpsert>false</requiredForUpsert>
        <upsertKey>false</upsertKey>
    </omniDataTransformItem>
    <omniDataTransformItem>
        <disabled>false</disabled>
        <filterGroup>0.0</filterGroup>
        <globalKey>VPLGetServicePoints40458281771804994</globalKey>
        <inputFieldName>ServicePointDisconnectedCount</inputFieldName>
        <inputObjectQuerySequence>0.0</inputObjectQuerySequence>
        <linkedObjectSequence>0.0</linkedObjectSequence>
        <name>VPLGetServicePoints</name>
        <outputCreationSequence>1.0</outputCreationSequence>
        <outputFieldName>ServicePointDisconnectedCount</outputFieldName>
        <outputObjectName>json</outputObjectName>
        <requiredForUpsert>false</requiredForUpsert>
        <upsertKey>false</upsertKey>
    </omniDataTransformItem>
    <omniDataTransformItem>
        <disabled>false</disabled>
        <filterGroup>0.0</filterGroup>
        <globalKey>VPLGetServicePoints35984900964772515</globalKey>
        <inputFieldName>ServicePoint:vlocity_cmt__Status__c</inputFieldName>
        <inputObjectQuerySequence>0.0</inputObjectQuerySequence>
        <linkedObjectSequence>0.0</linkedObjectSequence>
        <name>VPLGetServicePoints</name>
        <outputCreationSequence>1.0</outputCreationSequence>
        <outputFieldName>ServicePoint:ServiceStatus</outputFieldName>
        <outputObjectName>json</outputObjectName>
        <requiredForUpsert>false</requiredForUpsert>
        <upsertKey>false</upsertKey>
    </omniDataTransformItem>
    <omniDataTransformItem>
        <defaultValue>0</defaultValue>
        <disabled>false</disabled>
        <filterGroup>0.0</filterGroup>
        <globalKey>VPLGetServicePoints3879602043342736</globalKey>
        <inputFieldName>ServicePointStatus</inputFieldName>
        <inputObjectQuerySequence>0.0</inputObjectQuerySequence>
        <linkedObjectSequence>0.0</linkedObjectSequence>
        <name>VPLGetServicePoints</name>
        <outputCreationSequence>1.0</outputCreationSequence>
        <outputFieldFormat>String</outputFieldFormat>
        <outputFieldName>ServicePointStatus</outputFieldName>
        <outputObjectName>json</outputObjectName>
        <requiredForUpsert>false</requiredForUpsert>
        <upsertKey>false</upsertKey>
    </omniDataTransformItem>
    <omniDataTransformItem>
        <defaultValue>0</defaultValue>
        <disabled>false</disabled>
        <filterGroup>0.0</filterGroup>
        <globalKey>VPLGetServicePoints7028677273356572</globalKey>
        <inputFieldName>WaterServicePointCount</inputFieldName>
        <inputObjectQuerySequence>0.0</inputObjectQuerySequence>
        <linkedObjectSequence>0.0</linkedObjectSequence>
        <name>VPLGetServicePoints</name>
        <outputCreationSequence>1.0</outputCreationSequence>
        <outputFieldName>WaterServicePointCount</outputFieldName>
        <outputObjectName>json</outputObjectName>
        <requiredForUpsert>false</requiredForUpsert>
        <upsertKey>false</upsertKey>
    </omniDataTransformItem>
    <omniDataTransformItem>
        <disabled>false</disabled>
        <filterGroup>0.0</filterGroup>
        <globalKey>VPLGetServicePoints4615457886670702</globalKey>
        <inputFieldName>ServicePoint:vlocity_cmt__ServiceType__c</inputFieldName>
        <inputObjectQuerySequence>0.0</inputObjectQuerySequence>
        <linkedObjectSequence>0.0</linkedObjectSequence>
        <name>VPLGetServicePoints</name>
        <outputCreationSequence>1.0</outputCreationSequence>
        <outputFieldName>ServicePointList:ServiceType</outputFieldName>
        <outputObjectName>json</outputObjectName>
        <requiredForUpsert>false</requiredForUpsert>
        <upsertKey>false</upsertKey>
    </omniDataTransformItem>
    <omniDataTransformItem>
        <disabled>false</disabled>
        <filterGroup>0.0</filterGroup>
        <globalKey>VPLGetServicePoints029652125013957864</globalKey>
        <inputFieldName>UsageQuantity</inputFieldName>
        <inputObjectQuerySequence>0.0</inputObjectQuerySequence>
        <linkedObjectSequence>0.0</linkedObjectSequence>
        <name>VPLGetServicePoints</name>
        <outputCreationSequence>1.0</outputCreationSequence>
        <outputFieldName>ServicePointList:UsageQuantity</outputFieldName>
        <outputObjectName>json</outputObjectName>
        <requiredForUpsert>false</requiredForUpsert>
        <upsertKey>false</upsertKey>
    </omniDataTransformItem>
    <omniDataTransformItem>
        <disabled>false</disabled>
        <filterGroup>0.0</filterGroup>
        <globalKey>VPLGetServicePoints7342623572196758</globalKey>
        <inputFieldName>ServicePoint:vlocity_cmt__ServicePointNumber__c</inputFieldName>
        <inputObjectQuerySequence>0.0</inputObjectQuerySequence>
        <linkedObjectSequence>0.0</linkedObjectSequence>
        <name>VPLGetServicePoints</name>
        <outputCreationSequence>1.0</outputCreationSequence>
        <outputFieldName>ServicePointList:ServicePointNumber</outputFieldName>
        <outputObjectName>json</outputObjectName>
        <requiredForUpsert>false</requiredForUpsert>
        <upsertKey>false</upsertKey>
    </omniDataTransformItem>
    <omniDataTransformItem>
        <disabled>false</disabled>
        <filterGroup>0.0</filterGroup>
        <globalKey>VPLGetServicePoints4849871854887924</globalKey>
        <inputFieldName>ServicePoint:vlocity_cmt__Status__c</inputFieldName>
        <inputObjectQuerySequence>0.0</inputObjectQuerySequence>
        <linkedObjectSequence>0.0</linkedObjectSequence>
        <name>VPLGetServicePoints</name>
        <outputCreationSequence>1.0</outputCreationSequence>
        <outputFieldName>ServicePointList:ServicePointStatus</outputFieldName>
        <outputObjectName>json</outputObjectName>
        <requiredForUpsert>false</requiredForUpsert>
        <upsertKey>false</upsertKey>
    </omniDataTransformItem>
    <omniDataTransformItem>
        <disabled>false</disabled>
        <filterGroup>0.0</filterGroup>
        <globalKey>VPLGetServicePoints043021997389724786</globalKey>
        <inputFieldName>ServicePoint:vlocity_cmt__MeterId__r.vlocity_cmt__ProductId__r.Name</inputFieldName>
        <inputObjectQuerySequence>0.0</inputObjectQuerySequence>
        <linkedObjectSequence>0.0</linkedObjectSequence>
        <name>VPLGetServicePoints</name>
        <outputCreationSequence>1.0</outputCreationSequence>
        <outputFieldName>ServicePointList:ProductName</outputFieldName>
        <outputObjectName>json</outputObjectName>
        <requiredForUpsert>false</requiredForUpsert>
        <upsertKey>false</upsertKey>
    </omniDataTransformItem>
    <omniDataTransformItem>
        <disabled>false</disabled>
        <filterGroup>0.0</filterGroup>
        <globalKey>VPLGetServicePoints6465327602915569</globalKey>
        <inputFieldName>ServicePoint:Id</inputFieldName>
        <inputObjectQuerySequence>0.0</inputObjectQuerySequence>
        <linkedObjectSequence>0.0</linkedObjectSequence>
        <name>VPLGetServicePoints</name>
        <outputCreationSequence>1.0</outputCreationSequence>
        <outputFieldName>ServicePointList:ServicePointId</outputFieldName>
        <outputObjectName>json</outputObjectName>
        <requiredForUpsert>false</requiredForUpsert>
        <upsertKey>false</upsertKey>
    </omniDataTransformItem>
    <outputType>JSON</outputType>
    <previewJsonData>{
  &quot;PremiseId&quot; : &quot;a4P3h000000kOUoEAM&quot;
}</previewJsonData>
    <processSuperBulk>false</processSuperBulk>
    <responseCacheTtlMinutes>0.0</responseCacheTtlMinutes>
    <rollbackOnError>false</rollbackOnError>
    <sourceObject>json</sourceObject>
    <sourceObjectDefault>false</sourceObjectDefault>
    <synchronousProcessThreshold>-1.0</synchronousProcessThreshold>
    <type>Extract</type>
    <uniqueName>VPLGetServicePoints_1</uniqueName>
    <versionNumber>1.0</versionNumber>
    <xmlDeclarationRemoved>false</xmlDeclarationRemoved>
</OmniDataTransform>
