<?xml version="1.0" encoding="UTF-8"?>
<OmniDataTransform xmlns="http://soap.sforce.com/2006/04/metadata">
    <active>false</active>
    <assignmentRulesUsed>false</assignmentRulesUsed>
    <deletedOnSuccess>false</deletedOnSuccess>
    <errorIgnored>false</errorIgnored>
    <fieldLevelSecurityEnabled>false</fieldLevelSecurityEnabled>
    <inputType>JSON</inputType>
    <name>VPLGetAccountOverviewLastStatement</name>
    <nullInputsIncludedInOutput>false</nullInputsIncludedInOutput>
    <omniDataTransformItem>
        <disabled>false</disabled>
        <filterGroup>0.0</filterGroup>
        <globalKey>VPLGetAccountOverviewLastStatement9490879209079757</globalKey>
        <inputFieldName>Statement:vlocity_cmt__StatementPeriodStartDate__c</inputFieldName>
        <inputObjectQuerySequence>0.0</inputObjectQuerySequence>
        <linkedObjectSequence>0.0</linkedObjectSequence>
        <name>VPLGetAccountOverviewLastStatement</name>
        <outputCreationSequence>1.0</outputCreationSequence>
        <outputFieldFormat>Date(MM/dd/YYYY)</outputFieldFormat>
        <outputFieldName>Statement:StartDate</outputFieldName>
        <outputObjectName>json</outputObjectName>
        <requiredForUpsert>false</requiredForUpsert>
        <upsertKey>false</upsertKey>
    </omniDataTransformItem>
    <omniDataTransformItem>
        <disabled>false</disabled>
        <filterGroup>0.0</filterGroup>
        <globalKey>VPLGetAccountOverviewLastStatement6800707592785413</globalKey>
        <inputFieldName>Statement:Id</inputFieldName>
        <inputObjectQuerySequence>0.0</inputObjectQuerySequence>
        <linkedObjectSequence>0.0</linkedObjectSequence>
        <name>VPLGetAccountOverviewLastStatement</name>
        <outputCreationSequence>1.0</outputCreationSequence>
        <outputFieldName>Statement:StatementId</outputFieldName>
        <outputObjectName>json</outputObjectName>
        <requiredForUpsert>false</requiredForUpsert>
        <upsertKey>false</upsertKey>
    </omniDataTransformItem>
    <omniDataTransformItem>
        <disabled>false</disabled>
        <filterGroup>0.0</filterGroup>
        <globalKey>VPLGetAccountOverviewLastStatement17083555099177317</globalKey>
        <inputFieldName>PaymentPlan:vlocity_cmt__StartDate__c</inputFieldName>
        <inputObjectQuerySequence>0.0</inputObjectQuerySequence>
        <linkedObjectSequence>0.0</linkedObjectSequence>
        <name>VPLGetAccountOverviewLastStatement</name>
        <outputCreationSequence>1.0</outputCreationSequence>
        <outputFieldFormat>Date(MMM dd,yyyy)</outputFieldFormat>
        <outputFieldName>Statement:PaymentPlanStartDate</outputFieldName>
        <outputObjectName>json</outputObjectName>
        <requiredForUpsert>false</requiredForUpsert>
        <upsertKey>false</upsertKey>
    </omniDataTransformItem>
    <omniDataTransformItem>
        <disabled>false</disabled>
        <filterGroup>0.0</filterGroup>
        <globalKey>VPLGetAccountOverviewLastStatement37461468317778657</globalKey>
        <inputFieldName>isSelectedPaperBilling</inputFieldName>
        <inputObjectQuerySequence>0.0</inputObjectQuerySequence>
        <linkedObjectSequence>0.0</linkedObjectSequence>
        <name>VPLGetAccountOverviewLastStatement</name>
        <outputCreationSequence>1.0</outputCreationSequence>
        <outputFieldName>Statement:SelectedPaperBilling</outputFieldName>
        <outputObjectName>json</outputObjectName>
        <requiredForUpsert>false</requiredForUpsert>
        <upsertKey>false</upsertKey>
    </omniDataTransformItem>
    <omniDataTransformItem>
        <disabled>false</disabled>
        <filterGroup>0.0</filterGroup>
        <globalKey>VPLGetAccountOverviewLastStatement6163685580448472</globalKey>
        <inputFieldName>OverDueBill</inputFieldName>
        <inputObjectQuerySequence>0.0</inputObjectQuerySequence>
        <linkedObjectSequence>0.0</linkedObjectSequence>
        <name>VPLGetAccountOverviewLastStatement</name>
        <outputCreationSequence>1.0</outputCreationSequence>
        <outputFieldName>Statement:OverDueBill</outputFieldName>
        <outputObjectName>json</outputObjectName>
        <requiredForUpsert>false</requiredForUpsert>
        <upsertKey>false</upsertKey>
    </omniDataTransformItem>
    <omniDataTransformItem>
        <disabled>false</disabled>
        <filterGroup>0.0</filterGroup>
        <globalKey>VPLGetAccountOverviewLastStatement8054486469017701</globalKey>
        <inputFieldName>PaymentPlanAvailable</inputFieldName>
        <inputObjectQuerySequence>0.0</inputObjectQuerySequence>
        <linkedObjectSequence>0.0</linkedObjectSequence>
        <name>VPLGetAccountOverviewLastStatement</name>
        <outputCreationSequence>1.0</outputCreationSequence>
        <outputFieldName>Statement:PaymentPlanAvailable</outputFieldName>
        <outputObjectName>json</outputObjectName>
        <requiredForUpsert>false</requiredForUpsert>
        <upsertKey>false</upsertKey>
    </omniDataTransformItem>
    <omniDataTransformItem>
        <disabled>false</disabled>
        <filterGroup>0.0</filterGroup>
        <globalKey>VPLGetAccountOverviewLastStatement0595280563194176</globalKey>
        <inputFieldName>Statement:vlocity_cmt__BalanceDue__c</inputFieldName>
        <inputObjectQuerySequence>0.0</inputObjectQuerySequence>
        <linkedObjectSequence>0.0</linkedObjectSequence>
        <name>VPLGetAccountOverviewLastStatement</name>
        <outputCreationSequence>1.0</outputCreationSequence>
        <outputFieldFormat>Currency</outputFieldFormat>
        <outputFieldName>Statement:NextPayment</outputFieldName>
        <outputObjectName>json</outputObjectName>
        <requiredForUpsert>false</requiredForUpsert>
        <upsertKey>false</upsertKey>
    </omniDataTransformItem>
    <omniDataTransformItem>
        <disabled>false</disabled>
        <filterGroup>0.0</filterGroup>
        <globalKey>VPLGetAccountOverviewLastStatement6464510811857094</globalKey>
        <inputFieldName>Statement:vlocity_cmt__DueDate__c</inputFieldName>
        <inputObjectQuerySequence>0.0</inputObjectQuerySequence>
        <linkedObjectSequence>0.0</linkedObjectSequence>
        <name>VPLGetAccountOverviewLastStatement</name>
        <outputCreationSequence>1.0</outputCreationSequence>
        <outputFieldFormat>Date(MMM dd,yyyy)</outputFieldFormat>
        <outputFieldName>Statement:NextPaymentDate</outputFieldName>
        <outputObjectName>json</outputObjectName>
        <requiredForUpsert>false</requiredForUpsert>
        <upsertKey>false</upsertKey>
    </omniDataTransformItem>
    <omniDataTransformItem>
        <disabled>false</disabled>
        <filterGroup>0.0</filterGroup>
        <globalKey>VPLGetAccountOverviewLastStatement6987481895573504</globalKey>
        <inputFieldName>AccountBalance</inputFieldName>
        <inputObjectQuerySequence>0.0</inputObjectQuerySequence>
        <linkedObjectSequence>0.0</linkedObjectSequence>
        <name>VPLGetAccountOverviewLastStatement</name>
        <outputCreationSequence>1.0</outputCreationSequence>
        <outputFieldFormat>Currency</outputFieldFormat>
        <outputFieldName>AccountBalance</outputFieldName>
        <outputObjectName>json</outputObjectName>
        <requiredForUpsert>false</requiredForUpsert>
        <upsertKey>false</upsertKey>
    </omniDataTransformItem>
    <omniDataTransformItem>
        <disabled>false</disabled>
        <filterGroup>0.0</filterGroup>
        <globalKey>VPLGetAccountOverviewLastStatement7413214308573555</globalKey>
        <inputFieldName>Statement:vlocity_cmt__AccountId__c</inputFieldName>
        <inputObjectQuerySequence>0.0</inputObjectQuerySequence>
        <linkedObjectSequence>0.0</linkedObjectSequence>
        <name>VPLGetAccountOverviewLastStatement</name>
        <outputCreationSequence>1.0</outputCreationSequence>
        <outputFieldName>Statement:AccountId</outputFieldName>
        <outputObjectName>json</outputObjectName>
        <requiredForUpsert>false</requiredForUpsert>
        <upsertKey>false</upsertKey>
    </omniDataTransformItem>
    <omniDataTransformItem>
        <disabled>false</disabled>
        <filterGroup>0.0</filterGroup>
        <formulaConverted>| var:Statement:vlocity_cmt__BalanceDue__c 0 &gt; var:Statement:vlocity_cmt__DueDate__c | TODAY &lt; &amp;&amp; true false IF</formulaConverted>
        <formulaExpression>IF(Statement:vlocity_cmt__BalanceDue__c &gt;0 &amp;&amp; Statement:vlocity_cmt__DueDate__c &lt; TODAY(),true,false)</formulaExpression>
        <formulaResultPath>OverDueBill</formulaResultPath>
        <formulaSequence>3.0</formulaSequence>
        <globalKey>VPLGetAccountOverviewLastStatement9699457016225386</globalKey>
        <inputObjectQuerySequence>0.0</inputObjectQuerySequence>
        <linkedObjectSequence>0.0</linkedObjectSequence>
        <name>VPLGetAccountOverviewLastStatement</name>
        <outputCreationSequence>0.0</outputCreationSequence>
        <outputFieldName>Formula</outputFieldName>
        <outputObjectName>Formula</outputObjectName>
        <requiredForUpsert>false</requiredForUpsert>
        <upsertKey>false</upsertKey>
    </omniDataTransformItem>
    <omniDataTransformItem>
        <disabled>false</disabled>
        <filterGroup>0.0</filterGroup>
        <formulaConverted>| var:Statement:vlocity_cmt__CurrentBalance__c var:Statement:vlocity_cmt__PreviousBalance__c + SUM .25 *</formulaConverted>
        <formulaExpression>SUM(Statement:vlocity_cmt__CurrentBalance__c + Statement:vlocity_cmt__PreviousBalance__c)*.25</formulaExpression>
        <formulaResultPath>DisconnectFee</formulaResultPath>
        <formulaSequence>7.0</formulaSequence>
        <globalKey>VPLGetAccountOverviewLastStatement9279118320498281</globalKey>
        <inputObjectQuerySequence>0.0</inputObjectQuerySequence>
        <linkedObjectSequence>0.0</linkedObjectSequence>
        <name>VPLGetAccountOverviewLastStatement</name>
        <outputCreationSequence>0.0</outputCreationSequence>
        <outputFieldName>Formula</outputFieldName>
        <outputObjectName>Formula</outputObjectName>
        <requiredForUpsert>false</requiredForUpsert>
        <upsertKey>false</upsertKey>
    </omniDataTransformItem>
    <omniDataTransformItem>
        <disabled>false</disabled>
        <filterGroup>0.0</filterGroup>
        <formulaConverted>| var:BillingAccountId &quot;&quot; != | | &quot;SELECT/\/\/vlocity_cmt__BillDeliveryMethod__c/\/\/FROM/\/\/Account/\/\/WHERE/\/\/Id/\/\/=&apos;{0}&apos;/\/\/limit/\/\/1&quot; var:BillingAccountId QUERY &quot;Paper/\/\/Billing&quot; = true | | &quot;SELECT/\/\/vlocity_cmt__BillDeliveryMethod__c/\/\/FROM/\/\/Account/\/\/WHERE/\/\/Id/\/\/=&apos;{0}&apos;/\/\/limit/\/\/1&quot; var:BillingAccountId QUERY var:null = true false IF IF true IF</formulaConverted>
        <formulaExpression>IF(BillingAccountId!=&quot;&quot;,IF((QUERY(&quot;SELECT vlocity_cmt__BillDeliveryMethod__c FROM Account WHERE Id =&apos;{0}&apos; limit 1&quot;,BillingAccountId))=&quot;Paper Billing&quot;,true,IF((QUERY(&quot;SELECT vlocity_cmt__BillDeliveryMethod__c FROM Account WHERE Id =&apos;{0}&apos; limit 1&quot;,BillingAccountId))=null,true,false)),true)</formulaExpression>
        <formulaResultPath>isSelectedPaperBilling</formulaResultPath>
        <formulaSequence>1.0</formulaSequence>
        <globalKey>VPLGetAccountOverviewLastStatement2118181966419599</globalKey>
        <inputObjectQuerySequence>0.0</inputObjectQuerySequence>
        <linkedObjectSequence>0.0</linkedObjectSequence>
        <name>VPLGetAccountOverviewLastStatement</name>
        <outputCreationSequence>0.0</outputCreationSequence>
        <outputFieldName>Formula</outputFieldName>
        <outputObjectName>Formula</outputObjectName>
        <requiredForUpsert>false</requiredForUpsert>
        <upsertKey>false</upsertKey>
    </omniDataTransformItem>
    <omniDataTransformItem>
        <disabled>false</disabled>
        <filterGroup>0.0</filterGroup>
        <formulaConverted>| var:Statement var:null != true false IF</formulaConverted>
        <formulaExpression>IF(Statement!= null, true, false)</formulaExpression>
        <formulaResultPath>IsStatementAvailable</formulaResultPath>
        <formulaSequence>2.0</formulaSequence>
        <globalKey>VPLGetAccountOverviewLastStatement5462817856119204</globalKey>
        <inputObjectQuerySequence>0.0</inputObjectQuerySequence>
        <linkedObjectSequence>0.0</linkedObjectSequence>
        <name>VPLGetAccountOverviewLastStatement</name>
        <outputCreationSequence>0.0</outputCreationSequence>
        <outputFieldName>Formula</outputFieldName>
        <outputObjectName>Formula</outputObjectName>
        <requiredForUpsert>false</requiredForUpsert>
        <upsertKey>false</upsertKey>
    </omniDataTransformItem>
    <omniDataTransformItem>
        <disabled>false</disabled>
        <filterGroup>0.0</filterGroup>
        <formulaConverted>| | &quot;SELECT/\/\/COUNT()/\/\/FROM/\/\/vlocity_cmt__PaymentPlan__c/\/\/WHERE/\/\/vlocity_cmt__AccountId__c=&apos;{0}&apos;&quot; var:BillingAccountId COUNTQUERY 0 != true false IF</formulaConverted>
        <formulaExpression>IF((COUNTQUERY(&quot;SELECT COUNT() FROM vlocity_cmt__PaymentPlan__c WHERE vlocity_cmt__AccountId__c=&apos;{0}&apos;&quot;,BillingAccountId))!=0,true,false)</formulaExpression>
        <formulaResultPath>PaymentPlanAvailable</formulaResultPath>
        <formulaSequence>6.0</formulaSequence>
        <globalKey>VPLGetAccountOverviewLastStatement6082647022517873</globalKey>
        <inputObjectQuerySequence>0.0</inputObjectQuerySequence>
        <linkedObjectSequence>0.0</linkedObjectSequence>
        <name>VPLGetAccountOverviewLastStatement</name>
        <outputCreationSequence>0.0</outputCreationSequence>
        <outputFieldName>Formula</outputFieldName>
        <outputObjectName>Formula</outputObjectName>
        <requiredForUpsert>false</requiredForUpsert>
        <upsertKey>false</upsertKey>
    </omniDataTransformItem>
    <omniDataTransformItem>
        <disabled>false</disabled>
        <filterGroup>0.0</filterGroup>
        <formulaConverted>| | &quot;SELECT/\/\/vlocity_cmt__Balance__c/\/\/FROM/\/\/vlocity_cmt__AccountBalance__c/\/\/WHERE/\/\/vlocity_cmt__AccountId__c/\/\/=&apos;{0}&apos;/\/\/order/\/\/by/\/\/CreatedDate/\/\/DESC/\/\/limit/\/\/1&quot; var:BillingAccountId QUERY var:null != | &quot;SELECT/\/\/vlocity_cmt__Balance__c/\/\/FROM/\/\/vlocity_cmt__AccountBalance__c/\/\/WHERE/\/\/vlocity_cmt__AccountId__c/\/\/=&apos;{0}&apos;/\/\/order/\/\/by/\/\/CreatedDate/\/\/DESC/\/\/limit/\/\/1&quot; var:BillingAccountId QUERY var:null IF</formulaConverted>
        <formulaExpression>IF((QUERY(&quot;SELECT vlocity_cmt__Balance__c FROM vlocity_cmt__AccountBalance__c WHERE vlocity_cmt__AccountId__c =&apos;{0}&apos; order by CreatedDate DESC limit 1&quot;,BillingAccountId))!=null,(QUERY(&quot;SELECT vlocity_cmt__Balance__c FROM vlocity_cmt__AccountBalance__c WHERE vlocity_cmt__AccountId__c =&apos;{0}&apos; order by CreatedDate DESC limit 1&quot;,BillingAccountId),null))</formulaExpression>
        <formulaResultPath>AccountBalance</formulaResultPath>
        <formulaSequence>4.0</formulaSequence>
        <globalKey>VPLGetAccountOverviewLastStatement4850735859999973</globalKey>
        <inputObjectQuerySequence>0.0</inputObjectQuerySequence>
        <linkedObjectSequence>0.0</linkedObjectSequence>
        <name>VPLGetAccountOverviewLastStatement</name>
        <outputCreationSequence>0.0</outputCreationSequence>
        <outputFieldName>Formula</outputFieldName>
        <outputObjectName>Formula</outputObjectName>
        <requiredForUpsert>false</requiredForUpsert>
        <upsertKey>false</upsertKey>
    </omniDataTransformItem>
    <omniDataTransformItem>
        <disabled>false</disabled>
        <filterGroup>0.0</filterGroup>
        <globalKey>VPLGetAccountOverviewLastStatement5815824941028906</globalKey>
        <inputFieldName>PaymentPlan:vlocity_cmt__InstallmentAmount__c</inputFieldName>
        <inputObjectQuerySequence>0.0</inputObjectQuerySequence>
        <linkedObjectSequence>0.0</linkedObjectSequence>
        <name>VPLGetAccountOverviewLastStatement</name>
        <outputCreationSequence>1.0</outputCreationSequence>
        <outputFieldFormat>Currency</outputFieldFormat>
        <outputFieldName>Statement:InstallmentAmount</outputFieldName>
        <outputObjectName>json</outputObjectName>
        <requiredForUpsert>false</requiredForUpsert>
        <upsertKey>false</upsertKey>
    </omniDataTransformItem>
    <omniDataTransformItem>
        <disabled>false</disabled>
        <filterGroup>0.0</filterGroup>
        <globalKey>VPLGetAccountOverviewLastStatement11067039860069894</globalKey>
        <inputFieldName>IsStatementAvailable</inputFieldName>
        <inputObjectQuerySequence>0.0</inputObjectQuerySequence>
        <linkedObjectSequence>0.0</linkedObjectSequence>
        <name>VPLGetAccountOverviewLastStatement</name>
        <outputCreationSequence>1.0</outputCreationSequence>
        <outputFieldName>Statement:IsStatementAvailable</outputFieldName>
        <outputObjectName>json</outputObjectName>
        <requiredForUpsert>false</requiredForUpsert>
        <upsertKey>false</upsertKey>
    </omniDataTransformItem>
    <omniDataTransformItem>
        <disabled>false</disabled>
        <filterGroup>0.0</filterGroup>
        <globalKey>VPLGetAccountOverviewLastStatement12460701439480126</globalKey>
        <inputFieldName>Statement:vlocity_cmt__CurrentBalance__c</inputFieldName>
        <inputObjectQuerySequence>0.0</inputObjectQuerySequence>
        <linkedObjectSequence>0.0</linkedObjectSequence>
        <name>VPLGetAccountOverviewLastStatement</name>
        <outputCreationSequence>1.0</outputCreationSequence>
        <outputFieldName>Statement:GraphCurrentBalance</outputFieldName>
        <outputObjectName>json</outputObjectName>
        <requiredForUpsert>false</requiredForUpsert>
        <upsertKey>false</upsertKey>
    </omniDataTransformItem>
    <omniDataTransformItem>
        <disabled>false</disabled>
        <filterGroup>0.0</filterGroup>
        <globalKey>VPLGetAccountOverviewLastStatement6734034683759165</globalKey>
        <inputFieldName>Statement:vlocity_cmt__PreviousBalance__c</inputFieldName>
        <inputObjectQuerySequence>0.0</inputObjectQuerySequence>
        <linkedObjectSequence>0.0</linkedObjectSequence>
        <name>VPLGetAccountOverviewLastStatement</name>
        <outputCreationSequence>1.0</outputCreationSequence>
        <outputFieldName>Statement:GraphPreviousBalance</outputFieldName>
        <outputObjectName>json</outputObjectName>
        <requiredForUpsert>false</requiredForUpsert>
        <upsertKey>false</upsertKey>
    </omniDataTransformItem>
    <omniDataTransformItem>
        <disabled>false</disabled>
        <filterGroup>0.0</filterGroup>
        <globalKey>VPLGetAccountOverviewLastStatement3797741510349777</globalKey>
        <inputFieldName>DisconnectFee</inputFieldName>
        <inputObjectQuerySequence>0.0</inputObjectQuerySequence>
        <linkedObjectSequence>0.0</linkedObjectSequence>
        <name>VPLGetAccountOverviewLastStatement</name>
        <outputCreationSequence>1.0</outputCreationSequence>
        <outputFieldFormat>Currency</outputFieldFormat>
        <outputFieldName>Statement:DisconnectFee</outputFieldName>
        <outputObjectName>json</outputObjectName>
        <requiredForUpsert>false</requiredForUpsert>
        <upsertKey>false</upsertKey>
    </omniDataTransformItem>
    <omniDataTransformItem>
        <disabled>false</disabled>
        <filterGroup>0.0</filterGroup>
        <globalKey>VPLGetAccountOverviewLastStatement10559318509429683</globalKey>
        <inputFieldName>Statement:vlocity_cmt__StatementPeriodEndDate__c</inputFieldName>
        <inputObjectQuerySequence>0.0</inputObjectQuerySequence>
        <linkedObjectSequence>0.0</linkedObjectSequence>
        <name>VPLGetAccountOverviewLastStatement</name>
        <outputCreationSequence>1.0</outputCreationSequence>
        <outputFieldFormat>Date(MM/dd/YYYY)</outputFieldFormat>
        <outputFieldName>Statement:EndDate</outputFieldName>
        <outputObjectName>json</outputObjectName>
        <requiredForUpsert>false</requiredForUpsert>
        <upsertKey>false</upsertKey>
    </omniDataTransformItem>
    <omniDataTransformItem>
        <disabled>false</disabled>
        <filterGroup>0.0</filterGroup>
        <globalKey>VPLGetAccountOverviewLastStatement6353643748465061</globalKey>
        <inputFieldName>ActivePaymentPlan</inputFieldName>
        <inputObjectQuerySequence>0.0</inputObjectQuerySequence>
        <linkedObjectSequence>0.0</linkedObjectSequence>
        <name>VPLGetAccountOverviewLastStatement</name>
        <outputCreationSequence>1.0</outputCreationSequence>
        <outputFieldName>Statement:ActivePaymentPlan</outputFieldName>
        <outputObjectName>json</outputObjectName>
        <requiredForUpsert>false</requiredForUpsert>
        <upsertKey>false</upsertKey>
    </omniDataTransformItem>
    <omniDataTransformItem>
        <disabled>false</disabled>
        <filterGroup>0.0</filterGroup>
        <globalKey>VPLGetAccountOverviewLastStatement7113512351553646</globalKey>
        <inputFieldName>Statement:vlocity_cmt__CurrentBalance__c</inputFieldName>
        <inputObjectQuerySequence>0.0</inputObjectQuerySequence>
        <linkedObjectSequence>0.0</linkedObjectSequence>
        <name>VPLGetAccountOverviewLastStatement</name>
        <outputCreationSequence>1.0</outputCreationSequence>
        <outputFieldFormat>Currency</outputFieldFormat>
        <outputFieldName>Statement:CurrentBalance</outputFieldName>
        <outputObjectName>json</outputObjectName>
        <requiredForUpsert>false</requiredForUpsert>
        <upsertKey>false</upsertKey>
    </omniDataTransformItem>
    <omniDataTransformItem>
        <disabled>false</disabled>
        <filterGroup>0.0</filterGroup>
        <filterOperator>LIMIT</filterOperator>
        <filterValue>1</filterValue>
        <globalKey>VPLGetAccountOverviewLastStatement7565691151794345</globalKey>
        <inputObjectName>vlocity_cmt__PaymentPlan__c</inputObjectName>
        <inputObjectQuerySequence>2.0</inputObjectQuerySequence>
        <linkedObjectSequence>0.0</linkedObjectSequence>
        <name>VPLGetAccountOverviewLastStatement</name>
        <outputCreationSequence>0.0</outputCreationSequence>
        <outputFieldName>PaymentPlan</outputFieldName>
        <outputObjectName>json</outputObjectName>
        <requiredForUpsert>false</requiredForUpsert>
        <upsertKey>false</upsertKey>
    </omniDataTransformItem>
    <omniDataTransformItem>
        <disabled>false</disabled>
        <filterGroup>0.0</filterGroup>
        <filterOperator>ORDER BY</filterOperator>
        <filterValue>createddate  DESC</filterValue>
        <globalKey>VPLGetAccountOverviewLastStatement4514545486610031</globalKey>
        <inputObjectName>vlocity_cmt__PaymentPlan__c</inputObjectName>
        <inputObjectQuerySequence>2.0</inputObjectQuerySequence>
        <linkedObjectSequence>0.0</linkedObjectSequence>
        <name>VPLGetAccountOverviewLastStatement</name>
        <outputCreationSequence>0.0</outputCreationSequence>
        <outputFieldName>PaymentPlan</outputFieldName>
        <outputObjectName>json</outputObjectName>
        <requiredForUpsert>false</requiredForUpsert>
        <upsertKey>false</upsertKey>
    </omniDataTransformItem>
    <omniDataTransformItem>
        <disabled>false</disabled>
        <filterGroup>0.0</filterGroup>
        <filterOperator>ORDER BY</filterOperator>
        <filterValue>vlocity_cmt__StatementDate__c DESC</filterValue>
        <globalKey>VPLGetAccountOverviewLastStatement9606926429755189</globalKey>
        <inputObjectName>vlocity_cmt__Statement__c</inputObjectName>
        <inputObjectQuerySequence>1.0</inputObjectQuerySequence>
        <linkedObjectSequence>0.0</linkedObjectSequence>
        <name>VPLGetAccountOverviewLastStatement</name>
        <outputCreationSequence>0.0</outputCreationSequence>
        <outputFieldName>Statement</outputFieldName>
        <outputObjectName>json</outputObjectName>
        <requiredForUpsert>false</requiredForUpsert>
        <upsertKey>false</upsertKey>
    </omniDataTransformItem>
    <omniDataTransformItem>
        <disabled>false</disabled>
        <filterGroup>0.0</filterGroup>
        <filterOperator>=</filterOperator>
        <filterValue>BillingAccountId</filterValue>
        <globalKey>VPLGetAccountOverviewLastStatement5592758487338454</globalKey>
        <inputFieldName>vlocity_cmt__AccountId__c</inputFieldName>
        <inputObjectName>vlocity_cmt__PaymentPlan__c</inputObjectName>
        <inputObjectQuerySequence>2.0</inputObjectQuerySequence>
        <linkedObjectSequence>0.0</linkedObjectSequence>
        <name>VPLGetAccountOverviewLastStatement</name>
        <outputCreationSequence>0.0</outputCreationSequence>
        <outputFieldName>PaymentPlan</outputFieldName>
        <outputObjectName>json</outputObjectName>
        <requiredForUpsert>false</requiredForUpsert>
        <upsertKey>false</upsertKey>
    </omniDataTransformItem>
    <omniDataTransformItem>
        <disabled>false</disabled>
        <filterGroup>0.0</filterGroup>
        <filterOperator>&lt;&gt;</filterOperator>
        <filterValue>&quot;$Vlocity.NULL&quot;</filterValue>
        <globalKey>VPLGetAccountOverviewLastStatement6612428614697039</globalKey>
        <inputFieldName>vlocity_cmt__DueDate__c</inputFieldName>
        <inputObjectName>vlocity_cmt__Statement__c</inputObjectName>
        <inputObjectQuerySequence>1.0</inputObjectQuerySequence>
        <linkedObjectSequence>0.0</linkedObjectSequence>
        <name>VPLGetAccountOverviewLastStatement</name>
        <outputCreationSequence>0.0</outputCreationSequence>
        <outputFieldName>Statement</outputFieldName>
        <outputObjectName>json</outputObjectName>
        <requiredForUpsert>false</requiredForUpsert>
        <upsertKey>false</upsertKey>
    </omniDataTransformItem>
    <omniDataTransformItem>
        <disabled>false</disabled>
        <filterGroup>0.0</filterGroup>
        <filterOperator>LIMIT</filterOperator>
        <filterValue>1</filterValue>
        <globalKey>VPLGetAccountOverviewLastStatement6294551989827306</globalKey>
        <inputObjectName>vlocity_cmt__Statement__c</inputObjectName>
        <inputObjectQuerySequence>1.0</inputObjectQuerySequence>
        <linkedObjectSequence>0.0</linkedObjectSequence>
        <name>VPLGetAccountOverviewLastStatement</name>
        <outputCreationSequence>0.0</outputCreationSequence>
        <outputFieldName>Statement</outputFieldName>
        <outputObjectName>json</outputObjectName>
        <requiredForUpsert>false</requiredForUpsert>
        <upsertKey>false</upsertKey>
    </omniDataTransformItem>
    <omniDataTransformItem>
        <disabled>false</disabled>
        <filterGroup>0.0</filterGroup>
        <filterOperator>=</filterOperator>
        <filterValue>BillingAccountId</filterValue>
        <globalKey>VPLGetAccountOverviewLastStatement8850423676851475</globalKey>
        <inputFieldName>vlocity_cmt__AccountId__c</inputFieldName>
        <inputObjectName>vlocity_cmt__Statement__c</inputObjectName>
        <inputObjectQuerySequence>1.0</inputObjectQuerySequence>
        <linkedObjectSequence>0.0</linkedObjectSequence>
        <name>VPLGetAccountOverviewLastStatement</name>
        <outputCreationSequence>0.0</outputCreationSequence>
        <outputFieldName>Statement</outputFieldName>
        <outputObjectName>json</outputObjectName>
        <requiredForUpsert>false</requiredForUpsert>
        <upsertKey>false</upsertKey>
    </omniDataTransformItem>
    <omniDataTransformItem>
        <disabled>false</disabled>
        <filterGroup>0.0</filterGroup>
        <formulaConverted>| | &quot;SELECT/\/\/COUNT()/\/\/FROM/\/\/vlocity_cmt__PaymentPlan__c/\/\/WHERE/\/\/vlocity_cmt__AccountId__c=&apos;{0}&apos;/\/\/and/\/\/vlocity_cmt__Status__c=&apos;Active&apos;&quot; var:BillingAccountId COUNTQUERY 0 != true false IF</formulaConverted>
        <formulaExpression>IF((COUNTQUERY(&quot;SELECT COUNT() FROM vlocity_cmt__PaymentPlan__c WHERE vlocity_cmt__AccountId__c=&apos;{0}&apos; and vlocity_cmt__Status__c=&apos;Active&apos;&quot;,BillingAccountId))!=0,true,false)</formulaExpression>
        <formulaResultPath>ActivePaymentPlan</formulaResultPath>
        <formulaSequence>5.0</formulaSequence>
        <globalKey>VPLGetAccountOverviewLastStatement8031025527243183</globalKey>
        <inputObjectQuerySequence>0.0</inputObjectQuerySequence>
        <linkedObjectSequence>0.0</linkedObjectSequence>
        <name>VPLGetAccountOverviewLastStatement</name>
        <outputCreationSequence>0.0</outputCreationSequence>
        <outputFieldName>Formula</outputFieldName>
        <outputObjectName>Formula</outputObjectName>
        <requiredForUpsert>false</requiredForUpsert>
        <upsertKey>false</upsertKey>
    </omniDataTransformItem>
    <outputType>JSON</outputType>
    <previewJsonData>{
  &quot;BillingAccountId&quot; : &quot;0013h00000CSWY4AAP&quot;
}</previewJsonData>
    <processSuperBulk>false</processSuperBulk>
    <responseCacheTtlMinutes>0.0</responseCacheTtlMinutes>
    <rollbackOnError>false</rollbackOnError>
    <sourceObject>json</sourceObject>
    <sourceObjectDefault>false</sourceObjectDefault>
    <synchronousProcessThreshold>-1.0</synchronousProcessThreshold>
    <type>Extract</type>
    <uniqueName>VPLGetAccountOverviewLastStatement_1</uniqueName>
    <versionNumber>1.0</versionNumber>
    <xmlDeclarationRemoved>false</xmlDeclarationRemoved>
</OmniDataTransform>
