<?xml version="1.0" encoding="UTF-8"?>
<OmniDataTransform xmlns="http://soap.sforce.com/2006/04/metadata">
    <active>false</active>
    <assignmentRulesUsed>false</assignmentRulesUsed>
    <deletedOnSuccess>false</deletedOnSuccess>
    <description>Fetch console left card&apos;s account &amp; contact details</description>
    <errorIgnored>false</errorIgnored>
    <fieldLevelSecurityEnabled>false</fieldLevelSecurityEnabled>
    <inputType>JSON</inputType>
    <name>VPLGetConsoleAccountLeftInfo</name>
    <nullInputsIncludedInOutput>false</nullInputsIncludedInOutput>
    <omniDataTransformItem>
        <defaultValue>utility:user</defaultValue>
        <disabled>false</disabled>
        <filterGroup>0.0</filterGroup>
        <globalKey>VPLGetConsoleAccountLeftInfo16827284635042106</globalKey>
        <inputObjectQuerySequence>0.0</inputObjectQuerySequence>
        <linkedObjectSequence>0.0</linkedObjectSequence>
        <name>VPLGetConsoleAccountLeftInfo</name>
        <outputCreationSequence>1.0</outputCreationSequence>
        <outputFieldName>userIcon</outputFieldName>
        <outputObjectName>json</outputObjectName>
        <requiredForUpsert>false</requiredForUpsert>
        <upsertKey>false</upsertKey>
    </omniDataTransformItem>
    <omniDataTransformItem>
        <defaultValue>utility:email</defaultValue>
        <disabled>false</disabled>
        <filterGroup>0.0</filterGroup>
        <globalKey>VPLGetConsoleAccountLeftInfo9694582354659504</globalKey>
        <inputObjectQuerySequence>0.0</inputObjectQuerySequence>
        <linkedObjectSequence>0.0</linkedObjectSequence>
        <name>VPLGetConsoleAccountLeftInfo</name>
        <outputCreationSequence>1.0</outputCreationSequence>
        <outputFieldName>emailIcon</outputFieldName>
        <outputObjectName>json</outputObjectName>
        <requiredForUpsert>false</requiredForUpsert>
        <upsertKey>false</upsertKey>
    </omniDataTransformItem>
    <omniDataTransformItem>
        <defaultValue>utility:incoming_call</defaultValue>
        <disabled>false</disabled>
        <filterGroup>0.0</filterGroup>
        <globalKey>VPLGetConsoleAccountLeftInfo13594501765078615</globalKey>
        <inputObjectQuerySequence>0.0</inputObjectQuerySequence>
        <linkedObjectSequence>0.0</linkedObjectSequence>
        <name>VPLGetConsoleAccountLeftInfo</name>
        <outputCreationSequence>1.0</outputCreationSequence>
        <outputFieldName>incoming_callIcon</outputFieldName>
        <outputObjectName>json</outputObjectName>
        <requiredForUpsert>false</requiredForUpsert>
        <upsertKey>false</upsertKey>
    </omniDataTransformItem>
    <omniDataTransformItem>
        <disabled>false</disabled>
        <filterGroup>0.0</filterGroup>
        <globalKey>VPLGetConsoleAccountLeftInfo28403764185798885</globalKey>
        <inputFieldName>ShippingAddress</inputFieldName>
        <inputObjectQuerySequence>0.0</inputObjectQuerySequence>
        <linkedObjectSequence>0.0</linkedObjectSequence>
        <name>VPLGetConsoleAccountLeftInfo</name>
        <outputCreationSequence>1.0</outputCreationSequence>
        <outputFieldName>ShippingAddress</outputFieldName>
        <outputObjectName>json</outputObjectName>
        <requiredForUpsert>false</requiredForUpsert>
        <upsertKey>false</upsertKey>
    </omniDataTransformItem>
    <omniDataTransformItem>
        <defaultValue>utility:call</defaultValue>
        <disabled>false</disabled>
        <filterGroup>0.0</filterGroup>
        <globalKey>VPLGetConsoleAccountLeftInfo6740366731974929</globalKey>
        <inputObjectQuerySequence>0.0</inputObjectQuerySequence>
        <linkedObjectSequence>0.0</linkedObjectSequence>
        <name>VPLGetConsoleAccountLeftInfo</name>
        <outputCreationSequence>1.0</outputCreationSequence>
        <outputFieldName>callIcon</outputFieldName>
        <outputObjectName>json</outputObjectName>
        <requiredForUpsert>false</requiredForUpsert>
        <upsertKey>false</upsertKey>
    </omniDataTransformItem>
    <omniDataTransformItem>
        <disabled>false</disabled>
        <filterGroup>0.0</filterGroup>
        <globalKey>VPLGetConsoleAccountLeftInfo711045645790229</globalKey>
        <inputFieldName>Account:BillingStreet</inputFieldName>
        <inputObjectQuerySequence>0.0</inputObjectQuerySequence>
        <linkedObjectSequence>0.0</linkedObjectSequence>
        <name>VPLGetConsoleAccountLeftInfo</name>
        <outputCreationSequence>1.0</outputCreationSequence>
        <outputFieldName>BillingStreet</outputFieldName>
        <outputObjectName>json</outputObjectName>
        <requiredForUpsert>false</requiredForUpsert>
        <upsertKey>false</upsertKey>
    </omniDataTransformItem>
    <omniDataTransformItem>
        <disabled>false</disabled>
        <filterGroup>0.0</filterGroup>
        <globalKey>VPLGetConsoleAccountLeftInfo4731164801000478</globalKey>
        <inputFieldName>CalledContact:Email</inputFieldName>
        <inputObjectQuerySequence>0.0</inputObjectQuerySequence>
        <linkedObjectSequence>0.0</linkedObjectSequence>
        <name>VPLGetConsoleAccountLeftInfo</name>
        <outputCreationSequence>1.0</outputCreationSequence>
        <outputFieldName>CalledContact:Email</outputFieldName>
        <outputObjectName>json</outputObjectName>
        <requiredForUpsert>false</requiredForUpsert>
        <upsertKey>false</upsertKey>
    </omniDataTransformItem>
    <omniDataTransformItem>
        <disabled>false</disabled>
        <filterGroup>0.0</filterGroup>
        <globalKey>VPLGetConsoleAccountLeftInfo9719825663028678</globalKey>
        <inputFieldName>Account:BillingPostalCode</inputFieldName>
        <inputObjectQuerySequence>0.0</inputObjectQuerySequence>
        <linkedObjectSequence>0.0</linkedObjectSequence>
        <name>VPLGetConsoleAccountLeftInfo</name>
        <outputCreationSequence>1.0</outputCreationSequence>
        <outputFieldName>BillingPostalCode</outputFieldName>
        <outputObjectName>json</outputObjectName>
        <requiredForUpsert>false</requiredForUpsert>
        <upsertKey>false</upsertKey>
    </omniDataTransformItem>
    <omniDataTransformItem>
        <disabled>false</disabled>
        <filterGroup>0.0</filterGroup>
        <globalKey>VPLGetConsoleAccountLeftInfo49811373124609615</globalKey>
        <inputFieldName>Account:BillingState</inputFieldName>
        <inputObjectQuerySequence>0.0</inputObjectQuerySequence>
        <linkedObjectSequence>0.0</linkedObjectSequence>
        <name>VPLGetConsoleAccountLeftInfo</name>
        <outputCreationSequence>1.0</outputCreationSequence>
        <outputFieldName>BillingState</outputFieldName>
        <outputObjectName>json</outputObjectName>
        <requiredForUpsert>false</requiredForUpsert>
        <upsertKey>false</upsertKey>
    </omniDataTransformItem>
    <omniDataTransformItem>
        <disabled>false</disabled>
        <filterGroup>0.0</filterGroup>
        <globalKey>VPLGetConsoleAccountLeftInfo5594187200824343</globalKey>
        <inputFieldName>Account:BillingCity</inputFieldName>
        <inputObjectQuerySequence>0.0</inputObjectQuerySequence>
        <linkedObjectSequence>0.0</linkedObjectSequence>
        <name>VPLGetConsoleAccountLeftInfo</name>
        <outputCreationSequence>1.0</outputCreationSequence>
        <outputFieldName>BillingCity</outputFieldName>
        <outputObjectName>json</outputObjectName>
        <requiredForUpsert>false</requiredForUpsert>
        <upsertKey>false</upsertKey>
    </omniDataTransformItem>
    <omniDataTransformItem>
        <disabled>false</disabled>
        <filterGroup>0.0</filterGroup>
        <globalKey>VPLGetConsoleAccountLeftInfo27469783772265455</globalKey>
        <inputFieldName>Account:BillingCountry</inputFieldName>
        <inputObjectQuerySequence>0.0</inputObjectQuerySequence>
        <linkedObjectSequence>0.0</linkedObjectSequence>
        <name>VPLGetConsoleAccountLeftInfo</name>
        <outputCreationSequence>1.0</outputCreationSequence>
        <outputFieldName>BillingCountry</outputFieldName>
        <outputObjectName>json</outputObjectName>
        <requiredForUpsert>false</requiredForUpsert>
        <upsertKey>false</upsertKey>
    </omniDataTransformItem>
    <omniDataTransformItem>
        <disabled>false</disabled>
        <filterGroup>0.0</filterGroup>
        <globalKey>VPLGetConsoleAccountLeftInfo3953787095725638</globalKey>
        <inputFieldName>Relationship:Roles</inputFieldName>
        <inputObjectQuerySequence>0.0</inputObjectQuerySequence>
        <linkedObjectSequence>0.0</linkedObjectSequence>
        <name>VPLGetConsoleAccountLeftInfo</name>
        <outputCreationSequence>1.0</outputCreationSequence>
        <outputFieldName>AllContact:Role</outputFieldName>
        <outputObjectName>json</outputObjectName>
        <requiredForUpsert>false</requiredForUpsert>
        <upsertKey>false</upsertKey>
    </omniDataTransformItem>
    <omniDataTransformItem>
        <disabled>false</disabled>
        <filterGroup>0.0</filterGroup>
        <globalKey>VPLGetConsoleAccountLeftInfo7021930201747264</globalKey>
        <inputFieldName>BillingAddress</inputFieldName>
        <inputObjectQuerySequence>0.0</inputObjectQuerySequence>
        <linkedObjectSequence>0.0</linkedObjectSequence>
        <name>VPLGetConsoleAccountLeftInfo</name>
        <outputCreationSequence>1.0</outputCreationSequence>
        <outputFieldName>BillingAddress</outputFieldName>
        <outputObjectName>json</outputObjectName>
        <requiredForUpsert>false</requiredForUpsert>
        <upsertKey>false</upsertKey>
    </omniDataTransformItem>
    <omniDataTransformItem>
        <disabled>false</disabled>
        <filterGroup>0.0</filterGroup>
        <globalKey>VPLGetConsoleAccountLeftInfo6801091440313072</globalKey>
        <inputFieldName>Account:vlocity_cmt__PrimaryContactId__r.Phone</inputFieldName>
        <inputObjectQuerySequence>0.0</inputObjectQuerySequence>
        <linkedObjectSequence>0.0</linkedObjectSequence>
        <name>VPLGetConsoleAccountLeftInfo</name>
        <outputCreationSequence>1.0</outputCreationSequence>
        <outputFieldName>PrimaryContactPhone</outputFieldName>
        <outputObjectName>json</outputObjectName>
        <requiredForUpsert>false</requiredForUpsert>
        <upsertKey>false</upsertKey>
    </omniDataTransformItem>
    <omniDataTransformItem>
        <disabled>false</disabled>
        <filterGroup>0.0</filterGroup>
        <globalKey>VPLGetConsoleAccountLeftInfo5386270603186605</globalKey>
        <inputFieldName>Account:RecordType.Name</inputFieldName>
        <inputObjectQuerySequence>0.0</inputObjectQuerySequence>
        <linkedObjectSequence>0.0</linkedObjectSequence>
        <name>VPLGetConsoleAccountLeftInfo</name>
        <outputCreationSequence>1.0</outputCreationSequence>
        <outputFieldName>RecordTypeName</outputFieldName>
        <outputObjectName>json</outputObjectName>
        <requiredForUpsert>false</requiredForUpsert>
        <upsertKey>false</upsertKey>
    </omniDataTransformItem>
    <omniDataTransformItem>
        <disabled>false</disabled>
        <filterGroup>0.0</filterGroup>
        <globalKey>VPLGetConsoleAccountLeftInfo7975661519702357</globalKey>
        <inputFieldName>Account:vlocity_cmt__PrimaryContactId__r.Id</inputFieldName>
        <inputObjectQuerySequence>0.0</inputObjectQuerySequence>
        <linkedObjectSequence>0.0</linkedObjectSequence>
        <name>VPLGetConsoleAccountLeftInfo</name>
        <outputCreationSequence>1.0</outputCreationSequence>
        <outputFieldName>PrimaryContactId</outputFieldName>
        <outputObjectName>json</outputObjectName>
        <requiredForUpsert>false</requiredForUpsert>
        <upsertKey>false</upsertKey>
    </omniDataTransformItem>
    <omniDataTransformItem>
        <disabled>false</disabled>
        <filterGroup>0.0</filterGroup>
        <globalKey>VPLGetConsoleAccountLeftInfo38914706860096193</globalKey>
        <inputFieldName>PrimaryContactName</inputFieldName>
        <inputObjectQuerySequence>0.0</inputObjectQuerySequence>
        <linkedObjectSequence>0.0</linkedObjectSequence>
        <name>VPLGetConsoleAccountLeftInfo</name>
        <outputCreationSequence>1.0</outputCreationSequence>
        <outputFieldName>PrimaryContactName</outputFieldName>
        <outputObjectName>json</outputObjectName>
        <requiredForUpsert>false</requiredForUpsert>
        <upsertKey>false</upsertKey>
    </omniDataTransformItem>
    <omniDataTransformItem>
        <disabled>false</disabled>
        <filterGroup>0.0</filterGroup>
        <globalKey>VPLGetConsoleAccountLeftInfo5954321265668434</globalKey>
        <inputFieldName>CalledContact:Phone</inputFieldName>
        <inputObjectQuerySequence>0.0</inputObjectQuerySequence>
        <linkedObjectSequence>0.0</linkedObjectSequence>
        <name>VPLGetConsoleAccountLeftInfo</name>
        <outputCreationSequence>1.0</outputCreationSequence>
        <outputFieldName>CalledContact:Phone</outputFieldName>
        <outputObjectName>json</outputObjectName>
        <requiredForUpsert>false</requiredForUpsert>
        <upsertKey>false</upsertKey>
    </omniDataTransformItem>
    <omniDataTransformItem>
        <disabled>false</disabled>
        <filterGroup>0.0</filterGroup>
        <globalKey>VPLGetConsoleAccountLeftInfo6008089095552858</globalKey>
        <inputFieldName>Account:vlocity_cmt__PrimaryContactId__r.Email</inputFieldName>
        <inputObjectQuerySequence>0.0</inputObjectQuerySequence>
        <linkedObjectSequence>0.0</linkedObjectSequence>
        <name>VPLGetConsoleAccountLeftInfo</name>
        <outputCreationSequence>1.0</outputCreationSequence>
        <outputFieldName>PrimaryContactEmail</outputFieldName>
        <outputObjectName>json</outputObjectName>
        <requiredForUpsert>false</requiredForUpsert>
        <upsertKey>false</upsertKey>
    </omniDataTransformItem>
    <omniDataTransformItem>
        <disabled>false</disabled>
        <filterGroup>0.0</filterGroup>
        <globalKey>VPLGetConsoleAccountLeftInfo37806539660646776</globalKey>
        <inputFieldName>CalledContact:Id</inputFieldName>
        <inputObjectQuerySequence>0.0</inputObjectQuerySequence>
        <linkedObjectSequence>0.0</linkedObjectSequence>
        <name>VPLGetConsoleAccountLeftInfo</name>
        <outputCreationSequence>1.0</outputCreationSequence>
        <outputFieldName>CalledContact:Id</outputFieldName>
        <outputObjectName>json</outputObjectName>
        <requiredForUpsert>false</requiredForUpsert>
        <upsertKey>false</upsertKey>
    </omniDataTransformItem>
    <omniDataTransformItem>
        <disabled>false</disabled>
        <filterGroup>0.0</filterGroup>
        <globalKey>VPLGetConsoleAccountLeftInfo4276028443483544</globalKey>
        <inputFieldName>CalledContact:Name</inputFieldName>
        <inputObjectQuerySequence>0.0</inputObjectQuerySequence>
        <linkedObjectSequence>0.0</linkedObjectSequence>
        <name>VPLGetConsoleAccountLeftInfo</name>
        <outputCreationSequence>1.0</outputCreationSequence>
        <outputFieldName>CalledContact:Name</outputFieldName>
        <outputObjectName>json</outputObjectName>
        <requiredForUpsert>false</requiredForUpsert>
        <upsertKey>false</upsertKey>
    </omniDataTransformItem>
    <omniDataTransformItem>
        <disabled>false</disabled>
        <filterGroup>0.0</filterGroup>
        <globalKey>VPLGetConsoleAccountLeftInfo6767913457925216</globalKey>
        <inputFieldName>Relationship:Contact.Email</inputFieldName>
        <inputObjectQuerySequence>0.0</inputObjectQuerySequence>
        <linkedObjectSequence>0.0</linkedObjectSequence>
        <name>VPLGetConsoleAccountLeftInfo</name>
        <outputCreationSequence>1.0</outputCreationSequence>
        <outputFieldName>AllContact:Email</outputFieldName>
        <outputObjectName>json</outputObjectName>
        <requiredForUpsert>false</requiredForUpsert>
        <upsertKey>false</upsertKey>
    </omniDataTransformItem>
    <omniDataTransformItem>
        <disabled>false</disabled>
        <filterGroup>0.0</filterGroup>
        <globalKey>VPLGetConsoleAccountLeftInfo8338023276752955</globalKey>
        <inputFieldName>Relationship:ContactId</inputFieldName>
        <inputObjectQuerySequence>0.0</inputObjectQuerySequence>
        <linkedObjectSequence>0.0</linkedObjectSequence>
        <name>VPLGetConsoleAccountLeftInfo</name>
        <outputCreationSequence>1.0</outputCreationSequence>
        <outputFieldName>AllContact:Id</outputFieldName>
        <outputObjectName>json</outputObjectName>
        <requiredForUpsert>false</requiredForUpsert>
        <upsertKey>false</upsertKey>
    </omniDataTransformItem>
    <omniDataTransformItem>
        <disabled>false</disabled>
        <filterGroup>0.0</filterGroup>
        <globalKey>VPLGetConsoleAccountLeftInfo6145506720775598</globalKey>
        <inputFieldName>Account:Name</inputFieldName>
        <inputObjectQuerySequence>0.0</inputObjectQuerySequence>
        <linkedObjectSequence>0.0</linkedObjectSequence>
        <name>VPLGetConsoleAccountLeftInfo</name>
        <outputCreationSequence>1.0</outputCreationSequence>
        <outputFieldName>AccountName</outputFieldName>
        <outputObjectName>json</outputObjectName>
        <requiredForUpsert>false</requiredForUpsert>
        <upsertKey>false</upsertKey>
    </omniDataTransformItem>
    <omniDataTransformItem>
        <disabled>false</disabled>
        <filterGroup>0.0</filterGroup>
        <globalKey>VPLGetConsoleAccountLeftInfo595442693432618</globalKey>
        <inputObjectQuerySequence>0.0</inputObjectQuerySequence>
        <linkedObjectSequence>0.0</linkedObjectSequence>
        <name>VPLGetConsoleAccountLeftInfo</name>
        <outputCreationSequence>1.0</outputCreationSequence>
        <outputFieldFormat>List&lt;Map&gt;</outputFieldFormat>
        <outputFieldName>AllContact</outputFieldName>
        <outputObjectName>json</outputObjectName>
        <requiredForUpsert>false</requiredForUpsert>
        <upsertKey>false</upsertKey>
    </omniDataTransformItem>
    <omniDataTransformItem>
        <disabled>false</disabled>
        <filterGroup>0.0</filterGroup>
        <formulaConverted>| var:Account:ShippingStreet &apos;/\/\/&apos; var:Account:ShippingCity &apos;/\/\/&apos; var:Account:ShippingState &apos;/\/\/&apos; var:Account:ShippingPostalCode &apos;/\/\/&apos; var:Account:ShippingCountry CONCAT</formulaConverted>
        <formulaExpression>CONCAT(Account:ShippingStreet,&apos; &apos;,Account:ShippingCity,&apos; &apos;,Account:ShippingState,&apos; &apos;,Account:ShippingPostalCode,&apos; &apos;,Account:ShippingCountry)</formulaExpression>
        <formulaResultPath>ShippingAddress</formulaResultPath>
        <formulaSequence>3.0</formulaSequence>
        <globalKey>VPLGetConsoleAccountLeftInfo15986232066961814</globalKey>
        <inputObjectQuerySequence>0.0</inputObjectQuerySequence>
        <linkedObjectSequence>0.0</linkedObjectSequence>
        <name>VPLGetConsoleAccountLeftInfo</name>
        <outputCreationSequence>0.0</outputCreationSequence>
        <outputFieldName>Formula</outputFieldName>
        <outputObjectName>Formula</outputObjectName>
        <requiredForUpsert>false</requiredForUpsert>
        <upsertKey>false</upsertKey>
    </omniDataTransformItem>
    <omniDataTransformItem>
        <disabled>false</disabled>
        <filterGroup>0.0</filterGroup>
        <globalKey>VPLGetConsoleAccountLeftInfo323191058544658</globalKey>
        <inputFieldName>Account:Id</inputFieldName>
        <inputObjectQuerySequence>0.0</inputObjectQuerySequence>
        <linkedObjectSequence>0.0</linkedObjectSequence>
        <name>VPLGetConsoleAccountLeftInfo</name>
        <outputCreationSequence>1.0</outputCreationSequence>
        <outputFieldName>AccountId</outputFieldName>
        <outputObjectName>json</outputObjectName>
        <requiredForUpsert>false</requiredForUpsert>
        <upsertKey>false</upsertKey>
    </omniDataTransformItem>
    <omniDataTransformItem>
        <disabled>false</disabled>
        <filterGroup>0.0</filterGroup>
        <formulaConverted>| var:Account:vlocity_cmt__PrimaryContactId__r.Name &apos;/\/\/(Primary/\/\/Contact)&apos; CONCAT</formulaConverted>
        <formulaExpression>CONCAT(Account:vlocity_cmt__PrimaryContactId__r.Name, &apos; (Primary Contact)&apos;)</formulaExpression>
        <formulaResultPath>PrimaryContactName</formulaResultPath>
        <formulaSequence>2.0</formulaSequence>
        <globalKey>VPLGetConsoleAccountLeftInfo12853966966076658</globalKey>
        <inputObjectQuerySequence>0.0</inputObjectQuerySequence>
        <linkedObjectSequence>0.0</linkedObjectSequence>
        <name>VPLGetConsoleAccountLeftInfo</name>
        <outputCreationSequence>0.0</outputCreationSequence>
        <outputFieldName>Formula</outputFieldName>
        <outputObjectName>Formula</outputObjectName>
        <requiredForUpsert>false</requiredForUpsert>
        <upsertKey>false</upsertKey>
    </omniDataTransformItem>
    <omniDataTransformItem>
        <disabled>false</disabled>
        <filterGroup>0.0</filterGroup>
        <formulaConverted>| var:Account:BillingStreet &apos;/\/\/&apos; var:Account:BillingCity &apos;/\/\/&apos; var:Account:BillingState &apos;/\/\/&apos; var:Account:BillingPostalCode &apos;/\/\/&apos; var:Account:BillingCountry CONCAT</formulaConverted>
        <formulaExpression>CONCAT(Account:BillingStreet,&apos; &apos;,Account:BillingCity,&apos; &apos;,Account:BillingState,&apos; &apos;,Account:BillingPostalCode,&apos; &apos;,Account:BillingCountry)</formulaExpression>
        <formulaResultPath>BillingAddress</formulaResultPath>
        <formulaSequence>1.0</formulaSequence>
        <globalKey>VPLGetConsoleAccountLeftInfo9188145573369371</globalKey>
        <inputObjectQuerySequence>0.0</inputObjectQuerySequence>
        <linkedObjectSequence>0.0</linkedObjectSequence>
        <name>VPLGetConsoleAccountLeftInfo</name>
        <outputCreationSequence>0.0</outputCreationSequence>
        <outputFieldName>Formula</outputFieldName>
        <outputObjectName>Formula</outputObjectName>
        <requiredForUpsert>false</requiredForUpsert>
        <upsertKey>false</upsertKey>
    </omniDataTransformItem>
    <omniDataTransformItem>
        <disabled>false</disabled>
        <filterGroup>0.0</filterGroup>
        <globalKey>VPLGetConsoleAccountLeftInfo30763735946548176</globalKey>
        <inputFieldName>Relationship:Contact.Name</inputFieldName>
        <inputObjectQuerySequence>0.0</inputObjectQuerySequence>
        <linkedObjectSequence>0.0</linkedObjectSequence>
        <name>VPLGetConsoleAccountLeftInfo</name>
        <outputCreationSequence>1.0</outputCreationSequence>
        <outputFieldName>AllContact:Name</outputFieldName>
        <outputObjectName>json</outputObjectName>
        <requiredForUpsert>false</requiredForUpsert>
        <upsertKey>false</upsertKey>
    </omniDataTransformItem>
    <omniDataTransformItem>
        <disabled>false</disabled>
        <filterGroup>0.0</filterGroup>
        <globalKey>VPLGetConsoleAccountLeftInfo16561742956566405</globalKey>
        <inputFieldName>Relationship:Contact.Phone</inputFieldName>
        <inputObjectQuerySequence>0.0</inputObjectQuerySequence>
        <linkedObjectSequence>0.0</linkedObjectSequence>
        <name>VPLGetConsoleAccountLeftInfo</name>
        <outputCreationSequence>1.0</outputCreationSequence>
        <outputFieldName>AllContact:Phone</outputFieldName>
        <outputObjectName>json</outputObjectName>
        <requiredForUpsert>false</requiredForUpsert>
        <upsertKey>false</upsertKey>
    </omniDataTransformItem>
    <omniDataTransformItem>
        <disabled>false</disabled>
        <filterGroup>1.0</filterGroup>
        <filterOperator>=</filterOperator>
        <filterValue>&apos;Consumer&apos;</filterValue>
        <globalKey>VPLGetConsoleAccountLeftInfo9548883913231767</globalKey>
        <inputFieldName>Name</inputFieldName>
        <inputObjectName>RecordType</inputObjectName>
        <inputObjectQuerySequence>1.0</inputObjectQuerySequence>
        <linkedObjectSequence>0.0</linkedObjectSequence>
        <name>VPLGetConsoleAccountLeftInfo</name>
        <outputCreationSequence>0.0</outputCreationSequence>
        <outputFieldName>RecordType</outputFieldName>
        <outputObjectName>json</outputObjectName>
        <requiredForUpsert>false</requiredForUpsert>
        <upsertKey>false</upsertKey>
    </omniDataTransformItem>
    <omniDataTransformItem>
        <disabled>false</disabled>
        <filterGroup>1.0</filterGroup>
        <filterOperator>=</filterOperator>
        <filterValue>&apos;Account&apos;</filterValue>
        <globalKey>VPLGetConsoleAccountLeftInfo5988987116943281</globalKey>
        <inputFieldName>SobjectType</inputFieldName>
        <inputObjectName>RecordType</inputObjectName>
        <inputObjectQuerySequence>1.0</inputObjectQuerySequence>
        <linkedObjectSequence>0.0</linkedObjectSequence>
        <name>VPLGetConsoleAccountLeftInfo</name>
        <outputCreationSequence>0.0</outputCreationSequence>
        <outputFieldName>RecordType</outputFieldName>
        <outputObjectName>json</outputObjectName>
        <requiredForUpsert>false</requiredForUpsert>
        <upsertKey>false</upsertKey>
    </omniDataTransformItem>
    <omniDataTransformItem>
        <disabled>false</disabled>
        <filterGroup>0.0</filterGroup>
        <filterOperator>=</filterOperator>
        <filterValue>&apos;Business&apos;</filterValue>
        <globalKey>VPLGetConsoleAccountLeftInfo9325576833975349</globalKey>
        <inputFieldName>Name</inputFieldName>
        <inputObjectName>RecordType</inputObjectName>
        <inputObjectQuerySequence>1.0</inputObjectQuerySequence>
        <linkedObjectSequence>0.0</linkedObjectSequence>
        <name>VPLGetConsoleAccountLeftInfo</name>
        <outputCreationSequence>0.0</outputCreationSequence>
        <outputFieldName>RecordType</outputFieldName>
        <outputObjectName>json</outputObjectName>
        <requiredForUpsert>false</requiredForUpsert>
        <upsertKey>false</upsertKey>
    </omniDataTransformItem>
    <omniDataTransformItem>
        <disabled>false</disabled>
        <filterGroup>0.0</filterGroup>
        <filterOperator>LIMIT</filterOperator>
        <filterValue>2</filterValue>
        <globalKey>VPLGetConsoleAccountLeftInfo34071042859073297</globalKey>
        <inputObjectName>RecordType</inputObjectName>
        <inputObjectQuerySequence>1.0</inputObjectQuerySequence>
        <linkedObjectSequence>0.0</linkedObjectSequence>
        <name>VPLGetConsoleAccountLeftInfo</name>
        <outputCreationSequence>0.0</outputCreationSequence>
        <outputFieldName>RecordType</outputFieldName>
        <outputObjectName>json</outputObjectName>
        <requiredForUpsert>false</requiredForUpsert>
        <upsertKey>false</upsertKey>
    </omniDataTransformItem>
    <omniDataTransformItem>
        <disabled>false</disabled>
        <filterGroup>0.0</filterGroup>
        <filterOperator>&lt;&gt;</filterOperator>
        <filterValue>&quot;$Vlocity.NULL&quot;</filterValue>
        <globalKey>VPLGetConsoleAccountLeftInfo06425750701466404</globalKey>
        <inputFieldName>Roles</inputFieldName>
        <inputObjectName>AccountContactRelation</inputObjectName>
        <inputObjectQuerySequence>4.0</inputObjectQuerySequence>
        <linkedObjectSequence>0.0</linkedObjectSequence>
        <name>VPLGetConsoleAccountLeftInfo</name>
        <outputCreationSequence>0.0</outputCreationSequence>
        <outputFieldName>Relationship</outputFieldName>
        <outputObjectName>json</outputObjectName>
        <requiredForUpsert>false</requiredForUpsert>
        <upsertKey>false</upsertKey>
    </omniDataTransformItem>
    <omniDataTransformItem>
        <disabled>false</disabled>
        <filterGroup>0.0</filterGroup>
        <filterOperator>LIMIT</filterOperator>
        <filterValue>200</filterValue>
        <globalKey>VPLGetConsoleAccountLeftInfo3277292872066291</globalKey>
        <inputObjectName>AccountContactRelation</inputObjectName>
        <inputObjectQuerySequence>4.0</inputObjectQuerySequence>
        <linkedObjectSequence>0.0</linkedObjectSequence>
        <name>VPLGetConsoleAccountLeftInfo</name>
        <outputCreationSequence>0.0</outputCreationSequence>
        <outputFieldName>Relationship</outputFieldName>
        <outputObjectName>json</outputObjectName>
        <requiredForUpsert>false</requiredForUpsert>
        <upsertKey>false</upsertKey>
    </omniDataTransformItem>
    <omniDataTransformItem>
        <disabled>false</disabled>
        <filterGroup>0.0</filterGroup>
        <filterOperator>LIMIT</filterOperator>
        <filterValue>1</filterValue>
        <globalKey>VPLGetConsoleAccountLeftInfo8722230773438464</globalKey>
        <inputObjectName>Contact</inputObjectName>
        <inputObjectQuerySequence>3.0</inputObjectQuerySequence>
        <linkedObjectSequence>0.0</linkedObjectSequence>
        <name>VPLGetConsoleAccountLeftInfo</name>
        <outputCreationSequence>0.0</outputCreationSequence>
        <outputFieldName>CalledContact</outputFieldName>
        <outputObjectName>json</outputObjectName>
        <requiredForUpsert>false</requiredForUpsert>
        <upsertKey>false</upsertKey>
    </omniDataTransformItem>
    <omniDataTransformItem>
        <disabled>false</disabled>
        <filterGroup>0.0</filterGroup>
        <filterOperator>=</filterOperator>
        <filterValue>AccountId</filterValue>
        <globalKey>VPLGetConsoleAccountLeftInfo7760373721119442</globalKey>
        <inputFieldName>AccountId</inputFieldName>
        <inputObjectName>AccountContactRelation</inputObjectName>
        <inputObjectQuerySequence>4.0</inputObjectQuerySequence>
        <linkedObjectSequence>0.0</linkedObjectSequence>
        <name>VPLGetConsoleAccountLeftInfo</name>
        <outputCreationSequence>0.0</outputCreationSequence>
        <outputFieldName>Relationship</outputFieldName>
        <outputObjectName>json</outputObjectName>
        <requiredForUpsert>false</requiredForUpsert>
        <upsertKey>false</upsertKey>
    </omniDataTransformItem>
    <omniDataTransformItem>
        <disabled>false</disabled>
        <filterGroup>0.0</filterGroup>
        <filterOperator>LIMIT</filterOperator>
        <filterValue>1</filterValue>
        <globalKey>VPLGetConsoleAccountLeftInfo7986047303451069</globalKey>
        <inputObjectName>Account</inputObjectName>
        <inputObjectQuerySequence>2.0</inputObjectQuerySequence>
        <linkedObjectSequence>0.0</linkedObjectSequence>
        <name>VPLGetConsoleAccountLeftInfo</name>
        <outputCreationSequence>0.0</outputCreationSequence>
        <outputFieldName>Account</outputFieldName>
        <outputObjectName>json</outputObjectName>
        <requiredForUpsert>false</requiredForUpsert>
        <upsertKey>false</upsertKey>
    </omniDataTransformItem>
    <omniDataTransformItem>
        <disabled>false</disabled>
        <filterGroup>0.0</filterGroup>
        <filterOperator>=</filterOperator>
        <filterValue>ContactId</filterValue>
        <globalKey>VPLGetConsoleAccountLeftInfo06922922182828484</globalKey>
        <inputFieldName>Id</inputFieldName>
        <inputObjectName>Contact</inputObjectName>
        <inputObjectQuerySequence>3.0</inputObjectQuerySequence>
        <linkedObjectSequence>0.0</linkedObjectSequence>
        <name>VPLGetConsoleAccountLeftInfo</name>
        <outputCreationSequence>0.0</outputCreationSequence>
        <outputFieldName>CalledContact</outputFieldName>
        <outputObjectName>json</outputObjectName>
        <requiredForUpsert>false</requiredForUpsert>
        <upsertKey>false</upsertKey>
    </omniDataTransformItem>
    <omniDataTransformItem>
        <disabled>false</disabled>
        <filterGroup>0.0</filterGroup>
        <filterOperator>=</filterOperator>
        <filterValue>AccountId</filterValue>
        <globalKey>VPLGetConsoleAccountLeftInfo043619611787447665</globalKey>
        <inputFieldName>Id</inputFieldName>
        <inputObjectName>Account</inputObjectName>
        <inputObjectQuerySequence>2.0</inputObjectQuerySequence>
        <linkedObjectSequence>0.0</linkedObjectSequence>
        <name>VPLGetConsoleAccountLeftInfo</name>
        <outputCreationSequence>0.0</outputCreationSequence>
        <outputFieldName>Account</outputFieldName>
        <outputObjectName>json</outputObjectName>
        <requiredForUpsert>false</requiredForUpsert>
        <upsertKey>false</upsertKey>
    </omniDataTransformItem>
    <omniDataTransformItem>
        <disabled>false</disabled>
        <filterGroup>0.0</filterGroup>
        <filterOperator>=</filterOperator>
        <filterValue>RecordType:Id</filterValue>
        <globalKey>VPLGetConsoleAccountLeftInfo07934906477403336</globalKey>
        <inputFieldName>RecordTypeId</inputFieldName>
        <inputObjectName>Account</inputObjectName>
        <inputObjectQuerySequence>2.0</inputObjectQuerySequence>
        <linkedObjectSequence>0.0</linkedObjectSequence>
        <name>VPLGetConsoleAccountLeftInfo</name>
        <outputCreationSequence>0.0</outputCreationSequence>
        <outputFieldName>Account</outputFieldName>
        <outputObjectName>json</outputObjectName>
        <requiredForUpsert>false</requiredForUpsert>
        <upsertKey>false</upsertKey>
    </omniDataTransformItem>
    <outputType>JSON</outputType>
    <previewJsonData>{
  &quot;AccountId&quot; : &quot;0015i00000jqfvxAAA&quot;
}</previewJsonData>
    <processSuperBulk>false</processSuperBulk>
    <responseCacheTtlMinutes>0.0</responseCacheTtlMinutes>
    <rollbackOnError>false</rollbackOnError>
    <sourceObject>json</sourceObject>
    <sourceObjectDefault>false</sourceObjectDefault>
    <synchronousProcessThreshold>-1.0</synchronousProcessThreshold>
    <type>Extract</type>
    <uniqueName>VPLGetConsoleAccountLeftInfo_1</uniqueName>
    <versionNumber>1.0</versionNumber>
    <xmlDeclarationRemoved>false</xmlDeclarationRemoved>
</OmniDataTransform>
