<?xml version="1.0" encoding="UTF-8"?>
<OmniDataTransform xmlns="http://soap.sforce.com/2006/04/metadata">
    <active>false</active>
    <assignmentRulesUsed>false</assignmentRulesUsed>
    <deletedOnSuccess>false</deletedOnSuccess>
    <description>This updates / inserts account profile attributes in vlocity attribute &amp; vlocity attribute preferences</description>
    <errorIgnored>false</errorIgnored>
    <expectedInputJson>{
  &quot;ContextId&quot; : null,
  &quot;ManageNotificationPreferences&quot; : {
    &quot;BillNotifications&quot; : null,
    &quot;DNCFrom&quot; : null,
    &quot;DNCTo&quot; : null,
    &quot;OffersPromotions&quot; : null,
    &quot;OutageNotifications&quot; : null,
    &quot;PaymentRemindersNotifications&quot; : null,
    &quot;WorkOrderNotifications&quot; : null
  },
  &quot;timeStamp&quot; : null,
  &quot;userId&quot; : null,
  &quot;userName&quot; : null,
  &quot;userProfile&quot; : null,
  &quot;userTimeZone&quot; : null,
  &quot;vlcPersistentComponent&quot; : { },
  &quot;vlcTimeTracking&quot; : {
    &quot;ManageNotificationPreferences&quot; : null,
    &quot;PostAccountAttrAssignment&quot; : null
  }
}</expectedInputJson>
    <fieldLevelSecurityEnabled>false</fieldLevelSecurityEnabled>
    <inputType>JSON</inputType>
    <name>VPLPostAccountProfileAttrAssignment</name>
    <nullInputsIncludedInOutput>false</nullInputsIncludedInOutput>
    <omniDataTransformItem>
        <disabled>false</disabled>
        <filterGroup>0.0</filterGroup>
        <filterOperator>=</filterOperator>
        <globalKey>VPL-PostAccountProfileAttrAssignmentCustoma1V3h000000mC0eEAEItem8</globalKey>
        <inputObjectQuerySequence>0.0</inputObjectQuerySequence>
        <linkedFieldName>Id</linkedFieldName>
        <linkedObjectSequence>1.0</linkedObjectSequence>
        <migrationValue>FAKEMAPPING</migrationValue>
        <name>VPL-PostAccountProfileAttrAssignment</name>
        <outputCreationSequence>2.0</outputCreationSequence>
        <outputFieldName>vlocity_cmt__AttributeId__c</outputFieldName>
        <outputObjectName>vlocity_cmt__AttributeAssignment__c</outputObjectName>
        <requiredForUpsert>false</requiredForUpsert>
        <upsertKey>false</upsertKey>
    </omniDataTransformItem>
    <omniDataTransformItem>
        <disabled>false</disabled>
        <filterGroup>0.0</filterGroup>
        <globalKey>VPL-PostAccountProfileAttrAssignmentCustoma1V3h000000mC0eEAEItem9</globalKey>
        <inputFieldName>UpdatedAccountPref:AccountId</inputFieldName>
        <inputObjectQuerySequence>0.0</inputObjectQuerySequence>
        <linkedObjectSequence>0.0</linkedObjectSequence>
        <name>VPL-PostAccountProfileAttrAssignment</name>
        <outputCreationSequence>2.0</outputCreationSequence>
        <outputFieldName>vlocity_cmt__ObjectId__c</outputFieldName>
        <outputObjectName>vlocity_cmt__AttributeAssignment__c</outputObjectName>
        <requiredForUpsert>false</requiredForUpsert>
        <upsertKey>false</upsertKey>
    </omniDataTransformItem>
    <omniDataTransformItem>
        <disabled>false</disabled>
        <filterGroup>0.0</filterGroup>
        <globalKey>VPL-PostAccountProfileAttrAssignmentCustoma1V3h000000mC0eEAEItem3</globalKey>
        <inputFieldName>UpdatedAccountPref:AttrValue</inputFieldName>
        <inputObjectQuerySequence>0.0</inputObjectQuerySequence>
        <linkedObjectSequence>0.0</linkedObjectSequence>
        <name>VPL-PostAccountProfileAttrAssignment</name>
        <outputCreationSequence>1.0</outputCreationSequence>
        <outputFieldName>Name</outputFieldName>
        <outputObjectName>vlocity_cmt__Attribute__c</outputObjectName>
        <requiredForUpsert>false</requiredForUpsert>
        <upsertKey>false</upsertKey>
    </omniDataTransformItem>
    <omniDataTransformItem>
        <disabled>false</disabled>
        <filterGroup>0.0</filterGroup>
        <globalKey>VPL-PostAccountProfileAttrAssignmentCustoma1V3h000000mC0eEAEItem13</globalKey>
        <inputFieldName>UpdatedAccountPref:CategoryId</inputFieldName>
        <inputObjectQuerySequence>0.0</inputObjectQuerySequence>
        <linkedObjectSequence>0.0</linkedObjectSequence>
        <name>VPL-PostAccountProfileAttrAssignment</name>
        <outputCreationSequence>2.0</outputCreationSequence>
        <outputFieldName>vlocity_cmt__AttributeCategoryId__c</outputFieldName>
        <outputObjectName>vlocity_cmt__AttributeAssignment__c</outputObjectName>
        <requiredForUpsert>false</requiredForUpsert>
        <upsertKey>false</upsertKey>
    </omniDataTransformItem>
    <omniDataTransformItem>
        <disabled>true</disabled>
        <filterGroup>0.0</filterGroup>
        <filterOperator>=</filterOperator>
        <globalKey>VPL-PostAccountProfileAttrAssignmentCustoma1V3h000000mC0eEAEItem0</globalKey>
        <inputObjectQuerySequence>0.0</inputObjectQuerySequence>
        <linkedObjectSequence>0.0</linkedObjectSequence>
        <migrationValue>FAKEMAPPING</migrationValue>
        <name>VPL-PostAccountProfileAttrAssignment</name>
        <outputCreationSequence>1.0</outputCreationSequence>
        <outputFieldName>Id</outputFieldName>
        <outputObjectName>vlocity_cmt__Attribute__c</outputObjectName>
        <requiredForUpsert>false</requiredForUpsert>
        <upsertKey>false</upsertKey>
    </omniDataTransformItem>
    <omniDataTransformItem>
        <defaultValue>false</defaultValue>
        <disabled>true</disabled>
        <filterGroup>0.0</filterGroup>
        <globalKey>VPL-PostAccountProfileAttrAssignmentCustoma1V3h000000mC0eEAEItem5</globalKey>
        <inputFieldName>UpdatedAccountPref:IsDeleted</inputFieldName>
        <inputObjectQuerySequence>0.0</inputObjectQuerySequence>
        <linkedObjectSequence>0.0</linkedObjectSequence>
        <name>VPL-PostAccountProfileAttrAssignment</name>
        <outputCreationSequence>1.0</outputCreationSequence>
        <outputFieldName>IsDeleted</outputFieldName>
        <outputObjectName>vlocity_cmt__Attribute__c</outputObjectName>
        <requiredForUpsert>false</requiredForUpsert>
        <upsertKey>false</upsertKey>
    </omniDataTransformItem>
    <omniDataTransformItem>
        <disabled>false</disabled>
        <filterGroup>0.0</filterGroup>
        <globalKey>VPL-PostAccountProfileAttrAssignmentCustoma1V3h000000mC0eEAEItem11</globalKey>
        <inputFieldName>UpdatedAccountPref:AttrAssignId</inputFieldName>
        <inputObjectQuerySequence>0.0</inputObjectQuerySequence>
        <linkedObjectSequence>0.0</linkedObjectSequence>
        <name>VPL-PostAccountProfileAttrAssignment</name>
        <outputCreationSequence>2.0</outputCreationSequence>
        <outputFieldName>Id</outputFieldName>
        <outputObjectName>vlocity_cmt__AttributeAssignment__c</outputObjectName>
        <requiredForUpsert>false</requiredForUpsert>
        <upsertKey>false</upsertKey>
    </omniDataTransformItem>
    <omniDataTransformItem>
        <disabled>true</disabled>
        <filterGroup>0.0</filterGroup>
        <filterOperator>=</filterOperator>
        <globalKey>VPL-PostAccountProfileAttrAssignmentCustoma1V3h000000mC0eEAEItem6</globalKey>
        <inputObjectQuerySequence>0.0</inputObjectQuerySequence>
        <linkedObjectSequence>0.0</linkedObjectSequence>
        <migrationValue>FAKEMAPPING</migrationValue>
        <name>VPL-PostAccountProfileAttrAssignment</name>
        <outputCreationSequence>2.0</outputCreationSequence>
        <outputFieldName>Id</outputFieldName>
        <outputObjectName>vlocity_cmt__AttributeAssignment__c</outputObjectName>
        <requiredForUpsert>false</requiredForUpsert>
        <upsertKey>false</upsertKey>
    </omniDataTransformItem>
    <omniDataTransformItem>
        <defaultValue>Account</defaultValue>
        <disabled>false</disabled>
        <filterGroup>0.0</filterGroup>
        <globalKey>VPL-PostAccountProfileAttrAssignmentCustoma1V3h000000mC0eEAEItem7</globalKey>
        <inputObjectQuerySequence>0.0</inputObjectQuerySequence>
        <linkedObjectSequence>0.0</linkedObjectSequence>
        <name>VPL-PostAccountProfileAttrAssignment</name>
        <outputCreationSequence>2.0</outputCreationSequence>
        <outputFieldName>vlocity_cmt__ObjectType__c</outputFieldName>
        <outputObjectName>vlocity_cmt__AttributeAssignment__c</outputObjectName>
        <requiredForUpsert>false</requiredForUpsert>
        <upsertKey>false</upsertKey>
    </omniDataTransformItem>
    <omniDataTransformItem>
        <disabled>false</disabled>
        <filterGroup>0.0</filterGroup>
        <globalKey>VPL-PostAccountProfileAttrAssignmentCustoma1V3h000000mC0eEAEItem12</globalKey>
        <inputFieldName>UpdatedAccountPref:AttrValue</inputFieldName>
        <inputObjectQuerySequence>0.0</inputObjectQuerySequence>
        <linkedObjectSequence>0.0</linkedObjectSequence>
        <name>VPL-PostAccountProfileAttrAssignment</name>
        <outputCreationSequence>2.0</outputCreationSequence>
        <outputFieldName>vlocity_cmt__Value__c</outputFieldName>
        <outputObjectName>vlocity_cmt__AttributeAssignment__c</outputObjectName>
        <requiredForUpsert>false</requiredForUpsert>
        <upsertKey>false</upsertKey>
    </omniDataTransformItem>
    <omniDataTransformItem>
        <disabled>false</disabled>
        <filterGroup>0.0</filterGroup>
        <globalKey>VPL-PostAccountProfileAttrAssignmentCustoma1V3h000000mC0eEAEItem10</globalKey>
        <inputFieldName>UpdatedAccountPref:AccountName</inputFieldName>
        <inputObjectQuerySequence>0.0</inputObjectQuerySequence>
        <linkedObjectSequence>0.0</linkedObjectSequence>
        <name>VPL-PostAccountProfileAttrAssignment</name>
        <outputCreationSequence>2.0</outputCreationSequence>
        <outputFieldName>Name</outputFieldName>
        <outputObjectName>vlocity_cmt__AttributeAssignment__c</outputObjectName>
        <requiredForUpsert>false</requiredForUpsert>
        <upsertKey>false</upsertKey>
    </omniDataTransformItem>
    <omniDataTransformItem>
        <disabled>false</disabled>
        <filterGroup>0.0</filterGroup>
        <globalKey>VPL-PostAccountProfileAttrAssignmentCustoma1V3h000000mC0eEAEItem4</globalKey>
        <inputFieldName>UpdatedAccountPref:CategoryId</inputFieldName>
        <inputObjectQuerySequence>0.0</inputObjectQuerySequence>
        <linkedObjectSequence>0.0</linkedObjectSequence>
        <name>VPL-PostAccountProfileAttrAssignment</name>
        <outputCreationSequence>1.0</outputCreationSequence>
        <outputFieldName>vlocity_cmt__AttributeCategoryId__c</outputFieldName>
        <outputObjectName>vlocity_cmt__Attribute__c</outputObjectName>
        <requiredForUpsert>false</requiredForUpsert>
        <upsertKey>false</upsertKey>
    </omniDataTransformItem>
    <omniDataTransformItem>
        <disabled>false</disabled>
        <filterGroup>0.0</filterGroup>
        <globalKey>VPL-PostAccountProfileAttrAssignmentCustoma1V3h000000mC0eEAEItem2</globalKey>
        <inputFieldName>UpdatedAccountPref:AttributeId</inputFieldName>
        <inputObjectQuerySequence>0.0</inputObjectQuerySequence>
        <linkedObjectSequence>0.0</linkedObjectSequence>
        <name>VPL-PostAccountProfileAttrAssignment</name>
        <outputCreationSequence>1.0</outputCreationSequence>
        <outputFieldName>Id</outputFieldName>
        <outputObjectName>vlocity_cmt__Attribute__c</outputObjectName>
        <requiredForUpsert>false</requiredForUpsert>
        <upsertKey>false</upsertKey>
    </omniDataTransformItem>
    <omniDataTransformItem>
        <defaultValue>true</defaultValue>
        <disabled>false</disabled>
        <filterGroup>0.0</filterGroup>
        <globalKey>VPL-PostAccountProfileAttrAssignmentCustoma1V3h000000mC0eEAEItem1</globalKey>
        <inputObjectQuerySequence>0.0</inputObjectQuerySequence>
        <linkedObjectSequence>0.0</linkedObjectSequence>
        <name>VPL-PostAccountProfileAttrAssignment</name>
        <outputCreationSequence>1.0</outputCreationSequence>
        <outputFieldName>vlocity_cmt__ActiveFlg__c</outputFieldName>
        <outputObjectName>vlocity_cmt__Attribute__c</outputObjectName>
        <requiredForUpsert>false</requiredForUpsert>
        <upsertKey>false</upsertKey>
    </omniDataTransformItem>
    <outputType>SObject</outputType>
    <previewJsonData>{
  &quot;TFDRresp&quot; : {
    &quot;UpdatedAccountPref&quot; : [ {
      &quot;AccountId&quot; : &quot;0013h00000BpB7JAAV&quot;,
      &quot;AccountName&quot; : &quot;ACCOUNT-27683&quot;,
      &quot;AttrAssignId&quot; : &quot;a0M3h000002ivl7EAA&quot;,
      &quot;AttrValue&quot; : &quot;1&quot;,
      &quot;AttributeId&quot; : &quot;a0P3h0000012egGEAQ&quot;,
      &quot;CategoryCode&quot; : &quot;PURCHASE_CRITERIA_COST&quot;,
      &quot;CategoryId&quot; : &quot;a0O3h000000iF7FEAU&quot;
    }, {
      &quot;AccountId&quot; : &quot;0013h00000BpB7JAAV&quot;,
      &quot;AccountName&quot; : &quot;ACCOUNT-27683&quot;,
      &quot;AttrAssignId&quot; : &quot;&quot;,
      &quot;AttrValue&quot; : &quot;2&quot;,
      &quot;AttributeId&quot; : &quot;&quot;,
      &quot;CategoryCode&quot; : &quot;&quot;,
      &quot;CategoryId&quot; : &quot;&quot;
    }, {
      &quot;AccountId&quot; : &quot;0013h00000BpB7JAAV&quot;,
      &quot;AccountName&quot; : &quot;ACCOUNT-27683&quot;,
      &quot;AttrAssignId&quot; : &quot;&quot;,
      &quot;AttrValue&quot; : &quot;3&quot;,
      &quot;AttributeId&quot; : &quot;&quot;,
      &quot;CategoryCode&quot; : &quot;&quot;,
      &quot;CategoryId&quot; : &quot;&quot;
    }, {
      &quot;AccountId&quot; : &quot;0013h00000BpB7JAAV&quot;,
      &quot;AccountName&quot; : &quot;ACCOUNT-27683&quot;,
      &quot;AttrAssignId&quot; : &quot;&quot;,
      &quot;AttrValue&quot; : &quot;4&quot;,
      &quot;AttributeId&quot; : &quot;&quot;,
      &quot;CategoryCode&quot; : &quot;&quot;,
      &quot;CategoryId&quot; : &quot;&quot;
    }, {
      &quot;AccountId&quot; : &quot;0013h00000BpB7JAAV&quot;,
      &quot;AccountName&quot; : &quot;ACCOUNT-27683&quot;,
      &quot;AttrAssignId&quot; : &quot;&quot;,
      &quot;AttrValue&quot; : &quot;5&quot;,
      &quot;AttributeId&quot; : &quot;&quot;,
      &quot;CategoryCode&quot; : &quot;&quot;,
      &quot;CategoryId&quot; : &quot;&quot;
    }, {
      &quot;AccountId&quot; : &quot;0013h00000BpB7JAAV&quot;,
      &quot;AccountName&quot; : &quot;ACCOUNT-27683&quot;,
      &quot;AttrAssignId&quot; : &quot;&quot;,
      &quot;AttrValue&quot; : &quot;1&quot;,
      &quot;AttributeId&quot; : &quot;&quot;,
      &quot;CategoryCode&quot; : &quot;&quot;,
      &quot;CategoryId&quot; : &quot;&quot;
    }, {
      &quot;AccountId&quot; : &quot;0013h00000BpB7JAAV&quot;,
      &quot;AccountName&quot; : &quot;ACCOUNT-27683&quot;,
      &quot;AttrAssignId&quot; : &quot;&quot;,
      &quot;AttrValue&quot; : &quot;2&quot;,
      &quot;AttributeId&quot; : &quot;&quot;,
      &quot;CategoryCode&quot; : &quot;&quot;,
      &quot;CategoryId&quot; : &quot;&quot;
    }, {
      &quot;AccountId&quot; : &quot;0013h00000BpB7JAAV&quot;,
      &quot;AccountName&quot; : &quot;ACCOUNT-27683&quot;,
      &quot;AttrAssignId&quot; : &quot;&quot;,
      &quot;AttrValue&quot; : &quot;3&quot;,
      &quot;AttributeId&quot; : &quot;&quot;,
      &quot;CategoryCode&quot; : &quot;&quot;,
      &quot;CategoryId&quot; : &quot;&quot;
    }, {
      &quot;AccountId&quot; : &quot;0013h00000BpB7JAAV&quot;,
      &quot;AccountName&quot; : &quot;ACCOUNT-27683&quot;,
      &quot;AttrAssignId&quot; : &quot;&quot;,
      &quot;AttrValue&quot; : &quot;1&quot;,
      &quot;AttributeId&quot; : &quot;&quot;,
      &quot;CategoryCode&quot; : &quot;&quot;,
      &quot;CategoryId&quot; : &quot;&quot;
    }, {
      &quot;AccountId&quot; : &quot;0013h00000BpB7JAAV&quot;,
      &quot;AccountName&quot; : &quot;ACCOUNT-27683&quot;,
      &quot;AttrAssignId&quot; : &quot;&quot;,
      &quot;AttrValue&quot; : &quot;2&quot;,
      &quot;AttributeId&quot; : &quot;&quot;,
      &quot;CategoryCode&quot; : &quot;&quot;,
      &quot;CategoryId&quot; : &quot;&quot;
    }, {
      &quot;AccountId&quot; : &quot;0013h00000BpB7JAAV&quot;,
      &quot;AccountName&quot; : &quot;ACCOUNT-27683&quot;,
      &quot;AttrAssignId&quot; : &quot;&quot;,
      &quot;AttrValue&quot; : &quot;&quot;,
      &quot;AttributeId&quot; : &quot;&quot;,
      &quot;CategoryCode&quot; : &quot;&quot;
    }, {
      &quot;AccountId&quot; : &quot;0013h00000BpB7JAAV&quot;,
      &quot;AccountName&quot; : &quot;ACCOUNT-27683&quot;,
      &quot;AttrAssignId&quot; : &quot;&quot;,
      &quot;AttrValue&quot; : &quot;1&quot;,
      &quot;AttributeId&quot; : &quot;&quot;,
      &quot;CategoryCode&quot; : &quot;&quot;,
      &quot;CategoryId&quot; : &quot;&quot;
    }, {
      &quot;AccountId&quot; : &quot;0013h00000BpB7JAAV&quot;,
      &quot;AccountName&quot; : &quot;ACCOUNT-27683&quot;,
      &quot;AttrAssignId&quot; : &quot;&quot;,
      &quot;AttrValue&quot; : &quot;2&quot;,
      &quot;AttributeId&quot; : &quot;&quot;,
      &quot;CategoryCode&quot; : &quot;&quot;,
      &quot;CategoryId&quot; : &quot;&quot;
    }, {
      &quot;AccountId&quot; : &quot;0013h00000BpB7JAAV&quot;,
      &quot;AccountName&quot; : &quot;ACCOUNT-27683&quot;,
      &quot;AttrAssignId&quot; : &quot;&quot;,
      &quot;AttrValue&quot; : &quot;3&quot;,
      &quot;AttributeId&quot; : &quot;&quot;,
      &quot;CategoryCode&quot; : &quot;&quot;,
      &quot;CategoryId&quot; : &quot;&quot;
    } ]
  },
  &quot;error&quot; : &quot;OK&quot;
}</previewJsonData>
    <processSuperBulk>false</processSuperBulk>
    <responseCacheTtlMinutes>0.0</responseCacheTtlMinutes>
    <rollbackOnError>false</rollbackOnError>
    <sourceObject>json</sourceObject>
    <sourceObjectDefault>false</sourceObjectDefault>
    <synchronousProcessThreshold>-1.0</synchronousProcessThreshold>
    <type>Load</type>
    <uniqueName>VPLPostAccountProfileAttrAssignment_1</uniqueName>
    <versionNumber>1.0</versionNumber>
    <xmlDeclarationRemoved>false</xmlDeclarationRemoved>
</OmniDataTransform>
