<?xml version="1.0" encoding="UTF-8"?>
<OmniDataTransform xmlns="http://soap.sforce.com/2006/04/metadata">
    <active>false</active>
    <assignmentRulesUsed>false</assignmentRulesUsed>
    <deletedOnSuccess>false</deletedOnSuccess>
    <description>This DR is used to add new Product interest attributes to the Account Object.</description>
    <errorIgnored>false</errorIgnored>
    <expectedInputJson>{
  &quot;vlocity_cmt__categorycode__c&quot; : &quot;PRODUCT_INTERESTS&quot;,
  &quot;AttrValue&quot; : &quot;helloT&quot;,
  &quot;CategoryId&quot; : &quot;a0O3h000000iF3FEAU&quot;,
  &quot;objectId&quot; : &quot;0013h00000Bue2WAAR&quot;
}</expectedInputJson>
    <fieldLevelSecurityEnabled>false</fieldLevelSecurityEnabled>
    <inputType>JSON</inputType>
    <name>VPLPostProfileInterestAttrAssignment</name>
    <nullInputsIncludedInOutput>false</nullInputsIncludedInOutput>
    <omniDataTransformItem>
        <defaultValue>true</defaultValue>
        <disabled>false</disabled>
        <filterGroup>0.0</filterGroup>
        <globalKey>VPL-PostProfileInterestAttrAssignmentCustom44</globalKey>
        <inputObjectQuerySequence>0.0</inputObjectQuerySequence>
        <linkedObjectSequence>0.0</linkedObjectSequence>
        <name>VPL-PostProfileInterestAttrAssignment</name>
        <outputCreationSequence>1.0</outputCreationSequence>
        <outputFieldName>vlocity_cmt__Filterable__c</outputFieldName>
        <outputObjectName>vlocity_cmt__Attribute__c</outputObjectName>
        <requiredForUpsert>false</requiredForUpsert>
        <upsertKey>false</upsertKey>
    </omniDataTransformItem>
    <omniDataTransformItem>
        <disabled>true</disabled>
        <filterGroup>0.0</filterGroup>
        <globalKey>VPL-PostProfileInterestAttrAssignmentCustoma1V3h000000mB1JEAUItem2</globalKey>
        <inputFieldName>UpdatedAccountPref:AttributeId</inputFieldName>
        <inputObjectQuerySequence>0.0</inputObjectQuerySequence>
        <linkedObjectSequence>0.0</linkedObjectSequence>
        <name>VPL-PostProfileInterestAttrAssignment</name>
        <outputCreationSequence>1.0</outputCreationSequence>
        <outputFieldName>Id</outputFieldName>
        <outputObjectName>vlocity_cmt__Attribute__c</outputObjectName>
        <requiredForUpsert>false</requiredForUpsert>
        <upsertKey>false</upsertKey>
    </omniDataTransformItem>
    <omniDataTransformItem>
        <disabled>false</disabled>
        <filterGroup>0.0</filterGroup>
        <globalKey>VPL-PostProfileInterestAttrAssignmentCustoma1V3h000000mB1JEAUItem4</globalKey>
        <inputFieldName>CategoryId</inputFieldName>
        <inputObjectQuerySequence>0.0</inputObjectQuerySequence>
        <linkedObjectSequence>0.0</linkedObjectSequence>
        <name>VPL-PostProfileInterestAttrAssignment</name>
        <outputCreationSequence>1.0</outputCreationSequence>
        <outputFieldName>vlocity_cmt__AttributeCategoryId__c</outputFieldName>
        <outputObjectName>vlocity_cmt__Attribute__c</outputObjectName>
        <requiredForUpsert>false</requiredForUpsert>
        <upsertKey>false</upsertKey>
    </omniDataTransformItem>
    <omniDataTransformItem>
        <defaultValue>true</defaultValue>
        <disabled>false</disabled>
        <filterGroup>0.0</filterGroup>
        <globalKey>VPL-PostProfileInterestAttrAssignmentCustom3430</globalKey>
        <inputObjectQuerySequence>0.0</inputObjectQuerySequence>
        <linkedObjectSequence>0.0</linkedObjectSequence>
        <name>VPL-PostProfileInterestAttrAssignment</name>
        <outputCreationSequence>1.0</outputCreationSequence>
        <outputFieldName>vlocity_cmt__Configurable__c</outputFieldName>
        <outputObjectName>vlocity_cmt__Attribute__c</outputObjectName>
        <requiredForUpsert>false</requiredForUpsert>
        <upsertKey>false</upsertKey>
    </omniDataTransformItem>
    <omniDataTransformItem>
        <defaultValue>true</defaultValue>
        <disabled>false</disabled>
        <filterGroup>0.0</filterGroup>
        <globalKey>VPL-PostProfileInterestAttrAssignmentCustoma1V3h000000mB1JEAUItem1</globalKey>
        <inputObjectQuerySequence>0.0</inputObjectQuerySequence>
        <linkedObjectSequence>0.0</linkedObjectSequence>
        <name>VPL-PostProfileInterestAttrAssignment</name>
        <outputCreationSequence>1.0</outputCreationSequence>
        <outputFieldName>vlocity_cmt__ActiveFlg__c</outputFieldName>
        <outputObjectName>vlocity_cmt__Attribute__c</outputObjectName>
        <requiredForUpsert>false</requiredForUpsert>
        <upsertKey>false</upsertKey>
    </omniDataTransformItem>
    <omniDataTransformItem>
        <disabled>false</disabled>
        <filterGroup>0.0</filterGroup>
        <globalKey>VPL-PostProfileInterestAttrAssignmentCustoma1V3h000000mB1JEAUItem3</globalKey>
        <inputFieldName>AttrValue</inputFieldName>
        <inputObjectQuerySequence>0.0</inputObjectQuerySequence>
        <linkedObjectSequence>0.0</linkedObjectSequence>
        <name>VPL-PostProfileInterestAttrAssignment</name>
        <outputCreationSequence>1.0</outputCreationSequence>
        <outputFieldName>Name</outputFieldName>
        <outputObjectName>vlocity_cmt__Attribute__c</outputObjectName>
        <requiredForUpsert>false</requiredForUpsert>
        <upsertKey>false</upsertKey>
    </omniDataTransformItem>
    <omniDataTransformItem>
        <disabled>false</disabled>
        <filterGroup>0.0</filterGroup>
        <globalKey>VPL-PostProfileInterestAttrAssignmentCustom3385</globalKey>
        <inputFieldName>CategoryId</inputFieldName>
        <inputObjectQuerySequence>0.0</inputObjectQuerySequence>
        <linkedObjectSequence>0.0</linkedObjectSequence>
        <name>VPL-PostProfileInterestAttrAssignment</name>
        <outputCreationSequence>2.0</outputCreationSequence>
        <outputFieldName>vlocity_cmt__AttributeCategoryId__c</outputFieldName>
        <outputObjectName>vlocity_cmt__AttributeAssignment__c</outputObjectName>
        <requiredForUpsert>false</requiredForUpsert>
        <upsertKey>false</upsertKey>
    </omniDataTransformItem>
    <omniDataTransformItem>
        <disabled>true</disabled>
        <filterGroup>0.0</filterGroup>
        <filterOperator>=</filterOperator>
        <globalKey>VPL-PostProfileInterestAttrAssignmentCustoma1V3h000000mB1JEAUItem0</globalKey>
        <inputObjectQuerySequence>0.0</inputObjectQuerySequence>
        <linkedObjectSequence>0.0</linkedObjectSequence>
        <migrationValue>FAKEMAPPING</migrationValue>
        <name>VPL-PostProfileInterestAttrAssignment</name>
        <outputCreationSequence>1.0</outputCreationSequence>
        <outputFieldName>Id</outputFieldName>
        <outputObjectName>vlocity_cmt__Attribute__c</outputObjectName>
        <requiredForUpsert>false</requiredForUpsert>
        <upsertKey>false</upsertKey>
    </omniDataTransformItem>
    <omniDataTransformItem>
        <defaultValue>false</defaultValue>
        <disabled>true</disabled>
        <filterGroup>0.0</filterGroup>
        <globalKey>VPL-PostProfileInterestAttrAssignmentCustoma1V3h000000mB1JEAUItem5</globalKey>
        <inputFieldName>UpdatedAccountPref:IsDeleted</inputFieldName>
        <inputObjectQuerySequence>0.0</inputObjectQuerySequence>
        <linkedObjectSequence>0.0</linkedObjectSequence>
        <name>VPL-PostProfileInterestAttrAssignment</name>
        <outputCreationSequence>1.0</outputCreationSequence>
        <outputFieldName>IsDeleted</outputFieldName>
        <outputObjectName>vlocity_cmt__Attribute__c</outputObjectName>
        <requiredForUpsert>false</requiredForUpsert>
        <upsertKey>false</upsertKey>
    </omniDataTransformItem>
    <omniDataTransformItem>
        <defaultValue>Account</defaultValue>
        <disabled>false</disabled>
        <filterGroup>0.0</filterGroup>
        <globalKey>VPL-PostProfileInterestAttrAssignmentCustoma1V3h000000mB1JEAUItem7</globalKey>
        <inputObjectQuerySequence>0.0</inputObjectQuerySequence>
        <linkedObjectSequence>0.0</linkedObjectSequence>
        <name>VPL-PostProfileInterestAttrAssignment</name>
        <outputCreationSequence>2.0</outputCreationSequence>
        <outputFieldName>vlocity_cmt__ObjectType__c</outputFieldName>
        <outputObjectName>vlocity_cmt__AttributeAssignment__c</outputObjectName>
        <requiredForUpsert>false</requiredForUpsert>
        <upsertKey>false</upsertKey>
    </omniDataTransformItem>
    <omniDataTransformItem>
        <defaultValue>false</defaultValue>
        <disabled>false</disabled>
        <filterGroup>0.0</filterGroup>
        <globalKey>VPL-PostProfileInterestAttrAssignmentCustom6315</globalKey>
        <inputObjectQuerySequence>0.0</inputObjectQuerySequence>
        <linkedObjectSequence>0.0</linkedObjectSequence>
        <name>VPL-PostProfileInterestAttrAssignment</name>
        <outputCreationSequence>2.0</outputCreationSequence>
        <outputFieldName>vlocity_cmt__RemovedFlag__c</outputFieldName>
        <outputObjectName>vlocity_cmt__AttributeAssignment__c</outputObjectName>
        <requiredForUpsert>false</requiredForUpsert>
        <upsertKey>false</upsertKey>
    </omniDataTransformItem>
    <omniDataTransformItem>
        <disabled>false</disabled>
        <filterGroup>0.0</filterGroup>
        <filterOperator>=</filterOperator>
        <globalKey>VPL-PostProfileInterestAttrAssignmentCustoma1V3h000000mB1JEAUItem8</globalKey>
        <inputObjectQuerySequence>0.0</inputObjectQuerySequence>
        <linkedFieldName>Id</linkedFieldName>
        <linkedObjectSequence>1.0</linkedObjectSequence>
        <migrationValue>FAKEMAPPING</migrationValue>
        <name>VPL-PostProfileInterestAttrAssignment</name>
        <outputCreationSequence>2.0</outputCreationSequence>
        <outputFieldName>vlocity_cmt__AttributeId__c</outputFieldName>
        <outputObjectName>vlocity_cmt__AttributeAssignment__c</outputObjectName>
        <requiredForUpsert>false</requiredForUpsert>
        <upsertKey>false</upsertKey>
    </omniDataTransformItem>
    <omniDataTransformItem>
        <disabled>false</disabled>
        <filterGroup>0.0</filterGroup>
        <globalKey>VPL-PostProfileInterestAttrAssignmentCustoma1V3h000000mB1JEAUItem9</globalKey>
        <inputFieldName>objectId</inputFieldName>
        <inputObjectQuerySequence>0.0</inputObjectQuerySequence>
        <linkedObjectSequence>0.0</linkedObjectSequence>
        <name>VPL-PostProfileInterestAttrAssignment</name>
        <outputCreationSequence>2.0</outputCreationSequence>
        <outputFieldName>vlocity_cmt__ObjectId__c</outputFieldName>
        <outputObjectName>vlocity_cmt__AttributeAssignment__c</outputObjectName>
        <requiredForUpsert>false</requiredForUpsert>
        <upsertKey>false</upsertKey>
    </omniDataTransformItem>
    <omniDataTransformItem>
        <disabled>true</disabled>
        <filterGroup>0.0</filterGroup>
        <globalKey>VPL-PostProfileInterestAttrAssignmentCustoma1V3h000000mB1JEAUItem13</globalKey>
        <inputFieldName>UpdatedAccountPref:CategoryId</inputFieldName>
        <inputObjectQuerySequence>0.0</inputObjectQuerySequence>
        <linkedObjectSequence>0.0</linkedObjectSequence>
        <name>VPL-PostProfileInterestAttrAssignment</name>
        <outputCreationSequence>2.0</outputCreationSequence>
        <outputFieldName>vlocity_cmt__AttributeCategoryId__c</outputFieldName>
        <outputObjectName>vlocity_cmt__AttributeAssignment__c</outputObjectName>
        <requiredForUpsert>false</requiredForUpsert>
        <upsertKey>false</upsertKey>
    </omniDataTransformItem>
    <omniDataTransformItem>
        <disabled>true</disabled>
        <filterGroup>0.0</filterGroup>
        <filterOperator>=</filterOperator>
        <globalKey>VPL-PostProfileInterestAttrAssignmentCustoma1V3h000000mB1JEAUItem6</globalKey>
        <inputObjectQuerySequence>0.0</inputObjectQuerySequence>
        <linkedObjectSequence>0.0</linkedObjectSequence>
        <migrationValue>FAKEMAPPING</migrationValue>
        <name>VPL-PostProfileInterestAttrAssignment</name>
        <outputCreationSequence>2.0</outputCreationSequence>
        <outputFieldName>Id</outputFieldName>
        <outputObjectName>vlocity_cmt__AttributeAssignment__c</outputObjectName>
        <requiredForUpsert>false</requiredForUpsert>
        <upsertKey>false</upsertKey>
    </omniDataTransformItem>
    <omniDataTransformItem>
        <disabled>true</disabled>
        <filterGroup>0.0</filterGroup>
        <globalKey>VPL-PostProfileInterestAttrAssignmentCustoma1V3h000000mB1JEAUItem10</globalKey>
        <inputFieldName>UpdatedAccountPref:AccountName</inputFieldName>
        <inputObjectQuerySequence>0.0</inputObjectQuerySequence>
        <linkedObjectSequence>0.0</linkedObjectSequence>
        <name>VPL-PostProfileInterestAttrAssignment</name>
        <outputCreationSequence>2.0</outputCreationSequence>
        <outputFieldName>Name</outputFieldName>
        <outputObjectName>vlocity_cmt__AttributeAssignment__c</outputObjectName>
        <requiredForUpsert>false</requiredForUpsert>
        <upsertKey>false</upsertKey>
    </omniDataTransformItem>
    <omniDataTransformItem>
        <disabled>false</disabled>
        <filterGroup>0.0</filterGroup>
        <globalKey>VPL-PostProfileInterestAttrAssignmentCustoma1V3h000000mB1JEAUItem12</globalKey>
        <inputFieldName>AttrValue</inputFieldName>
        <inputObjectQuerySequence>0.0</inputObjectQuerySequence>
        <linkedObjectSequence>0.0</linkedObjectSequence>
        <name>VPL-PostProfileInterestAttrAssignment</name>
        <outputCreationSequence>2.0</outputCreationSequence>
        <outputFieldName>vlocity_cmt__Value__c</outputFieldName>
        <outputObjectName>vlocity_cmt__AttributeAssignment__c</outputObjectName>
        <requiredForUpsert>false</requiredForUpsert>
        <upsertKey>false</upsertKey>
    </omniDataTransformItem>
    <omniDataTransformItem>
        <disabled>true</disabled>
        <filterGroup>0.0</filterGroup>
        <globalKey>VPL-PostProfileInterestAttrAssignmentCustoma1V3h000000mB1JEAUItem11</globalKey>
        <inputFieldName>UpdatedAccountPref:AttrAssignId</inputFieldName>
        <inputObjectQuerySequence>0.0</inputObjectQuerySequence>
        <linkedObjectSequence>0.0</linkedObjectSequence>
        <name>VPL-PostProfileInterestAttrAssignment</name>
        <outputCreationSequence>2.0</outputCreationSequence>
        <outputFieldName>Id</outputFieldName>
        <outputObjectName>vlocity_cmt__AttributeAssignment__c</outputObjectName>
        <requiredForUpsert>false</requiredForUpsert>
        <upsertKey>false</upsertKey>
    </omniDataTransformItem>
    <outputType>SObject</outputType>
    <previewJsonData>{
  &quot;AttrValue&quot; : &quot;helloT&quot;,
  &quot;CategoryId&quot; : &quot;a0O3h000000iF3FEAU&quot;,
  &quot;objectId&quot; : &quot;0013h00000Bue2WAAR&quot;
}</previewJsonData>
    <processSuperBulk>false</processSuperBulk>
    <responseCacheTtlMinutes>0.0</responseCacheTtlMinutes>
    <rollbackOnError>false</rollbackOnError>
    <sourceObject>json</sourceObject>
    <sourceObjectDefault>false</sourceObjectDefault>
    <synchronousProcessThreshold>-1.0</synchronousProcessThreshold>
    <type>Load</type>
    <uniqueName>VPLPostProfileInterestAttrAssignment_1</uniqueName>
    <versionNumber>1.0</versionNumber>
    <xmlDeclarationRemoved>false</xmlDeclarationRemoved>
</OmniDataTransform>
