<?xml version="1.0" encoding="UTF-8"?>
<OmniDataTransform xmlns="http://soap.sforce.com/2006/04/metadata">
    <active>false</active>
    <assignmentRulesUsed>false</assignmentRulesUsed>
    <deletedOnSuccess>false</deletedOnSuccess>
    <errorIgnored>false</errorIgnored>
    <expectedInputJson>{
  &quot;ContextId&quot; : null,
  &quot;ManageNotificationPreferences&quot; : {
    &quot;BillNotifications&quot; : null,
    &quot;DNCFrom&quot; : null,
    &quot;DNCTo&quot; : null,
    &quot;OffersPromotions&quot; : null,
    &quot;OutageNotifications&quot; : null,
    &quot;PaymentRemindersNotifications&quot; : null,
    &quot;WorkOrderNotifications&quot; : null
  },
  &quot;timeStamp&quot; : null,
  &quot;userId&quot; : null,
  &quot;userName&quot; : null,
  &quot;userProfile&quot; : null,
  &quot;userTimeZone&quot; : null,
  &quot;vlcPersistentComponent&quot; : { },
  &quot;vlcTimeTracking&quot; : {
    &quot;ManageNotificationPreferences&quot; : null,
    &quot;PostAccountAttrAssignment&quot; : null
  }
}</expectedInputJson>
    <fieldLevelSecurityEnabled>false</fieldLevelSecurityEnabled>
    <inputType>JSON</inputType>
    <name>VPLPostAccountPreferencesAttrAssignment</name>
    <nullInputsIncludedInOutput>false</nullInputsIncludedInOutput>
    <omniDataTransformItem>
        <disabled>false</disabled>
        <filterGroup>0.0</filterGroup>
        <globalKey>VPL-PostAccountPreferencesAttrAssignment5317837673573469</globalKey>
        <inputFieldName>UpdatedAccountPref:AccountName</inputFieldName>
        <inputObjectQuerySequence>0.0</inputObjectQuerySequence>
        <linkedObjectSequence>0.0</linkedObjectSequence>
        <name>VPL-PostAccountPreferencesAttrAssignment</name>
        <outputCreationSequence>2.0</outputCreationSequence>
        <outputFieldName>Name</outputFieldName>
        <outputObjectName>vlocity_cmt__AttributeAssignment__c</outputObjectName>
        <requiredForUpsert>false</requiredForUpsert>
        <upsertKey>false</upsertKey>
    </omniDataTransformItem>
    <omniDataTransformItem>
        <disabled>false</disabled>
        <filterGroup>0.0</filterGroup>
        <globalKey>VPL-PostAccountPreferencesAttrAssignment2867849402293363</globalKey>
        <inputFieldName>UpdatedAccountPref:AttrAssignId</inputFieldName>
        <inputObjectQuerySequence>0.0</inputObjectQuerySequence>
        <linkedObjectSequence>0.0</linkedObjectSequence>
        <name>VPL-PostAccountPreferencesAttrAssignment</name>
        <outputCreationSequence>2.0</outputCreationSequence>
        <outputFieldName>Id</outputFieldName>
        <outputObjectName>vlocity_cmt__AttributeAssignment__c</outputObjectName>
        <requiredForUpsert>false</requiredForUpsert>
        <upsertKey>false</upsertKey>
    </omniDataTransformItem>
    <omniDataTransformItem>
        <disabled>true</disabled>
        <filterGroup>0.0</filterGroup>
        <filterOperator>=</filterOperator>
        <globalKey>VPL-PostAccountPreferencesAttrAssignment614223195822658</globalKey>
        <inputObjectQuerySequence>0.0</inputObjectQuerySequence>
        <linkedObjectSequence>0.0</linkedObjectSequence>
        <migrationValue>FAKEMAPPING</migrationValue>
        <name>VPL-PostAccountPreferencesAttrAssignment</name>
        <outputCreationSequence>2.0</outputCreationSequence>
        <outputFieldName>Id</outputFieldName>
        <outputObjectName>vlocity_cmt__AttributeAssignment__c</outputObjectName>
        <requiredForUpsert>false</requiredForUpsert>
        <upsertKey>false</upsertKey>
    </omniDataTransformItem>
    <omniDataTransformItem>
        <defaultValue>Account</defaultValue>
        <disabled>false</disabled>
        <filterGroup>0.0</filterGroup>
        <globalKey>VPL-PostAccountPreferencesAttrAssignment059138300501492935</globalKey>
        <inputObjectQuerySequence>0.0</inputObjectQuerySequence>
        <linkedObjectSequence>0.0</linkedObjectSequence>
        <name>VPL-PostAccountPreferencesAttrAssignment</name>
        <outputCreationSequence>2.0</outputCreationSequence>
        <outputFieldName>vlocity_cmt__ObjectType__c</outputFieldName>
        <outputObjectName>vlocity_cmt__AttributeAssignment__c</outputObjectName>
        <requiredForUpsert>false</requiredForUpsert>
        <upsertKey>false</upsertKey>
    </omniDataTransformItem>
    <omniDataTransformItem>
        <disabled>false</disabled>
        <filterGroup>0.0</filterGroup>
        <globalKey>VPL-PostAccountPreferencesAttrAssignment3853265810410291</globalKey>
        <inputFieldName>UpdatedAccountPref:AttrValue</inputFieldName>
        <inputObjectQuerySequence>0.0</inputObjectQuerySequence>
        <linkedObjectSequence>0.0</linkedObjectSequence>
        <name>VPL-PostAccountPreferencesAttrAssignment</name>
        <outputCreationSequence>2.0</outputCreationSequence>
        <outputFieldName>vlocity_cmt__Value__c</outputFieldName>
        <outputObjectName>vlocity_cmt__AttributeAssignment__c</outputObjectName>
        <requiredForUpsert>false</requiredForUpsert>
        <upsertKey>false</upsertKey>
    </omniDataTransformItem>
    <omniDataTransformItem>
        <disabled>false</disabled>
        <filterGroup>0.0</filterGroup>
        <filterOperator>=</filterOperator>
        <globalKey>VPL-PostAccountPreferencesAttrAssignment6577722106549138</globalKey>
        <inputObjectQuerySequence>0.0</inputObjectQuerySequence>
        <linkedFieldName>Id</linkedFieldName>
        <linkedObjectSequence>1.0</linkedObjectSequence>
        <migrationValue>FAKEMAPPING</migrationValue>
        <name>VPL-PostAccountPreferencesAttrAssignment</name>
        <outputCreationSequence>2.0</outputCreationSequence>
        <outputFieldName>vlocity_cmt__AttributeId__c</outputFieldName>
        <outputObjectName>vlocity_cmt__AttributeAssignment__c</outputObjectName>
        <requiredForUpsert>false</requiredForUpsert>
        <upsertKey>false</upsertKey>
    </omniDataTransformItem>
    <omniDataTransformItem>
        <disabled>false</disabled>
        <filterGroup>0.0</filterGroup>
        <globalKey>VPL-PostAccountPreferencesAttrAssignment6910821309627682</globalKey>
        <inputFieldName>UpdatedAccountPref:AccountId</inputFieldName>
        <inputObjectQuerySequence>0.0</inputObjectQuerySequence>
        <linkedObjectSequence>0.0</linkedObjectSequence>
        <name>VPL-PostAccountPreferencesAttrAssignment</name>
        <outputCreationSequence>2.0</outputCreationSequence>
        <outputFieldName>vlocity_cmt__ObjectId__c</outputFieldName>
        <outputObjectName>vlocity_cmt__AttributeAssignment__c</outputObjectName>
        <requiredForUpsert>false</requiredForUpsert>
        <upsertKey>false</upsertKey>
    </omniDataTransformItem>
    <omniDataTransformItem>
        <defaultValue>false</defaultValue>
        <disabled>true</disabled>
        <filterGroup>0.0</filterGroup>
        <globalKey>VPL-PostAccountPreferencesAttrAssignment5910974088828695</globalKey>
        <inputFieldName>UpdatedAccountPref:IsDeleted</inputFieldName>
        <inputObjectQuerySequence>0.0</inputObjectQuerySequence>
        <linkedObjectSequence>0.0</linkedObjectSequence>
        <name>VPL-PostAccountPreferencesAttrAssignment</name>
        <outputCreationSequence>1.0</outputCreationSequence>
        <outputFieldName>IsDeleted</outputFieldName>
        <outputObjectName>vlocity_cmt__Attribute__c</outputObjectName>
        <requiredForUpsert>false</requiredForUpsert>
        <upsertKey>false</upsertKey>
    </omniDataTransformItem>
    <omniDataTransformItem>
        <disabled>false</disabled>
        <filterGroup>0.0</filterGroup>
        <globalKey>VPL-PostAccountPreferencesAttrAssignment45139953784952747</globalKey>
        <inputFieldName>UpdatedAccountPref:AttrValue</inputFieldName>
        <inputObjectQuerySequence>0.0</inputObjectQuerySequence>
        <linkedObjectSequence>0.0</linkedObjectSequence>
        <name>VPL-PostAccountPreferencesAttrAssignment</name>
        <outputCreationSequence>1.0</outputCreationSequence>
        <outputFieldName>Name</outputFieldName>
        <outputObjectName>vlocity_cmt__Attribute__c</outputObjectName>
        <requiredForUpsert>false</requiredForUpsert>
        <upsertKey>false</upsertKey>
    </omniDataTransformItem>
    <omniDataTransformItem>
        <disabled>false</disabled>
        <filterGroup>0.0</filterGroup>
        <globalKey>VPL-PostAccountPreferencesAttrAssignment8698838071583805</globalKey>
        <inputFieldName>UpdatedAccountPref:AttributeId</inputFieldName>
        <inputObjectQuerySequence>0.0</inputObjectQuerySequence>
        <linkedObjectSequence>0.0</linkedObjectSequence>
        <name>VPL-PostAccountPreferencesAttrAssignment</name>
        <outputCreationSequence>1.0</outputCreationSequence>
        <outputFieldName>Id</outputFieldName>
        <outputObjectName>vlocity_cmt__Attribute__c</outputObjectName>
        <requiredForUpsert>false</requiredForUpsert>
        <upsertKey>false</upsertKey>
    </omniDataTransformItem>
    <omniDataTransformItem>
        <disabled>true</disabled>
        <filterGroup>0.0</filterGroup>
        <filterOperator>=</filterOperator>
        <globalKey>VPL-PostAccountPreferencesAttrAssignment961815195805636</globalKey>
        <inputObjectQuerySequence>0.0</inputObjectQuerySequence>
        <linkedObjectSequence>0.0</linkedObjectSequence>
        <migrationValue>FAKEMAPPING</migrationValue>
        <name>VPL-PostAccountPreferencesAttrAssignment</name>
        <outputCreationSequence>1.0</outputCreationSequence>
        <outputFieldName>Id</outputFieldName>
        <outputObjectName>vlocity_cmt__Attribute__c</outputObjectName>
        <requiredForUpsert>false</requiredForUpsert>
        <upsertKey>false</upsertKey>
    </omniDataTransformItem>
    <omniDataTransformItem>
        <defaultValue>true</defaultValue>
        <disabled>false</disabled>
        <filterGroup>0.0</filterGroup>
        <globalKey>VPL-PostAccountPreferencesAttrAssignment41798637526217997</globalKey>
        <inputObjectQuerySequence>0.0</inputObjectQuerySequence>
        <linkedObjectSequence>0.0</linkedObjectSequence>
        <name>VPL-PostAccountPreferencesAttrAssignment</name>
        <outputCreationSequence>1.0</outputCreationSequence>
        <outputFieldName>vlocity_cmt__ActiveFlg__c</outputFieldName>
        <outputObjectName>vlocity_cmt__Attribute__c</outputObjectName>
        <requiredForUpsert>false</requiredForUpsert>
        <upsertKey>false</upsertKey>
    </omniDataTransformItem>
    <omniDataTransformItem>
        <disabled>false</disabled>
        <filterGroup>0.0</filterGroup>
        <globalKey>VPL-PostAccountPreferencesAttrAssignment5905730994741558</globalKey>
        <inputFieldName>UpdatedAccountPref:CategoryId</inputFieldName>
        <inputObjectQuerySequence>0.0</inputObjectQuerySequence>
        <linkedObjectSequence>0.0</linkedObjectSequence>
        <name>VPL-PostAccountPreferencesAttrAssignment</name>
        <outputCreationSequence>1.0</outputCreationSequence>
        <outputFieldName>vlocity_cmt__AttributeCategoryId__c</outputFieldName>
        <outputObjectName>vlocity_cmt__Attribute__c</outputObjectName>
        <requiredForUpsert>false</requiredForUpsert>
        <upsertKey>false</upsertKey>
    </omniDataTransformItem>
    <omniDataTransformItem>
        <disabled>false</disabled>
        <filterGroup>0.0</filterGroup>
        <globalKey>VPL-PostAccountPreferencesAttrAssignment6181770216475342</globalKey>
        <inputFieldName>UpdatedAccountPref:CategoryId</inputFieldName>
        <inputObjectQuerySequence>0.0</inputObjectQuerySequence>
        <linkedObjectSequence>0.0</linkedObjectSequence>
        <name>VPL-PostAccountPreferencesAttrAssignment</name>
        <outputCreationSequence>2.0</outputCreationSequence>
        <outputFieldName>vlocity_cmt__AttributeCategoryId__c</outputFieldName>
        <outputObjectName>vlocity_cmt__AttributeAssignment__c</outputObjectName>
        <requiredForUpsert>false</requiredForUpsert>
        <upsertKey>false</upsertKey>
    </omniDataTransformItem>
    <outputType>SObject</outputType>
    <previewJsonData>{
  &quot;AccountNotificationPreference&quot; : {
    &quot;AccountId&quot; : &quot;0013h00000C1b8cAAB&quot;,
    &quot;AccountName&quot; : &quot;Glasgow Dealer&quot;,
    &quot;Bill Notification&quot; : null,
    &quot;DNCFrom&quot; : null,
    &quot;DNCTo&quot; : null,
    &quot;DNDTime&quot; : &quot; - &quot;,
    &quot;NotifPreferenceExists&quot; : &quot;false&quot;,
    &quot;Offers and Promotions&quot; : null,
    &quot;Outage Notifications&quot; : null,
    &quot;Payment Reminders and Notifications&quot; : null,
    &quot;TotalNotification&quot; : 0,
    &quot;Work Order Notifications&quot; : null
  },
  &quot;AccountPref&quot; : &quot;&quot;,
  &quot;AttrCategory&quot; : [ {
    &quot;CategoryCode&quot; : &quot;OUTAGE_NOTIFICATIONS&quot;,
    &quot;CategoryId&quot; : &quot;a0O3h000001Mfw4EAC&quot;
  }, {
    &quot;CategoryCode&quot; : &quot;OFFERS_PROMOTIONS&quot;,
    &quot;CategoryId&quot; : &quot;a0O3h000001Mfw5EAC&quot;
  }, {
    &quot;CategoryCode&quot; : &quot;WORKORDER_NOTIFICATIONS&quot;,
    &quot;CategoryId&quot; : &quot;a0O3h000001Mfw6EAC&quot;
  }, {
    &quot;CategoryCode&quot; : &quot;BILL_NOTIFICATIONS&quot;,
    &quot;CategoryId&quot; : &quot;a0O3h000001MfvkEAC&quot;
  }, {
    &quot;CategoryCode&quot; : &quot;PAYMENT_REMINDERS&quot;,
    &quot;CategoryId&quot; : &quot;a0O3h000001MfvlEAC&quot;
  }, {
    &quot;CategoryCode&quot; : &quot;DNC_FROM&quot;,
    &quot;CategoryId&quot; : &quot;a0O3h000001MfvmEAC&quot;
  }, {
    &quot;CategoryCode&quot; : &quot;DNC_TO&quot;,
    &quot;CategoryId&quot; : &quot;a0O3h000001Mg0HEAS&quot;
  } ],
  &quot;Category&quot; : {
    &quot;BillNotifications&quot; : {
      &quot;CategoryCode&quot; : &quot;BILL_NOTIFICATIONS&quot;,
      &quot;CategoryId&quot; : &quot;a0O3h000001MfvkEAC&quot;
    },
    &quot;DNCFrom&quot; : {
      &quot;CategoryCode&quot; : &quot;DNC_FROM&quot;,
      &quot;CategoryId&quot; : &quot;a0O3h000001MfvmEAC&quot;
    },
    &quot;DNCTo&quot; : {
      &quot;CategoryCode&quot; : &quot;DNC_TO&quot;,
      &quot;CategoryId&quot; : &quot;a0O3h000001Mg0HEAS&quot;
    },
    &quot;OffersPromotions&quot; : {
      &quot;CategoryCode&quot; : &quot;OFFERS_PROMOTIONS&quot;,
      &quot;CategoryId&quot; : &quot;a0O3h000001Mfw5EAC&quot;
    },
    &quot;OutageNotifications&quot; : {
      &quot;CategoryCode&quot; : &quot;OUTAGE_NOTIFICATIONS&quot;,
      &quot;CategoryId&quot; : &quot;a0O3h000001Mfw4EAC&quot;
    },
    &quot;PaymentReminders&quot; : {
      &quot;CategoryCode&quot; : &quot;PAYMENT_REMINDERS&quot;,
      &quot;CategoryId&quot; : &quot;a0O3h000001MfvlEAC&quot;
    },
    &quot;WorkorderNotifications&quot; : {
      &quot;CategoryCode&quot; : &quot;WORKORDER_NOTIFICATIONS&quot;,
      &quot;CategoryId&quot; : &quot;a0O3h000001Mfw6EAC&quot;
    }
  },
  &quot;ContextId&quot; : &quot;0013h00000C1b8cAAB&quot;,
  &quot;LanguageCode&quot; : &quot;en_US&quot;,
  &quot;ManageNotificationPreferences&quot; : {
    &quot;BillNotifications&quot; : &quot;Text&quot;,
    &quot;DNCFrom&quot; : &quot;23&quot;,
    &quot;DNCTo&quot; : &quot;24&quot;,
    &quot;OffersPromotions&quot; : null,
    &quot;OutageNotifications&quot; : null,
    &quot;PaymentRemindersNotifications&quot; : &quot;Text&quot;,
    &quot;WorkOrderNotifications&quot; : null
  },
  &quot;TotalAttrAssignCount&quot; : 0,
  &quot;UpdatedAccountPref&quot; : [ {
    &quot;AttrValue&quot; : &quot;Text&quot;,
    &quot;CategoryCode&quot; : &quot;BILL_NOTIFICATIONS&quot;,
    &quot;CategoryId&quot; : &quot;a0O3h000001MfvkEAC&quot;
  }, {
    &quot;AttrValue&quot; : &quot;Text&quot;,
    &quot;CategoryCode&quot; : &quot;PAYMENT_REMINDERS&quot;,
    &quot;CategoryId&quot; : &quot;a0O3h000001MfvlEAC&quot;
  }, {
    &quot;CategoryCode&quot; : &quot;OUTAGE_NOTIFICATIONS&quot;,
    &quot;CategoryId&quot; : &quot;a0O3h000001Mfw4EAC&quot;
  }, {
    &quot;CategoryCode&quot; : &quot;OFFERS_PROMOTIONS&quot;,
    &quot;CategoryId&quot; : &quot;a0O3h000001Mfw5EAC&quot;
  }, {
    &quot;CategoryCode&quot; : &quot;WORKORDER_NOTIFICATIONS&quot;,
    &quot;CategoryId&quot; : &quot;a0O3h000001Mfw6EAC&quot;
  }, {
    &quot;AttrValue&quot; : &quot;23&quot;,
    &quot;CategoryCode&quot; : &quot;DNC_FROM&quot;,
    &quot;CategoryId&quot; : &quot;a0O3h000001MfvmEAC&quot;
  }, {
    &quot;AttrValue&quot; : &quot;24&quot;,
    &quot;CategoryCode&quot; : &quot;DNC_TO&quot;,
    &quot;CategoryId&quot; : &quot;a0O3h000001Mg0HEAS&quot;
  } ],
  &quot;id&quot; : &quot;a2j3h000000tAKJAA2&quot;,
  &quot;isdtp&quot; : &quot;p1&quot;,
  &quot;layout&quot; : &quot;lightning&quot;,
  &quot;sfdcIFrameHost&quot; : &quot;web&quot;,
  &quot;sfdcIFrameOrigin&quot; : &quot;https://sebanti-tso-energy--vlocity-cmt.visualforce.com&quot;,
  &quot;testContextId&quot; : &quot;0013h00000C1b8cAAB&quot;,
  &quot;timeStamp&quot; : &quot;2020-07-16T13:45:05.444Z&quot;,
  &quot;userCurrencyCode&quot; : &quot;USD&quot;,
  &quot;userId&quot; : &quot;0053h000002WfuuAAC&quot;,
  &quot;userName&quot; : &quot;express_org_sebanti@org.dev&quot;,
  &quot;userProfile&quot; : &quot;System Administrator&quot;,
  &quot;userTimeZone&quot; : -420,
  &quot;vlcPersistentComponent&quot; : { }
}</previewJsonData>
    <processSuperBulk>false</processSuperBulk>
    <responseCacheTtlMinutes>0.0</responseCacheTtlMinutes>
    <rollbackOnError>false</rollbackOnError>
    <sourceObject>json</sourceObject>
    <sourceObjectDefault>false</sourceObjectDefault>
    <synchronousProcessThreshold>-1.0</synchronousProcessThreshold>
    <type>Load</type>
    <uniqueName>VPLPostAccountPreferencesAttrAssignment_1</uniqueName>
    <versionNumber>1.0</versionNumber>
    <xmlDeclarationRemoved>false</xmlDeclarationRemoved>
</OmniDataTransform>
