<?xml version="1.0" encoding="UTF-8"?>
<OmniDataTransform xmlns="http://soap.sforce.com/2006/04/metadata">
    <active>false</active>
    <assignmentRulesUsed>false</assignmentRulesUsed>
    <deletedOnSuccess>false</deletedOnSuccess>
    <errorIgnored>false</errorIgnored>
    <expectedInputJson>{
  &quot;ContextId&quot; : null,
  &quot;ManageNotificationPreferences&quot; : {
    &quot;BillNotifications&quot; : null,
    &quot;DNCFrom&quot; : null,
    &quot;DNCTo&quot; : null,
    &quot;OffersPromotions&quot; : null,
    &quot;OutageNotifications&quot; : null,
    &quot;PaymentRemindersNotifications&quot; : null,
    &quot;WorkOrderNotifications&quot; : null
  },
  &quot;timeStamp&quot; : null,
  &quot;userId&quot; : null,
  &quot;userName&quot; : null,
  &quot;userProfile&quot; : null,
  &quot;userTimeZone&quot; : null,
  &quot;vlcPersistentComponent&quot; : { },
  &quot;vlcTimeTracking&quot; : {
    &quot;DRExtractAccountPreferences&quot; : null,
    &quot;DRExtractAttrCategory&quot; : null,
    &quot;DRTransformAccPrefAttr&quot; : null,
    &quot;DRTransformAttrCategory&quot; : null,
    &quot;DRTransformUpdatedAccountPref&quot; : null,
    &quot;ManageNotificationPreferences&quot; : null,
    &quot;PostAccountAttrAssignment&quot; : null,
    &quot;SVAccNotification&quot; : null
  }
}</expectedInputJson>
    <fieldLevelSecurityEnabled>false</fieldLevelSecurityEnabled>
    <inputType>JSON</inputType>
    <name>VPLTransformAccountAttrCategory</name>
    <nullInputsIncludedInOutput>false</nullInputsIncludedInOutput>
    <omniDataTransformItem>
        <disabled>false</disabled>
        <filterGroup>0.0</filterGroup>
        <globalKey>VPL-TransformAccountAttrCategoryCustom7008</globalKey>
        <inputFieldName>PaymentReminders</inputFieldName>
        <inputObjectQuerySequence>0.0</inputObjectQuerySequence>
        <linkedObjectSequence>0.0</linkedObjectSequence>
        <name>VPL-TransformAccountAttrCategory</name>
        <outputCreationSequence>1.0</outputCreationSequence>
        <outputFieldName>Category:PaymentReminders</outputFieldName>
        <outputObjectName>json</outputObjectName>
        <requiredForUpsert>false</requiredForUpsert>
        <upsertKey>false</upsertKey>
    </omniDataTransformItem>
    <omniDataTransformItem>
        <disabled>false</disabled>
        <filterGroup>0.0</filterGroup>
        <globalKey>VPL-TransformAccountAttrCategoryCustom861</globalKey>
        <inputFieldName>WorkorderNotifications</inputFieldName>
        <inputObjectQuerySequence>0.0</inputObjectQuerySequence>
        <linkedObjectSequence>0.0</linkedObjectSequence>
        <name>VPL-TransformAccountAttrCategory</name>
        <outputCreationSequence>1.0</outputCreationSequence>
        <outputFieldName>Category:WorkorderNotifications</outputFieldName>
        <outputObjectName>json</outputObjectName>
        <requiredForUpsert>false</requiredForUpsert>
        <upsertKey>false</upsertKey>
    </omniDataTransformItem>
    <omniDataTransformItem>
        <disabled>false</disabled>
        <filterGroup>0.0</filterGroup>
        <globalKey>VPL-TransformAccountAttrCategoryCustom9952</globalKey>
        <inputFieldName>OffersPromotions</inputFieldName>
        <inputObjectQuerySequence>0.0</inputObjectQuerySequence>
        <linkedObjectSequence>0.0</linkedObjectSequence>
        <name>VPL-TransformAccountAttrCategory</name>
        <outputCreationSequence>1.0</outputCreationSequence>
        <outputFieldName>Category:OffersPromotions</outputFieldName>
        <outputObjectName>json</outputObjectName>
        <requiredForUpsert>false</requiredForUpsert>
        <upsertKey>false</upsertKey>
    </omniDataTransformItem>
    <omniDataTransformItem>
        <disabled>false</disabled>
        <filterGroup>0.0</filterGroup>
        <globalKey>VPL-TransformAccountAttrCategoryCustom579</globalKey>
        <inputFieldName>OutageNotifications</inputFieldName>
        <inputObjectQuerySequence>0.0</inputObjectQuerySequence>
        <linkedObjectSequence>0.0</linkedObjectSequence>
        <name>VPL-TransformAccountAttrCategory</name>
        <outputCreationSequence>1.0</outputCreationSequence>
        <outputFieldName>Category:OutageNotifications</outputFieldName>
        <outputObjectName>json</outputObjectName>
        <requiredForUpsert>false</requiredForUpsert>
        <upsertKey>false</upsertKey>
    </omniDataTransformItem>
    <omniDataTransformItem>
        <disabled>false</disabled>
        <filterGroup>0.0</filterGroup>
        <globalKey>VPL-TransformAccountAttrCategoryCustom4238</globalKey>
        <inputFieldName>DNCFrom</inputFieldName>
        <inputObjectQuerySequence>0.0</inputObjectQuerySequence>
        <linkedObjectSequence>0.0</linkedObjectSequence>
        <name>VPL-TransformAccountAttrCategory</name>
        <outputCreationSequence>1.0</outputCreationSequence>
        <outputFieldName>Category:DNCFrom</outputFieldName>
        <outputObjectName>json</outputObjectName>
        <requiredForUpsert>false</requiredForUpsert>
        <upsertKey>false</upsertKey>
    </omniDataTransformItem>
    <omniDataTransformItem>
        <disabled>false</disabled>
        <filterGroup>0.0</filterGroup>
        <globalKey>VPL-TransformAccountAttrCategoryCustom9842</globalKey>
        <inputFieldName>DNCTo</inputFieldName>
        <inputObjectQuerySequence>0.0</inputObjectQuerySequence>
        <linkedObjectSequence>0.0</linkedObjectSequence>
        <name>VPL-TransformAccountAttrCategory</name>
        <outputCreationSequence>1.0</outputCreationSequence>
        <outputFieldName>Category:DNCTo</outputFieldName>
        <outputObjectName>json</outputObjectName>
        <requiredForUpsert>false</requiredForUpsert>
        <upsertKey>false</upsertKey>
    </omniDataTransformItem>
    <omniDataTransformItem>
        <disabled>false</disabled>
        <filterGroup>0.0</filterGroup>
        <formulaConverted>| | var:AttrCategory LIST &apos;CategoryCode/\/\/==/\/\/&quot;OFFERS_PROMOTIONS&quot;&apos; FILTER</formulaConverted>
        <formulaExpression>FILTER(LIST(AttrCategory), &apos;CategoryCode == &quot;OFFERS_PROMOTIONS&quot;&apos;)</formulaExpression>
        <formulaResultPath>OffersPromotions</formulaResultPath>
        <formulaSequence>2.0</formulaSequence>
        <globalKey>VPL-TransformAccountAttrCategoryCustom24</globalKey>
        <inputObjectQuerySequence>0.0</inputObjectQuerySequence>
        <linkedObjectSequence>0.0</linkedObjectSequence>
        <name>VPL-TransformAccountAttrCategory</name>
        <outputCreationSequence>0.0</outputCreationSequence>
        <outputFieldName>Formula</outputFieldName>
        <outputObjectName>Formula</outputObjectName>
        <requiredForUpsert>false</requiredForUpsert>
        <upsertKey>false</upsertKey>
    </omniDataTransformItem>
    <omniDataTransformItem>
        <disabled>false</disabled>
        <filterGroup>0.0</filterGroup>
        <formulaConverted>| | var:AttrCategory LIST &apos;CategoryCode/\/\/==/\/\/&quot;OUTAGE_NOTIFICATIONS&quot;&apos; FILTER</formulaConverted>
        <formulaExpression>FILTER(LIST(AttrCategory), &apos;CategoryCode == &quot;OUTAGE_NOTIFICATIONS&quot;&apos;)</formulaExpression>
        <formulaResultPath>OutageNotifications</formulaResultPath>
        <formulaSequence>1.0</formulaSequence>
        <globalKey>VPL-TransformAccountAttrCategoryCustom7405</globalKey>
        <inputObjectQuerySequence>0.0</inputObjectQuerySequence>
        <linkedObjectSequence>0.0</linkedObjectSequence>
        <name>VPL-TransformAccountAttrCategory</name>
        <outputCreationSequence>0.0</outputCreationSequence>
        <outputFieldName>Formula</outputFieldName>
        <outputObjectName>Formula</outputObjectName>
        <requiredForUpsert>false</requiredForUpsert>
        <upsertKey>false</upsertKey>
    </omniDataTransformItem>
    <omniDataTransformItem>
        <disabled>false</disabled>
        <filterGroup>0.0</filterGroup>
        <formulaConverted>| | var:AttrCategory LIST &apos;CategoryCode/\/\/==/\/\/&quot;DNC_FROM&quot;&apos; FILTER</formulaConverted>
        <formulaExpression>FILTER(LIST(AttrCategory), &apos;CategoryCode == &quot;DNC_FROM&quot;&apos;)</formulaExpression>
        <formulaResultPath>DNCFrom</formulaResultPath>
        <formulaSequence>6.0</formulaSequence>
        <globalKey>VPL-TransformAccountAttrCategoryCustom4619</globalKey>
        <inputObjectQuerySequence>0.0</inputObjectQuerySequence>
        <linkedObjectSequence>0.0</linkedObjectSequence>
        <name>VPL-TransformAccountAttrCategory</name>
        <outputCreationSequence>0.0</outputCreationSequence>
        <outputFieldName>Formula</outputFieldName>
        <outputObjectName>Formula</outputObjectName>
        <requiredForUpsert>false</requiredForUpsert>
        <upsertKey>false</upsertKey>
    </omniDataTransformItem>
    <omniDataTransformItem>
        <disabled>false</disabled>
        <filterGroup>0.0</filterGroup>
        <formulaConverted>| | var:AttrCategory LIST &apos;CategoryCode/\/\/==/\/\/&quot;DNC_TO&quot;&apos; FILTER</formulaConverted>
        <formulaExpression>FILTER(LIST(AttrCategory), &apos;CategoryCode == &quot;DNC_TO&quot;&apos;)</formulaExpression>
        <formulaResultPath>DNCTo</formulaResultPath>
        <formulaSequence>7.0</formulaSequence>
        <globalKey>VPL-TransformAccountAttrCategoryCustom3428</globalKey>
        <inputObjectQuerySequence>0.0</inputObjectQuerySequence>
        <linkedObjectSequence>0.0</linkedObjectSequence>
        <name>VPL-TransformAccountAttrCategory</name>
        <outputCreationSequence>0.0</outputCreationSequence>
        <outputFieldName>Formula</outputFieldName>
        <outputObjectName>Formula</outputObjectName>
        <requiredForUpsert>false</requiredForUpsert>
        <upsertKey>false</upsertKey>
    </omniDataTransformItem>
    <omniDataTransformItem>
        <disabled>false</disabled>
        <filterGroup>0.0</filterGroup>
        <formulaConverted>| | var:AttrCategory LIST &apos;CategoryCode/\/\/==/\/\/&quot;BILL_NOTIFICATIONS&quot;&apos; FILTER</formulaConverted>
        <formulaExpression>FILTER(LIST(AttrCategory), &apos;CategoryCode == &quot;BILL_NOTIFICATIONS&quot;&apos;)</formulaExpression>
        <formulaResultPath>BillNotifications</formulaResultPath>
        <formulaSequence>4.0</formulaSequence>
        <globalKey>VPL-TransformAccountAttrCategoryCustom3771</globalKey>
        <inputObjectQuerySequence>0.0</inputObjectQuerySequence>
        <linkedObjectSequence>0.0</linkedObjectSequence>
        <name>VPL-TransformAccountAttrCategory</name>
        <outputCreationSequence>0.0</outputCreationSequence>
        <outputFieldName>Formula</outputFieldName>
        <outputObjectName>Formula</outputObjectName>
        <requiredForUpsert>false</requiredForUpsert>
        <upsertKey>false</upsertKey>
    </omniDataTransformItem>
    <omniDataTransformItem>
        <disabled>false</disabled>
        <filterGroup>0.0</filterGroup>
        <globalKey>VPL-TransformAccountAttrCategoryCustom689</globalKey>
        <inputFieldName>BillNotifications</inputFieldName>
        <inputObjectQuerySequence>0.0</inputObjectQuerySequence>
        <linkedObjectSequence>0.0</linkedObjectSequence>
        <name>VPL-TransformAccountAttrCategory</name>
        <outputCreationSequence>1.0</outputCreationSequence>
        <outputFieldName>Category:BillNotifications</outputFieldName>
        <outputObjectName>json</outputObjectName>
        <requiredForUpsert>false</requiredForUpsert>
        <upsertKey>false</upsertKey>
    </omniDataTransformItem>
    <omniDataTransformItem>
        <disabled>false</disabled>
        <filterGroup>0.0</filterGroup>
        <formulaConverted>| | var:AttrCategory LIST &apos;CategoryCode/\/\/==/\/\/&quot;PAYMENT_REMINDERS&quot;&apos; FILTER</formulaConverted>
        <formulaExpression>FILTER(LIST(AttrCategory), &apos;CategoryCode == &quot;PAYMENT_REMINDERS&quot;&apos;)</formulaExpression>
        <formulaResultPath>PaymentReminders</formulaResultPath>
        <formulaSequence>5.0</formulaSequence>
        <globalKey>VPL-TransformAccountAttrCategoryCustom1777</globalKey>
        <inputObjectQuerySequence>0.0</inputObjectQuerySequence>
        <linkedObjectSequence>0.0</linkedObjectSequence>
        <name>VPL-TransformAccountAttrCategory</name>
        <outputCreationSequence>0.0</outputCreationSequence>
        <outputFieldName>Formula</outputFieldName>
        <outputObjectName>Formula</outputObjectName>
        <requiredForUpsert>false</requiredForUpsert>
        <upsertKey>false</upsertKey>
    </omniDataTransformItem>
    <omniDataTransformItem>
        <disabled>false</disabled>
        <filterGroup>0.0</filterGroup>
        <formulaConverted>| | var:AttrCategory LIST &apos;CategoryCode/\/\/==/\/\/&quot;WORKORDER_NOTIFICATIONS&quot;&apos; FILTER</formulaConverted>
        <formulaExpression>FILTER(LIST(AttrCategory), &apos;CategoryCode == &quot;WORKORDER_NOTIFICATIONS&quot;&apos;)</formulaExpression>
        <formulaResultPath>WorkorderNotifications</formulaResultPath>
        <formulaSequence>3.0</formulaSequence>
        <globalKey>VPL-TransformAccountAttrCategoryCustom380</globalKey>
        <inputObjectQuerySequence>0.0</inputObjectQuerySequence>
        <linkedObjectSequence>0.0</linkedObjectSequence>
        <name>VPL-TransformAccountAttrCategory</name>
        <outputCreationSequence>0.0</outputCreationSequence>
        <outputFieldName>Formula</outputFieldName>
        <outputObjectName>Formula</outputObjectName>
        <requiredForUpsert>false</requiredForUpsert>
        <upsertKey>false</upsertKey>
    </omniDataTransformItem>
    <outputType>JSON</outputType>
    <previewJsonData>{
  &quot;AttrCategory&quot; : [ {
    &quot;CategoryCode&quot; : &quot;OUTAGE_NOTIFICATIONS&quot;,
    &quot;CategoryId&quot; : &quot;a0O3h000001Mfw4EAC&quot;
  }, {
    &quot;CategoryCode&quot; : &quot;OFFERS_PROMOTIONS&quot;,
    &quot;CategoryId&quot; : &quot;a0O3h000001Mfw5EAC&quot;
  }, {
    &quot;CategoryCode&quot; : &quot;WORKORDER_NOTIFICATIONS&quot;,
    &quot;CategoryId&quot; : &quot;a0O3h000001Mfw6EAC&quot;
  }, {
    &quot;CategoryCode&quot; : &quot;BILL_NOTIFICATIONS&quot;,
    &quot;CategoryId&quot; : &quot;a0O3h000001MfvkEAC&quot;
  }, {
    &quot;CategoryCode&quot; : &quot;PAYMENT_REMINDERS&quot;,
    &quot;CategoryId&quot; : &quot;a0O3h000001MfvlEAC&quot;
  }, {
    &quot;CategoryCode&quot; : &quot;DNC_FROM&quot;,
    &quot;CategoryId&quot; : &quot;a0O3h000001MfvmEAC&quot;
  }, {
    &quot;CategoryCode&quot; : &quot;DNC_TO&quot;,
    &quot;CategoryId&quot; : &quot;a0O3h000001Mg0HEAS&quot;
  } ]
}</previewJsonData>
    <processSuperBulk>false</processSuperBulk>
    <responseCacheTtlMinutes>0.0</responseCacheTtlMinutes>
    <rollbackOnError>false</rollbackOnError>
    <sourceObject>json</sourceObject>
    <sourceObjectDefault>false</sourceObjectDefault>
    <synchronousProcessThreshold>-1.0</synchronousProcessThreshold>
    <type>Transform</type>
    <uniqueName>VPLTransformAccountAttrCategory_1</uniqueName>
    <versionNumber>1.0</versionNumber>
    <xmlDeclarationRemoved>false</xmlDeclarationRemoved>
</OmniDataTransform>
