<?xml version="1.0" encoding="UTF-8"?>
<OmniDataTransform xmlns="http://soap.sforce.com/2006/04/metadata">
    <active>false</active>
    <assignmentRulesUsed>false</assignmentRulesUsed>
    <deletedOnSuccess>false</deletedOnSuccess>
    <description>DataRaptor to transform Purchase Criteria values</description>
    <errorIgnored>false</errorIgnored>
    <expectedInputJson>{
  &quot;DRGetOpportunityList&quot; : {
    &quot;OpportunityList&quot; : [ {
      &quot;OpportunityAmount&quot; : &quot;$343,434.00&quot;,
      &quot;OpportunityCloseDate&quot; : &quot;06/26/20&quot;,
      &quot;OpportunityId&quot; : &quot;0063h000007d591AAA&quot;,
      &quot;OpportunityName&quot; : &quot;NotherRegion Opportunity 1&quot;,
      &quot;OpportunityStatus&quot; : &quot;Prospecting&quot;,
      &quot;Probability&quot; : &quot;10&quot;
    }, {
      &quot;OpportunityAmount&quot; : &quot;$232,323.00&quot;,
      &quot;OpportunityCloseDate&quot; : &quot;06/19/20&quot;,
      &quot;OpportunityId&quot; : &quot;0063h000007czM4AAI&quot;,
      &quot;OpportunityName&quot; : &quot;Northern Region Opportunities&quot;,
      &quot;OpportunityStatus&quot; : &quot;Prospecting&quot;,
      &quot;Probability&quot; : &quot;90&quot;
    } ]
  },
  &quot;DRGetOpportunityListStatus&quot; : true,
  &quot;DRTransformOpportunityList&quot; : {
    &quot;OpportunityList&quot; : [ {
      &quot;OpportunityAmount&quot; : &quot;$343,434.00&quot;,
      &quot;OpportunityCloseDate&quot; : &quot;06/26/20&quot;,
      &quot;OpportunityId&quot; : &quot;0063h000007d591AAA&quot;,
      &quot;OpportunityName&quot; : &quot;NotherRegion Opportunity 1&quot;,
      &quot;OpportunityStatus&quot; : &quot;Prospecting&quot;,
      &quot;Probability&quot; : &quot;10&quot;
    }, {
      &quot;OpportunityAmount&quot; : &quot;$232,323.00&quot;,
      &quot;OpportunityCloseDate&quot; : &quot;06/19/20&quot;,
      &quot;OpportunityId&quot; : &quot;0063h000007czM4AAI&quot;,
      &quot;OpportunityName&quot; : &quot;Northern Region Opportunities&quot;,
      &quot;OpportunityStatus&quot; : &quot;Prospecting&quot;,
      &quot;Probability&quot; : &quot;90&quot;
    } ]
  },
  &quot;DRTransformOpportunityListStatus&quot; : true,
  &quot;Id&quot; : &quot;a1S3h000000PsfPEAS&quot;,
  &quot;OpportunityQuoteList&quot; : [ {
    &quot;DRGetQuoteListStatus&quot; : true,
    &quot;DataRaptorTransformAction2Status&quot; : true,
    &quot;LoopBlockIterationIndex&quot; : 1,
    &quot;LoopBlockIterationStatus&quot; : true,
    &quot;OpportunityAmount&quot; : &quot;$343,434.00&quot;,
    &quot;OpportunityCloseDate&quot; : &quot;06/26/20&quot;,
    &quot;OpportunityId&quot; : &quot;0063h000007d591AAA&quot;,
    &quot;OpportunityName&quot; : &quot;NotherRegion Opportunity 1&quot;,
    &quot;OpportunityProbability&quot; : &quot;10&quot;,
    &quot;OpportunityStatus&quot; : &quot;Prospecting&quot;,
    &quot;ProbabilityPercent&quot; : {
      &quot;probabilitypercent&quot; : &quot;10%&quot;
    },
    &quot;QuoteList&quot; : {
      &quot;ContractedMonthsColumn&quot; : &quot;Terms&quot;,
      &quot;QuoteMarginTotalColumn&quot; : &quot;Margin&quot;,
      &quot;QuoteTotalColumn&quot; : &quot;Quote Total&quot;
    },
    &quot;SetValues2Status&quot; : true
  }, {
    &quot;DRGetQuoteListStatus&quot; : true,
    &quot;DataRaptorTransformAction2Status&quot; : true,
    &quot;LoopBlockIterationIndex&quot; : 2,
    &quot;LoopBlockIterationStatus&quot; : true,
    &quot;OpportunityAmount&quot; : &quot;$232,323.00&quot;,
    &quot;OpportunityCloseDate&quot; : &quot;06/19/20&quot;,
    &quot;OpportunityId&quot; : &quot;0063h000007czM4AAI&quot;,
    &quot;OpportunityName&quot; : &quot;Northern Region Opportunities&quot;,
    &quot;OpportunityProbability&quot; : &quot;90&quot;,
    &quot;OpportunityStatus&quot; : &quot;Prospecting&quot;,
    &quot;ProbabilityPercent&quot; : {
      &quot;probabilitypercent&quot; : &quot;90%&quot;
    },
    &quot;QuoteList&quot; : [ {
      &quot;ContractedMonths&quot; : 23,
      &quot;ContractedMonthsColumn&quot; : &quot;Terms&quot;,
      &quot;QuoteId&quot; : &quot;0Q03h000000kiYyCAI&quot;,
      &quot;QuoteMarginTotal&quot; : &quot;23.00&quot;,
      &quot;QuoteMarginTotalColumn&quot; : &quot;Margin&quot;,
      &quot;QuoteName&quot; : &quot;Northern Region quote1&quot;,
      &quot;QuoteTotal&quot; : &quot;$0.00&quot;,
      &quot;QuoteTotalColumn&quot; : &quot;Quote Total&quot;
    }, {
      &quot;ContractedMonths&quot; : 9,
      &quot;ContractedMonthsColumn&quot; : &quot;Terms&quot;,
      &quot;QuoteId&quot; : &quot;0Q03h000000keEgCAI&quot;,
      &quot;QuoteMarginTotal&quot; : &quot;54.00&quot;,
      &quot;QuoteMarginTotalColumn&quot; : &quot;Margin&quot;,
      &quot;QuoteName&quot; : &quot;Nothern Region Quote&quot;,
      &quot;QuoteTotal&quot; : &quot;$23.00&quot;,
      &quot;QuoteTotalColumn&quot; : &quot;Quote Total&quot;
    } ],
    &quot;SetValues2Status&quot; : true
  } ],
  &quot;OpportunityQuoteListStatus&quot; : true,
  &quot;ResponseStatus&quot; : true,
  &quot;columnsData&quot; : {
    &quot;columns&quot; : [ {
      &quot;fieldName&quot; : &quot;OpportunityId&quot;,
      &quot;label&quot; : &quot;Opportunity Id&quot;,
      &quot;searchable&quot; : true,
      &quot;sortable&quot; : true,
      &quot;visible&quot; : false
    }, {
      &quot;fieldName&quot; : &quot;OpportunityName&quot;,
      &quot;label&quot; : &quot;NAME&quot;,
      &quot;searchable&quot; : true,
      &quot;sortable&quot; : true,
      &quot;userSelectable&quot; : true
    }, {
      &quot;fieldName&quot; : &quot;OpportunityStatus&quot;,
      &quot;label&quot; : &quot;STATUS&quot;,
      &quot;searchable&quot; : true,
      &quot;sortable&quot; : true,
      &quot;userSelectable&quot; : true
    }, {
      &quot;fieldName&quot; : &quot;OpportunityProbability&quot;,
      &quot;label&quot; : &quot;LIKELIHOOD&quot;,
      &quot;searchable&quot; : true,
      &quot;sortable&quot; : true,
      &quot;userSelectable&quot; : true
    }, {
      &quot;fieldName&quot; : &quot;OpportunityCloseDate&quot;,
      &quot;label&quot; : &quot;CLOSE DATE&quot;,
      &quot;searchable&quot; : true,
      &quot;sortable&quot; : true,
      &quot;userSelectable&quot; : true
    }, {
      &quot;fieldName&quot; : &quot;OpportunityAmount&quot;,
      &quot;label&quot; : &quot;SIZE&quot;,
      &quot;searchable&quot; : true,
      &quot;sortable&quot; : true,
      &quot;userSelectable&quot; : true
    } ]
  },
  &quot;columnsDataStatus&quot; : true,
  &quot;options&quot; : {
    &quot;chainable&quot; : false,
    &quot;ignoreCache&quot; : true,
    &quot;queueableChainable&quot; : false,
    &quot;resetCache&quot; : false
  },
  &quot;response&quot; : {
    &quot;OpportunityList&quot; : [ {
      &quot;DRGetQuoteListStatus&quot; : true,
      &quot;DataRaptorTransformAction2Status&quot; : true,
      &quot;LoopBlockIterationIndex&quot; : 1,
      &quot;LoopBlockIterationStatus&quot; : true,
      &quot;OpportunityAmount&quot; : &quot;$343,434.00&quot;,
      &quot;OpportunityCloseDate&quot; : &quot;06/26/20&quot;,
      &quot;OpportunityId&quot; : &quot;0063h000007d591AAA&quot;,
      &quot;OpportunityName&quot; : &quot;NotherRegion Opportunity 1&quot;,
      &quot;OpportunityProbability&quot; : &quot;10&quot;,
      &quot;OpportunityStatus&quot; : &quot;Prospecting&quot;,
      &quot;ProbabilityPercent&quot; : {
        &quot;probabilitypercent&quot; : &quot;10%&quot;
      },
      &quot;QuoteList&quot; : {
        &quot;ContractedMonthsColumn&quot; : &quot;Terms&quot;,
        &quot;QuoteMarginTotalColumn&quot; : &quot;Margin&quot;,
        &quot;QuoteTotalColumn&quot; : &quot;Quote Total&quot;
      },
      &quot;SetValues2Status&quot; : true
    }, {
      &quot;DRGetQuoteListStatus&quot; : true,
      &quot;DataRaptorTransformAction2Status&quot; : true,
      &quot;LoopBlockIterationIndex&quot; : 2,
      &quot;LoopBlockIterationStatus&quot; : true,
      &quot;OpportunityAmount&quot; : &quot;$232,323.00&quot;,
      &quot;OpportunityCloseDate&quot; : &quot;06/19/20&quot;,
      &quot;OpportunityId&quot; : &quot;0063h000007czM4AAI&quot;,
      &quot;OpportunityName&quot; : &quot;Northern Region Opportunities&quot;,
      &quot;OpportunityProbability&quot; : &quot;90&quot;,
      &quot;OpportunityStatus&quot; : &quot;Prospecting&quot;,
      &quot;ProbabilityPercent&quot; : {
        &quot;probabilitypercent&quot; : &quot;90%&quot;
      },
      &quot;QuoteList&quot; : [ {
        &quot;ContractedMonths&quot; : 23,
        &quot;ContractedMonthsColumn&quot; : &quot;Terms&quot;,
        &quot;QuoteId&quot; : &quot;0Q03h000000kiYyCAI&quot;,
        &quot;QuoteMarginTotal&quot; : &quot;23.00&quot;,
        &quot;QuoteMarginTotalColumn&quot; : &quot;Margin&quot;,
        &quot;QuoteName&quot; : &quot;Northern Region quote1&quot;,
        &quot;QuoteTotal&quot; : &quot;$0.00&quot;,
        &quot;QuoteTotalColumn&quot; : &quot;Quote Total&quot;
      }, {
        &quot;ContractedMonths&quot; : 9,
        &quot;ContractedMonthsColumn&quot; : &quot;Terms&quot;,
        &quot;QuoteId&quot; : &quot;0Q03h000000keEgCAI&quot;,
        &quot;QuoteMarginTotal&quot; : &quot;54.00&quot;,
        &quot;QuoteMarginTotalColumn&quot; : &quot;Margin&quot;,
        &quot;QuoteName&quot; : &quot;Nothern Region Quote&quot;,
        &quot;QuoteTotal&quot; : &quot;$23.00&quot;,
        &quot;QuoteTotalColumn&quot; : &quot;Quote Total&quot;
      } ],
      &quot;SetValues2Status&quot; : true
    } ],
    &quot;QuoteIcon&quot; : &quot;standard:quotes&quot;,
    &quot;columnsData&quot; : {
      &quot;columns&quot; : [ {
        &quot;fieldName&quot; : &quot;OpportunityId&quot;,
        &quot;label&quot; : &quot;Opportunity Id&quot;,
        &quot;searchable&quot; : true,
        &quot;sortable&quot; : true,
        &quot;visible&quot; : false
      }, {
        &quot;fieldName&quot; : &quot;OpportunityName&quot;,
        &quot;label&quot; : &quot;NAME&quot;,
        &quot;searchable&quot; : true,
        &quot;sortable&quot; : true,
        &quot;userSelectable&quot; : true
      }, {
        &quot;fieldName&quot; : &quot;OpportunityStatus&quot;,
        &quot;label&quot; : &quot;STATUS&quot;,
        &quot;searchable&quot; : true,
        &quot;sortable&quot; : true,
        &quot;userSelectable&quot; : true
      }, {
        &quot;fieldName&quot; : &quot;OpportunityProbability&quot;,
        &quot;label&quot; : &quot;LIKELIHOOD&quot;,
        &quot;searchable&quot; : true,
        &quot;sortable&quot; : true,
        &quot;userSelectable&quot; : true
      }, {
        &quot;fieldName&quot; : &quot;OpportunityCloseDate&quot;,
        &quot;label&quot; : &quot;CLOSE DATE&quot;,
        &quot;searchable&quot; : true,
        &quot;sortable&quot; : true,
        &quot;userSelectable&quot; : true
      }, {
        &quot;fieldName&quot; : &quot;OpportunityAmount&quot;,
        &quot;label&quot; : &quot;SIZE&quot;,
        &quot;searchable&quot; : true,
        &quot;sortable&quot; : true,
        &quot;userSelectable&quot; : true
      } ]
    }
  }
}</expectedInputJson>
    <expectedOutputJson>{
  &quot;probabilitypercent&quot; : &quot;Text&quot;
}</expectedOutputJson>
    <fieldLevelSecurityEnabled>false</fieldLevelSecurityEnabled>
    <inputType>JSON</inputType>
    <name>VPLTransformPurchaseCriteria</name>
    <nullInputsIncludedInOutput>false</nullInputsIncludedInOutput>
    <omniDataTransformItem>
        <disabled>false</disabled>
        <filterGroup>0.0</filterGroup>
        <formulaConverted>| var:PurchaseCriteria:Category &quot;PURCHASE_CRITERIA_FAMILY_FRIENDLY&quot; == var:PurchaseCriteria:AttributeValue &quot;0&quot; IF</formulaConverted>
        <formulaExpression>IF(%PurchaseCriteria:Category%==&quot;PURCHASE_CRITERIA_FAMILY_FRIENDLY&quot;,%PurchaseCriteria:AttributeValue%,&quot;0&quot;)</formulaExpression>
        <formulaResultPath>PurchaseCriteriaFamilyFriendly</formulaResultPath>
        <formulaSequence>2.0</formulaSequence>
        <globalKey>VPL-TransformPurchaseCriteriaCustom7045</globalKey>
        <inputObjectQuerySequence>0.0</inputObjectQuerySequence>
        <linkedObjectSequence>0.0</linkedObjectSequence>
        <name>VPL-TransformPurchaseCriteria</name>
        <outputCreationSequence>0.0</outputCreationSequence>
        <outputFieldName>Formula</outputFieldName>
        <outputObjectName>Formula</outputObjectName>
        <requiredForUpsert>false</requiredForUpsert>
        <upsertKey>false</upsertKey>
    </omniDataTransformItem>
    <omniDataTransformItem>
        <disabled>false</disabled>
        <filterGroup>0.0</filterGroup>
        <globalKey>VPL-TransformPurchaseCriteriaCustom1515</globalKey>
        <inputFieldName>PurchaseCriteriaServiceAvailability</inputFieldName>
        <inputObjectQuerySequence>0.0</inputObjectQuerySequence>
        <linkedObjectSequence>0.0</linkedObjectSequence>
        <name>VPL-TransformPurchaseCriteria</name>
        <outputCreationSequence>1.0</outputCreationSequence>
        <outputFieldName>PurchaseCriteriaServiceAvailability</outputFieldName>
        <outputObjectName>json</outputObjectName>
        <requiredForUpsert>false</requiredForUpsert>
        <upsertKey>false</upsertKey>
    </omniDataTransformItem>
    <omniDataTransformItem>
        <disabled>false</disabled>
        <filterGroup>0.0</filterGroup>
        <formulaConverted>| var:PurchaseCriteria:Category &quot;PURCHASE_CRITERIA_INSURANCE&quot; == var:PurchaseCriteria:AttributeValue &quot;0&quot; IF</formulaConverted>
        <formulaExpression>IF(%PurchaseCriteria:Category%==&quot;PURCHASE_CRITERIA_INSURANCE&quot;,%PurchaseCriteria:AttributeValue%,&quot;0&quot;)</formulaExpression>
        <formulaResultPath>PurchaseCriteriaInsurance</formulaResultPath>
        <formulaSequence>3.0</formulaSequence>
        <globalKey>VPL-TransformPurchaseCriteriaCustom3958</globalKey>
        <inputObjectQuerySequence>0.0</inputObjectQuerySequence>
        <linkedObjectSequence>0.0</linkedObjectSequence>
        <name>VPL-TransformPurchaseCriteria</name>
        <outputCreationSequence>0.0</outputCreationSequence>
        <outputFieldName>Formula</outputFieldName>
        <outputObjectName>Formula</outputObjectName>
        <requiredForUpsert>false</requiredForUpsert>
        <upsertKey>false</upsertKey>
    </omniDataTransformItem>
    <omniDataTransformItem>
        <disabled>false</disabled>
        <filterGroup>0.0</filterGroup>
        <globalKey>VPL-TransformPurchaseCriteriaCustom9683</globalKey>
        <inputFieldName>PurchaseCriteriaInsurance</inputFieldName>
        <inputObjectQuerySequence>0.0</inputObjectQuerySequence>
        <linkedObjectSequence>0.0</linkedObjectSequence>
        <name>VPL-TransformPurchaseCriteria</name>
        <outputCreationSequence>1.0</outputCreationSequence>
        <outputFieldName>PurchaseCriteriaInsurance</outputFieldName>
        <outputObjectName>json</outputObjectName>
        <requiredForUpsert>false</requiredForUpsert>
        <upsertKey>false</upsertKey>
    </omniDataTransformItem>
    <omniDataTransformItem>
        <disabled>false</disabled>
        <filterGroup>0.0</filterGroup>
        <formulaConverted>| var:PurchaseCriteria:Category &quot;PURCHASE_CRITERIA_COST&quot; == var:PurchaseCriteria:AttributeValue &quot;0&quot; IF</formulaConverted>
        <formulaExpression>IF(%PurchaseCriteria:Category%==&quot;PURCHASE_CRITERIA_COST&quot;,%PurchaseCriteria:AttributeValue%,&quot;0&quot;)</formulaExpression>
        <formulaResultPath>PurchaseCriteriaCost</formulaResultPath>
        <formulaSequence>1.0</formulaSequence>
        <globalKey>VPL-TransformPurchaseCriteriaCustom6349</globalKey>
        <inputObjectQuerySequence>0.0</inputObjectQuerySequence>
        <linkedObjectSequence>0.0</linkedObjectSequence>
        <name>VPL-TransformPurchaseCriteria</name>
        <outputCreationSequence>0.0</outputCreationSequence>
        <outputFieldName>Formula</outputFieldName>
        <outputObjectName>Formula</outputObjectName>
        <requiredForUpsert>false</requiredForUpsert>
        <upsertKey>false</upsertKey>
    </omniDataTransformItem>
    <omniDataTransformItem>
        <disabled>false</disabled>
        <filterGroup>0.0</filterGroup>
        <globalKey>VPL-TransformPurchaseCriteriaCustom9276</globalKey>
        <inputFieldName>PurchaseCriteriaRenewableEnergy</inputFieldName>
        <inputObjectQuerySequence>0.0</inputObjectQuerySequence>
        <linkedObjectSequence>0.0</linkedObjectSequence>
        <name>VPL-TransformPurchaseCriteria</name>
        <outputCreationSequence>1.0</outputCreationSequence>
        <outputFieldName>PurchaseCriteriaRenewableEnergy</outputFieldName>
        <outputObjectName>json</outputObjectName>
        <requiredForUpsert>false</requiredForUpsert>
        <upsertKey>false</upsertKey>
    </omniDataTransformItem>
    <omniDataTransformItem>
        <disabled>false</disabled>
        <filterGroup>0.0</filterGroup>
        <globalKey>VPL-TransformPurchaseCriteriaCustom4135</globalKey>
        <inputFieldName>PurchaseCriteriaCost</inputFieldName>
        <inputObjectQuerySequence>0.0</inputObjectQuerySequence>
        <linkedObjectSequence>0.0</linkedObjectSequence>
        <name>VPL-TransformPurchaseCriteria</name>
        <outputCreationSequence>1.0</outputCreationSequence>
        <outputFieldName>PurchaseCriteriaCost</outputFieldName>
        <outputObjectName>json</outputObjectName>
        <requiredForUpsert>false</requiredForUpsert>
        <upsertKey>false</upsertKey>
    </omniDataTransformItem>
    <omniDataTransformItem>
        <disabled>false</disabled>
        <filterGroup>0.0</filterGroup>
        <globalKey>VPL-TransformPurchaseCriteriaCustom9806</globalKey>
        <inputFieldName>PurchaseCriteriaFamilyFriendly</inputFieldName>
        <inputObjectQuerySequence>0.0</inputObjectQuerySequence>
        <linkedObjectSequence>0.0</linkedObjectSequence>
        <name>VPL-TransformPurchaseCriteria</name>
        <outputCreationSequence>1.0</outputCreationSequence>
        <outputFieldName>PurchaseCriteriaFamilyFriendly</outputFieldName>
        <outputObjectName>json</outputObjectName>
        <requiredForUpsert>false</requiredForUpsert>
        <upsertKey>false</upsertKey>
    </omniDataTransformItem>
    <omniDataTransformItem>
        <disabled>false</disabled>
        <filterGroup>0.0</filterGroup>
        <formulaConverted>| var:PurchaseCriteria:Category &quot;PURCHASE_CRITERIA_SERVICE_AVAILABILITY&quot; == var:PurchaseCriteria:AttributeValue &quot;0&quot; IF</formulaConverted>
        <formulaExpression>IF(%PurchaseCriteria:Category%==&quot;PURCHASE_CRITERIA_SERVICE_AVAILABILITY&quot;,%PurchaseCriteria:AttributeValue%,&quot;0&quot;)</formulaExpression>
        <formulaResultPath>PurchaseCriteriaServiceAvailability</formulaResultPath>
        <formulaSequence>5.0</formulaSequence>
        <globalKey>VPL-TransformPurchaseCriteriaCustom8112</globalKey>
        <inputObjectQuerySequence>0.0</inputObjectQuerySequence>
        <linkedObjectSequence>0.0</linkedObjectSequence>
        <name>VPL-TransformPurchaseCriteria</name>
        <outputCreationSequence>0.0</outputCreationSequence>
        <outputFieldName>Formula</outputFieldName>
        <outputObjectName>Formula</outputObjectName>
        <requiredForUpsert>false</requiredForUpsert>
        <upsertKey>false</upsertKey>
    </omniDataTransformItem>
    <omniDataTransformItem>
        <disabled>false</disabled>
        <filterGroup>0.0</filterGroup>
        <globalKey>VPL-TransformPurchaseCriteriaCustoma1V3h000000mAOmEAMItem1</globalKey>
        <inputFieldName>PurchaseCriteria</inputFieldName>
        <inputObjectQuerySequence>0.0</inputObjectQuerySequence>
        <linkedObjectSequence>0.0</linkedObjectSequence>
        <name>VPL-TransformPurchaseCriteria</name>
        <outputCreationSequence>1.0</outputCreationSequence>
        <outputFieldName>PurchaseCriteria</outputFieldName>
        <outputObjectName>json</outputObjectName>
        <requiredForUpsert>false</requiredForUpsert>
        <upsertKey>false</upsertKey>
    </omniDataTransformItem>
    <omniDataTransformItem>
        <disabled>false</disabled>
        <filterGroup>0.0</filterGroup>
        <formulaConverted>| var:PurchaseCriteria:Category &quot;PURCHASE_CRITERIA_RENEWABLE_ENERGY&quot; == var:PurchaseCriteria:AttributeValue &quot;0&quot; IF</formulaConverted>
        <formulaExpression>IF(%PurchaseCriteria:Category%==&quot;PURCHASE_CRITERIA_RENEWABLE_ENERGY&quot;,%PurchaseCriteria:AttributeValue%,&quot;0&quot;)</formulaExpression>
        <formulaResultPath>PurchaseCriteriaRenewableEnergy</formulaResultPath>
        <formulaSequence>4.0</formulaSequence>
        <globalKey>VPL-TransformPurchaseCriteriaCustom6595</globalKey>
        <inputObjectQuerySequence>0.0</inputObjectQuerySequence>
        <linkedObjectSequence>0.0</linkedObjectSequence>
        <name>VPL-TransformPurchaseCriteria</name>
        <outputCreationSequence>0.0</outputCreationSequence>
        <outputFieldName>Formula</outputFieldName>
        <outputObjectName>Formula</outputObjectName>
        <requiredForUpsert>false</requiredForUpsert>
        <upsertKey>false</upsertKey>
    </omniDataTransformItem>
    <outputType>JSON</outputType>
    <previewJsonData>{
  &quot;PurchaseCriteria&quot; : {
    &quot;AttrAssignId&quot; : &quot;a0M3h000002CjNrEAK&quot;,
    &quot;AttributeValue&quot; : &quot;4&quot;,
    &quot;Category&quot; : &quot;PURCHASE_CRITERIA_SERVICE_AVAILABILITY&quot;
  }
}</previewJsonData>
    <processSuperBulk>false</processSuperBulk>
    <responseCacheTtlMinutes>0.0</responseCacheTtlMinutes>
    <rollbackOnError>false</rollbackOnError>
    <sourceObject>json</sourceObject>
    <sourceObjectDefault>false</sourceObjectDefault>
    <synchronousProcessThreshold>-1.0</synchronousProcessThreshold>
    <type>Transform</type>
    <uniqueName>VPLTransformPurchaseCriteria_1</uniqueName>
    <versionNumber>1.0</versionNumber>
    <xmlDeclarationRemoved>false</xmlDeclarationRemoved>
</OmniDataTransform>
