<?xml version="1.0" encoding="UTF-8"?>
<OmniDataTransform xmlns="http://soap.sforce.com/2006/04/metadata">
    <active>false</active>
    <assignmentRulesUsed>false</assignmentRulesUsed>
    <deletedOnSuccess>false</deletedOnSuccess>
    <errorIgnored>false</errorIgnored>
    <expectedInputJson>{
  &quot;ContextId&quot; : null,
  &quot;ManageNotificationPreferences&quot; : {
    &quot;BillNotifications&quot; : null,
    &quot;DNCFrom&quot; : null,
    &quot;DNCTo&quot; : null,
    &quot;OffersPromotions&quot; : null,
    &quot;OutageNotifications&quot; : null,
    &quot;PaymentRemindersNotifications&quot; : null,
    &quot;WorkOrderNotifications&quot; : null
  },
  &quot;timeStamp&quot; : null,
  &quot;userId&quot; : null,
  &quot;userName&quot; : null,
  &quot;userProfile&quot; : null,
  &quot;userTimeZone&quot; : null,
  &quot;vlcPersistentComponent&quot; : { },
  &quot;vlcTimeTracking&quot; : {
    &quot;DRExtractAccountPreferences&quot; : null,
    &quot;DRTransformAccPrefAttr&quot; : null,
    &quot;DataRaptorTransformAction2&quot; : null,
    &quot;ManageNotificationPreferences&quot; : null,
    &quot;PostAccountAttrAssignment&quot; : null,
    &quot;SVAccNotification&quot; : null
  }
}</expectedInputJson>
    <fieldLevelSecurityEnabled>false</fieldLevelSecurityEnabled>
    <inputType>JSON</inputType>
    <name>VPLTransformNewAccountPref</name>
    <nullInputsIncludedInOutput>false</nullInputsIncludedInOutput>
    <omniDataTransformItem>
        <disabled>false</disabled>
        <filterGroup>0.0</filterGroup>
        <globalKey>VPL-TransformNewAccountPrefCustoma1V3h000002X3QeEAKItem13</globalKey>
        <inputFieldName>AccountNotificationPreference:AccountName</inputFieldName>
        <inputObjectQuerySequence>0.0</inputObjectQuerySequence>
        <linkedObjectSequence>0.0</linkedObjectSequence>
        <name>VPL-TransformNewAccountPref</name>
        <outputCreationSequence>1.0</outputCreationSequence>
        <outputFieldName>UpdatedAccountPref|3:AccountName</outputFieldName>
        <outputObjectName>json</outputObjectName>
        <requiredForUpsert>false</requiredForUpsert>
        <upsertKey>false</upsertKey>
    </omniDataTransformItem>
    <omniDataTransformItem>
        <defaultValue>None</defaultValue>
        <disabled>false</disabled>
        <filterGroup>0.0</filterGroup>
        <globalKey>VPL-TransformNewAccountPrefCustoma1V3h000002X3QeEAKItem40</globalKey>
        <inputFieldName>ManageNotificationPreferences:OutageNotifications</inputFieldName>
        <inputObjectQuerySequence>0.0</inputObjectQuerySequence>
        <linkedObjectSequence>0.0</linkedObjectSequence>
        <name>VPL-TransformNewAccountPref</name>
        <outputCreationSequence>1.0</outputCreationSequence>
        <outputFieldName>UpdatedAccountPref|3:AttrValue</outputFieldName>
        <outputObjectName>json</outputObjectName>
        <requiredForUpsert>false</requiredForUpsert>
        <upsertKey>false</upsertKey>
    </omniDataTransformItem>
    <omniDataTransformItem>
        <disabled>false</disabled>
        <filterGroup>0.0</filterGroup>
        <globalKey>VPL-TransformNewAccountPrefCustoma1V3h000002X3QeEAKItem32</globalKey>
        <inputFieldName>Category:PaymentReminders:CategoryId</inputFieldName>
        <inputObjectQuerySequence>0.0</inputObjectQuerySequence>
        <linkedObjectSequence>0.0</linkedObjectSequence>
        <name>VPL-TransformNewAccountPref</name>
        <outputCreationSequence>1.0</outputCreationSequence>
        <outputFieldName>UpdatedAccountPref|2:CategoryId</outputFieldName>
        <outputObjectName>json</outputObjectName>
        <requiredForUpsert>false</requiredForUpsert>
        <upsertKey>false</upsertKey>
    </omniDataTransformItem>
    <omniDataTransformItem>
        <disabled>false</disabled>
        <filterGroup>0.0</filterGroup>
        <globalKey>VPL-TransformNewAccountPrefCustoma1V3h000002X3QeEAKItem6</globalKey>
        <inputFieldName>AccountNotificationPreference:AccountId</inputFieldName>
        <inputObjectQuerySequence>0.0</inputObjectQuerySequence>
        <linkedObjectSequence>0.0</linkedObjectSequence>
        <name>VPL-TransformNewAccountPref</name>
        <outputCreationSequence>1.0</outputCreationSequence>
        <outputFieldName>UpdatedAccountPref|3:AccountId</outputFieldName>
        <outputObjectName>json</outputObjectName>
        <requiredForUpsert>false</requiredForUpsert>
        <upsertKey>false</upsertKey>
    </omniDataTransformItem>
    <omniDataTransformItem>
        <defaultValue>None</defaultValue>
        <disabled>false</disabled>
        <filterGroup>0.0</filterGroup>
        <globalKey>VPL-TransformNewAccountPrefCustoma1V3h000002X3QeEAKItem41</globalKey>
        <inputFieldName>ManageNotificationPreferences:PaymentRemindersNotifications</inputFieldName>
        <inputObjectQuerySequence>0.0</inputObjectQuerySequence>
        <linkedObjectSequence>0.0</linkedObjectSequence>
        <name>VPL-TransformNewAccountPref</name>
        <outputCreationSequence>1.0</outputCreationSequence>
        <outputFieldName>UpdatedAccountPref|2:AttrValue</outputFieldName>
        <outputObjectName>json</outputObjectName>
        <requiredForUpsert>false</requiredForUpsert>
        <upsertKey>false</upsertKey>
    </omniDataTransformItem>
    <omniDataTransformItem>
        <disabled>false</disabled>
        <filterGroup>0.0</filterGroup>
        <globalKey>VPL-TransformNewAccountPrefCustoma1V3h000002X3QeEAKItem31</globalKey>
        <inputFieldName>Category:PaymentReminders:CategoryCode</inputFieldName>
        <inputObjectQuerySequence>0.0</inputObjectQuerySequence>
        <linkedObjectSequence>0.0</linkedObjectSequence>
        <name>VPL-TransformNewAccountPref</name>
        <outputCreationSequence>1.0</outputCreationSequence>
        <outputFieldName>UpdatedAccountPref|2:CategoryCode</outputFieldName>
        <outputObjectName>json</outputObjectName>
        <requiredForUpsert>false</requiredForUpsert>
        <upsertKey>false</upsertKey>
    </omniDataTransformItem>
    <omniDataTransformItem>
        <disabled>false</disabled>
        <filterGroup>0.0</filterGroup>
        <globalKey>VPL-TransformNewAccountPrefCustoma1V3h000002X3QeEAKItem30</globalKey>
        <inputFieldName>Category:PaymentReminders:AttrAssignId</inputFieldName>
        <inputObjectQuerySequence>0.0</inputObjectQuerySequence>
        <linkedObjectSequence>0.0</linkedObjectSequence>
        <name>VPL-TransformNewAccountPref</name>
        <outputCreationSequence>1.0</outputCreationSequence>
        <outputFieldName>UpdatedAccountPref|2:AttrAssignId</outputFieldName>
        <outputObjectName>json</outputObjectName>
        <requiredForUpsert>false</requiredForUpsert>
        <upsertKey>false</upsertKey>
    </omniDataTransformItem>
    <omniDataTransformItem>
        <disabled>false</disabled>
        <filterGroup>0.0</filterGroup>
        <globalKey>VPL-TransformNewAccountPrefCustoma1V3h000002X3QeEAKItem26</globalKey>
        <inputFieldName>Category:OffersPromotions:CategoryId</inputFieldName>
        <inputObjectQuerySequence>0.0</inputObjectQuerySequence>
        <linkedObjectSequence>0.0</linkedObjectSequence>
        <name>VPL-TransformNewAccountPref</name>
        <outputCreationSequence>1.0</outputCreationSequence>
        <outputFieldName>UpdatedAccountPref|4:CategoryId</outputFieldName>
        <outputObjectName>json</outputObjectName>
        <requiredForUpsert>false</requiredForUpsert>
        <upsertKey>false</upsertKey>
    </omniDataTransformItem>
    <omniDataTransformItem>
        <disabled>false</disabled>
        <filterGroup>0.0</filterGroup>
        <globalKey>VPL-TransformNewAccountPrefCustoma1V3h000002X3QeEAKItem4</globalKey>
        <inputFieldName>AccountNotificationPreference:AccountId</inputFieldName>
        <inputObjectQuerySequence>0.0</inputObjectQuerySequence>
        <linkedObjectSequence>0.0</linkedObjectSequence>
        <name>VPL-TransformNewAccountPref</name>
        <outputCreationSequence>1.0</outputCreationSequence>
        <outputFieldName>UpdatedAccountPref|5:AccountId</outputFieldName>
        <outputObjectName>json</outputObjectName>
        <requiredForUpsert>false</requiredForUpsert>
        <upsertKey>false</upsertKey>
    </omniDataTransformItem>
    <omniDataTransformItem>
        <defaultValue>None</defaultValue>
        <disabled>false</disabled>
        <filterGroup>0.0</filterGroup>
        <globalKey>VPL-TransformNewAccountPrefCustoma1V3h000002X3QeEAKItem39</globalKey>
        <inputFieldName>ManageNotificationPreferences:OffersPromotions</inputFieldName>
        <inputObjectQuerySequence>0.0</inputObjectQuerySequence>
        <linkedObjectSequence>0.0</linkedObjectSequence>
        <name>VPL-TransformNewAccountPref</name>
        <outputCreationSequence>1.0</outputCreationSequence>
        <outputFieldName>UpdatedAccountPref|4:AttrValue</outputFieldName>
        <outputObjectName>json</outputObjectName>
        <requiredForUpsert>false</requiredForUpsert>
        <upsertKey>false</upsertKey>
    </omniDataTransformItem>
    <omniDataTransformItem>
        <disabled>false</disabled>
        <filterGroup>0.0</filterGroup>
        <globalKey>VPL-TransformNewAccountPrefCustoma1V3h000002X3QeEAKItem25</globalKey>
        <inputFieldName>Category:OffersPromotions:CategoryCode</inputFieldName>
        <inputObjectQuerySequence>0.0</inputObjectQuerySequence>
        <linkedObjectSequence>0.0</linkedObjectSequence>
        <name>VPL-TransformNewAccountPref</name>
        <outputCreationSequence>1.0</outputCreationSequence>
        <outputFieldName>UpdatedAccountPref|4:CategoryCode</outputFieldName>
        <outputObjectName>json</outputObjectName>
        <requiredForUpsert>false</requiredForUpsert>
        <upsertKey>false</upsertKey>
    </omniDataTransformItem>
    <omniDataTransformItem>
        <disabled>false</disabled>
        <filterGroup>0.0</filterGroup>
        <globalKey>VPL-TransformNewAccountPrefCustoma1V3h000002X3QeEAKItem5</globalKey>
        <inputFieldName>AccountNotificationPreference:AccountId</inputFieldName>
        <inputObjectQuerySequence>0.0</inputObjectQuerySequence>
        <linkedObjectSequence>0.0</linkedObjectSequence>
        <name>VPL-TransformNewAccountPref</name>
        <outputCreationSequence>1.0</outputCreationSequence>
        <outputFieldName>UpdatedAccountPref|4:AccountId</outputFieldName>
        <outputObjectName>json</outputObjectName>
        <requiredForUpsert>false</requiredForUpsert>
        <upsertKey>false</upsertKey>
    </omniDataTransformItem>
    <omniDataTransformItem>
        <disabled>false</disabled>
        <filterGroup>0.0</filterGroup>
        <globalKey>VPL-TransformNewAccountPrefCustoma1V3h000002X3QeEAKItem12</globalKey>
        <inputFieldName>AccountNotificationPreference:AccountName</inputFieldName>
        <inputObjectQuerySequence>0.0</inputObjectQuerySequence>
        <linkedObjectSequence>0.0</linkedObjectSequence>
        <name>VPL-TransformNewAccountPref</name>
        <outputCreationSequence>1.0</outputCreationSequence>
        <outputFieldName>UpdatedAccountPref|4:AccountName</outputFieldName>
        <outputObjectName>json</outputObjectName>
        <requiredForUpsert>false</requiredForUpsert>
        <upsertKey>false</upsertKey>
    </omniDataTransformItem>
    <omniDataTransformItem>
        <disabled>false</disabled>
        <filterGroup>0.0</filterGroup>
        <globalKey>VPL-TransformNewAccountPrefCustoma1V3h000002X3QeEAKItem28</globalKey>
        <inputFieldName>Category:OutageNotifications:CategoryCode</inputFieldName>
        <inputObjectQuerySequence>0.0</inputObjectQuerySequence>
        <linkedObjectSequence>0.0</linkedObjectSequence>
        <name>VPL-TransformNewAccountPref</name>
        <outputCreationSequence>1.0</outputCreationSequence>
        <outputFieldName>UpdatedAccountPref|3:CategoryCode</outputFieldName>
        <outputObjectName>json</outputObjectName>
        <requiredForUpsert>false</requiredForUpsert>
        <upsertKey>false</upsertKey>
    </omniDataTransformItem>
    <omniDataTransformItem>
        <disabled>false</disabled>
        <filterGroup>0.0</filterGroup>
        <globalKey>VPL-TransformNewAccountPrefCustoma1V3h000002X3QeEAKItem29</globalKey>
        <inputFieldName>Category:OutageNotifications:CategoryId</inputFieldName>
        <inputObjectQuerySequence>0.0</inputObjectQuerySequence>
        <linkedObjectSequence>0.0</linkedObjectSequence>
        <name>VPL-TransformNewAccountPref</name>
        <outputCreationSequence>1.0</outputCreationSequence>
        <outputFieldName>UpdatedAccountPref|3:CategoryId</outputFieldName>
        <outputObjectName>json</outputObjectName>
        <requiredForUpsert>false</requiredForUpsert>
        <upsertKey>false</upsertKey>
    </omniDataTransformItem>
    <omniDataTransformItem>
        <defaultValue>None</defaultValue>
        <disabled>false</disabled>
        <filterGroup>0.0</filterGroup>
        <globalKey>VPL-TransformNewAccountPrefCustoma1V3h000002X3QeEAKItem36</globalKey>
        <inputFieldName>ManageNotificationPreferences:BillNotifications</inputFieldName>
        <inputObjectQuerySequence>0.0</inputObjectQuerySequence>
        <linkedObjectSequence>0.0</linkedObjectSequence>
        <name>VPL-TransformNewAccountPref</name>
        <outputCreationSequence>1.0</outputCreationSequence>
        <outputFieldName>UpdatedAccountPref|1:AttrValue</outputFieldName>
        <outputObjectName>json</outputObjectName>
        <requiredForUpsert>false</requiredForUpsert>
        <upsertKey>false</upsertKey>
    </omniDataTransformItem>
    <omniDataTransformItem>
        <disabled>false</disabled>
        <filterGroup>0.0</filterGroup>
        <globalKey>VPL-TransformNewAccountPrefCustoma1V3h000002X3QeEAKItem16</globalKey>
        <inputFieldName>Category:BillNotifications:CategoryCode</inputFieldName>
        <inputObjectQuerySequence>0.0</inputObjectQuerySequence>
        <linkedObjectSequence>0.0</linkedObjectSequence>
        <name>VPL-TransformNewAccountPref</name>
        <outputCreationSequence>1.0</outputCreationSequence>
        <outputFieldName>UpdatedAccountPref|1:CategoryCode</outputFieldName>
        <outputObjectName>json</outputObjectName>
        <requiredForUpsert>false</requiredForUpsert>
        <upsertKey>false</upsertKey>
    </omniDataTransformItem>
    <omniDataTransformItem>
        <disabled>false</disabled>
        <filterGroup>0.0</filterGroup>
        <globalKey>VPL-TransformNewAccountPrefCustoma1V3h000002X3QeEAKItem1</globalKey>
        <inputFieldName>AccountNotificationPreference:AccountId</inputFieldName>
        <inputObjectQuerySequence>0.0</inputObjectQuerySequence>
        <linkedObjectSequence>0.0</linkedObjectSequence>
        <name>VPL-TransformNewAccountPref</name>
        <outputCreationSequence>1.0</outputCreationSequence>
        <outputFieldName>UpdatedAccountPref|1:AccountId</outputFieldName>
        <outputObjectName>json</outputObjectName>
        <requiredForUpsert>false</requiredForUpsert>
        <upsertKey>false</upsertKey>
    </omniDataTransformItem>
    <omniDataTransformItem>
        <disabled>false</disabled>
        <filterGroup>0.0</filterGroup>
        <globalKey>VPL-TransformNewAccountPrefCustoma1V3h000002X3QeEAKItem8</globalKey>
        <inputFieldName>AccountNotificationPreference:AccountName</inputFieldName>
        <inputObjectQuerySequence>0.0</inputObjectQuerySequence>
        <linkedObjectSequence>0.0</linkedObjectSequence>
        <name>VPL-TransformNewAccountPref</name>
        <outputCreationSequence>1.0</outputCreationSequence>
        <outputFieldName>UpdatedAccountPref|1:AccountName</outputFieldName>
        <outputObjectName>json</outputObjectName>
        <requiredForUpsert>false</requiredForUpsert>
        <upsertKey>false</upsertKey>
    </omniDataTransformItem>
    <omniDataTransformItem>
        <disabled>false</disabled>
        <filterGroup>0.0</filterGroup>
        <formulaSequence>1.0</formulaSequence>
        <globalKey>VPL-TransformNewAccountPrefCustoma1V3h000002X3QeEAKItem0</globalKey>
        <inputObjectQuerySequence>0.0</inputObjectQuerySequence>
        <linkedObjectSequence>0.0</linkedObjectSequence>
        <name>VPL-TransformNewAccountPref</name>
        <outputCreationSequence>0.0</outputCreationSequence>
        <outputFieldName>Formula</outputFieldName>
        <outputObjectName>Formula</outputObjectName>
        <requiredForUpsert>false</requiredForUpsert>
        <upsertKey>false</upsertKey>
    </omniDataTransformItem>
    <omniDataTransformItem>
        <disabled>false</disabled>
        <filterGroup>0.0</filterGroup>
        <globalKey>VPL-TransformNewAccountPrefCustoma1V3h000002X3QeEAKItem22</globalKey>
        <inputFieldName>Category:DNCTo:CategoryCode</inputFieldName>
        <inputObjectQuerySequence>0.0</inputObjectQuerySequence>
        <linkedObjectSequence>0.0</linkedObjectSequence>
        <name>VPL-TransformNewAccountPref</name>
        <outputCreationSequence>1.0</outputCreationSequence>
        <outputFieldName>UpdatedAccountPref|7:CategoryCode</outputFieldName>
        <outputObjectName>json</outputObjectName>
        <requiredForUpsert>false</requiredForUpsert>
        <upsertKey>false</upsertKey>
    </omniDataTransformItem>
    <omniDataTransformItem>
        <disabled>false</disabled>
        <filterGroup>0.0</filterGroup>
        <globalKey>VPL-TransformNewAccountPrefCustoma1V3h000002X3QeEAKItem23</globalKey>
        <inputFieldName>Category:DNCTo:CategoryId</inputFieldName>
        <inputObjectQuerySequence>0.0</inputObjectQuerySequence>
        <linkedObjectSequence>0.0</linkedObjectSequence>
        <name>VPL-TransformNewAccountPref</name>
        <outputCreationSequence>1.0</outputCreationSequence>
        <outputFieldName>UpdatedAccountPref|7:CategoryId</outputFieldName>
        <outputObjectName>json</outputObjectName>
        <requiredForUpsert>false</requiredForUpsert>
        <upsertKey>false</upsertKey>
    </omniDataTransformItem>
    <omniDataTransformItem>
        <disabled>false</disabled>
        <filterGroup>0.0</filterGroup>
        <globalKey>VPL-TransformNewAccountPrefCustoma1V3h000002X3QeEAKItem14</globalKey>
        <inputFieldName>AccountNotificationPreference:AccountName</inputFieldName>
        <inputObjectQuerySequence>0.0</inputObjectQuerySequence>
        <linkedObjectSequence>0.0</linkedObjectSequence>
        <name>VPL-TransformNewAccountPref</name>
        <outputCreationSequence>1.0</outputCreationSequence>
        <outputFieldName>UpdatedAccountPref|2:AccountName</outputFieldName>
        <outputObjectName>json</outputObjectName>
        <requiredForUpsert>false</requiredForUpsert>
        <upsertKey>false</upsertKey>
    </omniDataTransformItem>
    <omniDataTransformItem>
        <disabled>false</disabled>
        <filterGroup>0.0</filterGroup>
        <globalKey>VPL-TransformNewAccountPrefCustoma1V3h000002X3QeEAKItem17</globalKey>
        <inputFieldName>Category:BillNotifications:CategoryId</inputFieldName>
        <inputObjectQuerySequence>0.0</inputObjectQuerySequence>
        <linkedObjectSequence>0.0</linkedObjectSequence>
        <name>VPL-TransformNewAccountPref</name>
        <outputCreationSequence>1.0</outputCreationSequence>
        <outputFieldName>UpdatedAccountPref|1:CategoryId</outputFieldName>
        <outputObjectName>json</outputObjectName>
        <requiredForUpsert>false</requiredForUpsert>
        <upsertKey>false</upsertKey>
    </omniDataTransformItem>
    <omniDataTransformItem>
        <disabled>false</disabled>
        <filterGroup>0.0</filterGroup>
        <globalKey>VPL-TransformNewAccountPrefCustoma1V3h000002X3QeEAKItem7</globalKey>
        <inputFieldName>AccountNotificationPreference:AccountId</inputFieldName>
        <inputObjectQuerySequence>0.0</inputObjectQuerySequence>
        <linkedObjectSequence>0.0</linkedObjectSequence>
        <name>VPL-TransformNewAccountPref</name>
        <outputCreationSequence>1.0</outputCreationSequence>
        <outputFieldName>UpdatedAccountPref|2:AccountId</outputFieldName>
        <outputObjectName>json</outputObjectName>
        <requiredForUpsert>false</requiredForUpsert>
        <upsertKey>false</upsertKey>
    </omniDataTransformItem>
    <omniDataTransformItem>
        <defaultValue>None</defaultValue>
        <disabled>false</disabled>
        <filterGroup>0.0</filterGroup>
        <globalKey>VPL-TransformNewAccountPrefCustoma1V3h000002X3QeEAKItem38</globalKey>
        <inputFieldName>ManageNotificationPreferences:DNCTo</inputFieldName>
        <inputObjectQuerySequence>0.0</inputObjectQuerySequence>
        <linkedObjectSequence>0.0</linkedObjectSequence>
        <name>VPL-TransformNewAccountPref</name>
        <outputCreationSequence>1.0</outputCreationSequence>
        <outputFieldName>UpdatedAccountPref|7:AttrValue</outputFieldName>
        <outputObjectName>json</outputObjectName>
        <requiredForUpsert>false</requiredForUpsert>
        <upsertKey>false</upsertKey>
    </omniDataTransformItem>
    <omniDataTransformItem>
        <defaultValue>None</defaultValue>
        <disabled>false</disabled>
        <filterGroup>0.0</filterGroup>
        <globalKey>VPL-TransformNewAccountPrefCustoma1V3h000002X3QeEAKItem37</globalKey>
        <inputFieldName>ManageNotificationPreferences:DNCFrom</inputFieldName>
        <inputObjectQuerySequence>0.0</inputObjectQuerySequence>
        <linkedObjectSequence>0.0</linkedObjectSequence>
        <name>VPL-TransformNewAccountPref</name>
        <outputCreationSequence>1.0</outputCreationSequence>
        <outputFieldName>UpdatedAccountPref|6:AttrValue</outputFieldName>
        <outputObjectName>json</outputObjectName>
        <requiredForUpsert>false</requiredForUpsert>
        <upsertKey>false</upsertKey>
    </omniDataTransformItem>
    <omniDataTransformItem>
        <disabled>false</disabled>
        <filterGroup>0.0</filterGroup>
        <globalKey>VPL-TransformNewAccountPrefCustoma1V3h000002X3QeEAKItem19</globalKey>
        <inputFieldName>Category:DNCFrom:CategoryCode</inputFieldName>
        <inputObjectQuerySequence>0.0</inputObjectQuerySequence>
        <linkedObjectSequence>0.0</linkedObjectSequence>
        <name>VPL-TransformNewAccountPref</name>
        <outputCreationSequence>1.0</outputCreationSequence>
        <outputFieldName>UpdatedAccountPref|6:CategoryCode</outputFieldName>
        <outputObjectName>json</outputObjectName>
        <requiredForUpsert>false</requiredForUpsert>
        <upsertKey>false</upsertKey>
    </omniDataTransformItem>
    <omniDataTransformItem>
        <disabled>false</disabled>
        <filterGroup>0.0</filterGroup>
        <globalKey>VPL-TransformNewAccountPrefCustoma1V3h000002X3QeEAKItem3</globalKey>
        <inputFieldName>AccountNotificationPreference:AccountId</inputFieldName>
        <inputObjectQuerySequence>0.0</inputObjectQuerySequence>
        <linkedObjectSequence>0.0</linkedObjectSequence>
        <name>VPL-TransformNewAccountPref</name>
        <outputCreationSequence>1.0</outputCreationSequence>
        <outputFieldName>UpdatedAccountPref|6:AccountId</outputFieldName>
        <outputObjectName>json</outputObjectName>
        <requiredForUpsert>false</requiredForUpsert>
        <upsertKey>false</upsertKey>
    </omniDataTransformItem>
    <omniDataTransformItem>
        <disabled>false</disabled>
        <filterGroup>0.0</filterGroup>
        <globalKey>VPL-TransformNewAccountPrefCustoma1V3h000002X3QeEAKItem10</globalKey>
        <inputFieldName>AccountNotificationPreference:AccountName</inputFieldName>
        <inputObjectQuerySequence>0.0</inputObjectQuerySequence>
        <linkedObjectSequence>0.0</linkedObjectSequence>
        <name>VPL-TransformNewAccountPref</name>
        <outputCreationSequence>1.0</outputCreationSequence>
        <outputFieldName>UpdatedAccountPref|6:AccountName</outputFieldName>
        <outputObjectName>json</outputObjectName>
        <requiredForUpsert>false</requiredForUpsert>
        <upsertKey>false</upsertKey>
    </omniDataTransformItem>
    <omniDataTransformItem>
        <disabled>false</disabled>
        <filterGroup>0.0</filterGroup>
        <globalKey>VPL-TransformNewAccountPrefCustoma1V3h000002X3QeEAKItem34</globalKey>
        <inputFieldName>Category:WorkorderNotifications:CategoryCode</inputFieldName>
        <inputObjectQuerySequence>0.0</inputObjectQuerySequence>
        <linkedObjectSequence>0.0</linkedObjectSequence>
        <name>VPL-TransformNewAccountPref</name>
        <outputCreationSequence>1.0</outputCreationSequence>
        <outputFieldName>UpdatedAccountPref|5:CategoryCode</outputFieldName>
        <outputObjectName>json</outputObjectName>
        <requiredForUpsert>false</requiredForUpsert>
        <upsertKey>false</upsertKey>
    </omniDataTransformItem>
    <omniDataTransformItem>
        <disabled>false</disabled>
        <filterGroup>0.0</filterGroup>
        <globalKey>VPL-TransformNewAccountPrefCustoma1V3h000002X3QeEAKItem35</globalKey>
        <inputFieldName>Category:WorkorderNotifications:CategoryId</inputFieldName>
        <inputObjectQuerySequence>0.0</inputObjectQuerySequence>
        <linkedObjectSequence>0.0</linkedObjectSequence>
        <name>VPL-TransformNewAccountPref</name>
        <outputCreationSequence>1.0</outputCreationSequence>
        <outputFieldName>UpdatedAccountPref|5:CategoryId</outputFieldName>
        <outputObjectName>json</outputObjectName>
        <requiredForUpsert>false</requiredForUpsert>
        <upsertKey>false</upsertKey>
    </omniDataTransformItem>
    <omniDataTransformItem>
        <disabled>false</disabled>
        <filterGroup>0.0</filterGroup>
        <globalKey>VPL-TransformNewAccountPrefCustoma1V3h000002X3QeEAKItem11</globalKey>
        <inputFieldName>AccountNotificationPreference:AccountName</inputFieldName>
        <inputObjectQuerySequence>0.0</inputObjectQuerySequence>
        <linkedObjectSequence>0.0</linkedObjectSequence>
        <name>VPL-TransformNewAccountPref</name>
        <outputCreationSequence>1.0</outputCreationSequence>
        <outputFieldName>UpdatedAccountPref|5:AccountName</outputFieldName>
        <outputObjectName>json</outputObjectName>
        <requiredForUpsert>false</requiredForUpsert>
        <upsertKey>false</upsertKey>
    </omniDataTransformItem>
    <omniDataTransformItem>
        <defaultValue>None</defaultValue>
        <disabled>false</disabled>
        <filterGroup>0.0</filterGroup>
        <globalKey>VPL-TransformNewAccountPrefCustoma1V3h000002X3QeEAKItem42</globalKey>
        <inputFieldName>ManageNotificationPreferences:WorkOrderNotifications</inputFieldName>
        <inputObjectQuerySequence>0.0</inputObjectQuerySequence>
        <linkedObjectSequence>0.0</linkedObjectSequence>
        <name>VPL-TransformNewAccountPref</name>
        <outputCreationSequence>1.0</outputCreationSequence>
        <outputFieldName>UpdatedAccountPref|5:AttrValue</outputFieldName>
        <outputObjectName>json</outputObjectName>
        <requiredForUpsert>false</requiredForUpsert>
        <upsertKey>false</upsertKey>
    </omniDataTransformItem>
    <omniDataTransformItem>
        <disabled>false</disabled>
        <filterGroup>0.0</filterGroup>
        <globalKey>VPL-TransformNewAccountPrefCustoma1V3h000002X3QeEAKItem9</globalKey>
        <inputFieldName>AccountNotificationPreference:AccountName</inputFieldName>
        <inputObjectQuerySequence>0.0</inputObjectQuerySequence>
        <linkedObjectSequence>0.0</linkedObjectSequence>
        <name>VPL-TransformNewAccountPref</name>
        <outputCreationSequence>1.0</outputCreationSequence>
        <outputFieldName>UpdatedAccountPref|7:AccountName</outputFieldName>
        <outputObjectName>json</outputObjectName>
        <requiredForUpsert>false</requiredForUpsert>
        <upsertKey>false</upsertKey>
    </omniDataTransformItem>
    <omniDataTransformItem>
        <disabled>false</disabled>
        <filterGroup>0.0</filterGroup>
        <globalKey>VPL-TransformNewAccountPrefCustoma1V3h000002X3QeEAKItem20</globalKey>
        <inputFieldName>Category:DNCFrom:CategoryId</inputFieldName>
        <inputObjectQuerySequence>0.0</inputObjectQuerySequence>
        <linkedObjectSequence>0.0</linkedObjectSequence>
        <name>VPL-TransformNewAccountPref</name>
        <outputCreationSequence>1.0</outputCreationSequence>
        <outputFieldName>UpdatedAccountPref|6:CategoryId</outputFieldName>
        <outputObjectName>json</outputObjectName>
        <requiredForUpsert>false</requiredForUpsert>
        <upsertKey>false</upsertKey>
    </omniDataTransformItem>
    <omniDataTransformItem>
        <disabled>false</disabled>
        <filterGroup>0.0</filterGroup>
        <globalKey>VPL-TransformNewAccountPrefCustoma1V3h000002X3QeEAKItem2</globalKey>
        <inputFieldName>AccountNotificationPreference:AccountId</inputFieldName>
        <inputObjectQuerySequence>0.0</inputObjectQuerySequence>
        <linkedObjectSequence>0.0</linkedObjectSequence>
        <name>VPL-TransformNewAccountPref</name>
        <outputCreationSequence>1.0</outputCreationSequence>
        <outputFieldName>UpdatedAccountPref|7:AccountId</outputFieldName>
        <outputObjectName>json</outputObjectName>
        <requiredForUpsert>false</requiredForUpsert>
        <upsertKey>false</upsertKey>
    </omniDataTransformItem>
    <outputType>JSON</outputType>
    <previewJsonData>{
  &quot;AccountName&quot; : &quot;Northern Region Business&quot;,
  &quot;AccountPref&quot; : {
    &quot;BillNotifications&quot; : {
      &quot;AccountId&quot; : &quot;0013h00000FWybuAAD&quot;,
      &quot;AttrAssignId&quot; : &quot;a0M3h000003Ljb5EAC&quot;,
      &quot;AttrValue&quot; : &quot;Email&quot;,
      &quot;Category&quot; : &quot;BILL_NOTIFICATIONS&quot;,
      &quot;CategoryId&quot; : &quot;a0O3h000001MfvkEAC&quot;
    },
    &quot;DNCFrom&quot; : {
      &quot;AccountId&quot; : &quot;0013h00000FWybuAAD&quot;,
      &quot;AttrAssignId&quot; : &quot;a0M3h000003Ljl8EAC&quot;,
      &quot;AttrValue&quot; : &quot;02:52 PM&quot;,
      &quot;Category&quot; : &quot;DNC_FROM&quot;,
      &quot;CategoryId&quot; : &quot;a0O3h000001MfvmEAC&quot;
    },
    &quot;DNCTo&quot; : {
      &quot;AccountId&quot; : &quot;0013h00000FWybuAAD&quot;,
      &quot;AttrAssignId&quot; : &quot;a0M3h000003LjbUEAS&quot;,
      &quot;AttrValue&quot; : &quot;9:00 AM&quot;,
      &quot;Category&quot; : &quot;DNC_TO&quot;,
      &quot;CategoryId&quot; : &quot;a0O3h000001Mg0HEAS&quot;
    },
    &quot;OffersPromotions&quot; : {
      &quot;AccountId&quot; : &quot;0013h00000FWybuAAD&quot;,
      &quot;AttrAssignId&quot; : &quot;a0M3h000003LjbFEAS&quot;,
      &quot;AttrValue&quot; : &quot;Email&quot;,
      &quot;Category&quot; : &quot;OFFERS_PROMOTIONS&quot;,
      &quot;CategoryId&quot; : &quot;a0O3h000001Mfw5EAC&quot;
    },
    &quot;OutageNotifications&quot; : {
      &quot;AccountId&quot; : &quot;0013h00000FWybuAAD&quot;,
      &quot;AttrAssignId&quot; : &quot;a0M3h000003LjbAEAS&quot;,
      &quot;AttrValue&quot; : &quot;Phone&quot;,
      &quot;Category&quot; : &quot;OUTAGE_NOTIFICATIONS&quot;,
      &quot;CategoryId&quot; : &quot;a0O3h000001Mfw4EAC&quot;
    },
    &quot;PaymentReminders&quot; : {
      &quot;AccountId&quot; : &quot;0013h00000FWybuAAD&quot;,
      &quot;AttrAssignId&quot; : &quot;a0M3h000003Ljb0EAC&quot;,
      &quot;AttrValue&quot; : &quot;Email&quot;,
      &quot;Category&quot; : &quot;PAYMENT_REMINDERS&quot;,
      &quot;CategoryId&quot; : &quot;a0O3h000001MfvlEAC&quot;
    },
    &quot;WorkorderNotifications&quot; : {
      &quot;AccountId&quot; : &quot;0013h00000FWybuAAD&quot;,
      &quot;AttrAssignId&quot; : &quot;a0M3h000003LjbKEAS&quot;,
      &quot;AttrValue&quot; : &quot;Phone&quot;,
      &quot;Category&quot; : &quot;WORKORDER_NOTIFICATIONS&quot;,
      &quot;CategoryId&quot; : &quot;a0O3h000001Mfw6EAC&quot;
    }
  },
  &quot;ContextId&quot; : &quot;0013h00000FWybuAAD&quot;,
  &quot;DNCFrom1&quot; : &quot;02:52 PM&quot;,
  &quot;ManageNotificationPreferences&quot; : {
    &quot;BillNotifications&quot; : &quot;Email&quot;,
    &quot;DNCFrom&quot; : null,
    &quot;DNCTo&quot; : null,
    &quot;OffersPromotions&quot; : &quot;Email&quot;,
    &quot;OutageNotifications&quot; : &quot;Phone&quot;,
    &quot;PaymentRemindersNotifications&quot; : &quot;Email&quot;,
    &quot;WorkOrderNotifications&quot; : &quot;Phone&quot;
  },
  &quot;Preferences&quot; : [ {
    &quot;AccountId&quot; : &quot;0013h00000FWybuAAD&quot;,
    &quot;AttrAssignId&quot; : &quot;a0M3h000003LjbAEAS&quot;,
    &quot;AttrValue&quot; : &quot;Phone&quot;,
    &quot;Category&quot; : &quot;OUTAGE_NOTIFICATIONS&quot;,
    &quot;CategoryId&quot; : &quot;a0O3h000001Mfw4EAC&quot;
  }, {
    &quot;AccountId&quot; : &quot;0013h00000FWybuAAD&quot;,
    &quot;AttrAssignId&quot; : &quot;a0M3h000003LjbKEAS&quot;,
    &quot;AttrValue&quot; : &quot;Phone&quot;,
    &quot;Category&quot; : &quot;WORKORDER_NOTIFICATIONS&quot;,
    &quot;CategoryId&quot; : &quot;a0O3h000001Mfw6EAC&quot;
  }, {
    &quot;AccountId&quot; : &quot;0013h00000FWybuAAD&quot;,
    &quot;AttrAssignId&quot; : &quot;a0M3h000003Ljl8EAC&quot;,
    &quot;AttrValue&quot; : &quot;02:52 PM&quot;,
    &quot;Category&quot; : &quot;DNC_FROM&quot;,
    &quot;CategoryId&quot; : &quot;a0O3h000001MfvmEAC&quot;
  }, {
    &quot;AccountId&quot; : &quot;0013h00000FWybuAAD&quot;,
    &quot;AttrAssignId&quot; : &quot;a0M3h000003LjbFEAS&quot;,
    &quot;AttrValue&quot; : &quot;Email&quot;,
    &quot;Category&quot; : &quot;OFFERS_PROMOTIONS&quot;,
    &quot;CategoryId&quot; : &quot;a0O3h000001Mfw5EAC&quot;
  }, {
    &quot;AccountId&quot; : &quot;0013h00000FWybuAAD&quot;,
    &quot;AttrAssignId&quot; : &quot;a0M3h000003LjbUEAS&quot;,
    &quot;AttrValue&quot; : &quot;9:00 AM&quot;,
    &quot;Category&quot; : &quot;DNC_TO&quot;,
    &quot;CategoryId&quot; : &quot;a0O3h000001Mg0HEAS&quot;
  }, {
    &quot;AccountId&quot; : &quot;0013h00000FWybuAAD&quot;,
    &quot;AttrAssignId&quot; : &quot;a0M3h000003Ljb5EAC&quot;,
    &quot;AttrValue&quot; : &quot;Email&quot;,
    &quot;Category&quot; : &quot;BILL_NOTIFICATIONS&quot;,
    &quot;CategoryId&quot; : &quot;a0O3h000001MfvkEAC&quot;
  }, {
    &quot;AccountId&quot; : &quot;0013h00000FWybuAAD&quot;,
    &quot;AttrAssignId&quot; : &quot;a0M3h000003Ljb0EAC&quot;,
    &quot;AttrValue&quot; : &quot;Email&quot;,
    &quot;Category&quot; : &quot;PAYMENT_REMINDERS&quot;,
    &quot;CategoryId&quot; : &quot;a0O3h000001MfvlEAC&quot;
  } ],
  &quot;id&quot; : &quot;a2j3h000000tAKJAA2&quot;,
  &quot;isdtp&quot; : &quot;p1&quot;,
  &quot;layout&quot; : &quot;lightning&quot;,
  &quot;sfdcIFrameHost&quot; : &quot;web&quot;,
  &quot;sfdcIFrameOrigin&quot; : &quot;https://sebanti-tso-energy--vlocity-cmt.visualforce.com&quot;,
  &quot;testContextId&quot; : &quot;0013h00000FWybuAAD&quot;,
  &quot;timeStamp&quot; : &quot;2020-07-15T05:39:49.488Z&quot;,
  &quot;userCurrencyCode&quot; : &quot;USD&quot;,
  &quot;userId&quot; : &quot;0053h000002WfuuAAC&quot;,
  &quot;userName&quot; : &quot;express_org_sebanti@org.dev&quot;,
  &quot;userProfile&quot; : &quot;System Administrator&quot;,
  &quot;userTimeZone&quot; : -420,
  &quot;vlcPersistentComponent&quot; : { }
}</previewJsonData>
    <processSuperBulk>false</processSuperBulk>
    <responseCacheTtlMinutes>0.0</responseCacheTtlMinutes>
    <rollbackOnError>false</rollbackOnError>
    <sourceObject>json</sourceObject>
    <sourceObjectDefault>false</sourceObjectDefault>
    <synchronousProcessThreshold>-1.0</synchronousProcessThreshold>
    <type>Transform</type>
    <uniqueName>VPLTransformNewAccountPref_1</uniqueName>
    <versionNumber>1.0</versionNumber>
    <xmlDeclarationRemoved>false</xmlDeclarationRemoved>
</OmniDataTransform>
