<?xml version="1.0" encoding="UTF-8"?>
<OmniDataTransform xmlns="http://soap.sforce.com/2006/04/metadata">
    <active>false</active>
    <assignmentRulesUsed>false</assignmentRulesUsed>
    <deletedOnSuccess>false</deletedOnSuccess>
    <errorIgnored>false</errorIgnored>
    <expectedInputJson>{
  &quot;ContextId&quot; : null,
  &quot;IntegrationType&quot; : &quot;JSON&quot;,
  &quot;OmniscriptType&quot; : &quot;UpdateAccount&quot;,
  &quot;UpdateAccount&quot; : {
    &quot;BillingDetails&quot; : {
      &quot;AccountName&quot; : null,
      &quot;BillAccountId&quot; : null,
      &quot;BillCopies&quot; : null,
      &quot;BillDeliveryMethod&quot; : null,
      &quot;BillFormat&quot; : null,
      &quot;BillFrequency&quot; : null,
      &quot;BillingAddressCity&quot; : null,
      &quot;BillingAddressCountry&quot; : null,
      &quot;BillingAddressPostalCode&quot; : null,
      &quot;BillingAddressState&quot; : null,
      &quot;BillingAddressStreet&quot; : null,
      &quot;BillingCycle&quot; : null,
      &quot;BillingEmailAddress&quot; : null
    },
    &quot;BusinessPremisesDetails&quot; : {
      &quot;BusinessPremisesName&quot; : null,
      &quot;NewBusinessPremises&quot; : null,
      &quot;NewBusinessPremisesText&quot; : null,
      &quot;PremisesBusinesId&quot; : null
    },
    &quot;ConsumerPremisesDetails&quot; : {
      &quot;ConsumerPremisesName&quot; : null,
      &quot;NewConsumerPremises&quot; : null,
      &quot;NewConsumerPremisesText&quot; : null,
      &quot;PremisesConsumerId&quot; : null
    },
    &quot;GeneralDetails&quot; : {
      &quot;AccNumber&quot; : null,
      &quot;CustomerClass&quot; : null,
      &quot;Description&quot; : null,
      &quot;GeneralAccountId&quot; : null,
      &quot;Industry&quot; : null,
      &quot;IsPrimaryContactChanged&quot; : null,
      &quot;NewParentAccountLookup&quot; : null,
      &quot;NewParentAccountText&quot; : null,
      &quot;OwnerName&quot; : null,
      &quot;ParentAccountName&quot; : null,
      &quot;Phone&quot; : null,
      &quot;PrimaryContact-Block&quot; : {
        &quot;ContactId&quot; : null,
        &quot;ContactName&quot; : null,
        &quot;PrimaryContact&quot; : null
      },
      &quot;Website&quot; : null
    },
    &quot;TaxDetails&quot; : {
      &quot;TaxAccountId&quot; : null,
      &quot;TaxExcemptionEndDate&quot; : null,
      &quot;TaxExcemptionPercentage&quot; : null,
      &quot;TaxExcemptionStartDate&quot; : null,
      &quot;TaxExcemptionType&quot; : null,
      &quot;TaxId&quot; : null
    }
  },
  &quot;timeStamp&quot; : null,
  &quot;userId&quot; : null,
  &quot;userName&quot; : null,
  &quot;userProfile&quot; : null,
  &quot;userTimeZone&quot; : null,
  &quot;vlcPersistentComponent&quot; : { },
  &quot;vlcTimeTracking&quot; : {
    &quot;DRExtractAccountDetails&quot; : null,
    &quot;DRExtractBussinessAccountRecId&quot; : null,
    &quot;DRExtractServiceAccountPremises&quot; : null,
    &quot;DRGetAccContactRelDetailsForNewPrimCon&quot; : null,
    &quot;DRGetConsumerBillingDetails&quot; : null,
    &quot;DRTransfromDetails&quot; : null,
    &quot;DataRaptorPostAction1&quot; : null,
    &quot;DataRaptorTransformAction2&quot; : null,
    &quot;Finish&quot; : null,
    &quot;IPFetchAccountId&quot; : null,
    &quot;IPGetBillingAccountDetails&quot; : null,
    &quot;SVSetDefaultValues&quot; : null,
    &quot;SetConsumerAccountDefaultValues&quot; : null,
    &quot;UpdateAccount&quot; : null
  }
}</expectedInputJson>
    <fieldLevelSecurityEnabled>false</fieldLevelSecurityEnabled>
    <inputType>JSON</inputType>
    <name>VPLTransformPrimaryContactAccountContactRelDetails</name>
    <nullInputsIncludedInOutput>true</nullInputsIncludedInOutput>
    <omniDataTransformItem>
        <disabled>false</disabled>
        <filterGroup>0.0</filterGroup>
        <formulaConverted>| var:AccConRelation|1:Roles var:null != | var:AccConRelation|1:Roles &apos;;Primary/\/\/Contact;&apos; CONCAT &apos;Primary/\/\/Contact;&apos; IF</formulaConverted>
        <formulaExpression>IF(%AccConRelation|1:Roles% != null ,CONCAT(%AccConRelation|1:Roles%,&apos;;Primary Contact;&apos;) , &apos;Primary Contact;&apos;)</formulaExpression>
        <formulaResultPath>Roles</formulaResultPath>
        <formulaSequence>1.0</formulaSequence>
        <globalKey>VPL-TransformPrimaryContactAccountContactRelDetailsCustom6064</globalKey>
        <inputObjectQuerySequence>0.0</inputObjectQuerySequence>
        <linkedObjectSequence>0.0</linkedObjectSequence>
        <name>VPL-TransformPrimaryContactAccountContactRelDetails</name>
        <outputCreationSequence>0.0</outputCreationSequence>
        <outputFieldName>Formula</outputFieldName>
        <outputObjectName>Formula</outputObjectName>
        <requiredForUpsert>false</requiredForUpsert>
        <upsertKey>false</upsertKey>
    </omniDataTransformItem>
    <omniDataTransformItem>
        <disabled>false</disabled>
        <filterGroup>0.0</filterGroup>
        <globalKey>VPL-TransformPrimaryContactAccountContactRelDetailsCustom9330</globalKey>
        <inputFieldName>PrevPrimaryContactRole</inputFieldName>
        <inputObjectQuerySequence>0.0</inputObjectQuerySequence>
        <linkedObjectSequence>0.0</linkedObjectSequence>
        <name>VPL-TransformPrimaryContactAccountContactRelDetails</name>
        <outputCreationSequence>1.0</outputCreationSequence>
        <outputFieldName>AccConRelation|2:Roles</outputFieldName>
        <outputObjectName>json</outputObjectName>
        <requiredForUpsert>false</requiredForUpsert>
        <upsertKey>false</upsertKey>
    </omniDataTransformItem>
    <omniDataTransformItem>
        <disabled>false</disabled>
        <filterGroup>0.0</filterGroup>
        <formulaConverted>| | var:AccountDetail:ContactRoles &quot;Primary/\/\/Contact&quot; STRINGINDEXOF 0 == | var:AccountDetail:ContactRoles | var:AccountDetail:ContactRoles &quot;Primary/\/\/Contact&quot; STRINGINDEXOF 15 + SUBSTRING &quot;&quot; == &amp;&amp; &quot;;&quot; | | var:AccountDetail:ContactRoles &quot;Primary/\/\/Contact&quot; STRINGINDEXOF 0 == | var:AccountDetail:ContactRoles 0 | var:AccountDetail:ContactRoles &quot;Primary/\/\/Contact&quot; STRINGINDEXOF 15 + SUBSTRING &quot;Primary/\/\/Contact&quot; == &amp;&amp; | var:AccountDetail:ContactRoles | var:AccountDetail:ContactRoles &quot;Primary/\/\/Contact&quot; STRINGINDEXOF 15 + SUBSTRING | | var:AccountDetail:ContactRoles 0 | var:AccountDetail:ContactRoles &quot;Primary/\/\/Contact&quot; STRINGINDEXOF SUBSTRING | var:AccountDetail:ContactRoles | var:AccountDetail:ContactRoles &quot;Primary/\/\/Contact&quot; STRINGINDEXOF 15 + SUBSTRING CONCAT IF IF</formulaConverted>
        <formulaExpression>IF((STRINGINDEXOF(%AccountDetail:ContactRoles%,&quot;Primary Contact&quot;)==0 &amp;&amp;SUBSTRING(%AccountDetail:ContactRoles%,(STRINGINDEXOF(%AccountDetail:ContactRoles%,&quot;Primary Contact&quot;)+15))==&quot;&quot;),&quot;;&quot;,IF((STRINGINDEXOF(%AccountDetail:ContactRoles%,&quot;Primary Contact&quot;)==0 &amp;&amp;SUBSTRING(%AccountDetail:ContactRoles%,0,(STRINGINDEXOF(%AccountDetail:ContactRoles%,&quot;Primary Contact&quot;)+15))==&quot;Primary Contact&quot;),SUBSTRING(%AccountDetail:ContactRoles%,(STRINGINDEXOF(%AccountDetail:ContactRoles%,&quot;Primary Contact&quot;)+15)),CONCAT(SUBSTRING(%AccountDetail:ContactRoles%,0,STRINGINDEXOF(%AccountDetail:ContactRoles%,&quot;Primary Contact&quot;)),SUBSTRING(%AccountDetail:ContactRoles%,(STRINGINDEXOF(%AccountDetail:ContactRoles%,&quot;Primary Contact&quot;)+15)))
)
)</formulaExpression>
        <formulaResultPath>PrevPrimaryContactRole</formulaResultPath>
        <formulaSequence>2.0</formulaSequence>
        <globalKey>VPL-TransformPrimaryContactAccountContactRelDetailsCustom8285</globalKey>
        <inputObjectQuerySequence>0.0</inputObjectQuerySequence>
        <linkedObjectSequence>0.0</linkedObjectSequence>
        <name>VPL-TransformPrimaryContactAccountContactRelDetails</name>
        <outputCreationSequence>0.0</outputCreationSequence>
        <outputFieldName>Formula</outputFieldName>
        <outputObjectName>Formula</outputObjectName>
        <requiredForUpsert>false</requiredForUpsert>
        <upsertKey>false</upsertKey>
    </omniDataTransformItem>
    <omniDataTransformItem>
        <disabled>false</disabled>
        <filterGroup>0.0</filterGroup>
        <globalKey>VPL-TransformPrimaryContactAccountContactRelDetailsCustom7737</globalKey>
        <inputFieldName>UpdateAccount:GeneralDetails:PrimaryContact-Block:ContactId</inputFieldName>
        <inputObjectQuerySequence>0.0</inputObjectQuerySequence>
        <linkedObjectSequence>0.0</linkedObjectSequence>
        <name>VPL-TransformPrimaryContactAccountContactRelDetails</name>
        <outputCreationSequence>1.0</outputCreationSequence>
        <outputFieldName>Account:PrimaryContact</outputFieldName>
        <outputObjectName>json</outputObjectName>
        <requiredForUpsert>false</requiredForUpsert>
        <upsertKey>false</upsertKey>
    </omniDataTransformItem>
    <omniDataTransformItem>
        <disabled>false</disabled>
        <filterGroup>0.0</filterGroup>
        <globalKey>VPL-TransformPrimaryContactAccountContactRelDetailsCustom1770</globalKey>
        <inputFieldName>AccountDetail:ContactId</inputFieldName>
        <inputObjectQuerySequence>0.0</inputObjectQuerySequence>
        <linkedObjectSequence>0.0</linkedObjectSequence>
        <name>VPL-TransformPrimaryContactAccountContactRelDetails</name>
        <outputCreationSequence>1.0</outputCreationSequence>
        <outputFieldName>AccConRelation|2:ContactId</outputFieldName>
        <outputObjectName>json</outputObjectName>
        <requiredForUpsert>false</requiredForUpsert>
        <upsertKey>false</upsertKey>
    </omniDataTransformItem>
    <omniDataTransformItem>
        <disabled>false</disabled>
        <filterGroup>0.0</filterGroup>
        <globalKey>VPL-TransformPrimaryContactAccountContactRelDetailsCustom4225</globalKey>
        <inputFieldName>AccountDetail:AccContactRelId</inputFieldName>
        <inputObjectQuerySequence>0.0</inputObjectQuerySequence>
        <linkedObjectSequence>0.0</linkedObjectSequence>
        <name>VPL-TransformPrimaryContactAccountContactRelDetails</name>
        <outputCreationSequence>1.0</outputCreationSequence>
        <outputFieldName>AccConRelation|2:AccConRoleId</outputFieldName>
        <outputObjectName>json</outputObjectName>
        <requiredForUpsert>false</requiredForUpsert>
        <upsertKey>false</upsertKey>
    </omniDataTransformItem>
    <omniDataTransformItem>
        <disabled>false</disabled>
        <filterGroup>0.0</filterGroup>
        <globalKey>VPL-TransformPrimaryContactAccountContactRelDetailsCustom3490</globalKey>
        <inputFieldName>AccountId</inputFieldName>
        <inputObjectQuerySequence>0.0</inputObjectQuerySequence>
        <linkedObjectSequence>0.0</linkedObjectSequence>
        <name>VPL-TransformPrimaryContactAccountContactRelDetails</name>
        <outputCreationSequence>1.0</outputCreationSequence>
        <outputFieldName>AccConRelation|2:AccountId</outputFieldName>
        <outputObjectName>json</outputObjectName>
        <requiredForUpsert>false</requiredForUpsert>
        <upsertKey>false</upsertKey>
    </omniDataTransformItem>
    <omniDataTransformItem>
        <disabled>false</disabled>
        <filterGroup>0.0</filterGroup>
        <globalKey>VPL-TransformPrimaryContactAccountContactRelDetailsCustom5906</globalKey>
        <inputFieldName>UpdateAccount:GeneralDetails:PrimaryContact-Block:ContactId</inputFieldName>
        <inputObjectQuerySequence>0.0</inputObjectQuerySequence>
        <linkedObjectSequence>0.0</linkedObjectSequence>
        <name>VPL-TransformPrimaryContactAccountContactRelDetails</name>
        <outputCreationSequence>1.0</outputCreationSequence>
        <outputFieldName>AccConRelation|1:ContactId</outputFieldName>
        <outputObjectName>json</outputObjectName>
        <requiredForUpsert>false</requiredForUpsert>
        <upsertKey>false</upsertKey>
    </omniDataTransformItem>
    <omniDataTransformItem>
        <disabled>false</disabled>
        <filterGroup>0.0</filterGroup>
        <globalKey>VPL-TransformPrimaryContactAccountContactRelDetailsCustom5097</globalKey>
        <inputFieldName>Roles</inputFieldName>
        <inputObjectQuerySequence>0.0</inputObjectQuerySequence>
        <linkedObjectSequence>0.0</linkedObjectSequence>
        <name>VPL-TransformPrimaryContactAccountContactRelDetails</name>
        <outputCreationSequence>1.0</outputCreationSequence>
        <outputFieldName>AccConRelation|1:Roles</outputFieldName>
        <outputObjectName>json</outputObjectName>
        <requiredForUpsert>false</requiredForUpsert>
        <upsertKey>false</upsertKey>
    </omniDataTransformItem>
    <omniDataTransformItem>
        <disabled>false</disabled>
        <filterGroup>0.0</filterGroup>
        <globalKey>VPL-TransformPrimaryContactAccountContactRelDetailsCustom9745</globalKey>
        <inputFieldName>AccConRelation|1:Id</inputFieldName>
        <inputObjectQuerySequence>0.0</inputObjectQuerySequence>
        <linkedObjectSequence>0.0</linkedObjectSequence>
        <name>VPL-TransformPrimaryContactAccountContactRelDetails</name>
        <outputCreationSequence>1.0</outputCreationSequence>
        <outputFieldName>AccConRelation|1:AccConRoleId</outputFieldName>
        <outputObjectName>json</outputObjectName>
        <requiredForUpsert>false</requiredForUpsert>
        <upsertKey>false</upsertKey>
    </omniDataTransformItem>
    <omniDataTransformItem>
        <disabled>false</disabled>
        <filterGroup>0.0</filterGroup>
        <globalKey>VPL-TransformPrimaryContactAccountContactRelDetailsCustom1699</globalKey>
        <inputFieldName>AccountId</inputFieldName>
        <inputObjectQuerySequence>0.0</inputObjectQuerySequence>
        <linkedObjectSequence>0.0</linkedObjectSequence>
        <name>VPL-TransformPrimaryContactAccountContactRelDetails</name>
        <outputCreationSequence>1.0</outputCreationSequence>
        <outputFieldName>AccConRelation|1:AccountId</outputFieldName>
        <outputObjectName>json</outputObjectName>
        <requiredForUpsert>false</requiredForUpsert>
        <upsertKey>false</upsertKey>
    </omniDataTransformItem>
    <outputType>JSON</outputType>
    <previewJsonData>{
  &quot;AccountDetail&quot; : {
    &quot;AccContactRelId&quot; : &quot;07k3h000002K9dVAAS&quot;,
    &quot;AccountNumber&quot; : &quot;1123&quot;,
    &quot;ContactId&quot; : &quot;0033h000009kZilAAE&quot;,
    &quot;ContactRoles&quot; : &quot;Primary Contact;samdgfksajg;sagasfgasgf;asgsgasgd&quot;,
    &quot;CustomerClass&quot; : &quot;SMB&quot;,
    &quot;Description&quot; : &quot;Test description&quot;,
    &quot;Id&quot; : &quot;0013h00000C1b8cAAB&quot;,
    &quot;Industry&quot; : &quot;Apparel&quot;,
    &quot;Name&quot; : &quot;Glasgow Dealer&quot;,
    &quot;OwnerName&quot; : &quot;Sebanti Chowhury&quot;,
    &quot;ParentAccountId&quot; : &quot;0013h00000C1vtMAAR&quot;,
    &quot;ParentAccountName&quot; : &quot;Southampton Dealer&quot;,
    &quot;Phone&quot; : &quot;8767576990&quot;,
    &quot;PremisesId&quot; : &quot;a3X3h0000006OvxEAE&quot;,
    &quot;PremisesName&quot; : &quot;Southampton Premise&quot;,
    &quot;PrimaryContactName&quot; : &quot;Michael Schumacher&quot;,
    &quot;Website&quot; : &quot;https://www.twitter.com/akashnaik010&quot;
  },
  &quot;AccountId&quot; : &quot;0013h00000C1b8cAAB&quot;,
  &quot;AccountRecordType&quot; : &quot;Business&quot;,
  &quot;BusinessAccountRecordType&quot; : &quot;Business&quot;,
  &quot;ContextId&quot; : &quot;0013h00000C1b8cAAB&quot;,
  &quot;IntegrationType&quot; : &quot;JSON&quot;,
  &quot;OmniscriptType&quot; : &quot;UpdateAccount&quot;,
  &quot;RecordType&quot; : [ {
    &quot;Id&quot; : &quot;0123h000000jV4HAAU&quot;,
    &quot;Name&quot; : &quot;Business&quot;
  } ],
  &quot;SObjectName&quot; : &quot;Account&quot;,
  &quot;ServicePremises&quot; : [ {
    &quot;Id&quot; : &quot;0013h00000GFhZ7AAL&quot;,
    &quot;PremisesName&quot; : &quot;Southern Premise&quot;,
    &quot;SrevicePremisesId&quot; : &quot;a3X3h0000006NRPEA2&quot;
  }, {
    &quot;Id&quot; : &quot;0013h00000C1iawAAB&quot;,
    &quot;PremisesName&quot; : &quot;Leicester Premise&quot;,
    &quot;SrevicePremisesId&quot; : &quot;a3X3h0000006OvjEAE&quot;
  } ],
  &quot;UpdateAccount&quot; : {
    &quot;BillingDetails&quot; : {
      &quot;AccountName&quot; : &quot;013-Billing&quot;,
      &quot;BillAccountId&quot; : &quot;0013h00000C1iZWAAZ&quot;,
      &quot;BillDeliveryMethod&quot; : &quot;Electronic Statements Online&quot;,
      &quot;BillFormat&quot; : &quot;Detail&quot;,
      &quot;BillFrequency&quot; : &quot;Monthly&quot;,
      &quot;BillingAddressCity&quot; : &quot;bengaluru&quot;,
      &quot;BillingAddressCountry&quot; : &quot;India&quot;,
      &quot;BillingAddressPostalCode&quot; : &quot;56001&quot;,
      &quot;BillingAddressState&quot; : &quot;karnataka&quot;,
      &quot;BillingAddressStreet&quot; : &quot;Vidhan soudha&quot;,
      &quot;BillingCycle&quot; : &quot;2&quot;,
      &quot;BillingEmailAddress&quot; : &quot;test@tt.co&quot;
    },
    &quot;BusinessPremisesDetails&quot; : [ {
      &quot;BusinessPremisesId&quot; : &quot;a3X3h0000006NRPEA2&quot;,
      &quot;BusinessPremisesName&quot; : &quot;Southern Premise&quot;,
      &quot;PremisesBusinesId&quot; : &quot;0013h00000GFhZ7AAL&quot;
    }, {
      &quot;BusinessPremisesId&quot; : &quot;a3X3h0000006OvjEAE&quot;,
      &quot;BusinessPremisesName&quot; : &quot;Leicester Premise&quot;,
      &quot;PremisesBusinesId&quot; : &quot;0013h00000C1iawAAB&quot;
    } ],
    &quot;ConsumerPremisesDetails&quot; : null,
    &quot;GeneralDetails&quot; : {
      &quot;AccNumber&quot; : &quot;1123&quot;,
      &quot;CustomerClass&quot; : &quot;SMB&quot;,
      &quot;Description&quot; : &quot;Test description&quot;,
      &quot;GeneralAccountId&quot; : &quot;0013h00000C1b8cAAB&quot;,
      &quot;Industry&quot; : &quot;Apparel&quot;,
      &quot;IsPrimaryContactChanged&quot; : false,
      &quot;OwnerName&quot; : &quot;Sebanti Chowhury&quot;,
      &quot;ParentAccountName&quot; : &quot;Southampton Dealer&quot;,
      &quot;Phone&quot; : &quot;8767576990&quot;,
      &quot;PremisesName&quot; : &quot;Southampton Premise&quot;,
      &quot;PrimaryContact-Block&quot; : {
        &quot;ContactId&quot; : &quot;0033h000009kZilAAE&quot;,
        &quot;PrimaryContact&quot; : &quot;Michael Schumacher&quot;
      },
      &quot;Website&quot; : &quot;https://www.twitter.com/akashnaik010&quot;
    },
    &quot;TaxDetails&quot; : {
      &quot;TaxAccountId&quot; : &quot;0013h00000C1iZWAAZ&quot;,
      &quot;TaxExcemptionEndDate&quot; : &quot;2020-08-24T18:30:00.000Z&quot;,
      &quot;TaxExcemptionPercentage&quot; : 10,
      &quot;TaxExcemptionStartDate&quot; : &quot;2020-06-30T18:30:00.000Z&quot;,
      &quot;TaxExcemptionType&quot; : &quot;Exempt&quot;,
      &quot;TaxId&quot; : &quot;12-2222223&quot;
    }
  },
  &quot;timeStamp&quot; : &quot;2020-08-10T16:23:57.144Z&quot;,
  &quot;userCurrencyCode&quot; : &quot;USD&quot;,
  &quot;userId&quot; : &quot;0053h000002WfuuAAC&quot;,
  &quot;userName&quot; : &quot;express_org_sebanti@org.dev&quot;,
  &quot;userProfile&quot; : &quot;System Administrator&quot;,
  &quot;userTimeZone&quot; : &quot;-420&quot;
}</previewJsonData>
    <processSuperBulk>false</processSuperBulk>
    <responseCacheTtlMinutes>0.0</responseCacheTtlMinutes>
    <rollbackOnError>false</rollbackOnError>
    <sourceObject>json</sourceObject>
    <sourceObjectDefault>false</sourceObjectDefault>
    <synchronousProcessThreshold>-1.0</synchronousProcessThreshold>
    <type>Transform</type>
    <uniqueName>VPLTransformPrimaryContactAccountContactRelDetails_1</uniqueName>
    <versionNumber>1.0</versionNumber>
    <xmlDeclarationRemoved>false</xmlDeclarationRemoved>
</OmniDataTransform>
