<?xml version="1.0" encoding="UTF-8"?>
<OmniDataTransform xmlns="http://soap.sforce.com/2006/04/metadata">
    <active>false</active>
    <assignmentRulesUsed>false</assignmentRulesUsed>
    <deletedOnSuccess>false</deletedOnSuccess>
    <errorIgnored>false</errorIgnored>
    <expectedInputJson>{
  &quot;BillingProfileDetails&quot; : {
    &quot;BillingAccountProfile&quot; : {
      &quot;AccountId&quot; : &quot;0013h00000C1iZWAAZ&quot;,
      &quot;AccountName&quot; : &quot;013-Billing&quot;,
      &quot;AccountNumber&quot; : &quot;&quot;,
      &quot;BillCycle&quot; : &quot;2&quot;,
      &quot;BillDeliveryMethod&quot; : &quot;Electronic Statements Online&quot;,
      &quot;BillFormat&quot; : &quot;Detail&quot;,
      &quot;BillFrequency&quot; : &quot;Monthly&quot;,
      &quot;BillNumberCopies&quot; : &quot;&quot;,
      &quot;BillingAddressCity&quot; : &quot;bengaluru&quot;,
      &quot;BillingAddressCountry&quot; : &quot;India&quot;,
      &quot;BillingAddressPostalCode&quot; : &quot;56001&quot;,
      &quot;BillingAddressState&quot; : &quot;karnataka&quot;,
      &quot;BillingAddressStreet&quot; : &quot;Vidhan soudha&quot;,
      &quot;BillingEmailAddress&quot; : &quot;test@tt.co&quot;
    },
    &quot;TaxDetails&quot; : {
      &quot;TaxExcemptionEndDate&quot; : &quot;08/25/2020&quot;,
      &quot;TaxExcemptionPercentage&quot; : 10,
      &quot;TaxExcemptionStartDate&quot; : &quot;07/01/2020&quot;,
      &quot;TaxExcemptionType&quot; : &quot;Exempt&quot;,
      &quot;TaxId&quot; : &quot;12-2222223&quot;
    }
  }
}</expectedInputJson>
    <fieldLevelSecurityEnabled>false</fieldLevelSecurityEnabled>
    <inputType>JSON</inputType>
    <name>VPLTransformAccountDetails</name>
    <nullInputsIncludedInOutput>false</nullInputsIncludedInOutput>
    <omniDataTransformItem>
        <disabled>false</disabled>
        <filterGroup>0.0</filterGroup>
        <globalKey>VPL-TransformAccountDetailsCustoma1V4x00000BrFefEAFItem6</globalKey>
        <inputFieldName>BillingProfileDetails:BillingAccountProfile:BillNumberCopies</inputFieldName>
        <inputObjectQuerySequence>0.0</inputObjectQuerySequence>
        <linkedObjectSequence>0.0</linkedObjectSequence>
        <name>VPL-TransformAccountDetails</name>
        <outputCreationSequence>1.0</outputCreationSequence>
        <outputFieldName>BillingDetails:BillCopies</outputFieldName>
        <outputObjectName>json</outputObjectName>
        <requiredForUpsert>false</requiredForUpsert>
        <upsertKey>false</upsertKey>
    </omniDataTransformItem>
    <omniDataTransformItem>
        <disabled>false</disabled>
        <filterGroup>0.0</filterGroup>
        <globalKey>VPL-TransformAccountDetailsCustoma1V4x00000BrFefEAFItem7</globalKey>
        <inputFieldName>ConsumerAccount:BillCopies</inputFieldName>
        <inputObjectQuerySequence>0.0</inputObjectQuerySequence>
        <linkedObjectSequence>0.0</linkedObjectSequence>
        <name>VPL-TransformAccountDetails</name>
        <outputCreationSequence>1.0</outputCreationSequence>
        <outputFieldName>BillingDetails:BillCopies</outputFieldName>
        <outputObjectName>json</outputObjectName>
        <requiredForUpsert>false</requiredForUpsert>
        <upsertKey>false</upsertKey>
    </omniDataTransformItem>
    <omniDataTransformItem>
        <disabled>false</disabled>
        <filterGroup>0.0</filterGroup>
        <globalKey>VPL-TransformAccountDetailsCustoma1V4x00000BrFefEAFItem4</globalKey>
        <inputFieldName>BillingProfileDetails:BillingAccountProfile:AccountId</inputFieldName>
        <inputObjectQuerySequence>0.0</inputObjectQuerySequence>
        <linkedObjectSequence>0.0</linkedObjectSequence>
        <name>VPL-TransformAccountDetails</name>
        <outputCreationSequence>1.0</outputCreationSequence>
        <outputFieldName>BillingDetails:BillAccountId</outputFieldName>
        <outputObjectName>json</outputObjectName>
        <requiredForUpsert>false</requiredForUpsert>
        <upsertKey>false</upsertKey>
    </omniDataTransformItem>
    <omniDataTransformItem>
        <disabled>false</disabled>
        <filterGroup>0.0</filterGroup>
        <globalKey>VPL-TransformAccountDetailsCustoma1V4x00000BrFefEAFItem5</globalKey>
        <inputFieldName>ConsumerAccount:ConsumerAccountId</inputFieldName>
        <inputObjectQuerySequence>0.0</inputObjectQuerySequence>
        <linkedObjectSequence>0.0</linkedObjectSequence>
        <name>VPL-TransformAccountDetails</name>
        <outputCreationSequence>1.0</outputCreationSequence>
        <outputFieldName>BillingDetails:BillAccountId</outputFieldName>
        <outputObjectName>json</outputObjectName>
        <requiredForUpsert>false</requiredForUpsert>
        <upsertKey>false</upsertKey>
    </omniDataTransformItem>
    <omniDataTransformItem>
        <disabled>false</disabled>
        <filterGroup>0.0</filterGroup>
        <globalKey>VPL-TransformAccountDetailsCustoma1V4x00000BrFefEAFItem2</globalKey>
        <inputFieldName>BillingProfileDetails:BillingAccountProfile:AccountNumber</inputFieldName>
        <inputObjectQuerySequence>0.0</inputObjectQuerySequence>
        <linkedObjectSequence>0.0</linkedObjectSequence>
        <name>VPL-TransformAccountDetails</name>
        <outputCreationSequence>1.0</outputCreationSequence>
        <outputFieldName>BillingDetails:AccountNumber</outputFieldName>
        <outputObjectName>json</outputObjectName>
        <requiredForUpsert>false</requiredForUpsert>
        <upsertKey>false</upsertKey>
    </omniDataTransformItem>
    <omniDataTransformItem>
        <disabled>false</disabled>
        <filterGroup>0.0</filterGroup>
        <globalKey>VPL-TransformAccountDetailsCustoma1V4x00000BrFefEAFItem3</globalKey>
        <inputFieldName>ConsumerAccount:AccountNumber</inputFieldName>
        <inputObjectQuerySequence>0.0</inputObjectQuerySequence>
        <linkedObjectSequence>0.0</linkedObjectSequence>
        <name>VPL-TransformAccountDetails</name>
        <outputCreationSequence>1.0</outputCreationSequence>
        <outputFieldName>BillingDetails:AccountNumber</outputFieldName>
        <outputObjectName>json</outputObjectName>
        <requiredForUpsert>false</requiredForUpsert>
        <upsertKey>false</upsertKey>
    </omniDataTransformItem>
    <omniDataTransformItem>
        <disabled>false</disabled>
        <filterGroup>0.0</filterGroup>
        <globalKey>VPL-TransformAccountDetailsCustoma1V4x00000BrFefEAFItem0</globalKey>
        <inputFieldName>BillingProfileDetails:BillingAccountProfile:AccountName</inputFieldName>
        <inputObjectQuerySequence>0.0</inputObjectQuerySequence>
        <linkedObjectSequence>0.0</linkedObjectSequence>
        <name>VPL-TransformAccountDetails</name>
        <outputCreationSequence>1.0</outputCreationSequence>
        <outputFieldName>BillingDetails:AccountName</outputFieldName>
        <outputObjectName>json</outputObjectName>
        <requiredForUpsert>false</requiredForUpsert>
        <upsertKey>false</upsertKey>
    </omniDataTransformItem>
    <omniDataTransformItem>
        <disabled>false</disabled>
        <filterGroup>0.0</filterGroup>
        <globalKey>VPL-TransformAccountDetailsCustoma1V4x00000BrFefEAFItem1</globalKey>
        <inputFieldName>ConsumerAccount:Name</inputFieldName>
        <inputObjectQuerySequence>0.0</inputObjectQuerySequence>
        <linkedObjectSequence>0.0</linkedObjectSequence>
        <name>VPL-TransformAccountDetails</name>
        <outputCreationSequence>1.0</outputCreationSequence>
        <outputFieldName>BillingDetails:AccountName</outputFieldName>
        <outputObjectName>json</outputObjectName>
        <requiredForUpsert>false</requiredForUpsert>
        <upsertKey>false</upsertKey>
    </omniDataTransformItem>
    <omniDataTransformItem>
        <disabled>false</disabled>
        <filterGroup>0.0</filterGroup>
        <globalKey>VPL-TransformAccountDetailsCustoma1V4x00000BrFefEAFItem24</globalKey>
        <inputFieldName>BillingProfileDetails:BillingAccountProfile:BillCycle</inputFieldName>
        <inputObjectQuerySequence>0.0</inputObjectQuerySequence>
        <linkedObjectSequence>0.0</linkedObjectSequence>
        <name>VPL-TransformAccountDetails</name>
        <outputCreationSequence>1.0</outputCreationSequence>
        <outputFieldName>BillingDetails:BillingCycle</outputFieldName>
        <outputObjectName>json</outputObjectName>
        <requiredForUpsert>false</requiredForUpsert>
        <upsertKey>false</upsertKey>
    </omniDataTransformItem>
    <omniDataTransformItem>
        <disabled>false</disabled>
        <filterGroup>0.0</filterGroup>
        <globalKey>VPL-TransformAccountDetailsCustoma1V4x00000BrFefEAFItem25</globalKey>
        <inputFieldName>ConsumerAccount:BillCycle</inputFieldName>
        <inputObjectQuerySequence>0.0</inputObjectQuerySequence>
        <linkedObjectSequence>0.0</linkedObjectSequence>
        <name>VPL-TransformAccountDetails</name>
        <outputCreationSequence>1.0</outputCreationSequence>
        <outputFieldName>BillingDetails:BillingCycle</outputFieldName>
        <outputObjectName>json</outputObjectName>
        <requiredForUpsert>false</requiredForUpsert>
        <upsertKey>false</upsertKey>
    </omniDataTransformItem>
    <omniDataTransformItem>
        <disabled>false</disabled>
        <filterGroup>0.0</filterGroup>
        <globalKey>VPL-TransformAccountDetailsCustoma1V4x00000BrFefEAFItem22</globalKey>
        <inputFieldName>BillingProfileDetails:BillingAccountProfile:BillingAddressStreet</inputFieldName>
        <inputObjectQuerySequence>0.0</inputObjectQuerySequence>
        <linkedObjectSequence>0.0</linkedObjectSequence>
        <name>VPL-TransformAccountDetails</name>
        <outputCreationSequence>1.0</outputCreationSequence>
        <outputFieldName>BillingDetails:BillingAddressStreet</outputFieldName>
        <outputObjectName>json</outputObjectName>
        <requiredForUpsert>false</requiredForUpsert>
        <upsertKey>false</upsertKey>
    </omniDataTransformItem>
    <omniDataTransformItem>
        <disabled>false</disabled>
        <filterGroup>0.0</filterGroup>
        <globalKey>VPL-TransformAccountDetailsCustoma1V4x00000BrFefEAFItem56</globalKey>
        <inputFieldName>ConsumerAccount:TaxId</inputFieldName>
        <inputObjectQuerySequence>0.0</inputObjectQuerySequence>
        <linkedObjectSequence>0.0</linkedObjectSequence>
        <name>VPL-TransformAccountDetails</name>
        <outputCreationSequence>1.0</outputCreationSequence>
        <outputFieldName>TaxDetails:TaxId</outputFieldName>
        <outputObjectName>json</outputObjectName>
        <requiredForUpsert>false</requiredForUpsert>
        <upsertKey>false</upsertKey>
    </omniDataTransformItem>
    <omniDataTransformItem>
        <disabled>false</disabled>
        <filterGroup>0.0</filterGroup>
        <globalKey>VPL-TransformAccountDetailsCustoma1V4x00000BrFefEAFItem23</globalKey>
        <inputFieldName>ConsumerAccount:BillingAddressStreet</inputFieldName>
        <inputObjectQuerySequence>0.0</inputObjectQuerySequence>
        <linkedObjectSequence>0.0</linkedObjectSequence>
        <name>VPL-TransformAccountDetails</name>
        <outputCreationSequence>1.0</outputCreationSequence>
        <outputFieldName>BillingDetails:BillingAddressStreet</outputFieldName>
        <outputObjectName>json</outputObjectName>
        <requiredForUpsert>false</requiredForUpsert>
        <upsertKey>false</upsertKey>
    </omniDataTransformItem>
    <omniDataTransformItem>
        <disabled>false</disabled>
        <filterGroup>0.0</filterGroup>
        <globalKey>VPL-TransformAccountDetailsCustoma1V4x00000BrFefEAFItem20</globalKey>
        <inputFieldName>BillingProfileDetails:BillingAccountProfile:BillingAddressState</inputFieldName>
        <inputObjectQuerySequence>0.0</inputObjectQuerySequence>
        <linkedObjectSequence>0.0</linkedObjectSequence>
        <name>VPL-TransformAccountDetails</name>
        <outputCreationSequence>1.0</outputCreationSequence>
        <outputFieldName>BillingDetails:BillingAddressState</outputFieldName>
        <outputObjectName>json</outputObjectName>
        <requiredForUpsert>false</requiredForUpsert>
        <upsertKey>false</upsertKey>
    </omniDataTransformItem>
    <omniDataTransformItem>
        <disabled>false</disabled>
        <filterGroup>0.0</filterGroup>
        <globalKey>VPL-TransformAccountDetailsCustoma1V4x00000BrFefEAFItem54</globalKey>
        <inputFieldName>ConsumerAccount:TaxExcemptionType</inputFieldName>
        <inputObjectQuerySequence>0.0</inputObjectQuerySequence>
        <linkedObjectSequence>0.0</linkedObjectSequence>
        <name>VPL-TransformAccountDetails</name>
        <outputCreationSequence>1.0</outputCreationSequence>
        <outputFieldName>TaxDetails:TaxExcemptionType</outputFieldName>
        <outputObjectName>json</outputObjectName>
        <requiredForUpsert>false</requiredForUpsert>
        <upsertKey>false</upsertKey>
    </omniDataTransformItem>
    <omniDataTransformItem>
        <disabled>false</disabled>
        <filterGroup>0.0</filterGroup>
        <globalKey>VPL-TransformAccountDetailsCustoma1V4x00000BrFefEAFItem21</globalKey>
        <inputFieldName>ConsumerAccount:BillingAddressState</inputFieldName>
        <inputObjectQuerySequence>0.0</inputObjectQuerySequence>
        <linkedObjectSequence>0.0</linkedObjectSequence>
        <name>VPL-TransformAccountDetails</name>
        <outputCreationSequence>1.0</outputCreationSequence>
        <outputFieldName>BillingDetails:BillingAddressState</outputFieldName>
        <outputObjectName>json</outputObjectName>
        <requiredForUpsert>false</requiredForUpsert>
        <upsertKey>false</upsertKey>
    </omniDataTransformItem>
    <omniDataTransformItem>
        <disabled>false</disabled>
        <filterGroup>0.0</filterGroup>
        <globalKey>VPL-TransformAccountDetailsCustoma1V4x00000BrFefEAFItem55</globalKey>
        <inputFieldName>BillingProfileDetails:TaxDetails:TaxId</inputFieldName>
        <inputObjectQuerySequence>0.0</inputObjectQuerySequence>
        <linkedObjectSequence>0.0</linkedObjectSequence>
        <name>VPL-TransformAccountDetails</name>
        <outputCreationSequence>1.0</outputCreationSequence>
        <outputFieldName>TaxDetails:TaxId</outputFieldName>
        <outputObjectName>json</outputObjectName>
        <requiredForUpsert>false</requiredForUpsert>
        <upsertKey>false</upsertKey>
    </omniDataTransformItem>
    <omniDataTransformItem>
        <disabled>false</disabled>
        <filterGroup>0.0</filterGroup>
        <globalKey>VPL-TransformAccountDetailsCustoma1V4x00000BrFefEAFItem53</globalKey>
        <inputFieldName>BillingProfileDetails:TaxDetails:TaxExcemptionType</inputFieldName>
        <inputObjectQuerySequence>0.0</inputObjectQuerySequence>
        <linkedObjectSequence>0.0</linkedObjectSequence>
        <name>VPL-TransformAccountDetails</name>
        <outputCreationSequence>1.0</outputCreationSequence>
        <outputFieldName>TaxDetails:TaxExcemptionType</outputFieldName>
        <outputObjectName>json</outputObjectName>
        <requiredForUpsert>false</requiredForUpsert>
        <upsertKey>false</upsertKey>
    </omniDataTransformItem>
    <omniDataTransformItem>
        <disabled>false</disabled>
        <filterGroup>0.0</filterGroup>
        <globalKey>VPL-TransformAccountDetailsCustoma1V4x00000BrFefEAFItem58</globalKey>
        <inputFieldName>premiseInfo:premisesId</inputFieldName>
        <inputObjectQuerySequence>0.0</inputObjectQuerySequence>
        <linkedObjectSequence>0.0</linkedObjectSequence>
        <name>VPL-TransformAccountDetails</name>
        <outputCreationSequence>1.0</outputCreationSequence>
        <outputFieldName>ConsumerPremisesDetails:ConsumerPremisesId</outputFieldName>
        <outputObjectName>json</outputObjectName>
        <requiredForUpsert>false</requiredForUpsert>
        <upsertKey>false</upsertKey>
    </omniDataTransformItem>
    <omniDataTransformItem>
        <disabled>false</disabled>
        <filterGroup>0.0</filterGroup>
        <globalKey>VPL-TransformAccountDetailsCustoma1V4x00000BrFefEAFItem57</globalKey>
        <inputFieldName>premiseInfo:premiseName</inputFieldName>
        <inputObjectQuerySequence>0.0</inputObjectQuerySequence>
        <linkedObjectSequence>0.0</linkedObjectSequence>
        <name>VPL-TransformAccountDetails</name>
        <outputCreationSequence>1.0</outputCreationSequence>
        <outputFieldName>ConsumerPremisesDetails:ConsumerPremisesName</outputFieldName>
        <outputObjectName>json</outputObjectName>
        <requiredForUpsert>false</requiredForUpsert>
        <upsertKey>false</upsertKey>
    </omniDataTransformItem>
    <omniDataTransformItem>
        <disabled>false</disabled>
        <filterGroup>0.0</filterGroup>
        <globalKey>VPL-TransformAccountDetailsCustoma1V4x00000BrFefEAFItem30</globalKey>
        <inputFieldName>ServicePremises:Id</inputFieldName>
        <inputObjectQuerySequence>0.0</inputObjectQuerySequence>
        <linkedObjectSequence>0.0</linkedObjectSequence>
        <name>VPL-TransformAccountDetails</name>
        <outputCreationSequence>1.0</outputCreationSequence>
        <outputFieldName>BusinessPremisesDetails:PremisesBusinesId</outputFieldName>
        <outputObjectName>json</outputObjectName>
        <requiredForUpsert>false</requiredForUpsert>
        <upsertKey>false</upsertKey>
    </omniDataTransformItem>
    <omniDataTransformItem>
        <disabled>false</disabled>
        <filterGroup>0.0</filterGroup>
        <globalKey>VPL-TransformAccountDetailsCustoma1V4x00000BrFefEAFItem59</globalKey>
        <inputFieldName>premiseInfo:premiseAccountId</inputFieldName>
        <inputObjectQuerySequence>0.0</inputObjectQuerySequence>
        <linkedObjectSequence>0.0</linkedObjectSequence>
        <name>VPL-TransformAccountDetails</name>
        <outputCreationSequence>1.0</outputCreationSequence>
        <outputFieldName>ConsumerPremisesDetails:ConsumerPremisesAccountId</outputFieldName>
        <outputObjectName>json</outputObjectName>
        <requiredForUpsert>false</requiredForUpsert>
        <upsertKey>false</upsertKey>
    </omniDataTransformItem>
    <omniDataTransformItem>
        <disabled>false</disabled>
        <filterGroup>0.0</filterGroup>
        <globalKey>VPL-TransformAccountDetailsCustoma1V4x00000BrFefEAFItem28</globalKey>
        <inputFieldName>ServicePremises:SrevicePremisesId</inputFieldName>
        <inputObjectQuerySequence>0.0</inputObjectQuerySequence>
        <linkedObjectSequence>0.0</linkedObjectSequence>
        <name>VPL-TransformAccountDetails</name>
        <outputCreationSequence>1.0</outputCreationSequence>
        <outputFieldName>BusinessPremisesDetails:BusinessPremisesId</outputFieldName>
        <outputObjectName>json</outputObjectName>
        <requiredForUpsert>false</requiredForUpsert>
        <upsertKey>false</upsertKey>
    </omniDataTransformItem>
    <omniDataTransformItem>
        <disabled>false</disabled>
        <filterGroup>0.0</filterGroup>
        <globalKey>VPL-TransformAccountDetailsCustoma1V4x00000BrFefEAFItem29</globalKey>
        <inputFieldName>ServicePremises:PremisesName</inputFieldName>
        <inputObjectQuerySequence>0.0</inputObjectQuerySequence>
        <linkedObjectSequence>0.0</linkedObjectSequence>
        <name>VPL-TransformAccountDetails</name>
        <outputCreationSequence>1.0</outputCreationSequence>
        <outputFieldName>BusinessPremisesDetails:BusinessPremisesName</outputFieldName>
        <outputObjectName>json</outputObjectName>
        <requiredForUpsert>false</requiredForUpsert>
        <upsertKey>false</upsertKey>
    </omniDataTransformItem>
    <omniDataTransformItem>
        <disabled>false</disabled>
        <filterGroup>0.0</filterGroup>
        <globalKey>VPL-TransformAccountDetailsCustoma1V4x00000BrFefEAFItem26</globalKey>
        <inputFieldName>BillingProfileDetails:BillingAccountProfile:BillingEmailAddress</inputFieldName>
        <inputObjectQuerySequence>0.0</inputObjectQuerySequence>
        <linkedObjectSequence>0.0</linkedObjectSequence>
        <name>VPL-TransformAccountDetails</name>
        <outputCreationSequence>1.0</outputCreationSequence>
        <outputFieldName>BillingDetails:BillingEmailAddress</outputFieldName>
        <outputObjectName>json</outputObjectName>
        <requiredForUpsert>false</requiredForUpsert>
        <upsertKey>false</upsertKey>
    </omniDataTransformItem>
    <omniDataTransformItem>
        <disabled>false</disabled>
        <filterGroup>0.0</filterGroup>
        <globalKey>VPL-TransformAccountDetailsCustoma1V4x00000BrFefEAFItem27</globalKey>
        <inputFieldName>ConsumerAccount:BillingEmailAddress</inputFieldName>
        <inputObjectQuerySequence>0.0</inputObjectQuerySequence>
        <linkedObjectSequence>0.0</linkedObjectSequence>
        <name>VPL-TransformAccountDetails</name>
        <outputCreationSequence>1.0</outputCreationSequence>
        <outputFieldName>BillingDetails:BillingEmailAddress</outputFieldName>
        <outputObjectName>json</outputObjectName>
        <requiredForUpsert>false</requiredForUpsert>
        <upsertKey>false</upsertKey>
    </omniDataTransformItem>
    <omniDataTransformItem>
        <disabled>false</disabled>
        <filterGroup>0.0</filterGroup>
        <globalKey>VPL-TransformAccountDetailsCustoma1V4x00000BrFefEAFItem14</globalKey>
        <inputFieldName>BillingProfileDetails:BillingAccountProfile:BillingAddressCity</inputFieldName>
        <inputObjectQuerySequence>0.0</inputObjectQuerySequence>
        <linkedObjectSequence>0.0</linkedObjectSequence>
        <name>VPL-TransformAccountDetails</name>
        <outputCreationSequence>1.0</outputCreationSequence>
        <outputFieldName>BillingDetails:BillingAddressCity</outputFieldName>
        <outputObjectName>json</outputObjectName>
        <requiredForUpsert>false</requiredForUpsert>
        <upsertKey>false</upsertKey>
    </omniDataTransformItem>
    <omniDataTransformItem>
        <disabled>false</disabled>
        <filterGroup>0.0</filterGroup>
        <globalKey>VPL-TransformAccountDetailsCustoma1V4x00000BrFefEAFItem49</globalKey>
        <inputFieldName>BillingProfileDetails:TaxDetails:TaxExcemptionPercentage</inputFieldName>
        <inputObjectQuerySequence>0.0</inputObjectQuerySequence>
        <linkedObjectSequence>0.0</linkedObjectSequence>
        <name>VPL-TransformAccountDetails</name>
        <outputCreationSequence>1.0</outputCreationSequence>
        <outputFieldName>TaxDetails:TaxExcemptionPercentage</outputFieldName>
        <outputObjectName>json</outputObjectName>
        <requiredForUpsert>false</requiredForUpsert>
        <upsertKey>false</upsertKey>
    </omniDataTransformItem>
    <omniDataTransformItem>
        <disabled>false</disabled>
        <filterGroup>0.0</filterGroup>
        <globalKey>VPL-TransformAccountDetailsCustoma1V4x00000BrFefEAFItem15</globalKey>
        <inputFieldName>ConsumerAccount:BillingAddressCity</inputFieldName>
        <inputObjectQuerySequence>0.0</inputObjectQuerySequence>
        <linkedObjectSequence>0.0</linkedObjectSequence>
        <name>VPL-TransformAccountDetails</name>
        <outputCreationSequence>1.0</outputCreationSequence>
        <outputFieldName>BillingDetails:BillingAddressCity</outputFieldName>
        <outputObjectName>json</outputObjectName>
        <requiredForUpsert>false</requiredForUpsert>
        <upsertKey>false</upsertKey>
    </omniDataTransformItem>
    <omniDataTransformItem>
        <disabled>false</disabled>
        <filterGroup>0.0</filterGroup>
        <globalKey>VPL-TransformAccountDetailsCustoma1V4x00000BrFefEAFItem50</globalKey>
        <inputFieldName>ConsumerAccount:TaxExcemptionPercentage</inputFieldName>
        <inputObjectQuerySequence>0.0</inputObjectQuerySequence>
        <linkedObjectSequence>0.0</linkedObjectSequence>
        <name>VPL-TransformAccountDetails</name>
        <outputCreationSequence>1.0</outputCreationSequence>
        <outputFieldName>TaxDetails:TaxExcemptionPercentage</outputFieldName>
        <outputObjectName>json</outputObjectName>
        <requiredForUpsert>false</requiredForUpsert>
        <upsertKey>false</upsertKey>
    </omniDataTransformItem>
    <omniDataTransformItem>
        <disabled>false</disabled>
        <filterGroup>0.0</filterGroup>
        <globalKey>VPL-TransformAccountDetailsCustoma1V4x00000BrFefEAFItem12</globalKey>
        <inputFieldName>BillingProfileDetails:BillingAccountProfile:BillFrequency</inputFieldName>
        <inputObjectQuerySequence>0.0</inputObjectQuerySequence>
        <linkedObjectSequence>0.0</linkedObjectSequence>
        <name>VPL-TransformAccountDetails</name>
        <outputCreationSequence>1.0</outputCreationSequence>
        <outputFieldName>BillingDetails:BillFrequency</outputFieldName>
        <outputObjectName>json</outputObjectName>
        <requiredForUpsert>false</requiredForUpsert>
        <upsertKey>false</upsertKey>
    </omniDataTransformItem>
    <omniDataTransformItem>
        <disabled>false</disabled>
        <filterGroup>0.0</filterGroup>
        <globalKey>VPL-TransformAccountDetailsCustoma1V4x00000BrFefEAFItem47</globalKey>
        <inputFieldName>BillingProfileDetails:TaxDetails:TaxExcemptionEndDate</inputFieldName>
        <inputObjectQuerySequence>0.0</inputObjectQuerySequence>
        <linkedObjectSequence>0.0</linkedObjectSequence>
        <name>VPL-TransformAccountDetails</name>
        <outputCreationSequence>1.0</outputCreationSequence>
        <outputFieldName>TaxDetails:TaxExcemptionEndDate</outputFieldName>
        <outputObjectName>json</outputObjectName>
        <requiredForUpsert>false</requiredForUpsert>
        <upsertKey>false</upsertKey>
    </omniDataTransformItem>
    <omniDataTransformItem>
        <disabled>false</disabled>
        <filterGroup>0.0</filterGroup>
        <globalKey>VPL-TransformAccountDetailsCustoma1V4x00000BrFefEAFItem13</globalKey>
        <inputFieldName>ConsumerAccount:BillFrequency</inputFieldName>
        <inputObjectQuerySequence>0.0</inputObjectQuerySequence>
        <linkedObjectSequence>0.0</linkedObjectSequence>
        <name>VPL-TransformAccountDetails</name>
        <outputCreationSequence>1.0</outputCreationSequence>
        <outputFieldName>BillingDetails:BillFrequency</outputFieldName>
        <outputObjectName>json</outputObjectName>
        <requiredForUpsert>false</requiredForUpsert>
        <upsertKey>false</upsertKey>
    </omniDataTransformItem>
    <omniDataTransformItem>
        <disabled>false</disabled>
        <filterGroup>0.0</filterGroup>
        <globalKey>VPL-TransformAccountDetailsCustoma1V4x00000BrFefEAFItem48</globalKey>
        <inputFieldName>ConsumerAccount:TaxExemptionEndDate</inputFieldName>
        <inputObjectQuerySequence>0.0</inputObjectQuerySequence>
        <linkedObjectSequence>0.0</linkedObjectSequence>
        <name>VPL-TransformAccountDetails</name>
        <outputCreationSequence>1.0</outputCreationSequence>
        <outputFieldName>TaxDetails:TaxExcemptionEndDate</outputFieldName>
        <outputObjectName>json</outputObjectName>
        <requiredForUpsert>false</requiredForUpsert>
        <upsertKey>false</upsertKey>
    </omniDataTransformItem>
    <omniDataTransformItem>
        <disabled>false</disabled>
        <filterGroup>0.0</filterGroup>
        <globalKey>VPL-TransformAccountDetailsCustoma1V4x00000BrFefEAFItem10</globalKey>
        <inputFieldName>BillingProfileDetails:BillingAccountProfile:BillFormat</inputFieldName>
        <inputObjectQuerySequence>0.0</inputObjectQuerySequence>
        <linkedObjectSequence>0.0</linkedObjectSequence>
        <name>VPL-TransformAccountDetails</name>
        <outputCreationSequence>1.0</outputCreationSequence>
        <outputFieldName>BillingDetails:BillFormat</outputFieldName>
        <outputObjectName>json</outputObjectName>
        <requiredForUpsert>false</requiredForUpsert>
        <upsertKey>false</upsertKey>
    </omniDataTransformItem>
    <omniDataTransformItem>
        <disabled>false</disabled>
        <filterGroup>0.0</filterGroup>
        <globalKey>VPL-TransformAccountDetailsCustoma1V4x00000BrFefEAFItem45</globalKey>
        <inputFieldName>BillingProfileDetails:BillingAccountProfile:AccountId</inputFieldName>
        <inputObjectQuerySequence>0.0</inputObjectQuerySequence>
        <linkedObjectSequence>0.0</linkedObjectSequence>
        <name>VPL-TransformAccountDetails</name>
        <outputCreationSequence>1.0</outputCreationSequence>
        <outputFieldName>TaxDetails:TaxAccountId</outputFieldName>
        <outputObjectName>json</outputObjectName>
        <requiredForUpsert>false</requiredForUpsert>
        <upsertKey>false</upsertKey>
    </omniDataTransformItem>
    <omniDataTransformItem>
        <disabled>false</disabled>
        <filterGroup>0.0</filterGroup>
        <globalKey>VPL-TransformAccountDetailsCustoma1V4x00000BrFefEAFItem11</globalKey>
        <inputFieldName>ConsumerAccount:BillFormat</inputFieldName>
        <inputObjectQuerySequence>0.0</inputObjectQuerySequence>
        <linkedObjectSequence>0.0</linkedObjectSequence>
        <name>VPL-TransformAccountDetails</name>
        <outputCreationSequence>1.0</outputCreationSequence>
        <outputFieldName>BillingDetails:BillFormat</outputFieldName>
        <outputObjectName>json</outputObjectName>
        <requiredForUpsert>false</requiredForUpsert>
        <upsertKey>false</upsertKey>
    </omniDataTransformItem>
    <omniDataTransformItem>
        <disabled>false</disabled>
        <filterGroup>0.0</filterGroup>
        <globalKey>VPL-TransformAccountDetailsCustoma1V4x00000BrFefEAFItem46</globalKey>
        <inputFieldName>ConsumerAccount:ConsumerAccountId</inputFieldName>
        <inputObjectQuerySequence>0.0</inputObjectQuerySequence>
        <linkedObjectSequence>0.0</linkedObjectSequence>
        <name>VPL-TransformAccountDetails</name>
        <outputCreationSequence>1.0</outputCreationSequence>
        <outputFieldName>TaxDetails:TaxAccountId</outputFieldName>
        <outputObjectName>json</outputObjectName>
        <requiredForUpsert>false</requiredForUpsert>
        <upsertKey>false</upsertKey>
    </omniDataTransformItem>
    <omniDataTransformItem>
        <disabled>false</disabled>
        <filterGroup>0.0</filterGroup>
        <globalKey>VPL-TransformAccountDetailsCustoma1V4x00000BrFefEAFItem8</globalKey>
        <inputFieldName>BillingProfileDetails:BillingAccountProfile:BillDeliveryMethod</inputFieldName>
        <inputObjectQuerySequence>0.0</inputObjectQuerySequence>
        <linkedObjectSequence>0.0</linkedObjectSequence>
        <name>VPL-TransformAccountDetails</name>
        <outputCreationSequence>1.0</outputCreationSequence>
        <outputFieldName>BillingDetails:BillDeliveryMethod</outputFieldName>
        <outputObjectName>json</outputObjectName>
        <requiredForUpsert>false</requiredForUpsert>
        <upsertKey>false</upsertKey>
    </omniDataTransformItem>
    <omniDataTransformItem>
        <disabled>false</disabled>
        <filterGroup>0.0</filterGroup>
        <globalKey>VPL-TransformAccountDetailsCustoma1V4x00000BrFefEAFItem43</globalKey>
        <inputFieldName>AccountDetail:RootAccountName</inputFieldName>
        <inputObjectQuerySequence>0.0</inputObjectQuerySequence>
        <linkedObjectSequence>0.0</linkedObjectSequence>
        <name>VPL-TransformAccountDetails</name>
        <outputCreationSequence>1.0</outputCreationSequence>
        <outputFieldName>GeneralDetails:RootAccountName</outputFieldName>
        <outputObjectName>json</outputObjectName>
        <requiredForUpsert>false</requiredForUpsert>
        <upsertKey>false</upsertKey>
    </omniDataTransformItem>
    <omniDataTransformItem>
        <disabled>false</disabled>
        <filterGroup>0.0</filterGroup>
        <globalKey>VPL-TransformAccountDetailsCustoma1V4x00000BrFefEAFItem9</globalKey>
        <inputFieldName>ConsumerAccount:BillDeliveryMethod</inputFieldName>
        <inputObjectQuerySequence>0.0</inputObjectQuerySequence>
        <linkedObjectSequence>0.0</linkedObjectSequence>
        <name>VPL-TransformAccountDetails</name>
        <outputCreationSequence>1.0</outputCreationSequence>
        <outputFieldName>BillingDetails:BillDeliveryMethod</outputFieldName>
        <outputObjectName>json</outputObjectName>
        <requiredForUpsert>false</requiredForUpsert>
        <upsertKey>false</upsertKey>
    </omniDataTransformItem>
    <omniDataTransformItem>
        <disabled>false</disabled>
        <filterGroup>0.0</filterGroup>
        <globalKey>VPL-TransformAccountDetailsCustoma1V4x00000BrFefEAFItem44</globalKey>
        <inputFieldName>AccountDetail:Website</inputFieldName>
        <inputObjectQuerySequence>0.0</inputObjectQuerySequence>
        <linkedObjectSequence>0.0</linkedObjectSequence>
        <name>VPL-TransformAccountDetails</name>
        <outputCreationSequence>1.0</outputCreationSequence>
        <outputFieldName>GeneralDetails:Website</outputFieldName>
        <outputObjectName>json</outputObjectName>
        <requiredForUpsert>false</requiredForUpsert>
        <upsertKey>false</upsertKey>
    </omniDataTransformItem>
    <omniDataTransformItem>
        <disabled>false</disabled>
        <filterGroup>0.0</filterGroup>
        <globalKey>VPL-TransformAccountDetailsCustoma1V4x00000BrFefEAFItem18</globalKey>
        <inputFieldName>BillingProfileDetails:BillingAccountProfile:BillingAddressPostalCode</inputFieldName>
        <inputObjectQuerySequence>0.0</inputObjectQuerySequence>
        <linkedObjectSequence>0.0</linkedObjectSequence>
        <name>VPL-TransformAccountDetails</name>
        <outputCreationSequence>1.0</outputCreationSequence>
        <outputFieldName>BillingDetails:BillingAddressPostalCode</outputFieldName>
        <outputObjectName>json</outputObjectName>
        <requiredForUpsert>false</requiredForUpsert>
        <upsertKey>false</upsertKey>
    </omniDataTransformItem>
    <omniDataTransformItem>
        <disabled>false</disabled>
        <filterGroup>0.0</filterGroup>
        <globalKey>VPL-TransformAccountDetailsCustoma1V4x00000BrFefEAFItem19</globalKey>
        <inputFieldName>ConsumerAccount:BillingAddressPostalCode</inputFieldName>
        <inputObjectQuerySequence>0.0</inputObjectQuerySequence>
        <linkedObjectSequence>0.0</linkedObjectSequence>
        <name>VPL-TransformAccountDetails</name>
        <outputCreationSequence>1.0</outputCreationSequence>
        <outputFieldName>BillingDetails:BillingAddressPostalCode</outputFieldName>
        <outputObjectName>json</outputObjectName>
        <requiredForUpsert>false</requiredForUpsert>
        <upsertKey>false</upsertKey>
    </omniDataTransformItem>
    <omniDataTransformItem>
        <disabled>false</disabled>
        <filterGroup>0.0</filterGroup>
        <globalKey>VPL-TransformAccountDetailsCustoma1V4x00000BrFefEAFItem16</globalKey>
        <inputFieldName>BillingProfileDetails:BillingAccountProfile:BillingAddressCountry</inputFieldName>
        <inputObjectQuerySequence>0.0</inputObjectQuerySequence>
        <linkedObjectSequence>0.0</linkedObjectSequence>
        <name>VPL-TransformAccountDetails</name>
        <outputCreationSequence>1.0</outputCreationSequence>
        <outputFieldName>BillingDetails:BillingAddressCountry</outputFieldName>
        <outputObjectName>json</outputObjectName>
        <requiredForUpsert>false</requiredForUpsert>
        <upsertKey>false</upsertKey>
    </omniDataTransformItem>
    <omniDataTransformItem>
        <disabled>false</disabled>
        <filterGroup>0.0</filterGroup>
        <globalKey>VPL-TransformAccountDetailsCustoma1V4x00000BrFefEAFItem51</globalKey>
        <inputFieldName>BillingProfileDetails:TaxDetails:TaxExcemptionStartDate</inputFieldName>
        <inputObjectQuerySequence>0.0</inputObjectQuerySequence>
        <linkedObjectSequence>0.0</linkedObjectSequence>
        <name>VPL-TransformAccountDetails</name>
        <outputCreationSequence>1.0</outputCreationSequence>
        <outputFieldName>TaxDetails:TaxExcemptionStartDate</outputFieldName>
        <outputObjectName>json</outputObjectName>
        <requiredForUpsert>false</requiredForUpsert>
        <upsertKey>false</upsertKey>
    </omniDataTransformItem>
    <omniDataTransformItem>
        <disabled>false</disabled>
        <filterGroup>0.0</filterGroup>
        <globalKey>VPL-TransformAccountDetailsCustoma1V4x00000BrFefEAFItem17</globalKey>
        <inputFieldName>ConsumerAccount:BillingAddressCountry</inputFieldName>
        <inputObjectQuerySequence>0.0</inputObjectQuerySequence>
        <linkedObjectSequence>0.0</linkedObjectSequence>
        <name>VPL-TransformAccountDetails</name>
        <outputCreationSequence>1.0</outputCreationSequence>
        <outputFieldName>BillingDetails:BillingAddressCountry</outputFieldName>
        <outputObjectName>json</outputObjectName>
        <requiredForUpsert>false</requiredForUpsert>
        <upsertKey>false</upsertKey>
    </omniDataTransformItem>
    <omniDataTransformItem>
        <disabled>false</disabled>
        <filterGroup>0.0</filterGroup>
        <globalKey>VPL-TransformAccountDetailsCustoma1V4x00000BrFefEAFItem52</globalKey>
        <inputFieldName>ConsumerAccount:TaxExcemptionStartDate</inputFieldName>
        <inputObjectQuerySequence>0.0</inputObjectQuerySequence>
        <linkedObjectSequence>0.0</linkedObjectSequence>
        <name>VPL-TransformAccountDetails</name>
        <outputCreationSequence>1.0</outputCreationSequence>
        <outputFieldName>TaxDetails:TaxExcemptionStartDate</outputFieldName>
        <outputObjectName>json</outputObjectName>
        <requiredForUpsert>false</requiredForUpsert>
        <upsertKey>false</upsertKey>
    </omniDataTransformItem>
    <omniDataTransformItem>
        <disabled>false</disabled>
        <filterGroup>0.0</filterGroup>
        <globalKey>VPL-TransformAccountDetailsCustoma1V4x00000BrFefEAFItem37</globalKey>
        <inputFieldName>AccountDetail:OwnerName</inputFieldName>
        <inputObjectQuerySequence>0.0</inputObjectQuerySequence>
        <linkedObjectSequence>0.0</linkedObjectSequence>
        <name>VPL-TransformAccountDetails</name>
        <outputCreationSequence>1.0</outputCreationSequence>
        <outputFieldName>GeneralDetails:OwnerName</outputFieldName>
        <outputObjectName>json</outputObjectName>
        <requiredForUpsert>false</requiredForUpsert>
        <upsertKey>false</upsertKey>
    </omniDataTransformItem>
    <omniDataTransformItem>
        <disabled>false</disabled>
        <filterGroup>0.0</filterGroup>
        <globalKey>VPL-TransformAccountDetailsCustoma1V4x00000BrFefEAFItem38</globalKey>
        <inputFieldName>AccountDetail:ParentAccountName</inputFieldName>
        <inputObjectQuerySequence>0.0</inputObjectQuerySequence>
        <linkedObjectSequence>0.0</linkedObjectSequence>
        <name>VPL-TransformAccountDetails</name>
        <outputCreationSequence>1.0</outputCreationSequence>
        <outputFieldName>GeneralDetails:ParentAccountName</outputFieldName>
        <outputObjectName>json</outputObjectName>
        <requiredForUpsert>false</requiredForUpsert>
        <upsertKey>false</upsertKey>
    </omniDataTransformItem>
    <omniDataTransformItem>
        <disabled>false</disabled>
        <filterGroup>0.0</filterGroup>
        <globalKey>VPL-TransformAccountDetailsCustoma1V4x00000BrFefEAFItem35</globalKey>
        <inputFieldName>AccountDetail:Name</inputFieldName>
        <inputObjectQuerySequence>0.0</inputObjectQuerySequence>
        <linkedObjectSequence>0.0</linkedObjectSequence>
        <name>VPL-TransformAccountDetails</name>
        <outputCreationSequence>1.0</outputCreationSequence>
        <outputFieldName>GeneralDetails:GenralAccName</outputFieldName>
        <outputObjectName>json</outputObjectName>
        <requiredForUpsert>false</requiredForUpsert>
        <upsertKey>false</upsertKey>
    </omniDataTransformItem>
    <omniDataTransformItem>
        <disabled>false</disabled>
        <filterGroup>0.0</filterGroup>
        <globalKey>VPL-TransformAccountDetailsCustoma1V4x00000BrFefEAFItem36</globalKey>
        <inputFieldName>AccountDetail:Industry</inputFieldName>
        <inputObjectQuerySequence>0.0</inputObjectQuerySequence>
        <linkedObjectSequence>0.0</linkedObjectSequence>
        <name>VPL-TransformAccountDetails</name>
        <outputCreationSequence>1.0</outputCreationSequence>
        <outputFieldName>GeneralDetails:Industry</outputFieldName>
        <outputObjectName>json</outputObjectName>
        <requiredForUpsert>false</requiredForUpsert>
        <upsertKey>false</upsertKey>
    </omniDataTransformItem>
    <omniDataTransformItem>
        <disabled>false</disabled>
        <filterGroup>0.0</filterGroup>
        <globalKey>VPL-TransformAccountDetailsCustoma1V4x00000BrFefEAFItem33</globalKey>
        <inputFieldName>AccountDetail:Description</inputFieldName>
        <inputObjectQuerySequence>0.0</inputObjectQuerySequence>
        <linkedObjectSequence>0.0</linkedObjectSequence>
        <name>VPL-TransformAccountDetails</name>
        <outputCreationSequence>1.0</outputCreationSequence>
        <outputFieldName>GeneralDetails:Description</outputFieldName>
        <outputObjectName>json</outputObjectName>
        <requiredForUpsert>false</requiredForUpsert>
        <upsertKey>false</upsertKey>
    </omniDataTransformItem>
    <omniDataTransformItem>
        <disabled>false</disabled>
        <filterGroup>0.0</filterGroup>
        <globalKey>VPL-TransformAccountDetailsCustoma1V4x00000BrFefEAFItem34</globalKey>
        <inputFieldName>AccountDetail:Id</inputFieldName>
        <inputObjectQuerySequence>0.0</inputObjectQuerySequence>
        <linkedObjectSequence>0.0</linkedObjectSequence>
        <name>VPL-TransformAccountDetails</name>
        <outputCreationSequence>1.0</outputCreationSequence>
        <outputFieldName>GeneralDetails:GeneralAccountId</outputFieldName>
        <outputObjectName>json</outputObjectName>
        <requiredForUpsert>false</requiredForUpsert>
        <upsertKey>false</upsertKey>
    </omniDataTransformItem>
    <omniDataTransformItem>
        <disabled>false</disabled>
        <filterGroup>0.0</filterGroup>
        <globalKey>VPL-TransformAccountDetailsCustoma1V4x00000BrFefEAFItem31</globalKey>
        <inputFieldName>AccountDetail:AccountNumber</inputFieldName>
        <inputObjectQuerySequence>0.0</inputObjectQuerySequence>
        <linkedObjectSequence>0.0</linkedObjectSequence>
        <name>VPL-TransformAccountDetails</name>
        <outputCreationSequence>1.0</outputCreationSequence>
        <outputFieldName>GeneralDetails:AccNumber</outputFieldName>
        <outputObjectName>json</outputObjectName>
        <requiredForUpsert>false</requiredForUpsert>
        <upsertKey>false</upsertKey>
    </omniDataTransformItem>
    <omniDataTransformItem>
        <disabled>false</disabled>
        <filterGroup>0.0</filterGroup>
        <globalKey>VPL-TransformAccountDetailsCustoma1V4x00000BrFefEAFItem32</globalKey>
        <inputFieldName>AccountDetail:CustomerClass</inputFieldName>
        <inputObjectQuerySequence>0.0</inputObjectQuerySequence>
        <linkedObjectSequence>0.0</linkedObjectSequence>
        <name>VPL-TransformAccountDetails</name>
        <outputCreationSequence>1.0</outputCreationSequence>
        <outputFieldName>GeneralDetails:CustomerClass</outputFieldName>
        <outputObjectName>json</outputObjectName>
        <requiredForUpsert>false</requiredForUpsert>
        <upsertKey>false</upsertKey>
    </omniDataTransformItem>
    <omniDataTransformItem>
        <disabled>false</disabled>
        <filterGroup>0.0</filterGroup>
        <globalKey>VPL-TransformAccountDetailsCustoma1V4x00000BrFefEAFItem41</globalKey>
        <inputFieldName>AccountDetail:ContactId</inputFieldName>
        <inputObjectQuerySequence>0.0</inputObjectQuerySequence>
        <linkedObjectSequence>0.0</linkedObjectSequence>
        <name>VPL-TransformAccountDetails</name>
        <outputCreationSequence>1.0</outputCreationSequence>
        <outputFieldName>GeneralDetails:PrimaryContact-Block:ContactId</outputFieldName>
        <outputObjectName>json</outputObjectName>
        <requiredForUpsert>false</requiredForUpsert>
        <upsertKey>false</upsertKey>
    </omniDataTransformItem>
    <omniDataTransformItem>
        <disabled>false</disabled>
        <filterGroup>0.0</filterGroup>
        <globalKey>VPL-TransformAccountDetailsCustoma1V4x00000BrFefEAFItem42</globalKey>
        <inputFieldName>AccountDetail:PrimaryContactName</inputFieldName>
        <inputObjectQuerySequence>0.0</inputObjectQuerySequence>
        <linkedObjectSequence>0.0</linkedObjectSequence>
        <name>VPL-TransformAccountDetails</name>
        <outputCreationSequence>1.0</outputCreationSequence>
        <outputFieldName>GeneralDetails:PrimaryContact-Block:PrimaryContact</outputFieldName>
        <outputObjectName>json</outputObjectName>
        <requiredForUpsert>false</requiredForUpsert>
        <upsertKey>false</upsertKey>
    </omniDataTransformItem>
    <omniDataTransformItem>
        <disabled>false</disabled>
        <filterGroup>0.0</filterGroup>
        <globalKey>VPL-TransformAccountDetailsCustoma1V4x00000BrFefEAFItem39</globalKey>
        <inputFieldName>AccountDetail:Phone</inputFieldName>
        <inputObjectQuerySequence>0.0</inputObjectQuerySequence>
        <linkedObjectSequence>0.0</linkedObjectSequence>
        <name>VPL-TransformAccountDetails</name>
        <outputCreationSequence>1.0</outputCreationSequence>
        <outputFieldName>GeneralDetails:Phone</outputFieldName>
        <outputObjectName>json</outputObjectName>
        <requiredForUpsert>false</requiredForUpsert>
        <upsertKey>false</upsertKey>
    </omniDataTransformItem>
    <omniDataTransformItem>
        <disabled>false</disabled>
        <filterGroup>0.0</filterGroup>
        <globalKey>VPL-TransformAccountDetailsCustoma1V4x00000BrFefEAFItem40</globalKey>
        <inputFieldName>AccountDetail:PremisesName</inputFieldName>
        <inputObjectQuerySequence>0.0</inputObjectQuerySequence>
        <linkedObjectSequence>0.0</linkedObjectSequence>
        <name>VPL-TransformAccountDetails</name>
        <outputCreationSequence>1.0</outputCreationSequence>
        <outputFieldName>GeneralDetails:PremisesName</outputFieldName>
        <outputObjectName>json</outputObjectName>
        <requiredForUpsert>false</requiredForUpsert>
        <upsertKey>false</upsertKey>
    </omniDataTransformItem>
    <outputType>JSON</outputType>
    <previewJsonData>{
  &quot;AccountDetail&quot; : {
    &quot;AccContactRelId&quot; : &quot;07k4x00000T9sSoAAJ&quot;,
    &quot;AccountNumber&quot; : &quot;22000014952&quot;,
    &quot;AccountStatus&quot; : &quot;Active&quot;,
    &quot;ContactId&quot; : &quot;0034x00000MKdB5AAL&quot;,
    &quot;ContactRoles&quot; : &quot;Primary Contact&quot;,
    &quot;Id&quot; : &quot;0014x000016CkYKAA0&quot;,
    &quot;Name&quot; : &quot;Joss  Butler&quot;,
    &quot;OwnerName&quot; : &quot;System Admin&quot;,
    &quot;Phone&quot; : &quot;01926 199330&quot;,
    &quot;PremisesId&quot; : &quot;a3X4x000000lqBDEAY&quot;,
    &quot;PremisesName&quot; : &quot;219, Chittoor, Andhra Pradesh, 517586, India&quot;,
    &quot;PrimaryContactName&quot; : &quot;Joss Butler&quot;
  },
  &quot;AccountId&quot; : &quot;0014x000016CkYKAA0&quot;,
  &quot;AccountRecordType&quot; : &quot;Consumer&quot;,
  &quot;BusinessAccountRecordType&quot; : &quot;Business&quot;,
  &quot;ConsumerAccount&quot; : {
    &quot;AccountNumber&quot; : &quot;22000014952&quot;,
    &quot;ConsumerAccountId&quot; : &quot;0014x000016CkYKAA0&quot;,
    &quot;Name&quot; : &quot;Joss  Butler&quot;,
    &quot;PremisesId&quot; : &quot;a3X4x000000lqBDEAY&quot;,
    &quot;PremisesName&quot; : &quot;219, Chittoor, Andhra Pradesh, 517586, India&quot;
  },
  &quot;ConsumerAccountNumber&quot; : &quot;22000014952&quot;,
  &quot;ContextAccountName&quot; : &quot;Joss  Butler&quot;,
  &quot;ContextId&quot; : &quot;0014x000016CkYKAA0&quot;,
  &quot;IntegrationType&quot; : &quot;JSON&quot;,
  &quot;LanguageCode&quot; : &quot;en_US&quot;,
  &quot;OmniscriptType&quot; : &quot;UpdateAccount&quot;,
  &quot;SObjectName&quot; : &quot;Account&quot;,
  &quot;contextId&quot; : &quot;0014x000016CkYKAA0&quot;,
  &quot;premiseInfo&quot; : [ {
    &quot;accountNumber&quot; : &quot;22000014952&quot;,
    &quot;accountrecordType&quot; : &quot;Consumer&quot;,
    &quot;premiseAccountId&quot; : &quot;0014x000016CkYKAA0&quot;,
    &quot;premiseAddress&quot; : &quot;219 , Chittoor , Andhra Pradesh , 517586&quot;,
    &quot;premiseCity&quot; : &quot;Chittoor&quot;,
    &quot;premiseCountry&quot; : &quot;India&quot;,
    &quot;premiseName&quot; : &quot;219, Chittoor, Andhra Pradesh, 517586, India&quot;,
    &quot;premisePostalCode&quot; : &quot;517586&quot;,
    &quot;premiseState&quot; : &quot;Andhra Pradesh&quot;,
    &quot;premiseStreet&quot; : &quot;219&quot;,
    &quot;premisesId&quot; : &quot;a3X4x000000lqBDEAY&quot;
  }, {
    &quot;accountrecordType&quot; : &quot;Service&quot;,
    &quot;premiseAccountId&quot; : &quot;0014x000016Cm2QAAS&quot;,
    &quot;premiseAddress&quot; : &quot;Mettu Stree , Tiruvallur , Tamilnadu , 600203&quot;,
    &quot;premiseCity&quot; : &quot;Tiruvallur&quot;,
    &quot;premiseCountry&quot; : &quot;India&quot;,
    &quot;premiseName&quot; : &quot;219, Mettu Street, Tiruvallur, Tamilnadu, 600203, India&quot;,
    &quot;premisePostalCode&quot; : &quot;600203&quot;,
    &quot;premiseState&quot; : &quot;Tamilnadu&quot;,
    &quot;premiseStreet&quot; : &quot;Mettu Stree&quot;,
    &quot;premisesId&quot; : &quot;a3X4x000000lqBIEAY&quot;
  } ],
  &quot;timeStamp&quot; : &quot;2022-04-28T07:06:39.368Z&quot;,
  &quot;userCurrencyCode&quot; : &quot;USD&quot;,
  &quot;userId&quot; : &quot;0054x000001kV4PAAU&quot;,
  &quot;userName&quot; : &quot;system.admin@vlocityapps.com.qa&quot;,
  &quot;userProfile&quot; : &quot;System Administrator&quot;,
  &quot;userTimeZone&quot; : &quot;-420&quot;
}</previewJsonData>
    <processSuperBulk>false</processSuperBulk>
    <responseCacheTtlMinutes>0.0</responseCacheTtlMinutes>
    <rollbackOnError>false</rollbackOnError>
    <sourceObject>json</sourceObject>
    <sourceObjectDefault>false</sourceObjectDefault>
    <synchronousProcessThreshold>-1.0</synchronousProcessThreshold>
    <type>Transform</type>
    <uniqueName>VPLTransformAccountDetails_1</uniqueName>
    <versionNumber>1.0</versionNumber>
    <xmlDeclarationRemoved>false</xmlDeclarationRemoved>
</OmniDataTransform>
