<?xml version="1.0" encoding="UTF-8"?>
<OmniDataTransform xmlns="http://soap.sforce.com/2006/04/metadata">
    <active>false</active>
    <assignmentRulesUsed>false</assignmentRulesUsed>
    <deletedOnSuccess>false</deletedOnSuccess>
    <description>Transform AccountContactRelation</description>
    <errorIgnored>false</errorIgnored>
    <expectedInputJson>{
  &quot;AccountDetails&quot; : {
    &quot;AccountType&quot; : &quot;Consumer&quot;,
    &quot;BillingAccountDetails&quot; : {
      &quot;ExemptionEndDate&quot; : null,
      &quot;ExemptionPercentage&quot; : null,
      &quot;ExemptionStartDate&quot; : null,
      &quot;MsgConsumerAccountBillWarning&quot; : true
    },
    &quot;BusinessAccountDetails&quot; : {
      &quot;PrimaryContact-Block&quot; : {
        &quot;ContactId&quot; : &quot;0033h00000BgcMwAAJ&quot;,
        &quot;ContactName&quot; : &quot;abcd werg&quot;,
        &quot;PrimaryContact&quot; : &quot;abcd werg&quot;
      }
    },
    &quot;Description&quot; : null,
    &quot;MsgConsumerAccountPremisesWarning&quot; : null,
    &quot;ParentAccount-Block&quot; : null,
    &quot;Premises-Block&quot; : {
      &quot;Premises&quot; : null
    }
  },
  &quot;BusinessAccountRecordType&quot; : &quot;Business&quot;,
  &quot;IntegrationType&quot; : &quot;JSON&quot;,
  &quot;OmniscriptType&quot; : &quot;AddAccount&quot;,
  &quot;RecordType&quot; : [ {
    &quot;Id&quot; : &quot;0123h000000jV4HAAU&quot;,
    &quot;Name&quot; : &quot;Business&quot;
  } ],
  &quot;SObjectName&quot; : &quot;Account&quot;,
  &quot;Success&quot; : null,
  &quot;timeStamp&quot; : &quot;2020-08-05T08:16:40.545Z&quot;,
  &quot;userCurrencyCode&quot; : &quot;USD&quot;,
  &quot;userId&quot; : &quot;0053h000002WfuuAAC&quot;,
  &quot;userName&quot; : &quot;express_org_sebanti@org.dev&quot;,
  &quot;userProfile&quot; : &quot;System Administrator&quot;,
  &quot;userTimeZone&quot; : &quot;-420&quot;
}</expectedInputJson>
    <fieldLevelSecurityEnabled>false</fieldLevelSecurityEnabled>
    <inputType>JSON</inputType>
    <name>VPLTransformAccountContactRelation</name>
    <nullInputsIncludedInOutput>false</nullInputsIncludedInOutput>
    <omniDataTransformItem>
        <defaultValue>Primary Contact</defaultValue>
        <disabled>false</disabled>
        <filterGroup>0.0</filterGroup>
        <globalKey>VPL-TransformAccountContactRelationCustom7985</globalKey>
        <inputObjectQuerySequence>0.0</inputObjectQuerySequence>
        <linkedObjectSequence>0.0</linkedObjectSequence>
        <name>VPL-TransformAccountContactRelation</name>
        <outputCreationSequence>1.0</outputCreationSequence>
        <outputFieldName>AccConRelation:Roles</outputFieldName>
        <outputObjectName>json</outputObjectName>
        <requiredForUpsert>false</requiredForUpsert>
        <upsertKey>false</upsertKey>
    </omniDataTransformItem>
    <omniDataTransformItem>
        <disabled>false</disabled>
        <filterGroup>0.0</filterGroup>
        <globalKey>VPL-TransformAccountContactRelationCustom2202</globalKey>
        <inputFieldName>DRId_Account</inputFieldName>
        <inputObjectQuerySequence>0.0</inputObjectQuerySequence>
        <linkedObjectSequence>0.0</linkedObjectSequence>
        <name>VPL-TransformAccountContactRelation</name>
        <outputCreationSequence>1.0</outputCreationSequence>
        <outputFieldName>AccConRelation:AccountId</outputFieldName>
        <outputObjectName>json</outputObjectName>
        <requiredForUpsert>false</requiredForUpsert>
        <upsertKey>false</upsertKey>
    </omniDataTransformItem>
    <omniDataTransformItem>
        <disabled>false</disabled>
        <filterGroup>0.0</filterGroup>
        <globalKey>VPL-TransformAccountContactRelationCustom7045</globalKey>
        <inputFieldName>AccountDetails:BusinessAccountDetails:PrimaryContact-Block:ContactId</inputFieldName>
        <inputObjectQuerySequence>0.0</inputObjectQuerySequence>
        <linkedObjectSequence>0.0</linkedObjectSequence>
        <name>VPL-TransformAccountContactRelation</name>
        <outputCreationSequence>1.0</outputCreationSequence>
        <outputFieldName>AccConRelation:ContactId</outputFieldName>
        <outputObjectName>json</outputObjectName>
        <requiredForUpsert>false</requiredForUpsert>
        <upsertKey>false</upsertKey>
    </omniDataTransformItem>
    <outputType>JSON</outputType>
    <processSuperBulk>false</processSuperBulk>
    <responseCacheTtlMinutes>0.0</responseCacheTtlMinutes>
    <rollbackOnError>false</rollbackOnError>
    <sourceObject>json</sourceObject>
    <sourceObjectDefault>false</sourceObjectDefault>
    <synchronousProcessThreshold>-1.0</synchronousProcessThreshold>
    <type>Transform</type>
    <uniqueName>VPLTransformAccountContactRelation_1</uniqueName>
    <versionNumber>1.0</versionNumber>
    <xmlDeclarationRemoved>false</xmlDeclarationRemoved>
</OmniDataTransform>
