<?xml version="1.0" encoding="UTF-8"?>
<OmniDataTransform xmlns="http://soap.sforce.com/2006/04/metadata">
    <active>false</active>
    <assignmentRulesUsed>false</assignmentRulesUsed>
    <deletedOnSuccess>false</deletedOnSuccess>
    <description>This dataraptor transform will transform the services card data present in the console</description>
    <errorIgnored>false</errorIgnored>
    <expectedInputJson>{
  &quot;Active&quot; : &quot;2020-09-18&quot;,
  &quot;BillingAccountName&quot; : &quot;Northern Region Billing&quot;,
  &quot;BillingHold&quot; : &quot;Other&quot;,
  &quot;ContactName&quot; : &quot;Carole White&quot;,
  &quot;ContractName&quot; : &quot;00000112&quot;,
  &quot;CurrentUsage&quot; : &quot;Text&quot;,
  &quot;DeRegulationStatus&quot; : &quot;Other&quot;,
  &quot;Description&quot; : &quot;Good Product&quot;,
  &quot;InstalledDate&quot; : &quot;2020-06-16&quot;,
  &quot;InventoryItem&quot; : &quot;Gas Stove&quot;,
  &quot;Market Identifier&quot; : &quot;323232323&quot;,
  &quot;Name&quot; : &quot;Gas Cylinder&quot;,
  &quot;OrderNumber&quot; : &quot;00000617&quot;,
  &quot;PremiseName&quot; : &quot;Panache&quot;,
  &quot;ProductFamily&quot; : &quot;Gas&quot;,
  &quot;ProductName&quot; : &quot;Gas Tarrif&quot;,
  &quot;SerialNumber&quot; : &quot;323232323&quot;,
  &quot;ServiceAccountName&quot; : &quot;Northern Region Service Account&quot;,
  &quot;ServicePoint&quot; : &quot;WBSDCL&quot;,
  &quot;Status&quot; : &quot;Installed&quot;
}</expectedInputJson>
    <fieldLevelSecurityEnabled>false</fieldLevelSecurityEnabled>
    <inputType>JSON</inputType>
    <name>VPLTransformServices</name>
    <nullInputsIncludedInOutput>false</nullInputsIncludedInOutput>
    <omniDataTransformItem>
        <defaultValue>NA</defaultValue>
        <disabled>false</disabled>
        <filterGroup>0.0</filterGroup>
        <globalKey>VPL-TransformServicesCustom4950</globalKey>
        <inputFieldName>Active</inputFieldName>
        <inputObjectQuerySequence>0.0</inputObjectQuerySequence>
        <linkedObjectSequence>0.0</linkedObjectSequence>
        <name>VPL-TransformServices</name>
        <outputCreationSequence>1.0</outputCreationSequence>
        <outputFieldName>Active</outputFieldName>
        <outputObjectName>json</outputObjectName>
        <requiredForUpsert>false</requiredForUpsert>
        <upsertKey>false</upsertKey>
    </omniDataTransformItem>
    <omniDataTransformItem>
        <defaultValue>NA</defaultValue>
        <disabled>false</disabled>
        <filterGroup>0.0</filterGroup>
        <globalKey>VPL-TransformServicesCustom2871</globalKey>
        <inputFieldName>BillingAccountName</inputFieldName>
        <inputObjectQuerySequence>0.0</inputObjectQuerySequence>
        <linkedObjectSequence>0.0</linkedObjectSequence>
        <name>VPL-TransformServices</name>
        <outputCreationSequence>1.0</outputCreationSequence>
        <outputFieldName>BillingAccountName</outputFieldName>
        <outputObjectName>json</outputObjectName>
        <requiredForUpsert>false</requiredForUpsert>
        <upsertKey>false</upsertKey>
    </omniDataTransformItem>
    <omniDataTransformItem>
        <disabled>false</disabled>
        <filterGroup>0.0</filterGroup>
        <formulaConverted>| var:CurrentUsage &apos;&apos; != | var:CurrentUsage &quot;/\/\/&quot; var:UsageUnit CONCAT var:CurrentUsage IF</formulaConverted>
        <formulaExpression>IF(%CurrentUsage%!=&apos;&apos;,CONCAT(%CurrentUsage%,&quot; &quot;,%UsageUnit%),%CurrentUsage%)</formulaExpression>
        <formulaResultPath>CurrentUsage</formulaResultPath>
        <formulaSequence>1.0</formulaSequence>
        <globalKey>VPL-TransformServicesCustom9976</globalKey>
        <inputObjectQuerySequence>0.0</inputObjectQuerySequence>
        <linkedObjectSequence>0.0</linkedObjectSequence>
        <name>VPL-TransformServices</name>
        <outputCreationSequence>0.0</outputCreationSequence>
        <outputFieldName>Formula</outputFieldName>
        <outputObjectName>Formula</outputObjectName>
        <requiredForUpsert>false</requiredForUpsert>
        <upsertKey>false</upsertKey>
    </omniDataTransformItem>
    <omniDataTransformItem>
        <disabled>false</disabled>
        <filterGroup>0.0</filterGroup>
        <formulaConverted>| var:DisconnectDate &apos;&apos; != | var:DisconnectDate &quot;yyyy-MM-dd&quot; FORMATDATETIME var:DisconnectDate IF</formulaConverted>
        <formulaExpression>IF(%DisconnectDate%!=&apos;&apos;,FORMATDATETIME(%DisconnectDate%,&quot;yyyy-MM-dd&quot;),%DisconnectDate%)</formulaExpression>
        <formulaResultPath>DisconnectDate</formulaResultPath>
        <formulaSequence>2.0</formulaSequence>
        <globalKey>VPL-TransformServicesCustom5838</globalKey>
        <inputObjectQuerySequence>0.0</inputObjectQuerySequence>
        <linkedObjectSequence>0.0</linkedObjectSequence>
        <name>VPL-TransformServices</name>
        <outputCreationSequence>0.0</outputCreationSequence>
        <outputFieldName>Formula</outputFieldName>
        <outputObjectName>Formula</outputObjectName>
        <requiredForUpsert>false</requiredForUpsert>
        <upsertKey>false</upsertKey>
    </omniDataTransformItem>
    <omniDataTransformItem>
        <disabled>false</disabled>
        <filterGroup>0.0</filterGroup>
        <formulaConverted>| var:AssetId &apos;&apos; != | &quot;/apex/vlocity_cmt__MACDFdo?id=&quot; var:AssetId &quot;#/OmniScriptType/MACD/OmniScriptSubType/FDO/OmniScriptLang/English/ContextId/&quot; var:AssetId &quot;/PrefillDataRaptorBundle//true&quot; CONCAT &quot;&quot; IF</formulaConverted>
        <formulaExpression>IF(%AssetId%!=&apos;&apos;,CONCAT(&quot;/apex/vlocity_cmt__MACDFdo?id=&quot;, %AssetId%,&quot;#/OmniScriptType/MACD/OmniScriptSubType/FDO/OmniScriptLang/English/ContextId/&quot;, %AssetId%,&quot;/PrefillDataRaptorBundle//true&quot;),&quot;&quot;)</formulaExpression>
        <formulaResultPath>ChangeToOrderUrl</formulaResultPath>
        <formulaSequence>4.0</formulaSequence>
        <globalKey>VPL-TransformServicesCustom7692</globalKey>
        <inputObjectQuerySequence>0.0</inputObjectQuerySequence>
        <linkedObjectSequence>0.0</linkedObjectSequence>
        <name>VPL-TransformServices</name>
        <outputCreationSequence>0.0</outputCreationSequence>
        <outputFieldName>Formula</outputFieldName>
        <outputObjectName>Formula</outputObjectName>
        <requiredForUpsert>false</requiredForUpsert>
        <upsertKey>false</upsertKey>
    </omniDataTransformItem>
    <omniDataTransformItem>
        <disabled>false</disabled>
        <filterGroup>0.0</filterGroup>
        <formulaConverted>| var:AssetId &apos;&apos; != | &quot;/apex/vlocity_cmt__MoveInAccount?id=&quot; var:AssetId CONCAT &quot;&quot; IF</formulaConverted>
        <formulaExpression>IF(%AssetId%!=&apos;&apos;,CONCAT(&quot;/apex/vlocity_cmt__MoveInAccount?id=&quot;, %AssetId%),&quot;&quot;)</formulaExpression>
        <formulaResultPath>MoveUrl</formulaResultPath>
        <formulaSequence>5.0</formulaSequence>
        <globalKey>VPL-TransformServicesCustom9221</globalKey>
        <inputObjectQuerySequence>0.0</inputObjectQuerySequence>
        <linkedObjectSequence>0.0</linkedObjectSequence>
        <name>VPL-TransformServices</name>
        <outputCreationSequence>0.0</outputCreationSequence>
        <outputFieldName>Formula</outputFieldName>
        <outputObjectName>Formula</outputObjectName>
        <requiredForUpsert>false</requiredForUpsert>
        <upsertKey>false</upsertKey>
    </omniDataTransformItem>
    <omniDataTransformItem>
        <disabled>false</disabled>
        <filterGroup>0.0</filterGroup>
        <formulaConverted>| var:AccountId &apos;&apos; != | &quot;/apex/vlocity_cmt__OmniScriptUniversalPage?id=&quot; var:AccountId &quot;:all:&quot; var:AssetId &quot;#/OmniScriptType/MACD/OmniScriptSubType/ChangeToQuote/OmniScriptLang/English/ContextId/&quot; var:AccountId &quot;:all:&quot; var:AssetId &quot;/PrefillDataRaptorBundle//true&quot; CONCAT &quot;&quot; IF</formulaConverted>
        <formulaExpression>IF(%AccountId%!=&apos;&apos;,CONCAT(&quot;/apex/vlocity_cmt__OmniScriptUniversalPage?id=&quot;,%AccountId%, &quot;:all:&quot;, %AssetId%,&quot;#/OmniScriptType/MACD/OmniScriptSubType/ChangeToQuote/OmniScriptLang/English/ContextId/&quot;,%AccountId%, &quot;:all:&quot;, %AssetId%,&quot;/PrefillDataRaptorBundle//true&quot;),&quot;&quot;)</formulaExpression>
        <formulaResultPath>ChangeToQuoteUrl</formulaResultPath>
        <formulaSequence>3.0</formulaSequence>
        <globalKey>VPL-TransformServicesCustom9911</globalKey>
        <inputObjectQuerySequence>0.0</inputObjectQuerySequence>
        <linkedObjectSequence>0.0</linkedObjectSequence>
        <name>VPL-TransformServices</name>
        <outputCreationSequence>0.0</outputCreationSequence>
        <outputFieldName>Formula</outputFieldName>
        <outputObjectName>Formula</outputObjectName>
        <requiredForUpsert>false</requiredForUpsert>
        <upsertKey>false</upsertKey>
    </omniDataTransformItem>
    <omniDataTransformItem>
        <defaultValue>NA</defaultValue>
        <disabled>false</disabled>
        <filterGroup>0.0</filterGroup>
        <globalKey>VPL-TransformServicesCustom7153</globalKey>
        <inputFieldName>BillingHold</inputFieldName>
        <inputObjectQuerySequence>0.0</inputObjectQuerySequence>
        <linkedObjectSequence>0.0</linkedObjectSequence>
        <name>VPL-TransformServices</name>
        <outputCreationSequence>1.0</outputCreationSequence>
        <outputFieldName>BillingHold</outputFieldName>
        <outputObjectName>json</outputObjectName>
        <requiredForUpsert>false</requiredForUpsert>
        <upsertKey>false</upsertKey>
    </omniDataTransformItem>
    <omniDataTransformItem>
        <defaultValue>NA</defaultValue>
        <disabled>false</disabled>
        <filterGroup>0.0</filterGroup>
        <globalKey>VPL-TransformServicesCustom9562</globalKey>
        <inputFieldName>ServicePoint</inputFieldName>
        <inputObjectQuerySequence>0.0</inputObjectQuerySequence>
        <linkedObjectSequence>0.0</linkedObjectSequence>
        <name>VPL-TransformServices</name>
        <outputCreationSequence>1.0</outputCreationSequence>
        <outputFieldName>ServicePoint</outputFieldName>
        <outputObjectName>json</outputObjectName>
        <requiredForUpsert>false</requiredForUpsert>
        <upsertKey>false</upsertKey>
    </omniDataTransformItem>
    <omniDataTransformItem>
        <defaultValue>NA</defaultValue>
        <disabled>false</disabled>
        <filterGroup>0.0</filterGroup>
        <globalKey>VPL-TransformServicesCustom8323</globalKey>
        <inputFieldName>Status</inputFieldName>
        <inputObjectQuerySequence>0.0</inputObjectQuerySequence>
        <linkedObjectSequence>0.0</linkedObjectSequence>
        <name>VPL-TransformServices</name>
        <outputCreationSequence>1.0</outputCreationSequence>
        <outputFieldName>Status</outputFieldName>
        <outputObjectName>json</outputObjectName>
        <requiredForUpsert>false</requiredForUpsert>
        <upsertKey>false</upsertKey>
    </omniDataTransformItem>
    <omniDataTransformItem>
        <defaultValue>NA</defaultValue>
        <disabled>false</disabled>
        <filterGroup>0.0</filterGroup>
        <globalKey>VPL-TransformServicesCustom6529</globalKey>
        <inputFieldName>SerialNumber</inputFieldName>
        <inputObjectQuerySequence>0.0</inputObjectQuerySequence>
        <linkedObjectSequence>0.0</linkedObjectSequence>
        <name>VPL-TransformServices</name>
        <outputCreationSequence>1.0</outputCreationSequence>
        <outputFieldName>SerialNumber</outputFieldName>
        <outputObjectName>json</outputObjectName>
        <requiredForUpsert>false</requiredForUpsert>
        <upsertKey>false</upsertKey>
    </omniDataTransformItem>
    <omniDataTransformItem>
        <defaultValue>NA</defaultValue>
        <disabled>false</disabled>
        <filterGroup>0.0</filterGroup>
        <globalKey>VPL-TransformServicesCustom5052</globalKey>
        <inputFieldName>ServiceAccountName</inputFieldName>
        <inputObjectQuerySequence>0.0</inputObjectQuerySequence>
        <linkedObjectSequence>0.0</linkedObjectSequence>
        <name>VPL-TransformServices</name>
        <outputCreationSequence>1.0</outputCreationSequence>
        <outputFieldName>ServiceAccountName</outputFieldName>
        <outputObjectName>json</outputObjectName>
        <requiredForUpsert>false</requiredForUpsert>
        <upsertKey>false</upsertKey>
    </omniDataTransformItem>
    <omniDataTransformItem>
        <disabled>false</disabled>
        <filterGroup>0.0</filterGroup>
        <globalKey>VPL-TransformServicesCustom7808</globalKey>
        <inputFieldName>ProvisioningStatus</inputFieldName>
        <inputObjectQuerySequence>0.0</inputObjectQuerySequence>
        <linkedObjectSequence>0.0</linkedObjectSequence>
        <name>VPL-TransformServices</name>
        <outputCreationSequence>1.0</outputCreationSequence>
        <outputFieldFormat>String</outputFieldFormat>
        <outputFieldName>ProvisioningStatus</outputFieldName>
        <outputObjectName>json</outputObjectName>
        <requiredForUpsert>false</requiredForUpsert>
        <upsertKey>false</upsertKey>
    </omniDataTransformItem>
    <omniDataTransformItem>
        <disabled>false</disabled>
        <filterGroup>0.0</filterGroup>
        <globalKey>VPL-TransformServicesCustom644</globalKey>
        <inputFieldName>RootItemId</inputFieldName>
        <inputObjectQuerySequence>0.0</inputObjectQuerySequence>
        <linkedObjectSequence>0.0</linkedObjectSequence>
        <name>VPL-TransformServices</name>
        <outputCreationSequence>1.0</outputCreationSequence>
        <outputFieldName>RootItemId</outputFieldName>
        <outputObjectName>json</outputObjectName>
        <requiredForUpsert>false</requiredForUpsert>
        <upsertKey>false</upsertKey>
    </omniDataTransformItem>
    <omniDataTransformItem>
        <defaultValue>NA</defaultValue>
        <disabled>false</disabled>
        <filterGroup>0.0</filterGroup>
        <globalKey>VPL-TransformServicesCustom9997</globalKey>
        <inputFieldName>ProductFamily</inputFieldName>
        <inputObjectQuerySequence>0.0</inputObjectQuerySequence>
        <linkedObjectSequence>0.0</linkedObjectSequence>
        <name>VPL-TransformServices</name>
        <outputCreationSequence>1.0</outputCreationSequence>
        <outputFieldName>ProductFamily</outputFieldName>
        <outputObjectName>json</outputObjectName>
        <requiredForUpsert>false</requiredForUpsert>
        <upsertKey>false</upsertKey>
    </omniDataTransformItem>
    <omniDataTransformItem>
        <defaultValue>NA</defaultValue>
        <disabled>false</disabled>
        <filterGroup>0.0</filterGroup>
        <globalKey>VPL-TransformServicesCustom5551</globalKey>
        <inputFieldName>ProductName</inputFieldName>
        <inputObjectQuerySequence>0.0</inputObjectQuerySequence>
        <linkedObjectSequence>0.0</linkedObjectSequence>
        <name>VPL-TransformServices</name>
        <outputCreationSequence>1.0</outputCreationSequence>
        <outputFieldName>ProductName</outputFieldName>
        <outputObjectName>json</outputObjectName>
        <requiredForUpsert>false</requiredForUpsert>
        <upsertKey>false</upsertKey>
    </omniDataTransformItem>
    <omniDataTransformItem>
        <defaultValue>NA</defaultValue>
        <disabled>false</disabled>
        <filterGroup>0.0</filterGroup>
        <globalKey>VPL-TransformServicesCustom1541</globalKey>
        <inputFieldName>DeRegulationStatus</inputFieldName>
        <inputObjectQuerySequence>0.0</inputObjectQuerySequence>
        <linkedObjectSequence>0.0</linkedObjectSequence>
        <name>VPL-TransformServices</name>
        <outputCreationSequence>1.0</outputCreationSequence>
        <outputFieldName>DeRegulationStatus</outputFieldName>
        <outputObjectName>json</outputObjectName>
        <requiredForUpsert>false</requiredForUpsert>
        <upsertKey>false</upsertKey>
    </omniDataTransformItem>
    <omniDataTransformItem>
        <defaultValue>NA</defaultValue>
        <disabled>false</disabled>
        <filterGroup>0.0</filterGroup>
        <globalKey>VPL-TransformServicesCustom3330</globalKey>
        <inputFieldName>Description</inputFieldName>
        <inputObjectQuerySequence>0.0</inputObjectQuerySequence>
        <linkedObjectSequence>0.0</linkedObjectSequence>
        <name>VPL-TransformServices</name>
        <outputCreationSequence>1.0</outputCreationSequence>
        <outputFieldName>Description</outputFieldName>
        <outputObjectName>json</outputObjectName>
        <requiredForUpsert>false</requiredForUpsert>
        <upsertKey>false</upsertKey>
    </omniDataTransformItem>
    <omniDataTransformItem>
        <disabled>false</disabled>
        <filterGroup>0.0</filterGroup>
        <globalKey>VPL-TransformServicesCustom5119</globalKey>
        <inputFieldName>ContractNumber</inputFieldName>
        <inputObjectQuerySequence>0.0</inputObjectQuerySequence>
        <linkedObjectSequence>0.0</linkedObjectSequence>
        <name>VPL-TransformServices</name>
        <outputCreationSequence>1.0</outputCreationSequence>
        <outputFieldFormat>String</outputFieldFormat>
        <outputFieldName>ContractNumber</outputFieldName>
        <outputObjectName>json</outputObjectName>
        <requiredForUpsert>false</requiredForUpsert>
        <upsertKey>false</upsertKey>
    </omniDataTransformItem>
    <omniDataTransformItem>
        <disabled>false</disabled>
        <filterGroup>0.0</filterGroup>
        <globalKey>VPL-TransformServicesCustom4184</globalKey>
        <inputFieldName>CurrentUsage</inputFieldName>
        <inputObjectQuerySequence>0.0</inputObjectQuerySequence>
        <linkedObjectSequence>0.0</linkedObjectSequence>
        <name>VPL-TransformServices</name>
        <outputCreationSequence>1.0</outputCreationSequence>
        <outputFieldName>CurrentUsage</outputFieldName>
        <outputObjectName>json</outputObjectName>
        <requiredForUpsert>false</requiredForUpsert>
        <upsertKey>false</upsertKey>
    </omniDataTransformItem>
    <omniDataTransformItem>
        <defaultValue>NA</defaultValue>
        <disabled>false</disabled>
        <filterGroup>0.0</filterGroup>
        <globalKey>VPL-TransformServicesCustom3491</globalKey>
        <inputFieldName>ContactName</inputFieldName>
        <inputObjectQuerySequence>0.0</inputObjectQuerySequence>
        <linkedObjectSequence>0.0</linkedObjectSequence>
        <name>VPL-TransformServices</name>
        <outputCreationSequence>1.0</outputCreationSequence>
        <outputFieldName>ContactName</outputFieldName>
        <outputObjectName>json</outputObjectName>
        <requiredForUpsert>false</requiredForUpsert>
        <upsertKey>false</upsertKey>
    </omniDataTransformItem>
    <omniDataTransformItem>
        <disabled>false</disabled>
        <filterGroup>0.0</filterGroup>
        <globalKey>VPL-TransformServicesCustom663</globalKey>
        <inputFieldName>ContractName</inputFieldName>
        <inputObjectQuerySequence>0.0</inputObjectQuerySequence>
        <linkedObjectSequence>0.0</linkedObjectSequence>
        <name>VPL-TransformServices</name>
        <outputCreationSequence>1.0</outputCreationSequence>
        <outputFieldName>ContractName</outputFieldName>
        <outputObjectName>json</outputObjectName>
        <requiredForUpsert>false</requiredForUpsert>
        <upsertKey>false</upsertKey>
    </omniDataTransformItem>
    <omniDataTransformItem>
        <disabled>false</disabled>
        <filterGroup>0.0</filterGroup>
        <globalKey>VPL-TransformServicesCustom6952</globalKey>
        <inputFieldName>ChangeToOrderUrl</inputFieldName>
        <inputObjectQuerySequence>0.0</inputObjectQuerySequence>
        <linkedObjectSequence>0.0</linkedObjectSequence>
        <name>VPL-TransformServices</name>
        <outputCreationSequence>1.0</outputCreationSequence>
        <outputFieldFormat>String</outputFieldFormat>
        <outputFieldName>ChangeToOrderUrl</outputFieldName>
        <outputObjectName>json</outputObjectName>
        <requiredForUpsert>false</requiredForUpsert>
        <upsertKey>false</upsertKey>
    </omniDataTransformItem>
    <omniDataTransformItem>
        <disabled>false</disabled>
        <filterGroup>0.0</filterGroup>
        <globalKey>VPL-TransformServicesCustom1001</globalKey>
        <inputFieldName>ChangeToQuoteUrl</inputFieldName>
        <inputObjectQuerySequence>0.0</inputObjectQuerySequence>
        <linkedObjectSequence>0.0</linkedObjectSequence>
        <name>VPL-TransformServices</name>
        <outputCreationSequence>1.0</outputCreationSequence>
        <outputFieldFormat>String</outputFieldFormat>
        <outputFieldName>ChangeToQuoteUrl</outputFieldName>
        <outputObjectName>json</outputObjectName>
        <requiredForUpsert>false</requiredForUpsert>
        <upsertKey>false</upsertKey>
    </omniDataTransformItem>
    <omniDataTransformItem>
        <defaultValue>NA</defaultValue>
        <disabled>false</disabled>
        <filterGroup>0.0</filterGroup>
        <globalKey>VPL-TransformServicesCustom7147</globalKey>
        <inputFieldName>OrderNumber</inputFieldName>
        <inputObjectQuerySequence>0.0</inputObjectQuerySequence>
        <linkedObjectSequence>0.0</linkedObjectSequence>
        <name>VPL-TransformServices</name>
        <outputCreationSequence>1.0</outputCreationSequence>
        <outputFieldName>OrderNumber</outputFieldName>
        <outputObjectName>json</outputObjectName>
        <requiredForUpsert>false</requiredForUpsert>
        <upsertKey>false</upsertKey>
    </omniDataTransformItem>
    <omniDataTransformItem>
        <defaultValue>NA</defaultValue>
        <disabled>false</disabled>
        <filterGroup>0.0</filterGroup>
        <globalKey>VPL-TransformServicesCustom8315</globalKey>
        <inputFieldName>PremiseName</inputFieldName>
        <inputObjectQuerySequence>0.0</inputObjectQuerySequence>
        <linkedObjectSequence>0.0</linkedObjectSequence>
        <name>VPL-TransformServices</name>
        <outputCreationSequence>1.0</outputCreationSequence>
        <outputFieldName>PremiseName</outputFieldName>
        <outputObjectName>json</outputObjectName>
        <requiredForUpsert>false</requiredForUpsert>
        <upsertKey>false</upsertKey>
    </omniDataTransformItem>
    <omniDataTransformItem>
        <disabled>false</disabled>
        <filterGroup>0.0</filterGroup>
        <globalKey>VPL-TransformServicesCustom4371</globalKey>
        <inputFieldName>MoveUrl</inputFieldName>
        <inputObjectQuerySequence>0.0</inputObjectQuerySequence>
        <linkedObjectSequence>0.0</linkedObjectSequence>
        <name>VPL-TransformServices</name>
        <outputCreationSequence>1.0</outputCreationSequence>
        <outputFieldFormat>String</outputFieldFormat>
        <outputFieldName>MoveUrl</outputFieldName>
        <outputObjectName>json</outputObjectName>
        <requiredForUpsert>false</requiredForUpsert>
        <upsertKey>false</upsertKey>
    </omniDataTransformItem>
    <omniDataTransformItem>
        <defaultValue>NA</defaultValue>
        <disabled>false</disabled>
        <filterGroup>0.0</filterGroup>
        <globalKey>VPL-TransformServicesCustom791</globalKey>
        <inputFieldName>Name</inputFieldName>
        <inputObjectQuerySequence>0.0</inputObjectQuerySequence>
        <linkedObjectSequence>0.0</linkedObjectSequence>
        <name>VPL-TransformServices</name>
        <outputCreationSequence>1.0</outputCreationSequence>
        <outputFieldName>Name</outputFieldName>
        <outputObjectName>json</outputObjectName>
        <requiredForUpsert>false</requiredForUpsert>
        <upsertKey>false</upsertKey>
    </omniDataTransformItem>
    <omniDataTransformItem>
        <defaultValue>NA</defaultValue>
        <disabled>false</disabled>
        <filterGroup>0.0</filterGroup>
        <globalKey>VPL-TransformServicesCustom9402</globalKey>
        <inputFieldName>InventoryItem</inputFieldName>
        <inputObjectQuerySequence>0.0</inputObjectQuerySequence>
        <linkedObjectSequence>0.0</linkedObjectSequence>
        <name>VPL-TransformServices</name>
        <outputCreationSequence>1.0</outputCreationSequence>
        <outputFieldName>InventoryItem</outputFieldName>
        <outputObjectName>json</outputObjectName>
        <requiredForUpsert>false</requiredForUpsert>
        <upsertKey>false</upsertKey>
    </omniDataTransformItem>
    <omniDataTransformItem>
        <defaultValue>NA</defaultValue>
        <disabled>false</disabled>
        <filterGroup>0.0</filterGroup>
        <globalKey>VPL-TransformServicesCustom839</globalKey>
        <inputFieldName>Market Identifier</inputFieldName>
        <inputObjectQuerySequence>0.0</inputObjectQuerySequence>
        <linkedObjectSequence>0.0</linkedObjectSequence>
        <name>VPL-TransformServices</name>
        <outputCreationSequence>1.0</outputCreationSequence>
        <outputFieldName>Market Identifier</outputFieldName>
        <outputObjectName>json</outputObjectName>
        <requiredForUpsert>false</requiredForUpsert>
        <upsertKey>false</upsertKey>
    </omniDataTransformItem>
    <omniDataTransformItem>
        <defaultValue>NA</defaultValue>
        <disabled>false</disabled>
        <filterGroup>0.0</filterGroup>
        <globalKey>VPL-TransformServicesCustom6515</globalKey>
        <inputFieldName>DisconnectDate</inputFieldName>
        <inputObjectQuerySequence>0.0</inputObjectQuerySequence>
        <linkedObjectSequence>0.0</linkedObjectSequence>
        <name>VPL-TransformServices</name>
        <outputCreationSequence>1.0</outputCreationSequence>
        <outputFieldName>DisconnectDate</outputFieldName>
        <outputObjectName>json</outputObjectName>
        <requiredForUpsert>false</requiredForUpsert>
        <upsertKey>false</upsertKey>
    </omniDataTransformItem>
    <omniDataTransformItem>
        <defaultValue>NA</defaultValue>
        <disabled>false</disabled>
        <filterGroup>0.0</filterGroup>
        <globalKey>VPL-TransformServicesCustom1525</globalKey>
        <inputFieldName>InstalledDate</inputFieldName>
        <inputObjectQuerySequence>0.0</inputObjectQuerySequence>
        <linkedObjectSequence>0.0</linkedObjectSequence>
        <name>VPL-TransformServices</name>
        <outputCreationSequence>1.0</outputCreationSequence>
        <outputFieldName>InstalledDate</outputFieldName>
        <outputObjectName>json</outputObjectName>
        <requiredForUpsert>false</requiredForUpsert>
        <upsertKey>false</upsertKey>
    </omniDataTransformItem>
    <outputType>JSON</outputType>
    <previewJsonData>{
  &quot;AccountId&quot; : &quot;02i4W00000FCVHfLLL&quot;,
  &quot;Active&quot; : &quot;2020-09-05&quot;,
  &quot;AssetId&quot; : &quot;02i4W00000FCVHfQAP&quot;,
  &quot;BillingAccountName&quot; : &quot;Northern Region - Billing&quot;,
  &quot;CurrentUsage&quot; : 985,
  &quot;Market Identifier&quot; : &quot;S0010&quot;,
  &quot;Name&quot; : &quot;Northern Region 1 Security Lighting&quot;,
  &quot;ProductFamily&quot; : &quot;Electricity&quot;,
  &quot;ProductName&quot; : &quot;Security Lighting&quot;,
  &quot;SerialNumber&quot; : &quot;S0010&quot;,
  &quot;ServiceAccountName&quot; : &quot;Northern Region - Service 1&quot;,
  &quot;ServicePoint&quot; : &quot;ESL-ED847829&quot;,
  &quot;Status&quot; : &quot;Active&quot;
}</previewJsonData>
    <processSuperBulk>false</processSuperBulk>
    <responseCacheTtlMinutes>0.0</responseCacheTtlMinutes>
    <rollbackOnError>false</rollbackOnError>
    <sourceObject>json</sourceObject>
    <sourceObjectDefault>false</sourceObjectDefault>
    <synchronousProcessThreshold>-1.0</synchronousProcessThreshold>
    <type>Transform</type>
    <uniqueName>VPLTransformServices_1</uniqueName>
    <versionNumber>1.0</versionNumber>
    <xmlDeclarationRemoved>false</xmlDeclarationRemoved>
</OmniDataTransform>
