<?xml version="1.0" encoding="UTF-8"?>
<OmniDataTransform xmlns="http://soap.sforce.com/2006/04/metadata">
    <active>false</active>
    <assignmentRulesUsed>false</assignmentRulesUsed>
    <deletedOnSuccess>false</deletedOnSuccess>
    <description>It transforms updated account profile attributes</description>
    <errorIgnored>false</errorIgnored>
    <expectedInputJson>{
  &quot;ContextId&quot; : null,
  &quot;ManageNotificationPreferences&quot; : {
    &quot;BillNotifications&quot; : null,
    &quot;DNCFrom&quot; : null,
    &quot;DNCTo&quot; : null,
    &quot;OffersPromotions&quot; : null,
    &quot;OutageNotifications&quot; : null,
    &quot;PaymentRemindersNotifications&quot; : null,
    &quot;WorkOrderNotifications&quot; : null
  },
  &quot;timeStamp&quot; : null,
  &quot;userId&quot; : null,
  &quot;userName&quot; : null,
  &quot;userProfile&quot; : null,
  &quot;userTimeZone&quot; : null,
  &quot;vlcPersistentComponent&quot; : { },
  &quot;vlcTimeTracking&quot; : {
    &quot;DRExtractAccountPreferences&quot; : null,
    &quot;DRTransformAccPrefAttr&quot; : null,
    &quot;DataRaptorTransformAction2&quot; : null,
    &quot;ManageNotificationPreferences&quot; : null,
    &quot;PostAccountAttrAssignment&quot; : null,
    &quot;SVAccNotification&quot; : null
  }
}</expectedInputJson>
    <fieldLevelSecurityEnabled>false</fieldLevelSecurityEnabled>
    <inputType>JSON</inputType>
    <name>VPLTransformUpdatedProfilePref</name>
    <nullInputsIncludedInOutput>true</nullInputsIncludedInOutput>
    <omniDataTransformItem>
        <disabled>false</disabled>
        <filterGroup>0.0</filterGroup>
        <globalKey>VPL-TransformUpdatedProfilePrefCustom7165</globalKey>
        <inputFieldName>AccountPref:CustomerSatisfactionService:Category</inputFieldName>
        <inputObjectQuerySequence>0.0</inputObjectQuerySequence>
        <linkedObjectSequence>0.0</linkedObjectSequence>
        <name>VPL-TransformUpdatedProfilePref</name>
        <outputCreationSequence>1.0</outputCreationSequence>
        <outputFieldName>UpdatedAccountPref|9:CategoryCode</outputFieldName>
        <outputObjectName>json</outputObjectName>
        <requiredForUpsert>false</requiredForUpsert>
        <upsertKey>false</upsertKey>
    </omniDataTransformItem>
    <omniDataTransformItem>
        <disabled>false</disabled>
        <filterGroup>0.0</filterGroup>
        <globalKey>VPL-TransformUpdatedProfilePrefCustom4313</globalKey>
        <inputFieldName>AccountPref:CustomerSatisfactionService:CategoryId</inputFieldName>
        <inputObjectQuerySequence>0.0</inputObjectQuerySequence>
        <linkedObjectSequence>0.0</linkedObjectSequence>
        <name>VPL-TransformUpdatedProfilePref</name>
        <outputCreationSequence>1.0</outputCreationSequence>
        <outputFieldName>UpdatedAccountPref|9:CategoryId</outputFieldName>
        <outputObjectName>json</outputObjectName>
        <requiredForUpsert>false</requiredForUpsert>
        <upsertKey>false</upsertKey>
    </omniDataTransformItem>
    <omniDataTransformItem>
        <disabled>false</disabled>
        <filterGroup>0.0</filterGroup>
        <globalKey>VPL-TransformUpdatedProfilePrefCustom7286</globalKey>
        <inputFieldName>ManageProfileAttributes:CustomerSatisfactionService</inputFieldName>
        <inputObjectQuerySequence>0.0</inputObjectQuerySequence>
        <linkedObjectSequence>0.0</linkedObjectSequence>
        <name>VPL-TransformUpdatedProfilePref</name>
        <outputCreationSequence>1.0</outputCreationSequence>
        <outputFieldName>UpdatedAccountPref|9:AttrValue</outputFieldName>
        <outputObjectName>json</outputObjectName>
        <requiredForUpsert>false</requiredForUpsert>
        <upsertKey>false</upsertKey>
    </omniDataTransformItem>
    <omniDataTransformItem>
        <disabled>false</disabled>
        <filterGroup>0.0</filterGroup>
        <globalKey>VPL-TransformUpdatedProfilePrefCustom846</globalKey>
        <inputFieldName>AccountPref:CustomerSatisfactionService:AttrId</inputFieldName>
        <inputObjectQuerySequence>0.0</inputObjectQuerySequence>
        <linkedObjectSequence>0.0</linkedObjectSequence>
        <name>VPL-TransformUpdatedProfilePref</name>
        <outputCreationSequence>1.0</outputCreationSequence>
        <outputFieldName>UpdatedAccountPref|9:AttributeId</outputFieldName>
        <outputObjectName>json</outputObjectName>
        <requiredForUpsert>false</requiredForUpsert>
        <upsertKey>false</upsertKey>
    </omniDataTransformItem>
    <omniDataTransformItem>
        <disabled>false</disabled>
        <filterGroup>0.0</filterGroup>
        <globalKey>VPL-TransformUpdatedProfilePrefCustom1511</globalKey>
        <inputFieldName>AccountNotificationPreference:AccountName</inputFieldName>
        <inputObjectQuerySequence>0.0</inputObjectQuerySequence>
        <linkedObjectSequence>0.0</linkedObjectSequence>
        <name>VPL-TransformUpdatedProfilePref</name>
        <outputCreationSequence>1.0</outputCreationSequence>
        <outputFieldName>UpdatedAccountPref|9:AccountName</outputFieldName>
        <outputObjectName>json</outputObjectName>
        <requiredForUpsert>false</requiredForUpsert>
        <upsertKey>false</upsertKey>
    </omniDataTransformItem>
    <omniDataTransformItem>
        <disabled>false</disabled>
        <filterGroup>0.0</filterGroup>
        <globalKey>VPL-TransformUpdatedProfilePrefCustom210</globalKey>
        <inputFieldName>AccountPref:CustomerSatisfactionService:AttrAssignId</inputFieldName>
        <inputObjectQuerySequence>0.0</inputObjectQuerySequence>
        <linkedObjectSequence>0.0</linkedObjectSequence>
        <name>VPL-TransformUpdatedProfilePref</name>
        <outputCreationSequence>1.0</outputCreationSequence>
        <outputFieldName>UpdatedAccountPref|9:AttrAssignId</outputFieldName>
        <outputObjectName>json</outputObjectName>
        <requiredForUpsert>false</requiredForUpsert>
        <upsertKey>false</upsertKey>
    </omniDataTransformItem>
    <omniDataTransformItem>
        <disabled>false</disabled>
        <filterGroup>0.0</filterGroup>
        <globalKey>VPL-TransformUpdatedProfilePrefCustom5898</globalKey>
        <inputFieldName>ManageProfileAttributes:AnalysisMood</inputFieldName>
        <inputObjectQuerySequence>0.0</inputObjectQuerySequence>
        <linkedObjectSequence>0.0</linkedObjectSequence>
        <name>VPL-TransformUpdatedProfilePref</name>
        <outputCreationSequence>1.0</outputCreationSequence>
        <outputFieldName>UpdatedAccountPref|12:AttrValue</outputFieldName>
        <outputObjectName>json</outputObjectName>
        <requiredForUpsert>false</requiredForUpsert>
        <upsertKey>false</upsertKey>
    </omniDataTransformItem>
    <omniDataTransformItem>
        <disabled>false</disabled>
        <filterGroup>0.0</filterGroup>
        <globalKey>VPL-TransformUpdatedProfilePrefCustom191</globalKey>
        <inputFieldName>AccountPref:AnalysisMood:AttrId</inputFieldName>
        <inputObjectQuerySequence>0.0</inputObjectQuerySequence>
        <linkedObjectSequence>0.0</linkedObjectSequence>
        <name>VPL-TransformUpdatedProfilePref</name>
        <outputCreationSequence>1.0</outputCreationSequence>
        <outputFieldName>UpdatedAccountPref|12:AttributeId</outputFieldName>
        <outputObjectName>json</outputObjectName>
        <requiredForUpsert>false</requiredForUpsert>
        <upsertKey>false</upsertKey>
    </omniDataTransformItem>
    <omniDataTransformItem>
        <disabled>false</disabled>
        <filterGroup>0.0</filterGroup>
        <globalKey>VPL-TransformUpdatedProfilePrefCustom5535</globalKey>
        <inputFieldName>AccountNotificationPreference:AccountName</inputFieldName>
        <inputObjectQuerySequence>0.0</inputObjectQuerySequence>
        <linkedObjectSequence>0.0</linkedObjectSequence>
        <name>VPL-TransformUpdatedProfilePref</name>
        <outputCreationSequence>1.0</outputCreationSequence>
        <outputFieldName>UpdatedAccountPref|12:AccountName</outputFieldName>
        <outputObjectName>json</outputObjectName>
        <requiredForUpsert>false</requiredForUpsert>
        <upsertKey>false</upsertKey>
    </omniDataTransformItem>
    <omniDataTransformItem>
        <disabled>false</disabled>
        <filterGroup>0.0</filterGroup>
        <globalKey>VPL-TransformUpdatedProfilePrefCustom6094</globalKey>
        <inputFieldName>AccountPref:AnalysisMood:AttrAssignId</inputFieldName>
        <inputObjectQuerySequence>0.0</inputObjectQuerySequence>
        <linkedObjectSequence>0.0</linkedObjectSequence>
        <name>VPL-TransformUpdatedProfilePref</name>
        <outputCreationSequence>1.0</outputCreationSequence>
        <outputFieldName>UpdatedAccountPref|12:AttrAssignId</outputFieldName>
        <outputObjectName>json</outputObjectName>
        <requiredForUpsert>false</requiredForUpsert>
        <upsertKey>false</upsertKey>
    </omniDataTransformItem>
    <omniDataTransformItem>
        <disabled>false</disabled>
        <filterGroup>0.0</filterGroup>
        <globalKey>VPL-TransformUpdatedProfilePrefCustom2797</globalKey>
        <inputFieldName>AccountNotificationPreference:AccountId</inputFieldName>
        <inputObjectQuerySequence>0.0</inputObjectQuerySequence>
        <linkedObjectSequence>0.0</linkedObjectSequence>
        <name>VPL-TransformUpdatedProfilePref</name>
        <outputCreationSequence>1.0</outputCreationSequence>
        <outputFieldName>UpdatedAccountPref|12:AccountId</outputFieldName>
        <outputObjectName>json</outputObjectName>
        <requiredForUpsert>false</requiredForUpsert>
        <upsertKey>false</upsertKey>
    </omniDataTransformItem>
    <omniDataTransformItem>
        <disabled>true</disabled>
        <filterGroup>0.0</filterGroup>
        <globalKey>VPL-TransformUpdatedProfilePrefCustoma1V3h000000mC0ZEAUItem51</globalKey>
        <inputFieldName>DNCToIsActive</inputFieldName>
        <inputObjectQuerySequence>0.0</inputObjectQuerySequence>
        <linkedObjectSequence>0.0</linkedObjectSequence>
        <name>VPL-TransformUpdatedProfilePref</name>
        <outputCreationSequence>1.0</outputCreationSequence>
        <outputFieldFormat>Boolean</outputFieldFormat>
        <outputFieldName>UpdatedAccountPref|7:isActive</outputFieldName>
        <outputObjectName>json</outputObjectName>
        <requiredForUpsert>false</requiredForUpsert>
        <upsertKey>false</upsertKey>
    </omniDataTransformItem>
    <omniDataTransformItem>
        <disabled>true</disabled>
        <filterGroup>0.0</filterGroup>
        <globalKey>VPL-TransformUpdatedProfilePrefCustoma1V3h000000mC0ZEAUItem52</globalKey>
        <inputFieldName>DNCToIsDeleted</inputFieldName>
        <inputObjectQuerySequence>0.0</inputObjectQuerySequence>
        <linkedObjectSequence>0.0</linkedObjectSequence>
        <name>VPL-TransformUpdatedProfilePref</name>
        <outputCreationSequence>1.0</outputCreationSequence>
        <outputFieldFormat>Boolean</outputFieldFormat>
        <outputFieldName>UpdatedAccountPref|7:isDeleted</outputFieldName>
        <outputObjectName>json</outputObjectName>
        <requiredForUpsert>false</requiredForUpsert>
        <upsertKey>false</upsertKey>
    </omniDataTransformItem>
    <omniDataTransformItem>
        <disabled>false</disabled>
        <filterGroup>0.0</filterGroup>
        <globalKey>VPL-TransformUpdatedProfilePrefCustoma1V3h000000mC0ZEAUItem27</globalKey>
        <inputFieldName>AccountPref:CustomerSatisfactionReliability:CategoryId</inputFieldName>
        <inputObjectQuerySequence>0.0</inputObjectQuerySequence>
        <linkedObjectSequence>0.0</linkedObjectSequence>
        <name>VPL-TransformUpdatedProfilePref</name>
        <outputCreationSequence>1.0</outputCreationSequence>
        <outputFieldName>UpdatedAccountPref|7:CategoryId</outputFieldName>
        <outputObjectName>json</outputObjectName>
        <requiredForUpsert>false</requiredForUpsert>
        <upsertKey>false</upsertKey>
    </omniDataTransformItem>
    <omniDataTransformItem>
        <disabled>false</disabled>
        <filterGroup>0.0</filterGroup>
        <globalKey>VPL-TransformUpdatedProfilePrefCustom386</globalKey>
        <inputFieldName>AccountPref:CustomerSatisfactionCoverage:CategoryId</inputFieldName>
        <inputObjectQuerySequence>0.0</inputObjectQuerySequence>
        <linkedObjectSequence>0.0</linkedObjectSequence>
        <name>VPL-TransformUpdatedProfilePref</name>
        <outputCreationSequence>1.0</outputCreationSequence>
        <outputFieldName>UpdatedAccountPref|8:CategoryId</outputFieldName>
        <outputObjectName>json</outputObjectName>
        <requiredForUpsert>false</requiredForUpsert>
        <upsertKey>false</upsertKey>
    </omniDataTransformItem>
    <omniDataTransformItem>
        <disabled>false</disabled>
        <filterGroup>0.0</filterGroup>
        <globalKey>VPL-TransformUpdatedProfilePrefCustom9688</globalKey>
        <inputFieldName>AccountNotificationPreference:AccountId</inputFieldName>
        <inputObjectQuerySequence>0.0</inputObjectQuerySequence>
        <linkedObjectSequence>0.0</linkedObjectSequence>
        <name>VPL-TransformUpdatedProfilePref</name>
        <outputCreationSequence>1.0</outputCreationSequence>
        <outputFieldName>UpdatedAccountPref|9:AccountId</outputFieldName>
        <outputObjectName>json</outputObjectName>
        <requiredForUpsert>false</requiredForUpsert>
        <upsertKey>false</upsertKey>
    </omniDataTransformItem>
    <omniDataTransformItem>
        <disabled>false</disabled>
        <filterGroup>0.0</filterGroup>
        <globalKey>VPL-TransformUpdatedProfilePrefCustom6932</globalKey>
        <inputFieldName>AccountPref:CustomerSatisfactionCoverage:AttrId</inputFieldName>
        <inputObjectQuerySequence>0.0</inputObjectQuerySequence>
        <linkedObjectSequence>0.0</linkedObjectSequence>
        <name>VPL-TransformUpdatedProfilePref</name>
        <outputCreationSequence>1.0</outputCreationSequence>
        <outputFieldName>UpdatedAccountPref|8:AttributeId</outputFieldName>
        <outputObjectName>json</outputObjectName>
        <requiredForUpsert>false</requiredForUpsert>
        <upsertKey>false</upsertKey>
    </omniDataTransformItem>
    <omniDataTransformItem>
        <disabled>false</disabled>
        <filterGroup>0.0</filterGroup>
        <globalKey>VPL-TransformUpdatedProfilePrefCustom211</globalKey>
        <inputFieldName>AccountPref:CustomerSatisfactionCoverage:Category</inputFieldName>
        <inputObjectQuerySequence>0.0</inputObjectQuerySequence>
        <linkedObjectSequence>0.0</linkedObjectSequence>
        <name>VPL-TransformUpdatedProfilePref</name>
        <outputCreationSequence>1.0</outputCreationSequence>
        <outputFieldName>UpdatedAccountPref|8:CategoryCode</outputFieldName>
        <outputObjectName>json</outputObjectName>
        <requiredForUpsert>false</requiredForUpsert>
        <upsertKey>false</upsertKey>
    </omniDataTransformItem>
    <omniDataTransformItem>
        <disabled>false</disabled>
        <filterGroup>0.0</filterGroup>
        <globalKey>VPL-TransformUpdatedProfilePrefCustom5037</globalKey>
        <inputFieldName>AccountPref:CustomerSatisfactionCoverage:AttrAssignId</inputFieldName>
        <inputObjectQuerySequence>0.0</inputObjectQuerySequence>
        <linkedObjectSequence>0.0</linkedObjectSequence>
        <name>VPL-TransformUpdatedProfilePref</name>
        <outputCreationSequence>1.0</outputCreationSequence>
        <outputFieldName>UpdatedAccountPref|8:AttrAssignId</outputFieldName>
        <outputObjectName>json</outputObjectName>
        <requiredForUpsert>false</requiredForUpsert>
        <upsertKey>false</upsertKey>
    </omniDataTransformItem>
    <omniDataTransformItem>
        <disabled>false</disabled>
        <filterGroup>0.0</filterGroup>
        <globalKey>VPL-TransformUpdatedProfilePrefCustom5790</globalKey>
        <inputFieldName>ManageProfileAttributes:CustomerSatisfactionCoverage</inputFieldName>
        <inputObjectQuerySequence>0.0</inputObjectQuerySequence>
        <linkedObjectSequence>0.0</linkedObjectSequence>
        <name>VPL-TransformUpdatedProfilePref</name>
        <outputCreationSequence>1.0</outputCreationSequence>
        <outputFieldName>UpdatedAccountPref|8:AttrValue</outputFieldName>
        <outputObjectName>json</outputObjectName>
        <requiredForUpsert>false</requiredForUpsert>
        <upsertKey>false</upsertKey>
    </omniDataTransformItem>
    <omniDataTransformItem>
        <disabled>false</disabled>
        <filterGroup>0.0</filterGroup>
        <globalKey>VPL-TransformUpdatedProfilePrefCustom3097</globalKey>
        <inputFieldName>AccountNotificationPreference:AccountId</inputFieldName>
        <inputObjectQuerySequence>0.0</inputObjectQuerySequence>
        <linkedObjectSequence>0.0</linkedObjectSequence>
        <name>VPL-TransformUpdatedProfilePref</name>
        <outputCreationSequence>1.0</outputCreationSequence>
        <outputFieldName>UpdatedAccountPref|8:AccountId</outputFieldName>
        <outputObjectName>json</outputObjectName>
        <requiredForUpsert>false</requiredForUpsert>
        <upsertKey>false</upsertKey>
    </omniDataTransformItem>
    <omniDataTransformItem>
        <disabled>false</disabled>
        <filterGroup>0.0</filterGroup>
        <globalKey>VPL-TransformUpdatedProfilePrefCustom8762</globalKey>
        <inputFieldName>AccountNotificationPreference:AccountName</inputFieldName>
        <inputObjectQuerySequence>0.0</inputObjectQuerySequence>
        <linkedObjectSequence>0.0</linkedObjectSequence>
        <name>VPL-TransformUpdatedProfilePref</name>
        <outputCreationSequence>1.0</outputCreationSequence>
        <outputFieldName>UpdatedAccountPref|8:AccountName</outputFieldName>
        <outputObjectName>json</outputObjectName>
        <requiredForUpsert>false</requiredForUpsert>
        <upsertKey>false</upsertKey>
    </omniDataTransformItem>
    <omniDataTransformItem>
        <disabled>false</disabled>
        <filterGroup>0.0</filterGroup>
        <globalKey>VPL-TransformUpdatedProfilePrefCustom973</globalKey>
        <inputFieldName>AccountPref:AnalysisRenewalPotential:CategoryId</inputFieldName>
        <inputObjectQuerySequence>0.0</inputObjectQuerySequence>
        <linkedObjectSequence>0.0</linkedObjectSequence>
        <name>VPL-TransformUpdatedProfilePref</name>
        <outputCreationSequence>1.0</outputCreationSequence>
        <outputFieldName>UpdatedAccountPref|14:CategoryId</outputFieldName>
        <outputObjectName>json</outputObjectName>
        <requiredForUpsert>false</requiredForUpsert>
        <upsertKey>false</upsertKey>
    </omniDataTransformItem>
    <omniDataTransformItem>
        <disabled>false</disabled>
        <filterGroup>0.0</filterGroup>
        <globalKey>VPL-TransformUpdatedProfilePrefCustoma1V3h000000mC0ZEAUItem6</globalKey>
        <inputFieldName>AccountNotificationPreference:AccountId</inputFieldName>
        <inputObjectQuerySequence>0.0</inputObjectQuerySequence>
        <linkedObjectSequence>0.0</linkedObjectSequence>
        <name>VPL-TransformUpdatedProfilePref</name>
        <outputCreationSequence>1.0</outputCreationSequence>
        <outputFieldName>UpdatedAccountPref|1:AccountId</outputFieldName>
        <outputObjectName>json</outputObjectName>
        <requiredForUpsert>false</requiredForUpsert>
        <upsertKey>false</upsertKey>
    </omniDataTransformItem>
    <omniDataTransformItem>
        <disabled>false</disabled>
        <filterGroup>0.0</filterGroup>
        <globalKey>VPL-TransformUpdatedProfilePrefCustom9080</globalKey>
        <inputFieldName>AccountPref:AnalysisRenewalPotential:AttrId</inputFieldName>
        <inputObjectQuerySequence>0.0</inputObjectQuerySequence>
        <linkedObjectSequence>0.0</linkedObjectSequence>
        <name>VPL-TransformUpdatedProfilePref</name>
        <outputCreationSequence>1.0</outputCreationSequence>
        <outputFieldName>UpdatedAccountPref|14:AttributeId</outputFieldName>
        <outputObjectName>json</outputObjectName>
        <requiredForUpsert>false</requiredForUpsert>
        <upsertKey>false</upsertKey>
    </omniDataTransformItem>
    <omniDataTransformItem>
        <disabled>false</disabled>
        <filterGroup>0.0</filterGroup>
        <globalKey>VPL-TransformUpdatedProfilePrefCustom4023</globalKey>
        <inputFieldName>AccountPref:AnalysisRenewalPotential:Category</inputFieldName>
        <inputObjectQuerySequence>0.0</inputObjectQuerySequence>
        <linkedObjectSequence>0.0</linkedObjectSequence>
        <name>VPL-TransformUpdatedProfilePref</name>
        <outputCreationSequence>1.0</outputCreationSequence>
        <outputFieldName>UpdatedAccountPref|14:CategoryCode</outputFieldName>
        <outputObjectName>json</outputObjectName>
        <requiredForUpsert>false</requiredForUpsert>
        <upsertKey>false</upsertKey>
    </omniDataTransformItem>
    <omniDataTransformItem>
        <disabled>false</disabled>
        <filterGroup>0.0</filterGroup>
        <globalKey>VPL-TransformUpdatedProfilePrefCustom6971</globalKey>
        <inputFieldName>AccountPref:AnalysisRenewalPotential:AttrAssignId</inputFieldName>
        <inputObjectQuerySequence>0.0</inputObjectQuerySequence>
        <linkedObjectSequence>0.0</linkedObjectSequence>
        <name>VPL-TransformUpdatedProfilePref</name>
        <outputCreationSequence>1.0</outputCreationSequence>
        <outputFieldName>UpdatedAccountPref|14:AttrAssignId</outputFieldName>
        <outputObjectName>json</outputObjectName>
        <requiredForUpsert>false</requiredForUpsert>
        <upsertKey>false</upsertKey>
    </omniDataTransformItem>
    <omniDataTransformItem>
        <disabled>false</disabled>
        <filterGroup>0.0</filterGroup>
        <globalKey>VPL-TransformUpdatedProfilePrefCustom1403</globalKey>
        <inputFieldName>ManageProfileAttributes:AnalysisRenewalPotential</inputFieldName>
        <inputObjectQuerySequence>0.0</inputObjectQuerySequence>
        <linkedObjectSequence>0.0</linkedObjectSequence>
        <name>VPL-TransformUpdatedProfilePref</name>
        <outputCreationSequence>1.0</outputCreationSequence>
        <outputFieldName>UpdatedAccountPref|14:AttrValue</outputFieldName>
        <outputObjectName>json</outputObjectName>
        <requiredForUpsert>false</requiredForUpsert>
        <upsertKey>false</upsertKey>
    </omniDataTransformItem>
    <omniDataTransformItem>
        <disabled>false</disabled>
        <filterGroup>0.0</filterGroup>
        <globalKey>VPL-TransformUpdatedProfilePrefCustom6609</globalKey>
        <inputFieldName>AccountNotificationPreference:AccountId</inputFieldName>
        <inputObjectQuerySequence>0.0</inputObjectQuerySequence>
        <linkedObjectSequence>0.0</linkedObjectSequence>
        <name>VPL-TransformUpdatedProfilePref</name>
        <outputCreationSequence>1.0</outputCreationSequence>
        <outputFieldName>UpdatedAccountPref|14:AccountId</outputFieldName>
        <outputObjectName>json</outputObjectName>
        <requiredForUpsert>false</requiredForUpsert>
        <upsertKey>false</upsertKey>
    </omniDataTransformItem>
    <omniDataTransformItem>
        <disabled>false</disabled>
        <filterGroup>0.0</filterGroup>
        <globalKey>VPL-TransformUpdatedProfilePrefCustom2225</globalKey>
        <inputFieldName>AccountNotificationPreference:AccountName</inputFieldName>
        <inputObjectQuerySequence>0.0</inputObjectQuerySequence>
        <linkedObjectSequence>0.0</linkedObjectSequence>
        <name>VPL-TransformUpdatedProfilePref</name>
        <outputCreationSequence>1.0</outputCreationSequence>
        <outputFieldName>UpdatedAccountPref|14:AccountName</outputFieldName>
        <outputObjectName>json</outputObjectName>
        <requiredForUpsert>false</requiredForUpsert>
        <upsertKey>false</upsertKey>
    </omniDataTransformItem>
    <omniDataTransformItem>
        <disabled>false</disabled>
        <filterGroup>0.0</filterGroup>
        <globalKey>VPL-TransformUpdatedProfilePrefCustom8372</globalKey>
        <inputFieldName>AccountPref:CustomerSatisfactionMaintenance:AttrId</inputFieldName>
        <inputObjectQuerySequence>0.0</inputObjectQuerySequence>
        <linkedObjectSequence>0.0</linkedObjectSequence>
        <name>VPL-TransformUpdatedProfilePref</name>
        <outputCreationSequence>1.0</outputCreationSequence>
        <outputFieldName>UpdatedAccountPref|10:AttributeId</outputFieldName>
        <outputObjectName>json</outputObjectName>
        <requiredForUpsert>false</requiredForUpsert>
        <upsertKey>false</upsertKey>
    </omniDataTransformItem>
    <omniDataTransformItem>
        <disabled>false</disabled>
        <filterGroup>0.0</filterGroup>
        <globalKey>VPL-TransformUpdatedProfilePrefCustoma1V3h000000mC0ZEAUItem12</globalKey>
        <inputFieldName>AccountNotificationPreference:AccountId</inputFieldName>
        <inputObjectQuerySequence>0.0</inputObjectQuerySequence>
        <linkedObjectSequence>0.0</linkedObjectSequence>
        <name>VPL-TransformUpdatedProfilePref</name>
        <outputCreationSequence>1.0</outputCreationSequence>
        <outputFieldName>UpdatedAccountPref|2:AccountId</outputFieldName>
        <outputObjectName>json</outputObjectName>
        <requiredForUpsert>false</requiredForUpsert>
        <upsertKey>false</upsertKey>
    </omniDataTransformItem>
    <omniDataTransformItem>
        <disabled>false</disabled>
        <filterGroup>0.0</filterGroup>
        <globalKey>VPL-TransformUpdatedProfilePrefCustom4163</globalKey>
        <inputFieldName>AccountPref:CustomerSatisfactionMaintenance:Category</inputFieldName>
        <inputObjectQuerySequence>0.0</inputObjectQuerySequence>
        <linkedObjectSequence>0.0</linkedObjectSequence>
        <name>VPL-TransformUpdatedProfilePref</name>
        <outputCreationSequence>1.0</outputCreationSequence>
        <outputFieldName>UpdatedAccountPref|10:CategoryCode</outputFieldName>
        <outputObjectName>json</outputObjectName>
        <requiredForUpsert>false</requiredForUpsert>
        <upsertKey>false</upsertKey>
    </omniDataTransformItem>
    <omniDataTransformItem>
        <disabled>false</disabled>
        <filterGroup>0.0</filterGroup>
        <globalKey>VPL-TransformUpdatedProfilePrefCustoma1V3h000000mC0ZEAUItem19</globalKey>
        <inputFieldName>AccountNotificationPreference:AccountName</inputFieldName>
        <inputObjectQuerySequence>0.0</inputObjectQuerySequence>
        <linkedObjectSequence>0.0</linkedObjectSequence>
        <name>VPL-TransformUpdatedProfilePref</name>
        <outputCreationSequence>1.0</outputCreationSequence>
        <outputFieldName>UpdatedAccountPref|2:AccountName</outputFieldName>
        <outputObjectName>json</outputObjectName>
        <requiredForUpsert>false</requiredForUpsert>
        <upsertKey>false</upsertKey>
    </omniDataTransformItem>
    <omniDataTransformItem>
        <disabled>false</disabled>
        <filterGroup>0.0</filterGroup>
        <globalKey>VPL-TransformUpdatedProfilePrefCustom8845</globalKey>
        <inputFieldName>AccountPref:CustomerSatisfactionMaintenance:AttrAssignId</inputFieldName>
        <inputObjectQuerySequence>0.0</inputObjectQuerySequence>
        <linkedObjectSequence>0.0</linkedObjectSequence>
        <name>VPL-TransformUpdatedProfilePref</name>
        <outputCreationSequence>1.0</outputCreationSequence>
        <outputFieldName>UpdatedAccountPref|10:AttrAssignId</outputFieldName>
        <outputObjectName>json</outputObjectName>
        <requiredForUpsert>false</requiredForUpsert>
        <upsertKey>false</upsertKey>
    </omniDataTransformItem>
    <omniDataTransformItem>
        <disabled>false</disabled>
        <filterGroup>0.0</filterGroup>
        <globalKey>VPL-TransformUpdatedProfilePrefCustoma1V3h000000mC0ZEAUItem41</globalKey>
        <inputFieldName>AccountPref:PurchaseCriteriaCost:Category</inputFieldName>
        <inputObjectQuerySequence>0.0</inputObjectQuerySequence>
        <linkedObjectSequence>0.0</linkedObjectSequence>
        <name>VPL-TransformUpdatedProfilePref</name>
        <outputCreationSequence>1.0</outputCreationSequence>
        <outputFieldName>UpdatedAccountPref|1:CategoryCode</outputFieldName>
        <outputObjectName>json</outputObjectName>
        <requiredForUpsert>false</requiredForUpsert>
        <upsertKey>false</upsertKey>
    </omniDataTransformItem>
    <omniDataTransformItem>
        <disabled>false</disabled>
        <filterGroup>0.0</filterGroup>
        <globalKey>VPL-TransformUpdatedProfilePrefCustom8980</globalKey>
        <inputFieldName>ManageProfileAttributes:CustomerSatisfactionMaintenance</inputFieldName>
        <inputObjectQuerySequence>0.0</inputObjectQuerySequence>
        <linkedObjectSequence>0.0</linkedObjectSequence>
        <name>VPL-TransformUpdatedProfilePref</name>
        <outputCreationSequence>1.0</outputCreationSequence>
        <outputFieldName>UpdatedAccountPref|10:AttrValue</outputFieldName>
        <outputObjectName>json</outputObjectName>
        <requiredForUpsert>false</requiredForUpsert>
        <upsertKey>false</upsertKey>
    </omniDataTransformItem>
    <omniDataTransformItem>
        <disabled>false</disabled>
        <filterGroup>0.0</filterGroup>
        <globalKey>VPL-TransformUpdatedProfilePrefCustoma1V3h000000mC0ZEAUItem42</globalKey>
        <inputFieldName>AccountPref:PurchaseCriteriaCost:CategoryId</inputFieldName>
        <inputObjectQuerySequence>0.0</inputObjectQuerySequence>
        <linkedObjectSequence>0.0</linkedObjectSequence>
        <name>VPL-TransformUpdatedProfilePref</name>
        <outputCreationSequence>1.0</outputCreationSequence>
        <outputFieldName>UpdatedAccountPref|1:CategoryId</outputFieldName>
        <outputObjectName>json</outputObjectName>
        <requiredForUpsert>false</requiredForUpsert>
        <upsertKey>false</upsertKey>
    </omniDataTransformItem>
    <omniDataTransformItem>
        <disabled>false</disabled>
        <filterGroup>0.0</filterGroup>
        <globalKey>VPL-TransformUpdatedProfilePrefCustom836</globalKey>
        <inputFieldName>AccountNotificationPreference:AccountId</inputFieldName>
        <inputObjectQuerySequence>0.0</inputObjectQuerySequence>
        <linkedObjectSequence>0.0</linkedObjectSequence>
        <name>VPL-TransformUpdatedProfilePref</name>
        <outputCreationSequence>1.0</outputCreationSequence>
        <outputFieldName>UpdatedAccountPref|10:AccountId</outputFieldName>
        <outputObjectName>json</outputObjectName>
        <requiredForUpsert>false</requiredForUpsert>
        <upsertKey>false</upsertKey>
    </omniDataTransformItem>
    <omniDataTransformItem>
        <defaultValue>None</defaultValue>
        <disabled>false</disabled>
        <filterGroup>0.0</filterGroup>
        <globalKey>VPL-TransformUpdatedProfilePrefCustoma1V3h000000mC0ZEAUItem60</globalKey>
        <inputFieldName>ManageProfileAttributes:PurchaseCriteriaCost</inputFieldName>
        <inputObjectQuerySequence>0.0</inputObjectQuerySequence>
        <linkedObjectSequence>0.0</linkedObjectSequence>
        <name>VPL-TransformUpdatedProfilePref</name>
        <outputCreationSequence>1.0</outputCreationSequence>
        <outputFieldName>UpdatedAccountPref|1:AttrValue</outputFieldName>
        <outputObjectName>json</outputObjectName>
        <requiredForUpsert>false</requiredForUpsert>
        <upsertKey>false</upsertKey>
    </omniDataTransformItem>
    <omniDataTransformItem>
        <disabled>false</disabled>
        <filterGroup>0.0</filterGroup>
        <globalKey>VPL-TransformUpdatedProfilePrefCustom6039</globalKey>
        <inputFieldName>AccountNotificationPreference:AccountName</inputFieldName>
        <inputObjectQuerySequence>0.0</inputObjectQuerySequence>
        <linkedObjectSequence>0.0</linkedObjectSequence>
        <name>VPL-TransformUpdatedProfilePref</name>
        <outputCreationSequence>1.0</outputCreationSequence>
        <outputFieldName>UpdatedAccountPref|10:AccountName</outputFieldName>
        <outputObjectName>json</outputObjectName>
        <requiredForUpsert>false</requiredForUpsert>
        <upsertKey>false</upsertKey>
    </omniDataTransformItem>
    <omniDataTransformItem>
        <disabled>false</disabled>
        <filterGroup>0.0</filterGroup>
        <globalKey>VPL-TransformUpdatedProfilePrefCustoma1V3h000000mC0ZEAUItem40</globalKey>
        <inputFieldName>AccountPref:PurchaseCriteriaCost:AttrId</inputFieldName>
        <inputObjectQuerySequence>0.0</inputObjectQuerySequence>
        <linkedObjectSequence>0.0</linkedObjectSequence>
        <name>VPL-TransformUpdatedProfilePref</name>
        <outputCreationSequence>1.0</outputCreationSequence>
        <outputFieldName>UpdatedAccountPref|1:AttributeId</outputFieldName>
        <outputObjectName>json</outputObjectName>
        <requiredForUpsert>false</requiredForUpsert>
        <upsertKey>false</upsertKey>
    </omniDataTransformItem>
    <omniDataTransformItem>
        <disabled>false</disabled>
        <filterGroup>0.0</filterGroup>
        <globalKey>VPL-TransformUpdatedProfilePrefCustoma1V3h000000mC0ZEAUItem13</globalKey>
        <inputFieldName>AccountNotificationPreference:AccountName</inputFieldName>
        <inputObjectQuerySequence>0.0</inputObjectQuerySequence>
        <linkedObjectSequence>0.0</linkedObjectSequence>
        <name>VPL-TransformUpdatedProfilePref</name>
        <outputCreationSequence>1.0</outputCreationSequence>
        <outputFieldName>UpdatedAccountPref|1:AccountName</outputFieldName>
        <outputObjectName>json</outputObjectName>
        <requiredForUpsert>false</requiredForUpsert>
        <upsertKey>false</upsertKey>
    </omniDataTransformItem>
    <omniDataTransformItem>
        <disabled>false</disabled>
        <filterGroup>0.0</filterGroup>
        <formulaSequence>1.0</formulaSequence>
        <globalKey>VPL-TransformUpdatedProfilePrefCustoma1V3h000000mC0ZEAUItem1</globalKey>
        <inputObjectQuerySequence>0.0</inputObjectQuerySequence>
        <linkedObjectSequence>0.0</linkedObjectSequence>
        <name>VPL-TransformUpdatedProfilePref</name>
        <outputCreationSequence>0.0</outputCreationSequence>
        <outputFieldName>Formula</outputFieldName>
        <outputObjectName>Formula</outputObjectName>
        <requiredForUpsert>false</requiredForUpsert>
        <upsertKey>false</upsertKey>
    </omniDataTransformItem>
    <omniDataTransformItem>
        <disabled>false</disabled>
        <filterGroup>0.0</filterGroup>
        <globalKey>VPL-TransformUpdatedProfilePrefCustom3342</globalKey>
        <inputFieldName>AccountPref:PurchaseCriteriaCost:AttrAssignId</inputFieldName>
        <inputObjectQuerySequence>0.0</inputObjectQuerySequence>
        <linkedObjectSequence>0.0</linkedObjectSequence>
        <name>VPL-TransformUpdatedProfilePref</name>
        <outputCreationSequence>1.0</outputCreationSequence>
        <outputFieldName>UpdatedAccountPref|1:AttrAssignId</outputFieldName>
        <outputObjectName>json</outputObjectName>
        <requiredForUpsert>false</requiredForUpsert>
        <upsertKey>false</upsertKey>
    </omniDataTransformItem>
    <omniDataTransformItem>
        <disabled>false</disabled>
        <filterGroup>0.0</filterGroup>
        <globalKey>VPL-TransformUpdatedProfilePrefCustom7758</globalKey>
        <inputFieldName>AccountPref:AnalysisUpsellPotential:AttrAssignId</inputFieldName>
        <inputObjectQuerySequence>0.0</inputObjectQuerySequence>
        <linkedObjectSequence>0.0</linkedObjectSequence>
        <name>VPL-TransformUpdatedProfilePref</name>
        <outputCreationSequence>1.0</outputCreationSequence>
        <outputFieldName>UpdatedAccountPref|13:AttrAssignId</outputFieldName>
        <outputObjectName>json</outputObjectName>
        <requiredForUpsert>false</requiredForUpsert>
        <upsertKey>false</upsertKey>
    </omniDataTransformItem>
    <omniDataTransformItem>
        <disabled>false</disabled>
        <filterGroup>0.0</filterGroup>
        <globalKey>VPL-TransformUpdatedProfilePrefCustom9615</globalKey>
        <inputFieldName>AccountNotificationPreference:AccountId</inputFieldName>
        <inputObjectQuerySequence>0.0</inputObjectQuerySequence>
        <linkedObjectSequence>0.0</linkedObjectSequence>
        <name>VPL-TransformUpdatedProfilePref</name>
        <outputCreationSequence>1.0</outputCreationSequence>
        <outputFieldName>UpdatedAccountPref|13:AccountId</outputFieldName>
        <outputObjectName>json</outputObjectName>
        <requiredForUpsert>false</requiredForUpsert>
        <upsertKey>false</upsertKey>
    </omniDataTransformItem>
    <omniDataTransformItem>
        <disabled>false</disabled>
        <filterGroup>0.0</filterGroup>
        <globalKey>VPL-TransformUpdatedProfilePrefCustom8258</globalKey>
        <inputFieldName>AccountNotificationPreference:AccountName</inputFieldName>
        <inputObjectQuerySequence>0.0</inputObjectQuerySequence>
        <linkedObjectSequence>0.0</linkedObjectSequence>
        <name>VPL-TransformUpdatedProfilePref</name>
        <outputCreationSequence>1.0</outputCreationSequence>
        <outputFieldName>UpdatedAccountPref|13:AccountName</outputFieldName>
        <outputObjectName>json</outputObjectName>
        <requiredForUpsert>false</requiredForUpsert>
        <upsertKey>false</upsertKey>
    </omniDataTransformItem>
    <omniDataTransformItem>
        <disabled>false</disabled>
        <filterGroup>0.0</filterGroup>
        <globalKey>VPL-TransformUpdatedProfilePrefCustom3465</globalKey>
        <inputFieldName>AccountPref:AnalysisMood:Category</inputFieldName>
        <inputObjectQuerySequence>0.0</inputObjectQuerySequence>
        <linkedObjectSequence>0.0</linkedObjectSequence>
        <name>VPL-TransformUpdatedProfilePref</name>
        <outputCreationSequence>1.0</outputCreationSequence>
        <outputFieldName>UpdatedAccountPref|12:CategoryCode</outputFieldName>
        <outputObjectName>json</outputObjectName>
        <requiredForUpsert>false</requiredForUpsert>
        <upsertKey>false</upsertKey>
    </omniDataTransformItem>
    <omniDataTransformItem>
        <disabled>false</disabled>
        <filterGroup>0.0</filterGroup>
        <globalKey>VPL-TransformUpdatedProfilePrefCustom4206</globalKey>
        <inputFieldName>AccountPref:AnalysisMood:CategoryId</inputFieldName>
        <inputObjectQuerySequence>0.0</inputObjectQuerySequence>
        <linkedObjectSequence>0.0</linkedObjectSequence>
        <name>VPL-TransformUpdatedProfilePref</name>
        <outputCreationSequence>1.0</outputCreationSequence>
        <outputFieldName>UpdatedAccountPref|12:CategoryId</outputFieldName>
        <outputObjectName>json</outputObjectName>
        <requiredForUpsert>false</requiredForUpsert>
        <upsertKey>false</upsertKey>
    </omniDataTransformItem>
    <omniDataTransformItem>
        <disabled>false</disabled>
        <filterGroup>0.0</filterGroup>
        <globalKey>VPL-TransformUpdatedProfilePrefCustom7881</globalKey>
        <inputFieldName>AccountPref:AnalysisUpsellPotential:Category</inputFieldName>
        <inputObjectQuerySequence>0.0</inputObjectQuerySequence>
        <linkedObjectSequence>0.0</linkedObjectSequence>
        <name>VPL-TransformUpdatedProfilePref</name>
        <outputCreationSequence>1.0</outputCreationSequence>
        <outputFieldName>UpdatedAccountPref|13:CategoryCode</outputFieldName>
        <outputObjectName>json</outputObjectName>
        <requiredForUpsert>false</requiredForUpsert>
        <upsertKey>false</upsertKey>
    </omniDataTransformItem>
    <omniDataTransformItem>
        <disabled>false</disabled>
        <filterGroup>0.0</filterGroup>
        <globalKey>VPL-TransformUpdatedProfilePrefCustom83</globalKey>
        <inputFieldName>AccountPref:AnalysisUpsellPotential:CategoryId</inputFieldName>
        <inputObjectQuerySequence>0.0</inputObjectQuerySequence>
        <linkedObjectSequence>0.0</linkedObjectSequence>
        <name>VPL-TransformUpdatedProfilePref</name>
        <outputCreationSequence>1.0</outputCreationSequence>
        <outputFieldName>UpdatedAccountPref|13:CategoryId</outputFieldName>
        <outputObjectName>json</outputObjectName>
        <requiredForUpsert>false</requiredForUpsert>
        <upsertKey>false</upsertKey>
    </omniDataTransformItem>
    <omniDataTransformItem>
        <disabled>false</disabled>
        <filterGroup>0.0</filterGroup>
        <globalKey>VPL-TransformUpdatedProfilePrefCustom1043</globalKey>
        <inputFieldName>ManageProfileAttributes:AnalysisUpsellPotential</inputFieldName>
        <inputObjectQuerySequence>0.0</inputObjectQuerySequence>
        <linkedObjectSequence>0.0</linkedObjectSequence>
        <name>VPL-TransformUpdatedProfilePref</name>
        <outputCreationSequence>1.0</outputCreationSequence>
        <outputFieldName>UpdatedAccountPref|13:AttrValue</outputFieldName>
        <outputObjectName>json</outputObjectName>
        <requiredForUpsert>false</requiredForUpsert>
        <upsertKey>false</upsertKey>
    </omniDataTransformItem>
    <omniDataTransformItem>
        <disabled>false</disabled>
        <filterGroup>0.0</filterGroup>
        <globalKey>VPL-TransformUpdatedProfilePrefCustom9892</globalKey>
        <inputFieldName>AccountPref:AnalysisUpsellPotential:AttrId</inputFieldName>
        <inputObjectQuerySequence>0.0</inputObjectQuerySequence>
        <linkedObjectSequence>0.0</linkedObjectSequence>
        <name>VPL-TransformUpdatedProfilePref</name>
        <outputCreationSequence>1.0</outputCreationSequence>
        <outputFieldName>UpdatedAccountPref|13:AttributeId</outputFieldName>
        <outputObjectName>json</outputObjectName>
        <requiredForUpsert>false</requiredForUpsert>
        <upsertKey>false</upsertKey>
    </omniDataTransformItem>
    <omniDataTransformItem>
        <disabled>true</disabled>
        <filterGroup>0.0</filterGroup>
        <globalKey>VPL-TransformUpdatedProfilePrefCustoma1V3h000000mC0ZEAUItem49</globalKey>
        <inputFieldName>DNCFromIsDeleted</inputFieldName>
        <inputObjectQuerySequence>0.0</inputObjectQuerySequence>
        <linkedObjectSequence>0.0</linkedObjectSequence>
        <name>VPL-TransformUpdatedProfilePref</name>
        <outputCreationSequence>1.0</outputCreationSequence>
        <outputFieldFormat>Boolean</outputFieldFormat>
        <outputFieldName>UpdatedAccountPref|6:isDeleted</outputFieldName>
        <outputObjectName>json</outputObjectName>
        <requiredForUpsert>false</requiredForUpsert>
        <upsertKey>false</upsertKey>
    </omniDataTransformItem>
    <omniDataTransformItem>
        <disabled>false</disabled>
        <filterGroup>0.0</filterGroup>
        <globalKey>VPL-TransformUpdatedProfilePrefCustoma1V3h000000mC0ZEAUItem7</globalKey>
        <inputFieldName>AccountNotificationPreference:AccountId</inputFieldName>
        <inputObjectQuerySequence>0.0</inputObjectQuerySequence>
        <linkedObjectSequence>0.0</linkedObjectSequence>
        <name>VPL-TransformUpdatedProfilePref</name>
        <outputCreationSequence>1.0</outputCreationSequence>
        <outputFieldName>UpdatedAccountPref|7:AccountId</outputFieldName>
        <outputObjectName>json</outputObjectName>
        <requiredForUpsert>false</requiredForUpsert>
        <upsertKey>false</upsertKey>
    </omniDataTransformItem>
    <omniDataTransformItem>
        <disabled>false</disabled>
        <filterGroup>0.0</filterGroup>
        <globalKey>VPL-TransformUpdatedProfilePrefCustoma1V3h000000mC0ZEAUItem22</globalKey>
        <inputFieldName>AccountPref:CustomerSatisfactionCost:Category</inputFieldName>
        <inputObjectQuerySequence>0.0</inputObjectQuerySequence>
        <linkedObjectSequence>0.0</linkedObjectSequence>
        <name>VPL-TransformUpdatedProfilePref</name>
        <outputCreationSequence>1.0</outputCreationSequence>
        <outputFieldName>UpdatedAccountPref|6:CategoryCode</outputFieldName>
        <outputObjectName>json</outputObjectName>
        <requiredForUpsert>false</requiredForUpsert>
        <upsertKey>false</upsertKey>
    </omniDataTransformItem>
    <omniDataTransformItem>
        <disabled>false</disabled>
        <filterGroup>0.0</filterGroup>
        <globalKey>VPL-TransformUpdatedProfilePrefCustoma1V3h000000mC0ZEAUItem23</globalKey>
        <inputFieldName>AccountPref:CustomerSatisfactionCost:CategoryId</inputFieldName>
        <inputObjectQuerySequence>0.0</inputObjectQuerySequence>
        <linkedObjectSequence>0.0</linkedObjectSequence>
        <name>VPL-TransformUpdatedProfilePref</name>
        <outputCreationSequence>1.0</outputCreationSequence>
        <outputFieldName>UpdatedAccountPref|6:CategoryId</outputFieldName>
        <outputObjectName>json</outputObjectName>
        <requiredForUpsert>false</requiredForUpsert>
        <upsertKey>false</upsertKey>
    </omniDataTransformItem>
    <omniDataTransformItem>
        <disabled>false</disabled>
        <filterGroup>0.0</filterGroup>
        <globalKey>VPL-TransformUpdatedProfilePrefCustoma1V3h000000mC0ZEAUItem25</globalKey>
        <inputFieldName>AccountPref:CustomerSatisfactionReliability:AttrId</inputFieldName>
        <inputObjectQuerySequence>0.0</inputObjectQuerySequence>
        <linkedObjectSequence>0.0</linkedObjectSequence>
        <name>VPL-TransformUpdatedProfilePref</name>
        <outputCreationSequence>1.0</outputCreationSequence>
        <outputFieldName>UpdatedAccountPref|7:AttributeId</outputFieldName>
        <outputObjectName>json</outputObjectName>
        <requiredForUpsert>false</requiredForUpsert>
        <upsertKey>false</upsertKey>
    </omniDataTransformItem>
    <omniDataTransformItem>
        <disabled>false</disabled>
        <filterGroup>0.0</filterGroup>
        <globalKey>VPL-TransformUpdatedProfilePrefCustoma1V3h000000mC0ZEAUItem26</globalKey>
        <inputFieldName>AccountPref:CustomerSatisfactionReliability:Category</inputFieldName>
        <inputObjectQuerySequence>0.0</inputObjectQuerySequence>
        <linkedObjectSequence>0.0</linkedObjectSequence>
        <name>VPL-TransformUpdatedProfilePref</name>
        <outputCreationSequence>1.0</outputCreationSequence>
        <outputFieldName>UpdatedAccountPref|7:CategoryCode</outputFieldName>
        <outputObjectName>json</outputObjectName>
        <requiredForUpsert>false</requiredForUpsert>
        <upsertKey>false</upsertKey>
    </omniDataTransformItem>
    <omniDataTransformItem>
        <defaultValue>None</defaultValue>
        <disabled>false</disabled>
        <filterGroup>0.0</filterGroup>
        <globalKey>VPL-TransformUpdatedProfilePrefCustoma1V3h000000mC0ZEAUItem55</globalKey>
        <inputFieldName>ManageProfileAttributes:CustomerSatisfactionReliability</inputFieldName>
        <inputObjectQuerySequence>0.0</inputObjectQuerySequence>
        <linkedObjectSequence>0.0</linkedObjectSequence>
        <name>VPL-TransformUpdatedProfilePref</name>
        <outputCreationSequence>1.0</outputCreationSequence>
        <outputFieldName>UpdatedAccountPref|7:AttrValue</outputFieldName>
        <outputObjectName>json</outputObjectName>
        <requiredForUpsert>false</requiredForUpsert>
        <upsertKey>false</upsertKey>
    </omniDataTransformItem>
    <omniDataTransformItem>
        <disabled>true</disabled>
        <filterGroup>0.0</filterGroup>
        <globalKey>VPL-TransformUpdatedProfilePrefCustoma1V3h000000mC0ZEAUItem53</globalKey>
        <inputFieldName>dncToTime</inputFieldName>
        <inputObjectQuerySequence>0.0</inputObjectQuerySequence>
        <linkedObjectSequence>0.0</linkedObjectSequence>
        <name>VPL-TransformUpdatedProfilePref</name>
        <outputCreationSequence>1.0</outputCreationSequence>
        <outputFieldName>UpdatedAccountPref|7:AttrValue</outputFieldName>
        <outputObjectName>json</outputObjectName>
        <requiredForUpsert>false</requiredForUpsert>
        <upsertKey>false</upsertKey>
    </omniDataTransformItem>
    <omniDataTransformItem>
        <disabled>false</disabled>
        <filterGroup>0.0</filterGroup>
        <globalKey>VPL-TransformUpdatedProfilePrefCustoma1V3h000000mC0ZEAUItem14</globalKey>
        <inputFieldName>AccountNotificationPreference:AccountName</inputFieldName>
        <inputObjectQuerySequence>0.0</inputObjectQuerySequence>
        <linkedObjectSequence>0.0</linkedObjectSequence>
        <name>VPL-TransformUpdatedProfilePref</name>
        <outputCreationSequence>1.0</outputCreationSequence>
        <outputFieldName>UpdatedAccountPref|7:AccountName</outputFieldName>
        <outputObjectName>json</outputObjectName>
        <requiredForUpsert>false</requiredForUpsert>
        <upsertKey>false</upsertKey>
    </omniDataTransformItem>
    <omniDataTransformItem>
        <disabled>false</disabled>
        <filterGroup>0.0</filterGroup>
        <globalKey>VPL-TransformUpdatedProfilePrefCustoma1V3h000000mC0ZEAUItem24</globalKey>
        <inputFieldName>AccountPref:CustomerSatisfactionReliability:AttrAssignId</inputFieldName>
        <inputObjectQuerySequence>0.0</inputObjectQuerySequence>
        <linkedObjectSequence>0.0</linkedObjectSequence>
        <name>VPL-TransformUpdatedProfilePref</name>
        <outputCreationSequence>1.0</outputCreationSequence>
        <outputFieldName>UpdatedAccountPref|7:AttrAssignId</outputFieldName>
        <outputObjectName>json</outputObjectName>
        <requiredForUpsert>false</requiredForUpsert>
        <upsertKey>false</upsertKey>
    </omniDataTransformItem>
    <omniDataTransformItem>
        <disabled>false</disabled>
        <filterGroup>0.0</filterGroup>
        <globalKey>VPL-TransformUpdatedProfilePrefCustoma1V3h000000mC0ZEAUItem29</globalKey>
        <inputFieldName>AccountPref:PurchaseCriteriaServiceAvailability:AttrId</inputFieldName>
        <inputObjectQuerySequence>0.0</inputObjectQuerySequence>
        <linkedObjectSequence>0.0</linkedObjectSequence>
        <name>VPL-TransformUpdatedProfilePref</name>
        <outputCreationSequence>1.0</outputCreationSequence>
        <outputFieldName>UpdatedAccountPref|4:AttributeId</outputFieldName>
        <outputObjectName>json</outputObjectName>
        <requiredForUpsert>false</requiredForUpsert>
        <upsertKey>false</upsertKey>
    </omniDataTransformItem>
    <omniDataTransformItem>
        <disabled>false</disabled>
        <filterGroup>0.0</filterGroup>
        <globalKey>VPL-TransformUpdatedProfilePrefCustoma1V3h000000mC0ZEAUItem30</globalKey>
        <inputFieldName>AccountPref:PurchaseCriteriaServiceAvailability:Category</inputFieldName>
        <inputObjectQuerySequence>0.0</inputObjectQuerySequence>
        <linkedObjectSequence>0.0</linkedObjectSequence>
        <name>VPL-TransformUpdatedProfilePref</name>
        <outputCreationSequence>1.0</outputCreationSequence>
        <outputFieldName>UpdatedAccountPref|4:CategoryCode</outputFieldName>
        <outputObjectName>json</outputObjectName>
        <requiredForUpsert>false</requiredForUpsert>
        <upsertKey>false</upsertKey>
    </omniDataTransformItem>
    <omniDataTransformItem>
        <disabled>false</disabled>
        <filterGroup>0.0</filterGroup>
        <globalKey>VPL-TransformUpdatedProfilePrefCustoma1V3h000000mC0ZEAUItem28</globalKey>
        <inputFieldName>AccountPref:PurchaseCriteriaServiceAvailability:AttrAssignId</inputFieldName>
        <inputObjectQuerySequence>0.0</inputObjectQuerySequence>
        <linkedObjectSequence>0.0</linkedObjectSequence>
        <name>VPL-TransformUpdatedProfilePref</name>
        <outputCreationSequence>1.0</outputCreationSequence>
        <outputFieldName>UpdatedAccountPref|4:AttrAssignId</outputFieldName>
        <outputObjectName>json</outputObjectName>
        <requiredForUpsert>false</requiredForUpsert>
        <upsertKey>false</upsertKey>
    </omniDataTransformItem>
    <omniDataTransformItem>
        <defaultValue>None</defaultValue>
        <disabled>false</disabled>
        <filterGroup>0.0</filterGroup>
        <globalKey>VPL-TransformUpdatedProfilePrefCustoma1V3h000000mC0ZEAUItem56</globalKey>
        <inputFieldName>ManageProfileAttributes:PurchaseCriteriaServiceAvailability</inputFieldName>
        <inputObjectQuerySequence>0.0</inputObjectQuerySequence>
        <linkedObjectSequence>0.0</linkedObjectSequence>
        <name>VPL-TransformUpdatedProfilePref</name>
        <outputCreationSequence>1.0</outputCreationSequence>
        <outputFieldName>UpdatedAccountPref|4:AttrValue</outputFieldName>
        <outputObjectName>json</outputObjectName>
        <requiredForUpsert>false</requiredForUpsert>
        <upsertKey>false</upsertKey>
    </omniDataTransformItem>
    <omniDataTransformItem>
        <disabled>false</disabled>
        <filterGroup>0.0</filterGroup>
        <globalKey>VPL-TransformUpdatedProfilePrefCustoma1V3h000000mC0ZEAUItem10</globalKey>
        <inputFieldName>AccountNotificationPreference:AccountId</inputFieldName>
        <inputObjectQuerySequence>0.0</inputObjectQuerySequence>
        <linkedObjectSequence>0.0</linkedObjectSequence>
        <name>VPL-TransformUpdatedProfilePref</name>
        <outputCreationSequence>1.0</outputCreationSequence>
        <outputFieldName>UpdatedAccountPref|4:AccountId</outputFieldName>
        <outputObjectName>json</outputObjectName>
        <requiredForUpsert>false</requiredForUpsert>
        <upsertKey>false</upsertKey>
    </omniDataTransformItem>
    <omniDataTransformItem>
        <disabled>false</disabled>
        <filterGroup>0.0</filterGroup>
        <globalKey>VPL-TransformUpdatedProfilePrefCustoma1V3h000000mC0ZEAUItem17</globalKey>
        <inputFieldName>AccountNotificationPreference:AccountName</inputFieldName>
        <inputObjectQuerySequence>0.0</inputObjectQuerySequence>
        <linkedObjectSequence>0.0</linkedObjectSequence>
        <name>VPL-TransformUpdatedProfilePref</name>
        <outputCreationSequence>1.0</outputCreationSequence>
        <outputFieldName>UpdatedAccountPref|4:AccountName</outputFieldName>
        <outputObjectName>json</outputObjectName>
        <requiredForUpsert>false</requiredForUpsert>
        <upsertKey>false</upsertKey>
    </omniDataTransformItem>
    <omniDataTransformItem>
        <disabled>false</disabled>
        <filterGroup>0.0</filterGroup>
        <globalKey>VPL-TransformUpdatedProfilePrefCustoma1V3h000000mC0ZEAUItem34</globalKey>
        <inputFieldName>AccountPref:PurchaseCriteriaFamilyFriendly:Category</inputFieldName>
        <inputObjectQuerySequence>0.0</inputObjectQuerySequence>
        <linkedObjectSequence>0.0</linkedObjectSequence>
        <name>VPL-TransformUpdatedProfilePref</name>
        <outputCreationSequence>1.0</outputCreationSequence>
        <outputFieldName>UpdatedAccountPref|3:CategoryCode</outputFieldName>
        <outputObjectName>json</outputObjectName>
        <requiredForUpsert>false</requiredForUpsert>
        <upsertKey>false</upsertKey>
    </omniDataTransformItem>
    <omniDataTransformItem>
        <disabled>false</disabled>
        <filterGroup>0.0</filterGroup>
        <globalKey>VPL-TransformUpdatedProfilePrefCustoma1V3h000000mC0ZEAUItem35</globalKey>
        <inputFieldName>AccountPref:PurchaseCriteriaFamilyFriendly:CategoryId</inputFieldName>
        <inputObjectQuerySequence>0.0</inputObjectQuerySequence>
        <linkedObjectSequence>0.0</linkedObjectSequence>
        <name>VPL-TransformUpdatedProfilePref</name>
        <outputCreationSequence>1.0</outputCreationSequence>
        <outputFieldName>UpdatedAccountPref|3:CategoryId</outputFieldName>
        <outputObjectName>json</outputObjectName>
        <requiredForUpsert>false</requiredForUpsert>
        <upsertKey>false</upsertKey>
    </omniDataTransformItem>
    <omniDataTransformItem>
        <disabled>false</disabled>
        <filterGroup>0.0</filterGroup>
        <globalKey>VPL-TransformUpdatedProfilePrefCustoma1V3h000000mC0ZEAUItem45</globalKey>
        <inputFieldName>AccountPref:PurchaseCriteriaInsurance:Category</inputFieldName>
        <inputObjectQuerySequence>0.0</inputObjectQuerySequence>
        <linkedObjectSequence>0.0</linkedObjectSequence>
        <name>VPL-TransformUpdatedProfilePref</name>
        <outputCreationSequence>1.0</outputCreationSequence>
        <outputFieldName>UpdatedAccountPref|5:CategoryCode</outputFieldName>
        <outputObjectName>json</outputObjectName>
        <requiredForUpsert>false</requiredForUpsert>
        <upsertKey>false</upsertKey>
    </omniDataTransformItem>
    <omniDataTransformItem>
        <disabled>false</disabled>
        <filterGroup>0.0</filterGroup>
        <globalKey>VPL-TransformUpdatedProfilePrefCustoma1V3h000000mC0ZEAUItem46</globalKey>
        <inputFieldName>AccountPref:PurchaseCriteriaInsurance:CategoryId</inputFieldName>
        <inputObjectQuerySequence>0.0</inputObjectQuerySequence>
        <linkedObjectSequence>0.0</linkedObjectSequence>
        <name>VPL-TransformUpdatedProfilePref</name>
        <outputCreationSequence>1.0</outputCreationSequence>
        <outputFieldName>UpdatedAccountPref|5:CategoryId</outputFieldName>
        <outputObjectName>json</outputObjectName>
        <requiredForUpsert>false</requiredForUpsert>
        <upsertKey>false</upsertKey>
    </omniDataTransformItem>
    <omniDataTransformItem>
        <defaultValue>None</defaultValue>
        <disabled>false</disabled>
        <filterGroup>0.0</filterGroup>
        <globalKey>VPL-TransformUpdatedProfilePrefCustoma1V3h000000mC0ZEAUItem59</globalKey>
        <inputFieldName>ManageProfileAttributes:PurchaseCriteriaInsurance</inputFieldName>
        <inputObjectQuerySequence>0.0</inputObjectQuerySequence>
        <linkedObjectSequence>0.0</linkedObjectSequence>
        <name>VPL-TransformUpdatedProfilePref</name>
        <outputCreationSequence>1.0</outputCreationSequence>
        <outputFieldName>UpdatedAccountPref|5:AttrValue</outputFieldName>
        <outputObjectName>json</outputObjectName>
        <requiredForUpsert>false</requiredForUpsert>
        <upsertKey>false</upsertKey>
    </omniDataTransformItem>
    <omniDataTransformItem>
        <disabled>false</disabled>
        <filterGroup>0.0</filterGroup>
        <globalKey>VPL-TransformUpdatedProfilePrefCustoma1V3h000000mC0ZEAUItem44</globalKey>
        <inputFieldName>AccountPref:PurchaseCriteriaInsurance:AttrId</inputFieldName>
        <inputObjectQuerySequence>0.0</inputObjectQuerySequence>
        <linkedObjectSequence>0.0</linkedObjectSequence>
        <name>VPL-TransformUpdatedProfilePref</name>
        <outputCreationSequence>1.0</outputCreationSequence>
        <outputFieldName>UpdatedAccountPref|5:AttributeId</outputFieldName>
        <outputObjectName>json</outputObjectName>
        <requiredForUpsert>false</requiredForUpsert>
        <upsertKey>false</upsertKey>
    </omniDataTransformItem>
    <omniDataTransformItem>
        <disabled>false</disabled>
        <filterGroup>0.0</filterGroup>
        <globalKey>VPL-TransformUpdatedProfilePrefCustoma1V3h000000mC0ZEAUItem16</globalKey>
        <inputFieldName>AccountNotificationPreference:AccountName</inputFieldName>
        <inputObjectQuerySequence>0.0</inputObjectQuerySequence>
        <linkedObjectSequence>0.0</linkedObjectSequence>
        <name>VPL-TransformUpdatedProfilePref</name>
        <outputCreationSequence>1.0</outputCreationSequence>
        <outputFieldName>UpdatedAccountPref|5:AccountName</outputFieldName>
        <outputObjectName>json</outputObjectName>
        <requiredForUpsert>false</requiredForUpsert>
        <upsertKey>false</upsertKey>
    </omniDataTransformItem>
    <omniDataTransformItem>
        <disabled>false</disabled>
        <filterGroup>0.0</filterGroup>
        <globalKey>VPL-TransformUpdatedProfilePrefCustoma1V3h000000mC0ZEAUItem43</globalKey>
        <inputFieldName>AccountPref:PurchaseCriteriaInsurance:AttrAssignId</inputFieldName>
        <inputObjectQuerySequence>0.0</inputObjectQuerySequence>
        <linkedObjectSequence>0.0</linkedObjectSequence>
        <name>VPL-TransformUpdatedProfilePref</name>
        <outputCreationSequence>1.0</outputCreationSequence>
        <outputFieldName>UpdatedAccountPref|5:AttrAssignId</outputFieldName>
        <outputObjectName>json</outputObjectName>
        <requiredForUpsert>false</requiredForUpsert>
        <upsertKey>false</upsertKey>
    </omniDataTransformItem>
    <omniDataTransformItem>
        <disabled>false</disabled>
        <filterGroup>0.0</filterGroup>
        <globalKey>VPL-TransformUpdatedProfilePrefCustoma1V3h000000mC0ZEAUItem31</globalKey>
        <inputFieldName>AccountPref:PurchaseCriteriaServiceAvailability:CategoryId</inputFieldName>
        <inputObjectQuerySequence>0.0</inputObjectQuerySequence>
        <linkedObjectSequence>0.0</linkedObjectSequence>
        <name>VPL-TransformUpdatedProfilePref</name>
        <outputCreationSequence>1.0</outputCreationSequence>
        <outputFieldName>UpdatedAccountPref|4:CategoryId</outputFieldName>
        <outputObjectName>json</outputObjectName>
        <requiredForUpsert>false</requiredForUpsert>
        <upsertKey>false</upsertKey>
    </omniDataTransformItem>
    <omniDataTransformItem>
        <disabled>false</disabled>
        <filterGroup>0.0</filterGroup>
        <globalKey>VPL-TransformUpdatedProfilePrefCustoma1V3h000000mC0ZEAUItem9</globalKey>
        <inputFieldName>AccountNotificationPreference:AccountId</inputFieldName>
        <inputObjectQuerySequence>0.0</inputObjectQuerySequence>
        <linkedObjectSequence>0.0</linkedObjectSequence>
        <name>VPL-TransformUpdatedProfilePref</name>
        <outputCreationSequence>1.0</outputCreationSequence>
        <outputFieldName>UpdatedAccountPref|5:AccountId</outputFieldName>
        <outputObjectName>json</outputObjectName>
        <requiredForUpsert>false</requiredForUpsert>
        <upsertKey>false</upsertKey>
    </omniDataTransformItem>
    <omniDataTransformItem>
        <disabled>false</disabled>
        <filterGroup>0.0</filterGroup>
        <globalKey>VPL-TransformUpdatedProfilePrefCustom6086</globalKey>
        <inputFieldName>AccountPref:CustomerSatisfactionUsageCharges:Category</inputFieldName>
        <inputObjectQuerySequence>0.0</inputObjectQuerySequence>
        <linkedObjectSequence>0.0</linkedObjectSequence>
        <name>VPL-TransformUpdatedProfilePref</name>
        <outputCreationSequence>1.0</outputCreationSequence>
        <outputFieldName>UpdatedAccountPref|11:CategoryCode</outputFieldName>
        <outputObjectName>json</outputObjectName>
        <requiredForUpsert>false</requiredForUpsert>
        <upsertKey>false</upsertKey>
    </omniDataTransformItem>
    <omniDataTransformItem>
        <disabled>false</disabled>
        <filterGroup>0.0</filterGroup>
        <globalKey>VPL-TransformUpdatedProfilePrefCustom5920</globalKey>
        <inputFieldName>ManageProfileAttributes:CustomerSatisfactionUsageCharges</inputFieldName>
        <inputObjectQuerySequence>0.0</inputObjectQuerySequence>
        <linkedObjectSequence>0.0</linkedObjectSequence>
        <name>VPL-TransformUpdatedProfilePref</name>
        <outputCreationSequence>1.0</outputCreationSequence>
        <outputFieldName>UpdatedAccountPref|11:AttrValue</outputFieldName>
        <outputObjectName>json</outputObjectName>
        <requiredForUpsert>false</requiredForUpsert>
        <upsertKey>false</upsertKey>
    </omniDataTransformItem>
    <omniDataTransformItem>
        <disabled>false</disabled>
        <filterGroup>0.0</filterGroup>
        <globalKey>VPL-TransformUpdatedProfilePrefCustoma1V3h000000mC0ZEAUItem39</globalKey>
        <inputFieldName>AccountPref:PurchaseCriteriaRenewableEnergy:CategoryId</inputFieldName>
        <inputObjectQuerySequence>0.0</inputObjectQuerySequence>
        <linkedObjectSequence>0.0</linkedObjectSequence>
        <name>VPL-TransformUpdatedProfilePref</name>
        <outputCreationSequence>1.0</outputCreationSequence>
        <outputFieldName>UpdatedAccountPref|2:CategoryId</outputFieldName>
        <outputObjectName>json</outputObjectName>
        <requiredForUpsert>false</requiredForUpsert>
        <upsertKey>false</upsertKey>
    </omniDataTransformItem>
    <omniDataTransformItem>
        <disabled>false</disabled>
        <filterGroup>0.0</filterGroup>
        <globalKey>VPL-TransformUpdatedProfilePrefCustom3330</globalKey>
        <inputFieldName>AccountPref:CustomerSatisfactionUsageCharges:AttrId</inputFieldName>
        <inputObjectQuerySequence>0.0</inputObjectQuerySequence>
        <linkedObjectSequence>0.0</linkedObjectSequence>
        <name>VPL-TransformUpdatedProfilePref</name>
        <outputCreationSequence>1.0</outputCreationSequence>
        <outputFieldName>UpdatedAccountPref|11:AttributeId</outputFieldName>
        <outputObjectName>json</outputObjectName>
        <requiredForUpsert>false</requiredForUpsert>
        <upsertKey>false</upsertKey>
    </omniDataTransformItem>
    <omniDataTransformItem>
        <disabled>false</disabled>
        <filterGroup>0.0</filterGroup>
        <globalKey>VPL-TransformUpdatedProfilePrefCustoma1V3h000000mC0ZEAUItem11</globalKey>
        <inputFieldName>AccountNotificationPreference:AccountId</inputFieldName>
        <inputObjectQuerySequence>0.0</inputObjectQuerySequence>
        <linkedObjectSequence>0.0</linkedObjectSequence>
        <name>VPL-TransformUpdatedProfilePref</name>
        <outputCreationSequence>1.0</outputCreationSequence>
        <outputFieldName>UpdatedAccountPref|3:AccountId</outputFieldName>
        <outputObjectName>json</outputObjectName>
        <requiredForUpsert>false</requiredForUpsert>
        <upsertKey>false</upsertKey>
    </omniDataTransformItem>
    <omniDataTransformItem>
        <disabled>false</disabled>
        <filterGroup>0.0</filterGroup>
        <globalKey>VPL-TransformUpdatedProfilePrefCustom9619</globalKey>
        <inputFieldName>AccountNotificationPreference:AccountName</inputFieldName>
        <inputObjectQuerySequence>0.0</inputObjectQuerySequence>
        <linkedObjectSequence>0.0</linkedObjectSequence>
        <name>VPL-TransformUpdatedProfilePref</name>
        <outputCreationSequence>1.0</outputCreationSequence>
        <outputFieldName>UpdatedAccountPref|11:AccountName</outputFieldName>
        <outputObjectName>json</outputObjectName>
        <requiredForUpsert>false</requiredForUpsert>
        <upsertKey>false</upsertKey>
    </omniDataTransformItem>
    <omniDataTransformItem>
        <disabled>false</disabled>
        <filterGroup>0.0</filterGroup>
        <globalKey>VPL-TransformUpdatedProfilePrefCustoma1V3h000000mC0ZEAUItem37</globalKey>
        <inputFieldName>AccountPref:PurchaseCriteriaRenewableEnergy:AttrId</inputFieldName>
        <inputObjectQuerySequence>0.0</inputObjectQuerySequence>
        <linkedObjectSequence>0.0</linkedObjectSequence>
        <name>VPL-TransformUpdatedProfilePref</name>
        <outputCreationSequence>1.0</outputCreationSequence>
        <outputFieldName>UpdatedAccountPref|2:AttributeId</outputFieldName>
        <outputObjectName>json</outputObjectName>
        <requiredForUpsert>false</requiredForUpsert>
        <upsertKey>false</upsertKey>
    </omniDataTransformItem>
    <omniDataTransformItem>
        <disabled>false</disabled>
        <filterGroup>0.0</filterGroup>
        <globalKey>VPL-TransformUpdatedProfilePrefCustom1626</globalKey>
        <inputFieldName>AccountPref:CustomerSatisfactionUsageCharges:AttrAssignId</inputFieldName>
        <inputObjectQuerySequence>0.0</inputObjectQuerySequence>
        <linkedObjectSequence>0.0</linkedObjectSequence>
        <name>VPL-TransformUpdatedProfilePref</name>
        <outputCreationSequence>1.0</outputCreationSequence>
        <outputFieldName>UpdatedAccountPref|11:AttrAssignId</outputFieldName>
        <outputObjectName>json</outputObjectName>
        <requiredForUpsert>false</requiredForUpsert>
        <upsertKey>false</upsertKey>
    </omniDataTransformItem>
    <omniDataTransformItem>
        <disabled>false</disabled>
        <filterGroup>0.0</filterGroup>
        <globalKey>VPL-TransformUpdatedProfilePrefCustoma1V3h000000mC0ZEAUItem38</globalKey>
        <inputFieldName>AccountPref:PurchaseCriteriaRenewableEnergy:Category</inputFieldName>
        <inputObjectQuerySequence>0.0</inputObjectQuerySequence>
        <linkedObjectSequence>0.0</linkedObjectSequence>
        <name>VPL-TransformUpdatedProfilePref</name>
        <outputCreationSequence>1.0</outputCreationSequence>
        <outputFieldName>UpdatedAccountPref|2:CategoryCode</outputFieldName>
        <outputObjectName>json</outputObjectName>
        <requiredForUpsert>false</requiredForUpsert>
        <upsertKey>false</upsertKey>
    </omniDataTransformItem>
    <omniDataTransformItem>
        <disabled>false</disabled>
        <filterGroup>0.0</filterGroup>
        <globalKey>VPL-TransformUpdatedProfilePrefCustom8117</globalKey>
        <inputFieldName>AccountPref:CustomerSatisfactionMaintenance:CategoryId</inputFieldName>
        <inputObjectQuerySequence>0.0</inputObjectQuerySequence>
        <linkedObjectSequence>0.0</linkedObjectSequence>
        <name>VPL-TransformUpdatedProfilePref</name>
        <outputCreationSequence>1.0</outputCreationSequence>
        <outputFieldName>UpdatedAccountPref|10:CategoryId</outputFieldName>
        <outputObjectName>json</outputObjectName>
        <requiredForUpsert>false</requiredForUpsert>
        <upsertKey>false</upsertKey>
    </omniDataTransformItem>
    <omniDataTransformItem>
        <disabled>false</disabled>
        <filterGroup>0.0</filterGroup>
        <globalKey>VPL-TransformUpdatedProfilePrefCustoma1V3h000000mC0ZEAUItem36</globalKey>
        <inputFieldName>AccountPref:PurchaseCriteriaRenewableEnergy:AttrAssignId</inputFieldName>
        <inputObjectQuerySequence>0.0</inputObjectQuerySequence>
        <linkedObjectSequence>0.0</linkedObjectSequence>
        <name>VPL-TransformUpdatedProfilePref</name>
        <outputCreationSequence>1.0</outputCreationSequence>
        <outputFieldName>UpdatedAccountPref|2:AttrAssignId</outputFieldName>
        <outputObjectName>json</outputObjectName>
        <requiredForUpsert>false</requiredForUpsert>
        <upsertKey>false</upsertKey>
    </omniDataTransformItem>
    <omniDataTransformItem>
        <disabled>false</disabled>
        <filterGroup>0.0</filterGroup>
        <globalKey>VPL-TransformUpdatedProfilePrefCustom3173</globalKey>
        <inputFieldName>AccountNotificationPreference:AccountId</inputFieldName>
        <inputObjectQuerySequence>0.0</inputObjectQuerySequence>
        <linkedObjectSequence>0.0</linkedObjectSequence>
        <name>VPL-TransformUpdatedProfilePref</name>
        <outputCreationSequence>1.0</outputCreationSequence>
        <outputFieldName>UpdatedAccountPref|11:AccountId</outputFieldName>
        <outputObjectName>json</outputObjectName>
        <requiredForUpsert>false</requiredForUpsert>
        <upsertKey>false</upsertKey>
    </omniDataTransformItem>
    <omniDataTransformItem>
        <defaultValue>None</defaultValue>
        <disabled>false</disabled>
        <filterGroup>0.0</filterGroup>
        <globalKey>VPL-TransformUpdatedProfilePrefCustoma1V3h000000mC0ZEAUItem58</globalKey>
        <inputFieldName>ManageProfileAttributes:PurchaseCriteriaRenewableEnergy</inputFieldName>
        <inputObjectQuerySequence>0.0</inputObjectQuerySequence>
        <linkedObjectSequence>0.0</linkedObjectSequence>
        <name>VPL-TransformUpdatedProfilePref</name>
        <outputCreationSequence>1.0</outputCreationSequence>
        <outputFieldName>UpdatedAccountPref|2:AttrValue</outputFieldName>
        <outputObjectName>json</outputObjectName>
        <requiredForUpsert>false</requiredForUpsert>
        <upsertKey>false</upsertKey>
    </omniDataTransformItem>
    <omniDataTransformItem>
        <defaultValue>None</defaultValue>
        <disabled>false</disabled>
        <filterGroup>0.0</filterGroup>
        <globalKey>VPL-TransformUpdatedProfilePrefCustoma1V3h000000mC0ZEAUItem57</globalKey>
        <inputFieldName>ManageProfileAttributes:PurchaseCriteriaFamilyFriendly</inputFieldName>
        <inputObjectQuerySequence>0.0</inputObjectQuerySequence>
        <linkedObjectSequence>0.0</linkedObjectSequence>
        <name>VPL-TransformUpdatedProfilePref</name>
        <outputCreationSequence>1.0</outputCreationSequence>
        <outputFieldName>UpdatedAccountPref|3:AttrValue</outputFieldName>
        <outputObjectName>json</outputObjectName>
        <requiredForUpsert>false</requiredForUpsert>
        <upsertKey>false</upsertKey>
    </omniDataTransformItem>
    <omniDataTransformItem>
        <disabled>false</disabled>
        <filterGroup>0.0</filterGroup>
        <globalKey>VPL-TransformUpdatedProfilePrefCustoma1V3h000000mC0ZEAUItem33</globalKey>
        <inputFieldName>AccountPref:PurchaseCriteriaFamilyFriendly:AttrId</inputFieldName>
        <inputObjectQuerySequence>0.0</inputObjectQuerySequence>
        <linkedObjectSequence>0.0</linkedObjectSequence>
        <name>VPL-TransformUpdatedProfilePref</name>
        <outputCreationSequence>1.0</outputCreationSequence>
        <outputFieldName>UpdatedAccountPref|3:AttributeId</outputFieldName>
        <outputObjectName>json</outputObjectName>
        <requiredForUpsert>false</requiredForUpsert>
        <upsertKey>false</upsertKey>
    </omniDataTransformItem>
    <omniDataTransformItem>
        <disabled>false</disabled>
        <filterGroup>0.0</filterGroup>
        <globalKey>VPL-TransformUpdatedProfilePrefCustoma1V3h000000mC0ZEAUItem18</globalKey>
        <inputFieldName>AccountNotificationPreference:AccountName</inputFieldName>
        <inputObjectQuerySequence>0.0</inputObjectQuerySequence>
        <linkedObjectSequence>0.0</linkedObjectSequence>
        <name>VPL-TransformUpdatedProfilePref</name>
        <outputCreationSequence>1.0</outputCreationSequence>
        <outputFieldName>UpdatedAccountPref|3:AccountName</outputFieldName>
        <outputObjectName>json</outputObjectName>
        <requiredForUpsert>false</requiredForUpsert>
        <upsertKey>false</upsertKey>
    </omniDataTransformItem>
    <omniDataTransformItem>
        <disabled>false</disabled>
        <filterGroup>0.0</filterGroup>
        <globalKey>VPL-TransformUpdatedProfilePrefCustoma1V3h000000mC0ZEAUItem32</globalKey>
        <inputFieldName>AccountPref:PurchaseCriteriaFamilyFriendly:AttrAssignId</inputFieldName>
        <inputObjectQuerySequence>0.0</inputObjectQuerySequence>
        <linkedObjectSequence>0.0</linkedObjectSequence>
        <name>VPL-TransformUpdatedProfilePref</name>
        <outputCreationSequence>1.0</outputCreationSequence>
        <outputFieldName>UpdatedAccountPref|3:AttrAssignId</outputFieldName>
        <outputObjectName>json</outputObjectName>
        <requiredForUpsert>false</requiredForUpsert>
        <upsertKey>false</upsertKey>
    </omniDataTransformItem>
    <omniDataTransformItem>
        <disabled>true</disabled>
        <filterGroup>0.0</filterGroup>
        <globalKey>VPL-TransformUpdatedProfilePrefCustoma1V3h000000mC0ZEAUItem50</globalKey>
        <inputFieldName>dncFromTime</inputFieldName>
        <inputObjectQuerySequence>0.0</inputObjectQuerySequence>
        <linkedObjectSequence>0.0</linkedObjectSequence>
        <name>VPL-TransformUpdatedProfilePref</name>
        <outputCreationSequence>1.0</outputCreationSequence>
        <outputFieldName>UpdatedAccountPref|6:AttrValue</outputFieldName>
        <outputObjectName>json</outputObjectName>
        <requiredForUpsert>false</requiredForUpsert>
        <upsertKey>false</upsertKey>
    </omniDataTransformItem>
    <omniDataTransformItem>
        <disabled>false</disabled>
        <filterGroup>0.0</filterGroup>
        <globalKey>VPL-TransformUpdatedProfilePrefCustoma1V3h000000mC0ZEAUItem21</globalKey>
        <inputFieldName>AccountPref:CustomerSatisfactionCost:AttrId</inputFieldName>
        <inputObjectQuerySequence>0.0</inputObjectQuerySequence>
        <linkedObjectSequence>0.0</linkedObjectSequence>
        <name>VPL-TransformUpdatedProfilePref</name>
        <outputCreationSequence>1.0</outputCreationSequence>
        <outputFieldName>UpdatedAccountPref|6:AttributeId</outputFieldName>
        <outputObjectName>json</outputObjectName>
        <requiredForUpsert>false</requiredForUpsert>
        <upsertKey>false</upsertKey>
    </omniDataTransformItem>
    <omniDataTransformItem>
        <disabled>false</disabled>
        <filterGroup>0.0</filterGroup>
        <globalKey>VPL-TransformUpdatedProfilePrefCustoma1V3h000000mC0ZEAUItem20</globalKey>
        <inputFieldName>AccountPref:CustomerSatisfactionCost:AttrAssignId</inputFieldName>
        <inputObjectQuerySequence>0.0</inputObjectQuerySequence>
        <linkedObjectSequence>0.0</linkedObjectSequence>
        <name>VPL-TransformUpdatedProfilePref</name>
        <outputCreationSequence>1.0</outputCreationSequence>
        <outputFieldName>UpdatedAccountPref|6:AttrAssignId</outputFieldName>
        <outputObjectName>json</outputObjectName>
        <requiredForUpsert>false</requiredForUpsert>
        <upsertKey>false</upsertKey>
    </omniDataTransformItem>
    <omniDataTransformItem>
        <defaultValue>None</defaultValue>
        <disabled>false</disabled>
        <filterGroup>0.0</filterGroup>
        <globalKey>VPL-TransformUpdatedProfilePrefCustoma1V3h000000mC0ZEAUItem54</globalKey>
        <inputFieldName>ManageProfileAttributes:CustomerSatisfactionCost</inputFieldName>
        <inputObjectQuerySequence>0.0</inputObjectQuerySequence>
        <linkedObjectSequence>0.0</linkedObjectSequence>
        <name>VPL-TransformUpdatedProfilePref</name>
        <outputCreationSequence>1.0</outputCreationSequence>
        <outputFieldName>UpdatedAccountPref|6:AttrValue</outputFieldName>
        <outputObjectName>json</outputObjectName>
        <requiredForUpsert>false</requiredForUpsert>
        <upsertKey>false</upsertKey>
    </omniDataTransformItem>
    <omniDataTransformItem>
        <disabled>false</disabled>
        <filterGroup>0.0</filterGroup>
        <globalKey>VPL-TransformUpdatedProfilePrefCustoma1V3h000000mC0ZEAUItem8</globalKey>
        <inputFieldName>AccountNotificationPreference:AccountId</inputFieldName>
        <inputObjectQuerySequence>0.0</inputObjectQuerySequence>
        <linkedObjectSequence>0.0</linkedObjectSequence>
        <name>VPL-TransformUpdatedProfilePref</name>
        <outputCreationSequence>1.0</outputCreationSequence>
        <outputFieldName>UpdatedAccountPref|6:AccountId</outputFieldName>
        <outputObjectName>json</outputObjectName>
        <requiredForUpsert>false</requiredForUpsert>
        <upsertKey>false</upsertKey>
    </omniDataTransformItem>
    <omniDataTransformItem>
        <disabled>false</disabled>
        <filterGroup>0.0</filterGroup>
        <globalKey>VPL-TransformUpdatedProfilePrefCustoma1V3h000000mC0ZEAUItem15</globalKey>
        <inputFieldName>AccountNotificationPreference:AccountName</inputFieldName>
        <inputObjectQuerySequence>0.0</inputObjectQuerySequence>
        <linkedObjectSequence>0.0</linkedObjectSequence>
        <name>VPL-TransformUpdatedProfilePref</name>
        <outputCreationSequence>1.0</outputCreationSequence>
        <outputFieldName>UpdatedAccountPref|6:AccountName</outputFieldName>
        <outputObjectName>json</outputObjectName>
        <requiredForUpsert>false</requiredForUpsert>
        <upsertKey>false</upsertKey>
    </omniDataTransformItem>
    <outputType>JSON</outputType>
    <previewJsonData>{
  &quot;AccountNotificationPreference&quot; : {
    &quot;AccountId&quot; : &quot;0013h00000Bue2WAAR&quot;,
    &quot;AccountName&quot; : &quot;Northern Region&quot;,
    &quot;AnalysisMood&quot; : 2,
    &quot;AnalysisRenewalPotential&quot; : 1,
    &quot;AnalysisUpsellPotential&quot; : 3,
    &quot;CustomerSatisfactionCost&quot; : 2,
    &quot;CustomerSatisfactionCoverage&quot; : 1,
    &quot;CustomerSatisfactionMaintenance&quot; : 3,
    &quot;CustomerSatisfactionReliability&quot; : 3,
    &quot;CustomerSatisfactionService&quot; : 2,
    &quot;CustomerSatisfactionUsageCharges&quot; : &quot;a0O3h000000xSlIEAU&quot;,
    &quot;ProductInterests&quot; : [ &quot;Savings Programs&quot;, &quot;Green Energy&quot; ],
    &quot;PurchaseCriteriaCost&quot; : 5,
    &quot;PurchaseCriteriaFamilyFriendly&quot; : 3,
    &quot;PurchaseCriteriaInsurance&quot; : 1,
    &quot;PurchaseCriteriaRenewableEnergy&quot; : 4,
    &quot;PurchaseCriteriaServiceAvailability&quot; : 2,
    &quot;TotalNotification&quot; : 14
  },
  &quot;AccountPref&quot; : {
    &quot;AnalysisMood&quot; : {
      &quot;AttrAssignId&quot; : &quot;a0M3h000002isixEAA&quot;,
      &quot;AttrId&quot; : &quot;a0P3h0000012OaREAU&quot;,
      &quot;AttrValue&quot; : &quot;2&quot;,
      &quot;Category&quot; : &quot;ANALYSIS_MOOD&quot;,
      &quot;CategoryId&quot; : &quot;a0O3h000000xSlrEAE&quot;
    },
    &quot;AnalysisRenewalPotential&quot; : {
      &quot;AttrAssignId&quot; : &quot;a0M3h000002isj7EAA&quot;,
      &quot;AttrId&quot; : &quot;a0P3h0000012OabEAE&quot;,
      &quot;AttrValue&quot; : &quot;1&quot;,
      &quot;Category&quot; : &quot;ANALYSIS_RENEWAL_POTENTIAL&quot;,
      &quot;CategoryId&quot; : &quot;a0O3h000000xSlxEAE&quot;
    },
    &quot;AnalysisUpsellPotential&quot; : {
      &quot;AttrAssignId&quot; : &quot;a0M3h000002isj2EAA&quot;,
      &quot;AttrId&quot; : &quot;a0P3h0000012OaWEAU&quot;,
      &quot;AttrValue&quot; : &quot;3&quot;,
      &quot;Category&quot; : &quot;ANALYSIS_UPSELL_POTENTIAL&quot;,
      &quot;CategoryId&quot; : &quot;a0O3h000000xSlwEAE&quot;
    },
    &quot;CustomerSatisfactionCost&quot; : {
      &quot;AttrAssignId&quot; : &quot;a0M3h000002isZlEAI&quot;,
      &quot;AttrId&quot; : &quot;a0P3h0000012OZiEAM&quot;,
      &quot;AttrValue&quot; : &quot;2&quot;,
      &quot;Category&quot; : &quot;CUSTOMER_SATISFACTION_COST&quot;,
      &quot;CategoryId&quot; : &quot;a0O3h000000xSkjEAE&quot;
    },
    &quot;CustomerSatisfactionCoverage&quot; : {
      &quot;AttrAssignId&quot; : &quot;a0M3h000002isa0EAA&quot;,
      &quot;AttrId&quot; : &quot;a0P3h0000012OZxEAM&quot;,
      &quot;AttrValue&quot; : &quot;1&quot;,
      &quot;Category&quot; : &quot;CUSTOMER_SATISFACTION_COVERAGE&quot;,
      &quot;CategoryId&quot; : &quot;a0O3h000000xSl8EAE&quot;
    },
    &quot;CustomerSatisfactionMaintenance&quot; : {
      &quot;AttrAssignId&quot; : &quot;a0M3h000002isaFEAQ&quot;,
      &quot;AttrId&quot; : &quot;a0P3h0000012OaCEAU&quot;,
      &quot;AttrValue&quot; : &quot;3&quot;,
      &quot;Category&quot; : &quot;CUSTOMER_SATISFACTION_MAINTENANCE&quot;,
      &quot;CategoryId&quot; : &quot;a0O3h000000xSlNEAU&quot;
    },
    &quot;CustomerSatisfactionReliability&quot; : {
      &quot;AttrAssignId&quot; : &quot;a0M3h000002isZqEAI&quot;,
      &quot;AttrId&quot; : &quot;a0P3h0000012OZnEAM&quot;,
      &quot;AttrValue&quot; : &quot;3&quot;,
      &quot;Category&quot; : &quot;CUSTOMER_SATISFACTION_RELIABILITY&quot;,
      &quot;CategoryId&quot; : &quot;a0O3h000000xSkpEAE&quot;
    },
    &quot;CustomerSatisfactionService&quot; : {
      &quot;AttrAssignId&quot; : &quot;a0M3h000002isa5EAA&quot;,
      &quot;AttrId&quot; : &quot;a0P3h0000012Oa2EAE&quot;,
      &quot;AttrValue&quot; : &quot;2&quot;,
      &quot;Category&quot; : &quot;CUSTOMER_SATISFACTION_SERVICE&quot;,
      &quot;CategoryId&quot; : &quot;a0O3h000000xSlDEAU&quot;
    },
    &quot;CustomerSatisfactionUsageCharges&quot; : {
      &quot;AttrAssignId&quot; : &quot;a0M3h000002isaAEAQ&quot;,
      &quot;AttrId&quot; : &quot;a0P3h0000012Oa7EAE&quot;,
      &quot;AttrValue&quot; : &quot;a0O3h000000xSlIEAU&quot;,
      &quot;Category&quot; : &quot;CUSTOMER_SATISFACTION_USAGE_CHARGES&quot;,
      &quot;CategoryId&quot; : &quot;a0O3h000000xSlIEAU&quot;
    },
    &quot;ProductInterests&quot; : [ {
      &quot;AttrAssignId&quot; : &quot;a0M3h000002iuulEAA&quot;,
      &quot;AttrId&quot; : &quot;a0P3h0000012SWQEA2&quot;,
      &quot;AttrValue&quot; : &quot;Savings Programs&quot;,
      &quot;Category&quot; : &quot;PRODUCT_INTERESTS&quot;,
      &quot;CategoryId&quot; : &quot;a0O3h000000iF3FEAU&quot;
    }, {
      &quot;AttrAssignId&quot; : &quot;a0M3h000002itRWEAY&quot;,
      &quot;AttrId&quot; : &quot;a0P3h0000012PKcEAM&quot;,
      &quot;AttrValue&quot; : &quot;Green Energy&quot;,
      &quot;Category&quot; : &quot;PRODUCT_INTERESTS&quot;,
      &quot;CategoryId&quot; : &quot;a0O3h000000iF3FEAU&quot;
    } ],
    &quot;PurchaseCriteriaCost&quot; : {
      &quot;AttrAssignId&quot; : &quot;a0M3h000002CjN3EAK&quot;,
      &quot;AttrId&quot; : &quot;a0P3h00000108gvEAA&quot;,
      &quot;AttrValue&quot; : &quot;5&quot;,
      &quot;Category&quot; : &quot;PURCHASE_CRITERIA_COST&quot;,
      &quot;CategoryId&quot; : &quot;a0O3h000000iF7FEAU&quot;
    },
    &quot;PurchaseCriteriaFamilyFriendly&quot; : {
      &quot;AttrAssignId&quot; : &quot;a0M3h000002CjNXEA0&quot;,
      &quot;AttrId&quot; : &quot;a0P3h00000108hKEAQ&quot;,
      &quot;AttrValue&quot; : &quot;3&quot;,
      &quot;Category&quot; : &quot;PURCHASE_CRITERIA_FAMILY_FRIENDLY&quot;,
      &quot;CategoryId&quot; : &quot;a0O3h000000iF88EAE&quot;
    },
    &quot;PurchaseCriteriaInsurance&quot; : {
      &quot;AttrAssignId&quot; : &quot;a0M3h000002CjY0EAK&quot;,
      &quot;AttrId&quot; : &quot;a0P3h00000108mwEAA&quot;,
      &quot;AttrValue&quot; : &quot;1&quot;,
      &quot;Category&quot; : &quot;PURCHASE_CRITERIA_INSURANCE&quot;,
      &quot;CategoryId&quot; : &quot;a0O3h000000iF8wEAE&quot;
    },
    &quot;PurchaseCriteriaRenewableEnergy&quot; : {
      &quot;AttrAssignId&quot; : &quot;a0M3h000002CjNNEA0&quot;,
      &quot;AttrId&quot; : &quot;a0P3h00000108hFEAQ&quot;,
      &quot;AttrValue&quot; : &quot;4&quot;,
      &quot;Category&quot; : &quot;PURCHASE_CRITERIA_RENEWABLE_ENERGY&quot;,
      &quot;CategoryId&quot; : &quot;a0O3h000000iF7yEAE&quot;
    },
    &quot;PurchaseCriteriaServiceAvailability&quot; : {
      &quot;AttrAssignId&quot; : &quot;a0M3h000002CjNrEAK&quot;,
      &quot;AttrId&quot; : &quot;a0P3h00000108hPEAQ&quot;,
      &quot;AttrValue&quot; : &quot;2&quot;,
      &quot;Category&quot; : &quot;PURCHASE_CRITERIA_SERVICE_AVAILABILITY&quot;,
      &quot;CategoryId&quot; : &quot;a0O3h000000iF8cEAE&quot;
    }
  },
  &quot;ContextId&quot; : &quot;0013h00000Bue2WAAR&quot;,
  &quot;DNCFrom&quot; : &quot;&quot;,
  &quot;DNCTo&quot; : &quot;&quot;,
  &quot;ManageProfileAttributes&quot; : {
    &quot;AnalysisMood&quot; : &quot;2&quot;,
    &quot;AnalysisRenewalPotential&quot; : &quot;1&quot;,
    &quot;AnalysisUpsellPotential&quot; : &quot;3&quot;,
    &quot;CustomerSatisfactionCost&quot; : &quot;2&quot;,
    &quot;CustomerSatisfactionCoverage&quot; : &quot;1&quot;,
    &quot;CustomerSatisfactionMaintenance&quot; : &quot;3&quot;,
    &quot;CustomerSatisfactionReliability&quot; : &quot;3&quot;,
    &quot;CustomerSatisfactionService&quot; : &quot;2&quot;,
    &quot;CustomerSatisfactionUsageCharges&quot; : &quot;2&quot;,
    &quot;PurchaseCriteriaCost&quot; : &quot;5&quot;,
    &quot;PurchaseCriteriaFamilyFriendly&quot; : &quot;3&quot;,
    &quot;PurchaseCriteriaInsurance&quot; : &quot;1&quot;,
    &quot;PurchaseCriteriaRenewableEnergy&quot; : &quot;4&quot;,
    &quot;PurchaseCriteriaServiceAvailability&quot; : &quot;2&quot;
  },
  &quot;ProductInterestValues&quot; : &quot;&quot;,
  &quot;TotalAttrAssignCount&quot; : 14,
  &quot;id&quot; : &quot;a2j3h000000wpPNAAY&quot;,
  &quot;isdtp&quot; : &quot;p1&quot;,
  &quot;layout&quot; : &quot;lightning&quot;,
  &quot;sfdcIFrameHost&quot; : &quot;web&quot;,
  &quot;sfdcIFrameOrigin&quot; : &quot;https://express-energy--vlocity-cmt.visualforce.com&quot;,
  &quot;testContextId&quot; : &quot;0013h00000Bue2WAAR&quot;,
  &quot;timeStamp&quot; : &quot;2020-08-20T10:50:12.098Z&quot;,
  &quot;userCurrencyCode&quot; : &quot;USD&quot;,
  &quot;userId&quot; : &quot;0053h000002eRjUAAU&quot;,
  &quot;userName&quot; : &quot;express_org_shekhar@org.dev&quot;,
  &quot;userProfile&quot; : &quot;System Administrator&quot;,
  &quot;userTimeZone&quot; : -420,
  &quot;vlcPersistentComponent&quot; : { }
}</previewJsonData>
    <processSuperBulk>false</processSuperBulk>
    <responseCacheTtlMinutes>0.0</responseCacheTtlMinutes>
    <rollbackOnError>false</rollbackOnError>
    <sourceObject>json</sourceObject>
    <sourceObjectDefault>false</sourceObjectDefault>
    <synchronousProcessThreshold>-1.0</synchronousProcessThreshold>
    <type>Transform</type>
    <uniqueName>VPLTransformUpdatedProfilePref_1</uniqueName>
    <versionNumber>1.0</versionNumber>
    <xmlDeclarationRemoved>false</xmlDeclarationRemoved>
</OmniDataTransform>
