<?xml version="1.0" encoding="UTF-8"?>
<OmniDataTransform xmlns="http://soap.sforce.com/2006/04/metadata">
    <active>false</active>
    <assignmentRulesUsed>false</assignmentRulesUsed>
    <deletedOnSuccess>false</deletedOnSuccess>
    <description>It transforms AccountContactRelation Input JSON</description>
    <errorIgnored>false</errorIgnored>
    <expectedInputJson>{
  &quot;ContextId&quot; : null,
  &quot;timeStamp&quot; : null,
  &quot;userId&quot; : null,
  &quot;userName&quot; : null,
  &quot;userProfile&quot; : null,
  &quot;userTimeZone&quot; : null,
  &quot;vlcPersistentComponent&quot; : { },
  &quot;vlcTimeTracking&quot; : {
    &quot;DRGetAllContacts&quot; : null,
    &quot;DRTransformAllContacts&quot; : null,
    &quot;FetchAccount&quot; : null
  }
}</expectedInputJson>
    <fieldLevelSecurityEnabled>false</fieldLevelSecurityEnabled>
    <inputType>JSON</inputType>
    <name>VPLTransformAccContactRoleInput</name>
    <nullInputsIncludedInOutput>false</nullInputsIncludedInOutput>
    <omniDataTransformItem>
        <disabled>false</disabled>
        <filterGroup>0.0</filterGroup>
        <globalKey>VPL-TransformAccContactRoleInputCustom5144</globalKey>
        <inputFieldName>ContactDetails:AllContacts:Id</inputFieldName>
        <inputObjectQuerySequence>0.0</inputObjectQuerySequence>
        <linkedObjectSequence>0.0</linkedObjectSequence>
        <name>VPL-TransformAccContactRoleInput</name>
        <outputCreationSequence>1.0</outputCreationSequence>
        <outputFieldName>AccConRelation:ContactId</outputFieldName>
        <outputObjectName>json</outputObjectName>
        <requiredForUpsert>false</requiredForUpsert>
        <upsertKey>false</upsertKey>
    </omniDataTransformItem>
    <omniDataTransformItem>
        <disabled>false</disabled>
        <filterGroup>0.0</filterGroup>
        <globalKey>VPL-TransformAccContactRoleInput1880028681120267</globalKey>
        <inputFieldName>ContactDetails:AllContacts:RelationRole</inputFieldName>
        <inputObjectQuerySequence>0.0</inputObjectQuerySequence>
        <linkedObjectSequence>0.0</linkedObjectSequence>
        <name>VPL-TransformAccContactRoleInput</name>
        <outputCreationSequence>1.0</outputCreationSequence>
        <outputFieldName>AccConRelation:Roles</outputFieldName>
        <outputObjectName>json</outputObjectName>
        <requiredForUpsert>false</requiredForUpsert>
        <upsertKey>false</upsertKey>
    </omniDataTransformItem>
    <omniDataTransformItem>
        <disabled>false</disabled>
        <filterGroup>0.0</filterGroup>
        <globalKey>VPL-TransformAccContactRoleInputCustom3164</globalKey>
        <inputFieldName>ContactDetails:AllContacts:AccConRelId</inputFieldName>
        <inputObjectQuerySequence>0.0</inputObjectQuerySequence>
        <linkedObjectSequence>0.0</linkedObjectSequence>
        <name>VPL-TransformAccContactRoleInput</name>
        <outputCreationSequence>1.0</outputCreationSequence>
        <outputFieldName>AccConRelation:AccConRoleId</outputFieldName>
        <outputObjectName>json</outputObjectName>
        <requiredForUpsert>false</requiredForUpsert>
        <upsertKey>false</upsertKey>
    </omniDataTransformItem>
    <omniDataTransformItem>
        <disabled>false</disabled>
        <filterGroup>0.0</filterGroup>
        <globalKey>VPL-TransformAccContactRoleInputCustom547</globalKey>
        <inputFieldName>AccountId</inputFieldName>
        <inputObjectQuerySequence>0.0</inputObjectQuerySequence>
        <linkedObjectSequence>0.0</linkedObjectSequence>
        <name>VPL-TransformAccContactRoleInput</name>
        <outputCreationSequence>1.0</outputCreationSequence>
        <outputFieldName>AccConRelation:AccountId</outputFieldName>
        <outputObjectName>json</outputObjectName>
        <requiredForUpsert>false</requiredForUpsert>
        <upsertKey>false</upsertKey>
    </omniDataTransformItem>
    <outputType>JSON</outputType>
    <previewJsonData>{
  &quot;ContactDetails&quot; : {
    &quot;AllContacts&quot; : [ {
      &quot;AccConRelId&quot; : &quot;07k3h000002KOhAAAW&quot;,
      &quot;AccId&quot; : &quot;0013h00000CVS7DAAX&quot;,
      &quot;Email&quot; : &quot;s@gm.cm&quot;,
      &quot;FirstName&quot; : &quot;Test&quot;,
      &quot;Id&quot; : &quot;0033h00000C4z1RAAR&quot;,
      &quot;LastName&quot; : &quot;12&quot;,
      &quot;Phone&quot; : &quot;2352653645&quot;,
      &quot;PrevRole&quot; : &quot;Primary Contact&quot;,
      &quot;PrimRoleAdded&quot; : false,
      &quot;PrimRoleAddedValidation&quot; : true,
      &quot;PrimRoleDeselectValidation&quot; : true,
      &quot;PrimRoleNotExist&quot; : false,
      &quot;Role&quot; : &quot;Primary Contact&quot;
    }, {
      &quot;AccConRelId&quot; : &quot;07k3h000002iIofAAE&quot;,
      &quot;AccId&quot; : &quot;0013h00000CVS7DAAX&quot;,
      &quot;Email&quot; : &quot;con@gm.com&quot;,
      &quot;FirstName&quot; : &quot;Con&quot;,
      &quot;Id&quot; : &quot;0033h00000C4yz6AAB&quot;,
      &quot;LastName&quot; : &quot;1&quot;,
      &quot;Phone&quot; : &quot;8902345778&quot;,
      &quot;PrevRole&quot; : &quot;Decision Maker;Finance Contact;Purchasing Contact&quot;,
      &quot;PrimRoleAdded&quot; : false,
      &quot;PrimRoleAddedValidation&quot; : true,
      &quot;PrimRoleDeselectValidation&quot; : true,
      &quot;PrimRoleNotExist&quot; : false,
      &quot;Role&quot; : null
    } ]
  }
}</previewJsonData>
    <processSuperBulk>false</processSuperBulk>
    <responseCacheTtlMinutes>0.0</responseCacheTtlMinutes>
    <rollbackOnError>false</rollbackOnError>
    <sourceObject>json</sourceObject>
    <sourceObjectDefault>false</sourceObjectDefault>
    <synchronousProcessThreshold>-1.0</synchronousProcessThreshold>
    <type>Transform</type>
    <uniqueName>VPLTransformAccContactRoleInput_1</uniqueName>
    <versionNumber>1.0</versionNumber>
    <xmlDeclarationRemoved>false</xmlDeclarationRemoved>
</OmniDataTransform>
