<?xml version="1.0" encoding="UTF-8"?>
<OmniDataTransform xmlns="http://soap.sforce.com/2006/04/metadata">
    <active>false</active>
    <assignmentRulesUsed>false</assignmentRulesUsed>
    <deletedOnSuccess>false</deletedOnSuccess>
    <description>Used to transform inputs to call IP for Create Agreement in external system</description>
    <errorIgnored>false</errorIgnored>
    <expectedInputJson>{
  &quot;AccName&quot; : &quot;gad fee&quot;,
  &quot;AvailableAccounts&quot; : &quot;&quot;,
  &quot;BillingPreferences&quot; : {
    &quot;APaymentType&quot; : &quot;Prepaid&quot;,
    &quot;AutoPay&quot; : &quot;No&quot;,
    &quot;BillNotification&quot; : &quot;Yes&quot;,
    &quot;BillingFrequency&quot; : &quot;Monthly&quot;,
    &quot;DeliveryMethod&quot; : &quot;Electronic Statements Online&quot;,
    &quot;DifferntPremiseSearch-Block&quot; : {
      &quot;DifferentAdmin&quot; : null,
      &quot;DifferentCountry&quot; : null,
      &quot;DifferentLocality&quot; : null,
      &quot;DifferentStreet&quot; : null,
      &quot;DifferentZip&quot; : null,
      &quot;DifferntPremiseSearch&quot; : null
    },
    &quot;MailingAddres&quot; : null,
    &quot;MailingAddresss&quot; : null,
    &quot;NoContactFrom&quot; : null,
    &quot;NoContactTo&quot; : null,
    &quot;OffersPromotions&quot; : &quot;Yes&quot;,
    &quot;OutageNotification&quot; : &quot;No&quot;,
    &quot;PaymentNotification&quot; : &quot;Yes&quot;,
    &quot;WorkOrderNotification&quot; : &quot;No&quot;
  },
  &quot;ContextId&quot; : &quot;&quot;,
  &quot;Contracts&quot; : {
    &quot;AvailableProductList&quot; : [ {
      &quot;$$hashKey&quot; : &quot;object:1119&quot;,
      &quot;ProdFamily&quot; : &quot;Electricity&quot;,
      &quot;ProdId&quot; : &quot;01tf20000081ZapAAE&quot;,
      &quot;ProdName&quot; : &quot;Test Electricity Product&quot;,
      &quot;vlcSelected&quot; : true
    }, {
      &quot;$$hashKey&quot; : &quot;object:1123&quot;,
      &quot;ProdCategory&quot; : &quot;Gas&quot;,
      &quot;ProdDescription&quot; : &quot;Gas Standard Tariff&quot;,
      &quot;ProdFamily&quot; : &quot;Gas&quot;,
      &quot;ProdId&quot; : &quot;01tf2000007tC3dAAE&quot;,
      &quot;ProdName&quot; : &quot;Gas Standard Tariff&quot;,
      &quot;vlcSelected&quot; : true
    } ],
    &quot;ContractTermSum&quot; : null,
    &quot;ProducltListMsg&quot; : true,
    &quot;ProductSelectedCount&quot; : 2
  },
  &quot;CustomerName_Fml1&quot; : &quot;gad fee&quot;,
  &quot;CustomerName_Fml2&quot; : &quot; &quot;,
  &quot;CustomerSelection&quot; : {
    &quot;ConNameError&quot; : null,
    &quot;GetCustomer-Block&quot; : null,
    &quot;MoveInDate&quot; : &quot;2019-04-29T18:30:00.000Z&quot;,
    &quot;MoveInDateFormula&quot; : true,
    &quot;MoveInMessage&quot; : true,
    &quot;NewAccountNeeded&quot; : null,
    &quot;NewCustomer&quot; : &quot;Yes&quot;,
    &quot;NewCustomerDetails&quot; : {
      &quot;CustomerDOB&quot; : &quot;04/30/2019&quot;,
      &quot;CustomerEmail&quot; : &quot;akash.naik@accenture.com&quot;,
      &quot;CustomerFirstName&quot; : &quot;gad&quot;,
      &quot;CustomerLastName&quot; : &quot;fee&quot;,
      &quot;CustomerPhone&quot; : &quot;2132132323&quot;,
      &quot;DriverLicense&quot; : null,
      &quot;IdentificationType&quot; : &quot;SSN&quot;,
      &quot;SSN&quot; : &quot;212121212&quot;,
      &quot;TaxId&quot; : null
    },
    &quot;PremiseError&quot; : null,
    &quot;ServiceLocation-Block&quot; : {
      &quot;PremCity&quot; : &quot;Detroit&quot;,
      &quot;PremCountry&quot; : &quot;US&quot;,
      &quot;PremId&quot; : &quot;a0lf2000007hKluAAE&quot;,
      &quot;PremPostalCode&quot; : &quot;48202&quot;,
      &quot;PremState&quot; : &quot;MI&quot;,
      &quot;PremiseNumber&quot; : &quot;700012491&quot;,
      &quot;PremiseStreetAddress&quot; : &quot;1 Harper Ave&quot;,
      &quot;ServiceLocation&quot; : &quot;1 Harper Ave, Detroit, MI, 48202&quot;
    }
  },
  &quot;DRId_Account&quot; : &quot;001f200001tJgwEAAS&quot;,
  &quot;DRId_Contact&quot; : &quot;003f200002lCgrcAAC&quot;,
  &quot;DRId_Contract&quot; : &quot;800f2000001gdWOAAY&quot;,
  &quot;DRId_Order&quot; : &quot;801f2000000vn9XAAQ&quot;,
  &quot;ERPAccountID__c&quot; : 6010576,
  &quot;ERP_Contract_ID__c&quot; : 22000014285,
  &quot;ElectricityService&quot; : &quot;Electricity&quot;,
  &quot;ExtractAsset&quot; : [ {
    &quot;AssetAccount&quot; : &quot;001f200001tJgsqAAC&quot;,
    &quot;AssetContract&quot; : &quot;800f2000001gdWJAAY&quot;,
    &quot;AssetId&quot; : &quot;02if200000Ws03LAAR&quot;,
    &quot;AssetName&quot; : &quot;1 Harper Ave, Detroit - Electricity&quot;,
    &quot;AssetProduct&quot; : &quot;01tf20000081bHmAAI&quot;
  }, {
    &quot;AssetAccount&quot; : &quot;001f200001tJgsqAAC&quot;,
    &quot;AssetContract&quot; : &quot;800f2000001gdWJAAY&quot;,
    &quot;AssetId&quot; : &quot;02if200000Ws00DAAR&quot;,
    &quot;AssetName&quot; : &quot;1 Harper Ave, Detroit - Electricity&quot;,
    &quot;AssetProduct&quot; : &quot;01tf2000007tC3TAAU&quot;
  }, {
    &quot;AssetAccount&quot; : &quot;001f200001tJgsqAAC&quot;,
    &quot;AssetContract&quot; : &quot;800f2000001gdWJAAY&quot;,
    &quot;AssetId&quot; : &quot;02if200000Ws00EAAR&quot;,
    &quot;AssetName&quot; : &quot;1 Harper Ave, Detroit - Gas&quot;,
    &quot;AssetProduct&quot; : &quot;01tf2000007tC3dAAE&quot;
  }, {
    &quot;AssetAccount&quot; : &quot;001f200001tJYHAAA4&quot;,
    &quot;AssetId&quot; : &quot;02if200000Ws03MAAR&quot;,
    &quot;AssetName&quot; : &quot;1 Harper Ave, Detroit - Gas&quot;,
    &quot;AssetProduct&quot; : &quot;01tf20000088QOsAAM&quot;
  } ],
  &quot;ExtractedAssetsNo&quot; : 4,
  &quot;GasService&quot; : &quot;Gas&quot;,
  &quot;Meter&quot; : [ {
    &quot;MeterId&quot; : &quot;a25f2000004DpzcAAC&quot;,
    &quot;ProdId&quot; : &quot;01tf2000007u2fyAAA&quot;,
    &quot;ProductFamily&quot; : &quot;Electricity&quot;,
    &quot;SerialNumber&quot; : &quot;ISUMDG195009E&quot;
  }, {
    &quot;MeterId&quot; : &quot;a25f2000004Dq07AAC&quot;,
    &quot;ProdId&quot; : &quot;01tf2000007tC3dAAE&quot;,
    &quot;ProductFamily&quot; : &quot;Gas&quot;,
    &quot;SerialNumber&quot; : &quot;ISUMDG195011G&quot;
  } ],
  &quot;Meter1&quot; : &quot;a25f2000004DpzcAAC&quot;,
  &quot;Meter2&quot; : &quot;a25f2000004Dq07AAC&quot;,
  &quot;Meter3&quot; : &quot;&quot;,
  &quot;MuleCloseDate&quot; : &quot;2019-4-4&quot;,
  &quot;MuleMoveInDate&quot; : &quot;2019-4-30&quot;,
  &quot;NoOfAccounts&quot; : 0,
  &quot;OmniscriptType&quot; : &quot;MoveIn&quot;,
  &quot;Post Confirm&quot; : { },
  &quot;PreConfirm&quot; : {
    &quot;Confirm&quot; : &quot;Yes&quot;,
    &quot;ServicesChoosen&quot; : null
  },
  &quot;ProductList&quot; : [ {
    &quot;ProdFamily&quot; : &quot;Electricity&quot;,
    &quot;ProdId&quot; : &quot;01tf20000081ZapAAE&quot;,
    &quot;ProdName&quot; : &quot;Test Electricity Product&quot;
  }, {
    &quot;ProdFamily&quot; : &quot;Electricity&quot;,
    &quot;ProdId&quot; : &quot;01tf20000081bHmAAI&quot;,
    &quot;ProdName&quot; : &quot;Electricity Standard Tariff&quot;
  }, {
    &quot;ProdCategory&quot; : &quot;Electricity&quot;,
    &quot;ProdFamily&quot; : &quot;Electricity&quot;,
    &quot;ProdId&quot; : &quot;01tf2000007tC3TAAU&quot;,
    &quot;ProdName&quot; : &quot;Electricity Standard Tariff&quot;
  }, {
    &quot;ProdCategory&quot; : &quot;Electricity&quot;,
    &quot;ProdFamily&quot; : &quot;Electricity&quot;,
    &quot;ProdId&quot; : &quot;01tf2000007u2fyAAA&quot;,
    &quot;ProdName&quot; : &quot;Electricity Price Protected Tariff - 1 Year&quot;
  }, {
    &quot;ProdCategory&quot; : &quot;Gas&quot;,
    &quot;ProdDescription&quot; : &quot;Gas Standard Tariff&quot;,
    &quot;ProdFamily&quot; : &quot;Gas&quot;,
    &quot;ProdId&quot; : &quot;01tf2000007tC3dAAE&quot;,
    &quot;ProdName&quot; : &quot;Gas Standard Tariff&quot;
  }, {
    &quot;ProdCategory&quot; : &quot;Gas&quot;,
    &quot;ProdFamily&quot; : &quot;Gas&quot;,
    &quot;ProdId&quot; : &quot;01tf20000088QOsAAM&quot;,
    &quot;ProdName&quot; : &quot;Gas Price Protection Tariff - 1 Year&quot;
  }, {
    &quot;ProdCategory&quot; : &quot;Gas&quot;,
    &quot;ProdFamily&quot; : &quot;Gas&quot;,
    &quot;ProdId&quot; : &quot;01tf2000007u2g3AAA&quot;,
    &quot;ProdName&quot; : &quot;Gas Price Protection Tariff - 1 Year&quot;
  } ],
  &quot;SelectService&quot; : [ {
    &quot;Meter&quot; : &quot;a25f2000004DpzcAAC&quot;,
    &quot;PremiseAddress&quot; : &quot;1 Harper Ave, Detroit, MI, 48202&quot;,
    &quot;PremiseNumber&quot; : &quot;700012491&quot;,
    &quot;Premises&quot; : &quot;a0lf2000007hKluAAE&quot;,
    &quot;PremisesId&quot; : &quot;a0lf2000007hKluAAE&quot;,
    &quot;SerialNumber&quot; : &quot;ISUMDG195009E&quot;,
    &quot;ServicePointId&quot; : &quot;a26f200000Kh1evAAB&quot;,
    &quot;ServicePointName&quot; : &quot;1 Harper Ave, Detroit - Electricity&quot;,
    &quot;ServicePointNumber&quot; : &quot;800012667&quot;,
    &quot;ServiceType&quot; : &quot;Electricity&quot;,
    &quot;Status&quot; : &quot;Connected&quot;
  }, {
    &quot;Meter&quot; : &quot;a25f2000004Dq07AAC&quot;,
    &quot;PremiseAddress&quot; : &quot;1 Harper Ave, Detroit, MI, 48202&quot;,
    &quot;PremiseNumber&quot; : &quot;700012491&quot;,
    &quot;Premises&quot; : &quot;a0lf2000007hKluAAE&quot;,
    &quot;PremisesId&quot; : &quot;a0lf2000007hKluAAE&quot;,
    &quot;SerialNumber&quot; : &quot;ISUMDG195011G&quot;,
    &quot;ServicePointId&quot; : &quot;a26f200000Kh1f0AAB&quot;,
    &quot;ServicePointName&quot; : &quot;1 Harper Ave, Detroit - Gas&quot;,
    &quot;ServicePointNumber&quot; : &quot;800012668&quot;,
    &quot;ServiceType&quot; : &quot;Gas&quot;,
    &quot;Status&quot; : &quot;Connected&quot;
  } ],
  &quot;SelectService1&quot; : {
    &quot;MeterId&quot; : &quot;a25f2000004Dq07AAC&quot;,
    &quot;SerialNumber&quot; : &quot;ISUMDG195011G&quot;,
    &quot;ServicePointName&quot; : &quot;1 Harper Ave, Detroit - Gas&quot;,
    &quot;ServiceType&quot; : &quot;Gas&quot;
  },
  &quot;SelectService3&quot; : {
    &quot;MeterId&quot; : &quot;a25f2000004DpzcAAC&quot;,
    &quot;SerialNumber&quot; : &quot;ISUMDG195009E&quot;,
    &quot;ServicePointName&quot; : &quot;1 Harper Ave, Detroit - Electricity&quot;,
    &quot;ServiceType&quot; : &quot;Electricity&quot;
  },
  &quot;SelectTypeofService&quot; : {
    &quot;SelectServicePoint&quot; : false,
    &quot;SelectServicePoints&quot; : [ {
      &quot;$$hashKey&quot; : &quot;object:1100&quot;,
      &quot;Meter&quot; : &quot;a25f2000004DpzcAAC&quot;,
      &quot;PremiseAddress&quot; : &quot;1 Harper Ave, Detroit, MI, 48202&quot;,
      &quot;PremiseNumber&quot; : &quot;700012491&quot;,
      &quot;Premises&quot; : &quot;a0lf2000007hKluAAE&quot;,
      &quot;PremisesId&quot; : &quot;a0lf2000007hKluAAE&quot;,
      &quot;SerialNumber&quot; : &quot;ISUMDG195009E&quot;,
      &quot;ServicePointId&quot; : &quot;a26f200000Kh1evAAB&quot;,
      &quot;ServicePointName&quot; : &quot;1 Harper Ave, Detroit - Electricity&quot;,
      &quot;ServicePointNumber&quot; : &quot;800012667&quot;,
      &quot;ServiceType&quot; : &quot;Electricity&quot;,
      &quot;Status&quot; : &quot;Connected&quot;,
      &quot;vlcSelected&quot; : true
    }, {
      &quot;$$hashKey&quot; : &quot;object:1101&quot;,
      &quot;Meter&quot; : &quot;a25f2000004Dq07AAC&quot;,
      &quot;PremiseAddress&quot; : &quot;1 Harper Ave, Detroit, MI, 48202&quot;,
      &quot;PremiseNumber&quot; : &quot;700012491&quot;,
      &quot;Premises&quot; : &quot;a0lf2000007hKluAAE&quot;,
      &quot;PremisesId&quot; : &quot;a0lf2000007hKluAAE&quot;,
      &quot;SerialNumber&quot; : &quot;ISUMDG195011G&quot;,
      &quot;ServicePointId&quot; : &quot;a26f200000Kh1f0AAB&quot;,
      &quot;ServicePointName&quot; : &quot;1 Harper Ave, Detroit - Gas&quot;,
      &quot;ServicePointNumber&quot; : &quot;800012668&quot;,
      &quot;ServiceType&quot; : &quot;Gas&quot;,
      &quot;Status&quot; : &quot;Connected&quot;,
      &quot;vlcSelected&quot; : true
    } ],
    &quot;ServicePointsFormula&quot; : 2
  },
  &quot;ServicePoint1&quot; : &quot;a26f200000Kh1evAAB&quot;,
  &quot;ServicePoint2&quot; : &quot;a26f200000Kh1f0AAB&quot;,
  &quot;ServicePoint3&quot; : &quot;&quot;,
  &quot;ServicePointIds&quot; : [ &quot;a26f200000Kh1evAAB&quot;, &quot;a26f200000Kh1f0AAB&quot; ],
  &quot;ServicesChosen&quot; : [ &quot;Electricity&quot;, &quot;Gas&quot; ],
  &quot;WaterService&quot; : &quot;&quot;,
  &quot;createResidentialAccount_Msg&quot; : &quot;Partner Created in SAP Successfully..!!!&quot;,
  &quot;error&quot; : &quot;OK&quot;,
  &quot;id&quot; : &quot;a0Zf200000P4Aq9EAF&quot;,
  &quot;info&quot; : {
    &quot;Connection&quot; : &quot;keep-alive&quot;,
    &quot;Content-Length&quot; : &quot;303&quot;,
    &quot;Content-Type&quot; : &quot;application/xml; charset=UTF-8&quot;,
    &quot;Date&quot; : &quot;Thu, 04 Apr 2019 12:34:15 GMT&quot;,
    &quot;Server&quot; : &quot;nginx&quot;,
    &quot;status&quot; : &quot;Server Error&quot;,
    &quot;statusCode&quot; : 500
  },
  &quot;layout&quot; : &quot;lightning&quot;,
  &quot;result&quot; : &quot;&lt;?xml version=&apos;1.0&apos; encoding=&apos;UTF-8&apos;?&gt;\n&lt;ns0:Envelope xmlns:ns0=\&quot;http://schemas.xmlsoap.org/soap/envelope/\&quot;&gt;\n  &lt;ns0:Body&gt;\n    &lt;ns01:notificationsResponse xmlns:ns01=\&quot;http://soap.sforce.com/2005/09/outbound\&quot;&gt;\n      &lt;ns01:Ack&gt;false&lt;/ns01:Ack&gt;\n    &lt;/ns01:notificationsResponse&gt;\n  &lt;/ns0:Body&gt;\n&lt;/ns0:Envelope&gt;&quot;,
  &quot;success&quot; : false,
  &quot;timeStamp&quot; : &quot;2019-04-04T12:33:11.785Z&quot;,
  &quot;userCurrencyCode&quot; : &quot;CAD&quot;,
  &quot;userId&quot; : &quot;005f2000008YzmAAAS&quot;,
  &quot;userName&quot; : &quot;akash.naik@accenture.com.vlocity&quot;,
  &quot;userProfile&quot; : &quot;System Administrator&quot;,
  &quot;userTimeZone&quot; : -240,
  &quot;vlcPersistentComponent&quot; : { },
  &quot;vlcTimeTracking&quot; : {
    &quot;BillingPreferences&quot; : 12132,
    &quot;Contracts&quot; : 7685,
    &quot;CustomerSelection&quot; : 515811,
    &quot;ExtractMeterSerialNumber&quot; : 1139,
    &quot;ExtractPremiseAssets&quot; : 1554,
    &quot;ExtractProductList&quot; : 1585,
    &quot;GetPremServicePoints&quot; : 1697,
    &quot;InsertAccount&quot; : 2175,
    &quot;InsertContact&quot; : 1703,
    &quot;InsertOrder&quot; : 1722,
    &quot;MoveInPostUnrelated&quot; : 3279,
    &quot;MuleCreateContractImpl&quot; : 2354,
    &quot;MuleCreateResidentialAccount&quot; : 4321,
    &quot;OmniScriptSessionToken&quot; : &quot;303de50b-4cae-48eb-9728-def7403ac93d&quot;,
    &quot;Post Confirm&quot; : 4016,
    &quot;PreConfirm&quot; : 4929,
    &quot;SelectTypeofService&quot; : 11221,
    &quot;ServiceSetValues&quot; : 130,
    &quot;SetAccountValue&quot; : 7,
    &quot;SetContext&quot; : 68,
    &quot;SetCustomerDetails&quot; : 61,
    &quot;SetExistingAccountsVal&quot; : 42,
    &quot;SetProductValues&quot; : 80,
    &quot;SetServicePointVal&quot; : 42,
    &quot;UpdateAssets&quot; : 2112,
    &quot;UpdateERPValues&quot; : 1364
  }
}</expectedInputJson>
    <fieldLevelSecurityEnabled>false</fieldLevelSecurityEnabled>
    <inputType>JSON</inputType>
    <name>VPLTransformCreateAgreement</name>
    <nullInputsIncludedInOutput>false</nullInputsIncludedInOutput>
    <omniDataTransformItem>
        <defaultValue>urn:sobject.enterprise.soap.sforce.com</defaultValue>
        <disabled>false</disabled>
        <filterGroup>0.0</filterGroup>
        <globalKey>VPL-TransformCreateAgreement-ENGY-104-1Customa192E00000BvVsfQAFItem1</globalKey>
        <inputObjectQuerySequence>0.0</inputObjectQuerySequence>
        <linkedObjectSequence>0.0</linkedObjectSequence>
        <name>VPL-TransformCreateAgreement</name>
        <outputCreationSequence>1.0</outputCreationSequence>
        <outputFieldName>soapenv#Envelope:soapenv#Body:notifications:Notification:sObject:@xmlns#sf</outputFieldName>
        <outputObjectName>json</outputObjectName>
        <requiredForUpsert>false</requiredForUpsert>
        <upsertKey>false</upsertKey>
    </omniDataTransformItem>
    <omniDataTransformItem>
        <defaultValue>sf:Account</defaultValue>
        <disabled>false</disabled>
        <filterGroup>0.0</filterGroup>
        <globalKey>VPL-TransformCreateAgreement-ENGY-104-1Customa192E00000BvVsfQAFItem2</globalKey>
        <inputObjectQuerySequence>0.0</inputObjectQuerySequence>
        <linkedObjectSequence>0.0</linkedObjectSequence>
        <name>VPL-TransformCreateAgreement</name>
        <outputCreationSequence>1.0</outputCreationSequence>
        <outputFieldName>soapenv#Envelope:soapenv#Body:notifications:Notification:sObject:@xsi#type</outputFieldName>
        <outputObjectName>json</outputObjectName>
        <requiredForUpsert>false</requiredForUpsert>
        <upsertKey>false</upsertKey>
    </omniDataTransformItem>
    <omniDataTransformItem>
        <defaultValue>https://accenture-utilities--UIDev.cs5.my.salesforce.com/services/Soap/c/41.0/00Df2000000NVjK</defaultValue>
        <disabled>false</disabled>
        <filterGroup>0.0</filterGroup>
        <globalKey>VPL-TransformCreateAgreement-ENGY-104-1Customa192E00000BvVsfQAFItem4</globalKey>
        <inputObjectQuerySequence>0.0</inputObjectQuerySequence>
        <linkedObjectSequence>0.0</linkedObjectSequence>
        <name>VPL-TransformCreateAgreement</name>
        <outputCreationSequence>1.0</outputCreationSequence>
        <outputFieldName>soapenv#Envelope:soapenv#Body:notifications:EnterpriseUrl</outputFieldName>
        <outputObjectName>json</outputObjectName>
        <requiredForUpsert>false</requiredForUpsert>
        <upsertKey>false</upsertKey>
    </omniDataTransformItem>
    <omniDataTransformItem>
        <disabled>false</disabled>
        <filterGroup>0.0</filterGroup>
        <globalKey>VPL-TransformCreateAgreement-ENGY-104-1Customa192E00000BvVsfQAFItem10</globalKey>
        <inputFieldName>DRId_Account</inputFieldName>
        <inputObjectQuerySequence>0.0</inputObjectQuerySequence>
        <linkedObjectSequence>0.0</linkedObjectSequence>
        <name>VPL-TransformCreateAgreement</name>
        <outputCreationSequence>1.0</outputCreationSequence>
        <outputFieldName>soapenv#Envelope:soapenv#Body:notifications:Notification:Id</outputFieldName>
        <outputObjectName>json</outputObjectName>
        <requiredForUpsert>false</requiredForUpsert>
        <upsertKey>false</upsertKey>
    </omniDataTransformItem>
    <omniDataTransformItem>
        <defaultValue>http://www.w3.org/2001/XMLSchema-instance</defaultValue>
        <disabled>false</disabled>
        <filterGroup>0.0</filterGroup>
        <globalKey>VPL-TransformCreateAgreement-ENGY-104-1Customa192E00000BvVsfQAFItem7</globalKey>
        <inputObjectQuerySequence>0.0</inputObjectQuerySequence>
        <linkedObjectSequence>0.0</linkedObjectSequence>
        <name>VPL-TransformCreateAgreement</name>
        <outputCreationSequence>1.0</outputCreationSequence>
        <outputFieldName>soapenv#Envelope:@xmlns#xsi</outputFieldName>
        <outputObjectName>json</outputObjectName>
        <requiredForUpsert>false</requiredForUpsert>
        <upsertKey>false</upsertKey>
    </omniDataTransformItem>
    <omniDataTransformItem>
        <defaultValue>http://soap.sforce.com/2005/09/outbound</defaultValue>
        <disabled>false</disabled>
        <filterGroup>0.0</filterGroup>
        <globalKey>VPL-TransformCreateAgreement-ENGY-104-1Customa192E00000BvVsfQAFItem6</globalKey>
        <inputObjectQuerySequence>0.0</inputObjectQuerySequence>
        <linkedObjectSequence>0.0</linkedObjectSequence>
        <name>VPL-TransformCreateAgreement</name>
        <outputCreationSequence>1.0</outputCreationSequence>
        <outputFieldName>soapenv#Envelope:soapenv#Body:notifications:@xmlns</outputFieldName>
        <outputObjectName>json</outputObjectName>
        <requiredForUpsert>false</requiredForUpsert>
        <upsertKey>false</upsertKey>
    </omniDataTransformItem>
    <omniDataTransformItem>
        <disabled>false</disabled>
        <filterGroup>0.0</filterGroup>
        <globalKey>VPL-TransformCreateAgreement-ENGY-104-1Customa192E00000BvVsfQAFItem11</globalKey>
        <inputFieldName>DRId_Account</inputFieldName>
        <inputObjectQuerySequence>0.0</inputObjectQuerySequence>
        <linkedObjectSequence>0.0</linkedObjectSequence>
        <name>VPL-TransformCreateAgreement</name>
        <outputCreationSequence>1.0</outputCreationSequence>
        <outputFieldName>soapenv#Envelope:soapenv#Body:notifications:Notification:sObject:sf#Account_Id__c</outputFieldName>
        <outputObjectName>json</outputObjectName>
        <requiredForUpsert>false</requiredForUpsert>
        <upsertKey>false</upsertKey>
    </omniDataTransformItem>
    <omniDataTransformItem>
        <disabled>false</disabled>
        <filterGroup>0.0</filterGroup>
        <globalKey>VPL-TransformCreateAgreement-ENGY-104-1Customa192E00000BvVsfQAFItem20</globalKey>
        <inputFieldName>MuleMoveInDate</inputFieldName>
        <inputObjectQuerySequence>0.0</inputObjectQuerySequence>
        <linkedObjectSequence>0.0</linkedObjectSequence>
        <name>VPL-TransformCreateAgreement</name>
        <outputCreationSequence>1.0</outputCreationSequence>
        <outputFieldName>soapenv#Envelope:soapenv#Body:notifications:Notification:sObject:sf#Agreement_Start_Date__c</outputFieldName>
        <outputObjectName>json</outputObjectName>
        <requiredForUpsert>false</requiredForUpsert>
        <upsertKey>false</upsertKey>
    </omniDataTransformItem>
    <omniDataTransformItem>
        <disabled>false</disabled>
        <filterGroup>0.0</filterGroup>
        <globalKey>VPL-TransformCreateAgreement-ENGY-104-1Customa192E00000BvVsfQAFItem14</globalKey>
        <inputFieldName>VIPCreateBusinessPartner:ERPAccountID__c</inputFieldName>
        <inputObjectQuerySequence>0.0</inputObjectQuerySequence>
        <linkedObjectSequence>0.0</linkedObjectSequence>
        <name>VPL-TransformCreateAgreement</name>
        <outputCreationSequence>1.0</outputCreationSequence>
        <outputFieldName>soapenv#Envelope:soapenv#Body:notifications:Notification:sObject:sf#Account_ERP_Id__c</outputFieldName>
        <outputObjectName>json</outputObjectName>
        <requiredForUpsert>false</requiredForUpsert>
        <upsertKey>false</upsertKey>
    </omniDataTransformItem>
    <omniDataTransformItem>
        <disabled>false</disabled>
        <filterGroup>0.0</filterGroup>
        <globalKey>VPL-TransformCreateAgreement-ENGY-104-1Customa192E00000BvVsfQAFItem19</globalKey>
        <inputFieldName>Meter:SerialNumber</inputFieldName>
        <inputObjectQuerySequence>0.0</inputObjectQuerySequence>
        <linkedObjectSequence>0.0</linkedObjectSequence>
        <name>VPL-TransformCreateAgreement</name>
        <outputCreationSequence>1.0</outputCreationSequence>
        <outputFieldName>soapenv#Envelope:soapenv#Body:notifications:Notification:sObject:sf#SerialNumber__c</outputFieldName>
        <outputObjectName>json</outputObjectName>
        <requiredForUpsert>false</requiredForUpsert>
        <upsertKey>false</upsertKey>
    </omniDataTransformItem>
    <omniDataTransformItem>
        <defaultValue>00DfL000005qEZIUA2</defaultValue>
        <disabled>false</disabled>
        <filterGroup>0.0</filterGroup>
        <globalKey>VPL-TransformCreateAgreement-ENGY-104-1Customa192E00000BvVsfQAFItem0</globalKey>
        <inputObjectQuerySequence>0.0</inputObjectQuerySequence>
        <linkedObjectSequence>0.0</linkedObjectSequence>
        <name>VPL-TransformCreateAgreement</name>
        <outputCreationSequence>1.0</outputCreationSequence>
        <outputFieldName>soapenv#Envelope:soapenv#Body:notifications:OrganizationId</outputFieldName>
        <outputObjectName>json</outputObjectName>
        <requiredForUpsert>false</requiredForUpsert>
        <upsertKey>false</upsertKey>
    </omniDataTransformItem>
    <omniDataTransformItem>
        <disabled>false</disabled>
        <filterGroup>0.0</filterGroup>
        <globalKey>VPL-TransformCreateAgreement-ENGY-104-1Customa192E00000BvVsfQAFItem18</globalKey>
        <inputFieldName>Meter:ProductFamily</inputFieldName>
        <inputObjectQuerySequence>0.0</inputObjectQuerySequence>
        <linkedObjectSequence>0.0</linkedObjectSequence>
        <name>VPL-TransformCreateAgreement</name>
        <outputCreationSequence>1.0</outputCreationSequence>
        <outputFieldName>soapenv#Envelope:soapenv#Body:notifications:Notification:sObject:sf#PROD_Utility_Type__c</outputFieldName>
        <outputObjectName>json</outputObjectName>
        <requiredForUpsert>false</requiredForUpsert>
        <transformValuesMappings>{ }</transformValuesMappings>
        <upsertKey>false</upsertKey>
    </omniDataTransformItem>
    <omniDataTransformItem>
        <disabled>false</disabled>
        <filterGroup>0.0</filterGroup>
        <globalKey>VPL-TransformCreateAgreement-ENGY-104-1Customa192E00000BvVsfQAFItem17</globalKey>
        <inputFieldName>Meter:ProdId</inputFieldName>
        <inputObjectQuerySequence>0.0</inputObjectQuerySequence>
        <linkedObjectSequence>0.0</linkedObjectSequence>
        <name>VPL-TransformCreateAgreement</name>
        <outputCreationSequence>1.0</outputCreationSequence>
        <outputFieldName>soapenv#Envelope:soapenv#Body:notifications:Notification:sObject:sf#Product2Id</outputFieldName>
        <outputObjectName>json</outputObjectName>
        <requiredForUpsert>false</requiredForUpsert>
        <upsertKey>false</upsertKey>
    </omniDataTransformItem>
    <omniDataTransformItem>
        <disabled>false</disabled>
        <filterGroup>0.0</filterGroup>
        <globalKey>VPL-TransformCreateAgreement-ENGY-104-1Customa192E00000BvVsfQAFItem13</globalKey>
        <inputFieldName>DRId_Contract</inputFieldName>
        <inputObjectQuerySequence>0.0</inputObjectQuerySequence>
        <linkedObjectSequence>0.0</linkedObjectSequence>
        <name>VPL-TransformCreateAgreement</name>
        <outputCreationSequence>1.0</outputCreationSequence>
        <outputFieldName>soapenv#Envelope:soapenv#Body:notifications:Notification:sObject:sf#Contract_Id__c</outputFieldName>
        <outputObjectName>json</outputObjectName>
        <requiredForUpsert>false</requiredForUpsert>
        <upsertKey>false</upsertKey>
    </omniDataTransformItem>
    <omniDataTransformItem>
        <disabled>false</disabled>
        <filterGroup>0.0</filterGroup>
        <globalKey>VPL-TransformCreateAgreement-ENGY-104-1Customa192E00000BvVsfQAFItem12</globalKey>
        <inputFieldName>DRId_Account</inputFieldName>
        <inputObjectQuerySequence>0.0</inputObjectQuerySequence>
        <linkedObjectSequence>0.0</linkedObjectSequence>
        <name>VPL-TransformCreateAgreement</name>
        <outputCreationSequence>1.0</outputCreationSequence>
        <outputFieldName>soapenv#Envelope:soapenv#Body:notifications:Notification:sObject:sf#Id</outputFieldName>
        <outputObjectName>json</outputObjectName>
        <requiredForUpsert>false</requiredForUpsert>
        <upsertKey>false</upsertKey>
    </omniDataTransformItem>
    <omniDataTransformItem>
        <disabled>false</disabled>
        <filterGroup>0.0</filterGroup>
        <globalKey>VPL-TransformCreateAgreement-ENGY-104-1Customa192E00000BvVsfQAFItem16</globalKey>
        <inputFieldName>Meter:IntsallationNumber</inputFieldName>
        <inputObjectQuerySequence>0.0</inputObjectQuerySequence>
        <linkedObjectSequence>0.0</linkedObjectSequence>
        <name>VPL-TransformCreateAgreement</name>
        <outputCreationSequence>1.0</outputCreationSequence>
        <outputFieldName>soapenv#Envelope:soapenv#Body:notifications:Notification:sObject:sf#Con_Installation_Number__c</outputFieldName>
        <outputObjectName>json</outputObjectName>
        <requiredForUpsert>false</requiredForUpsert>
        <upsertKey>false</upsertKey>
    </omniDataTransformItem>
    <omniDataTransformItem>
        <disabled>false</disabled>
        <filterGroup>0.0</filterGroup>
        <globalKey>VPL-TransformCreateAgreement-ENGY-104-1Customa192E00000BvVsfQAFItem15</globalKey>
        <inputFieldName>VIPCreateContractAccount:ERP_Contract_ID__c</inputFieldName>
        <inputObjectQuerySequence>0.0</inputObjectQuerySequence>
        <linkedObjectSequence>0.0</linkedObjectSequence>
        <name>VPL-TransformCreateAgreement</name>
        <outputCreationSequence>1.0</outputCreationSequence>
        <outputFieldName>soapenv#Envelope:soapenv#Body:notifications:Notification:sObject:sf#Contract_ERP_ID__c</outputFieldName>
        <outputObjectName>json</outputObjectName>
        <requiredForUpsert>false</requiredForUpsert>
        <upsertKey>false</upsertKey>
    </omniDataTransformItem>
    <omniDataTransformItem>
        <defaultValue>http://schemas.xmlsoap.org/soap/envelope/</defaultValue>
        <disabled>false</disabled>
        <filterGroup>0.0</filterGroup>
        <globalKey>VPL-TransformCreateAgreement-ENGY-104-1Customa192E00000BvVsfQAFItem9</globalKey>
        <inputObjectQuerySequence>0.0</inputObjectQuerySequence>
        <linkedObjectSequence>0.0</linkedObjectSequence>
        <name>VPL-TransformCreateAgreement</name>
        <outputCreationSequence>1.0</outputCreationSequence>
        <outputFieldName>soapenv#Envelope:@xmlns#soapenv</outputFieldName>
        <outputObjectName>json</outputObjectName>
        <requiredForUpsert>false</requiredForUpsert>
        <upsertKey>false</upsertKey>
    </omniDataTransformItem>
    <omniDataTransformItem>
        <defaultValue>http://www.w3.org/2001/XMLSchema</defaultValue>
        <disabled>false</disabled>
        <filterGroup>0.0</filterGroup>
        <globalKey>VPL-TransformCreateAgreement-ENGY-104-1Customa192E00000BvVsfQAFItem8</globalKey>
        <inputObjectQuerySequence>0.0</inputObjectQuerySequence>
        <linkedObjectSequence>0.0</linkedObjectSequence>
        <name>VPL-TransformCreateAgreement</name>
        <outputCreationSequence>1.0</outputCreationSequence>
        <outputFieldName>soapenv#Envelope:@xmlns#xsd</outputFieldName>
        <outputObjectName>json</outputObjectName>
        <requiredForUpsert>false</requiredForUpsert>
        <upsertKey>false</upsertKey>
    </omniDataTransformItem>
    <omniDataTransformItem>
        <defaultValue>https://accenture-utilities--UIDev.cs5.my.salesforce.com/services/Soap/u/41.0/00Df2000000NVjK</defaultValue>
        <disabled>false</disabled>
        <filterGroup>0.0</filterGroup>
        <globalKey>VPL-TransformCreateAgreement-ENGY-104-1Customa192E00000BvVsfQAFItem3</globalKey>
        <inputObjectQuerySequence>0.0</inputObjectQuerySequence>
        <linkedObjectSequence>0.0</linkedObjectSequence>
        <name>VPL-TransformCreateAgreement</name>
        <outputCreationSequence>1.0</outputCreationSequence>
        <outputFieldName>soapenv#Envelope:soapenv#Body:notifications:PartnerUrl</outputFieldName>
        <outputObjectName>json</outputObjectName>
        <requiredForUpsert>false</requiredForUpsert>
        <upsertKey>false</upsertKey>
    </omniDataTransformItem>
    <omniDataTransformItem>
        <defaultValue>true</defaultValue>
        <disabled>false</disabled>
        <filterGroup>0.0</filterGroup>
        <globalKey>VPL-TransformCreateAgreement-ENGY-104-1Customa192E00000BvVsfQAFItem5</globalKey>
        <inputObjectQuerySequence>0.0</inputObjectQuerySequence>
        <linkedObjectSequence>0.0</linkedObjectSequence>
        <name>VPL-TransformCreateAgreement</name>
        <outputCreationSequence>1.0</outputCreationSequence>
        <outputFieldName>soapenv#Envelope:soapenv#Body:notifications:SessionId:@xsi#nil</outputFieldName>
        <outputObjectName>json</outputObjectName>
        <requiredForUpsert>false</requiredForUpsert>
        <upsertKey>false</upsertKey>
    </omniDataTransformItem>
    <outputType>XML</outputType>
    <previewJsonData>{
  &quot;AccName&quot; : &quot;Jessa Lee&quot;,
  &quot;AvailableAccounts&quot; : &quot;&quot;,
  &quot;BillingPreferences&quot; : {
    &quot;APaymentType&quot; : &quot;Postpaid&quot;,
    &quot;AutoPay&quot; : &quot;No&quot;,
    &quot;BillNotification&quot; : &quot;Yes&quot;,
    &quot;BillingFrequency&quot; : &quot;Weekly&quot;,
    &quot;DeliveryMethod&quot; : &quot;Electronic Statements Online&quot;,
    &quot;DifferntPremiseSearch-Block&quot; : {
      &quot;DifferentAdmin&quot; : null,
      &quot;DifferentCountry&quot; : null,
      &quot;DifferentLocality&quot; : null,
      &quot;DifferentStreet&quot; : null,
      &quot;DifferentZip&quot; : null,
      &quot;DifferntPremiseSearch&quot; : null
    },
    &quot;MailingAddres&quot; : null,
    &quot;MailingAddresss&quot; : null,
    &quot;NoContactFrom&quot; : null,
    &quot;NoContactTo&quot; : null,
    &quot;OffersPromotions&quot; : &quot;Yes&quot;,
    &quot;OutageNotification&quot; : &quot;Yes&quot;,
    &quot;PaymentNotification&quot; : &quot;Yes&quot;,
    &quot;WorkOrderNotification&quot; : &quot;Yes&quot;
  },
  &quot;ChoosePaymentMethod&quot; : {
    &quot;PaymentMethod&quot; : null
  },
  &quot;ContextId&quot; : &quot;&quot;,
  &quot;Contracts&quot; : {
    &quot;AvailableProductList&quot; : [ {
      &quot;$$hashKey&quot; : &quot;object:1417&quot;,
      &quot;ProdFamily&quot; : &quot;Electricity&quot;,
      &quot;ProdId&quot; : &quot;01tf20000081ZapAAE&quot;,
      &quot;ProdName&quot; : &quot;Test Electricity Product&quot;,
      &quot;vlcSelected&quot; : true
    } ],
    &quot;ContractTermSum&quot; : null,
    &quot;ProducltListMsg&quot; : true,
    &quot;ProductSelectedCount&quot; : 1
  },
  &quot;CreateAgreement_Msg&quot; : &quot;Move-in date 27.04.2019 invalid: Contract 1500011119 belongs to installation 800012669 from 19.04.2019.Error reading data for contract                                                 0 in SAPLEC50_CONTR ISU_MI_OPEN_OPEN_CONTRACTS.A move-in document was no&quot;,
  &quot;CustomerName_Fml1&quot; : &quot;Jessa Lee&quot;,
  &quot;CustomerName_Fml2&quot; : &quot; &quot;,
  &quot;CustomerSelection&quot; : {
    &quot;ConNameError&quot; : null,
    &quot;GetCustomer-Block&quot; : null,
    &quot;MoveInDate&quot; : &quot;2019-04-26T16:00:00.000Z&quot;,
    &quot;MoveInDateFormula&quot; : true,
    &quot;MoveInMessage&quot; : true,
    &quot;NewAccountNeeded&quot; : null,
    &quot;NewCustomer&quot; : &quot;Yes&quot;,
    &quot;NewCustomerDetails&quot; : {
      &quot;CustomerDOB&quot; : &quot;04/01/2019&quot;,
      &quot;CustomerEmail&quot; : &quot;test@gmail.com&quot;,
      &quot;CustomerFirstName&quot; : &quot;Jessa&quot;,
      &quot;CustomerLastName&quot; : &quot;Lee&quot;,
      &quot;CustomerPhone&quot; : &quot;9103149395&quot;,
      &quot;DOBFormula&quot; : true,
      &quot;DOBMsg&quot; : true,
      &quot;DriverLicense&quot; : null,
      &quot;IdentificationType&quot; : &quot;SSN&quot;,
      &quot;SSN&quot; : &quot;123123123&quot;,
      &quot;TaxId&quot; : null
    },
    &quot;PremiseError&quot; : false,
    &quot;ServiceLocation-Block&quot; : {
      &quot;PremCity&quot; : &quot;Detroit&quot;,
      &quot;PremCountry&quot; : &quot;US&quot;,
      &quot;PremId&quot; : &quot;a0lf2000007hKlzAAE&quot;,
      &quot;PremPostalCode&quot; : &quot;48202&quot;,
      &quot;PremState&quot; : &quot;MI&quot;,
      &quot;PremiseNumber&quot; : &quot;700012492&quot;,
      &quot;PremiseStreetAddress&quot; : &quot;2 Harper Ave&quot;,
      &quot;ServiceLocation&quot; : &quot;2 Harper Ave, Detroit, MI, 48202&quot;
    }
  },
  &quot;DRId_vlocity_cmt__InventoryItem__c&quot; : &quot;a25f2000004DpzdAAC&quot;,
  &quot;DRId_vlocity_cmt__ServicePoint__c&quot; : &quot;a26f200000Kh1fAAAR&quot;,
  &quot;DRId_Account&quot; : &quot;001f200001uP0KbAAK&quot;,
  &quot;DRId_Asset&quot; : &quot;02if200000Ws846AAB&quot;,
  &quot;DRId_Contact&quot; : &quot;003f200002mDYgdAAG&quot;,
  &quot;ERPAccountID__c&quot; : 6010989,
  &quot;ERP_Agreement_ID1__c&quot; : &quot;&quot;,
  &quot;ERP_Contract_ID__c&quot; : 22000014559,
  &quot;ElectricityService&quot; : &quot;Electricity&quot;,
  &quot;GasService&quot; : &quot;&quot;,
  &quot;IntergationMtd&quot; : {
    &quot;IntergationType&quot; : &quot;JSON&quot;,
    &quot;Name&quot; : &quot;Move_In&quot;
  },
  &quot;Meter&quot; : {
    &quot;IntsallationNumber&quot; : &quot;800012669&quot;,
    &quot;MeterId&quot; : &quot;a25f2000004DpzdAAC&quot;,
    &quot;ProdId&quot; : &quot;01tf20000081ZapAAE&quot;,
    &quot;ProductFamily&quot; : &quot;Electricity&quot;,
    &quot;SerialNumber&quot; : &quot;ISUMDG195220E&quot;
  },
  &quot;Meter1&quot; : &quot;a25f2000004DpzdAAC&quot;,
  &quot;Meter2&quot; : &quot;&quot;,
  &quot;Meter3&quot; : &quot;&quot;,
  &quot;MuleCloseDate&quot; : &quot;2019-4-26&quot;,
  &quot;MuleMoveInDate&quot; : &quot;2019-4-27&quot;,
  &quot;NoOfAccounts&quot; : 0,
  &quot;OmniscriptType&quot; : &quot;Move_In&quot;,
  &quot;PreConfirm&quot; : {
    &quot;Confirm&quot; : &quot;Yes&quot;,
    &quot;ServicesChoosen&quot; : null
  },
  &quot;ProductList&quot; : [ {
    &quot;ProdFamily&quot; : &quot;Electricity&quot;,
    &quot;ProdId&quot; : &quot;01tf20000081ZapAAE&quot;,
    &quot;ProdName&quot; : &quot;Test Electricity Product&quot;
  }, {
    &quot;ProdFamily&quot; : &quot;Electricity&quot;,
    &quot;ProdId&quot; : &quot;01tf20000081bHmAAI&quot;,
    &quot;ProdName&quot; : &quot;Electricity Standard Tariff&quot;
  }, {
    &quot;ProdCategory&quot; : &quot;Electricity&quot;,
    &quot;ProdFamily&quot; : &quot;Electricity&quot;,
    &quot;ProdId&quot; : &quot;01tf2000007tC3TAAU&quot;,
    &quot;ProdName&quot; : &quot;Electricity Standard Tariff&quot;
  }, {
    &quot;ProdCategory&quot; : &quot;Electricity&quot;,
    &quot;ProdFamily&quot; : &quot;Electricity&quot;,
    &quot;ProdId&quot; : &quot;01tf2000007u2fyAAA&quot;,
    &quot;ProdName&quot; : &quot;Electricity Price Protected Tariff - 1 Year&quot;
  } ],
  &quot;SelectService&quot; : [ {
    &quot;Meter&quot; : &quot;a25f2000004DpzdAAC&quot;,
    &quot;PremiseAddress&quot; : &quot;2 Harper Ave, Detroit, MI, 48202&quot;,
    &quot;PremiseNumber&quot; : &quot;700012492&quot;,
    &quot;Premises&quot; : &quot;a0lf2000007hKlzAAE&quot;,
    &quot;PremisesId&quot; : &quot;a0lf2000007hKlzAAE&quot;,
    &quot;SerialNumber&quot; : &quot;ISUMDG195220E&quot;,
    &quot;ServicePointId&quot; : &quot;a26f200000Kh1fAAAR&quot;,
    &quot;ServicePointName&quot; : &quot;2 Harper Ave, Detroit - Electricity&quot;,
    &quot;ServicePointNumber&quot; : &quot;800012669&quot;,
    &quot;ServiceType&quot; : &quot;Electricity&quot;,
    &quot;Status&quot; : &quot;Connected&quot;
  }, {
    &quot;Meter&quot; : &quot;a25f2000004Dq0GAAS&quot;,
    &quot;PremiseAddress&quot; : &quot;2 Harper Ave, Detroit, MI, 48202&quot;,
    &quot;PremiseNumber&quot; : &quot;700012492&quot;,
    &quot;Premises&quot; : &quot;a0lf2000007hKlzAAE&quot;,
    &quot;PremisesId&quot; : &quot;a0lf2000007hKlzAAE&quot;,
    &quot;SerialNumber&quot; : &quot;ISUMDG195221G&quot;,
    &quot;ServicePointId&quot; : &quot;a26f200000Kh1fPAAR&quot;,
    &quot;ServicePointName&quot; : &quot;2 Harper Ave, Detroit - Gas&quot;,
    &quot;ServicePointNumber&quot; : &quot;800012670&quot;,
    &quot;ServiceType&quot; : &quot;Gas&quot;,
    &quot;Status&quot; : &quot;Connected&quot;
  } ],
  &quot;SelectService1&quot; : {
    &quot;MeterId&quot; : &quot;a25f2000004Dq0GAAS&quot;,
    &quot;SerialNumber&quot; : &quot;ISUMDG195221G&quot;,
    &quot;ServicePointName&quot; : &quot;2 Harper Ave, Detroit - Gas&quot;,
    &quot;ServicePointNumber&quot; : &quot;800012670&quot;,
    &quot;ServiceType&quot; : &quot;Gas&quot;
  },
  &quot;SelectService3&quot; : {
    &quot;MeterId&quot; : &quot;a25f2000004DpzdAAC&quot;,
    &quot;SerialNumber&quot; : &quot;ISUMDG195220E&quot;,
    &quot;ServicePointName&quot; : &quot;2 Harper Ave, Detroit - Electricity&quot;,
    &quot;ServicePointNumber&quot; : &quot;800012669&quot;,
    &quot;ServiceType&quot; : &quot;Electricity&quot;
  },
  &quot;SelectTypeofService&quot; : {
    &quot;SelectServicePoint&quot; : false,
    &quot;SelectServicePoints&quot; : [ {
      &quot;$$hashKey&quot; : &quot;object:1394&quot;,
      &quot;Meter&quot; : &quot;a25f2000004DpzdAAC&quot;,
      &quot;PremiseAddress&quot; : &quot;2 Harper Ave, Detroit, MI, 48202&quot;,
      &quot;PremiseNumber&quot; : &quot;700012492&quot;,
      &quot;Premises&quot; : &quot;a0lf2000007hKlzAAE&quot;,
      &quot;PremisesId&quot; : &quot;a0lf2000007hKlzAAE&quot;,
      &quot;SerialNumber&quot; : &quot;ISUMDG195220E&quot;,
      &quot;ServicePointId&quot; : &quot;a26f200000Kh1fAAAR&quot;,
      &quot;ServicePointName&quot; : &quot;2 Harper Ave, Detroit - Electricity&quot;,
      &quot;ServicePointNumber&quot; : &quot;800012669&quot;,
      &quot;ServiceType&quot; : &quot;Electricity&quot;,
      &quot;Status&quot; : &quot;Connected&quot;,
      &quot;vlcSelected&quot; : true
    } ],
    &quot;ServicePointsFormula&quot; : 1
  },
  &quot;SelectedServices1&quot; : [ {
    &quot;Meter&quot; : &quot;a25f2000004DpzdAAC&quot;,
    &quot;PremiseAddress&quot; : &quot;2 Harper Ave, Detroit, MI, 48202&quot;,
    &quot;PremiseNumber&quot; : &quot;700012492&quot;,
    &quot;Premises&quot; : &quot;a0lf2000007hKlzAAE&quot;,
    &quot;PremisesId&quot; : &quot;a0lf2000007hKlzAAE&quot;,
    &quot;SerialNumber&quot; : &quot;ISUMDG195220E&quot;,
    &quot;ServicePointId&quot; : &quot;a26f200000Kh1fAAAR&quot;,
    &quot;ServicePointName&quot; : &quot;2 Harper Ave, Detroit - Electricity&quot;,
    &quot;ServicePointNumber&quot; : &quot;800012669&quot;,
    &quot;ServiceType&quot; : &quot;Electricity&quot;,
    &quot;Status&quot; : &quot;Connected&quot;,
    &quot;vlcSelected&quot; : true
  } ],
  &quot;ServicePoint1&quot; : &quot;a26f200000Kh1fAAAR&quot;,
  &quot;ServicePoint2&quot; : &quot;&quot;,
  &quot;ServicePoint3&quot; : &quot;&quot;,
  &quot;ServicePointIds&quot; : [ &quot;a26f200000Kh1fAAAR&quot; ],
  &quot;ServicesChosen&quot; : [ &quot;Electricity&quot; ],
  &quot;WaterService&quot; : &quot;&quot;,
  &quot;createResidentialAccount_Msg&quot; : &quot;Partner Created in SAP Successfully..!!!&quot;,
  &quot;error&quot; : &quot;OK&quot;,
  &quot;id&quot; : &quot;a0Zf200000PTUclEAH&quot;,
  &quot;layout&quot; : &quot;lightning&quot;,
  &quot;timeStamp&quot; : &quot;2019-04-26T02:39:18.900Z&quot;,
  &quot;userCurrencyCode&quot; : &quot;CAD&quot;,
  &quot;userId&quot; : &quot;005f2000008YuNbAAK&quot;,
  &quot;userName&quot; : &quot;irene.lia.d.arabes@accenture.com.venergy&quot;,
  &quot;userProfile&quot; : &quot;System Administrator&quot;,
  &quot;userTimeZone&quot; : -240,
  &quot;vlcPersistentComponent&quot; : { },
  &quot;vlcTimeTracking&quot; : {
    &quot;BillingPreferences&quot; : 14722,
    &quot;Contracts&quot; : 3354,
    &quot;CustomerSelection&quot; : 21919,
    &quot;ExtractIntegrationSettings&quot; : 1084,
    &quot;ExtractMeterSerialNumber&quot; : 765,
    &quot;ExtractProductList&quot; : 826,
    &quot;GetPremServicePoints&quot; : 1469,
    &quot;InsertAccount&quot; : 1371,
    &quot;InsertContact&quot; : 1121,
    &quot;MoveInPostUnrelated&quot; : 1176,
    &quot;OmniScriptSessionToken&quot; : &quot;2b9902c8-efc8-42fd-aee6-c78e09598779&quot;,
    &quot;PreConfirm&quot; : 1859,
    &quot;SelectTypeofService&quot; : 2441,
    &quot;ServiceSetValues&quot; : 23,
    &quot;SetAccountValue&quot; : 12,
    &quot;SetExistingAccountsVal&quot; : 27,
    &quot;SetExistingCustomerDetails&quot; : 56,
    &quot;SetProductValues&quot; : 12,
    &quot;SetServicePointVal&quot; : 41,
    &quot;UpdateERPValues&quot; : 728,
    &quot;VIPCreateAgreement&quot; : 1171,
    &quot;VIPCreateContractImpl&quot; : 1271,
    &quot;VIPCreateResidentialAccount&quot; : 2928
  }
}</previewJsonData>
    <processSuperBulk>false</processSuperBulk>
    <responseCacheTtlMinutes>0.0</responseCacheTtlMinutes>
    <rollbackOnError>false</rollbackOnError>
    <sourceObject>json</sourceObject>
    <sourceObjectDefault>false</sourceObjectDefault>
    <synchronousProcessThreshold>-1.0</synchronousProcessThreshold>
    <type>Transform</type>
    <uniqueName>VPLTransformCreateAgreement_1</uniqueName>
    <versionNumber>1.0</versionNumber>
    <xmlDeclarationRemoved>false</xmlDeclarationRemoved>
</OmniDataTransform>
