<?xml version="1.0" encoding="UTF-8"?>
<OmniDataTransform xmlns="http://soap.sforce.com/2006/04/metadata">
    <active>false</active>
    <assignmentRulesUsed>false</assignmentRulesUsed>
    <deletedOnSuccess>false</deletedOnSuccess>
    <description>Updates Billing Account Profile</description>
    <errorIgnored>false</errorIgnored>
    <fieldLevelSecurityEnabled>false</fieldLevelSecurityEnabled>
    <inputType>JSON</inputType>
    <name>VPLUpdateBillingAccountProfileDetails</name>
    <nullInputsIncludedInOutput>false</nullInputsIncludedInOutput>
    <omniDataTransformItem>
        <disabled>false</disabled>
        <filterGroup>0.0</filterGroup>
        <globalKey>VPL-UpdateBillingAccountProfileDetailsCustom6864</globalKey>
        <inputFieldName>BillingAccountProfile:BillCycle</inputFieldName>
        <inputObjectQuerySequence>0.0</inputObjectQuerySequence>
        <linkedObjectSequence>0.0</linkedObjectSequence>
        <name>VPL-UpdateBillingAccountProfileDetails</name>
        <outputCreationSequence>1.0</outputCreationSequence>
        <outputFieldName>vlocity_cmt__BillCycle__c</outputFieldName>
        <outputObjectName>Account</outputObjectName>
        <requiredForUpsert>false</requiredForUpsert>
        <upsertKey>false</upsertKey>
    </omniDataTransformItem>
    <omniDataTransformItem>
        <disabled>false</disabled>
        <filterGroup>0.0</filterGroup>
        <globalKey>VPL-UpdateBillingAccountProfileDetailsCustom3156</globalKey>
        <inputFieldName>BillingAccountProfile:NumBillCopies</inputFieldName>
        <inputObjectQuerySequence>0.0</inputObjectQuerySequence>
        <linkedObjectSequence>0.0</linkedObjectSequence>
        <name>VPL-UpdateBillingAccountProfileDetails</name>
        <outputCreationSequence>1.0</outputCreationSequence>
        <outputFieldName>vlocity_cmt__BillNumberOfCopies__c</outputFieldName>
        <outputObjectName>Account</outputObjectName>
        <requiredForUpsert>false</requiredForUpsert>
        <upsertKey>false</upsertKey>
    </omniDataTransformItem>
    <omniDataTransformItem>
        <disabled>false</disabled>
        <filterGroup>0.0</filterGroup>
        <globalKey>VPL-UpdateBillingAccountProfileDetailsCustom4298</globalKey>
        <inputFieldName>BillingAccountProfile:BillingEmailAddress</inputFieldName>
        <inputObjectQuerySequence>0.0</inputObjectQuerySequence>
        <linkedObjectSequence>0.0</linkedObjectSequence>
        <name>VPL-UpdateBillingAccountProfileDetails</name>
        <outputCreationSequence>1.0</outputCreationSequence>
        <outputFieldName>vlocity_cmt__BillingEmailAddress__c</outputFieldName>
        <outputObjectName>Account</outputObjectName>
        <requiredForUpsert>false</requiredForUpsert>
        <upsertKey>false</upsertKey>
    </omniDataTransformItem>
    <omniDataTransformItem>
        <disabled>false</disabled>
        <filterGroup>0.0</filterGroup>
        <globalKey>VPL-UpdateBillingAccountProfileDetailsCustom2026</globalKey>
        <inputFieldName>BillingAccountProfile:BillFormat</inputFieldName>
        <inputObjectQuerySequence>0.0</inputObjectQuerySequence>
        <linkedObjectSequence>0.0</linkedObjectSequence>
        <name>VPL-UpdateBillingAccountProfileDetails</name>
        <outputCreationSequence>1.0</outputCreationSequence>
        <outputFieldName>vlocity_cmt__BillFormat__c</outputFieldName>
        <outputObjectName>Account</outputObjectName>
        <requiredForUpsert>false</requiredForUpsert>
        <upsertKey>false</upsertKey>
    </omniDataTransformItem>
    <omniDataTransformItem>
        <disabled>false</disabled>
        <filterGroup>0.0</filterGroup>
        <globalKey>VPL-UpdateBillingAccountProfileDetailsCustom5984</globalKey>
        <inputFieldName>BillingAccountProfile:BillFrequency</inputFieldName>
        <inputObjectQuerySequence>0.0</inputObjectQuerySequence>
        <linkedObjectSequence>0.0</linkedObjectSequence>
        <name>VPL-UpdateBillingAccountProfileDetails</name>
        <outputCreationSequence>1.0</outputCreationSequence>
        <outputFieldName>vlocity_cmt__BillFrequency__c</outputFieldName>
        <outputObjectName>Account</outputObjectName>
        <requiredForUpsert>false</requiredForUpsert>
        <upsertKey>false</upsertKey>
    </omniDataTransformItem>
    <omniDataTransformItem>
        <disabled>false</disabled>
        <filterGroup>0.0</filterGroup>
        <globalKey>VPL-UpdateBillingAccountProfileDetailsCustom6647</globalKey>
        <inputFieldName>BillingAccountProfile:BillDeliveryMethod</inputFieldName>
        <inputObjectQuerySequence>0.0</inputObjectQuerySequence>
        <linkedObjectSequence>0.0</linkedObjectSequence>
        <name>VPL-UpdateBillingAccountProfileDetails</name>
        <outputCreationSequence>1.0</outputCreationSequence>
        <outputFieldName>vlocity_cmt__BillDeliveryMethod__c</outputFieldName>
        <outputObjectName>Account</outputObjectName>
        <requiredForUpsert>false</requiredForUpsert>
        <upsertKey>false</upsertKey>
    </omniDataTransformItem>
    <omniDataTransformItem>
        <disabled>false</disabled>
        <filterGroup>0.0</filterGroup>
        <globalKey>VPL-UpdateBillingAccountProfileDetailsCustom3777</globalKey>
        <inputFieldName>BillingAccountProfile:BillingAddressCountry</inputFieldName>
        <inputObjectQuerySequence>0.0</inputObjectQuerySequence>
        <linkedObjectSequence>0.0</linkedObjectSequence>
        <name>VPL-UpdateBillingAccountProfileDetails</name>
        <outputCreationSequence>1.0</outputCreationSequence>
        <outputFieldName>BillingCountry</outputFieldName>
        <outputObjectName>Account</outputObjectName>
        <requiredForUpsert>false</requiredForUpsert>
        <upsertKey>false</upsertKey>
    </omniDataTransformItem>
    <omniDataTransformItem>
        <disabled>false</disabled>
        <filterGroup>0.0</filterGroup>
        <globalKey>VPL-UpdateBillingAccountProfileDetailsCustom991</globalKey>
        <inputFieldName>BillingAccountProfile:BillingPostalCode</inputFieldName>
        <inputObjectQuerySequence>0.0</inputObjectQuerySequence>
        <linkedObjectSequence>0.0</linkedObjectSequence>
        <name>VPL-UpdateBillingAccountProfileDetails</name>
        <outputCreationSequence>1.0</outputCreationSequence>
        <outputFieldName>BillingPostalCode</outputFieldName>
        <outputObjectName>Account</outputObjectName>
        <requiredForUpsert>false</requiredForUpsert>
        <upsertKey>false</upsertKey>
    </omniDataTransformItem>
    <omniDataTransformItem>
        <disabled>false</disabled>
        <filterGroup>0.0</filterGroup>
        <globalKey>VPL-UpdateBillingAccountProfileDetailsCustom8183</globalKey>
        <inputFieldName>TaxDetails:TaxId</inputFieldName>
        <inputObjectQuerySequence>0.0</inputObjectQuerySequence>
        <linkedObjectSequence>0.0</linkedObjectSequence>
        <name>VPL-UpdateBillingAccountProfileDetails</name>
        <outputCreationSequence>1.0</outputCreationSequence>
        <outputFieldName>vlocity_cmt__TaxID__c</outputFieldName>
        <outputObjectName>Account</outputObjectName>
        <requiredForUpsert>false</requiredForUpsert>
        <upsertKey>false</upsertKey>
    </omniDataTransformItem>
    <omniDataTransformItem>
        <disabled>false</disabled>
        <filterGroup>0.0</filterGroup>
        <globalKey>VPL-UpdateBillingAccountProfileDetailsCustom8075</globalKey>
        <inputFieldName>BillingAccountProfile:BillingAddressCity</inputFieldName>
        <inputObjectQuerySequence>0.0</inputObjectQuerySequence>
        <linkedObjectSequence>0.0</linkedObjectSequence>
        <name>VPL-UpdateBillingAccountProfileDetails</name>
        <outputCreationSequence>1.0</outputCreationSequence>
        <outputFieldName>BillingCity</outputFieldName>
        <outputObjectName>Account</outputObjectName>
        <requiredForUpsert>false</requiredForUpsert>
        <upsertKey>false</upsertKey>
    </omniDataTransformItem>
    <omniDataTransformItem>
        <disabled>false</disabled>
        <filterGroup>0.0</filterGroup>
        <globalKey>VPL-UpdateBillingAccountProfileDetailsCustom2382</globalKey>
        <inputFieldName>TaxDetails:TaxExcemptionStartDate</inputFieldName>
        <inputObjectQuerySequence>0.0</inputObjectQuerySequence>
        <linkedObjectSequence>0.0</linkedObjectSequence>
        <name>VPL-UpdateBillingAccountProfileDetails</name>
        <outputCreationSequence>1.0</outputCreationSequence>
        <outputFieldName>vlocity_cmt__TaxExemptionStartDate__c</outputFieldName>
        <outputObjectName>Account</outputObjectName>
        <requiredForUpsert>false</requiredForUpsert>
        <upsertKey>false</upsertKey>
    </omniDataTransformItem>
    <omniDataTransformItem>
        <disabled>false</disabled>
        <filterGroup>0.0</filterGroup>
        <globalKey>VPL-UpdateBillingAccountProfileDetailsCustom7590</globalKey>
        <inputFieldName>TaxDetails:TaxExemptionType</inputFieldName>
        <inputObjectQuerySequence>0.0</inputObjectQuerySequence>
        <linkedObjectSequence>0.0</linkedObjectSequence>
        <name>VPL-UpdateBillingAccountProfileDetails</name>
        <outputCreationSequence>1.0</outputCreationSequence>
        <outputFieldName>vlocity_cmt__TaxExemptionType__c</outputFieldName>
        <outputObjectName>Account</outputObjectName>
        <requiredForUpsert>false</requiredForUpsert>
        <upsertKey>false</upsertKey>
    </omniDataTransformItem>
    <omniDataTransformItem>
        <disabled>false</disabled>
        <filterGroup>0.0</filterGroup>
        <globalKey>VPL-UpdateBillingAccountProfileDetailsCustom2416</globalKey>
        <inputFieldName>TaxDetails:TaxExcemptionEndDate</inputFieldName>
        <inputObjectQuerySequence>0.0</inputObjectQuerySequence>
        <linkedObjectSequence>0.0</linkedObjectSequence>
        <name>VPL-UpdateBillingAccountProfileDetails</name>
        <outputCreationSequence>1.0</outputCreationSequence>
        <outputFieldName>vlocity_cmt__TaxExemptionEndDate__c</outputFieldName>
        <outputObjectName>Account</outputObjectName>
        <requiredForUpsert>false</requiredForUpsert>
        <upsertKey>false</upsertKey>
    </omniDataTransformItem>
    <omniDataTransformItem>
        <disabled>false</disabled>
        <filterGroup>0.0</filterGroup>
        <globalKey>VPL-UpdateBillingAccountProfileDetailsCustom84</globalKey>
        <inputFieldName>TaxDetails:TaxExcemptionPercentage</inputFieldName>
        <inputObjectQuerySequence>0.0</inputObjectQuerySequence>
        <linkedObjectSequence>0.0</linkedObjectSequence>
        <name>VPL-UpdateBillingAccountProfileDetails</name>
        <outputCreationSequence>1.0</outputCreationSequence>
        <outputFieldName>vlocity_cmt__TaxExemptionPercentage__c</outputFieldName>
        <outputObjectName>Account</outputObjectName>
        <requiredForUpsert>false</requiredForUpsert>
        <upsertKey>false</upsertKey>
    </omniDataTransformItem>
    <omniDataTransformItem>
        <disabled>false</disabled>
        <filterGroup>0.0</filterGroup>
        <globalKey>VPL-UpdateBillingAccountProfileDetailsCustom7682</globalKey>
        <inputFieldName>AccountName</inputFieldName>
        <inputObjectQuerySequence>0.0</inputObjectQuerySequence>
        <linkedObjectSequence>0.0</linkedObjectSequence>
        <name>VPL-UpdateBillingAccountProfileDetails</name>
        <outputCreationSequence>1.0</outputCreationSequence>
        <outputFieldName>Name</outputFieldName>
        <outputObjectName>Account</outputObjectName>
        <requiredForUpsert>false</requiredForUpsert>
        <upsertKey>false</upsertKey>
    </omniDataTransformItem>
    <omniDataTransformItem>
        <disabled>false</disabled>
        <filterGroup>0.0</filterGroup>
        <globalKey>VPL-UpdateBillingAccountProfileDetailsCustom8606</globalKey>
        <inputFieldName>AccountId</inputFieldName>
        <inputObjectQuerySequence>0.0</inputObjectQuerySequence>
        <linkedObjectSequence>0.0</linkedObjectSequence>
        <name>VPL-UpdateBillingAccountProfileDetails</name>
        <outputCreationSequence>1.0</outputCreationSequence>
        <outputFieldName>Id</outputFieldName>
        <outputObjectName>Account</outputObjectName>
        <requiredForUpsert>false</requiredForUpsert>
        <upsertKey>false</upsertKey>
    </omniDataTransformItem>
    <omniDataTransformItem>
        <disabled>true</disabled>
        <filterGroup>0.0</filterGroup>
        <filterOperator>=</filterOperator>
        <globalKey>VPL-UpdateBillingAccountProfileDetailsCustom8069</globalKey>
        <inputObjectQuerySequence>0.0</inputObjectQuerySequence>
        <linkedObjectSequence>0.0</linkedObjectSequence>
        <migrationValue>FAKEMAPPING</migrationValue>
        <name>VPL-UpdateBillingAccountProfileDetails</name>
        <outputCreationSequence>1.0</outputCreationSequence>
        <outputFieldName>Id</outputFieldName>
        <outputObjectName>Account</outputObjectName>
        <requiredForUpsert>false</requiredForUpsert>
        <upsertKey>false</upsertKey>
    </omniDataTransformItem>
    <omniDataTransformItem>
        <disabled>false</disabled>
        <filterGroup>0.0</filterGroup>
        <globalKey>VPL-UpdateBillingAccountProfileDetailsCustom9344</globalKey>
        <inputFieldName>BillingAccountProfile:BillingAddressState</inputFieldName>
        <inputObjectQuerySequence>0.0</inputObjectQuerySequence>
        <linkedObjectSequence>0.0</linkedObjectSequence>
        <name>VPL-UpdateBillingAccountProfileDetails</name>
        <outputCreationSequence>1.0</outputCreationSequence>
        <outputFieldName>BillingState</outputFieldName>
        <outputObjectName>Account</outputObjectName>
        <requiredForUpsert>false</requiredForUpsert>
        <upsertKey>false</upsertKey>
    </omniDataTransformItem>
    <omniDataTransformItem>
        <disabled>false</disabled>
        <filterGroup>0.0</filterGroup>
        <globalKey>VPL-UpdateBillingAccountProfileDetailsCustom8358</globalKey>
        <inputFieldName>BillingAccountProfile:BillingAddressStreet</inputFieldName>
        <inputObjectQuerySequence>0.0</inputObjectQuerySequence>
        <linkedObjectSequence>0.0</linkedObjectSequence>
        <name>VPL-UpdateBillingAccountProfileDetails</name>
        <outputCreationSequence>1.0</outputCreationSequence>
        <outputFieldName>BillingStreet</outputFieldName>
        <outputObjectName>Account</outputObjectName>
        <requiredForUpsert>false</requiredForUpsert>
        <upsertKey>false</upsertKey>
    </omniDataTransformItem>
    <outputType>SObject</outputType>
    <previewJsonData>{
  &quot;AccountId&quot; : &quot;0013h00000JUCx2AAH&quot;,
  &quot;AccountName&quot; : &quot;Octopus Energy - Billing&quot;,
  &quot;BillingAccountProfile&quot; : {
    &quot;BillCycle&quot; : &quot;3&quot;,
    &quot;BillDeliveryMethod&quot; : &quot;Electronic Statements Online&quot;,
    &quot;BillFormat&quot; : &quot;Detail&quot;,
    &quot;BillFrequency&quot; : &quot;Monthly&quot;,
    &quot;BillingAddress&quot; : &quot;32-Castlehill Edinburgh EH1 2NG scotland United Kingdom&quot;,
    &quot;BillingAddressCity&quot; : &quot;Edinburgh&quot;,
    &quot;BillingAddressCountry&quot; : &quot;United Kingdom&quot;,
    &quot;BillingAddressState&quot; : &quot;scotland&quot;,
    &quot;BillingAddressStreet&quot; : &quot;32-Castlehill&quot;,
    &quot;BillingEmailAddress&quot; : &quot;jack@headoffice.com&quot;,
    &quot;BillingPostalCode&quot; : &quot;EH1 2NG&quot;,
    &quot;NumBillCopies&quot; : 9
  },
  &quot;BillingProfileDetails&quot; : {
    &quot;BillingAccountProfile&quot; : {
      &quot;AccountId&quot; : &quot;0013h00000JUCx2AAH&quot;,
      &quot;AccountName&quot; : &quot;Octopus Energy - Billing&quot;,
      &quot;AccountNumber&quot; : &quot;2334455&quot;,
      &quot;BillCycle&quot; : &quot;3&quot;,
      &quot;BillDeliveryMethod&quot; : &quot;Electronic Statements Online&quot;,
      &quot;BillFormat&quot; : &quot;Detail&quot;,
      &quot;BillFrequency&quot; : &quot;Monthly&quot;,
      &quot;BillNumberCopies&quot; : 9,
      &quot;BillingAddressCity&quot; : &quot;Edinburgh&quot;,
      &quot;BillingAddressCountry&quot; : &quot;United Kingdom&quot;,
      &quot;BillingAddressPostalCode&quot; : &quot;EH1 2NG&quot;,
      &quot;BillingAddressState&quot; : &quot;scotland&quot;,
      &quot;BillingAddressStreet&quot; : &quot;32-Castlehill&quot;,
      &quot;BillingEmailAddress&quot; : &quot;jack@headoffice.com&quot;
    },
    &quot;TaxDetails&quot; : {
      &quot;TaxExcemptionEndDate&quot; : &quot;&quot;,
      &quot;TaxExcemptionPercentage&quot; : 20,
      &quot;TaxExcemptionStartDate&quot; : &quot;&quot;,
      &quot;TaxExcemptionType&quot; : &quot;Exempt&quot;,
      &quot;TaxId&quot; : &quot;98-7789987&quot;
    }
  },
  &quot;ContextId&quot; : &quot;a1S3h000000FzzhEAC&quot;,
  &quot;OmniscriptType&quot; : &quot;UpdateBillingProfile&quot;,
  &quot;SuccessStep&quot; : null,
  &quot;TaxDetails&quot; : {
    &quot;CalculateOptionalStartEndDate&quot; : false,
    &quot;RequiredMessage&quot; : true,
    &quot;TaxExcemptionEndDate&quot; : &quot;09/26/2020&quot;,
    &quot;TaxExcemptionPercentage&quot; : 20,
    &quot;TaxExcemptionStartDate&quot; : &quot;09/24/2020&quot;,
    &quot;TaxExemptionType&quot; : &quot;Exempt&quot;,
    &quot;TaxIDValidation&quot; : false,
    &quot;TaxIDValidationMessage&quot; : true,
    &quot;TaxId&quot; : &quot;98-7789987&quot;
  },
  &quot;timeStamp&quot; : &quot;2020-09-22T09:26:46.763Z&quot;,
  &quot;userCurrencyCode&quot; : &quot;USD&quot;,
  &quot;userId&quot; : &quot;0053h000002wdeWAAQ&quot;,
  &quot;userName&quot; : &quot;schowdhury@vlocity.com.qa&quot;,
  &quot;userProfile&quot; : &quot;System Administrator&quot;,
  &quot;userTimeZone&quot; : &quot;-420&quot;
}</previewJsonData>
    <processSuperBulk>false</processSuperBulk>
    <responseCacheTtlMinutes>0.0</responseCacheTtlMinutes>
    <rollbackOnError>false</rollbackOnError>
    <sourceObject>json</sourceObject>
    <sourceObjectDefault>false</sourceObjectDefault>
    <synchronousProcessThreshold>-1.0</synchronousProcessThreshold>
    <type>Load</type>
    <uniqueName>VPLUpdateBillingAccountProfileDetails_1</uniqueName>
    <versionNumber>1.0</versionNumber>
    <xmlDeclarationRemoved>false</xmlDeclarationRemoved>
</OmniDataTransform>
