<?xml version="1.0" encoding="UTF-8"?>
<OmniDataTransform xmlns="http://soap.sforce.com/2006/04/metadata">
    <active>false</active>
    <assignmentRulesUsed>false</assignmentRulesUsed>
    <deletedOnSuccess>false</deletedOnSuccess>
    <description>Updates the Service Point status, used in Move in omniscript</description>
    <errorIgnored>false</errorIgnored>
    <expectedInputJson>{
  &quot;AvailableProductMaxRowSelection&quot; : &quot;Multiple&quot;,
  &quot;AvialbleProductsColumns&quot; : [ {
    &quot;fieldName&quot; : &quot;ProdName&quot;,
    &quot;label&quot; : &quot;Product Name&quot;
  }, {
    &quot;fieldName&quot; : &quot;ProdFamily&quot;,
    &quot;label&quot; : &quot;Product Family&quot;
  }, {
    &quot;fieldName&quot; : &quot;ProdCategory&quot;,
    &quot;label&quot; : &quot;Service Type&quot;
  }, {
    &quot;fieldName&quot; : &quot;ProdDescription&quot;,
    &quot;label&quot; : &quot;Description&quot;
  } ],
  &quot;BillingAccountId&quot; : &quot;0013h00000JOFrxAAH&quot;,
  &quot;BillingAccountRecTypeId&quot; : &quot;0123h000000jV4IAAU&quot;,
  &quot;BillingAccountRecordType&quot; : &quot;Billing&quot;,
  &quot;BillingPreferences&quot; : {
    &quot;APaymentType&quot; : &quot;Postpaid&quot;,
    &quot;AutoPay&quot; : &quot;No&quot;,
    &quot;BillNotification&quot; : &quot;No&quot;,
    &quot;MailingAddres&quot; : null,
    &quot;MailingAddresss&quot; : null,
    &quot;MailingCity&quot; : null,
    &quot;MailingCountry&quot; : null,
    &quot;MailingState&quot; : null,
    &quot;MailingStreet&quot; : null,
    &quot;MailingZipCode&quot; : null,
    &quot;OffersPromotions&quot; : &quot;Yes&quot;,
    &quot;OutageNotification&quot; : &quot;Yes&quot;,
    &quot;PaymentNotification&quot; : &quot;Yes&quot;,
    &quot;WorkOrderNotification&quot; : &quot;Yes&quot;
  },
  &quot;BusinessAccountId&quot; : &quot;0013h00000JOFrsAAH&quot;,
  &quot;BusinessAccountRecTypeId&quot; : &quot;0123h000000jV4HAAU&quot;,
  &quot;BusinessAccountRecordType&quot; : &quot;Business&quot;,
  &quot;Confirmation&quot; : null,
  &quot;CustomerName&quot; : &quot;MAcky Morris&quot;,
  &quot;CustomerName_Fml1&quot; : &quot;MAcky Morris&quot;,
  &quot;CustomerName_Fml2&quot; : &quot; &quot;,
  &quot;CustomerSelection&quot; : {
    &quot;AccountType&quot; : &quot;Business&quot;,
    &quot;BillingDetails&quot; : { },
    &quot;ConNameError&quot; : null,
    &quot;ExistingAccount-Block&quot; : null,
    &quot;GetCustomer-Block&quot; : null,
    &quot;MoveInDate&quot; : &quot;2020-09-01T18:30:00.000Z&quot;,
    &quot;MoveInDateFormula&quot; : true,
    &quot;MoveInMessage&quot; : true,
    &quot;MsgInvalidExistingAccount&quot; : null,
    &quot;MsgInvalidParentAccount&quot; : true,
    &quot;NewAccountNeeded&quot; : null,
    &quot;NewCustomer&quot; : &quot;Yes&quot;,
    &quot;NewCustomerDetails&quot; : {
      &quot;BusinessAccountName&quot; : &quot;Macky morris&quot;,
      &quot;CustomerDOB&quot; : &quot;08/05/2020&quot;,
      &quot;CustomerEmail&quot; : &quot;test@tt.co&quot;,
      &quot;CustomerFirstName&quot; : &quot;MAcky&quot;,
      &quot;CustomerLastName&quot; : &quot;Morris&quot;,
      &quot;CustomerPhone&quot; : &quot;0767887878&quot;,
      &quot;DOBFormula&quot; : true,
      &quot;DOBMsg&quot; : true,
      &quot;DriverLicense&quot; : null,
      &quot;IdentificationType&quot; : &quot;SSN&quot;,
      &quot;SSN&quot; : &quot;213123123&quot;,
      &quot;TaxId&quot; : null
    },
    &quot;ParentAccount-Block&quot; : {
      &quot;ParentAccount&quot; : &quot;Daren drools&quot;,
      &quot;ParentAccountId&quot; : &quot;0013h00000JOCjuAAH&quot;,
      &quot;ParentAccountName&quot; : &quot;Daren drools&quot;
    },
    &quot;TaxDetails&quot; : {
      &quot;ExemptionEndDate&quot; : null,
      &quot;ExemptionPercentage&quot; : null,
      &quot;ExemptionStartDate&quot; : null
    }
  },
  &quot;DRId_Account&quot; : &quot;0013h00000JOFs7AAH&quot;,
  &quot;DRId_Contact&quot; : &quot;0033h00000DWfYLAA1&quot;,
  &quot;Error&quot; : { },
  &quot;IntegrationType&quot; : &quot;JSON&quot;,
  &quot;MuleCloseDate&quot; : &quot;2020-9-1&quot;,
  &quot;MuleMoveInDate&quot; : &quot;2020-9-2&quot;,
  &quot;NewAccountName&quot; : &quot;MAcky Morris&quot;,
  &quot;OmniscriptType&quot; : &quot;Move_In&quot;,
  &quot;PreConfirm&quot; : {
    &quot;Confirm&quot; : &quot;Yes&quot;
  },
  &quot;PremiseServicePointsListReadOnlyColumns&quot; : [ {
    &quot;fieldName&quot; : &quot;ServicePointName&quot;,
    &quot;label&quot; : &quot;Service Point Name&quot;
  }, {
    &quot;fieldName&quot; : &quot;ServiceType&quot;,
    &quot;label&quot; : &quot;Service Type&quot;
  } ],
  &quot;ProductListReadOnlyColumns&quot; : [ {
    &quot;fieldName&quot; : &quot;ServicePointName&quot;,
    &quot;label&quot; : &quot;Service Point Name&quot;
  }, {
    &quot;fieldName&quot; : &quot;ProdCategory&quot;,
    &quot;label&quot; : &quot;Service Type&quot;
  }, {
    &quot;fieldName&quot; : &quot;ProdName&quot;,
    &quot;label&quot; : &quot;Product Name&quot;
  }, {
    &quot;fieldName&quot; : &quot;ProdDescription&quot;,
    &quot;label&quot; : &quot;Description&quot;
  } ],
  &quot;Products&quot; : {
    &quot;ElectricityProduct&quot; : [ {
      &quot;Id&quot; : &quot;01t3h000001Ck7WAAS&quot;,
      &quot;Name&quot; : &quot;Day/Night Tariff&quot;,
      &quot;ProductCode&quot; : &quot;001&quot;
    }, {
      &quot;Id&quot; : &quot;01t3h000001Ck7gAAC&quot;,
      &quot;Name&quot; : &quot;Night Display Tariff&quot;,
      &quot;ProductCode&quot; : &quot;003&quot;
    }, {
      &quot;Id&quot; : &quot;01t3h000001Ck7bAAC&quot;,
      &quot;Name&quot; : &quot;High Voltage Tariff&quot;,
      &quot;ProductCode&quot; : &quot;002&quot;
    } ],
    &quot;GasProduct&quot; : [ {
      &quot;Id&quot; : &quot;01t3h000001Ck7lAAC&quot;,
      &quot;Name&quot; : &quot;Turn Off Order&quot;,
      &quot;ProductCode&quot; : &quot;004&quot;
    }, {
      &quot;Id&quot; : &quot;01t3h000001Ck7qAAC&quot;,
      &quot;Name&quot; : &quot;Regulated Gas Rate&quot;,
      &quot;ProductCode&quot; : &quot;REG-GAS-1&quot;
    } ],
    &quot;WaterProduct&quot; : [ {
      &quot;Id&quot; : &quot;01t3h000001Ck7vAAC&quot;,
      &quot;Name&quot; : &quot;Water&quot;,
      &quot;ProductCode&quot; : &quot;water&quot;
    } ]
  },
  &quot;RecordType&quot; : [ {
    &quot;Id&quot; : &quot;0123h000000jV4JAAU&quot;,
    &quot;Name&quot; : &quot;Service&quot;
  } ],
  &quot;SObjectName&quot; : &quot;Account&quot;,
  &quot;SelectPremises&quot; : {
    &quot;NewAccountPremises&quot; : null,
    &quot;PremiseError&quot; : null,
    &quot;ServiceLocation-Block&quot; : {
      &quot;PremCity&quot; : &quot;Kolkata&quot;,
      &quot;PremCountry&quot; : &quot;India&quot;,
      &quot;PremId&quot; : &quot;a3X3h0000006OviEAE&quot;,
      &quot;PremPostalCode&quot; : &quot;700059&quot;,
      &quot;PremState&quot; : &quot;West Bengal&quot;,
      &quot;PremiseName&quot; : &quot;Coventry premise&quot;,
      &quot;PremiseStreetAddress&quot; : &quot;Akshara Lotus Garden Coevtry&quot;,
      &quot;ServiceLocation&quot; : &quot;Coventry premise&quot;
    }
  },
  &quot;SelectService&quot; : [ {
    &quot;InventoryItemId&quot; : &quot;a2O3h000000hrDaEAI&quot;,
    &quot;PremiseAddress&quot; : &quot;Coventry premise&quot;,
    &quot;Premises&quot; : &quot;a3X3h0000006OviEAE&quot;,
    &quot;PremisesId&quot; : &quot;a3X3h0000006OviEAE&quot;,
    &quot;ServicePointId&quot; : &quot;a4P3h00000059wGEAQ&quot;,
    &quot;ServicePointName&quot; : &quot;Coventry Electricity&quot;,
    &quot;ServiceType&quot; : &quot;Electricity&quot;,
    &quot;Status&quot; : &quot;Connected&quot;
  }, {
    &quot;InventoryItemId&quot; : &quot;a2O3h000000hrDVEAY&quot;,
    &quot;PremiseAddress&quot; : &quot;Coventry premise&quot;,
    &quot;Premises&quot; : &quot;a3X3h0000006OviEAE&quot;,
    &quot;PremisesId&quot; : &quot;a3X3h0000006OviEAE&quot;,
    &quot;ServicePointId&quot; : &quot;a4P3h00000059wGEAQ&quot;,
    &quot;ServicePointName&quot; : &quot;Coventry Electricity&quot;,
    &quot;ServiceType&quot; : &quot;Electricity&quot;,
    &quot;Status&quot; : &quot;Connected&quot;
  }, {
    &quot;InventoryItemId&quot; : &quot;a2O3h000000hrDQEAY&quot;,
    &quot;PremiseAddress&quot; : &quot;Coventry premise&quot;,
    &quot;Premises&quot; : &quot;a3X3h0000006OviEAE&quot;,
    &quot;PremisesId&quot; : &quot;a3X3h0000006OviEAE&quot;,
    &quot;ServicePointId&quot; : &quot;a4P3h00000059wGEAQ&quot;,
    &quot;ServicePointName&quot; : &quot;Coventry Electricity&quot;,
    &quot;ServiceType&quot; : &quot;Electricity&quot;,
    &quot;Status&quot; : &quot;Connected&quot;
  }, {
    &quot;InventoryItemId&quot; : &quot;a2O3h000000hrDaEAI&quot;,
    &quot;PremiseAddress&quot; : &quot;Coventry premise&quot;,
    &quot;Premises&quot; : &quot;a3X3h0000006OviEAE&quot;,
    &quot;PremisesId&quot; : &quot;a3X3h0000006OviEAE&quot;,
    &quot;ServicePointId&quot; : &quot;a4P3h00000059wHEAQ&quot;,
    &quot;ServicePointName&quot; : &quot;Coventry Water&quot;,
    &quot;ServiceType&quot; : &quot;Water&quot;,
    &quot;Status&quot; : &quot;Connected&quot;
  }, {
    &quot;InventoryItemId&quot; : &quot;a2O3h000000hrDVEAY&quot;,
    &quot;PremiseAddress&quot; : &quot;Coventry premise&quot;,
    &quot;Premises&quot; : &quot;a3X3h0000006OviEAE&quot;,
    &quot;PremisesId&quot; : &quot;a3X3h0000006OviEAE&quot;,
    &quot;ServicePointId&quot; : &quot;a4P3h00000059wHEAQ&quot;,
    &quot;ServicePointName&quot; : &quot;Coventry Water&quot;,
    &quot;ServiceType&quot; : &quot;Water&quot;,
    &quot;Status&quot; : &quot;Connected&quot;
  }, {
    &quot;InventoryItemId&quot; : &quot;a2O3h000000hrDQEAY&quot;,
    &quot;PremiseAddress&quot; : &quot;Coventry premise&quot;,
    &quot;Premises&quot; : &quot;a3X3h0000006OviEAE&quot;,
    &quot;PremisesId&quot; : &quot;a3X3h0000006OviEAE&quot;,
    &quot;ServicePointId&quot; : &quot;a4P3h00000059wHEAQ&quot;,
    &quot;ServicePointName&quot; : &quot;Coventry Water&quot;,
    &quot;ServiceType&quot; : &quot;Water&quot;,
    &quot;Status&quot; : &quot;Connected&quot;
  }, {
    &quot;InventoryItemId&quot; : &quot;a2O3h000000hrDaEAI&quot;,
    &quot;PremiseAddress&quot; : &quot;Coventry premise&quot;,
    &quot;Premises&quot; : &quot;a3X3h0000006OviEAE&quot;,
    &quot;PremisesId&quot; : &quot;a3X3h0000006OviEAE&quot;,
    &quot;ServicePointId&quot; : &quot;a4P3h00000059waEAA&quot;,
    &quot;ServicePointName&quot; : &quot;Coventry Gas&quot;,
    &quot;ServiceType&quot; : &quot;Gas&quot;,
    &quot;Status&quot; : &quot;Connected&quot;
  }, {
    &quot;InventoryItemId&quot; : &quot;a2O3h000000hrDVEAY&quot;,
    &quot;PremiseAddress&quot; : &quot;Coventry premise&quot;,
    &quot;Premises&quot; : &quot;a3X3h0000006OviEAE&quot;,
    &quot;PremisesId&quot; : &quot;a3X3h0000006OviEAE&quot;,
    &quot;ServicePointId&quot; : &quot;a4P3h00000059waEAA&quot;,
    &quot;ServicePointName&quot; : &quot;Coventry Gas&quot;,
    &quot;ServiceType&quot; : &quot;Gas&quot;,
    &quot;Status&quot; : &quot;Connected&quot;
  }, {
    &quot;InventoryItemId&quot; : &quot;a2O3h000000hrDQEAY&quot;,
    &quot;PremiseAddress&quot; : &quot;Coventry premise&quot;,
    &quot;Premises&quot; : &quot;a3X3h0000006OviEAE&quot;,
    &quot;PremisesId&quot; : &quot;a3X3h0000006OviEAE&quot;,
    &quot;ServicePointId&quot; : &quot;a4P3h00000059waEAA&quot;,
    &quot;ServicePointName&quot; : &quot;Coventry Gas&quot;,
    &quot;ServiceType&quot; : &quot;Gas&quot;,
    &quot;Status&quot; : &quot;Connected&quot;
  } ],
  &quot;SelectServicePoints&quot; : [ {
    &quot;InventoryItemId&quot; : &quot;a2O3h000000hrDaEAI&quot;,
    &quot;PremiseAddress&quot; : &quot;Coventry premise&quot;,
    &quot;Premises&quot; : &quot;a3X3h0000006OviEAE&quot;,
    &quot;PremisesId&quot; : &quot;a3X3h0000006OviEAE&quot;,
    &quot;ServicePointId&quot; : &quot;a4P3h00000059wGEAQ&quot;,
    &quot;ServicePointName&quot; : &quot;Coventry Electricity&quot;,
    &quot;ServiceType&quot; : &quot;Electricity&quot;,
    &quot;Status&quot; : &quot;Connected&quot;
  }, {
    &quot;InventoryItemId&quot; : &quot;a2O3h000000hrDVEAY&quot;,
    &quot;PremiseAddress&quot; : &quot;Coventry premise&quot;,
    &quot;Premises&quot; : &quot;a3X3h0000006OviEAE&quot;,
    &quot;PremisesId&quot; : &quot;a3X3h0000006OviEAE&quot;,
    &quot;ServicePointId&quot; : &quot;a4P3h00000059wGEAQ&quot;,
    &quot;ServicePointName&quot; : &quot;Coventry Electricity&quot;,
    &quot;ServiceType&quot; : &quot;Electricity&quot;,
    &quot;Status&quot; : &quot;Connected&quot;
  }, {
    &quot;InventoryItemId&quot; : &quot;a2O3h000000hrDQEAY&quot;,
    &quot;PremiseAddress&quot; : &quot;Coventry premise&quot;,
    &quot;Premises&quot; : &quot;a3X3h0000006OviEAE&quot;,
    &quot;PremisesId&quot; : &quot;a3X3h0000006OviEAE&quot;,
    &quot;ServicePointId&quot; : &quot;a4P3h00000059wGEAQ&quot;,
    &quot;ServicePointName&quot; : &quot;Coventry Electricity&quot;,
    &quot;ServiceType&quot; : &quot;Electricity&quot;,
    &quot;Status&quot; : &quot;Connected&quot;
  }, {
    &quot;InventoryItemId&quot; : &quot;a2O3h000000hrDaEAI&quot;,
    &quot;PremiseAddress&quot; : &quot;Coventry premise&quot;,
    &quot;Premises&quot; : &quot;a3X3h0000006OviEAE&quot;,
    &quot;PremisesId&quot; : &quot;a3X3h0000006OviEAE&quot;,
    &quot;ServicePointId&quot; : &quot;a4P3h00000059wHEAQ&quot;,
    &quot;ServicePointName&quot; : &quot;Coventry Water&quot;,
    &quot;ServiceType&quot; : &quot;Water&quot;,
    &quot;Status&quot; : &quot;Connected&quot;
  }, {
    &quot;InventoryItemId&quot; : &quot;a2O3h000000hrDVEAY&quot;,
    &quot;PremiseAddress&quot; : &quot;Coventry premise&quot;,
    &quot;Premises&quot; : &quot;a3X3h0000006OviEAE&quot;,
    &quot;PremisesId&quot; : &quot;a3X3h0000006OviEAE&quot;,
    &quot;ServicePointId&quot; : &quot;a4P3h00000059wHEAQ&quot;,
    &quot;ServicePointName&quot; : &quot;Coventry Water&quot;,
    &quot;ServiceType&quot; : &quot;Water&quot;,
    &quot;Status&quot; : &quot;Connected&quot;
  }, {
    &quot;InventoryItemId&quot; : &quot;a2O3h000000hrDQEAY&quot;,
    &quot;PremiseAddress&quot; : &quot;Coventry premise&quot;,
    &quot;Premises&quot; : &quot;a3X3h0000006OviEAE&quot;,
    &quot;PremisesId&quot; : &quot;a3X3h0000006OviEAE&quot;,
    &quot;ServicePointId&quot; : &quot;a4P3h00000059wHEAQ&quot;,
    &quot;ServicePointName&quot; : &quot;Coventry Water&quot;,
    &quot;ServiceType&quot; : &quot;Water&quot;,
    &quot;Status&quot; : &quot;Connected&quot;
  }, {
    &quot;InventoryItemId&quot; : &quot;a2O3h000000hrDaEAI&quot;,
    &quot;PremiseAddress&quot; : &quot;Coventry premise&quot;,
    &quot;Premises&quot; : &quot;a3X3h0000006OviEAE&quot;,
    &quot;PremisesId&quot; : &quot;a3X3h0000006OviEAE&quot;,
    &quot;ServicePointId&quot; : &quot;a4P3h00000059waEAA&quot;,
    &quot;ServicePointName&quot; : &quot;Coventry Gas&quot;,
    &quot;ServiceType&quot; : &quot;Gas&quot;,
    &quot;Status&quot; : &quot;Connected&quot;
  }, {
    &quot;InventoryItemId&quot; : &quot;a2O3h000000hrDVEAY&quot;,
    &quot;PremiseAddress&quot; : &quot;Coventry premise&quot;,
    &quot;Premises&quot; : &quot;a3X3h0000006OviEAE&quot;,
    &quot;PremisesId&quot; : &quot;a3X3h0000006OviEAE&quot;,
    &quot;ServicePointId&quot; : &quot;a4P3h00000059waEAA&quot;,
    &quot;ServicePointName&quot; : &quot;Coventry Gas&quot;,
    &quot;ServiceType&quot; : &quot;Gas&quot;,
    &quot;Status&quot; : &quot;Connected&quot;
  }, {
    &quot;InventoryItemId&quot; : &quot;a2O3h000000hrDQEAY&quot;,
    &quot;PremiseAddress&quot; : &quot;Coventry premise&quot;,
    &quot;Premises&quot; : &quot;a3X3h0000006OviEAE&quot;,
    &quot;PremisesId&quot; : &quot;a3X3h0000006OviEAE&quot;,
    &quot;ServicePointId&quot; : &quot;a4P3h00000059waEAA&quot;,
    &quot;ServicePointName&quot; : &quot;Coventry Gas&quot;,
    &quot;ServiceType&quot; : &quot;Gas&quot;,
    &quot;Status&quot; : &quot;Connected&quot;
  } ],
  &quot;SelectTypeofService&quot; : {
    &quot;SelectServicePoint&quot; : null,
    &quot;SelectServicePoints&quot; : [ {
      &quot;InventoryItemId&quot; : &quot;a2O3h000000hrDaEAI&quot;,
      &quot;PremiseAddress&quot; : &quot;Coventry premise&quot;,
      &quot;Premises&quot; : &quot;a3X3h0000006OviEAE&quot;,
      &quot;PremisesId&quot; : &quot;a3X3h0000006OviEAE&quot;,
      &quot;ProductId&quot; : &quot;01t3h000001Ck7gAAC&quot;,
      &quot;ServicePointId&quot; : &quot;a4P3h00000059wGEAQ&quot;,
      &quot;ServicePointName&quot; : &quot;Coventry Electricity&quot;,
      &quot;ServiceType&quot; : &quot;Electricity&quot;,
      &quot;Status&quot; : &quot;Connected&quot;,
      &quot;originalIndex&quot; : &quot;0&quot;
    }, {
      &quot;InventoryItemId&quot; : &quot;a2O3h000000hrDVEAY&quot;,
      &quot;PremiseAddress&quot; : &quot;Coventry premise&quot;,
      &quot;Premises&quot; : &quot;a3X3h0000006OviEAE&quot;,
      &quot;PremisesId&quot; : &quot;a3X3h0000006OviEAE&quot;,
      &quot;ProductId&quot; : &quot;01t3h000001Ck7bAAC&quot;,
      &quot;ServicePointId&quot; : &quot;a4P3h00000059wGEAQ&quot;,
      &quot;ServicePointName&quot; : &quot;Coventry Electricity&quot;,
      &quot;ServiceType&quot; : &quot;Electricity&quot;,
      &quot;Status&quot; : &quot;Connected&quot;,
      &quot;originalIndex&quot; : &quot;1&quot;
    }, {
      &quot;InventoryItemId&quot; : &quot;a2O3h000000hrDaEAI&quot;,
      &quot;PremiseAddress&quot; : &quot;Coventry premise&quot;,
      &quot;Premises&quot; : &quot;a3X3h0000006OviEAE&quot;,
      &quot;PremisesId&quot; : &quot;a3X3h0000006OviEAE&quot;,
      &quot;ProductId&quot; : &quot;01t3h000001Ck7vAAC&quot;,
      &quot;ServicePointId&quot; : &quot;a4P3h00000059wHEAQ&quot;,
      &quot;ServicePointName&quot; : &quot;Coventry Water&quot;,
      &quot;ServiceType&quot; : &quot;Water&quot;,
      &quot;Status&quot; : &quot;Connected&quot;,
      &quot;originalIndex&quot; : &quot;3&quot;
    }, {
      &quot;InventoryItemId&quot; : &quot;a2O3h000000hrDaEAI&quot;,
      &quot;PremiseAddress&quot; : &quot;Coventry premise&quot;,
      &quot;Premises&quot; : &quot;a3X3h0000006OviEAE&quot;,
      &quot;PremisesId&quot; : &quot;a3X3h0000006OviEAE&quot;,
      &quot;ProductId&quot; : &quot;01t3h000001Ck7lAAC&quot;,
      &quot;ServicePointId&quot; : &quot;a4P3h00000059waEAA&quot;,
      &quot;ServicePointName&quot; : &quot;Coventry Gas&quot;,
      &quot;ServiceType&quot; : &quot;Gas&quot;,
      &quot;Status&quot; : &quot;Connected&quot;,
      &quot;originalIndex&quot; : &quot;6&quot;
    } ],
    &quot;ServicePointsFormula&quot; : 4
  },
  &quot;SelectedPremises&quot; : &quot;a3X3h0000006OviEAE&quot;,
  &quot;SelectedServices&quot; : [ {
    &quot;InventoryItemId&quot; : &quot;a2O3h000000hrDaEAI&quot;,
    &quot;PremiseAddress&quot; : &quot;Coventry premise&quot;,
    &quot;Premises&quot; : &quot;a3X3h0000006OviEAE&quot;,
    &quot;PremisesId&quot; : &quot;a3X3h0000006OviEAE&quot;,
    &quot;ProductId&quot; : &quot;01t3h000001Ck7gAAC&quot;,
    &quot;ServicePointId&quot; : &quot;a4P3h00000059wGEAQ&quot;,
    &quot;ServicePointName&quot; : &quot;Coventry Electricity&quot;,
    &quot;ServiceType&quot; : &quot;Electricity&quot;,
    &quot;Status&quot; : &quot;Connected&quot;,
    &quot;originalIndex&quot; : &quot;0&quot;
  }, {
    &quot;InventoryItemId&quot; : &quot;a2O3h000000hrDVEAY&quot;,
    &quot;PremiseAddress&quot; : &quot;Coventry premise&quot;,
    &quot;Premises&quot; : &quot;a3X3h0000006OviEAE&quot;,
    &quot;PremisesId&quot; : &quot;a3X3h0000006OviEAE&quot;,
    &quot;ProductId&quot; : &quot;01t3h000001Ck7bAAC&quot;,
    &quot;ServicePointId&quot; : &quot;a4P3h00000059wGEAQ&quot;,
    &quot;ServicePointName&quot; : &quot;Coventry Electricity&quot;,
    &quot;ServiceType&quot; : &quot;Electricity&quot;,
    &quot;Status&quot; : &quot;Connected&quot;,
    &quot;originalIndex&quot; : &quot;1&quot;
  }, {
    &quot;InventoryItemId&quot; : &quot;a2O3h000000hrDaEAI&quot;,
    &quot;PremiseAddress&quot; : &quot;Coventry premise&quot;,
    &quot;Premises&quot; : &quot;a3X3h0000006OviEAE&quot;,
    &quot;PremisesId&quot; : &quot;a3X3h0000006OviEAE&quot;,
    &quot;ProductId&quot; : &quot;01t3h000001Ck7vAAC&quot;,
    &quot;ServicePointId&quot; : &quot;a4P3h00000059wHEAQ&quot;,
    &quot;ServicePointName&quot; : &quot;Coventry Water&quot;,
    &quot;ServiceType&quot; : &quot;Water&quot;,
    &quot;Status&quot; : &quot;Connected&quot;,
    &quot;originalIndex&quot; : &quot;3&quot;
  }, {
    &quot;InventoryItemId&quot; : &quot;a2O3h000000hrDaEAI&quot;,
    &quot;PremiseAddress&quot; : &quot;Coventry premise&quot;,
    &quot;Premises&quot; : &quot;a3X3h0000006OviEAE&quot;,
    &quot;PremisesId&quot; : &quot;a3X3h0000006OviEAE&quot;,
    &quot;ProductId&quot; : &quot;01t3h000001Ck7lAAC&quot;,
    &quot;ServicePointId&quot; : &quot;a4P3h00000059waEAA&quot;,
    &quot;ServicePointName&quot; : &quot;Coventry Gas&quot;,
    &quot;ServiceType&quot; : &quot;Gas&quot;,
    &quot;Status&quot; : &quot;Connected&quot;,
    &quot;originalIndex&quot; : &quot;6&quot;
  } ],
  &quot;SelectedServices1&quot; : [ {
    &quot;InventoryItemId&quot; : &quot;a2O3h000000hrDaEAI&quot;,
    &quot;PremiseAddress&quot; : &quot;Coventry premise&quot;,
    &quot;Premises&quot; : &quot;a3X3h0000006OviEAE&quot;,
    &quot;PremisesId&quot; : &quot;a3X3h0000006OviEAE&quot;,
    &quot;ProductId&quot; : &quot;01t3h000001Ck7gAAC&quot;,
    &quot;ServicePointId&quot; : &quot;a4P3h00000059wGEAQ&quot;,
    &quot;ServicePointName&quot; : &quot;Coventry Electricity&quot;,
    &quot;ServiceType&quot; : &quot;Electricity&quot;,
    &quot;Status&quot; : &quot;Connected&quot;,
    &quot;originalIndex&quot; : &quot;0&quot;
  }, {
    &quot;InventoryItemId&quot; : &quot;a2O3h000000hrDVEAY&quot;,
    &quot;PremiseAddress&quot; : &quot;Coventry premise&quot;,
    &quot;Premises&quot; : &quot;a3X3h0000006OviEAE&quot;,
    &quot;PremisesId&quot; : &quot;a3X3h0000006OviEAE&quot;,
    &quot;ProductId&quot; : &quot;01t3h000001Ck7bAAC&quot;,
    &quot;ServicePointId&quot; : &quot;a4P3h00000059wGEAQ&quot;,
    &quot;ServicePointName&quot; : &quot;Coventry Electricity&quot;,
    &quot;ServiceType&quot; : &quot;Electricity&quot;,
    &quot;Status&quot; : &quot;Connected&quot;,
    &quot;originalIndex&quot; : &quot;1&quot;
  }, {
    &quot;InventoryItemId&quot; : &quot;a2O3h000000hrDaEAI&quot;,
    &quot;PremiseAddress&quot; : &quot;Coventry premise&quot;,
    &quot;Premises&quot; : &quot;a3X3h0000006OviEAE&quot;,
    &quot;PremisesId&quot; : &quot;a3X3h0000006OviEAE&quot;,
    &quot;ProductId&quot; : &quot;01t3h000001Ck7vAAC&quot;,
    &quot;ServicePointId&quot; : &quot;a4P3h00000059wHEAQ&quot;,
    &quot;ServicePointName&quot; : &quot;Coventry Water&quot;,
    &quot;ServiceType&quot; : &quot;Water&quot;,
    &quot;Status&quot; : &quot;Connected&quot;,
    &quot;originalIndex&quot; : &quot;3&quot;
  }, {
    &quot;InventoryItemId&quot; : &quot;a2O3h000000hrDaEAI&quot;,
    &quot;PremiseAddress&quot; : &quot;Coventry premise&quot;,
    &quot;Premises&quot; : &quot;a3X3h0000006OviEAE&quot;,
    &quot;PremisesId&quot; : &quot;a3X3h0000006OviEAE&quot;,
    &quot;ProductId&quot; : &quot;01t3h000001Ck7lAAC&quot;,
    &quot;ServicePointId&quot; : &quot;a4P3h00000059waEAA&quot;,
    &quot;ServicePointName&quot; : &quot;Coventry Gas&quot;,
    &quot;ServiceType&quot; : &quot;Gas&quot;,
    &quot;Status&quot; : &quot;Connected&quot;,
    &quot;originalIndex&quot; : &quot;6&quot;
  } ],
  &quot;ServiceAccountId&quot; : &quot;0013h00000JOFs7AAH&quot;,
  &quot;ServiceAccountPremisesColumns&quot; : [ {
    &quot;fieldName&quot; : &quot;SrevicePremisesId&quot;,
    &quot;label&quot; : &quot;SrevicePremisesId&quot;
  }, {
    &quot;fieldName&quot; : &quot;AccountName&quot;,
    &quot;label&quot; : &quot;Account Name&quot;
  }, {
    &quot;fieldName&quot; : &quot;PremisesName&quot;,
    &quot;label&quot; : &quot;Premise Address&quot;
  } ],
  &quot;ServiceAccountPremisesMaxRowSelection&quot; : &quot;Single&quot;,
  &quot;ServiceAccountRecTypeId&quot; : &quot;0123h000000jV4JAAU&quot;,
  &quot;ServiceAccountRecordType&quot; : &quot;Service&quot;,
  &quot;ServicePointsColumns&quot; : [ {
    &quot;fieldName&quot; : &quot;ServicePointName&quot;,
    &quot;label&quot; : &quot;Service Point Name&quot;
  }, {
    &quot;fieldName&quot; : &quot;ServiceType&quot;,
    &quot;label&quot; : &quot;Service Type&quot;
  }, {
    &quot;fieldName&quot; : &quot;SelectProduct&quot;,
    &quot;label&quot; : &quot;Select Product&quot;
  } ],
  &quot;ServicePointsError&quot; : null,
  &quot;ServicePremises&quot; : null,
  &quot;ServicesChoosen&quot; : &quot;&quot;,
  &quot;timeStamp&quot; : &quot;2020-09-01T11:22:50.243Z&quot;,
  &quot;userCurrencyCode&quot; : &quot;USD&quot;,
  &quot;userId&quot; : &quot;0053h000002WfuuAAC&quot;,
  &quot;userName&quot; : &quot;express_org_sebanti@org.dev&quot;,
  &quot;userProfile&quot; : &quot;System Administrator&quot;,
  &quot;userTimeZone&quot; : &quot;-420&quot;,
  &quot;vlcTimeTracking&quot; : {
    &quot;BillingPreferences&quot; : 18900,
    &quot;ConfirmUserActionError&quot; : 24492,
    &quot;Confirmation&quot; : 0,
    &quot;CustomerSelection&quot; : 54237,
    &quot;DR-GetProducts&quot; : 1110,
    &quot;DRCreatServiceAccount&quot; : 2584,
    &quot;DRCreateBillingAccount&quot; : 1818,
    &quot;DRCreateBusinessAccount&quot; : 1814,
    &quot;DRExtractBussinessAccountRecId&quot; : 996,
    &quot;DRFetchBillingAccountRecTypeId&quot; : 1696,
    &quot;DRFetchDesiredRecordType&quot; : 983,
    &quot;DRFetchServiceAccountRecTypeId&quot; : 998,
    &quot;DRInsertContact&quot; : 1757,
    &quot;ExtractServiceAccountPremises&quot; : 0,
    &quot;GetPremServicePoints&quot; : 1324,
    &quot;OmniScriptSessionToken&quot; : &quot;e201304c-2db9-45e5-a967-89eafa3ce647&quot;,
    &quot;PreConfirm&quot; : 2844,
    &quot;SVBusinessAccountRecTypeId&quot; : 40,
    &quot;SVServiceAccountRecTypeId&quot; : 58,
    &quot;SelectPremises&quot; : 11594,
    &quot;SelectTypeofService&quot; : 26299,
    &quot;ServicePointsError&quot; : 0,
    &quot;SetBillingAccountId&quot; : 63,
    &quot;SetBusinessAccountId&quot; : 70,
    &quot;SetCustomLWCValues&quot; : 73,
    &quot;SetDefaultValues&quot; : 44,
    &quot;SetExistingCustomerDetails&quot; : 116,
    &quot;SetPremisesBusinessAccountRecTypeId&quot; : 57,
    &quot;SetServiceAccountId&quot; : 104,
    &quot;SetServicePointVal&quot; : 102,
    &quot;VIPMoveInPost&quot; : 2250
  }
}</expectedInputJson>
    <fieldLevelSecurityEnabled>false</fieldLevelSecurityEnabled>
    <inputType>JSON</inputType>
    <name>VPLUpdateServicePoints</name>
    <nullInputsIncludedInOutput>false</nullInputsIncludedInOutput>
    <omniDataTransformItem>
        <defaultValue>Connected</defaultValue>
        <disabled>false</disabled>
        <filterGroup>0.0</filterGroup>
        <globalKey>VPL-UpdateServicePointsCustom7819</globalKey>
        <inputObjectQuerySequence>0.0</inputObjectQuerySequence>
        <linkedObjectSequence>0.0</linkedObjectSequence>
        <name>VPL-UpdateServicePoints</name>
        <outputCreationSequence>1.0</outputCreationSequence>
        <outputFieldName>vlocity_cmt__Status__c</outputFieldName>
        <outputObjectName>vlocity_cmt__ServicePoint__c</outputObjectName>
        <requiredForUpsert>false</requiredForUpsert>
        <upsertKey>false</upsertKey>
    </omniDataTransformItem>
    <omniDataTransformItem>
        <disabled>false</disabled>
        <filterGroup>0.0</filterGroup>
        <globalKey>VPL-UpdateServicePointsCustom4576</globalKey>
        <inputFieldName>SelectTypeofService:SelectServicePoints:ServicePointId</inputFieldName>
        <inputObjectQuerySequence>0.0</inputObjectQuerySequence>
        <linkedObjectSequence>0.0</linkedObjectSequence>
        <name>VPL-UpdateServicePoints</name>
        <outputCreationSequence>1.0</outputCreationSequence>
        <outputFieldName>Id</outputFieldName>
        <outputObjectName>vlocity_cmt__ServicePoint__c</outputObjectName>
        <requiredForUpsert>true</requiredForUpsert>
        <upsertKey>false</upsertKey>
    </omniDataTransformItem>
    <omniDataTransformItem>
        <disabled>false</disabled>
        <filterGroup>0.0</filterGroup>
        <globalKey>VPL-UpdateServicePointsCustom3900</globalKey>
        <inputFieldName>CustomerSelection:MoveInDate</inputFieldName>
        <inputObjectQuerySequence>0.0</inputObjectQuerySequence>
        <linkedObjectSequence>0.0</linkedObjectSequence>
        <name>VPL-UpdateServicePoints</name>
        <outputCreationSequence>1.0</outputCreationSequence>
        <outputFieldName>vlocity_cmt__ActivationDate__c</outputFieldName>
        <outputObjectName>vlocity_cmt__ServicePoint__c</outputObjectName>
        <requiredForUpsert>false</requiredForUpsert>
        <upsertKey>false</upsertKey>
    </omniDataTransformItem>
    <omniDataTransformItem>
        <disabled>true</disabled>
        <filterGroup>0.0</filterGroup>
        <filterOperator>=</filterOperator>
        <globalKey>VPL-UpdateServicePointsCustom3408</globalKey>
        <inputObjectQuerySequence>0.0</inputObjectQuerySequence>
        <linkedObjectSequence>0.0</linkedObjectSequence>
        <migrationValue>FAKEMAPPING</migrationValue>
        <name>VPL-UpdateServicePoints</name>
        <outputCreationSequence>1.0</outputCreationSequence>
        <outputFieldName>Id</outputFieldName>
        <outputObjectName>vlocity_cmt__ServicePoint__c</outputObjectName>
        <requiredForUpsert>false</requiredForUpsert>
        <upsertKey>false</upsertKey>
    </omniDataTransformItem>
    <outputType>SObject</outputType>
    <previewJsonData>{
  &quot;AvailableProductMaxRowSelection&quot; : &quot;Multiple&quot;,
  &quot;AvialbleProductsColumns&quot; : [ {
    &quot;fieldName&quot; : &quot;ProdName&quot;,
    &quot;label&quot; : &quot;Product Name&quot;
  }, {
    &quot;fieldName&quot; : &quot;ProdFamily&quot;,
    &quot;label&quot; : &quot;Product Family&quot;
  }, {
    &quot;fieldName&quot; : &quot;ProdCategory&quot;,
    &quot;label&quot; : &quot;Service Type&quot;
  }, {
    &quot;fieldName&quot; : &quot;ProdDescription&quot;,
    &quot;label&quot; : &quot;Description&quot;
  } ],
  &quot;BillingAccountId&quot; : &quot;0013h00000JOFrxAAH&quot;,
  &quot;BillingAccountRecTypeId&quot; : &quot;0123h000000jV4IAAU&quot;,
  &quot;BillingAccountRecordType&quot; : &quot;Billing&quot;,
  &quot;BillingPreferences&quot; : {
    &quot;APaymentType&quot; : &quot;Postpaid&quot;,
    &quot;AutoPay&quot; : &quot;No&quot;,
    &quot;BillNotification&quot; : &quot;No&quot;,
    &quot;MailingAddres&quot; : null,
    &quot;MailingAddresss&quot; : null,
    &quot;MailingCity&quot; : null,
    &quot;MailingCountry&quot; : null,
    &quot;MailingState&quot; : null,
    &quot;MailingStreet&quot; : null,
    &quot;MailingZipCode&quot; : null,
    &quot;OffersPromotions&quot; : &quot;Yes&quot;,
    &quot;OutageNotification&quot; : &quot;Yes&quot;,
    &quot;PaymentNotification&quot; : &quot;Yes&quot;,
    &quot;WorkOrderNotification&quot; : &quot;Yes&quot;
  },
  &quot;BusinessAccountId&quot; : &quot;0013h00000JOFrsAAH&quot;,
  &quot;BusinessAccountRecTypeId&quot; : &quot;0123h000000jV4HAAU&quot;,
  &quot;BusinessAccountRecordType&quot; : &quot;Business&quot;,
  &quot;Confirmation&quot; : null,
  &quot;CustomerName&quot; : &quot;MAcky Morris&quot;,
  &quot;CustomerName_Fml1&quot; : &quot;MAcky Morris&quot;,
  &quot;CustomerName_Fml2&quot; : &quot; &quot;,
  &quot;CustomerSelection&quot; : {
    &quot;AccountType&quot; : &quot;Business&quot;,
    &quot;BillingDetails&quot; : { },
    &quot;ConNameError&quot; : null,
    &quot;ExistingAccount-Block&quot; : null,
    &quot;GetCustomer-Block&quot; : null,
    &quot;MoveInDate&quot; : &quot;2020-09-01T18:30:00.000Z&quot;,
    &quot;MoveInDateFormula&quot; : true,
    &quot;MoveInMessage&quot; : true,
    &quot;MsgInvalidExistingAccount&quot; : null,
    &quot;MsgInvalidParentAccount&quot; : true,
    &quot;NewAccountNeeded&quot; : null,
    &quot;NewCustomer&quot; : &quot;Yes&quot;,
    &quot;NewCustomerDetails&quot; : {
      &quot;BusinessAccountName&quot; : &quot;Macky morris&quot;,
      &quot;CustomerDOB&quot; : &quot;08/05/2020&quot;,
      &quot;CustomerEmail&quot; : &quot;test@tt.co&quot;,
      &quot;CustomerFirstName&quot; : &quot;MAcky&quot;,
      &quot;CustomerLastName&quot; : &quot;Morris&quot;,
      &quot;CustomerPhone&quot; : &quot;0767887878&quot;,
      &quot;DOBFormula&quot; : true,
      &quot;DOBMsg&quot; : true,
      &quot;DriverLicense&quot; : null,
      &quot;IdentificationType&quot; : &quot;SSN&quot;,
      &quot;SSN&quot; : &quot;213123123&quot;,
      &quot;TaxId&quot; : null
    },
    &quot;ParentAccount-Block&quot; : {
      &quot;ParentAccount&quot; : &quot;Daren drools&quot;,
      &quot;ParentAccountId&quot; : &quot;0013h00000JOCjuAAH&quot;,
      &quot;ParentAccountName&quot; : &quot;Daren drools&quot;
    },
    &quot;TaxDetails&quot; : {
      &quot;ExemptionEndDate&quot; : null,
      &quot;ExemptionPercentage&quot; : null,
      &quot;ExemptionStartDate&quot; : null
    }
  },
  &quot;DRId_Account&quot; : &quot;0013h00000JOFs7AAH&quot;,
  &quot;DRId_Contact&quot; : &quot;0033h00000DWfYLAA1&quot;,
  &quot;Error&quot; : { },
  &quot;IntegrationType&quot; : &quot;JSON&quot;,
  &quot;MuleCloseDate&quot; : &quot;2020-9-1&quot;,
  &quot;MuleMoveInDate&quot; : &quot;2020-9-2&quot;,
  &quot;NewAccountName&quot; : &quot;MAcky Morris&quot;,
  &quot;OmniscriptType&quot; : &quot;Move_In&quot;,
  &quot;PreConfirm&quot; : {
    &quot;Confirm&quot; : &quot;Yes&quot;
  },
  &quot;PremiseServicePointsListReadOnlyColumns&quot; : [ {
    &quot;fieldName&quot; : &quot;ServicePointName&quot;,
    &quot;label&quot; : &quot;Service Point Name&quot;
  }, {
    &quot;fieldName&quot; : &quot;ServiceType&quot;,
    &quot;label&quot; : &quot;Service Type&quot;
  } ],
  &quot;ProductListReadOnlyColumns&quot; : [ {
    &quot;fieldName&quot; : &quot;ServicePointName&quot;,
    &quot;label&quot; : &quot;Service Point Name&quot;
  }, {
    &quot;fieldName&quot; : &quot;ProdCategory&quot;,
    &quot;label&quot; : &quot;Service Type&quot;
  }, {
    &quot;fieldName&quot; : &quot;ProdName&quot;,
    &quot;label&quot; : &quot;Product Name&quot;
  }, {
    &quot;fieldName&quot; : &quot;ProdDescription&quot;,
    &quot;label&quot; : &quot;Description&quot;
  } ],
  &quot;Products&quot; : {
    &quot;ElectricityProduct&quot; : [ {
      &quot;Id&quot; : &quot;01t3h000001Ck7WAAS&quot;,
      &quot;Name&quot; : &quot;Day/Night Tariff&quot;,
      &quot;ProductCode&quot; : &quot;001&quot;
    }, {
      &quot;Id&quot; : &quot;01t3h000001Ck7gAAC&quot;,
      &quot;Name&quot; : &quot;Night Display Tariff&quot;,
      &quot;ProductCode&quot; : &quot;003&quot;
    }, {
      &quot;Id&quot; : &quot;01t3h000001Ck7bAAC&quot;,
      &quot;Name&quot; : &quot;High Voltage Tariff&quot;,
      &quot;ProductCode&quot; : &quot;002&quot;
    } ],
    &quot;GasProduct&quot; : [ {
      &quot;Id&quot; : &quot;01t3h000001Ck7lAAC&quot;,
      &quot;Name&quot; : &quot;Turn Off Order&quot;,
      &quot;ProductCode&quot; : &quot;004&quot;
    }, {
      &quot;Id&quot; : &quot;01t3h000001Ck7qAAC&quot;,
      &quot;Name&quot; : &quot;Regulated Gas Rate&quot;,
      &quot;ProductCode&quot; : &quot;REG-GAS-1&quot;
    } ],
    &quot;WaterProduct&quot; : [ {
      &quot;Id&quot; : &quot;01t3h000001Ck7vAAC&quot;,
      &quot;Name&quot; : &quot;Water&quot;,
      &quot;ProductCode&quot; : &quot;water&quot;
    } ]
  },
  &quot;RecordType&quot; : [ {
    &quot;Id&quot; : &quot;0123h000000jV4JAAU&quot;,
    &quot;Name&quot; : &quot;Service&quot;
  } ],
  &quot;SObjectName&quot; : &quot;Account&quot;,
  &quot;SelectPremises&quot; : {
    &quot;NewAccountPremises&quot; : null,
    &quot;PremiseError&quot; : null,
    &quot;ServiceLocation-Block&quot; : {
      &quot;PremCity&quot; : &quot;Kolkata&quot;,
      &quot;PremCountry&quot; : &quot;India&quot;,
      &quot;PremId&quot; : &quot;a3X3h0000006OviEAE&quot;,
      &quot;PremPostalCode&quot; : &quot;700059&quot;,
      &quot;PremState&quot; : &quot;West Bengal&quot;,
      &quot;PremiseName&quot; : &quot;Coventry premise&quot;,
      &quot;PremiseStreetAddress&quot; : &quot;Akshara Lotus Garden Coevtry&quot;,
      &quot;ServiceLocation&quot; : &quot;Coventry premise&quot;
    }
  },
  &quot;SelectService&quot; : [ {
    &quot;InventoryItemId&quot; : &quot;a2O3h000000hrDaEAI&quot;,
    &quot;PremiseAddress&quot; : &quot;Coventry premise&quot;,
    &quot;Premises&quot; : &quot;a3X3h0000006OviEAE&quot;,
    &quot;PremisesId&quot; : &quot;a3X3h0000006OviEAE&quot;,
    &quot;ServicePointId&quot; : &quot;a4P3h00000059wGEAQ&quot;,
    &quot;ServicePointName&quot; : &quot;Coventry Electricity&quot;,
    &quot;ServiceType&quot; : &quot;Electricity&quot;,
    &quot;Status&quot; : &quot;Connected&quot;
  }, {
    &quot;InventoryItemId&quot; : &quot;a2O3h000000hrDVEAY&quot;,
    &quot;PremiseAddress&quot; : &quot;Coventry premise&quot;,
    &quot;Premises&quot; : &quot;a3X3h0000006OviEAE&quot;,
    &quot;PremisesId&quot; : &quot;a3X3h0000006OviEAE&quot;,
    &quot;ServicePointId&quot; : &quot;a4P3h00000059wGEAQ&quot;,
    &quot;ServicePointName&quot; : &quot;Coventry Electricity&quot;,
    &quot;ServiceType&quot; : &quot;Electricity&quot;,
    &quot;Status&quot; : &quot;Connected&quot;
  }, {
    &quot;InventoryItemId&quot; : &quot;a2O3h000000hrDQEAY&quot;,
    &quot;PremiseAddress&quot; : &quot;Coventry premise&quot;,
    &quot;Premises&quot; : &quot;a3X3h0000006OviEAE&quot;,
    &quot;PremisesId&quot; : &quot;a3X3h0000006OviEAE&quot;,
    &quot;ServicePointId&quot; : &quot;a4P3h00000059wGEAQ&quot;,
    &quot;ServicePointName&quot; : &quot;Coventry Electricity&quot;,
    &quot;ServiceType&quot; : &quot;Electricity&quot;,
    &quot;Status&quot; : &quot;Connected&quot;
  }, {
    &quot;InventoryItemId&quot; : &quot;a2O3h000000hrDaEAI&quot;,
    &quot;PremiseAddress&quot; : &quot;Coventry premise&quot;,
    &quot;Premises&quot; : &quot;a3X3h0000006OviEAE&quot;,
    &quot;PremisesId&quot; : &quot;a3X3h0000006OviEAE&quot;,
    &quot;ServicePointId&quot; : &quot;a4P3h00000059wHEAQ&quot;,
    &quot;ServicePointName&quot; : &quot;Coventry Water&quot;,
    &quot;ServiceType&quot; : &quot;Water&quot;,
    &quot;Status&quot; : &quot;Connected&quot;
  }, {
    &quot;InventoryItemId&quot; : &quot;a2O3h000000hrDVEAY&quot;,
    &quot;PremiseAddress&quot; : &quot;Coventry premise&quot;,
    &quot;Premises&quot; : &quot;a3X3h0000006OviEAE&quot;,
    &quot;PremisesId&quot; : &quot;a3X3h0000006OviEAE&quot;,
    &quot;ServicePointId&quot; : &quot;a4P3h00000059wHEAQ&quot;,
    &quot;ServicePointName&quot; : &quot;Coventry Water&quot;,
    &quot;ServiceType&quot; : &quot;Water&quot;,
    &quot;Status&quot; : &quot;Connected&quot;
  }, {
    &quot;InventoryItemId&quot; : &quot;a2O3h000000hrDQEAY&quot;,
    &quot;PremiseAddress&quot; : &quot;Coventry premise&quot;,
    &quot;Premises&quot; : &quot;a3X3h0000006OviEAE&quot;,
    &quot;PremisesId&quot; : &quot;a3X3h0000006OviEAE&quot;,
    &quot;ServicePointId&quot; : &quot;a4P3h00000059wHEAQ&quot;,
    &quot;ServicePointName&quot; : &quot;Coventry Water&quot;,
    &quot;ServiceType&quot; : &quot;Water&quot;,
    &quot;Status&quot; : &quot;Connected&quot;
  }, {
    &quot;InventoryItemId&quot; : &quot;a2O3h000000hrDaEAI&quot;,
    &quot;PremiseAddress&quot; : &quot;Coventry premise&quot;,
    &quot;Premises&quot; : &quot;a3X3h0000006OviEAE&quot;,
    &quot;PremisesId&quot; : &quot;a3X3h0000006OviEAE&quot;,
    &quot;ServicePointId&quot; : &quot;a4P3h00000059waEAA&quot;,
    &quot;ServicePointName&quot; : &quot;Coventry Gas&quot;,
    &quot;ServiceType&quot; : &quot;Gas&quot;,
    &quot;Status&quot; : &quot;Connected&quot;
  }, {
    &quot;InventoryItemId&quot; : &quot;a2O3h000000hrDVEAY&quot;,
    &quot;PremiseAddress&quot; : &quot;Coventry premise&quot;,
    &quot;Premises&quot; : &quot;a3X3h0000006OviEAE&quot;,
    &quot;PremisesId&quot; : &quot;a3X3h0000006OviEAE&quot;,
    &quot;ServicePointId&quot; : &quot;a4P3h00000059waEAA&quot;,
    &quot;ServicePointName&quot; : &quot;Coventry Gas&quot;,
    &quot;ServiceType&quot; : &quot;Gas&quot;,
    &quot;Status&quot; : &quot;Connected&quot;
  }, {
    &quot;InventoryItemId&quot; : &quot;a2O3h000000hrDQEAY&quot;,
    &quot;PremiseAddress&quot; : &quot;Coventry premise&quot;,
    &quot;Premises&quot; : &quot;a3X3h0000006OviEAE&quot;,
    &quot;PremisesId&quot; : &quot;a3X3h0000006OviEAE&quot;,
    &quot;ServicePointId&quot; : &quot;a4P3h00000059waEAA&quot;,
    &quot;ServicePointName&quot; : &quot;Coventry Gas&quot;,
    &quot;ServiceType&quot; : &quot;Gas&quot;,
    &quot;Status&quot; : &quot;Connected&quot;
  } ],
  &quot;SelectServicePoints&quot; : [ {
    &quot;InventoryItemId&quot; : &quot;a2O3h000000hrDaEAI&quot;,
    &quot;PremiseAddress&quot; : &quot;Coventry premise&quot;,
    &quot;Premises&quot; : &quot;a3X3h0000006OviEAE&quot;,
    &quot;PremisesId&quot; : &quot;a3X3h0000006OviEAE&quot;,
    &quot;ServicePointId&quot; : &quot;a4P3h00000059wGEAQ&quot;,
    &quot;ServicePointName&quot; : &quot;Coventry Electricity&quot;,
    &quot;ServiceType&quot; : &quot;Electricity&quot;,
    &quot;Status&quot; : &quot;Connected&quot;
  }, {
    &quot;InventoryItemId&quot; : &quot;a2O3h000000hrDVEAY&quot;,
    &quot;PremiseAddress&quot; : &quot;Coventry premise&quot;,
    &quot;Premises&quot; : &quot;a3X3h0000006OviEAE&quot;,
    &quot;PremisesId&quot; : &quot;a3X3h0000006OviEAE&quot;,
    &quot;ServicePointId&quot; : &quot;a4P3h00000059wGEAQ&quot;,
    &quot;ServicePointName&quot; : &quot;Coventry Electricity&quot;,
    &quot;ServiceType&quot; : &quot;Electricity&quot;,
    &quot;Status&quot; : &quot;Connected&quot;
  }, {
    &quot;InventoryItemId&quot; : &quot;a2O3h000000hrDQEAY&quot;,
    &quot;PremiseAddress&quot; : &quot;Coventry premise&quot;,
    &quot;Premises&quot; : &quot;a3X3h0000006OviEAE&quot;,
    &quot;PremisesId&quot; : &quot;a3X3h0000006OviEAE&quot;,
    &quot;ServicePointId&quot; : &quot;a4P3h00000059wGEAQ&quot;,
    &quot;ServicePointName&quot; : &quot;Coventry Electricity&quot;,
    &quot;ServiceType&quot; : &quot;Electricity&quot;,
    &quot;Status&quot; : &quot;Connected&quot;
  }, {
    &quot;InventoryItemId&quot; : &quot;a2O3h000000hrDaEAI&quot;,
    &quot;PremiseAddress&quot; : &quot;Coventry premise&quot;,
    &quot;Premises&quot; : &quot;a3X3h0000006OviEAE&quot;,
    &quot;PremisesId&quot; : &quot;a3X3h0000006OviEAE&quot;,
    &quot;ServicePointId&quot; : &quot;a4P3h00000059wHEAQ&quot;,
    &quot;ServicePointName&quot; : &quot;Coventry Water&quot;,
    &quot;ServiceType&quot; : &quot;Water&quot;,
    &quot;Status&quot; : &quot;Connected&quot;
  }, {
    &quot;InventoryItemId&quot; : &quot;a2O3h000000hrDVEAY&quot;,
    &quot;PremiseAddress&quot; : &quot;Coventry premise&quot;,
    &quot;Premises&quot; : &quot;a3X3h0000006OviEAE&quot;,
    &quot;PremisesId&quot; : &quot;a3X3h0000006OviEAE&quot;,
    &quot;ServicePointId&quot; : &quot;a4P3h00000059wHEAQ&quot;,
    &quot;ServicePointName&quot; : &quot;Coventry Water&quot;,
    &quot;ServiceType&quot; : &quot;Water&quot;,
    &quot;Status&quot; : &quot;Connected&quot;
  }, {
    &quot;InventoryItemId&quot; : &quot;a2O3h000000hrDQEAY&quot;,
    &quot;PremiseAddress&quot; : &quot;Coventry premise&quot;,
    &quot;Premises&quot; : &quot;a3X3h0000006OviEAE&quot;,
    &quot;PremisesId&quot; : &quot;a3X3h0000006OviEAE&quot;,
    &quot;ServicePointId&quot; : &quot;a4P3h00000059wHEAQ&quot;,
    &quot;ServicePointName&quot; : &quot;Coventry Water&quot;,
    &quot;ServiceType&quot; : &quot;Water&quot;,
    &quot;Status&quot; : &quot;Connected&quot;
  }, {
    &quot;InventoryItemId&quot; : &quot;a2O3h000000hrDaEAI&quot;,
    &quot;PremiseAddress&quot; : &quot;Coventry premise&quot;,
    &quot;Premises&quot; : &quot;a3X3h0000006OviEAE&quot;,
    &quot;PremisesId&quot; : &quot;a3X3h0000006OviEAE&quot;,
    &quot;ServicePointId&quot; : &quot;a4P3h00000059waEAA&quot;,
    &quot;ServicePointName&quot; : &quot;Coventry Gas&quot;,
    &quot;ServiceType&quot; : &quot;Gas&quot;,
    &quot;Status&quot; : &quot;Connected&quot;
  }, {
    &quot;InventoryItemId&quot; : &quot;a2O3h000000hrDVEAY&quot;,
    &quot;PremiseAddress&quot; : &quot;Coventry premise&quot;,
    &quot;Premises&quot; : &quot;a3X3h0000006OviEAE&quot;,
    &quot;PremisesId&quot; : &quot;a3X3h0000006OviEAE&quot;,
    &quot;ServicePointId&quot; : &quot;a4P3h00000059waEAA&quot;,
    &quot;ServicePointName&quot; : &quot;Coventry Gas&quot;,
    &quot;ServiceType&quot; : &quot;Gas&quot;,
    &quot;Status&quot; : &quot;Connected&quot;
  }, {
    &quot;InventoryItemId&quot; : &quot;a2O3h000000hrDQEAY&quot;,
    &quot;PremiseAddress&quot; : &quot;Coventry premise&quot;,
    &quot;Premises&quot; : &quot;a3X3h0000006OviEAE&quot;,
    &quot;PremisesId&quot; : &quot;a3X3h0000006OviEAE&quot;,
    &quot;ServicePointId&quot; : &quot;a4P3h00000059waEAA&quot;,
    &quot;ServicePointName&quot; : &quot;Coventry Gas&quot;,
    &quot;ServiceType&quot; : &quot;Gas&quot;,
    &quot;Status&quot; : &quot;Connected&quot;
  } ],
  &quot;SelectTypeofService&quot; : {
    &quot;SelectServicePoint&quot; : null,
    &quot;SelectServicePoints&quot; : [ {
      &quot;InventoryItemId&quot; : &quot;a2O3h000000hrDaEAI&quot;,
      &quot;PremiseAddress&quot; : &quot;Coventry premise&quot;,
      &quot;Premises&quot; : &quot;a3X3h0000006OviEAE&quot;,
      &quot;PremisesId&quot; : &quot;a3X3h0000006OviEAE&quot;,
      &quot;ProductId&quot; : &quot;01t3h000001Ck7gAAC&quot;,
      &quot;ServicePointId&quot; : &quot;a4P3h00000059wGEAQ&quot;,
      &quot;ServicePointName&quot; : &quot;Coventry Electricity&quot;,
      &quot;ServiceType&quot; : &quot;Electricity&quot;,
      &quot;Status&quot; : &quot;Connected&quot;,
      &quot;originalIndex&quot; : &quot;0&quot;
    }, {
      &quot;InventoryItemId&quot; : &quot;a2O3h000000hrDVEAY&quot;,
      &quot;PremiseAddress&quot; : &quot;Coventry premise&quot;,
      &quot;Premises&quot; : &quot;a3X3h0000006OviEAE&quot;,
      &quot;PremisesId&quot; : &quot;a3X3h0000006OviEAE&quot;,
      &quot;ProductId&quot; : &quot;01t3h000001Ck7bAAC&quot;,
      &quot;ServicePointId&quot; : &quot;a4P3h00000059wGEAQ&quot;,
      &quot;ServicePointName&quot; : &quot;Coventry Electricity&quot;,
      &quot;ServiceType&quot; : &quot;Electricity&quot;,
      &quot;Status&quot; : &quot;Connected&quot;,
      &quot;originalIndex&quot; : &quot;1&quot;
    }, {
      &quot;InventoryItemId&quot; : &quot;a2O3h000000hrDaEAI&quot;,
      &quot;PremiseAddress&quot; : &quot;Coventry premise&quot;,
      &quot;Premises&quot; : &quot;a3X3h0000006OviEAE&quot;,
      &quot;PremisesId&quot; : &quot;a3X3h0000006OviEAE&quot;,
      &quot;ProductId&quot; : &quot;01t3h000001Ck7vAAC&quot;,
      &quot;ServicePointId&quot; : &quot;a4P3h00000059wHEAQ&quot;,
      &quot;ServicePointName&quot; : &quot;Coventry Water&quot;,
      &quot;ServiceType&quot; : &quot;Water&quot;,
      &quot;Status&quot; : &quot;Connected&quot;,
      &quot;originalIndex&quot; : &quot;3&quot;
    }, {
      &quot;InventoryItemId&quot; : &quot;a2O3h000000hrDaEAI&quot;,
      &quot;PremiseAddress&quot; : &quot;Coventry premise&quot;,
      &quot;Premises&quot; : &quot;a3X3h0000006OviEAE&quot;,
      &quot;PremisesId&quot; : &quot;a3X3h0000006OviEAE&quot;,
      &quot;ProductId&quot; : &quot;01t3h000001Ck7lAAC&quot;,
      &quot;ServicePointId&quot; : &quot;a4P3h00000059waEAA&quot;,
      &quot;ServicePointName&quot; : &quot;Coventry Gas&quot;,
      &quot;ServiceType&quot; : &quot;Gas&quot;,
      &quot;Status&quot; : &quot;Connected&quot;,
      &quot;originalIndex&quot; : &quot;6&quot;
    } ],
    &quot;ServicePointsFormula&quot; : 4
  },
  &quot;SelectedPremises&quot; : &quot;a3X3h0000006OviEAE&quot;,
  &quot;SelectedServices&quot; : [ {
    &quot;InventoryItemId&quot; : &quot;a2O3h000000hrDaEAI&quot;,
    &quot;PremiseAddress&quot; : &quot;Coventry premise&quot;,
    &quot;Premises&quot; : &quot;a3X3h0000006OviEAE&quot;,
    &quot;PremisesId&quot; : &quot;a3X3h0000006OviEAE&quot;,
    &quot;ProductId&quot; : &quot;01t3h000001Ck7gAAC&quot;,
    &quot;ServicePointId&quot; : &quot;a4P3h00000059wGEAQ&quot;,
    &quot;ServicePointName&quot; : &quot;Coventry Electricity&quot;,
    &quot;ServiceType&quot; : &quot;Electricity&quot;,
    &quot;Status&quot; : &quot;Connected&quot;,
    &quot;originalIndex&quot; : &quot;0&quot;
  }, {
    &quot;InventoryItemId&quot; : &quot;a2O3h000000hrDVEAY&quot;,
    &quot;PremiseAddress&quot; : &quot;Coventry premise&quot;,
    &quot;Premises&quot; : &quot;a3X3h0000006OviEAE&quot;,
    &quot;PremisesId&quot; : &quot;a3X3h0000006OviEAE&quot;,
    &quot;ProductId&quot; : &quot;01t3h000001Ck7bAAC&quot;,
    &quot;ServicePointId&quot; : &quot;a4P3h00000059wGEAQ&quot;,
    &quot;ServicePointName&quot; : &quot;Coventry Electricity&quot;,
    &quot;ServiceType&quot; : &quot;Electricity&quot;,
    &quot;Status&quot; : &quot;Connected&quot;,
    &quot;originalIndex&quot; : &quot;1&quot;
  }, {
    &quot;InventoryItemId&quot; : &quot;a2O3h000000hrDaEAI&quot;,
    &quot;PremiseAddress&quot; : &quot;Coventry premise&quot;,
    &quot;Premises&quot; : &quot;a3X3h0000006OviEAE&quot;,
    &quot;PremisesId&quot; : &quot;a3X3h0000006OviEAE&quot;,
    &quot;ProductId&quot; : &quot;01t3h000001Ck7vAAC&quot;,
    &quot;ServicePointId&quot; : &quot;a4P3h00000059wHEAQ&quot;,
    &quot;ServicePointName&quot; : &quot;Coventry Water&quot;,
    &quot;ServiceType&quot; : &quot;Water&quot;,
    &quot;Status&quot; : &quot;Connected&quot;,
    &quot;originalIndex&quot; : &quot;3&quot;
  }, {
    &quot;InventoryItemId&quot; : &quot;a2O3h000000hrDaEAI&quot;,
    &quot;PremiseAddress&quot; : &quot;Coventry premise&quot;,
    &quot;Premises&quot; : &quot;a3X3h0000006OviEAE&quot;,
    &quot;PremisesId&quot; : &quot;a3X3h0000006OviEAE&quot;,
    &quot;ProductId&quot; : &quot;01t3h000001Ck7lAAC&quot;,
    &quot;ServicePointId&quot; : &quot;a4P3h00000059waEAA&quot;,
    &quot;ServicePointName&quot; : &quot;Coventry Gas&quot;,
    &quot;ServiceType&quot; : &quot;Gas&quot;,
    &quot;Status&quot; : &quot;Connected&quot;,
    &quot;originalIndex&quot; : &quot;6&quot;
  } ],
  &quot;SelectedServices1&quot; : [ {
    &quot;InventoryItemId&quot; : &quot;a2O3h000000hrDaEAI&quot;,
    &quot;PremiseAddress&quot; : &quot;Coventry premise&quot;,
    &quot;Premises&quot; : &quot;a3X3h0000006OviEAE&quot;,
    &quot;PremisesId&quot; : &quot;a3X3h0000006OviEAE&quot;,
    &quot;ProductId&quot; : &quot;01t3h000001Ck7gAAC&quot;,
    &quot;ServicePointId&quot; : &quot;a4P3h00000059wGEAQ&quot;,
    &quot;ServicePointName&quot; : &quot;Coventry Electricity&quot;,
    &quot;ServiceType&quot; : &quot;Electricity&quot;,
    &quot;Status&quot; : &quot;Connected&quot;,
    &quot;originalIndex&quot; : &quot;0&quot;
  }, {
    &quot;InventoryItemId&quot; : &quot;a2O3h000000hrDVEAY&quot;,
    &quot;PremiseAddress&quot; : &quot;Coventry premise&quot;,
    &quot;Premises&quot; : &quot;a3X3h0000006OviEAE&quot;,
    &quot;PremisesId&quot; : &quot;a3X3h0000006OviEAE&quot;,
    &quot;ProductId&quot; : &quot;01t3h000001Ck7bAAC&quot;,
    &quot;ServicePointId&quot; : &quot;a4P3h00000059wGEAQ&quot;,
    &quot;ServicePointName&quot; : &quot;Coventry Electricity&quot;,
    &quot;ServiceType&quot; : &quot;Electricity&quot;,
    &quot;Status&quot; : &quot;Connected&quot;,
    &quot;originalIndex&quot; : &quot;1&quot;
  }, {
    &quot;InventoryItemId&quot; : &quot;a2O3h000000hrDaEAI&quot;,
    &quot;PremiseAddress&quot; : &quot;Coventry premise&quot;,
    &quot;Premises&quot; : &quot;a3X3h0000006OviEAE&quot;,
    &quot;PremisesId&quot; : &quot;a3X3h0000006OviEAE&quot;,
    &quot;ProductId&quot; : &quot;01t3h000001Ck7vAAC&quot;,
    &quot;ServicePointId&quot; : &quot;a4P3h00000059wHEAQ&quot;,
    &quot;ServicePointName&quot; : &quot;Coventry Water&quot;,
    &quot;ServiceType&quot; : &quot;Water&quot;,
    &quot;Status&quot; : &quot;Connected&quot;,
    &quot;originalIndex&quot; : &quot;3&quot;
  }, {
    &quot;InventoryItemId&quot; : &quot;a2O3h000000hrDaEAI&quot;,
    &quot;PremiseAddress&quot; : &quot;Coventry premise&quot;,
    &quot;Premises&quot; : &quot;a3X3h0000006OviEAE&quot;,
    &quot;PremisesId&quot; : &quot;a3X3h0000006OviEAE&quot;,
    &quot;ProductId&quot; : &quot;01t3h000001Ck7lAAC&quot;,
    &quot;ServicePointId&quot; : &quot;a4P3h00000059waEAA&quot;,
    &quot;ServicePointName&quot; : &quot;Coventry Gas&quot;,
    &quot;ServiceType&quot; : &quot;Gas&quot;,
    &quot;Status&quot; : &quot;Connected&quot;,
    &quot;originalIndex&quot; : &quot;6&quot;
  } ],
  &quot;ServiceAccountId&quot; : &quot;0013h00000JOFs7AAH&quot;,
  &quot;ServiceAccountPremisesColumns&quot; : [ {
    &quot;fieldName&quot; : &quot;SrevicePremisesId&quot;,
    &quot;label&quot; : &quot;SrevicePremisesId&quot;
  }, {
    &quot;fieldName&quot; : &quot;AccountName&quot;,
    &quot;label&quot; : &quot;Account Name&quot;
  }, {
    &quot;fieldName&quot; : &quot;PremisesName&quot;,
    &quot;label&quot; : &quot;Premise Address&quot;
  } ],
  &quot;ServiceAccountPremisesMaxRowSelection&quot; : &quot;Single&quot;,
  &quot;ServiceAccountRecTypeId&quot; : &quot;0123h000000jV4JAAU&quot;,
  &quot;ServiceAccountRecordType&quot; : &quot;Service&quot;,
  &quot;ServicePointsColumns&quot; : [ {
    &quot;fieldName&quot; : &quot;ServicePointName&quot;,
    &quot;label&quot; : &quot;Service Point Name&quot;
  }, {
    &quot;fieldName&quot; : &quot;ServiceType&quot;,
    &quot;label&quot; : &quot;Service Type&quot;
  }, {
    &quot;fieldName&quot; : &quot;SelectProduct&quot;,
    &quot;label&quot; : &quot;Select Product&quot;
  } ],
  &quot;ServicePointsError&quot; : null,
  &quot;ServicePremises&quot; : null,
  &quot;ServicesChoosen&quot; : &quot;&quot;,
  &quot;timeStamp&quot; : &quot;2020-09-01T11:22:50.243Z&quot;,
  &quot;userCurrencyCode&quot; : &quot;USD&quot;,
  &quot;userId&quot; : &quot;0053h000002WfuuAAC&quot;,
  &quot;userName&quot; : &quot;express_org_sebanti@org.dev&quot;,
  &quot;userProfile&quot; : &quot;System Administrator&quot;,
  &quot;userTimeZone&quot; : &quot;-420&quot;,
  &quot;vlcTimeTracking&quot; : {
    &quot;BillingPreferences&quot; : 18900,
    &quot;ConfirmUserActionError&quot; : 24492,
    &quot;Confirmation&quot; : 0,
    &quot;CustomerSelection&quot; : 54237,
    &quot;DR-GetProducts&quot; : 1110,
    &quot;DRCreatServiceAccount&quot; : 2584,
    &quot;DRCreateBillingAccount&quot; : 1818,
    &quot;DRCreateBusinessAccount&quot; : 1814,
    &quot;DRExtractBussinessAccountRecId&quot; : 996,
    &quot;DRFetchBillingAccountRecTypeId&quot; : 1696,
    &quot;DRFetchDesiredRecordType&quot; : 983,
    &quot;DRFetchServiceAccountRecTypeId&quot; : 998,
    &quot;DRInsertContact&quot; : 1757,
    &quot;ExtractServiceAccountPremises&quot; : 0,
    &quot;GetPremServicePoints&quot; : 1324,
    &quot;OmniScriptSessionToken&quot; : &quot;e201304c-2db9-45e5-a967-89eafa3ce647&quot;,
    &quot;PreConfirm&quot; : 2844,
    &quot;SVBusinessAccountRecTypeId&quot; : 40,
    &quot;SVServiceAccountRecTypeId&quot; : 58,
    &quot;SelectPremises&quot; : 11594,
    &quot;SelectTypeofService&quot; : 26299,
    &quot;ServicePointsError&quot; : 0,
    &quot;SetBillingAccountId&quot; : 63,
    &quot;SetBusinessAccountId&quot; : 70,
    &quot;SetCustomLWCValues&quot; : 73,
    &quot;SetDefaultValues&quot; : 44,
    &quot;SetExistingCustomerDetails&quot; : 116,
    &quot;SetPremisesBusinessAccountRecTypeId&quot; : 57,
    &quot;SetServiceAccountId&quot; : 104,
    &quot;SetServicePointVal&quot; : 102,
    &quot;VIPMoveInPost&quot; : 2250
  }
}</previewJsonData>
    <processSuperBulk>false</processSuperBulk>
    <responseCacheTtlMinutes>0.0</responseCacheTtlMinutes>
    <rollbackOnError>false</rollbackOnError>
    <sourceObject>json</sourceObject>
    <sourceObjectDefault>false</sourceObjectDefault>
    <synchronousProcessThreshold>-1.0</synchronousProcessThreshold>
    <type>Load</type>
    <uniqueName>VPLUpdateServicePoints_1</uniqueName>
    <versionNumber>1.0</versionNumber>
    <xmlDeclarationRemoved>false</xmlDeclarationRemoved>
</OmniDataTransform>
