<?xml version="1.0" encoding="UTF-8"?>
<OmniDataTransform xmlns="http://soap.sforce.com/2006/04/metadata">
    <active>false</active>
    <assignmentRulesUsed>false</assignmentRulesUsed>
    <deletedOnSuccess>false</deletedOnSuccess>
    <errorIgnored>false</errorIgnored>
    <expectedInputJson>{
  &quot;ContactDetails&quot; : {
    &quot;AllContacts&quot; : {
      &quot;Email&quot; : null,
      &quot;FirstName&quot; : null,
      &quot;IsPrimary&quot; : null,
      &quot;LastName&quot; : null,
      &quot;Phone&quot; : null,
      &quot;Role&quot; : null
    }
  },
  &quot;ContextId&quot; : null,
  &quot;timeStamp&quot; : null,
  &quot;userId&quot; : null,
  &quot;userName&quot; : null,
  &quot;userProfile&quot; : null,
  &quot;userTimeZone&quot; : null,
  &quot;vlcPersistentComponent&quot; : { },
  &quot;vlcTimeTracking&quot; : {
    &quot;ContactDetails&quot; : null,
    &quot;IPGetAllContacts&quot; : null
  }
}</expectedInputJson>
    <fieldLevelSecurityEnabled>false</fieldLevelSecurityEnabled>
    <inputType>JSON</inputType>
    <name>VPLUpdateAccountContactRelation</name>
    <nullInputsIncludedInOutput>false</nullInputsIncludedInOutput>
    <omniDataTransformItem>
        <disabled>false</disabled>
        <filterGroup>0.0</filterGroup>
        <globalKey>VPL-UpdateAccountContactRelationCustom3019</globalKey>
        <inputFieldName>AccConRelation:AccountId</inputFieldName>
        <inputObjectQuerySequence>0.0</inputObjectQuerySequence>
        <linkedObjectSequence>0.0</linkedObjectSequence>
        <name>VPL-UpdateAccountContactRelation</name>
        <outputCreationSequence>1.0</outputCreationSequence>
        <outputFieldName>AccountId</outputFieldName>
        <outputObjectName>AccountContactRelation</outputObjectName>
        <requiredForUpsert>false</requiredForUpsert>
        <upsertKey>true</upsertKey>
    </omniDataTransformItem>
    <omniDataTransformItem>
        <disabled>false</disabled>
        <filterGroup>0.0</filterGroup>
        <globalKey>VPL-UpdateAccountContactRelationCustom7400</globalKey>
        <inputFieldName>AccConRelation:ContactId</inputFieldName>
        <inputObjectQuerySequence>0.0</inputObjectQuerySequence>
        <linkedObjectSequence>0.0</linkedObjectSequence>
        <name>VPL-UpdateAccountContactRelation</name>
        <outputCreationSequence>1.0</outputCreationSequence>
        <outputFieldName>ContactId</outputFieldName>
        <outputObjectName>AccountContactRelation</outputObjectName>
        <requiredForUpsert>false</requiredForUpsert>
        <upsertKey>true</upsertKey>
    </omniDataTransformItem>
    <omniDataTransformItem>
        <disabled>false</disabled>
        <filterGroup>0.0</filterGroup>
        <globalKey>VPL-UpdateAccountContactRelationCustom9421</globalKey>
        <inputFieldName>AccConRelation:Roles</inputFieldName>
        <inputObjectQuerySequence>0.0</inputObjectQuerySequence>
        <linkedObjectSequence>0.0</linkedObjectSequence>
        <name>VPL-UpdateAccountContactRelation</name>
        <outputCreationSequence>1.0</outputCreationSequence>
        <outputFieldName>Roles</outputFieldName>
        <outputObjectName>AccountContactRelation</outputObjectName>
        <requiredForUpsert>false</requiredForUpsert>
        <upsertKey>false</upsertKey>
    </omniDataTransformItem>
    <omniDataTransformItem>
        <disabled>false</disabled>
        <filterGroup>0.0</filterGroup>
        <globalKey>VPL-UpdateAccountContactRelationCustom2356</globalKey>
        <inputFieldName>AccConRelation:AccConRoleId</inputFieldName>
        <inputObjectQuerySequence>0.0</inputObjectQuerySequence>
        <linkedObjectSequence>0.0</linkedObjectSequence>
        <name>VPL-UpdateAccountContactRelation</name>
        <outputCreationSequence>1.0</outputCreationSequence>
        <outputFieldName>Id</outputFieldName>
        <outputObjectName>AccountContactRelation</outputObjectName>
        <requiredForUpsert>false</requiredForUpsert>
        <upsertKey>false</upsertKey>
    </omniDataTransformItem>
    <omniDataTransformItem>
        <disabled>true</disabled>
        <filterGroup>0.0</filterGroup>
        <filterOperator>=</filterOperator>
        <globalKey>VPL-UpdateAccountContactRelationCustom4004</globalKey>
        <inputObjectQuerySequence>0.0</inputObjectQuerySequence>
        <linkedObjectSequence>0.0</linkedObjectSequence>
        <migrationValue>FAKEMAPPING</migrationValue>
        <name>VPL-UpdateAccountContactRelation</name>
        <outputCreationSequence>1.0</outputCreationSequence>
        <outputFieldName>Id</outputFieldName>
        <outputObjectName>AccountContactRelation</outputObjectName>
        <requiredForUpsert>false</requiredForUpsert>
        <upsertKey>false</upsertKey>
    </omniDataTransformItem>
    <outputType>JSON</outputType>
    <previewJsonData>{
  &quot;AccConRelDetails&quot; : [ {
    &quot;AccConRelId&quot; : &quot;07k3h000002KJRWAA4&quot;,
    &quot;Id&quot; : &quot;0033h00000BgcMxAAJ&quot;
  }, {
    &quot;AccConRelId&quot; : &quot;07k3h000002KKIVAA4&quot;,
    &quot;Id&quot; : &quot;0033h00000BgepqAAB&quot;
  }, {
    &quot;AccConRelId&quot; : &quot;07k3h000002KLDDAA4&quot;,
    &quot;Id&quot; : &quot;0033h00000BguSrAAJ&quot;
  } ],
  &quot;AccountId&quot; : &quot;0013h00000C3R6wAAF&quot;,
  &quot;AccountName&quot; : &quot;ABC&quot;,
  &quot;AllContact&quot; : [ {
    &quot;AccConRelId&quot; : &quot;07k3h000002KJRWAA4&quot;,
    &quot;Email&quot; : &quot;ref@gmail.com&quot;,
    &quot;FirstName&quot; : &quot;abc&quot;,
    &quot;Id&quot; : &quot;0033h00000BgcMxAAJ&quot;,
    &quot;LastName&quot; : &quot;def&quot;,
    &quot;Role&quot; : &quot;Finance Contact;Purchasing Contact;Property Manager&quot;
  }, {
    &quot;AccConRelId&quot; : &quot;07k3h000002KKIVAA4&quot;,
    &quot;FirstName&quot; : &quot;ref&quot;,
    &quot;Id&quot; : &quot;0033h00000BgepqAAB&quot;,
    &quot;LastName&quot; : &quot;yuj&quot;,
    &quot;Role&quot; : &quot;Finance Contact;Purchasing Contact&quot;
  }, {
    &quot;AccConRelId&quot; : &quot;07k3h000002KLDDAA4&quot;,
    &quot;Email&quot; : &quot;s@gm.com&quot;,
    &quot;FirstName&quot; : &quot;ref&quot;,
    &quot;Id&quot; : &quot;0033h00000BguSrAAJ&quot;,
    &quot;LastName&quot; : &quot;yuj&quot;,
    &quot;Phone&quot; : &quot;1111111111&quot;
  } ],
  &quot;Confirmation&quot; : { },
  &quot;ContactCount&quot; : 3,
  &quot;ContactDetails&quot; : {
    &quot;AllContacts&quot; : [ {
      &quot;AccConRelId&quot; : &quot;07k3h000002KJRWAA4&quot;,
      &quot;AccId&quot; : &quot;0013h00000C3R6wAAF&quot;,
      &quot;DRTransformContactRolesStatus&quot; : true,
      &quot;Email&quot; : &quot;ref@gmail.com&quot;,
      &quot;FirstName&quot; : &quot;abc&quot;,
      &quot;Id&quot; : &quot;0033h00000BgcMxAAJ&quot;,
      &quot;IsPrimaryContact&quot; : false,
      &quot;LastName&quot; : &quot;def&quot;,
      &quot;LoopBlockIterationIndex&quot; : 1,
      &quot;LoopBlockIterationStatus&quot; : true,
      &quot;Phone&quot; : null,
      &quot;Role&quot; : &quot;Finance Contact;Purchasing Contact;Property Manager&quot;,
      &quot;Roles&quot; : &quot;Finance Contact;Purchasing Contact;Property Manager&quot;
    }, {
      &quot;AccConRelId&quot; : &quot;07k3h000002KKIVAA4&quot;,
      &quot;AccId&quot; : &quot;0013h00000C3R6wAAF&quot;,
      &quot;DRTransformContactRolesStatus&quot; : true,
      &quot;Email&quot; : &quot;s@gm.com&quot;,
      &quot;FirstName&quot; : &quot;ref&quot;,
      &quot;Id&quot; : &quot;0033h00000BgepqAAB&quot;,
      &quot;IsPrimaryContact&quot; : false,
      &quot;LastName&quot; : &quot;yuj&quot;,
      &quot;LoopBlockIterationIndex&quot; : 2,
      &quot;LoopBlockIterationStatus&quot; : true,
      &quot;Phone&quot; : &quot;1111111111&quot;,
      &quot;RelEndDate&quot; : &quot;08/14/2020&quot;,
      &quot;RelStartDate&quot; : &quot;08/04/2020&quot;,
      &quot;Role&quot; : &quot;Finance Contact;Purchasing Contact&quot;,
      &quot;Roles&quot; : &quot;Finance Contact;Purchasing Contact&quot;
    }, {
      &quot;AccConRelId&quot; : &quot;07k3h000002KLDDAA4&quot;,
      &quot;AccId&quot; : &quot;0013h00000C3R6wAAF&quot;,
      &quot;DRTransformContactRolesStatus&quot; : null,
      &quot;Email&quot; : null,
      &quot;FirstName&quot; : null,
      &quot;Id&quot; : &quot;0033h00000BguSrAAJ&quot;,
      &quot;IsPrimaryContact&quot; : null,
      &quot;LastName&quot; : null,
      &quot;LoopBlockIterationIndex&quot; : null,
      &quot;LoopBlockIterationStatus&quot; : null,
      &quot;Phone&quot; : null,
      &quot;RelEndDate&quot; : null,
      &quot;RelStartDate&quot; : null,
      &quot;Role&quot; : null,
      &quot;Roles&quot; : &quot;&quot;
    } ]
  },
  &quot;ContextId&quot; : &quot;0013h00000C3R6wAAF&quot;,
  &quot;timeStamp&quot; : &quot;2020-08-03T04:33:44.978Z&quot;,
  &quot;userCurrencyCode&quot; : &quot;USD&quot;,
  &quot;userId&quot; : &quot;0053h000002WfuuAAC&quot;,
  &quot;userName&quot; : &quot;express_org_sebanti@org.dev&quot;,
  &quot;userProfile&quot; : &quot;System Administrator&quot;,
  &quot;userTimeZone&quot; : &quot;-420&quot;
}</previewJsonData>
    <processSuperBulk>false</processSuperBulk>
    <responseCacheTtlMinutes>0.0</responseCacheTtlMinutes>
    <rollbackOnError>false</rollbackOnError>
    <sourceObject>json</sourceObject>
    <sourceObjectDefault>false</sourceObjectDefault>
    <synchronousProcessThreshold>-1.0</synchronousProcessThreshold>
    <type>Load</type>
    <uniqueName>VPLUpdateAccountContactRelation_1</uniqueName>
    <versionNumber>1.0</versionNumber>
    <xmlDeclarationRemoved>false</xmlDeclarationRemoved>
</OmniDataTransform>
