<?xml version="1.0" encoding="UTF-8"?>
<OmniDataTransform xmlns="http://soap.sforce.com/2006/04/metadata">
    <active>false</active>
    <assignmentRulesUsed>false</assignmentRulesUsed>
    <deletedOnSuccess>false</deletedOnSuccess>
    <description>Update&apos;s Account external id fields after integration, Used in Move In omniscript</description>
    <errorIgnored>false</errorIgnored>
    <fieldLevelSecurityEnabled>false</fieldLevelSecurityEnabled>
    <inputType>JSON</inputType>
    <name>VPLUpdateAccountAfterIntegration</name>
    <nullInputsIncludedInOutput>false</nullInputsIncludedInOutput>
    <omniDataTransformItem>
        <disabled>false</disabled>
        <filterGroup>0.0</filterGroup>
        <formulaConverted>| var:CustomerSelection:NewAccountNeeded &apos;No&apos; = var:CustomerSelection:ExistingAccount-Block:ExistingAccountId | var:CustomerSelection:AccountType &apos;Business&apos; = var:BusinessAccountId var:DRId_Account IF IF</formulaConverted>
        <formulaExpression>IF(%CustomerSelection:NewAccountNeeded% = &apos;No&apos;, %CustomerSelection:ExistingAccount-Block:ExistingAccountId%, IF(%CustomerSelection:AccountType% = &apos;Business&apos;, %BusinessAccountId%, %DRId_Account%))</formulaExpression>
        <formulaResultPath>FML_AccountId</formulaResultPath>
        <formulaSequence>1.0</formulaSequence>
        <globalKey>VPL-UpdateAccountAfterIntegrationCustom7020</globalKey>
        <inputObjectQuerySequence>0.0</inputObjectQuerySequence>
        <linkedObjectSequence>0.0</linkedObjectSequence>
        <name>VPL-UpdateAccountAfterIntegration</name>
        <outputCreationSequence>0.0</outputCreationSequence>
        <outputFieldName>Formula</outputFieldName>
        <outputObjectName>Formula</outputObjectName>
        <requiredForUpsert>false</requiredForUpsert>
        <upsertKey>false</upsertKey>
    </omniDataTransformItem>
    <omniDataTransformItem>
        <disabled>false</disabled>
        <filterGroup>0.0</filterGroup>
        <globalKey>VPL-UpdateAccountAfterIntegrationCustom8674</globalKey>
        <inputFieldName>FML_ERPValue</inputFieldName>
        <inputObjectQuerySequence>0.0</inputObjectQuerySequence>
        <linkedObjectSequence>0.0</linkedObjectSequence>
        <name>VPL-UpdateAccountAfterIntegration</name>
        <outputCreationSequence>1.0</outputCreationSequence>
        <outputFieldName>AccountNumber</outputFieldName>
        <outputObjectName>Account</outputObjectName>
        <requiredForUpsert>false</requiredForUpsert>
        <upsertKey>false</upsertKey>
    </omniDataTransformItem>
    <omniDataTransformItem>
        <disabled>false</disabled>
        <filterGroup>0.0</filterGroup>
        <formulaConverted>| var:CustomerSelection:AccountType &apos;Business&apos; = var:VIPCreateBusinessPartner:ERPAccountID__c var:VIPCreateContractAccount:ERP_Contract_ID__c IF</formulaConverted>
        <formulaExpression>IF(%CustomerSelection:AccountType% = &apos;Business&apos;, %VIPCreateBusinessPartner:ERPAccountID__c%, %VIPCreateContractAccount:ERP_Contract_ID__c%)</formulaExpression>
        <formulaResultPath>FML_ERPValue</formulaResultPath>
        <formulaSequence>2.0</formulaSequence>
        <globalKey>VPL-UpdateAccountAfterIntegrationCustom2971</globalKey>
        <inputObjectQuerySequence>0.0</inputObjectQuerySequence>
        <linkedObjectSequence>0.0</linkedObjectSequence>
        <name>VPL-UpdateAccountAfterIntegration</name>
        <outputCreationSequence>0.0</outputCreationSequence>
        <outputFieldName>Formula</outputFieldName>
        <outputObjectName>Formula</outputObjectName>
        <requiredForUpsert>false</requiredForUpsert>
        <upsertKey>false</upsertKey>
    </omniDataTransformItem>
    <omniDataTransformItem>
        <disabled>false</disabled>
        <filterGroup>0.0</filterGroup>
        <globalKey>VPL-UpdateAccountAfterIntegrationCustom6615</globalKey>
        <inputFieldName>FML_AccountId</inputFieldName>
        <inputObjectQuerySequence>0.0</inputObjectQuerySequence>
        <linkedObjectSequence>0.0</linkedObjectSequence>
        <name>VPL-UpdateAccountAfterIntegration</name>
        <outputCreationSequence>1.0</outputCreationSequence>
        <outputFieldName>Id</outputFieldName>
        <outputObjectName>Account</outputObjectName>
        <requiredForUpsert>false</requiredForUpsert>
        <upsertKey>false</upsertKey>
    </omniDataTransformItem>
    <omniDataTransformItem>
        <disabled>true</disabled>
        <filterGroup>0.0</filterGroup>
        <filterOperator>=</filterOperator>
        <globalKey>VPL-UpdateAccountAfterIntegrationCustom153</globalKey>
        <inputObjectQuerySequence>0.0</inputObjectQuerySequence>
        <linkedObjectSequence>0.0</linkedObjectSequence>
        <migrationValue>FAKEMAPPING</migrationValue>
        <name>VPL-UpdateAccountAfterIntegration</name>
        <outputCreationSequence>1.0</outputCreationSequence>
        <outputFieldName>Id</outputFieldName>
        <outputObjectName>Account</outputObjectName>
        <requiredForUpsert>false</requiredForUpsert>
        <upsertKey>false</upsertKey>
    </omniDataTransformItem>
    <outputType>SObject</outputType>
    <processSuperBulk>false</processSuperBulk>
    <responseCacheTtlMinutes>0.0</responseCacheTtlMinutes>
    <rollbackOnError>false</rollbackOnError>
    <sourceObject>json</sourceObject>
    <sourceObjectDefault>false</sourceObjectDefault>
    <synchronousProcessThreshold>-1.0</synchronousProcessThreshold>
    <type>Load</type>
    <uniqueName>VPLUpdateAccountAfterIntegration_1</uniqueName>
    <versionNumber>1.0</versionNumber>
    <xmlDeclarationRemoved>false</xmlDeclarationRemoved>
</OmniDataTransform>
