<?xml version="1.0" encoding="UTF-8"?>
<OmniDataTransform xmlns="http://soap.sforce.com/2006/04/metadata">
    <active>false</active>
    <assignmentRulesUsed>false</assignmentRulesUsed>
    <deletedOnSuccess>false</deletedOnSuccess>
    <description>To update related objects in Move Out</description>
    <errorIgnored>true</errorIgnored>
    <expectedInputJson>Billing{
    &quot;AccountDetails&quot;: &quot;&lt;p&gt;&lt;strong&gt;&lt;img src=\&quot;../servlet/servlet.ImageServer?docName=015f2000001sxa4AAA&amp;amp;&amp;amp;id=015f2000001sxa4AAA&amp;amp;&amp;amp;oid=00Df2000000NVjKEAW\&quot; alt=\&quot;\&quot; width=\&quot;25\&quot; height=\&quot;25\&quot; /&gt;&amp;nbsp;Account Number:&lt;/strong&gt;&amp;nbsp; &lt;/p&gt;\n&lt;p&gt;&lt;strong&gt;&lt;img src=\&quot;../servlet/servlet.ImageServer?id=015f2000001sxkiAAA&amp;amp;&amp;amp;id=015f2000001sxkiAAA&amp;amp;&amp;amp;oid=00Df2000000NVjKEAW\&quot; alt=\&quot;\&quot; width=\&quot;27\&quot; height=\&quot;25\&quot; /&gt;&amp;nbsp;Customer:&amp;nbsp; &amp;nbsp; &amp;nbsp; &amp;nbsp; &amp;nbsp; &amp;nbsp; &amp;nbsp;&amp;nbsp;&lt;/strong&gt;Jennie Kim&lt;/p&gt;\n&lt;p&gt;&lt;strong&gt;&amp;nbsp; &amp;nbsp; &amp;nbsp; &amp;nbsp; &amp;nbsp; &amp;nbsp; &amp;nbsp; &amp;nbsp; &amp;nbsp; &amp;nbsp; &amp;nbsp; &amp;nbsp; &amp;nbsp; &amp;nbsp; &amp;nbsp; &amp;nbsp; &amp;nbsp; &amp;nbsp; &amp;nbsp; &amp;nbsp; &amp;nbsp;&lt;/strong&gt;9103149395&lt;/p&gt;\n&lt;p&gt;&amp;nbsp; &amp;nbsp; &amp;nbsp; &amp;nbsp; &amp;nbsp; &amp;nbsp; &amp;nbsp; &amp;nbsp; &amp;nbsp; &amp;nbsp; &amp;nbsp; &amp;nbsp; &amp;nbsp; &amp;nbsp; &amp;nbsp; &amp;nbsp;&lt;strong&gt;&amp;nbsp;&amp;nbsp; &amp;nbsp; &amp;nbsp; &amp;nbsp; &amp;nbsp; &amp;nbsp;&lt;/strong&gt;test@gmail.com&lt;/p&gt;\n&lt;p&gt;&lt;strong&gt;&lt;img src=\&quot;../servlet/servlet.ImageServer?id=015f2000001sxkiAAA&amp;amp;&amp;amp;id=015f2000001sxkiAAA&amp;amp;&amp;amp;oid=00Df2000000NVjKEAW\&quot; alt=\&quot;\&quot; width=\&quot;27\&quot; height=\&quot;25\&quot; /&gt;&amp;nbsp;Customer ID:&amp;nbsp; &amp;nbsp; &amp;nbsp; &amp;nbsp; &amp;nbsp;&lt;/strong&gt;003f200002lnSZpAAM&lt;/p&gt;\n&lt;p&gt;&lt;strong&gt;&lt;img src=\&quot;../servlet/servlet.ImageServer?id=015f2000001sxknAAA&amp;amp;&amp;amp;id=015f2000001sxknAAA&amp;amp;&amp;amp;oid=00Df2000000NVjKEAW\&quot; alt=\&quot;\&quot; width=\&quot;25\&quot; height=\&quot;25\&quot; /&gt;&amp;nbsp;Premise Address:&amp;nbsp; &amp;nbsp; &lt;/strong&gt;2 Harper Ave Detroit MI 48202&lt;/p&gt;&quot;,
    &quot;AccountId&quot;: &quot;001f200001tuklQAAQ&quot;,
    &quot;AccountName&quot;: &quot;0 Jennie Kim&quot;,
    &quot;Asset1&quot;: &quot;02if200000Ws0KIAAZ&quot;,
    &quot;Asset2&quot;: &quot;&quot;,
    &quot;Asset3&quot;: &quot;&quot;,
    &quot;BillDeliveryMethod&quot;: &quot;Electronic Statements Online&quot;,
    &quot;BillFrequency&quot;: &quot;Weekly&quot;,
    &quot;ContactFirstName&quot;: &quot;Jennie&quot;,
    &quot;ContactId&quot;: &quot;003f200002lnSZpAAM&quot;,
    &quot;ContactLastName&quot;: &quot;Kim&quot;,
    &quot;ContactName&quot;: &quot;Jennie Kim&quot;,
    &quot;ContextId&quot;: &quot;001f200001tuklQAAQ&quot;,
    &quot;Contract1&quot;: &quot;&quot;,
    &quot;Contract2&quot;: &quot;&quot;,
    &quot;Contract3&quot;: &quot;&quot;,
    &quot;Electricity&quot;: false,
    &quot;Email&quot;: &quot;test@gmail.com&quot;,
    &quot;ExtMoveOutDate&quot;: &quot;2019-4-16&quot;,
    &quot;Gas&quot;: true,
    &quot;IntergationMtd&quot;: {
        &quot;IntergationType&quot;: &quot;XML&quot;,
        &quot;Name&quot;: &quot;Move_Out&quot;
    },
    &quot;LastMeterReads&quot;: {
        &quot;ElecMeterReading&quot;: null,
        &quot;ElectricityReading&quot;: null,
        &quot;GasMeterReading&quot;: null,
        &quot;GasReading&quot;: &quot;1234&quot;,
        &quot;LastMeterReadsOption&quot;: &quot;Yes&quot;,
        &quot;WaterMeterReading&quot;: null,
        &quot;WaterReading&quot;: null
    },
    &quot;MoveOutDateToday&quot;: true,
    &quot;MoveOutInformation&quot;: {
        &quot;MoveOutDate&quot;: &quot;2019-04-15T16:00:00.000Z&quot;,
        &quot;MoveOutDateMessaging&quot;: true,
        &quot;MoveOutDateValidation&quot;: false,
        &quot;MoveOutReason&quot;: &quot;Signed with Competitor&quot;
    },
    &quot;OmniscriptType&quot;: &quot;Move_Out&quot;,
    &quot;Phone&quot;: &quot;9103149395&quot;,
    &quot;PreConfirmMoveOut&quot;: {
        &quot;Confirm&quot;: &quot;Yes&quot;
    },
    &quot;PremiseAddress&quot;: &quot;2 Harper Ave Detroit MI 48202&quot;,
    &quot;PremiseCity&quot;: &quot;Detroit&quot;,
    &quot;PremiseCountry&quot;: &quot;US&quot;,
    &quot;PremiseId&quot;: &quot;a0lf2000007hKlzAAE&quot;,
    &quot;PremisePostalCode&quot;: &quot;48202&quot;,
    &quot;PremiseState&quot;: &quot;MI&quot;,
    &quot;PremiseStreet&quot;: &quot;2 Harper Ave&quot;,
    &quot;PrimaryContactPreferences&quot;: &quot;Phone&quot;,
    &quot;SelectAsset&quot;: [
        {
            &quot;AccountId&quot;: &quot;001f200001tuklQAAQ&quot;,
            &quot;AssetId&quot;: &quot;02if200000Ws0KNAAZ&quot;,
            &quot;AssetName&quot;: &quot;2 Harper Ave, Detroit - Electricity&quot;,
            &quot;BillingAccountId&quot;: &quot;001f200001tuklQAAQ&quot;,
            &quot;PremiseAddress&quot;: &quot;2 Harper Ave, Detroit, MI, 48202&quot;,
            &quot;PremiseId&quot;: &quot;a0lf2000007hKlzAAE&quot;,
            &quot;ProductFamily&quot;: &quot;Electricity&quot;,
            &quot;ProductId&quot;: &quot;01tf20000081ZapAAE&quot;,
            &quot;ProductName&quot;: &quot;Test Electricity Product&quot;,
            &quot;ServiceAccountId&quot;: &quot;001f200001tuklQAAQ&quot;,
            &quot;ServicePointId&quot;: &quot;a26f200000Kh1fAAAR&quot;,
            &quot;ServicePointName&quot;: &quot;2 Harper Ave, Detroit - Electricity&quot;,
            &quot;ServiceType&quot;: &quot;Electricity&quot;
        },
        {
            &quot;AccountId&quot;: &quot;001f200001tuklQAAQ&quot;,
            &quot;AssetId&quot;: &quot;02if200000Ws0KIAAZ&quot;,
            &quot;AssetName&quot;: &quot;2 Harper Ave, Detroit - Gas&quot;,
            &quot;BillingAccountId&quot;: &quot;001f200001tuklQAAQ&quot;,
            &quot;PremiseAddress&quot;: &quot;2 Harper Ave, Detroit, MI, 48202&quot;,
            &quot;PremiseId&quot;: &quot;a0lf2000007hKlzAAE&quot;,
            &quot;ProductFamily&quot;: &quot;Gas&quot;,
            &quot;ProductId&quot;: &quot;01tf2000007tC3dAAE&quot;,
            &quot;ProductName&quot;: &quot;Gas Standard Tariff&quot;,
            &quot;ServiceAccountId&quot;: &quot;001f200001tuklQAAQ&quot;,
            &quot;ServicePointId&quot;: &quot;a26f200000Kh1fPAAR&quot;,
            &quot;ServicePointName&quot;: &quot;2 Harper Ave, Detroit - Gas&quot;,
            &quot;ServiceType&quot;: &quot;Gas&quot;
        }
    ],
    &quot;SelectContractLineItem&quot;: {
        &quot;ContractLineFormula&quot;: 1,
        &quot;SelectContractItem&quot;: [
            {
                &quot;$$hashKey&quot;: &quot;object:137&quot;,
                &quot;AccountId&quot;: &quot;001f200001tuklQAAQ&quot;,
                &quot;AssetId&quot;: &quot;02if200000Ws0KIAAZ&quot;,
                &quot;AssetName&quot;: &quot;2 Harper Ave, Detroit - Gas&quot;,
                &quot;BillingAccountId&quot;: &quot;001f200001tuklQAAQ&quot;,
                &quot;PremiseAddress&quot;: &quot;2 Harper Ave, Detroit, MI, 48202&quot;,
                &quot;PremiseId&quot;: &quot;a0lf2000007hKlzAAE&quot;,
                &quot;ProductFamily&quot;: &quot;Gas&quot;,
                &quot;ProductId&quot;: &quot;01tf2000007tC3dAAE&quot;,
                &quot;ProductName&quot;: &quot;Gas Standard Tariff&quot;,
                &quot;ServiceAccountId&quot;: &quot;001f200001tuklQAAQ&quot;,
                &quot;ServicePointId&quot;: &quot;a26f200000Kh1fPAAR&quot;,
                &quot;ServicePointName&quot;: &quot;2 Harper Ave, Detroit - Gas&quot;,
                &quot;ServiceType&quot;: &quot;Gas&quot;,
                &quot;vlcSelected&quot;: true
            }
        ],
        &quot;SelectContractItemMessaging&quot;: true
    },
    &quot;SelectMeter&quot;: {
        &quot;Id&quot;: &quot;a25f2000004DpzdAAC&quot;,
        &quot;MeterName&quot;: &quot;Electricity Meter - ISUMDG195220E&quot;,
        &quot;ProductName&quot;: &quot;Test Electricity Product&quot;,
        &quot;SerialNumber&quot;: &quot;ISUMDG195220E&quot;
    },
    &quot;SelectMeter2&quot;: {
        &quot;Id&quot;: &quot;a25f2000004Dq0GAAS&quot;,
        &quot;MeterName&quot;: &quot;Gas Meter - ISUMDG195221G&quot;,
        &quot;ProductName&quot;: &quot;Gas Standard Tariff&quot;,
        &quot;SerialNumber&quot;: &quot;ISUMDG195221G&quot;
    },
    &quot;Water&quot;: false,
    &quot;id&quot;: &quot;a0Zf200000PT9qREAT&quot;,
    &quot;layout&quot;: &quot;lightning&quot;,
    &quot;testContextId&quot;: &quot;001f200001tuklQAAQ&quot;,
    &quot;timeStamp&quot;: &quot;2019-04-16T08:21:44.007Z&quot;,
    &quot;userCurrencyCode&quot;: &quot;CAD&quot;,
    &quot;userId&quot;: &quot;005f2000008YuNbAAK&quot;,
    &quot;userName&quot;: &quot;irene.lia.d.arabes@accenture.com.venergy&quot;,
    &quot;userProfile&quot;: &quot;System Administrator&quot;,
    &quot;userTimeZone&quot;: -240,
    &quot;vlcPersistentComponent&quot;: {},
    &quot;vlcTimeTracking&quot;: {
        &quot;ExtractIntegrationSettings&quot;: 358,
        &quot;ExtractInventoryItems&quot;: 661,
        &quot;GetAccountContracts&quot;: 812,
        &quot;LastMeterReads&quot;: 4973,
        &quot;MoveOutInformation&quot;: 5413,
        &quot;OmniScriptSessionToken&quot;: &quot;5dee4caf-d02a-4d3f-9819-8da294533613&quot;,
        &quot;PreConfirmMoveOut&quot;: 1636,
        &quot;SelectContractLineItem&quot;: 2785,
        &quot;SetAssetProductVal&quot;: 60,
        &quot;SetContractItemValue&quot;: 35,
        &quot;SetMeterReadingValues&quot;: 17,
        &quot;UpdateMoveoutRecords&quot;: 914
    }
}</expectedInputJson>
    <fieldLevelSecurityEnabled>false</fieldLevelSecurityEnabled>
    <inputType>JSON</inputType>
    <name>VPLUpdateMoveOutDetails</name>
    <nullInputsIncludedInOutput>false</nullInputsIncludedInOutput>
    <omniDataTransformItem>
        <disabled>false</disabled>
        <filterGroup>0.0</filterGroup>
        <globalKey>VPL-UpdateMoveOutDetailsCustoma1V3h000000mII7EAMItem14</globalKey>
        <inputFieldName>BillingState</inputFieldName>
        <inputObjectQuerySequence>0.0</inputObjectQuerySequence>
        <linkedObjectSequence>0.0</linkedObjectSequence>
        <name>VPL-UpdateMoveOutDetails</name>
        <outputCreationSequence>1.0</outputCreationSequence>
        <outputFieldName>BillingState</outputFieldName>
        <outputObjectName>Account</outputObjectName>
        <requiredForUpsert>false</requiredForUpsert>
        <upsertKey>false</upsertKey>
    </omniDataTransformItem>
    <omniDataTransformItem>
        <disabled>false</disabled>
        <filterGroup>0.0</filterGroup>
        <globalKey>VPL-UpdateMoveOutDetailsCustoma1V3h000000mII7EAMItem15</globalKey>
        <inputFieldName>BillingStreet</inputFieldName>
        <inputObjectQuerySequence>0.0</inputObjectQuerySequence>
        <linkedObjectSequence>0.0</linkedObjectSequence>
        <name>VPL-UpdateMoveOutDetails</name>
        <outputCreationSequence>1.0</outputCreationSequence>
        <outputFieldName>BillingStreet</outputFieldName>
        <outputObjectName>Account</outputObjectName>
        <requiredForUpsert>false</requiredForUpsert>
        <upsertKey>false</upsertKey>
    </omniDataTransformItem>
    <omniDataTransformItem>
        <disabled>false</disabled>
        <filterGroup>0.0</filterGroup>
        <globalKey>VPL-UpdateMoveOutDetailsCustoma1V3h000000mII7EAMItem12</globalKey>
        <inputFieldName>BillingCountry</inputFieldName>
        <inputObjectQuerySequence>0.0</inputObjectQuerySequence>
        <linkedObjectSequence>0.0</linkedObjectSequence>
        <name>VPL-UpdateMoveOutDetails</name>
        <outputCreationSequence>1.0</outputCreationSequence>
        <outputFieldName>BillingCountry</outputFieldName>
        <outputObjectName>Account</outputObjectName>
        <requiredForUpsert>false</requiredForUpsert>
        <upsertKey>false</upsertKey>
    </omniDataTransformItem>
    <omniDataTransformItem>
        <disabled>false</disabled>
        <filterGroup>0.0</filterGroup>
        <globalKey>VPL-UpdateMoveOutDetailsCustoma1V3h000000mII7EAMItem13</globalKey>
        <inputFieldName>BillingPostalCode</inputFieldName>
        <inputObjectQuerySequence>0.0</inputObjectQuerySequence>
        <linkedObjectSequence>0.0</linkedObjectSequence>
        <name>VPL-UpdateMoveOutDetails</name>
        <outputCreationSequence>1.0</outputCreationSequence>
        <outputFieldName>BillingPostalCode</outputFieldName>
        <outputObjectName>Account</outputObjectName>
        <requiredForUpsert>false</requiredForUpsert>
        <upsertKey>false</upsertKey>
    </omniDataTransformItem>
    <omniDataTransformItem>
        <disabled>false</disabled>
        <filterGroup>0.0</filterGroup>
        <formulaConverted>| var:CheckAsset &apos;true&apos; == var:CheckAsset var:null == OR &apos;Active&apos; &apos;Inactive&apos; IF</formulaConverted>
        <formulaExpression>IF(OR(%CheckAsset% == &apos;true&apos;, %CheckAsset% == null), &apos;Active&apos;, &apos;Inactive&apos;)</formulaExpression>
        <formulaResultPath>AccountStat</formulaResultPath>
        <formulaSequence>1.0</formulaSequence>
        <globalKey>VPL-UpdateMoveOutDetailsCustoma1V3h000000mII7EAMItem7</globalKey>
        <inputObjectQuerySequence>0.0</inputObjectQuerySequence>
        <linkedObjectSequence>0.0</linkedObjectSequence>
        <name>VPL-UpdateMoveOutDetails</name>
        <outputCreationSequence>0.0</outputCreationSequence>
        <outputFieldName>Formula</outputFieldName>
        <outputObjectName>Formula</outputObjectName>
        <requiredForUpsert>false</requiredForUpsert>
        <upsertKey>false</upsertKey>
    </omniDataTransformItem>
    <omniDataTransformItem>
        <disabled>false</disabled>
        <filterGroup>0.0</filterGroup>
        <globalKey>VPL-UpdateMoveOutDetailsCustoma1V3h000000mII7EAMItem11</globalKey>
        <inputFieldName>BillingCity</inputFieldName>
        <inputObjectQuerySequence>0.0</inputObjectQuerySequence>
        <linkedObjectSequence>0.0</linkedObjectSequence>
        <name>VPL-UpdateMoveOutDetails</name>
        <outputCreationSequence>1.0</outputCreationSequence>
        <outputFieldName>BillingCity</outputFieldName>
        <outputObjectName>Account</outputObjectName>
        <requiredForUpsert>false</requiredForUpsert>
        <upsertKey>false</upsertKey>
    </omniDataTransformItem>
    <omniDataTransformItem>
        <defaultValue>Vacant</defaultValue>
        <disabled>false</disabled>
        <filterGroup>0.0</filterGroup>
        <globalKey>VPL-UpdateMoveOutDetailsCustoma1V3h000000mII7EAMItem31</globalKey>
        <inputObjectQuerySequence>0.0</inputObjectQuerySequence>
        <linkedObjectSequence>0.0</linkedObjectSequence>
        <name>VPL-UpdateMoveOutDetails</name>
        <outputCreationSequence>3.0</outputCreationSequence>
        <outputFieldName>vlocity_cmt__Status__c</outputFieldName>
        <outputObjectName>vlocity_cmt__ServicePoint__c</outputObjectName>
        <requiredForUpsert>true</requiredForUpsert>
        <upsertKey>false</upsertKey>
    </omniDataTransformItem>
    <omniDataTransformItem>
        <disabled>false</disabled>
        <filterGroup>0.0</filterGroup>
        <globalKey>VPL-UpdateMoveOutDetailsCustoma1V3h000000mII7EAMItem33</globalKey>
        <inputFieldName>ServicePointId</inputFieldName>
        <inputObjectQuerySequence>0.0</inputObjectQuerySequence>
        <linkedObjectSequence>0.0</linkedObjectSequence>
        <name>VPL-UpdateMoveOutDetails</name>
        <outputCreationSequence>3.0</outputCreationSequence>
        <outputFieldName>Id</outputFieldName>
        <outputObjectName>vlocity_cmt__ServicePoint__c</outputObjectName>
        <requiredForUpsert>true</requiredForUpsert>
        <upsertKey>true</upsertKey>
    </omniDataTransformItem>
    <omniDataTransformItem>
        <disabled>true</disabled>
        <filterGroup>0.0</filterGroup>
        <filterOperator>=</filterOperator>
        <globalKey>VPL-UpdateMoveOutDetailsCustoma1V3h000000mII7EAMItem22</globalKey>
        <inputObjectQuerySequence>0.0</inputObjectQuerySequence>
        <linkedObjectSequence>0.0</linkedObjectSequence>
        <migrationValue>FAKEMAPPING</migrationValue>
        <name>VPL-UpdateMoveOutDetails</name>
        <outputCreationSequence>2.0</outputCreationSequence>
        <outputFieldName>Id</outputFieldName>
        <outputObjectName>Asset</outputObjectName>
        <requiredForUpsert>false</requiredForUpsert>
        <upsertKey>false</upsertKey>
    </omniDataTransformItem>
    <omniDataTransformItem>
        <defaultValue>Terminated</defaultValue>
        <disabled>false</disabled>
        <filterGroup>0.0</filterGroup>
        <globalKey>VPL-UpdateMoveOutDetailsCustom6539</globalKey>
        <inputObjectQuerySequence>0.0</inputObjectQuerySequence>
        <linkedObjectSequence>0.0</linkedObjectSequence>
        <name>VPL-UpdateMoveOutDetails</name>
        <outputCreationSequence>2.0</outputCreationSequence>
        <outputFieldName>Status</outputFieldName>
        <outputObjectName>Asset</outputObjectName>
        <requiredForUpsert>false</requiredForUpsert>
        <upsertKey>false</upsertKey>
    </omniDataTransformItem>
    <omniDataTransformItem>
        <disabled>false</disabled>
        <filterGroup>0.0</filterGroup>
        <globalKey>VPL-UpdateMoveOutDetailsCustoma1V3h000000mII7EAMItem24</globalKey>
        <inputFieldName>MoveOutDate</inputFieldName>
        <inputObjectQuerySequence>0.0</inputObjectQuerySequence>
        <linkedObjectSequence>0.0</linkedObjectSequence>
        <name>VPL-UpdateMoveOutDetails</name>
        <outputCreationSequence>2.0</outputCreationSequence>
        <outputFieldName>vlocity_cmt__DisconnectDate__c</outputFieldName>
        <outputObjectName>Asset</outputObjectName>
        <requiredForUpsert>true</requiredForUpsert>
        <upsertKey>false</upsertKey>
    </omniDataTransformItem>
    <omniDataTransformItem>
        <disabled>false</disabled>
        <filterGroup>0.0</filterGroup>
        <globalKey>VPL-UpdateMoveOutDetailsCustoma1V3h000000mII7EAMItem23</globalKey>
        <inputFieldName>AssetId</inputFieldName>
        <inputObjectQuerySequence>0.0</inputObjectQuerySequence>
        <linkedObjectSequence>0.0</linkedObjectSequence>
        <name>VPL-UpdateMoveOutDetails</name>
        <outputCreationSequence>2.0</outputCreationSequence>
        <outputFieldName>Id</outputFieldName>
        <outputObjectName>Asset</outputObjectName>
        <requiredForUpsert>true</requiredForUpsert>
        <upsertKey>true</upsertKey>
    </omniDataTransformItem>
    <omniDataTransformItem>
        <disabled>false</disabled>
        <filterGroup>0.0</filterGroup>
        <globalKey>VPL-UpdateMoveOutDetailsCustoma1V3h000000mII7EAMItem10</globalKey>
        <inputFieldName>BillingAccountId</inputFieldName>
        <inputObjectQuerySequence>0.0</inputObjectQuerySequence>
        <linkedObjectSequence>0.0</linkedObjectSequence>
        <name>VPL-UpdateMoveOutDetails</name>
        <outputCreationSequence>1.0</outputCreationSequence>
        <outputFieldName>Id</outputFieldName>
        <outputObjectName>Account</outputObjectName>
        <requiredForUpsert>true</requiredForUpsert>
        <upsertKey>true</upsertKey>
    </omniDataTransformItem>
    <omniDataTransformItem>
        <disabled>true</disabled>
        <filterGroup>0.0</filterGroup>
        <filterOperator>=</filterOperator>
        <globalKey>VPL-UpdateMoveOutDetailsCustoma1V3h000000mII7EAMItem8</globalKey>
        <inputObjectQuerySequence>0.0</inputObjectQuerySequence>
        <linkedObjectSequence>0.0</linkedObjectSequence>
        <migrationValue>FAKEMAPPING</migrationValue>
        <name>VPL-UpdateMoveOutDetails</name>
        <outputCreationSequence>1.0</outputCreationSequence>
        <outputFieldName>Id</outputFieldName>
        <outputObjectName>Account</outputObjectName>
        <requiredForUpsert>false</requiredForUpsert>
        <upsertKey>false</upsertKey>
    </omniDataTransformItem>
    <omniDataTransformItem>
        <disabled>true</disabled>
        <filterGroup>0.0</filterGroup>
        <filterOperator>=</filterOperator>
        <globalKey>VPL-UpdateMoveOutDetailsCustoma1V3h000000mII7EAMItem32</globalKey>
        <inputObjectQuerySequence>0.0</inputObjectQuerySequence>
        <linkedObjectSequence>0.0</linkedObjectSequence>
        <migrationValue>FAKEMAPPING</migrationValue>
        <name>VPL-UpdateMoveOutDetails</name>
        <outputCreationSequence>3.0</outputCreationSequence>
        <outputFieldName>Id</outputFieldName>
        <outputObjectName>vlocity_cmt__ServicePoint__c</outputObjectName>
        <requiredForUpsert>false</requiredForUpsert>
        <upsertKey>false</upsertKey>
    </omniDataTransformItem>
    <outputType>SObject</outputType>
    <previewJsonData>{
  &quot;BillingAccountId&quot; : &quot;0013h00000CSWY4AAP&quot;,
  &quot;FinalBillAddress&quot; : {
    &quot;City&quot; : &quot;Boston&quot;,
    &quot;Country&quot; : &quot;United States&quot;,
    &quot;FinalBillValidationMsg&quot; : true,
    &quot;PostalCode&quot; : &quot;18910&quot;,
    &quot;State&quot; : &quot;Pennsylvania&quot;,
    &quot;Street&quot; : &quot;100 Main St&quot;,
    &quot;Unit&quot; : &quot;100&quot;
  }
}</previewJsonData>
    <processSuperBulk>false</processSuperBulk>
    <responseCacheTtlMinutes>0.0</responseCacheTtlMinutes>
    <rollbackOnError>false</rollbackOnError>
    <sourceObject>json</sourceObject>
    <sourceObjectDefault>false</sourceObjectDefault>
    <synchronousProcessThreshold>-1.0</synchronousProcessThreshold>
    <type>Load</type>
    <uniqueName>VPLUpdateMoveOutDetails_1</uniqueName>
    <versionNumber>1.0</versionNumber>
    <xmlDeclarationRemoved>false</xmlDeclarationRemoved>
</OmniDataTransform>
