<?xml version="1.0" encoding="UTF-8"?>
<OmniDataTransform xmlns="http://soap.sforce.com/2006/04/metadata">
    <active>false</active>
    <assignmentRulesUsed>false</assignmentRulesUsed>
    <deletedOnSuccess>false</deletedOnSuccess>
    <errorIgnored>false</errorIgnored>
    <expectedInputJson>{
  &quot;ContextId&quot; : null,
  &quot;IntegrationType&quot; : &quot;JSON&quot;,
  &quot;OmniscriptType&quot; : &quot;UpdateAccount&quot;,
  &quot;UpdateAccount&quot; : {
    &quot;BillingDetails&quot; : {
      &quot;AccountName&quot; : null,
      &quot;BillAccountId&quot; : null,
      &quot;BillCopies&quot; : null,
      &quot;BillDeliveryMethod&quot; : null,
      &quot;BillFormat&quot; : null,
      &quot;BillFrequency&quot; : null,
      &quot;BillingAddressCity&quot; : null,
      &quot;BillingAddressCountry&quot; : null,
      &quot;BillingAddressPostalCode&quot; : null,
      &quot;BillingAddressState&quot; : null,
      &quot;BillingAddressStreet&quot; : null,
      &quot;BillingCycle&quot; : null,
      &quot;BillingEmailAddress&quot; : null
    },
    &quot;BusinessPremisesDetails&quot; : {
      &quot;BusinessPremisesName&quot; : null,
      &quot;NewBusinessPremises&quot; : null,
      &quot;NewBusinessPremisesText&quot; : null,
      &quot;PremisesBusinesId&quot; : null
    },
    &quot;ConsumerPremisesDetails&quot; : {
      &quot;ConsumerPremisesName&quot; : null,
      &quot;NewConsumerPremises&quot; : null,
      &quot;NewConsumerPremisesText&quot; : null,
      &quot;PremisesConsumerId&quot; : null
    },
    &quot;GeneralDetails&quot; : {
      &quot;AccNumber&quot; : null,
      &quot;CustomerClass&quot; : null,
      &quot;Description&quot; : null,
      &quot;GeneralAccountId&quot; : null,
      &quot;Industry&quot; : null,
      &quot;IsPrimaryContactChanged&quot; : null,
      &quot;NewParentAccountLookup&quot; : null,
      &quot;NewParentAccountText&quot; : null,
      &quot;OwnerName&quot; : null,
      &quot;ParentAccountName&quot; : null,
      &quot;Phone&quot; : null,
      &quot;PrimaryContact-Block&quot; : {
        &quot;ContactId&quot; : null,
        &quot;ContactName&quot; : null,
        &quot;PrimaryContact&quot; : null
      },
      &quot;Website&quot; : null
    },
    &quot;TaxDetails&quot; : {
      &quot;TaxAccountId&quot; : null,
      &quot;TaxExcemptionEndDate&quot; : null,
      &quot;TaxExcemptionPercentage&quot; : null,
      &quot;TaxExcemptionStartDate&quot; : null,
      &quot;TaxExcemptionType&quot; : null,
      &quot;TaxId&quot; : null
    }
  },
  &quot;timeStamp&quot; : null,
  &quot;userId&quot; : null,
  &quot;userName&quot; : null,
  &quot;userProfile&quot; : null,
  &quot;userTimeZone&quot; : null,
  &quot;vlcPersistentComponent&quot; : { },
  &quot;vlcTimeTracking&quot; : {
    &quot;DRExtractAccountDetails&quot; : null,
    &quot;DRExtractBussinessAccountRecId&quot; : null,
    &quot;DRExtractServiceAccountPremises&quot; : null,
    &quot;DRGetAccContactRelDetailsForNewPrimCon&quot; : null,
    &quot;DRGetConsumerBillingDetails&quot; : null,
    &quot;DRTransformPrimaryContactAccConRelationDetails&quot; : null,
    &quot;DRTransfromDetails&quot; : null,
    &quot;DRUpdateAccountPrimaryContact&quot; : null,
    &quot;Finish&quot; : null,
    &quot;IPFetchAccountId&quot; : null,
    &quot;IPGetBillingAccountDetails&quot; : null,
    &quot;SVSetDefaultValues&quot; : null,
    &quot;SetConsumerAccountDefaultValues&quot; : null,
    &quot;UpdateAccount&quot; : null
  }
}</expectedInputJson>
    <fieldLevelSecurityEnabled>false</fieldLevelSecurityEnabled>
    <inputType>JSON</inputType>
    <name>VPLUpdateAccountPrimaryContact</name>
    <nullInputsIncludedInOutput>false</nullInputsIncludedInOutput>
    <omniDataTransformItem>
        <disabled>false</disabled>
        <filterGroup>0.0</filterGroup>
        <globalKey>VPL-UpdateAccountPrimaryContactCustom4345</globalKey>
        <inputFieldName>AccountId</inputFieldName>
        <inputObjectQuerySequence>0.0</inputObjectQuerySequence>
        <linkedObjectSequence>0.0</linkedObjectSequence>
        <name>VPL-UpdateAccountPrimaryContact</name>
        <outputCreationSequence>1.0</outputCreationSequence>
        <outputFieldName>Id</outputFieldName>
        <outputObjectName>Account</outputObjectName>
        <requiredForUpsert>false</requiredForUpsert>
        <upsertKey>false</upsertKey>
    </omniDataTransformItem>
    <omniDataTransformItem>
        <disabled>true</disabled>
        <filterGroup>0.0</filterGroup>
        <filterOperator>=</filterOperator>
        <globalKey>VPL-UpdateAccountPrimaryContactCustom9774</globalKey>
        <inputObjectQuerySequence>0.0</inputObjectQuerySequence>
        <linkedObjectSequence>0.0</linkedObjectSequence>
        <migrationValue>FAKEMAPPING</migrationValue>
        <name>VPL-UpdateAccountPrimaryContact</name>
        <outputCreationSequence>1.0</outputCreationSequence>
        <outputFieldName>Id</outputFieldName>
        <outputObjectName>Account</outputObjectName>
        <requiredForUpsert>false</requiredForUpsert>
        <upsertKey>false</upsertKey>
    </omniDataTransformItem>
    <omniDataTransformItem>
        <disabled>false</disabled>
        <filterGroup>0.0</filterGroup>
        <globalKey>VPL-UpdateAccountPrimaryContactCustom1801</globalKey>
        <inputFieldName>Account:PrimaryContact</inputFieldName>
        <inputObjectQuerySequence>0.0</inputObjectQuerySequence>
        <linkedObjectSequence>0.0</linkedObjectSequence>
        <name>VPL-UpdateAccountPrimaryContact</name>
        <outputCreationSequence>1.0</outputCreationSequence>
        <outputFieldName>vlocity_cmt__PrimaryContactId__c</outputFieldName>
        <outputObjectName>Account</outputObjectName>
        <requiredForUpsert>false</requiredForUpsert>
        <upsertKey>false</upsertKey>
    </omniDataTransformItem>
    <outputType>JSON</outputType>
    <previewJsonData>{
  &quot;ContextId&quot; : null,
  &quot;IntegrationType&quot; : &quot;JSON&quot;,
  &quot;OmniscriptType&quot; : &quot;UpdateAccount&quot;,
  &quot;UpdateAccount&quot; : {
    &quot;BillingDetails&quot; : {
      &quot;AccountName&quot; : null,
      &quot;BillAccountId&quot; : null,
      &quot;BillCopies&quot; : null,
      &quot;BillDeliveryMethod&quot; : null,
      &quot;BillFormat&quot; : null,
      &quot;BillFrequency&quot; : null,
      &quot;BillingAddressCity&quot; : null,
      &quot;BillingAddressCountry&quot; : null,
      &quot;BillingAddressPostalCode&quot; : null,
      &quot;BillingAddressState&quot; : null,
      &quot;BillingAddressStreet&quot; : null,
      &quot;BillingCycle&quot; : null,
      &quot;BillingEmailAddress&quot; : null
    },
    &quot;BusinessPremisesDetails&quot; : {
      &quot;BusinessPremisesName&quot; : null,
      &quot;NewBusinessPremises&quot; : null,
      &quot;NewBusinessPremisesText&quot; : null,
      &quot;PremisesBusinesId&quot; : null
    },
    &quot;ConsumerPremisesDetails&quot; : {
      &quot;ConsumerPremisesName&quot; : null,
      &quot;NewConsumerPremises&quot; : null,
      &quot;NewConsumerPremisesText&quot; : null,
      &quot;PremisesConsumerId&quot; : null
    },
    &quot;GeneralDetails&quot; : {
      &quot;AccNumber&quot; : null,
      &quot;CustomerClass&quot; : null,
      &quot;Description&quot; : null,
      &quot;GeneralAccountId&quot; : null,
      &quot;Industry&quot; : null,
      &quot;IsPrimaryContactChanged&quot; : null,
      &quot;NewParentAccountLookup&quot; : null,
      &quot;NewParentAccountText&quot; : null,
      &quot;OwnerName&quot; : null,
      &quot;ParentAccountName&quot; : null,
      &quot;Phone&quot; : null,
      &quot;PrimaryContact-Block&quot; : {
        &quot;ContactId&quot; : null,
        &quot;ContactName&quot; : null,
        &quot;PrimaryContact&quot; : null
      },
      &quot;Website&quot; : null
    },
    &quot;TaxDetails&quot; : {
      &quot;TaxAccountId&quot; : null,
      &quot;TaxExcemptionEndDate&quot; : null,
      &quot;TaxExcemptionPercentage&quot; : null,
      &quot;TaxExcemptionStartDate&quot; : null,
      &quot;TaxExcemptionType&quot; : null,
      &quot;TaxId&quot; : null
    }
  },
  &quot;timeStamp&quot; : null,
  &quot;userId&quot; : null,
  &quot;userName&quot; : null,
  &quot;userProfile&quot; : null,
  &quot;userTimeZone&quot; : null,
  &quot;vlcPersistentComponent&quot; : { },
  &quot;vlcTimeTracking&quot; : {
    &quot;DRExtractAccountDetails&quot; : null,
    &quot;DRExtractBussinessAccountRecId&quot; : null,
    &quot;DRExtractServiceAccountPremises&quot; : null,
    &quot;DRGetAccContactRelDetailsForNewPrimCon&quot; : null,
    &quot;DRGetConsumerBillingDetails&quot; : null,
    &quot;DRTransformPrimaryContactAccConRelationDetails&quot; : null,
    &quot;DRTransfromDetails&quot; : null,
    &quot;DRUpdateAccountPrimaryContact&quot; : null,
    &quot;Finish&quot; : null,
    &quot;IPFetchAccountId&quot; : null,
    &quot;IPGetBillingAccountDetails&quot; : null,
    &quot;SVSetDefaultValues&quot; : null,
    &quot;SetConsumerAccountDefaultValues&quot; : null,
    &quot;UpdateAccount&quot; : null
  }
}</previewJsonData>
    <processSuperBulk>false</processSuperBulk>
    <responseCacheTtlMinutes>0.0</responseCacheTtlMinutes>
    <rollbackOnError>false</rollbackOnError>
    <sourceObject>json</sourceObject>
    <sourceObjectDefault>false</sourceObjectDefault>
    <synchronousProcessThreshold>-1.0</synchronousProcessThreshold>
    <type>Load</type>
    <uniqueName>VPLUpdateAccountPrimaryContact_1</uniqueName>
    <versionNumber>1.0</versionNumber>
    <xmlDeclarationRemoved>false</xmlDeclarationRemoved>
</OmniDataTransform>
